Signal	SNP	PIP_qtl	PIP_gwas_marginal	PIP_gwas_qtl_prior	SCP
ENSG00000235169:2(@)Loc3   chr1_3767126_A_C_b38   6.660e-01 2.021e-04    2.021e-04      1.346e-04
ENSG00000242349:2(@)Loc9   chr1_11844035_G_A_b38   8.219e-01 1.595e-04    1.595e-04      1.311e-04
ENSG00000158825:3(@)Loc14   chr1_20589208_A_C_b38   3.892e-01 6.838e-04    6.838e-04      2.661e-04
ENSG00000271420:2(@)Loc16   chr1_23406269_A_G_b38   3.391e-02 5.385e-03    5.386e-03      1.826e-04
ENSG00000204219:3(@)Loc16   chr1_23497305_G_C_b38   2.211e-02 6.088e-03    6.088e-03      1.346e-04
ENSG00000204219:1(@)Loc16   chr1_23424647_G_T_b38   7.139e-01 1.537e-04    1.538e-04      1.098e-04
ENSG00000117713:1(@)Loc18   chr1_26686642_G_A_b38   6.441e-03 2.829e-02    2.829e-02      1.822e-04
ENSG00000117713:1(@)Loc18   chr1_26712737_C_T_b38   6.362e-03 3.114e-01    3.114e-01      1.981e-03
ENSG00000260063:1(@)Loc18   chr1_26712737_C_T_b38   1.125e-02 3.114e-01    3.114e-01      3.504e-03
ENSG00000175707:2(@)Loc18   chr1_26958704_C_T_b38   8.064e-03 2.179e-01    2.179e-01      1.757e-03
ENSG00000060642:1(@)Loc18   chr1_26811902_C_T_b38   1.620e-02 4.286e-01    4.287e-01      6.944e-03
ENSG00000158161:1(@)Loc19   chr1_28013829_A_G_b38   8.930e-02 1.671e-03    1.671e-03      1.493e-04
ENSG00000158161:1(@)Loc19   chr1_28016266_A_G_b38   8.930e-02 1.671e-03    1.671e-03      1.493e-04
ENSG00000158161:1(@)Loc19   chr1_28018469_A_G_b38   8.930e-02 4.179e-03    4.179e-03      3.732e-04
ENSG00000158161:1(@)Loc19   chr1_28023817_C_T_b38   1.313e-01 1.671e-03    1.671e-03      2.195e-04
ENSG00000158161:1(@)Loc19   chr1_28060670_T_C_b38   5.451e-02 2.423e-03    2.423e-03      1.321e-04
ENSG00000158161:1(@)Loc19   chr1_28068240_G_A_b38   1.828e-01 6.995e-04    6.995e-04      1.279e-04
ENSG00000182109:2(@)Loc24   chr1_39562508_A_G_b38   9.670e-03 5.718e-01    5.718e-01      5.530e-03
ENSG00000182109:2(@)Loc24   chr1_39570014_C_T_b38   1.528e-02 2.012e-01    2.012e-01      3.075e-03
ENSG00000090621:1(@)Loc24   chr1_39562508_A_G_b38   3.022e-03 5.718e-01    5.718e-01      1.728e-03
ENSG00000090621:1(@)Loc24   chr1_39570014_C_T_b38   4.903e-03 2.012e-01    2.012e-01      9.867e-04
ENSG00000090621:1(@)Loc24   chr1_39599289_G_A_b38   4.829e-03 6.734e-02    6.734e-02      3.251e-04
ENSG00000228060:1(@)Loc24   chr1_39562508_A_G_b38   4.138e-02 5.718e-01    5.718e-01      2.366e-02
ENSG00000228060:1(@)Loc24   chr1_39570014_C_T_b38   2.237e-01 2.012e-01    2.012e-01      4.501e-02
ENSG00000228060:1(@)Loc24   chr1_39599289_G_A_b38   4.465e-03 6.734e-02    6.734e-02      3.007e-04
ENSG00000198520:1(@)Loc28   chr1_44672031_G_A_b38   9.995e-01 1.053e-04    1.053e-04      1.052e-04
ENSG00000159592:1(@)Loc28   chr1_45687531_G_A_b38   5.535e-01 2.478e-04    2.478e-04      1.372e-04
ENSG00000162607:1(@)Loc39   chr1_62437203_A_G_b38   8.796e-01 2.138e-04    2.138e-04      1.881e-04
ENSG00000116641:2(@)Loc39   chr1_62648048_T_C_b38   1.765e-02 6.980e-03    6.980e-03      1.232e-04
ENSG00000235545:2(@)Loc39   chr1_62690372_A_G_b38   2.362e-01 4.574e-03    4.574e-03      1.080e-03
ENSG00000235545:2(@)Loc39   chr1_62690427_T_C_b38   8.951e-02 2.369e-03    2.369e-03      2.121e-04
ENSG00000117174:1(@)Loc52   chr1_85707615_C_T_b38   9.745e-01 1.655e-04    1.655e-04      1.613e-04
ENSG00000117500:1(@)Loc57   chr1_93150645_T_C_b38   3.784e-02 7.892e-02    7.892e-02      2.986e-03
ENSG00000117500:1(@)Loc57   chr1_93154836_G_A_b38   1.535e-02 1.191e-02    1.191e-02      1.828e-04
ENSG00000117500:1(@)Loc57   chr1_93185990_T_C_b38   3.978e-03 1.284e-01    1.284e-01      5.110e-04
ENSG00000223745:3(@)Loc57   chr1_93350843_A_G_b38   1.395e-02 6.504e-01    6.504e-01      9.071e-03
ENSG00000122483:1(@)Loc57   chr1_93150645_T_C_b38   3.135e-03 7.892e-02    7.892e-02      2.474e-04
ENSG00000122483:1(@)Loc57   chr1_93185990_T_C_b38   4.917e-03 1.284e-01    1.284e-01      6.316e-04
ENSG00000122483:1(@)Loc57   chr1_93210454_C_T_b38   1.793e-02 9.999e-02    9.999e-02      1.793e-03
ENSG00000117505:1(@)Loc57   chr1_93350843_A_G_b38   1.080e-01 6.504e-01    6.504e-01      7.024e-02
ENSG00000134222:2(@)Loc67   chr1_109274968_G_T_b38   1.610e-02 5.427e-01    5.428e-01      8.740e-03
ENSG00000134222:2(@)Loc67   chr1_109275216_T_C_b38   4.405e-02 6.719e-02    6.719e-02      2.960e-03
ENSG00000134222:2(@)Loc67   chr1_109275684_G_T_b38   5.754e-02 1.787e-03    1.787e-03      1.028e-04
ENSG00000134222:2(@)Loc67   chr1_109275908_C_T_b38   5.754e-02 3.466e-01    3.466e-01      1.994e-02
ENSG00000184371:1(@)Loc68   chr1_109928142_G_A_b38   1.065e-01 6.553e-01    6.553e-01      6.976e-02
ENSG00000168710:1(@)Loc68   chr1_109957047_A_G_b38   1.228e-03 2.197e-01    2.197e-01      2.698e-04
ENSG00000198162:3(@)Loc72   chr1_117368060_G_A_b38   6.684e-02 3.659e-03    3.660e-03      2.446e-04
ENSG00000143412:2(@)Loc74   chr1_150968149_T_G_b38   2.824e-02 7.231e-02    7.231e-02      2.042e-03
ENSG00000143412:2(@)Loc74   chr1_150979001_T_C_b38   3.975e-02 2.688e-02    2.688e-02      1.069e-03
ENSG00000143434:2(@)Loc74   chr1_151146204_T_C_b38   6.833e-01 2.141e-04    2.141e-04      1.463e-04
ENSG00000197915:4(@)Loc75   chr1_152233471_T_C_b38   7.477e-01 1.366e-04    1.366e-04      1.021e-04
ENSG00000143575:1(@)Loc76   chr1_154270621_G_A_b38   1.065e-01 4.853e-03    4.853e-03      5.167e-04
ENSG00000143575:1(@)Loc76   chr1_154272666_T_G_b38   5.432e-01 1.539e-02    1.539e-02      8.361e-03
ENSG00000143575:1(@)Loc76   chr1_154279150_A_G_b38   3.739e-02 4.853e-03    4.853e-03      1.815e-04
ENSG00000143575:1(@)Loc76   chr1_154284712_A_T_b38   3.320e-02 4.853e-03    4.853e-03      1.611e-04
ENSG00000143575:1(@)Loc76   chr1_154286388_C_T_b38   8.162e-02 4.853e-03    4.853e-03      3.961e-04
ENSG00000143575:1(@)Loc76   chr1_154287174_G_A_b38   1.697e-01 5.103e-03    5.103e-03      8.661e-04
ENSG00000143575:1(@)Loc76   chr1_154287885_C_G_b38   2.623e-02 4.853e-03    4.853e-03      1.273e-04
ENSG00000143294:2(@)Loc78   chr1_156730859_T_G_b38   3.784e-04 9.208e-01    9.208e-01      3.485e-04
ENSG00000143319:1(@)Loc78   chr1_156730859_T_G_b38   1.690e-02 9.208e-01    9.208e-01      1.556e-02
ENSG00000273384:1(@)Loc88   chr1_178546177_G_A_b38   6.904e-03 9.482e-01    9.482e-01      6.547e-03
ENSG00000213057:3(@)Loc88   chr1_178546177_G_A_b38   2.876e-02 9.482e-01    9.482e-01      2.727e-02
ENSG00000116698:1(@)Loc92   chr1_183472962_C_T_b38   8.045e-01 1.269e-04    1.269e-04      1.021e-04
ENSG00000163431:2(@)Loc103   chr1_201938746_A_G_b38   6.848e-01 2.166e-04    2.166e-04      1.484e-04
ENSG00000069275:1(@)Loc105   chr1_205749730_A_T_b38   8.013e-01 4.086e-04    4.086e-04      3.274e-04
ENSG00000198468:1(@)Loc109   chr1_212857192_C_T_b38   8.508e-01 1.221e-04    1.221e-04      1.039e-04
ENSG00000230461:1(@)Loc109   chr1_213981376_G_T_b38   5.763e-01 1.745e-04    1.745e-04      1.005e-04
ENSG00000143353:1(@)Loc112   chr1_219151918_T_C_b38   9.392e-02 1.838e-03    1.838e-03      1.727e-04
ENSG00000143353:1(@)Loc112   chr1_219159955_C_T_b38   3.013e-02 5.617e-03    5.617e-03      1.692e-04
ENSG00000143353:1(@)Loc112   chr1_219172269_T_G_b38   2.560e-01 1.308e-03    1.308e-03      3.349e-04
ENSG00000143353:1(@)Loc112   chr1_219186208_A_G_b38   1.481e-01 1.530e-03    1.530e-03      2.266e-04
ENSG00000154370:1(@)Loc117   chr1_228412251_G_C_b38   6.948e-01 1.850e-04    1.850e-04      1.285e-04
ENSG00000238005:1(@)Loc122   chr1_234969181_A_C_b38   2.674e-01 4.760e-04    4.760e-04      1.273e-04
ENSG00000260855:1(@)Loc131   chr1_246790995_G_A_b38   9.998e-01 1.021e-04    1.021e-04      1.021e-04
ENSG00000035115:1(@)Loc133   chr2_264019_C_A_b38   7.169e-01 2.169e-04    2.169e-04      1.555e-04
ENSG00000234171:1(@)Loc134   chr2_3561166_T_C_b38   7.929e-01 1.268e-04    1.268e-04      1.006e-04
ENSG00000032389:3(@)Loc134   chr2_3587163_T_C_b38   2.202e-02 5.215e-03    5.216e-03      1.149e-04
ENSG00000118004:1(@)Loc134   chr2_3594771_T_C_b38   6.091e-01 3.422e-04    3.423e-04      2.085e-04
ENSG00000084676:2(@)Loc147   chr2_24489557_AAGG_A_b38   9.670e-02 1.258e-03    1.258e-03      1.216e-04
ENSG00000084676:2(@)Loc147   chr2_24489758_C_T_b38   5.515e-01 1.005e-03    1.005e-03      5.541e-04
ENSG00000084676:2(@)Loc147   chr2_24501035_G_A_b38   2.082e-01 1.005e-03    1.005e-03      2.092e-04
ENSG00000224165:2(@)Loc147   chr2_24978002_G_A_b38   3.902e-01 2.796e-04    2.797e-04      1.091e-04
ENSG00000224165:2(@)Loc147   chr2_24994539_AC_A_b38   4.482e-01 3.499e-04    3.499e-04      1.568e-04
ENSG00000272156:3(@)Loc167   chr2_53984487_T_G_b38   6.035e-01 3.269e-04    3.269e-04      1.973e-04
ENSG00000011523:1(@)Loc174   chr2_65056838_T_C_b38   5.623e-01 1.364e-03    1.364e-03      7.670e-04
ENSG00000011523:1(@)Loc174   chr2_65057022_C_CGTGGATGCAGCA_b38   4.373e-01 1.922e-03    1.923e-03      8.407e-04
ENSG00000152291:3(@)Loc186   chr2_85328139_T_G_b38   1.409e-02 7.777e-03    7.777e-03      1.095e-04
ENSG00000152291:3(@)Loc186   chr2_85328355_C_T_b38   5.524e-03 4.705e-02    4.705e-02      2.599e-04
ENSG00000278590:1(@)Loc186   chr2_85315563_G_C_b38   1.221e-02 4.184e-02    4.184e-02      5.110e-04
ENSG00000278590:1(@)Loc186   chr2_85315595_G_A_b38   9.108e-03 1.667e-02    1.667e-02      1.519e-04
ENSG00000278590:1(@)Loc186   chr2_85319492_C_T_b38   4.072e-02 1.317e-02    1.317e-02      5.364e-04
ENSG00000278590:1(@)Loc186   chr2_85319809_A_C_b38   4.072e-02 2.786e-02    2.786e-02      1.135e-03
ENSG00000278590:1(@)Loc186   chr2_85320253_C_G_b38   4.909e-03 2.671e-02    2.671e-02      1.311e-04
ENSG00000278590:1(@)Loc186   chr2_85320306_G_T_b38   4.909e-03 3.423e-02    3.423e-02      1.680e-04
ENSG00000278590:1(@)Loc186   chr2_85320840_C_T_b38   4.909e-03 3.327e-02    3.327e-02      1.633e-04
ENSG00000278590:1(@)Loc186   chr2_85320945_TA_T_b38   4.072e-02 1.627e-02    1.627e-02      6.624e-04
ENSG00000278590:1(@)Loc186   chr2_85322404_T_C_b38   7.459e-03 2.996e-02    2.996e-02      2.235e-04
ENSG00000278590:1(@)Loc186   chr2_85322424_C_T_b38   5.237e-03 3.633e-02    3.633e-02      1.903e-04
ENSG00000278590:1(@)Loc186   chr2_85324656_G_A_b38   4.598e-03 3.725e-02    3.725e-02      1.713e-04
ENSG00000278590:1(@)Loc186   chr2_85325063_C_A_b38   4.863e-03 2.969e-02    2.969e-02      1.444e-04
ENSG00000278590:1(@)Loc186   chr2_85325586_T_C_b38   1.532e-02 1.656e-02    1.656e-02      2.537e-04
ENSG00000278590:1(@)Loc186   chr2_85325697_C_T_b38   6.640e-03 3.080e-02    3.080e-02      2.045e-04
ENSG00000278590:1(@)Loc186   chr2_85326661_C_T_b38   1.520e-02 3.433e-02    3.433e-02      5.220e-04
ENSG00000278590:1(@)Loc186   chr2_85328355_C_T_b38   7.096e-03 4.705e-02    4.705e-02      3.339e-04
ENSG00000115459:1(@)Loc186   chr2_85313643_C_T_b38   2.933e-03 4.651e-02    4.651e-02      1.364e-04
ENSG00000115459:1(@)Loc186   chr2_85313657_T_G_b38   2.933e-03 4.385e-02    4.385e-02      1.286e-04
ENSG00000115459:1(@)Loc186   chr2_85313960_T_C_b38   3.007e-03 4.192e-02    4.192e-02      1.261e-04
ENSG00000115459:1(@)Loc186   chr2_85315563_G_C_b38   3.617e-03 4.184e-02    4.184e-02      1.513e-04
ENSG00000115459:1(@)Loc186   chr2_85319809_A_C_b38   3.874e-03 2.786e-02    2.786e-02      1.079e-04
ENSG00000115459:1(@)Loc186   chr2_85322404_T_C_b38   3.724e-03 2.996e-02    2.996e-02      1.116e-04
ENSG00000115459:1(@)Loc186   chr2_85322424_C_T_b38   3.034e-03 3.633e-02    3.633e-02      1.102e-04
ENSG00000115459:1(@)Loc186   chr2_85324573_T_G_b38   3.399e-03 3.532e-02    3.532e-02      1.201e-04
ENSG00000115459:1(@)Loc186   chr2_85324656_G_A_b38   3.977e-03 3.725e-02    3.725e-02      1.482e-04
ENSG00000115459:1(@)Loc186   chr2_85325697_C_T_b38   4.677e-03 3.080e-02    3.080e-02      1.440e-04
ENSG00000115459:1(@)Loc186   chr2_85326661_C_T_b38   6.021e-03 3.433e-02    3.433e-02      2.067e-04
ENSG00000246575:1(@)Loc186   chr2_85315563_G_C_b38   8.834e-01 4.184e-02    4.184e-02      3.696e-02
ENSG00000246575:1(@)Loc186   chr2_85315595_G_A_b38   1.017e-02 1.667e-02    1.667e-02      1.695e-04
ENSG00000246575:1(@)Loc186   chr2_85319492_C_T_b38   3.068e-02 1.317e-02    1.317e-02      4.040e-04
ENSG00000246575:1(@)Loc186   chr2_85319809_A_C_b38   3.068e-02 2.786e-02    2.786e-02      8.548e-04
ENSG00000246575:1(@)Loc186   chr2_85320945_TA_T_b38   1.420e-02 1.627e-02    1.627e-02      2.310e-04
ENSG00000189223:1(@)Loc199   chr2_113236840_G_T_b38   6.777e-01 2.868e-04    2.868e-04      1.944e-04
ENSG00000152128:1(@)Loc212   chr2_134693732_G_T_b38   1.192e-01 7.682e-02    7.682e-02      9.159e-03
ENSG00000152128:1(@)Loc212   chr2_134757922_T_C_b38   2.301e-01 7.235e-04    7.235e-04      1.665e-04
ENSG00000076003:1(@)Loc212   chr2_135876201_T_C_b38   6.804e-01 2.616e-04    2.616e-04      1.780e-04
ENSG00000206869:1(@)Loc232   chr2_164684290_T_C_b38   6.559e-03 4.611e-01    4.611e-01      3.024e-03
ENSG00000206869:1(@)Loc232   chr2_164694691_T_C_b38   4.240e-03 5.387e-01    5.387e-01      2.284e-03
ENSG00000224331:1(@)Loc232   chr2_164684290_T_C_b38   4.079e-03 4.611e-01    4.611e-01      1.881e-03
ENSG00000224331:1(@)Loc232   chr2_164694691_T_C_b38   2.479e-03 5.387e-01    5.387e-01      1.335e-03
ENSG00000115677:1(@)Loc276   chr2_241317397_G_C_b38   7.034e-01 4.124e-04    4.125e-04      2.901e-04
ENSG00000163702:3(@)Loc284   chr3_9889345_C_T_b38   8.281e-01 2.457e-04    2.457e-04      2.034e-04
ENSG00000234617:2(@)Loc307   chr3_43490527_A_G_b38   8.754e-01 2.720e-04    2.720e-04      2.381e-04
ENSG00000160746:1(@)Loc307   chr3_43490527_A_G_b38   6.669e-01 2.720e-04    2.720e-04      1.814e-04
ENSG00000271941:2(@)Loc307   chr3_43490527_A_G_b38   8.646e-01 2.720e-04    2.720e-04      2.352e-04
ENSG00000236409:2(@)Loc309   chr3_47019693_G_A_b38   2.672e-03 9.720e-01    9.720e-01      2.597e-03
ENSG00000160796:2(@)Loc309   chr3_47019693_G_A_b38   6.546e-02 9.720e-01    9.720e-01      6.363e-02
ENSG00000187492:1(@)Loc311   chr3_49934081_C_A_b38   1.629e-03 2.093e-01    2.093e-01      3.411e-04
ENSG00000228008:1(@)Loc311   chr3_49934081_C_A_b38   2.188e-03 2.093e-01    2.093e-01      4.580e-04
ENSG00000281691:1(@)Loc311   chr3_50003880_C_T_b38   1.769e-03 5.970e-02    5.970e-02      1.056e-04
ENSG00000281691:1(@)Loc311   chr3_50075601_A_G_b38   6.216e-03 3.265e-01    3.265e-01      2.030e-03
ENSG00000281691:1(@)Loc311   chr3_50091966_C_T_b38   5.450e-03 4.002e-01    4.002e-01      2.181e-03
ENSG00000004534:2(@)Loc311   chr3_49934081_C_A_b38   6.457e-04 2.093e-01    2.093e-01      1.352e-04
ENSG00000003756:2(@)Loc311   chr3_50091966_C_T_b38   1.051e-03 4.002e-01    4.002e-01      4.207e-04
ENSG00000114854:1(@)Loc312   chr3_52498102_A_G_b38   2.470e-03 9.813e-01    9.813e-01      2.424e-03
ENSG00000010322:2(@)Loc312   chr3_52498102_A_G_b38   2.008e-04 9.813e-01    9.813e-01      1.971e-04
ENSG00000163946:1(@)Loc315   chr3_56652301_T_C_b38   9.460e-01 2.936e-04    2.936e-04      2.777e-04
ENSG00000144724:2(@)Loc317   chr3_61629891_C_T_b38   5.866e-01 2.564e-04    2.564e-04      1.504e-04
ENSG00000091972:1(@)Loc345   chr3_112358610_T_C_b38   5.572e-01 2.949e-04    2.949e-04      1.643e-04
ENSG00000144852:2(@)Loc350   chr3_119823450_A_G_b38   7.648e-02 2.965e-01    2.965e-01      2.267e-02
ENSG00000144852:2(@)Loc350   chr3_119841759_T_C_b38   6.173e-03 5.333e-01    5.333e-01      3.292e-03
ENSG00000114054:2(@)Loc360   chr3_136213517_C_T_b38   1.452e-03 3.692e-01    3.692e-01      5.362e-04
ENSG00000174579:1(@)Loc360   chr3_136207780_G_T_b38   6.187e-03 1.813e-01    1.813e-01      1.122e-03
ENSG00000174579:1(@)Loc360   chr3_136213517_C_T_b38   4.299e-03 3.692e-01    3.692e-01      1.587e-03
ENSG00000174579:1(@)Loc360   chr3_136287734_T_C_b38   4.095e-03 1.325e-01    1.325e-01      5.426e-04
ENSG00000071794:1(@)Loc367   chr3_149009060_TAGAC_T_b38   3.513e-01 3.261e-04    3.261e-04      1.146e-04
ENSG00000071794:1(@)Loc367   chr3_149069858_T_G_b38   6.486e-01 3.071e-04    3.071e-04      1.992e-04
ENSG00000169359:1(@)Loc372   chr3_155840992_T_A_b38   9.683e-01 1.131e-04    1.132e-04      1.096e-04
ENSG00000241135:3(@)Loc373   chr3_157079859_C_T_b38   1.605e-03 1.734e-01    1.734e-01      2.784e-04
ENSG00000241135:3(@)Loc373   chr3_157080943_A_G_b38   2.005e-03 2.351e-01    2.351e-01      4.714e-04
ENSG00000145113:3(@)Loc396   chr3_196006217_T_C_b38   9.999e-01 2.140e-04    2.140e-04      2.139e-04
ENSG00000168824:1(@)Loc403   chr4_4389921_G_T_b38   3.689e-01 3.611e-04    3.611e-04      1.332e-04
ENSG00000251615:4(@)Loc408   chr4_8372166_C_T_b38   9.166e-01 1.869e-04    1.869e-04      1.713e-04
ENSG00000263327:3(@)Loc414   chr4_16242899_G_T_b38   9.017e-01 1.361e-04    1.361e-04      1.228e-04
ENSG00000251022:1(@)Loc454   chr4_82901181_G_A_b38   5.133e-01 2.129e-04    2.129e-04      1.093e-04
ENSG00000145283:1(@)Loc457   chr4_86848776_T_C_b38   1.268e-01 1.681e-03    1.681e-03      2.131e-04
ENSG00000172493:1(@)Loc457   chr4_87102147_A_G_b38   9.692e-03 3.773e-02    3.773e-02      3.656e-04
ENSG00000172493:1(@)Loc457   chr4_87143279_A_G_b38   8.802e-03 1.760e-02    1.760e-02      1.549e-04
ENSG00000246090:4(@)Loc464   chr4_99093654_A_G_b38   3.941e-04 8.099e-01    8.099e-01      3.192e-04
ENSG00000197894:2(@)Loc464   chr4_99093654_A_G_b38   2.592e-04 8.099e-01    8.099e-01      2.099e-04
ENSG00000138821:2(@)Loc466   chr4_102363708_C_T_b38   4.546e-04 4.646e-01    4.646e-01      2.112e-04
ENSG00000248161:1(@)Loc466   chr4_102363708_C_T_b38   1.656e-03 4.646e-01    4.646e-01      7.695e-04
ENSG00000248161:1(@)Loc466   chr4_102452129_G_A_b38   4.412e-02 7.871e-02    7.871e-02      3.473e-03
ENSG00000168769:1(@)Loc467   chr4_105149907_A_G_b38   1.853e-02 4.154e-02    4.154e-02      7.699e-04
ENSG00000168769:1(@)Loc467   chr4_105160479_T_C_b38   1.410e-02 3.200e-02    3.200e-02      4.512e-04
ENSG00000250412:2(@)Loc475   chr4_119283606_G_A_b38   5.042e-02 1.992e-02    1.992e-02      1.004e-03
ENSG00000250412:2(@)Loc475   chr4_119285569_A_T_b38   1.454e-01 1.335e-03    1.335e-03      1.941e-04
ENSG00000189045:1(@)Loc564   chr5_75669297_G_A_b38   2.164e-01 5.210e-04    5.210e-04      1.127e-04
ENSG00000189045:1(@)Loc564   chr5_75671868_G_C_b38   4.104e-01 3.927e-04    3.928e-04      1.612e-04
ENSG00000145743:1(@)Loc584   chr5_108359963_A_T_b38   5.523e-02 2.354e-03    2.354e-03      1.300e-04
ENSG00000145743:1(@)Loc584   chr5_108363000_C_T_b38   4.737e-02 2.293e-03    2.293e-03      1.086e-04
ENSG00000145743:1(@)Loc584   chr5_108366506_T_G_b38   4.885e-02 2.578e-03    2.578e-03      1.260e-04
ENSG00000145743:1(@)Loc584   chr5_108372764_T_C_b38   7.745e-02 1.408e-03    1.408e-03      1.091e-04
ENSG00000145743:1(@)Loc584   chr5_108374900_A_C_b38   7.937e-02 1.408e-03    1.408e-03      1.118e-04
ENSG00000145743:1(@)Loc584   chr5_108377049_T_C_b38   7.937e-02 1.408e-03    1.408e-03      1.118e-04
ENSG00000172869:1(@)Loc591   chr5_119099425_G_A_b38   8.369e-01 1.784e-04    1.784e-04      1.493e-04
ENSG00000263432:1(@)Loc594   chr5_123024708_T_C_b38   9.784e-01 7.106e-04    7.106e-04      6.953e-04
ENSG00000168938:1(@)Loc594   chr5_123024708_T_C_b38   8.148e-01 7.106e-04    7.106e-04      5.790e-04
ENSG00000245937:1(@)Loc598   chr5_128106169_C_A_b38   8.083e-01 1.460e-04    1.460e-04      1.180e-04
ENSG00000164265:2(@)Loc606   chr5_147745281_C_T_b38   5.206e-02 2.227e-03    2.228e-03      1.160e-04
ENSG00000164265:2(@)Loc606   chr5_147748416_T_C_b38   8.843e-02 2.234e-03    2.234e-03      1.976e-04
ENSG00000164265:2(@)Loc606   chr5_147761976_A_G_b38   7.669e-02 7.130e-03    7.130e-03      5.468e-04
ENSG00000164265:2(@)Loc606   chr5_147766033_A_T_b38   5.800e-02 2.053e-03    2.053e-03      1.191e-04
ENSG00000164265:2(@)Loc606   chr5_147780868_G_A_b38   1.489e-01 1.453e-03    1.453e-03      2.164e-04
ENSG00000178338:2(@)Loc627   chr5_178860222_G_T_b38   9.957e-01 2.042e-04    2.042e-04      2.033e-04
ENSG00000112308:1(@)Loc648   chr6_24719750_G_A_b38   9.994e-01 1.278e-03    1.278e-03      1.277e-03
ENSG00000272462:2(@)Loc650   chr6_25993241_A_G_b38   2.563e-02 2.061e-02    2.061e-02      5.283e-04
ENSG00000180573:1(@)Loc650   chr6_26124075_T_C_b38   6.416e-02 4.648e-03    4.648e-03      2.982e-04
ENSG00000137185:1(@)Loc652   chr6_28225324_C_A_b38   7.184e-01 3.729e-04    3.729e-04      2.679e-04
ENSG00000204632:3(@)Loc654   chr6_29785031_A_G_b38   8.933e-01 1.228e-03    1.228e-03      1.097e-03
ENSG00000066379:3(@)Loc654   chr6_30064745_A_C_b38   2.085e-02 1.379e-02    1.379e-02      2.875e-04
ENSG00000066379:3(@)Loc654   chr6_30070870_T_C_b38   9.732e-01 9.484e-03    9.484e-03      9.230e-03
ENSG00000137312:3(@)Loc654   chr6_30651129_A_G_b38   6.785e-03 9.064e-02    9.064e-02      6.150e-04
ENSG00000137312:3(@)Loc654   chr6_30741178_C_T_b38   4.234e-01 4.166e-03    4.166e-03      1.764e-03
ENSG00000137312:3(@)Loc654   chr6_30741580_G_A_b38   2.394e-01 7.593e-04    7.593e-04      1.818e-04
ENSG00000146112:1(@)Loc654   chr6_30651129_A_G_b38   2.636e-02 9.064e-02    9.064e-02      2.389e-03
ENSG00000146112:1(@)Loc654   chr6_30682249_G_A_b38   1.224e-01 8.200e-04    8.200e-04      1.004e-04
ENSG00000146112:1(@)Loc654   chr6_30689051_C_G_b38   3.460e-01 8.200e-04    8.200e-04      2.837e-04
ENSG00000228022:2(@)Loc654   chr6_30759162_A_C_b38   3.367e-01 2.514e-03    2.514e-03      8.465e-04
ENSG00000137312:1(@)Loc654   chr6_30801949_C_T_b38   9.998e-01 2.189e-04    2.189e-04      2.188e-04
ENSG00000204520:3(@)Loc655   chr6_31412672_C_T_b38   7.941e-01 1.107e-02    1.107e-02      8.788e-03
ENSG00000204520:3(@)Loc655   chr6_31420437_G_A_b38   5.311e-02 1.182e-02    1.182e-02      6.278e-04
ENSG00000204308:2(@)Loc656   chr6_32395438_T_C_b38   2.421e-02 6.106e-01    6.106e-01      1.479e-02
ENSG00000228962:5(@)Loc656   chr6_32395438_T_C_b38   2.268e-04 6.106e-01    6.106e-01      1.385e-04
ENSG00000198502:3(@)Loc656   chr6_32680379_G_A_b38   9.234e-01 1.862e-04    1.862e-04      1.719e-04
ENSG00000198502:3(@)Loc656   chr6_32696681_T_C_b38   3.589e-03 3.814e-02    3.814e-02      1.369e-04
ENSG00000198502:3(@)Loc656   chr6_32697103_T_G_b38   2.932e-03 3.686e-02    3.686e-02      1.081e-04
ENSG00000242574:1(@)Loc657   chr6_32936262_T_A_b38   4.822e-01 8.634e-04    8.635e-04      4.163e-04
ENSG00000242574:1(@)Loc657   chr6_32936274_C_T_b38   4.822e-01 8.634e-04    8.635e-04      4.163e-04
ENSG00000204257:1(@)Loc657   chr6_32968343_C_T_b38   8.798e-01 3.155e-04    3.155e-04      2.776e-04
ENSG00000124507:1(@)Loc658   chr6_34595387_A_G_b38   4.014e-04 3.003e-01    3.003e-01      1.205e-04
ENSG00000196821:3(@)Loc658   chr6_34695821_C_T_b38   1.167e-02 6.603e-02    6.603e-02      7.707e-04
ENSG00000272288:2(@)Loc658   chr6_34695821_C_T_b38   7.713e-03 6.603e-02    6.603e-02      5.093e-04
ENSG00000112041:1(@)Loc659   chr6_35510835_G_A_b38   2.352e-01 4.611e-03    4.611e-03      1.084e-03
ENSG00000137413:2(@)Loc662   chr6_42019713_C_T_b38   1.887e-03 1.545e-01    1.545e-01      2.916e-04
ENSG00000231113:1(@)Loc663   chr6_42947283_G_A_b38   9.684e-01 1.694e-03    1.694e-03      1.640e-03
ENSG00000124713:1(@)Loc663   chr6_42961020_T_G_b38   9.162e-01 7.990e-04    7.990e-04      7.320e-04
ENSG00000111877:1(@)Loc709   chr6_119008393_C_T_b38   9.257e-01 3.475e-04    3.475e-04      3.217e-04
ENSG00000146374:3(@)Loc714   chr6_127115955_T_A_b38   2.401e-03 5.307e-02    5.307e-02      1.274e-04
ENSG00000146374:3(@)Loc714   chr6_127116431_G_A_b38   3.806e-03 3.907e-02    3.907e-02      1.487e-04
ENSG00000118520:1(@)Loc717   chr6_131577068_T_C_b38   4.246e-01 7.799e-04    7.800e-04      3.312e-04
ENSG00000239857:2(@)Loc744   chr7_1044141_A_G_b38   7.658e-04 4.560e-01    4.560e-01      3.492e-04
ENSG00000164849:2(@)Loc744   chr7_1044141_A_G_b38   1.070e-02 4.560e-01    4.560e-01      4.878e-03
ENSG00000146540:4(@)Loc744   chr7_1044141_A_G_b38   4.178e-03 4.560e-01    4.560e-01      1.905e-03
ENSG00000136238:4(@)Loc750   chr7_6395273_G_A_b38   2.359e-01 1.443e-03    1.444e-03      3.405e-04
ENSG00000006747:1(@)Loc755   chr7_12570362_G_C_b38   9.762e-01 1.621e-04    1.621e-04      1.582e-04
ENSG00000273237:1(@)Loc765   chr7_26169116_G_A_b38   3.211e-01 4.122e-04    4.122e-04      1.324e-04
ENSG00000273237:1(@)Loc765   chr7_26169185_C_T_b38   3.211e-01 3.263e-04    3.263e-04      1.048e-04
ENSG00000227191:2(@)Loc770   chr7_38249520_C_T_b38   2.974e-01 6.790e-04    6.791e-04      2.019e-04
ENSG00000227191:2(@)Loc770   chr7_38251113_A_T_b38   3.541e-02 5.973e-03    5.973e-03      2.115e-04
ENSG00000241057:2(@)Loc774   chr7_43961772_G_A_b38   9.999e-01 1.539e-04    1.539e-04      1.539e-04
ENSG00000136273:1(@)Loc777   chr7_47979760_G_C_b38   8.282e-01 3.366e-04    3.366e-04      2.787e-04
ENSG00000146755:3(@)Loc789   chr7_73556901_C_T_b38   7.310e-04 1.846e-01    1.846e-01      1.349e-04
ENSG00000146755:3(@)Loc789   chr7_73568544_C_T_b38   2.291e-03 3.304e-01    3.304e-01      7.569e-04
ENSG00000106635:1(@)Loc789   chr7_73556901_C_T_b38   3.175e-03 1.846e-01    1.846e-01      5.860e-04
ENSG00000274080:1(@)Loc789   chr7_73556901_C_T_b38   8.966e-03 1.846e-01    1.846e-01      1.655e-03
ENSG00000274080:1(@)Loc789   chr7_73568544_C_T_b38   6.173e-01 3.304e-01    3.304e-01      2.039e-01
ENSG00000274080:1(@)Loc789   chr7_73568980_A_T_b38   8.951e-02 1.744e-02    1.744e-02      1.561e-03
ENSG00000009950:4(@)Loc789   chr7_73568544_C_T_b38   3.604e-04 3.304e-01    3.304e-01      1.191e-04
ENSG00000176125:1(@)Loc804   chr7_100885457_G_GC_b38   4.161e-01 2.804e-04    2.804e-04      1.167e-04
ENSG00000105976:1(@)Loc812   chr7_116717990_A_G_b38   3.125e-01 4.041e-03    4.042e-03      1.263e-03
ENSG00000105976:1(@)Loc812   chr7_116730233_G_T_b38   3.354e-01 7.668e-04    7.668e-04      2.572e-04
ENSG00000106025:1(@)Loc814   chr7_120862247_A_G_b38   5.677e-01 2.031e-04    2.031e-04      1.153e-04
ENSG00000091732:1(@)Loc821   chr7_130051469_C_G_b38   1.490e-01 2.210e-03    2.210e-03      3.293e-04
ENSG00000133561:2(@)Loc835   chr7_150610079_A_G_b38   4.367e-03 2.968e-01    2.968e-01      1.296e-03
ENSG00000133612:1(@)Loc836   chr7_151084984_C_T_b38   1.797e-01 9.400e-04    9.400e-04      1.689e-04
ENSG00000253111:1(@)Loc924   chr8_125466503_A_G_b38   1.498e-02 7.575e-03    7.575e-03      1.134e-04
ENSG00000253111:1(@)Loc924   chr8_125467120_C_T_b38   5.944e-03 5.493e-02    5.493e-02      3.265e-04
ENSG00000253111:1(@)Loc924   chr8_125469505_A_G_b38   1.559e-03 1.036e-01    1.036e-01      1.616e-04
ENSG00000253111:1(@)Loc924   chr8_125470379_C_A_b38   1.600e-03 1.033e-01    1.033e-01      1.652e-04
ENSG00000253111:1(@)Loc924   chr8_125483576_C_T_b38   3.560e-04 4.904e-01    4.904e-01      1.746e-04
ENSG00000277494:4(@)Loc935   chr8_143221248_G_A_b38   4.850e-03 5.694e-01    5.694e-01      2.761e-03
ENSG00000155875:1(@)Loc950   chr9_19049219_A_C_b38   3.230e-01 4.189e-04    4.189e-04      1.353e-04
ENSG00000148057:2(@)Loc976   chr9_83618690_A_G_b38   8.641e-02 1.169e-03    1.169e-03      1.010e-04
ENSG00000148057:2(@)Loc976   chr9_83623171_T_C_b38   3.136e-01 1.225e-03    1.225e-03      3.840e-04
ENSG00000106789:1(@)Loc984   chr9_98206208_A_G_b38   9.978e-01 1.385e-04    1.385e-04      1.382e-04
ENSG00000175164:1(@)Loc1005   chr9_133262254_C_T_b38   1.288e-01 1.726e-02    1.726e-02      2.223e-03
ENSG00000057608:1(@)Loc1015   chr10_5813440_G_C_b38   9.998e-01 1.980e-04    1.980e-04      1.980e-04
ENSG00000229124:2(@)Loc1023   chr10_17222522_C_A_b38   1.373e-01 8.203e-04    8.203e-04      1.126e-04
ENSG00000229124:2(@)Loc1023   chr10_17226840_T_C_b38   5.310e-01 1.626e-03    1.626e-03      8.635e-04
ENSG00000229124:1(@)Loc1023   chr10_17229401_G_C_b38   9.365e-01 4.280e-04    4.280e-04      4.008e-04
ENSG00000272767:1(@)Loc1051   chr10_63424957_T_C_b38   2.428e-03 7.509e-02    7.509e-02      1.824e-04
ENSG00000272767:1(@)Loc1051   chr10_63470404_T_C_b38   1.037e-02 1.941e-01    1.941e-01      2.014e-03
ENSG00000272767:2(@)Loc1051   chr10_63504366_T_C_b38   2.331e-03 1.558e-01    1.558e-01      3.631e-04
ENSG00000171988:2(@)Loc1051   chr10_63504366_T_C_b38   9.321e-04 1.558e-01    1.558e-01      1.452e-04
ENSG00000197467:2(@)Loc1055   chr10_69787434_T_C_b38   3.296e-01 5.257e-04    5.257e-04      1.733e-04
ENSG00000180817:2(@)Loc1055   chr10_70233338_T_G_b38   9.761e-01 1.587e-04    1.587e-04      1.549e-04
ENSG00000214655:1(@)Loc1058   chr10_73717540_A_G_b38   5.890e-03 2.285e-02    2.285e-02      1.346e-04
ENSG00000176986:1(@)Loc1058   chr10_73717540_A_G_b38   6.476e-03 2.285e-02    2.285e-02      1.480e-04
ENSG00000242338:1(@)Loc1058   chr10_73717540_A_G_b38   1.216e-02 2.285e-02    2.285e-02      2.778e-04
ENSG00000165644:1(@)Loc1058   chr10_75235812_C_G_b38   7.761e-01 1.911e-04    1.911e-04      1.483e-04
ENSG00000095596:2(@)Loc1068   chr10_93038216_G_A_b38   8.872e-04 1.792e-01    1.792e-01      1.590e-04
ENSG00000095596:2(@)Loc1068   chr10_93059296_C_T_b38   1.140e-03 4.869e-01    4.869e-01      5.548e-04
ENSG00000187553:2(@)Loc1068   chr10_93038216_G_A_b38   6.437e-04 1.792e-01    1.792e-01      1.153e-04
ENSG00000187553:2(@)Loc1068   chr10_93059296_C_T_b38   1.591e-02 4.869e-01    4.869e-01      7.746e-03
ENSG00000187553:2(@)Loc1068   chr10_93072371_G_A_b38   2.982e-02 1.174e-02    1.174e-02      3.499e-04
ENSG00000187553:1(@)Loc1068   chr10_93061103_A_G_b38   8.783e-01 1.773e-04    1.773e-04      1.557e-04
ENSG00000230224:1(@)Loc1073   chr10_100221396_C_T_b38   4.261e-02 2.455e-03    2.455e-03      1.046e-04
ENSG00000230224:1(@)Loc1073   chr10_100223656_G_A_b38   7.058e-02 3.589e-03    3.590e-03      2.533e-04
ENSG00000230224:1(@)Loc1073   chr10_100224059_G_A_b38   5.384e-02 3.589e-03    3.590e-03      1.932e-04
ENSG00000230224:1(@)Loc1073   chr10_100227710_T_C_b38   4.219e-02 2.455e-03    2.455e-03      1.036e-04
ENSG00000230224:1(@)Loc1073   chr10_100233804_CAG_C_b38   3.486e-02 3.719e-03    3.719e-03      1.296e-04
ENSG00000230224:1(@)Loc1073   chr10_100238657_T_C_b38   8.413e-02 2.455e-03    2.455e-03      2.065e-04
ENSG00000230224:1(@)Loc1073   chr10_100239989_G_A_b38   8.413e-02 3.583e-03    3.583e-03      3.014e-04
ENSG00000230224:1(@)Loc1073   chr10_100240944_C_T_b38   8.693e-02 2.361e-03    2.361e-03      2.052e-04
ENSG00000230224:1(@)Loc1073   chr10_100244149_G_C_b38   1.370e-01 3.020e-03    3.020e-03      4.138e-04
ENSG00000230224:1(@)Loc1073   chr10_100266802_G_C_b38   4.566e-02 2.455e-03    2.455e-03      1.121e-04
ENSG00000230224:1(@)Loc1073   chr10_100267650_C_T_b38   8.610e-02 2.860e-03    2.860e-03      2.462e-04
ENSG00000095485:1(@)Loc1073   chr10_100267650_C_T_b38   9.930e-01 2.860e-03    2.860e-03      2.840e-03
ENSG00000196072:2(@)Loc1073   chr10_100278884_G_A_b38   9.839e-01 6.535e-04    6.535e-04      6.430e-04
ENSG00000165832:1(@)Loc1081   chr10_114953392_C_A_b38   3.409e-01 7.448e-04    7.448e-04      2.539e-04
ENSG00000165832:1(@)Loc1081   chr10_114955200_C_T_b38   3.899e-01 1.177e-03    1.177e-03      4.589e-04
ENSG00000165832:1(@)Loc1081   chr10_114959784_G_A_b38   2.021e-01 6.607e-04    6.607e-04      1.335e-04
ENSG00000174775:1(@)Loc1095   chr11_539648_G_A_b38   1.438e-01 7.769e-04    7.769e-04      1.117e-04
ENSG00000174775:1(@)Loc1095   chr11_545276_G_T_b38   8.547e-01 7.830e-04    7.830e-04      6.692e-04
ENSG00000185522:2(@)Loc1095   chr11_565129_C_T_b38   9.998e-01 1.502e-04    1.502e-04      1.502e-04
ENSG00000254815:1(@)Loc1095   chr11_565129_C_T_b38   9.911e-01 1.502e-04    1.502e-04      1.489e-04
ENSG00000255158:2(@)Loc1095   chr11_619789_T_G_b38   2.430e-01 4.295e-04    4.295e-04      1.044e-04
ENSG00000255158:1(@)Loc1095   chr11_668066_T_C_b38   2.741e-01 3.764e-04    3.764e-04      1.032e-04
ENSG00000132275:1(@)Loc1099   chr11_6600286_G_A_b38   9.368e-01 1.510e-04    1.510e-04      1.415e-04
ENSG00000180210:2(@)Loc1122   chr11_46721697_T_C_b38   1.210e-03 9.478e-01    9.478e-01      1.147e-03
ENSG00000175213:1(@)Loc1122   chr11_46712834_C_T_b38   1.141e-02 1.328e-02    1.328e-02      1.516e-04
ENSG00000175213:1(@)Loc1122   chr11_46721697_T_C_b38   1.020e-02 9.478e-01    9.478e-01      9.666e-03
ENSG00000110514:3(@)Loc1123   chr11_47273075_T_C_b38   1.630e-02 3.149e-01    3.149e-01      5.134e-03
ENSG00000110514:3(@)Loc1123   chr11_47284118_T_G_b38   4.120e-03 7.465e-02    7.466e-02      3.076e-04
ENSG00000110514:3(@)Loc1123   chr11_47312134_C_A_b38   8.671e-04 3.362e-01    3.362e-01      2.915e-04
ENSG00000168496:1(@)Loc1128   chr11_61783884_T_C_b38   1.026e-03 1.979e-01    1.979e-01      2.031e-04
ENSG00000168496:1(@)Loc1128   chr11_61785208_G_T_b38   2.811e-03 4.541e-02    4.541e-02      1.277e-04
ENSG00000168496:1(@)Loc1128   chr11_61790331_T_C_b38   2.670e-03 2.742e-01    2.743e-01      7.322e-04
ENSG00000168496:1(@)Loc1128   chr11_61802358_C_T_b38   2.030e-03 2.144e-01    2.144e-01      4.354e-04
ENSG00000168496:1(@)Loc1128   chr11_61804006_T_C_b38   1.038e-03 1.348e-01    1.348e-01      1.398e-04
ENSG00000149485:2(@)Loc1128   chr11_61830500_A_G_b38   3.875e-03 3.429e-02    3.429e-02      1.329e-04
ENSG00000149541:2(@)Loc1129   chr11_62634148_C_T_b38   4.069e-01 2.751e-04    2.752e-04      1.120e-04
ENSG00000197847:1(@)Loc1130   chr11_65209953_C_T_b38   9.999e-01 1.234e-04    1.234e-04      1.234e-04
ENSG00000197136:2(@)Loc1130   chr11_65597606_T_C_b38   8.934e-02 3.642e-03    3.642e-03      3.254e-04
ENSG00000197136:2(@)Loc1130   chr11_65623083_C_G_b38   4.199e-02 2.623e-03    2.623e-03      1.101e-04
ENSG00000197136:2(@)Loc1130   chr11_65623846_G_A_b38   1.080e-01 7.961e-01    7.961e-01      8.598e-02
ENSG00000213445:2(@)Loc1130   chr11_65623846_G_A_b38   1.892e-03 7.961e-01    7.961e-01      1.506e-03
ENSG00000213445:1(@)Loc1130   chr11_65638129_G_T_b38   9.906e-01 1.371e-02    1.372e-02      1.359e-02
ENSG00000172803:1(@)Loc1130   chr11_65834089_G_C_b38   9.193e-01 1.930e-04    1.930e-04      1.774e-04
ENSG00000172543:1(@)Loc1130   chr11_65879789_A_G_b38   2.412e-01 6.625e-04    6.625e-04      1.598e-04
ENSG00000250508:2(@)Loc1132   chr11_68870340_G_A_b38   3.843e-01 1.325e-03    1.325e-03      5.092e-04
ENSG00000250508:2(@)Loc1132   chr11_68870590_G_T_b38   1.662e-01 1.325e-03    1.325e-03      2.202e-04
ENSG00000132740:1(@)Loc1132   chr11_68903812_G_GCCGCCGCCATCTTC_b38   9.995e-01 1.407e-03    1.408e-03      1.407e-03
ENSG00000197345:1(@)Loc1132   chr11_68903812_G_GCCGCCGCCATCTTC_b38   9.962e-01 1.407e-03    1.408e-03      1.402e-03
ENSG00000123892:2(@)Loc1143   chr11_88175395_G_A_b38   1.741e-01 6.816e-04    6.816e-04      1.187e-04
ENSG00000152558:1(@)Loc1153   chr11_102482190_G_A_b38   6.059e-01 1.839e-04    1.839e-04      1.114e-04
ENSG00000152558:1(@)Loc1153   chr11_102482461_A_G_b38   3.298e-01 7.764e-03    7.765e-03      2.561e-03
ENSG00000137713:1(@)Loc1160   chr11_111756778_G_A_b38   8.379e-01 2.424e-04    2.424e-04      2.031e-04
ENSG00000150764:1(@)Loc1160   chr11_111944207_A_C_b38   8.143e-02 2.154e-03    2.154e-03      1.754e-04
ENSG00000137656:1(@)Loc1164   chr11_116766430_C_T_b38   3.257e-03 6.936e-02    6.937e-02      2.259e-04
ENSG00000109917:3(@)Loc1164   chr11_116778201_G_C_b38   1.337e-03 7.349e-01    7.349e-01      9.824e-04
ENSG00000109917:3(@)Loc1164   chr11_116781491_C_T_b38   9.591e-04 1.712e-01    1.712e-01      1.642e-04
ENSG00000019144:1(@)Loc1165   chr11_118615352_T_C_b38   3.039e-01 3.844e-04    3.844e-04      1.168e-04
ENSG00000137700:2(@)Loc1165   chr11_119030904_A_T_b38   9.921e-02 2.616e-03    2.616e-03      2.596e-04
ENSG00000137700:2(@)Loc1165   chr11_119031899_A_T_b38   2.114e-01 1.395e-03    1.395e-03      2.948e-04
ENSG00000137700:2(@)Loc1165   chr11_119032048_G_C_b38   1.062e-01 8.261e-03    8.262e-03      8.777e-04
ENSG00000160695:2(@)Loc1165   chr11_119067660_T_A_b38   4.333e-02 3.212e-03    3.212e-03      1.392e-04
ENSG00000172273:2(@)Loc1165   chr11_119043282_C_T_b38   2.272e-03 4.789e-02    4.790e-02      1.088e-04
ENSG00000160695:1(@)Loc1165   chr11_119066684_CTA_C_b38   1.823e-01 6.076e-04    6.076e-04      1.108e-04
ENSG00000160695:1(@)Loc1165   chr11_119068169_A_G_b38   4.431e-01 6.076e-04    6.076e-04      2.692e-04
ENSG00000160695:1(@)Loc1165   chr11_119072218_G_A_b38   2.439e-01 6.237e-04    6.237e-04      1.521e-04
ENSG00000271751:1(@)Loc1165   chr11_119066733_G_A_b38   8.829e-02 1.204e-03    1.204e-03      1.063e-04
ENSG00000271751:1(@)Loc1165   chr11_119066807_T_C_b38   1.394e-01 1.204e-03    1.204e-03      1.679e-04
ENSG00000271751:1(@)Loc1165   chr11_119067274_G_A_b38   1.394e-01 1.204e-03    1.204e-03      1.679e-04
ENSG00000271751:1(@)Loc1165   chr11_119067604_C_T_b38   1.394e-01 9.078e-04    9.078e-04      1.266e-04
ENSG00000271751:1(@)Loc1165   chr11_119067660_T_A_b38   1.394e-01 3.212e-03    3.213e-03      4.480e-04
ENSG00000271751:1(@)Loc1165   chr11_119067677_C_A_b38   1.394e-01 1.204e-03    1.204e-03      1.679e-04
ENSG00000271751:1(@)Loc1165   chr11_119068246_G_A_b38   9.070e-02 1.204e-03    1.204e-03      1.092e-04
ENSG00000271751:1(@)Loc1165   chr11_119070247_C_G_b38   1.069e-01 1.204e-03    1.204e-03      1.287e-04
ENSG00000271751:2(@)Loc1165   chr11_119066912_T_TG_b38   8.346e-02 1.495e-03    1.495e-03      1.247e-04
ENSG00000271751:2(@)Loc1165   chr11_119071338_G_A_b38   1.701e-01 1.495e-03    1.495e-03      2.542e-04
ENSG00000271751:2(@)Loc1165   chr11_119071357_T_C_b38   1.701e-01 1.495e-03    1.495e-03      2.542e-04
ENSG00000271751:2(@)Loc1165   chr11_119071928_A_C_b38   3.848e-01 1.495e-03    1.495e-03      5.751e-04
ENSG00000256269:1(@)Loc1165   chr11_119081463_A_G_b38   5.432e-01 5.651e-04    5.651e-04      3.070e-04
ENSG00000154127:2(@)Loc1168   chr11_122651667_T_C_b38   1.275e-02 4.414e-01    4.414e-01      5.629e-03
ENSG00000154127:2(@)Loc1168   chr11_122663796_T_C_b38   2.174e-03 4.660e-01    4.660e-01      1.013e-03
ENSG00000280832:2(@)Loc1171   chr11_126348646_A_G_b38   5.199e-04 9.328e-01    9.328e-01      4.850e-04
ENSG00000003056:1(@)Loc1187   chr12_8929985_A_G_b38   2.252e-01 8.031e-04    8.031e-04      1.808e-04
ENSG00000003056:1(@)Loc1187   chr12_8946399_G_GAAC_b38   7.729e-01 2.704e-04    2.705e-04      2.090e-04
ENSG00000257829:1(@)Loc1210   chr12_52298886_C_G_b38   9.997e-01 4.339e-04    4.339e-04      4.338e-04
ENSG00000170442:1(@)Loc1210   chr12_52324422_A_G_b38   9.517e-01 3.258e-04    3.258e-04      3.101e-04
ENSG00000167780:1(@)Loc1211   chr12_53103914_A_G_b38   8.709e-01 1.391e-04    1.391e-04      1.211e-04
ENSG00000170374:1(@)Loc1211   chr12_53336376_G_A_b38   9.989e-01 4.381e-04    4.381e-04      4.377e-04
ENSG00000111540:1(@)Loc1213   chr12_55974294_G_A_b38   9.611e-01 1.933e-04    1.933e-04      1.857e-04
ENSG00000175189:1(@)Loc1214   chr12_57398797_C_T_b38   9.626e-04 2.147e-01    2.147e-01      2.067e-04
ENSG00000175189:1(@)Loc1214   chr12_57450266_C_T_b38   2.048e-03 7.708e-01    7.708e-01      1.578e-03
ENSG00000179912:1(@)Loc1214   chr12_57398797_C_T_b38   1.908e-03 2.147e-01    2.147e-01      4.097e-04
ENSG00000179912:1(@)Loc1214   chr12_57450266_C_T_b38   4.496e-03 7.708e-01    7.708e-01      3.465e-03
ENSG00000110921:1(@)Loc1244   chr12_109555798_C_A_b38   1.641e-03 6.500e-02    6.501e-02      1.067e-04
ENSG00000110921:1(@)Loc1244   chr12_109578088_A_G_b38   4.017e-03 3.531e-02    3.531e-02      1.418e-04
ENSG00000111252:1(@)Loc1245   chr12_111427245_C_G_b38   4.411e-02 2.571e-03    2.571e-03      1.134e-04
ENSG00000111252:1(@)Loc1245   chr12_111446804_T_C_b38   1.361e-02 2.139e-01    2.139e-01      2.911e-03
ENSG00000111252:1(@)Loc1245   chr12_111569952_C_T_b38   7.507e-04 7.506e-01    7.506e-01      5.634e-04
ENSG00000111271:1(@)Loc1245   chr12_111569952_C_T_b38   1.742e-04 7.506e-01    7.506e-01      1.307e-04
ENSG00000204842:2(@)Loc1245   chr12_111569952_C_T_b38   3.829e-04 7.506e-01    7.506e-01      2.874e-04
ENSG00000179195:2(@)Loc1253   chr12_123935181_C_T_b38   1.117e-03 1.328e-01    1.328e-01      1.484e-04
ENSG00000179195:2(@)Loc1253   chr12_123964676_C_A_b38   1.181e-03 1.682e-01    1.682e-01      1.986e-04
ENSG00000270130:1(@)Loc1253   chr12_123964676_C_A_b38   7.224e-04 1.682e-01    1.682e-01      1.215e-04
ENSG00000270028:1(@)Loc1253   chr12_123920171_T_C_b38   1.267e-02 1.115e-01    1.115e-01      1.413e-03
ENSG00000270028:1(@)Loc1253   chr12_123924955_G_A_b38   1.009e-01 4.999e-02    4.999e-02      5.042e-03
ENSG00000269997:1(@)Loc1253   chr12_123935181_C_T_b38   2.370e-03 1.328e-01    1.328e-01      3.147e-04
ENSG00000269997:1(@)Loc1253   chr12_123955563_C_A_b38   5.518e-03 2.181e-02    2.181e-02      1.203e-04
ENSG00000269938:1(@)Loc1253   chr12_123929551_C_T_b38   2.109e-03 8.649e-02    8.649e-02      1.825e-04
ENSG00000269938:1(@)Loc1253   chr12_123935181_C_T_b38   1.490e-03 1.328e-01    1.328e-01      1.979e-04
ENSG00000269938:1(@)Loc1253   chr12_123964676_C_A_b38   1.434e-03 1.682e-01    1.682e-01      2.412e-04
ENSG00000269938:1(@)Loc1253   chr12_123980289_G_T_b38   8.398e-03 3.708e-02    3.708e-02      3.114e-04
ENSG00000269938:1(@)Loc1253   chr12_123990609_A_G_b38   6.710e-03 1.763e-02    1.763e-02      1.183e-04
ENSG00000270061:1(@)Loc1253   chr12_123935181_C_T_b38   1.105e-03 1.328e-01    1.328e-01      1.468e-04
ENSG00000270061:1(@)Loc1253   chr12_123964676_C_A_b38   2.463e-03 1.682e-01    1.682e-01      4.142e-04
ENSG00000270061:1(@)Loc1253   chr12_123980289_G_T_b38   3.243e-03 3.708e-02    3.708e-02      1.203e-04
ENSG00000270095:1(@)Loc1253   chr12_123980289_G_T_b38   3.258e-03 3.708e-02    3.708e-02      1.208e-04
ENSG00000270048:1(@)Loc1253   chr12_123964676_C_A_b38   2.662e-03 1.682e-01    1.682e-01      4.476e-04
ENSG00000250091:2(@)Loc1253   chr12_123980289_G_T_b38   3.751e-02 3.708e-02    3.708e-02      1.391e-03
ENSG00000250091:2(@)Loc1253   chr12_123990609_A_G_b38   9.680e-03 1.763e-02    1.763e-02      1.707e-04
ENSG00000250091:2(@)Loc1253   chr12_123997143_A_G_b38   1.050e-02 1.405e-02    1.405e-02      1.475e-04
ENSG00000179195:1(@)Loc1253   chr12_123980289_G_T_b38   4.166e-02 3.708e-02    3.709e-02      1.545e-03
ENSG00000179195:1(@)Loc1253   chr12_123997143_A_G_b38   2.575e-02 1.405e-02    1.405e-02      3.617e-04
ENSG00000120688:1(@)Loc1276   chr13_41061165_C_G_b38   9.612e-01 3.057e-04    3.057e-04      2.939e-04
ENSG00000023516:1(@)Loc1276   chr13_42276713_T_C_b38   3.983e-01 9.039e-04    9.039e-04      3.601e-04
ENSG00000277767:1(@)Loc1320   chr13_110915555_C_T_b38   7.592e-01 1.563e-04    1.563e-04      1.187e-04
ENSG00000213463:1(@)Loc1354   chr14_70317226_A_G_b38   5.221e-02 1.850e-02    1.850e-02      9.658e-04
ENSG00000213463:1(@)Loc1354   chr14_70367102_C_G_b38   7.666e-01 1.880e-03    1.880e-03      1.441e-03
ENSG00000258581:2(@)Loc1374   chr14_100325135_C_T_b38   1.327e-02 1.329e-02    1.329e-02      1.764e-04
ENSG00000176473:1(@)Loc1374   chr14_100378031_C_T_b38   1.388e-01 1.096e-01    1.096e-01      1.521e-02
ENSG00000142208:3(@)Loc1377   chr14_104796031_C_G_b38   3.476e-02 4.810e-03    4.810e-03      1.672e-04
ENSG00000142208:3(@)Loc1377   chr14_104810546_G_T_b38   4.370e-02 5.722e-03    5.722e-03      2.501e-04
ENSG00000142208:3(@)Loc1377   chr14_104810872_G_A_b38   7.631e-03 9.241e-01    9.241e-01      7.052e-03
ENSG00000259211:1(@)Loc1392   chr15_40464836_A_C_b38   9.996e-01 4.986e-04    4.986e-04      4.984e-04
ENSG00000103932:1(@)Loc1393   chr15_41525464_A_G_b38   5.488e-01 4.957e-04    4.957e-04      2.720e-04
ENSG00000062524:1(@)Loc1393   chr15_41554978_T_G_b38   1.000e+00 6.941e-04    6.941e-04      6.940e-04
ENSG00000092445:1(@)Loc1393   chr15_41554978_T_G_b38   9.998e-01 6.941e-04    6.941e-04      6.940e-04
ENSG00000223572:2(@)Loc1394   chr15_43288447_C_T_b38   1.000e+00 1.049e-02    1.049e-02      1.049e-02
ENSG00000242866:2(@)Loc1394   chr15_43288447_C_T_b38   5.079e-02 1.049e-02    1.049e-02      5.328e-04
ENSG00000166762:2(@)Loc1394   chr15_43288447_C_T_b38   3.246e-02 1.049e-02    1.049e-02      3.406e-04
ENSG00000166762:2(@)Loc1395   chr15_43919075_T_C_b38   1.540e-02 3.838e-01    3.838e-01      5.909e-03
ENSG00000166762:2(@)Loc1395   chr15_43927409_G_A_b38   2.850e-02 2.498e-01    2.498e-01      7.119e-03
ENSG00000166762:2(@)Loc1395   chr15_43956999_A_T_b38   3.558e-03 6.951e-02    6.951e-02      2.473e-04
ENSG00000166762:2(@)Loc1395   chr15_43957856_C_G_b38   3.173e-03 1.103e-01    1.103e-01      3.498e-04
ENSG00000166762:2(@)Loc1395   chr15_43958097_T_C_b38   3.173e-03 3.572e-02    3.572e-02      1.133e-04
ENSG00000275601:2(@)Loc1395   chr15_43919075_T_C_b38   8.911e-02 3.838e-01    3.838e-01      3.420e-02
ENSG00000275601:2(@)Loc1395   chr15_43927409_G_A_b38   1.519e-02 2.498e-01    2.498e-01      3.793e-03
ENSG00000167004:2(@)Loc1395   chr15_43919075_T_C_b38   8.070e-04 3.838e-01    3.838e-01      3.097e-04
ENSG00000167004:2(@)Loc1395   chr15_43927409_G_A_b38   1.416e-03 2.498e-01    2.498e-01      3.536e-04
ENSG00000167004:2(@)Loc1395   chr15_43946671_C_G_b38   2.473e-03 8.391e-02    8.391e-02      2.075e-04
ENSG00000167004:2(@)Loc1395   chr15_43966699_C_T_b38   4.033e-03 2.801e-02    2.801e-02      1.130e-04
ENSG00000138592:1(@)Loc1398   chr15_50425008_C_G_b38   5.354e-01 1.121e-03    1.121e-03      6.004e-04
ENSG00000259298:1(@)Loc1398   chr15_50459429_C_G_b38   5.439e-02 2.919e-03    2.919e-03      1.588e-04
ENSG00000259298:1(@)Loc1398   chr15_50503906_T_A_b38   1.696e-01 2.960e-03    2.960e-03      5.021e-04
ENSG00000259298:1(@)Loc1398   chr15_50504864_C_T_b38   2.597e-01 1.422e-03    1.422e-03      3.693e-04
ENSG00000259618:1(@)Loc1398   chr15_50507898_G_A_b38   5.105e-02 2.264e-03    2.264e-03      1.156e-04
ENSG00000259618:1(@)Loc1398   chr15_50531125_C_A_b38   1.020e-01 1.362e-03    1.362e-03      1.390e-04
ENSG00000170236:1(@)Loc1398   chr15_50542929_T_C_b38   1.867e-01 1.580e-03    1.580e-03      2.949e-04
ENSG00000138600:2(@)Loc1398   chr15_50761998_C_G_b38   9.125e-01 1.293e-04    1.293e-04      1.180e-04
ENSG00000186417:2(@)Loc1398   chr15_51341432_G_A_b38   3.944e-01 3.036e-04    3.036e-04      1.197e-04
ENSG00000166477:1(@)Loc1399   chr15_51973403_G_C_b38   4.465e-01 2.252e-04    2.252e-04      1.006e-04
ENSG00000259709:3(@)Loc1399   chr15_52160437_A_C_b38   5.883e-01 2.128e-04    2.128e-04      1.252e-04
ENSG00000174485:2(@)Loc1408   chr15_65778355_C_T_b38   3.111e-02 3.360e-03    3.361e-03      1.045e-04
ENSG00000103876:2(@)Loc1415   chr15_80151611_T_G_b38   2.484e-01 5.598e-03    5.598e-03      1.391e-03
ENSG00000103876:2(@)Loc1415   chr15_80152950_G_C_b38   4.156e-01 4.061e-04    4.061e-04      1.688e-04
ENSG00000259359:2(@)Loc1424   chr15_96166897_C_T_b38   4.705e-03 2.474e-02    2.474e-02      1.164e-04
ENSG00000259359:2(@)Loc1424   chr15_96171587_C_A_b38   2.546e-02 9.269e-03    9.269e-03      2.360e-04
ENSG00000103245:1(@)Loc1429   chr16_733004_T_C_b38   9.993e-01 2.296e-04    2.296e-04      2.295e-04
ENSG00000103253:1(@)Loc1429   chr16_733173_T_C_b38   6.264e-01 1.844e-04    1.844e-04      1.155e-04
ENSG00000185338:1(@)Loc1439   chr16_11263182_G_A_b38   9.667e-01 6.124e-04    6.125e-04      5.921e-04
ENSG00000254852:1(@)Loc1443   chr16_15036083_C_T_b38   9.692e-02 1.439e-02    1.439e-02      1.395e-03
ENSG00000183426:5(@)Loc1443   chr16_15036113_A_G_b38   1.625e-01 2.465e-03    2.465e-03      4.005e-04
ENSG00000183426:1(@)Loc1443   chr16_15036083_C_T_b38   9.999e-01 1.439e-02    1.439e-02      1.439e-02
ENSG00000183793:1(@)Loc1443   chr16_15036083_C_T_b38   9.999e-01 1.439e-02    1.439e-02      1.439e-02
ENSG00000188599:2(@)Loc1443   chr16_15045737_T_C_b38   1.000e+00 1.342e-04    1.342e-04      1.342e-04
ENSG00000157045:1(@)Loc1443   chr16_15054789_C_A_b38   1.980e-01 3.298e-03    3.298e-03      6.531e-04
ENSG00000157045:1(@)Loc1443   chr16_15056648_C_A_b38   6.103e-01 3.587e-03    3.587e-03      2.189e-03
ENSG00000157045:1(@)Loc1443   chr16_15078261_T_C_b38   6.957e-02 3.977e-03    3.977e-03      2.767e-04
ENSG00000260735:2(@)Loc1443   chr16_15147057_G_A_b38   9.998e-01 1.081e-04    1.081e-04      1.081e-04
ENSG00000103550:1(@)Loc1446   chr16_19708624_C_A_b38   3.327e-01 2.459e-03    2.459e-03      8.180e-04
ENSG00000103550:1(@)Loc1446   chr16_19711044_T_C_b38   3.327e-01 3.065e-03    3.065e-03      1.020e-03
ENSG00000259982:1(@)Loc1451   chr16_28362840_G_C_b38   1.000e+00 1.660e-04    1.660e-04      1.660e-04
ENSG00000251417:3(@)Loc1451   chr16_28832747_T_A_b38   2.825e-03 4.061e-02    4.061e-02      1.147e-04
ENSG00000178188:1(@)Loc1451   chr16_28832747_T_A_b38   3.586e-03 4.061e-02    4.061e-02      1.456e-04
ENSG00000259982:2(@)Loc1451   chr16_28633342_A_T_b38   1.000e+00 3.064e-04    3.064e-04      3.064e-04
ENSG00000251417:1(@)Loc1451   chr16_28837347_T_C_b38   1.175e-01 1.179e-03    1.179e-03      1.385e-04
ENSG00000261766:1(@)Loc1451   chr16_28862077_G_A_b38   2.105e-01 8.728e-04    8.729e-04      1.837e-04
ENSG00000178952:1(@)Loc1451   chr16_28846324_A_G_b38   9.810e-01 7.271e-04    7.271e-04      7.133e-04
ENSG00000196296:1(@)Loc1451   chr16_28878165_C_A_b38   1.060e-01 3.753e-03    3.753e-03      3.979e-04
ENSG00000176953:1(@)Loc1451   chr16_28958159_A_G_b38   4.216e-01 1.117e-03    1.117e-03      4.707e-04
ENSG00000176953:1(@)Loc1451   chr16_28961946_C_T_b38   1.034e-01 1.206e-03    1.206e-03      1.247e-04
ENSG00000176953:1(@)Loc1451   chr16_28981325_G_A_b38   1.130e-01 1.213e-02    1.213e-02      1.370e-03
ENSG00000176953:1(@)Loc1451   chr16_28982328_AC_A_b38   1.265e-01 9.080e-04    9.080e-04      1.148e-04
ENSG00000260853:1(@)Loc1451   chr16_28958159_A_G_b38   7.981e-01 1.117e-03    1.117e-03      8.911e-04
ENSG00000260853:1(@)Loc1451   chr16_28961946_C_T_b38   8.660e-02 1.206e-03    1.206e-03      1.044e-04
ENSG00000260853:1(@)Loc1451   chr16_28981325_G_A_b38   3.044e-02 1.213e-02    1.213e-02      3.692e-04
ENSG00000087237:1(@)Loc1458   chr16_56960332_T_TA_b38   1.286e-01 1.000e+00    1.000e+00      1.286e-01
ENSG00000102904:2(@)Loc1464   chr16_67845497_G_A_b38   2.196e-03 2.174e-01    2.174e-01      4.775e-04
ENSG00000102904:2(@)Loc1464   chr16_67863584_C_T_b38   8.301e-04 2.429e-01    2.429e-01      2.016e-04
ENSG00000159792:2(@)Loc1464   chr16_67894139_G_A_b38   4.543e-03 5.163e-01    5.163e-01      2.345e-03
ENSG00000102898:2(@)Loc1464   chr16_67845497_G_A_b38   5.396e-03 2.174e-01    2.174e-01      1.173e-03
ENSG00000102898:2(@)Loc1464   chr16_67863584_C_T_b38   8.532e-04 2.429e-01    2.429e-01      2.072e-04
ENSG00000102898:2(@)Loc1464   chr16_67894139_G_A_b38   3.743e-04 5.163e-01    5.163e-01      1.932e-04
ENSG00000188038:2(@)Loc1464   chr16_67845497_G_A_b38   4.591e-03 2.174e-01    2.174e-01      9.982e-04
ENSG00000188038:2(@)Loc1464   chr16_67863584_C_T_b38   1.044e-02 2.429e-01    2.429e-01      2.536e-03
ENSG00000188038:2(@)Loc1464   chr16_67894139_G_A_b38   2.996e-02 5.163e-01    5.163e-01      1.547e-02
ENSG00000124067:1(@)Loc1464   chr16_67894139_G_A_b38   4.623e-03 5.163e-01    5.163e-01      2.387e-03
ENSG00000124067:1(@)Loc1464   chr16_67951803_C_T_b38   6.329e-02 1.526e-02    1.526e-02      9.660e-04
ENSG00000124067:1(@)Loc1464   chr16_67964017_T_C_b38   6.107e-02 2.470e-03    2.470e-03      1.508e-04
ENSG00000213398:3(@)Loc1464   chr16_67894139_G_A_b38   4.327e-03 5.163e-01    5.163e-01      2.234e-03
ENSG00000213398:1(@)Loc1464   chr16_67951803_C_T_b38   3.545e-02 1.526e-02    1.526e-02      5.411e-04
ENSG00000050820:2(@)Loc1468   chr16_75260224_T_A_b38   3.674e-02 3.097e-03    3.097e-03      1.138e-04
ENSG00000260630:3(@)Loc1481   chr16_88663413_G_A_b38   6.804e-01 3.302e-04    3.303e-04      2.247e-04
ENSG00000220205:1(@)Loc1489   chr17_8163115_C_T_b38   1.487e-01 7.734e-04    7.734e-04      1.150e-04
ENSG00000220205:1(@)Loc1489   chr17_8163123_C_T_b38   4.351e-01 7.734e-04    7.734e-04      3.365e-04
ENSG00000187688:1(@)Loc1496   chr17_16415618_T_C_b38   9.996e-01 1.318e-04    1.318e-04      1.317e-04
ENSG00000004142:1(@)Loc1499   chr17_28368811_A_G_b38   5.751e-01 3.423e-04    3.423e-04      1.969e-04
ENSG00000172171:1(@)Loc1500   chr17_30899634_A_G_b38   4.736e-01 3.515e-04    3.515e-04      1.665e-04
ENSG00000005156:1(@)Loc1503   chr17_34980567_G_A_b38   9.209e-01 7.158e-04    7.158e-04      6.591e-04
ENSG00000108306:1(@)Loc1505   chr17_39360469_T_C_b38   2.148e-02 1.298e-02    1.298e-02      2.789e-04
ENSG00000108306:1(@)Loc1505   chr17_39395735_G_A_b38   1.128e-01 4.218e-03    4.218e-03      4.759e-04
ENSG00000173991:2(@)Loc1505   chr17_39657827_G_A_b38   6.811e-04 1.529e-01    1.529e-01      1.042e-04
ENSG00000173991:2(@)Loc1505   chr17_39665182_G_T_b38   3.899e-03 3.231e-01    3.231e-01      1.260e-03
ENSG00000131748:2(@)Loc1505   chr17_39653965_C_G_b38   3.691e-02 1.401e-02    1.401e-02      5.170e-04
ENSG00000131748:2(@)Loc1505   chr17_39657827_G_A_b38   3.575e-02 1.529e-01    1.529e-01      5.467e-03
ENSG00000131748:2(@)Loc1505   chr17_39665182_G_T_b38   1.262e-02 3.231e-01    3.231e-01      4.076e-03
ENSG00000141744:2(@)Loc1505   chr17_39657827_G_A_b38   8.850e-04 1.529e-01    1.529e-01      1.353e-04
ENSG00000141744:2(@)Loc1505   chr17_39665182_G_T_b38   2.585e-03 3.231e-01    3.231e-01      8.354e-04
ENSG00000141744:2(@)Loc1505   chr17_39666058_A_C_b38   3.748e-02 1.284e-02    1.284e-02      4.812e-04
ENSG00000141736:1(@)Loc1505   chr17_39665182_G_T_b38   1.205e-03 3.231e-01    3.231e-01      3.892e-04
ENSG00000108771:1(@)Loc1507   chr17_42115237_T_C_b38   3.188e-01 1.589e-03    1.589e-03      5.066e-04
ENSG00000108774:1(@)Loc1507   chr17_42138534_T_C_b38   3.897e-02 4.181e-03    4.181e-03      1.629e-04
ENSG00000141699:2(@)Loc1507   chr17_42615670_C_T_b38   1.191e-03 1.306e-01    1.306e-01      1.555e-04
ENSG00000108785:1(@)Loc1507   chr17_42553697_G_A_b38   4.891e-01 3.622e-04    3.622e-04      1.772e-04
ENSG00000108786:1(@)Loc1507   chr17_42552545_G_A_b38   5.855e-01 4.096e-04    4.096e-04      2.398e-04
ENSG00000108786:1(@)Loc1507   chr17_42555426_A_C_b38   3.304e-01 3.622e-04    3.622e-04      1.197e-04
ENSG00000131470:1(@)Loc1507   chr17_42615670_C_T_b38   9.681e-03 1.306e-01    1.306e-01      1.264e-03
ENSG00000037042:3(@)Loc1507   chr17_42615670_C_T_b38   1.081e-03 1.306e-01    1.306e-01      1.412e-04
ENSG00000037042:2(@)Loc1507   chr17_42660047_G_A_b38   6.967e-01 2.719e-04    2.719e-04      1.894e-04
ENSG00000108861:3(@)Loc1508   chr17_43788259_T_G_b38   4.149e-02 1.031e-02    1.031e-02      4.276e-04
ENSG00000108852:3(@)Loc1508   chr17_43901388_G_T_b38   3.525e-02 3.635e-01    3.635e-01      1.281e-02
ENSG00000108852:3(@)Loc1508   chr17_43907481_C_G_b38   5.349e-01 6.129e-03    6.129e-03      3.278e-03
ENSG00000261514:2(@)Loc1508   chr17_43934455_G_A_b38   2.658e-02 5.005e-03    5.005e-03      1.330e-04
ENSG00000261514:2(@)Loc1508   chr17_43936366_C_T_b38   4.222e-02 3.505e-03    3.505e-03      1.480e-04
ENSG00000261514:2(@)Loc1508   chr17_43938182_G_A_b38   1.631e-01 7.517e-04    7.517e-04      1.226e-04
ENSG00000261514:2(@)Loc1508   chr17_43939109_T_G_b38   4.206e-02 3.399e-03    3.399e-03      1.430e-04
ENSG00000261514:2(@)Loc1508   chr17_43946742_T_C_b38   8.860e-02 4.715e-03    4.716e-03      4.178e-04
ENSG00000263142:1(@)Loc1509   chr17_47017272_G_T_b38   8.529e-01 1.798e-04    1.798e-04      1.533e-04
ENSG00000263142:2(@)Loc1509   chr17_47051573_A_G_b38   9.977e-01 1.900e-04    1.900e-04      1.896e-04
ENSG00000141279:1(@)Loc1509   chr17_47530206_T_G_b38   2.640e-01 4.154e-04    4.154e-04      1.097e-04
ENSG00000167183:1(@)Loc1510   chr17_47949316_TCAACC_T_b38   1.082e-01 1.537e-03    1.537e-03      1.664e-04
ENSG00000167183:1(@)Loc1510   chr17_47957635_C_G_b38   8.913e-01 3.312e-03    3.312e-03      2.952e-03
ENSG00000082641:2(@)Loc1510   chr17_48040108_C_T_b38   1.047e-01 3.233e-03    3.233e-03      3.384e-04
ENSG00000082641:2(@)Loc1510   chr17_48043866_G_T_b38   3.876e-02 3.423e-03    3.424e-03      1.327e-04
ENSG00000082641:2(@)Loc1510   chr17_48044513_T_C_b38   4.102e-02 3.423e-03    3.424e-03      1.404e-04
ENSG00000082641:2(@)Loc1510   chr17_48060543_C_T_b38   2.851e-01 1.624e-03    1.624e-03      4.629e-04
ENSG00000082641:2(@)Loc1510   chr17_48086180_T_G_b38   9.730e-02 1.624e-03    1.624e-03      1.580e-04
ENSG00000082641:2(@)Loc1510   chr17_48090845_T_G_b38   9.730e-02 1.624e-03    1.624e-03      1.580e-04
ENSG00000263412:1(@)Loc1510   chr17_48048903_C_G_b38   1.463e-01 1.424e-03    1.424e-03      2.084e-04
ENSG00000263412:1(@)Loc1510   chr17_48072318_G_A_b38   1.220e-02 3.551e-02    3.551e-02      4.332e-04
ENSG00000132471:1(@)Loc1524   chr17_75848667_A_G_b38   8.549e-01 1.902e-04    1.902e-04      1.626e-04
ENSG00000154889:2(@)Loc1538   chr18_11908433_A_AGCCGCTTCGTCCGCCCGGC_b38   5.046e-01 2.047e-04    2.047e-04      1.033e-04
ENSG00000267444:3(@)Loc1556   chr18_49632720_A_G_b38   2.714e-02 3.764e-03    3.764e-03      1.021e-04
ENSG00000267444:3(@)Loc1556   chr18_49640844_T_C_b38   1.799e-03 9.207e-01    9.207e-01      1.656e-03
ENSG00000267444:3(@)Loc1556   chr18_49645913_A_G_b38   8.320e-03 6.244e-02    6.244e-02      5.195e-04
ENSG00000166401:1(@)Loc1564   chr18_63969991_A_G_b38   3.585e-01 3.108e-04    3.108e-04      1.114e-04
ENSG00000130270:3(@)Loc1579   chr19_1812683_A_G_b38   9.667e-01 2.448e-04    2.448e-04      2.366e-04
ENSG00000167658:1(@)Loc1581   chr19_3983304_G_A_b38   3.925e-02 1.019e-02    1.019e-02      3.999e-04
ENSG00000167658:1(@)Loc1581   chr19_3985252_C_G_b38   3.196e-01 3.639e-04    3.640e-04      1.163e-04
ENSG00000214248:2(@)Loc1584   chr19_7905750_A_G_b38   2.099e-03 6.616e-01    6.616e-01      1.389e-03
ENSG00000269386:4(@)Loc1585   chr19_8366697_G_A_b38   5.439e-03 6.668e-01    6.668e-01      3.627e-03
ENSG00000269386:4(@)Loc1585   chr19_8388938_T_C_b38   3.295e-02 3.328e-01    3.328e-01      1.097e-02
ENSG00000167772:1(@)Loc1585   chr19_8366697_G_A_b38   7.018e-03 6.668e-01    6.668e-01      4.680e-03
ENSG00000167772:1(@)Loc1585   chr19_8388938_T_C_b38   6.434e-03 3.328e-01    3.328e-01      2.141e-03
ENSG00000099785:2(@)Loc1585   chr19_8388938_T_C_b38   5.174e-02 3.328e-01    3.328e-01      1.722e-02
ENSG00000185236:1(@)Loc1585   chr19_8388938_T_C_b38   2.711e-02 3.328e-01    3.328e-01      9.022e-03
ENSG00000142347:1(@)Loc1585   chr19_8550705_A_G_b38   9.999e-01 1.008e-04    1.008e-04      1.008e-04
ENSG00000129354:1(@)Loc1586   chr19_10580487_T_C_b38   8.395e-01 1.509e-04    1.509e-04      1.266e-04
ENSG00000161888:1(@)Loc1586   chr19_11152293_G_T_b38   9.301e-01 1.097e-04    1.097e-04      1.020e-04
ENSG00000130173:1(@)Loc1587   chr19_11236817_T_C_b38   3.395e-03 9.097e-01    9.097e-01      3.088e-03
ENSG00000273733:1(@)Loc1587   chr19_11223503_C_T_b38   1.227e-01 9.030e-02    9.030e-02      1.108e-02
ENSG00000072958:1(@)Loc1590   chr19_16244703_G_A_b38   2.763e-01 4.459e-04    4.459e-04      1.232e-04
ENSG00000006015:1(@)Loc1592   chr19_18588635_G_A_b38   7.183e-01 2.500e-04    2.500e-04      1.796e-04
ENSG00000267213:2(@)Loc1600   chr19_32405810_C_G_b38   7.745e-01 2.272e-04    2.272e-04      1.760e-04
ENSG00000178904:1(@)Loc1600   chr19_32405940_G_A_b38   4.889e-01 2.272e-04    2.272e-04      1.111e-04
ENSG00000089351:1(@)Loc1601   chr19_35007986_C_T_b38   7.724e-01 3.735e-04    3.735e-04      2.885e-04
ENSG00000105204:1(@)Loc1604   chr19_39833947_G_T_b38   1.797e-01 5.709e-04    5.709e-04      1.026e-04
ENSG00000256612:2(@)Loc1605   chr19_40712706_G_A_b38   5.776e-01 2.910e-04    2.910e-04      1.681e-04
ENSG00000123810:2(@)Loc1605   chr19_41365349_A_G_b38   1.098e-01 1.367e-03    1.367e-03      1.501e-04
ENSG00000130204:2(@)Loc1608   chr19_44892362_A_G_b38   1.909e-03 9.999e-01    9.999e-01      1.909e-03
ENSG00000267282:2(@)Loc1608   chr19_44892362_A_G_b38   1.483e-03 9.999e-01    9.999e-01      1.483e-03
ENSG00000142230:1(@)Loc1610   chr19_47093845_T_C_b38   1.141e-02 1.986e-01    1.986e-01      2.266e-03
ENSG00000142230:1(@)Loc1610   chr19_47105955_C_T_b38   1.981e-02 5.814e-03    5.814e-03      1.152e-04
ENSG00000142230:1(@)Loc1610   chr19_47105966_G_A_b38   1.981e-02 5.814e-03    5.814e-03      1.152e-04
ENSG00000142230:1(@)Loc1610   chr19_47111643_T_TA_b38   4.105e-02 5.814e-03    5.814e-03      2.387e-04
ENSG00000142230:1(@)Loc1610   chr19_47113120_G_T_b38   6.150e-01 5.011e-03    5.011e-03      3.081e-03
ENSG00000142230:1(@)Loc1610   chr19_47116303_G_A_b38   7.303e-02 5.011e-03    5.011e-03      3.659e-04
ENSG00000118156:1(@)Loc1610   chr19_47590584_T_G_b38   8.524e-02 1.290e-03    1.290e-03      1.100e-04
ENSG00000118156:1(@)Loc1610   chr19_47590696_A_G_b38   5.186e-01 1.144e-03    1.144e-03      5.931e-04
ENSG00000131042:2(@)Loc1614   chr19_54293995_T_C_b38   5.309e-03 1.000e+00    1.000e+00      5.309e-03
ENSG00000187116:2(@)Loc1614   chr19_54293995_T_C_b38   2.734e-04 1.000e+00    1.000e+00      2.734e-04
ENSG00000276449:1(@)Loc1616   chr19_57438168_T_C_b38   9.989e-01 1.022e-04    1.022e-04      1.020e-04
ENSG00000186230:1(@)Loc1616   chr19_57438168_T_C_b38   9.988e-01 1.022e-04    1.022e-04      1.020e-04
ENSG00000198131:1(@)Loc1616   chr19_58255044_C_T_b38   3.604e-01 4.351e-04    4.351e-04      1.568e-04
ENSG00000268516:1(@)Loc1616   chr19_58270286_G_A_b38   9.098e-01 2.302e-04    2.302e-04      2.095e-04
ENSG00000275784:1(@)Loc1636   chr20_33992095_T_G_b38   7.169e-01 1.779e-04    1.779e-04      1.275e-04
ENSG00000101460:1(@)Loc1637   chr20_34551066_T_C_b38   8.301e-01 7.931e-04    7.931e-04      6.584e-04
ENSG00000198646:3(@)Loc1637   chr20_34821547_G_A_b38   5.834e-03 4.916e-02    4.916e-02      2.868e-04
ENSG00000125966:2(@)Loc1637   chr20_35190180_A_G_b38   4.797e-04 2.763e-01    2.763e-01      1.325e-04
ENSG00000124191:1(@)Loc1643   chr20_43901080_C_T_b38   4.321e-01 7.016e-04    7.016e-04      3.032e-04
ENSG00000124257:3(@)Loc1644   chr20_45925376_T_C_b38   9.456e-03 4.136e-01    4.136e-01      3.911e-03
ENSG00000124257:3(@)Loc1644   chr20_45956781_A_G_b38   1.965e-02 4.258e-01    4.258e-01      8.369e-03
ENSG00000124257:3(@)Loc1644   chr20_45961659_C_G_b38   1.337e-02 1.564e-01    1.564e-01      2.092e-03
ENSG00000100982:1(@)Loc1644   chr20_45925376_T_C_b38   3.220e-03 4.136e-01    4.136e-01      1.332e-03
ENSG00000100982:1(@)Loc1644   chr20_45956781_A_G_b38   1.865e-03 4.259e-01    4.259e-01      7.943e-04
ENSG00000101115:1(@)Loc1647   chr20_51801133_G_A_b38   9.997e-01 1.061e-04    1.061e-04      1.060e-04
ENSG00000171703:1(@)Loc1654   chr20_64069739_A_C_b38   1.247e-01 3.571e-03    3.571e-03      4.454e-04
ENSG00000171700:1(@)Loc1654   chr20_64080106_C_T_b38   9.994e-01 1.527e-04    1.527e-04      1.526e-04
ENSG00000226496:1(@)Loc1674   chr21_41152915_C_G_b38   9.994e-01 1.003e-04    1.003e-04      1.002e-04
ENSG00000184787:2(@)Loc1677   chr21_44858038_G_T_b38   1.432e-01 5.321e-03    5.321e-03      7.619e-04
ENSG00000185651:1(@)Loc1682   chr22_21574627_T_G_b38   6.385e-03 3.100e-01    3.100e-01      1.979e-03
ENSG00000185651:1(@)Loc1682   chr22_21577779_C_T_b38   1.156e-02 6.363e-01    6.363e-01      7.357e-03
ENSG00000185651:1(@)Loc1682   chr22_21585900_T_G_b38   1.058e-02 5.366e-02    5.366e-02      5.678e-04
ENSG00000273342:1(@)Loc1682   chr22_21577779_C_T_b38   2.602e-03 6.363e-01    6.363e-01      1.656e-03
ENSG00000273342:1(@)Loc1682   chr22_21585900_T_G_b38   4.032e-03 5.366e-02    5.366e-02      2.164e-04
ENSG00000161180:1(@)Loc1682   chr22_21577779_C_T_b38   3.105e-03 6.363e-01    6.363e-01      1.976e-03
ENSG00000161180:1(@)Loc1682   chr22_21585900_T_G_b38   2.577e-03 5.366e-02    5.366e-02      1.383e-04
ENSG00000244425:2(@)Loc1684   chr22_23877973_C_T_b38   5.068e-01 1.974e-04    1.974e-04      1.001e-04
ENSG00000273295:2(@)Loc1684   chr22_23908828_C_T_b38   2.572e-01 4.211e-04    4.211e-04      1.083e-04
ENSG00000273295:2(@)Loc1684   chr22_23908979_G_C_b38   2.572e-01 4.211e-04    4.211e-04      1.083e-04
ENSG00000099984:4(@)Loc1684   chr22_23970896_G_A_b38   3.226e-01 4.954e-04    4.954e-04      1.598e-04
ENSG00000133433:4(@)Loc1684   chr22_23970896_G_A_b38   8.953e-01 4.954e-04    4.954e-04      4.436e-04
ENSG00000100058:1(@)Loc1685   chr22_25459662_G_A_b38   9.970e-01 1.864e-04    1.864e-04      1.859e-04
ENSG00000272977:1(@)Loc1685   chr22_25459662_G_A_b38   9.979e-01 1.864e-04    1.864e-04      1.861e-04
ENSG00000100325:2(@)Loc1688   chr22_29788610_G_A_b38   1.821e-03 8.472e-02    8.472e-02      1.543e-04
ENSG00000100330:3(@)Loc1688   chr22_29892349_A_T_b38   1.382e-01 8.115e-04    8.115e-04      1.121e-04
ENSG00000100330:3(@)Loc1688   chr22_29892350_A_T_b38   1.745e-01 8.115e-04    8.115e-04      1.416e-04
ENSG00000227201:3(@)Loc1688   chr22_30064445_G_T_b38   2.899e-03 3.560e-02    3.561e-02      1.032e-04
ENSG00000198089:2(@)Loc1689   chr22_31530757_A_G_b38   9.968e-01 1.080e-04    1.080e-04      1.076e-04
ENSG00000198792:3(@)Loc1693   chr22_38160253_T_G_b38   4.516e-03 2.474e-02    2.474e-02      1.117e-04
ENSG00000185022:2(@)Loc1693   chr22_38199404_G_A_b38   1.555e-03 6.993e-02    6.993e-02      1.088e-04
