Signal	SNP	PIP_qtl	PIP_gwas_marginal	PIP_gwas_qtl_prior	SCP
ENSG00000158825:1(@)Loc14   chr1_20590713_G_A_b38   1.040e-01 1.023e-02    1.023e-02      1.064e-03
ENSG00000001460:1(@)Loc17   chr1_24417293_C_T_b38   4.358e-01 2.822e-04    2.822e-04      1.230e-04
ENSG00000260063:1(@)Loc18   chr1_26712737_C_T_b38   8.006e-03 3.114e-01    3.113e-01      2.492e-03
ENSG00000060642:1(@)Loc18   chr1_26811902_C_T_b38   1.169e-02 4.286e-01    4.286e-01      5.012e-03
ENSG00000253368:1(@)Loc18   chr1_26958704_C_T_b38   1.198e-03 2.179e-01    2.179e-01      2.610e-04
ENSG00000158161:1(@)Loc19   chr1_28074367_T_C_b38   6.725e-02 1.861e-03    1.861e-03      1.251e-04
ENSG00000158161:1(@)Loc19   chr1_28080155_C_CA_b38   1.316e-01 1.393e-03    1.393e-03      1.833e-04
ENSG00000182109:2(@)Loc24   chr1_39570014_C_T_b38   8.817e-03 2.012e-01    2.012e-01      1.774e-03
ENSG00000243970:2(@)Loc24   chr1_39562508_A_G_b38   1.981e-02 5.718e-01    5.718e-01      1.133e-02
ENSG00000243970:2(@)Loc24   chr1_39570014_C_T_b38   4.850e-03 2.012e-01    2.012e-01      9.759e-04
ENSG00000228060:2(@)Loc24   chr1_39562508_A_G_b38   8.208e-04 5.718e-01    5.718e-01      4.693e-04
ENSG00000228060:2(@)Loc24   chr1_39570014_C_T_b38   1.144e-02 2.012e-01    2.012e-01      2.301e-03
ENSG00000090621:1(@)Loc24   chr1_39562508_A_G_b38   1.364e-02 5.718e-01    5.718e-01      7.799e-03
ENSG00000090621:1(@)Loc24   chr1_39570014_C_T_b38   1.494e-02 2.012e-01    2.012e-01      3.006e-03
ENSG00000090621:1(@)Loc24   chr1_39599289_G_A_b38   1.528e-02 6.734e-02    6.733e-02      1.029e-03
ENSG00000278967:1(@)Loc39   chr1_62608304_C_T_b38   9.784e-02 5.136e-03    5.135e-03      5.024e-04
ENSG00000278967:1(@)Loc39   chr1_62610155_G_A_b38   4.619e-02 3.436e-03    3.435e-03      1.587e-04
ENSG00000117500:1(@)Loc57   chr1_93150645_T_C_b38   1.559e-02 7.892e-02    7.890e-02      1.230e-03
ENSG00000117500:1(@)Loc57   chr1_93154836_G_A_b38   2.753e-02 1.191e-02    1.190e-02      3.276e-04
ENSG00000122483:1(@)Loc57   chr1_93150645_T_C_b38   4.743e-03 7.892e-02    7.890e-02      3.742e-04
ENSG00000122483:1(@)Loc57   chr1_93185990_T_C_b38   1.443e-02 1.284e-01    1.284e-01      1.853e-03
ENSG00000122483:1(@)Loc57   chr1_93210454_C_T_b38   2.755e-03 9.999e-02    9.997e-02      2.754e-04
ENSG00000117505:1(@)Loc57   chr1_93350843_A_G_b38   1.321e-01 6.504e-01    6.503e-01      8.592e-02
ENSG00000143126:1(@)Loc67   chr1_109274968_G_T_b38   4.946e-01 5.427e-01    5.427e-01      2.684e-01
ENSG00000134222:3(@)Loc67   chr1_109274968_G_T_b38   2.019e-03 5.427e-01    5.427e-01      1.096e-03
ENSG00000134222:3(@)Loc67   chr1_109275216_T_C_b38   3.007e-03 6.719e-02    6.719e-02      2.021e-04
ENSG00000134222:3(@)Loc67   chr1_109275908_C_T_b38   2.179e-03 3.466e-01    3.465e-01      7.550e-04
ENSG00000279513:1(@)Loc72   chr1_117493798_A_G_b38   1.301e-01 1.945e-03    1.944e-03      2.530e-04
ENSG00000160678:1(@)Loc76   chr1_153674224_A_G_b38   6.550e-01 1.939e-04    1.938e-04      1.270e-04
ENSG00000143575:1(@)Loc76   chr1_154270621_G_A_b38   1.168e-01 4.853e-03    4.852e-03      5.667e-04
ENSG00000143575:1(@)Loc76   chr1_154272666_T_G_b38   6.290e-01 1.539e-02    1.539e-02      9.679e-03
ENSG00000143575:1(@)Loc76   chr1_154279150_A_G_b38   4.271e-02 4.853e-03    4.852e-03      2.072e-04
ENSG00000143575:1(@)Loc76   chr1_154281841_G_A_b38   4.942e-02 4.541e-03    4.540e-03      2.244e-04
ENSG00000143575:1(@)Loc76   chr1_154284712_A_T_b38   2.182e-02 4.853e-03    4.852e-03      1.059e-04
ENSG00000143575:1(@)Loc76   chr1_154285242_T_C_b38   2.182e-02 4.853e-03    4.852e-03      1.059e-04
ENSG00000143575:1(@)Loc76   chr1_154286388_C_T_b38   2.182e-02 4.853e-03    4.852e-03      1.059e-04
ENSG00000143575:1(@)Loc76   chr1_154287174_G_A_b38   5.809e-02 5.103e-03    5.102e-03      2.964e-04
ENSG00000143575:1(@)Loc76   chr1_154287885_C_G_b38   2.182e-02 4.853e-03    4.852e-03      1.059e-04
ENSG00000143303:1(@)Loc78   chr1_156730859_T_G_b38   6.278e-02 9.208e-01    9.208e-01      5.781e-02
ENSG00000143319:2(@)Loc78   chr1_156730859_T_G_b38   1.339e-03 9.208e-01    9.208e-01      1.233e-03
ENSG00000143314:3(@)Loc78   chr1_156730859_T_G_b38   4.539e-04 9.208e-01    9.208e-01      4.179e-04
ENSG00000143294:1(@)Loc78   chr1_156730859_T_G_b38   1.513e-03 9.208e-01    9.208e-01      1.393e-03
ENSG00000069275:1(@)Loc105   chr1_205710759_G_T_b38   2.857e-03 9.145e-02    9.143e-02      2.612e-04
ENSG00000117280:2(@)Loc105   chr1_205750404_G_A_b38   2.765e-02 4.006e-02    4.005e-02      1.107e-03
ENSG00000198570:2(@)Loc108   chr1_211489879_C_T_b38   8.762e-03 1.269e-02    1.268e-02      1.111e-04
ENSG00000230461:1(@)Loc109   chr1_213981376_G_T_b38   9.814e-01 1.745e-04    1.744e-04      1.712e-04
ENSG00000272750:2(@)Loc115   chr1_222661880_A_C_b38   4.421e-01 2.556e-04    2.556e-04      1.130e-04
ENSG00000035115:1(@)Loc133   chr2_268293_A_G_b38   4.405e-01 2.271e-04    2.270e-04      1.000e-04
ENSG00000118004:1(@)Loc134   chr2_3592552_C_T_b38   1.526e-01 1.113e-03    1.113e-03      1.698e-04
ENSG00000118004:1(@)Loc134   chr2_3594771_T_C_b38   4.874e-01 3.422e-04    3.422e-04      1.668e-04
ENSG00000011523:1(@)Loc174   chr2_65056838_T_C_b38   2.543e-01 1.364e-03    1.364e-03      3.468e-04
ENSG00000011523:1(@)Loc174   chr2_65057022_C_CGTGGATGCAGCA_b38   7.425e-01 1.922e-03    1.922e-03      1.427e-03
ENSG00000116031:1(@)Loc179   chr2_70902908_C_A_b38   7.027e-01 1.965e-04    1.964e-04      1.380e-04
ENSG00000246575:3(@)Loc186   chr2_85315563_G_C_b38   5.513e-02 4.184e-02    4.184e-02      2.306e-03
ENSG00000246575:3(@)Loc186   chr2_85315595_G_A_b38   5.457e-02 1.667e-02    1.667e-02      9.099e-04
ENSG00000246575:3(@)Loc186   chr2_85317466_G_GCAACA_b38   2.730e-02 1.730e-02    1.730e-02      4.723e-04
ENSG00000246575:3(@)Loc186   chr2_85319492_C_T_b38   3.966e-02 1.317e-02    1.317e-02      5.223e-04
ENSG00000246575:3(@)Loc186   chr2_85319809_A_C_b38   3.966e-02 2.786e-02    2.786e-02      1.105e-03
ENSG00000246575:3(@)Loc186   chr2_85320253_C_G_b38   9.171e-03 2.671e-02    2.671e-02      2.450e-04
ENSG00000246575:3(@)Loc186   chr2_85320306_G_T_b38   9.171e-03 3.423e-02    3.423e-02      3.139e-04
ENSG00000246575:3(@)Loc186   chr2_85320840_C_T_b38   9.171e-03 3.327e-02    3.326e-02      3.051e-04
ENSG00000246575:3(@)Loc186   chr2_85320945_TA_T_b38   2.132e-02 1.627e-02    1.627e-02      3.468e-04
ENSG00000246575:3(@)Loc186   chr2_85324061_C_T_b38   3.325e-03 3.357e-02    3.357e-02      1.116e-04
ENSG00000152291:3(@)Loc186   chr2_85315563_G_C_b38   3.510e-02 4.184e-02    4.183e-02      1.468e-03
ENSG00000152291:3(@)Loc186   chr2_85315595_G_A_b38   3.510e-02 1.667e-02    1.667e-02      5.851e-04
ENSG00000152291:3(@)Loc186   chr2_85318929_A_G_b38   1.949e-02 1.720e-02    1.720e-02      3.353e-04
ENSG00000152291:3(@)Loc186   chr2_85319492_C_T_b38   6.105e-02 1.317e-02    1.317e-02      8.040e-04
ENSG00000152291:3(@)Loc186   chr2_85319809_A_C_b38   6.105e-02 2.786e-02    2.786e-02      1.701e-03
ENSG00000152291:3(@)Loc186   chr2_85320253_C_G_b38   8.312e-03 2.671e-02    2.671e-02      2.220e-04
ENSG00000152291:3(@)Loc186   chr2_85320306_G_T_b38   8.312e-03 3.423e-02    3.422e-02      2.845e-04
ENSG00000152291:3(@)Loc186   chr2_85320840_C_T_b38   8.312e-03 3.327e-02    3.326e-02      2.765e-04
ENSG00000152291:3(@)Loc186   chr2_85320945_TA_T_b38   6.105e-02 1.627e-02    1.626e-02      9.929e-04
ENSG00000152291:3(@)Loc186   chr2_85322404_T_C_b38   1.949e-02 2.996e-02    2.996e-02      5.839e-04
ENSG00000152291:3(@)Loc186   chr2_85322424_C_T_b38   1.949e-02 3.633e-02    3.632e-02      7.080e-04
ENSG00000152291:3(@)Loc186   chr2_85324061_C_T_b38   7.222e-03 3.357e-02    3.357e-02      2.424e-04
ENSG00000152291:3(@)Loc186   chr2_85324573_T_G_b38   3.931e-02 3.532e-02    3.532e-02      1.388e-03
ENSG00000152291:3(@)Loc186   chr2_85324656_G_A_b38   3.931e-02 3.725e-02    3.725e-02      1.464e-03
ENSG00000152291:3(@)Loc186   chr2_85325063_C_A_b38   1.498e-02 2.969e-02    2.969e-02      4.448e-04
ENSG00000152291:3(@)Loc186   chr2_85325586_T_C_b38   5.611e-02 1.656e-02    1.655e-02      9.289e-04
ENSG00000152291:3(@)Loc186   chr2_85325697_C_T_b38   3.931e-02 3.080e-02    3.080e-02      1.211e-03
ENSG00000152291:3(@)Loc186   chr2_85326661_C_T_b38   3.258e-01 3.433e-02    3.433e-02      1.118e-02
ENSG00000152291:3(@)Loc186   chr2_85328139_T_G_b38   1.492e-02 7.777e-03    7.776e-03      1.160e-04
ENSG00000152291:3(@)Loc186   chr2_85328355_C_T_b38   2.685e-02 4.705e-02    4.705e-02      1.263e-03
ENSG00000042445:1(@)Loc186   chr2_85333536_C_G_b38   9.293e-01 3.829e-04    3.828e-04      3.557e-04
ENSG00000138439:1(@)Loc252   chr2_202633063_A_C_b38   9.978e-01 3.754e-03    3.753e-03      3.745e-03
ENSG00000146205:1(@)Loc276   chr2_241298487_C_T_b38   8.404e-02 1.896e-03    1.896e-03      1.593e-04
ENSG00000115677:1(@)Loc276   chr2_241317397_G_C_b38   5.692e-01 4.124e-04    4.123e-04      2.347e-04
ENSG00000163702:2(@)Loc284   chr3_9889345_C_T_b38   4.198e-01 2.457e-04    2.456e-04      1.031e-04
ENSG00000160796:1(@)Loc309   chr3_47019693_G_A_b38   1.649e-01 9.720e-01    9.720e-01      1.603e-01
ENSG00000164077:2(@)Loc311   chr3_49934081_C_A_b38   8.209e-04 2.093e-01    2.093e-01      1.718e-04
ENSG00000004534:2(@)Loc311   chr3_49934081_C_A_b38   9.136e-04 2.093e-01    2.093e-01      1.912e-04
ENSG00000003756:1(@)Loc311   chr3_50075601_A_G_b38   3.525e-03 3.265e-01    3.265e-01      1.151e-03
ENSG00000003756:1(@)Loc311   chr3_50091966_C_T_b38   2.065e-02 4.002e-01    4.002e-01      8.263e-03
ENSG00000281691:2(@)Loc311   chr3_50075601_A_G_b38   5.146e-03 3.265e-01    3.265e-01      1.680e-03
ENSG00000281691:2(@)Loc311   chr3_50091966_C_T_b38   9.590e-03 4.002e-01    4.002e-01      3.838e-03
ENSG00000174579:1(@)Loc360   chr3_136207780_G_T_b38   1.891e-02 1.813e-01    1.812e-01      3.428e-03
ENSG00000174579:1(@)Loc360   chr3_136213517_C_T_b38   8.008e-03 3.692e-01    3.692e-01      2.956e-03
ENSG00000114054:2(@)Loc360   chr3_136207780_G_T_b38   6.553e-04 1.813e-01    1.813e-01      1.188e-04
ENSG00000114054:2(@)Loc360   chr3_136213517_C_T_b38   5.792e-04 3.692e-01    3.692e-01      2.138e-04
ENSG00000169903:2(@)Loc368   chr3_149473942_A_C_b38   4.724e-01 4.879e-04    4.878e-04      2.304e-04
ENSG00000113946:1(@)Loc392   chr3_190322608_C_T_b38   9.589e-01 5.803e-04    5.801e-04      5.563e-04
ENSG00000251615:1(@)Loc408   chr4_8372166_C_T_b38   9.999e-01 1.869e-04    1.868e-04      1.868e-04
ENSG00000251022:1(@)Loc454   chr4_82901181_G_A_b38   5.456e-01 2.129e-04    2.128e-04      1.161e-04
ENSG00000170509:2(@)Loc457   chr4_87102147_A_G_b38   1.510e-02 3.773e-02    3.773e-02      5.696e-04
ENSG00000170509:2(@)Loc457   chr4_87109109_G_T_b38   8.156e-04 2.552e-01    2.552e-01      2.082e-04
ENSG00000197894:2(@)Loc464   chr4_99093654_A_G_b38   6.997e-04 8.099e-01    8.099e-01      5.666e-04
ENSG00000246090:4(@)Loc464   chr4_99089437_CTCTT_C_b38   9.283e-01 1.850e-04    1.850e-04      1.717e-04
ENSG00000246090:4(@)Loc464   chr4_99093654_A_G_b38   1.082e-02 8.099e-01    8.099e-01      8.760e-03
ENSG00000263432:1(@)Loc594   chr5_123024708_T_C_b38   1.871e-01 7.106e-04    7.104e-04      1.329e-04
ENSG00000168938:1(@)Loc594   chr5_123036707_G_C_b38   8.502e-01 1.418e-04    1.418e-04      1.205e-04
ENSG00000164463:1(@)Loc623   chr5_173055900_CACTT_C_b38   3.821e-01 3.223e-04    3.222e-04      1.231e-04
ENSG00000113734:1(@)Loc623   chr5_173168995_G_T_b38   5.390e-01 3.191e-04    3.191e-04      1.720e-04
ENSG00000178338:2(@)Loc627   chr5_178860222_G_T_b38   9.980e-01 2.042e-04    2.041e-04      2.037e-04
ENSG00000161010:1(@)Loc628   chr5_179879490_A_G_b38   5.666e-01 2.923e-04    2.922e-04      1.656e-04
ENSG00000112308:1(@)Loc648   chr6_24719750_G_A_b38   7.842e-01 1.278e-03    1.278e-03      1.002e-03
ENSG00000273802:2(@)Loc650   chr6_26239176_A_G_b38   2.155e-02 1.184e-02    1.184e-02      2.551e-04
ENSG00000204618:2(@)Loc654   chr6_30064745_A_C_b38   4.204e-02 1.379e-02    1.379e-02      5.796e-04
ENSG00000204618:2(@)Loc654   chr6_30070870_T_C_b38   2.111e-01 9.484e-03    9.482e-03      2.001e-03
ENSG00000204618:2(@)Loc654   chr6_30106295_G_C_b38   4.915e-01 8.853e-04    8.850e-04      4.350e-04
ENSG00000204619:2(@)Loc654   chr6_30064745_A_C_b38   2.797e-02 1.379e-02    1.379e-02      3.855e-04
ENSG00000204619:2(@)Loc654   chr6_30070870_T_C_b38   1.982e-02 9.484e-03    9.482e-03      1.879e-04
ENSG00000137312:1(@)Loc654   chr6_30651129_A_G_b38   2.554e-03 9.064e-02    9.061e-02      2.314e-04
ENSG00000137312:1(@)Loc654   chr6_30740918_C_T_b38   2.020e-01 7.593e-04    7.591e-04      1.533e-04
ENSG00000137312:1(@)Loc654   chr6_30741178_C_T_b38   2.020e-01 4.166e-03    4.165e-03      8.413e-04
ENSG00000137312:1(@)Loc654   chr6_30741580_G_A_b38   2.020e-01 7.593e-04    7.591e-04      1.533e-04
ENSG00000204463:2(@)Loc656   chr6_31651799_A_G_b38   1.283e-01 4.271e-03    4.270e-03      5.476e-04
ENSG00000204444:1(@)Loc656   chr6_31651799_A_G_b38   6.420e-02 4.271e-03    4.270e-03      2.741e-04
ENSG00000204257:1(@)Loc657   chr6_32968343_C_T_b38   9.504e-01 3.155e-04    3.154e-04      2.998e-04
ENSG00000272288:2(@)Loc658   chr6_34695821_C_T_b38   6.658e-03 6.603e-02    6.601e-02      4.395e-04
ENSG00000137161:1(@)Loc663   chr6_42947283_G_A_b38   7.072e-02 1.694e-03    1.693e-03      1.197e-04
ENSG00000231113:1(@)Loc663   chr6_42947283_G_A_b38   9.986e-01 1.694e-03    1.693e-03      1.691e-03
ENSG00000231113:3(@)Loc663   chr6_42957156_C_CTCGGT_b38   7.111e-02 1.932e-03    1.932e-03      1.374e-04
ENSG00000231113:3(@)Loc663   chr6_42964977_C_T_b38   2.068e-02 6.251e-03    6.250e-03      1.292e-04
ENSG00000124713:1(@)Loc663   chr6_42964977_C_T_b38   2.154e-02 6.251e-03    6.250e-03      1.347e-04
ENSG00000124587:1(@)Loc663   chr6_42954622_C_CT_b38   1.440e-01 7.193e-04    7.191e-04      1.036e-04
ENSG00000124587:1(@)Loc663   chr6_42957194_A_G_b38   1.440e-01 7.193e-04    7.191e-04      1.036e-04
ENSG00000124587:1(@)Loc663   chr6_42963889_GTTTA_G_b38   1.440e-01 8.801e-04    8.799e-04      1.267e-04
ENSG00000124587:1(@)Loc663   chr6_42972935_A_G_b38   2.833e-01 7.752e-04    7.750e-04      2.195e-04
ENSG00000203799:1(@)Loc703   chr6_109252892_G_A_b38   2.381e-03 5.081e-01    5.081e-01      1.210e-03
ENSG00000178425:1(@)Loc707   chr6_116096949_G_A_b38   1.926e-01 1.235e-02    1.234e-02      2.378e-03
ENSG00000112282:1(@)Loc717   chr6_131629093_T_G_b38   2.540e-01 8.793e-04    8.791e-04      2.233e-04
ENSG00000112339:2(@)Loc719   chr6_135105435_A_G_b38   6.051e-02 1.852e-03    1.852e-03      1.121e-04
ENSG00000242611:1(@)Loc743   chr7_44935_C_T_b38   2.217e-01 4.896e-04    4.895e-04      1.085e-04
ENSG00000146540:1(@)Loc744   chr7_1041806_C_T_b38   6.058e-01 5.354e-04    5.353e-04      3.243e-04
ENSG00000146540:1(@)Loc744   chr7_1086257_A_G_b38   2.270e-02 4.863e-02    4.862e-02      1.104e-03
ENSG00000164849:2(@)Loc744   chr7_1044141_A_G_b38   6.261e-02 4.560e-01    4.560e-01      2.855e-02
ENSG00000164850:1(@)Loc744   chr7_1073177_C_G_b38   7.126e-01 1.725e-04    1.725e-04      1.229e-04
ENSG00000164850:3(@)Loc744   chr7_1077800_T_C_b38   5.059e-03 5.836e-02    5.835e-02      2.952e-04
ENSG00000180354:1(@)Loc766   chr7_30155442_G_A_b38   2.278e-01 1.086e-03    1.086e-03      2.474e-04
ENSG00000180354:1(@)Loc766   chr7_30159534_A_G_b38   7.649e-01 2.889e-04    2.888e-04      2.209e-04
ENSG00000211689:1(@)Loc770   chr7_38290290_A_G_b38   3.880e-02 3.192e-03    3.191e-03      1.238e-04
ENSG00000164556:2(@)Loc770   chr7_38691224_C_A_b38   4.794e-01 2.219e-04    2.218e-04      1.063e-04
ENSG00000188763:2(@)Loc789   chr7_73441939_G_A_b38   6.428e-03 2.000e-02    2.000e-02      1.286e-04
ENSG00000188763:2(@)Loc789   chr7_73448919_T_G_b38   3.281e-03 8.162e-02    8.161e-02      2.678e-04
ENSG00000188763:2(@)Loc789   chr7_73450539_A_G_b38   3.281e-03 8.189e-02    8.189e-02      2.687e-04
ENSG00000188763:2(@)Loc789   chr7_73464315_A_G_b38   1.561e-03 1.347e-01    1.347e-01      2.103e-04
ENSG00000009950:2(@)Loc789   chr7_73568544_C_T_b38   1.382e-03 3.304e-01    3.303e-01      4.565e-04
ENSG00000197150:1(@)Loc836   chr7_151073745_G_A_b38   5.786e-02 1.761e-03    1.761e-03      1.019e-04
ENSG00000254093:1(@)Loc855   chr8_10784455_G_A_b38   5.394e-04 3.717e-01    3.717e-01      2.005e-04
ENSG00000254093:1(@)Loc855   chr8_10791576_C_A_b38   2.933e-03 5.244e-02    5.244e-02      1.538e-04
ENSG00000254093:1(@)Loc855   chr8_10804727_T_C_b38   5.833e-03 2.101e-02    2.101e-02      1.226e-04
ENSG00000254093:1(@)Loc855   chr8_10811883_G_A_b38   4.536e-03 8.292e-02    8.292e-02      3.761e-04
ENSG00000234616:1(@)Loc934   chr8_142659758_A_G_b38   2.157e-01 5.632e-04    5.631e-04      1.215e-04
ENSG00000234616:1(@)Loc934   chr8_142664633_T_C_b38   2.157e-01 5.661e-04    5.659e-04      1.221e-04
ENSG00000277494:1(@)Loc935   chr8_143220901_A_G_b38   7.079e-01 3.205e-04    3.204e-04      2.268e-04
ENSG00000148057:1(@)Loc976   chr9_83623171_T_C_b38   1.596e-01 1.225e-03    1.224e-03      1.954e-04
ENSG00000235119:1(@)Loc994   chr9_114398641_A_G_b38   1.238e-01 1.867e-03    1.867e-03      2.312e-04
ENSG00000175164:4(@)Loc1005   chr9_133262254_C_T_b38   1.600e-02 1.726e-02    1.725e-02      2.760e-04
ENSG00000175164:1(@)Loc1005   chr9_133275782_G_A_b38   1.231e-01 1.597e-03    1.596e-03      1.964e-04
ENSG00000175164:3(@)Loc1005   chr9_133274293_AC_A_b38   3.247e-01 4.540e-04    4.539e-04      1.474e-04
ENSG00000175164:3(@)Loc1005   chr9_133274295_A_T_b38   3.247e-01 4.540e-04    4.539e-04      1.474e-04
ENSG00000057608:1(@)Loc1015   chr10_5813440_G_C_b38   9.973e-01 1.980e-04    1.979e-04      1.974e-04
ENSG00000229124:1(@)Loc1023   chr10_17226840_T_C_b38   2.387e-01 1.626e-03    1.626e-03      3.880e-04
ENSG00000204149:1(@)Loc1042   chr10_49973748_A_G_b38   8.899e-01 1.166e-04    1.165e-04      1.037e-04
ENSG00000165476:2(@)Loc1051   chr10_63504366_T_C_b38   5.296e-03 1.558e-01    1.557e-01      8.249e-04
ENSG00000165476:2(@)Loc1051   chr10_63517266_G_A_b38   3.777e-02 4.301e-02    4.300e-02      1.624e-03
ENSG00000165476:2(@)Loc1051   chr10_63521234_C_A_b38   3.912e-01 5.316e-04    5.315e-04      2.079e-04
ENSG00000176986:1(@)Loc1058   chr10_73717540_A_G_b38   9.405e-03 2.285e-02    2.284e-02      2.148e-04
ENSG00000230224:1(@)Loc1073   chr10_100246672_T_C_b38   5.241e-01 7.295e-04    7.293e-04      3.822e-04
ENSG00000230224:1(@)Loc1073   chr10_100256511_G_A_b38   2.253e-01 6.842e-04    6.840e-04      1.541e-04
ENSG00000095485:1(@)Loc1073   chr10_100264501_C_T_b38   6.935e-02 2.455e-03    2.454e-03      1.702e-04
ENSG00000095485:1(@)Loc1073   chr10_100266802_G_C_b38   2.402e-01 2.455e-03    2.454e-03      5.894e-04
ENSG00000095485:1(@)Loc1073   chr10_100267650_C_T_b38   6.121e-01 2.860e-03    2.859e-03      1.750e-03
ENSG00000043591:3(@)Loc1080   chr10_114029616_C_T_b38   4.346e-04 3.697e-01    3.697e-01      1.607e-04
ENSG00000043591:3(@)Loc1080   chr10_114033028_G_A_b38   4.346e-04 3.497e-01    3.497e-01      1.520e-04
ENSG00000043591:3(@)Loc1080   chr10_114045297_G_C_b38   5.855e-03 2.506e-02    2.506e-02      1.467e-04
ENSG00000165832:1(@)Loc1081   chr10_114931968_T_C_b38   1.034e-01 1.175e-03    1.174e-03      1.215e-04
ENSG00000165832:1(@)Loc1081   chr10_114933684_C_T_b38   1.737e-01 1.774e-03    1.774e-03      3.081e-04
ENSG00000165832:1(@)Loc1081   chr10_114939486_TA_T_b38   1.703e-01 1.542e-03    1.542e-03      2.625e-04
ENSG00000165832:1(@)Loc1081   chr10_114940677_C_T_b38   1.703e-01 9.855e-04    9.852e-04      1.678e-04
ENSG00000225302:1(@)Loc1081   chr10_116832903_G_C_b38   2.423e-01 6.260e-04    6.258e-04      1.517e-04
ENSG00000174915:1(@)Loc1095   chr11_462684_C_T_b38   1.128e-01 1.421e-03    1.421e-03      1.602e-04
ENSG00000185101:1(@)Loc1095   chr11_439879_G_A_b38   9.999e-01 1.185e-04    1.184e-04      1.184e-04
ENSG00000174775:1(@)Loc1095   chr11_539648_G_A_b38   7.721e-01 7.769e-04    7.767e-04      5.997e-04
ENSG00000134575:1(@)Loc1123   chr11_47273075_T_C_b38   3.147e-03 3.149e-01    3.149e-01      9.909e-04
ENSG00000134575:1(@)Loc1123   chr11_47276809_G_A_b38   3.133e-02 6.254e-03    6.253e-03      1.959e-04
ENSG00000134575:1(@)Loc1123   chr11_47284118_T_G_b38   2.404e-03 7.465e-02    7.465e-02      1.794e-04
ENSG00000134575:1(@)Loc1123   chr11_47305666_G_A_b38   1.412e-03 1.479e-01    1.478e-01      2.088e-04
ENSG00000134575:1(@)Loc1123   chr11_47323549_T_C_b38   1.412e-03 1.013e-01    1.013e-01      1.431e-04
ENSG00000025434:3(@)Loc1123   chr11_47273075_T_C_b38   4.169e-04 3.149e-01    3.149e-01      1.313e-04
ENSG00000168496:1(@)Loc1128   chr11_61783884_T_C_b38   6.581e-03 1.979e-01    1.979e-01      1.302e-03
ENSG00000168496:1(@)Loc1128   chr11_61785208_G_T_b38   2.056e-02 4.541e-02    4.541e-02      9.337e-04
ENSG00000168496:1(@)Loc1128   chr11_61790331_T_C_b38   5.455e-03 2.742e-01    2.742e-01      1.496e-03
ENSG00000168496:1(@)Loc1128   chr11_61802358_C_T_b38   2.763e-02 2.144e-01    2.144e-01      5.924e-03
ENSG00000168496:1(@)Loc1128   chr11_61803311_T_C_b38   1.416e-02 4.778e-02    4.778e-02      6.765e-04
ENSG00000168496:1(@)Loc1128   chr11_61804006_T_C_b38   1.416e-02 1.348e-01    1.347e-01      1.908e-03
ENSG00000168496:1(@)Loc1128   chr11_61830500_A_G_b38   3.328e-03 3.429e-02    3.429e-02      1.141e-04
ENSG00000221968:2(@)Loc1128   chr11_61783884_T_C_b38   1.731e-03 1.979e-01    1.978e-01      3.425e-04
ENSG00000221968:2(@)Loc1128   chr11_61802358_C_T_b38   2.166e-02 2.144e-01    2.144e-01      4.644e-03
ENSG00000221968:2(@)Loc1128   chr11_61803311_T_C_b38   2.166e-02 4.778e-02    4.777e-02      1.035e-03
ENSG00000221968:2(@)Loc1128   chr11_61804006_T_C_b38   2.166e-02 1.348e-01    1.347e-01      2.918e-03
ENSG00000221968:2(@)Loc1128   chr11_61830500_A_G_b38   8.781e-02 3.429e-02    3.429e-02      3.011e-03
ENSG00000213445:2(@)Loc1130   chr11_65638129_G_T_b38   4.482e-01 1.371e-02    1.371e-02      6.145e-03
ENSG00000172803:1(@)Loc1130   chr11_65834089_G_C_b38   8.248e-01 1.930e-04    1.929e-04      1.591e-04
ENSG00000172543:1(@)Loc1130   chr11_65879789_A_G_b38   4.853e-01 6.625e-04    6.623e-04      3.214e-04
ENSG00000197345:1(@)Loc1132   chr11_68881223_T_TG_b38   7.857e-02 1.407e-03    1.407e-03      1.106e-04
ENSG00000197345:1(@)Loc1132   chr11_68886714_G_T_b38   7.857e-02 1.407e-03    1.407e-03      1.106e-04
ENSG00000197345:1(@)Loc1132   chr11_68899730_A_C_b38   2.576e-01 6.787e-02    6.785e-02      1.748e-02
ENSG00000197345:1(@)Loc1132   chr11_68903812_G_GCCGCCGCCATCTTC_b38   4.989e-01 1.407e-03    1.407e-03      7.020e-04
ENSG00000197345:1(@)Loc1132   chr11_68911166_C_T_b38   5.193e-02 2.532e-03    2.531e-03      1.315e-04
ENSG00000132740:2(@)Loc1132   chr11_68899730_A_C_b38   1.090e-01 6.787e-02    6.785e-02      7.397e-03
ENSG00000132740:2(@)Loc1132   chr11_68903812_G_GCCGCCGCCATCTTC_b38   8.338e-01 1.407e-03    1.407e-03      1.173e-03
ENSG00000132740:1(@)Loc1132   chr11_68927676_T_G_b38   2.604e-01 1.154e-03    1.154e-03      3.005e-04
ENSG00000132740:1(@)Loc1132   chr11_68951752_C_T_b38   1.392e-01 8.163e-04    8.161e-04      1.136e-04
ENSG00000160695:1(@)Loc1165   chr11_119068169_A_G_b38   5.094e-01 6.076e-04    6.075e-04      3.094e-04
ENSG00000149428:4(@)Loc1165   chr11_119043282_C_T_b38   2.146e-03 4.789e-02    4.788e-02      1.028e-04
ENSG00000149428:4(@)Loc1165   chr11_119057542_C_T_b38   1.878e-01 2.038e-03    2.037e-03      3.825e-04
ENSG00000271751:1(@)Loc1165   chr11_119066395_A_T_b38   1.222e-01 1.204e-03    1.203e-03      1.471e-04
ENSG00000271751:1(@)Loc1165   chr11_119066439_G_C_b38   1.222e-01 1.204e-03    1.203e-03      1.471e-04
ENSG00000271751:1(@)Loc1165   chr11_119067660_T_A_b38   5.748e-02 3.212e-03    3.212e-03      1.846e-04
ENSG00000271751:2(@)Loc1165   chr11_119066912_T_TG_b38   7.512e-02 1.495e-03    1.494e-03      1.122e-04
ENSG00000256269:1(@)Loc1165   chr11_119087417_C_A_b38   5.896e-01 7.601e-04    7.599e-04      4.481e-04
ENSG00000154127:1(@)Loc1168   chr11_122651667_T_C_b38   2.931e-03 4.414e-01    4.414e-01      1.294e-03
ENSG00000154127:1(@)Loc1168   chr11_122663796_T_C_b38   1.053e-02 4.660e-01    4.660e-01      4.909e-03
ENSG00000280832:2(@)Loc1171   chr11_126348646_A_G_b38   8.869e-04 9.328e-01    9.328e-01      8.273e-04
ENSG00000280832:2(@)Loc1171   chr11_126358764_T_G_b38   7.599e-03 1.592e-02    1.592e-02      1.210e-04
ENSG00000110080:2(@)Loc1171   chr11_126348646_A_G_b38   1.397e-02 9.328e-01    9.328e-01      1.303e-02
ENSG00000110080:2(@)Loc1171   chr11_126351403_G_T_b38   4.708e-02 2.436e-03    2.436e-03      1.147e-04
ENSG00000110080:2(@)Loc1171   chr11_126355981_C_G_b38   2.255e-01 2.053e-03    2.053e-03      4.629e-04
ENSG00000110080:2(@)Loc1171   chr11_126356880_G_C_b38   3.948e-02 4.953e-03    4.952e-03      1.955e-04
ENSG00000110080:2(@)Loc1171   chr11_126358105_C_T_b38   4.462e-02 1.104e-02    1.104e-02      4.928e-04
ENSG00000110080:2(@)Loc1171   chr11_126358764_T_G_b38   5.476e-02 1.592e-02    1.592e-02      8.719e-04
ENSG00000110080:2(@)Loc1171   chr11_126359722_C_T_b38   2.995e-02 3.619e-03    3.619e-03      1.084e-04
ENSG00000177575:1(@)Loc1185   chr12_7541421_G_A_b38   5.965e-02 1.777e-03    1.776e-03      1.060e-04
ENSG00000003056:2(@)Loc1187   chr12_8929985_A_G_b38   1.380e-01 8.031e-04    8.029e-04      1.108e-04
ENSG00000003056:2(@)Loc1187   chr12_8946399_G_GAAC_b38   4.519e-01 2.704e-04    2.704e-04      1.222e-04
ENSG00000123095:1(@)Loc1196   chr12_26317236_G_T_b38   6.263e-03 4.138e-02    4.137e-02      2.591e-04
ENSG00000123095:1(@)Loc1196   chr12_26320417_G_A_b38   6.263e-03 2.186e-02    2.185e-02      1.368e-04
ENSG00000167780:1(@)Loc1211   chr12_53103914_A_G_b38   8.273e-01 1.391e-04    1.391e-04      1.150e-04
ENSG00000111785:2(@)Loc1243   chr12_106780868_A_C_b38   6.749e-04 2.314e-01    2.313e-01      1.561e-04
ENSG00000270130:2(@)Loc1253   chr12_123964676_C_A_b38   1.008e-03 1.682e-01    1.681e-01      1.694e-04
ENSG00000250091:2(@)Loc1253   chr12_123929551_C_T_b38   5.714e-03 8.649e-02    8.647e-02      4.941e-04
ENSG00000250091:1(@)Loc1253   chr12_123920171_T_C_b38   9.429e-03 1.115e-01    1.115e-01      1.052e-03
ENSG00000250091:1(@)Loc1253   chr12_123924955_G_A_b38   5.295e-03 4.999e-02    4.998e-02      2.647e-04
ENSG00000250091:1(@)Loc1253   chr12_123935181_C_T_b38   1.209e-02 1.328e-01    1.328e-01      1.606e-03
ENSG00000250091:1(@)Loc1253   chr12_123964676_C_A_b38   5.932e-03 1.682e-01    1.681e-01      9.973e-04
ENSG00000269997:1(@)Loc1253   chr12_123964676_C_A_b38   1.356e-03 1.682e-01    1.681e-01      2.280e-04
ENSG00000179195:1(@)Loc1253   chr12_123924955_G_A_b38   7.771e-03 4.999e-02    4.998e-02      3.884e-04
ENSG00000179195:1(@)Loc1253   chr12_123929551_C_T_b38   2.103e-03 8.649e-02    8.648e-02      1.818e-04
ENSG00000179195:1(@)Loc1253   chr12_123935181_C_T_b38   1.954e-03 1.328e-01    1.328e-01      2.595e-04
ENSG00000179195:1(@)Loc1253   chr12_123964676_C_A_b38   4.808e-03 1.682e-01    1.681e-01      8.084e-04
ENSG00000179195:1(@)Loc1253   chr12_123980289_G_T_b38   6.493e-03 3.708e-02    3.708e-02      2.407e-04
ENSG00000119242:1(@)Loc1253   chr12_123964676_C_A_b38   1.246e-02 1.682e-01    1.681e-01      2.095e-03
ENSG00000270061:1(@)Loc1253   chr12_123964676_C_A_b38   7.318e-04 1.682e-01    1.681e-01      1.230e-04
ENSG00000120688:1(@)Loc1276   chr13_41061165_C_G_b38   7.346e-01 3.057e-04    3.057e-04      2.245e-04
ENSG00000100504:1(@)Loc1342   chr14_50944530_T_C_b38   9.990e-01 1.475e-04    1.474e-04      1.473e-04
ENSG00000213463:1(@)Loc1354   chr14_70289616_A_G_b38   2.838e-01 5.139e-04    5.138e-04      1.458e-04
ENSG00000213463:1(@)Loc1354   chr14_70317226_A_G_b38   1.110e-01 1.850e-02    1.849e-02      2.052e-03
ENSG00000274330:1(@)Loc1354   chr14_70224238_T_C_b38   1.206e-01 2.139e-03    2.139e-03      2.578e-04
ENSG00000009830:1(@)Loc1358   chr14_77326481_G_C_b38   3.093e-01 7.613e-04    7.611e-04      2.354e-04
ENSG00000009830:1(@)Loc1358   chr14_77330298_G_A_b38   1.234e-01 8.167e-04    8.165e-04      1.008e-04
ENSG00000140105:1(@)Loc1374   chr14_100377006_A_G_b38   6.391e-01 3.548e-04    3.547e-04      2.267e-04
ENSG00000140105:3(@)Loc1374   chr14_100378031_C_T_b38   6.490e-03 1.096e-01    1.096e-01      7.114e-04
ENSG00000142208:3(@)Loc1377   chr14_104792100_G_T_b38   2.898e-02 4.483e-03    4.483e-03      1.299e-04
ENSG00000142208:3(@)Loc1377   chr14_104792555_C_T_b38   2.654e-02 5.456e-03    5.456e-03      1.448e-04
ENSG00000142208:3(@)Loc1377   chr14_104796031_C_G_b38   2.967e-01 4.810e-03    4.810e-03      1.427e-03
ENSG00000142208:3(@)Loc1377   chr14_104806341_A_T_b38   1.489e-02 6.980e-03    6.980e-03      1.039e-04
ENSG00000142208:3(@)Loc1377   chr14_104810546_G_T_b38   2.294e-02 5.722e-03    5.722e-03      1.313e-04
ENSG00000142208:3(@)Loc1377   chr14_104810872_G_A_b38   3.478e-02 9.241e-01    9.241e-01      3.214e-02
ENSG00000182636:1(@)Loc1380   chr15_23687320_G_A_b38   9.589e-01 1.166e-04    1.165e-04      1.117e-04
ENSG00000259211:1(@)Loc1392   chr15_40464836_A_C_b38   4.756e-01 4.986e-04    4.985e-04      2.371e-04
ENSG00000140320:1(@)Loc1392   chr15_40448514_A_G_b38   9.994e-01 1.324e-04    1.324e-04      1.323e-04
ENSG00000223572:2(@)Loc1394   chr15_43288447_C_T_b38   9.997e-01 1.049e-02    1.049e-02      1.048e-02
ENSG00000103245:1(@)Loc1429   chr16_733004_T_C_b38   9.896e-01 2.296e-04    2.296e-04      2.272e-04
ENSG00000183426:5(@)Loc1443   chr16_15034559_A_G_b38   3.094e-01 4.974e-04    4.973e-04      1.538e-04
ENSG00000183426:5(@)Loc1443   chr16_15036113_A_G_b38   6.230e-02 2.465e-03    2.464e-03      1.535e-04
ENSG00000183426:1(@)Loc1443   chr16_15036083_C_T_b38   9.999e-01 1.439e-02    1.439e-02      1.439e-02
ENSG00000261819:2(@)Loc1443   chr16_15036083_C_T_b38   1.831e-01 1.439e-02    1.439e-02      2.634e-03
ENSG00000157045:1(@)Loc1443   chr16_15054789_C_A_b38   1.657e-01 3.298e-03    3.297e-03      5.463e-04
ENSG00000157045:1(@)Loc1443   chr16_15056648_C_A_b38   2.150e-01 3.587e-03    3.586e-03      7.711e-04
ENSG00000103550:1(@)Loc1446   chr16_19708624_C_A_b38   3.058e-01 2.459e-03    2.458e-03      7.518e-04
ENSG00000103550:1(@)Loc1446   chr16_19711044_T_C_b38   3.058e-01 3.065e-03    3.064e-03      9.372e-04
ENSG00000103550:1(@)Loc1446   chr16_19717694_G_C_b38   6.111e-02 1.923e-03    1.922e-03      1.175e-04
ENSG00000178188:1(@)Loc1451   chr16_28846324_A_G_b38   5.172e-01 7.271e-04    7.269e-04      3.760e-04
ENSG00000261766:1(@)Loc1451   chr16_28862077_G_A_b38   1.647e-01 8.728e-04    8.726e-04      1.437e-04
ENSG00000178952:1(@)Loc1451   chr16_28846324_A_G_b38   9.821e-01 7.271e-04    7.269e-04      7.139e-04
ENSG00000196296:1(@)Loc1451   chr16_28878165_C_A_b38   4.047e-02 3.753e-03    3.752e-03      1.518e-04
ENSG00000087237:1(@)Loc1458   chr16_56960332_T_TA_b38   6.156e-02 1.000e+00    1.000e+00      6.156e-02
ENSG00000102904:1(@)Loc1464   chr16_67845497_G_A_b38   6.311e-03 2.174e-01    2.174e-01      1.372e-03
ENSG00000102904:1(@)Loc1464   chr16_67863584_C_T_b38   2.260e-03 2.429e-01    2.429e-01      5.488e-04
ENSG00000102904:1(@)Loc1464   chr16_67894139_G_A_b38   3.027e-03 5.163e-01    5.163e-01      1.563e-03
ENSG00000102898:1(@)Loc1464   chr16_67845497_G_A_b38   3.651e-02 2.174e-01    2.174e-01      7.937e-03
ENSG00000102898:1(@)Loc1464   chr16_67863584_C_T_b38   1.049e-02 2.429e-01    2.429e-01      2.548e-03
ENSG00000102898:1(@)Loc1464   chr16_67894139_G_A_b38   2.183e-03 5.163e-01    5.163e-01      1.127e-03
ENSG00000038358:1(@)Loc1464   chr16_67845497_G_A_b38   2.389e-03 2.174e-01    2.174e-01      5.195e-04
ENSG00000038358:1(@)Loc1464   chr16_67863584_C_T_b38   1.810e-02 2.429e-01    2.429e-01      4.397e-03
ENSG00000038358:1(@)Loc1464   chr16_67894139_G_A_b38   1.153e-02 5.163e-01    5.163e-01      5.954e-03
ENSG00000188038:2(@)Loc1464   chr16_67845497_G_A_b38   4.089e-03 2.174e-01    2.174e-01      8.890e-04
ENSG00000188038:2(@)Loc1464   chr16_67863584_C_T_b38   1.594e-02 2.429e-01    2.429e-01      3.871e-03
ENSG00000188038:2(@)Loc1464   chr16_67894139_G_A_b38   1.878e-02 5.163e-01    5.163e-01      9.696e-03
ENSG00000159792:1(@)Loc1464   chr16_67845497_G_A_b38   5.329e-04 2.174e-01    2.174e-01      1.159e-04
ENSG00000159792:1(@)Loc1464   chr16_67863584_C_T_b38   8.135e-04 2.429e-01    2.429e-01      1.976e-04
ENSG00000159792:1(@)Loc1464   chr16_67894139_G_A_b38   1.496e-02 5.163e-01    5.163e-01      7.722e-03
ENSG00000166816:1(@)Loc1468   chr16_75119076_T_C_b38   8.962e-01 1.841e-04    1.841e-04      1.650e-04
ENSG00000240338:1(@)Loc1468   chr16_75217199_AG_A_b38   9.735e-01 1.284e-04    1.283e-04      1.249e-04
ENSG00000260630:4(@)Loc1481   chr16_88663413_G_A_b38   5.336e-01 3.302e-04    3.302e-04      1.762e-04
ENSG00000141012:3(@)Loc1481   chr16_88887936_G_A_b38   5.142e-01 8.381e-04    8.378e-04      4.308e-04
ENSG00000187688:1(@)Loc1496   chr17_16415618_T_C_b38   9.999e-01 1.318e-04    1.317e-04      1.317e-04
ENSG00000005156:1(@)Loc1503   chr17_34980567_G_A_b38   7.596e-01 7.158e-04    7.156e-04      5.435e-04
ENSG00000131748:3(@)Loc1505   chr17_39657827_G_A_b38   1.943e-03 1.529e-01    1.529e-01      2.971e-04
ENSG00000131748:3(@)Loc1505   chr17_39665182_G_T_b38   7.237e-04 3.231e-01    3.231e-01      2.338e-04
ENSG00000141736:1(@)Loc1505   chr17_39665182_G_T_b38   3.997e-04 3.231e-01    3.231e-01      1.291e-04
ENSG00000141699:1(@)Loc1507   chr17_42615670_C_T_b38   1.992e-02 1.306e-01    1.306e-01      2.601e-03
ENSG00000131462:1(@)Loc1507   chr17_42607430_G_A_b38   3.138e-01 3.223e-04    3.223e-04      1.011e-04
ENSG00000280183:1(@)Loc1507   chr17_42615670_C_T_b38   7.668e-03 1.306e-01    1.306e-01      1.001e-03
ENSG00000184451:1(@)Loc1507   chr17_42615670_C_T_b38   4.778e-03 1.306e-01    1.306e-01      6.239e-04
ENSG00000267765:1(@)Loc1507   chr17_42683904_A_C_b38   2.790e-01 6.011e-04    6.010e-04      1.677e-04
ENSG00000108797:1(@)Loc1507   chr17_42683904_A_C_b38   9.984e-01 6.011e-04    6.010e-04      6.000e-04
ENSG00000108861:1(@)Loc1508   chr17_43800798_A_C_b38   9.078e-03 5.998e-02    5.997e-02      5.444e-04
ENSG00000161649:1(@)Loc1508   chr17_43853201_A_G_b38   5.397e-03 1.780e-01    1.780e-01      9.605e-04
ENSG00000108852:3(@)Loc1508   chr17_43889978_A_T_b38   1.108e-02 9.642e-03    9.641e-03      1.069e-04
ENSG00000108852:3(@)Loc1508   chr17_43901388_G_T_b38   7.317e-02 3.635e-01    3.634e-01      2.659e-02
ENSG00000108852:3(@)Loc1508   chr17_43907481_C_G_b38   5.709e-01 6.129e-03    6.128e-03      3.499e-03
ENSG00000108433:1(@)Loc1509   chr17_46918734_A_G_b38   4.588e-01 1.401e-03    1.401e-03      6.426e-04
ENSG00000178852:3(@)Loc1509   chr17_47235812_A_G_b38   2.225e-01 5.231e-04    5.230e-04      1.163e-04
ENSG00000108465:3(@)Loc1510   chr17_48046280_A_C_b38   5.548e-02 4.534e-03    4.533e-03      2.515e-04
ENSG00000108465:3(@)Loc1510   chr17_48150484_C_T_b38   2.008e-03 1.049e-01    1.049e-01      2.107e-04
ENSG00000198740:1(@)Loc1510   chr17_49361940_G_A_b38   7.575e-01 1.619e-04    1.619e-04      1.226e-04
ENSG00000154889:2(@)Loc1538   chr18_11908433_A_AGCCGCTTCGTCCGCCCGGC_b38   5.589e-01 2.047e-04    2.046e-04      1.144e-04
ENSG00000133313:2(@)Loc1573   chr18_74500567_G_A_b38   9.687e-01 1.384e-04    1.383e-04      1.340e-04
ENSG00000130270:1(@)Loc1579   chr19_1807019_A_G_b38   7.837e-01 1.450e-04    1.450e-04      1.136e-04
ENSG00000130270:3(@)Loc1579   chr19_1812683_A_G_b38   7.898e-01 2.448e-04    2.447e-04      1.933e-04
ENSG00000171105:1(@)Loc1584   chr19_7205229_C_T_b38   8.793e-02 9.665e-03    9.662e-03      8.496e-04
ENSG00000214248:2(@)Loc1584   chr19_7905750_A_G_b38   1.150e-03 6.616e-01    6.615e-01      7.606e-04
ENSG00000167772:1(@)Loc1585   chr19_8366697_G_A_b38   3.366e-02 6.668e-01    6.667e-01      2.244e-02
ENSG00000233927:2(@)Loc1585   chr19_8366697_G_A_b38   4.072e-02 6.668e-01    6.668e-01      2.715e-02
ENSG00000233927:2(@)Loc1585   chr19_8388938_T_C_b38   5.383e-03 3.328e-01    3.328e-01      1.791e-03
ENSG00000185236:1(@)Loc1585   chr19_8366697_G_A_b38   3.940e-03 6.668e-01    6.668e-01      2.627e-03
ENSG00000185236:1(@)Loc1585   chr19_8388938_T_C_b38   3.883e-02 3.328e-01    3.328e-01      1.292e-02
ENSG00000130164:1(@)Loc1586   chr19_11087826_T_C_b38   1.031e-01 9.841e-04    9.839e-04      1.015e-04
ENSG00000273733:1(@)Loc1587   chr19_11223503_C_T_b38   4.688e-03 9.030e-02    9.028e-02      4.232e-04
ENSG00000130173:1(@)Loc1587   chr19_11223503_C_T_b38   1.335e-03 9.030e-02    9.030e-02      1.206e-04
ENSG00000130173:1(@)Loc1587   chr19_11236817_T_C_b38   6.053e-03 9.097e-01    9.097e-01      5.506e-03
ENSG00000089351:1(@)Loc1601   chr19_35007986_C_T_b38   3.923e-01 3.735e-04    3.734e-04      1.465e-04
ENSG00000105204:1(@)Loc1604   chr19_39833947_G_T_b38   1.753e-01 5.709e-04    5.707e-04      1.000e-04
ENSG00000105204:1(@)Loc1604   chr19_39834376_T_C_b38   3.039e-01 4.871e-04    4.870e-04      1.480e-04
ENSG00000125746:3(@)Loc1609   chr19_45645128_C_T_b38   1.063e-02 1.164e-02    1.164e-02      1.236e-04
ENSG00000010310:1(@)Loc1609   chr19_45654898_A_G_b38   2.258e-02 5.785e-03    5.784e-03      1.306e-04
ENSG00000010310:1(@)Loc1609   chr19_45655255_T_G_b38   3.735e-02 2.882e-02    2.881e-02      1.076e-03
ENSG00000010310:1(@)Loc1609   chr19_45655385_G_T_b38   3.735e-02 4.341e-03    4.340e-03      1.621e-04
ENSG00000010310:1(@)Loc1609   chr19_45656156_G_C_b38   3.735e-02 7.116e-03    7.114e-03      2.657e-04
ENSG00000130749:2(@)Loc1610   chr19_47086638_T_C_b38   7.098e-04 1.641e-01    1.641e-01      1.165e-04
ENSG00000130749:2(@)Loc1610   chr19_47093845_T_C_b38   8.385e-04 1.986e-01    1.986e-01      1.665e-04
ENSG00000142230:1(@)Loc1610   chr19_47086638_T_C_b38   6.601e-04 1.641e-01    1.641e-01      1.083e-04
ENSG00000142230:1(@)Loc1610   chr19_47093845_T_C_b38   1.423e-03 1.986e-01    1.986e-01      2.826e-04
ENSG00000142230:1(@)Loc1610   chr19_47113120_G_T_b38   4.114e-02 5.011e-03    5.010e-03      2.061e-04
ENSG00000131042:2(@)Loc1614   chr19_54293995_T_C_b38   1.929e-03 1.000e+00    1.000e+00      1.929e-03
ENSG00000276449:1(@)Loc1616   chr19_57438168_T_C_b38   9.866e-01 1.022e-04    1.021e-04      1.008e-04
ENSG00000186230:1(@)Loc1616   chr19_57438168_T_C_b38   9.879e-01 1.022e-04    1.021e-04      1.009e-04
ENSG00000101333:1(@)Loc1623   chr20_9067783_A_G_b38   9.991e-01 1.062e-04    1.062e-04      1.061e-04
ENSG00000101460:1(@)Loc1637   chr20_34551066_T_C_b38   1.895e-01 7.931e-04    7.929e-04      1.502e-04
ENSG00000101460:1(@)Loc1637   chr20_34587662_C_T_b38   2.196e-02 8.951e-02    8.949e-02      1.965e-03
ENSG00000101460:1(@)Loc1637   chr20_34632266_T_C_b38   8.665e-03 2.082e-02    2.081e-02      1.804e-04
ENSG00000101464:1(@)Loc1637   chr20_34676068_A_T_b38   5.424e-02 1.977e-03    1.977e-03      1.072e-04
ENSG00000078804:2(@)Loc1637   chr20_34706549_A_G_b38   1.559e-03 6.655e-02    6.653e-02      1.037e-04
ENSG00000101115:1(@)Loc1647   chr20_51801133_G_A_b38   9.998e-01 1.061e-04    1.060e-04      1.060e-04
ENSG00000171700:1(@)Loc1654   chr20_64080700_T_C_b38   8.759e-01 1.855e-04    1.854e-04      1.624e-04
ENSG00000125510:1(@)Loc1654   chr20_64080106_C_T_b38   9.994e-01 1.527e-04    1.527e-04      1.526e-04
ENSG00000227039:2(@)Loc1677   chr21_44901744_C_A_b38   9.090e-01 2.013e-03    2.013e-03      1.830e-03
ENSG00000185651:1(@)Loc1682   chr22_21574627_T_G_b38   1.649e-03 3.100e-01    3.100e-01      5.111e-04
ENSG00000185651:1(@)Loc1682   chr22_21577779_C_T_b38   1.113e-03 6.363e-01    6.363e-01      7.080e-04
ENSG00000161180:3(@)Loc1682   chr22_21574627_T_G_b38   5.114e-04 3.100e-01    3.100e-01      1.585e-04
ENSG00000161180:3(@)Loc1682   chr22_21577779_C_T_b38   2.082e-04 6.363e-01    6.363e-01      1.325e-04
ENSG00000133433:3(@)Loc1684   chr22_23970896_G_A_b38   9.879e-01 4.954e-04    4.953e-04      4.893e-04
ENSG00000250470:3(@)Loc1684   chr22_23970896_G_A_b38   2.471e-01 4.954e-04    4.953e-04      1.224e-04
ENSG00000272977:1(@)Loc1685   chr22_25459662_G_A_b38   9.767e-01 1.864e-04    1.864e-04      1.821e-04
ENSG00000209482:2(@)Loc1694   chr22_39315346_A_G_b38   4.411e-02 4.000e-03    3.999e-03      1.764e-04
