Signal	SNP	PIP_qtl	PIP_gwas_marginal	PIP_gwas_qtl_prior	SCP
ENSG00000158825:1(@)Loc14   chr1_20590713_G_A_b38   1.428e-02 1.023e-02    1.023e-02      1.460e-04
ENSG00000204219:1(@)Loc16   chr1_23424647_G_T_b38   7.666e-01 1.537e-04    1.537e-04      1.178e-04
ENSG00000260063:1(@)Loc18   chr1_26712737_C_T_b38   4.138e-03 3.114e-01    3.113e-01      1.288e-03
ENSG00000117713:1(@)Loc18   chr1_26712737_C_T_b38   1.042e-03 3.114e-01    3.113e-01      3.244e-04
ENSG00000060642:1(@)Loc18   chr1_26811902_C_T_b38   3.057e-03 4.286e-01    4.286e-01      1.310e-03
ENSG00000175793:1(@)Loc18   chr1_26811902_C_T_b38   2.808e-04 4.286e-01    4.286e-01      1.203e-04
ENSG00000175707:1(@)Loc18   chr1_26958704_C_T_b38   6.934e-03 2.179e-01    2.178e-01      1.511e-03
ENSG00000183682:1(@)Loc24   chr1_39447679_A_G_b38   4.371e-03 6.682e-02    6.680e-02      2.920e-04
ENSG00000183682:1(@)Loc24   chr1_39570014_C_T_b38   1.296e-03 2.012e-01    2.012e-01      2.607e-04
ENSG00000162607:1(@)Loc39   chr1_62436136_C_A_b38   3.126e-02 7.409e-03    7.407e-03      2.315e-04
ENSG00000117500:1(@)Loc57   chr1_93185990_T_C_b38   1.512e-03 1.284e-01    1.284e-01      1.942e-04
ENSG00000122483:2(@)Loc57   chr1_93185990_T_C_b38   2.393e-03 1.284e-01    1.284e-01      3.073e-04
ENSG00000117505:1(@)Loc57   chr1_93350843_A_G_b38   1.068e-02 6.504e-01    6.503e-01      6.948e-03
ENSG00000134222:2(@)Loc67   chr1_109274968_G_T_b38   3.565e-02 5.427e-01    5.427e-01      1.935e-02
ENSG00000134222:2(@)Loc67   chr1_109275216_T_C_b38   7.870e-02 6.719e-02    6.719e-02      5.288e-03
ENSG00000134222:2(@)Loc67   chr1_109275908_C_T_b38   4.014e-02 3.465e-01    3.465e-01      1.391e-02
ENSG00000134222:2(@)Loc67   chr1_109278889_T_G_b38   5.130e-02 3.173e-02    3.173e-02      1.628e-03
ENSG00000134222:2(@)Loc67   chr1_109279544_G_A_b38   2.533e-02 9.779e-03    9.779e-03      2.478e-04
ENSG00000143575:1(@)Loc76   chr1_154266858_T_TC_b38   3.030e-02 4.520e-03    4.519e-03      1.369e-04
ENSG00000143575:1(@)Loc76   chr1_154270621_G_A_b38   1.336e-01 4.853e-03    4.852e-03      6.482e-04
ENSG00000143575:1(@)Loc76   chr1_154272666_T_G_b38   6.136e-01 1.539e-02    1.539e-02      9.442e-03
ENSG00000143575:1(@)Loc76   chr1_154279150_A_G_b38   4.638e-02 4.853e-03    4.852e-03      2.250e-04
ENSG00000143575:1(@)Loc76   chr1_154281841_G_A_b38   4.130e-02 4.541e-03    4.540e-03      1.875e-04
ENSG00000143575:1(@)Loc76   chr1_154284712_A_T_b38   2.645e-02 4.853e-03    4.852e-03      1.283e-04
ENSG00000143575:1(@)Loc76   chr1_154285242_T_C_b38   2.645e-02 4.853e-03    4.852e-03      1.283e-04
ENSG00000143575:1(@)Loc76   chr1_154287174_G_A_b38   3.515e-02 5.103e-03    5.101e-03      1.793e-04
ENSG00000143575:1(@)Loc76   chr1_154287885_C_G_b38   2.645e-02 4.853e-03    4.852e-03      1.283e-04
ENSG00000143303:1(@)Loc78   chr1_156730859_T_G_b38   7.654e-03 9.208e-01    9.208e-01      7.047e-03
ENSG00000143319:2(@)Loc78   chr1_156730859_T_G_b38   1.076e-03 9.208e-01    9.208e-01      9.906e-04
ENSG00000143294:1(@)Loc78   chr1_156730859_T_G_b38   7.257e-04 9.208e-01    9.208e-01      6.682e-04
ENSG00000213057:2(@)Loc88   chr1_178546177_G_A_b38   7.918e-04 9.482e-01    9.482e-01      7.507e-04
ENSG00000117280:1(@)Loc105   chr1_205750404_G_A_b38   5.593e-02 4.006e-02    4.005e-02      2.240e-03
ENSG00000069275:1(@)Loc105   chr1_205750404_G_A_b38   4.344e-02 4.006e-02    4.005e-02      1.740e-03
ENSG00000173209:2(@)Loc172   chr2_61177770_C_G_b38   9.854e-01 1.315e-04    1.315e-04      1.296e-04
ENSG00000246575:2(@)Loc186   chr2_85310189_G_A_b38   1.257e-02 2.737e-02    2.737e-02      3.441e-04
ENSG00000246575:2(@)Loc186   chr2_85311872_G_A_b38   8.754e-03 3.275e-02    3.275e-02      2.867e-04
ENSG00000246575:2(@)Loc186   chr2_85312047_A_C_b38   8.754e-03 3.275e-02    3.275e-02      2.867e-04
ENSG00000246575:2(@)Loc186   chr2_85312450_T_A_b38   8.754e-03 3.001e-02    3.001e-02      2.627e-04
ENSG00000246575:2(@)Loc186   chr2_85313523_ACT_A_b38   1.906e-02 3.483e-02    3.483e-02      6.639e-04
ENSG00000246575:2(@)Loc186   chr2_85313643_C_T_b38   1.906e-02 4.651e-02    4.651e-02      8.866e-04
ENSG00000246575:2(@)Loc186   chr2_85313657_T_G_b38   1.906e-02 4.385e-02    4.385e-02      8.359e-04
ENSG00000246575:2(@)Loc186   chr2_85313960_T_C_b38   1.906e-02 4.192e-02    4.192e-02      7.992e-04
ENSG00000246575:2(@)Loc186   chr2_85315563_G_C_b38   9.764e-03 4.184e-02    4.184e-02      4.085e-04
ENSG00000246575:2(@)Loc186   chr2_85315595_G_A_b38   9.764e-03 1.667e-02    1.667e-02      1.628e-04
ENSG00000246575:2(@)Loc186   chr2_85318929_A_G_b38   9.426e-03 1.720e-02    1.720e-02      1.621e-04
ENSG00000246575:2(@)Loc186   chr2_85322404_T_C_b38   6.631e-03 2.996e-02    2.996e-02      1.987e-04
ENSG00000246575:2(@)Loc186   chr2_85322424_C_T_b38   6.631e-03 3.633e-02    3.633e-02      2.409e-04
ENSG00000246575:2(@)Loc186   chr2_85324573_T_G_b38   6.631e-03 3.532e-02    3.532e-02      2.342e-04
ENSG00000246575:2(@)Loc186   chr2_85324656_G_A_b38   6.069e-03 3.725e-02    3.725e-02      2.261e-04
ENSG00000246575:2(@)Loc186   chr2_85325697_C_T_b38   3.782e-03 3.080e-02    3.080e-02      1.165e-04
ENSG00000246575:2(@)Loc186   chr2_85326957_G_A_b38   9.254e-03 1.176e-02    1.176e-02      1.088e-04
ENSG00000115677:1(@)Loc276   chr2_241317397_G_C_b38   3.301e-01 4.124e-04    4.123e-04      1.361e-04
ENSG00000004534:1(@)Loc311   chr3_49934081_C_A_b38   2.030e-03 2.093e-01    2.093e-01      4.248e-04
ENSG00000003756:1(@)Loc311   chr3_50075601_A_G_b38   4.568e-04 3.265e-01    3.265e-01      1.492e-04
ENSG00000003756:1(@)Loc311   chr3_50091966_C_T_b38   1.501e-03 4.002e-01    4.002e-01      6.007e-04
ENSG00000281691:2(@)Loc311   chr3_50075601_A_G_b38   3.265e-04 3.265e-01    3.265e-01      1.066e-04
ENSG00000281691:2(@)Loc311   chr3_50091966_C_T_b38   6.624e-04 4.002e-01    4.002e-01      2.651e-04
ENSG00000248161:1(@)Loc466   chr4_102452129_G_A_b38   3.946e-02 7.871e-02    7.869e-02      3.105e-03
ENSG00000131187:1(@)Loc626   chr5_177400814_C_G_b38   5.840e-01 2.216e-04    2.215e-04      1.294e-04
ENSG00000112343:1(@)Loc650   chr6_25962076_C_T_b38   1.664e-02 1.271e-02    1.270e-02      2.114e-04
ENSG00000272288:1(@)Loc658   chr6_34695821_C_T_b38   2.845e-02 6.603e-02    6.601e-02      1.878e-03
ENSG00000196821:1(@)Loc658   chr6_34695821_C_T_b38   2.551e-03 6.603e-02    6.601e-02      1.684e-04
ENSG00000112041:1(@)Loc659   chr6_35510835_G_A_b38   4.318e-02 4.611e-03    4.609e-03      1.990e-04
ENSG00000124713:1(@)Loc663   chr6_42961020_T_G_b38   3.559e-01 7.990e-04    7.987e-04      2.842e-04
ENSG00000124587:2(@)Loc663   chr6_42972935_A_G_b38   1.331e-01 7.752e-04    7.749e-04      1.031e-04
ENSG00000124587:2(@)Loc663   chr6_42979275_G_C_b38   1.194e-01 1.488e-03    1.487e-03      1.776e-04
ENSG00000270362:2(@)Loc684   chr6_79232116_T_C_b38   1.313e-02 8.437e-03    8.434e-03      1.108e-04
ENSG00000164849:3(@)Loc744   chr7_1044141_A_G_b38   1.401e-02 4.560e-01    4.559e-01      6.390e-03
ENSG00000227191:1(@)Loc770   chr7_38248669_A_G_b38   1.882e-01 6.283e-04    6.281e-04      1.182e-04
ENSG00000106638:2(@)Loc789   chr7_73575060_A_G_b38   5.309e-02 1.218e-02    1.217e-02      6.461e-04
ENSG00000106638:2(@)Loc789   chr7_73593613_G_A_b38   1.043e-02 1.778e-02    1.778e-02      1.854e-04
ENSG00000105976:1(@)Loc812   chr7_116739040_C_T_b38   1.344e-01 4.138e-03    4.136e-03      5.558e-04
ENSG00000105976:1(@)Loc812   chr7_116747967_C_T_b38   1.344e-01 5.226e-03    5.224e-03      7.019e-04
ENSG00000105976:1(@)Loc812   chr7_116765333_T_C_b38   1.344e-01 6.498e-03    6.496e-03      8.728e-04
ENSG00000105976:1(@)Loc812   chr7_116775956_G_T_b38   2.437e-02 4.401e-03    4.400e-03      1.072e-04
ENSG00000105976:1(@)Loc812   chr7_116781913_T_C_b38   2.437e-02 4.638e-03    4.636e-03      1.130e-04
ENSG00000105976:1(@)Loc812   chr7_116785439_G_A_b38   2.437e-02 4.924e-03    4.922e-03      1.199e-04
ENSG00000105976:1(@)Loc812   chr7_116792085_A_AT_b38   2.437e-02 4.387e-03    4.386e-03      1.069e-04
ENSG00000105976:1(@)Loc812   chr7_116793473_T_C_b38   2.437e-02 4.412e-03    4.411e-03      1.075e-04
ENSG00000105976:1(@)Loc812   chr7_116793576_G_A_b38   2.437e-02 4.547e-03    4.546e-03      1.108e-04
ENSG00000105976:1(@)Loc812   chr7_116794739_C_A_b38   2.437e-02 4.839e-03    4.838e-03      1.179e-04
ENSG00000105976:1(@)Loc812   chr7_116795362_G_A_b38   2.437e-02 4.419e-03    4.418e-03      1.076e-04
ENSG00000105976:1(@)Loc812   chr7_116795714_C_T_b38   2.437e-02 5.579e-03    5.577e-03      1.359e-04
ENSG00000105976:1(@)Loc812   chr7_116795968_G_A_b38   2.437e-02 4.163e-03    4.162e-03      1.014e-04
ENSG00000105976:1(@)Loc812   chr7_116797152_A_G_b38   2.437e-02 4.242e-03    4.241e-03      1.033e-04
ENSG00000105976:1(@)Loc812   chr7_116797450_A_G_b38   2.437e-02 5.182e-03    5.180e-03      1.262e-04
ENSG00000105976:1(@)Loc812   chr7_116798364_G_A_b38   2.437e-02 4.515e-03    4.513e-03      1.100e-04
ENSG00000105976:1(@)Loc812   chr7_116798600_T_C_b38   2.437e-02 4.719e-03    4.718e-03      1.149e-04
ENSG00000105976:1(@)Loc812   chr7_116799528_A_G_b38   2.437e-02 4.463e-03    4.461e-03      1.087e-04
ENSG00000105976:1(@)Loc812   chr7_116801535_A_G_b38   2.437e-02 5.022e-03    5.020e-03      1.223e-04
ENSG00000105976:1(@)Loc812   chr7_116802233_C_T_b38   2.437e-02 4.348e-03    4.347e-03      1.059e-04
ENSG00000105976:1(@)Loc812   chr7_116803020_A_T_b38   2.437e-02 5.480e-03    5.478e-03      1.335e-04
ENSG00000105976:1(@)Loc812   chr7_116803519_A_T_b38   2.437e-02 5.319e-03    5.317e-03      1.296e-04
ENSG00000146856:1(@)Loc824   chr7_134986595_CCGCGAGAT_C_b38   9.222e-01 4.436e-04    4.435e-04      4.090e-04
ENSG00000277494:2(@)Loc935   chr8_143203248_T_C_b38   2.264e-03 3.639e-01    3.639e-01      8.238e-04
ENSG00000277494:2(@)Loc935   chr8_143212707_C_T_b38   9.733e-02 2.834e-03    2.834e-03      2.759e-04
ENSG00000277494:2(@)Loc935   chr8_143221248_G_A_b38   2.577e-03 5.694e-01    5.694e-01      1.467e-03
ENSG00000106948:1(@)Loc994   chr9_114372059_A_G_b38   3.805e-01 6.354e-04    6.352e-04      2.417e-04
ENSG00000106948:1(@)Loc994   chr9_114382515_C_T_b38   1.964e-01 1.814e-03    1.814e-03      3.561e-04
ENSG00000148296:1(@)Loc1005   chr9_133331135_G_T_b38   4.869e-01 6.476e-04    6.474e-04      3.152e-04
ENSG00000048740:1(@)Loc1019   chr10_10798572_G_A_b38   1.038e-01 1.241e-03    1.240e-03      1.288e-04
ENSG00000272767:1(@)Loc1051   chr10_63470404_T_C_b38   4.252e-03 1.941e-01    1.941e-01      8.252e-04
ENSG00000272767:1(@)Loc1051   chr10_63504366_T_C_b38   7.843e-04 1.558e-01    1.558e-01      1.222e-04
ENSG00000235316:1(@)Loc1058   chr10_73717540_A_G_b38   1.221e-02 2.285e-02    2.284e-02      2.789e-04
ENSG00000095596:1(@)Loc1068   chr10_93038216_G_A_b38   8.732e-03 1.792e-01    1.792e-01      1.565e-03
ENSG00000095596:1(@)Loc1068   chr10_93045030_GC_G_b38   3.504e-02 6.775e-03    6.774e-03      2.374e-04
ENSG00000095596:1(@)Loc1068   chr10_93045908_G_A_b38   8.732e-03 7.642e-02    7.641e-02      6.672e-04
ENSG00000095596:1(@)Loc1068   chr10_93059296_C_T_b38   2.187e-02 4.869e-01    4.868e-01      1.065e-02
ENSG00000187553:2(@)Loc1068   chr10_93038216_G_A_b38   7.255e-04 1.792e-01    1.791e-01      1.300e-04
ENSG00000187553:1(@)Loc1068   chr10_93059296_C_T_b38   1.754e-02 4.869e-01    4.868e-01      8.538e-03
ENSG00000187553:1(@)Loc1068   chr10_93060062_ACAAGAGTCGTCGGG_A_b38   5.713e-01 7.190e-04    7.188e-04      4.107e-04
ENSG00000095485:1(@)Loc1073   chr10_100221396_C_T_b38   4.869e-02 2.455e-03    2.454e-03      1.195e-04
ENSG00000095485:1(@)Loc1073   chr10_100223656_G_A_b38   4.869e-02 3.589e-03    3.588e-03      1.747e-04
ENSG00000095485:1(@)Loc1073   chr10_100224059_G_A_b38   4.869e-02 3.589e-03    3.588e-03      1.747e-04
ENSG00000095485:1(@)Loc1073   chr10_100267650_C_T_b38   7.914e-01 2.860e-03    2.859e-03      2.262e-03
ENSG00000043591:2(@)Loc1080   chr10_114029616_C_T_b38   1.762e-03 3.697e-01    3.697e-01      6.515e-04
ENSG00000043591:2(@)Loc1080   chr10_114033028_G_A_b38   1.616e-03 3.497e-01    3.497e-01      5.651e-04
ENSG00000043591:2(@)Loc1080   chr10_114045297_G_C_b38   5.241e-03 2.506e-02    2.506e-02      1.313e-04
ENSG00000174775:1(@)Loc1095   chr11_539080_G_T_b38   5.569e-01 3.242e-04    3.241e-04      1.805e-04
ENSG00000110442:2(@)Loc1118   chr11_36260711_T_C_b38   1.057e-01 1.238e-03    1.238e-03      1.309e-04
ENSG00000180210:1(@)Loc1122   chr11_46721697_T_C_b38   1.106e-03 9.478e-01    9.478e-01      1.048e-03
ENSG00000025434:1(@)Loc1123   chr11_47273075_T_C_b38   1.053e-02 3.149e-01    3.148e-01      3.316e-03
ENSG00000110514:2(@)Loc1123   chr11_47273075_T_C_b38   2.732e-03 3.149e-01    3.149e-01      8.604e-04
ENSG00000110514:2(@)Loc1123   chr11_47284118_T_G_b38   1.648e-03 7.465e-02    7.465e-02      1.231e-04
ENSG00000110514:2(@)Loc1123   chr11_47312134_C_A_b38   5.299e-04 3.362e-01    3.362e-01      1.782e-04
ENSG00000134825:1(@)Loc1128   chr11_61783884_T_C_b38   1.827e-03 1.979e-01    1.979e-01      3.615e-04
ENSG00000134825:1(@)Loc1128   chr11_61785208_G_T_b38   2.407e-03 4.541e-02    4.541e-02      1.093e-04
ENSG00000134825:1(@)Loc1128   chr11_61790331_T_C_b38   3.794e-03 2.742e-01    2.742e-01      1.041e-03
ENSG00000134825:1(@)Loc1128   chr11_61802358_C_T_b38   3.164e-03 2.144e-01    2.144e-01      6.786e-04
ENSG00000134825:1(@)Loc1128   chr11_61804006_T_C_b38   1.805e-03 1.348e-01    1.347e-01      2.432e-04
ENSG00000149485:1(@)Loc1128   chr11_61783884_T_C_b38   2.731e-03 1.979e-01    1.979e-01      5.404e-04
ENSG00000149485:1(@)Loc1128   chr11_61785208_G_T_b38   5.763e-03 4.541e-02    4.541e-02      2.617e-04
ENSG00000149485:1(@)Loc1128   chr11_61790331_T_C_b38   2.848e-03 2.742e-01    2.742e-01      7.810e-04
ENSG00000149485:1(@)Loc1128   chr11_61802358_C_T_b38   4.897e-03 2.144e-01    2.144e-01      1.050e-03
ENSG00000149485:1(@)Loc1128   chr11_61803311_T_C_b38   4.897e-03 4.778e-02    4.778e-02      2.339e-04
ENSG00000149485:1(@)Loc1128   chr11_61804006_T_C_b38   4.897e-03 1.348e-01    1.347e-01      6.598e-04
ENSG00000149485:1(@)Loc1128   chr11_61830500_A_G_b38   8.210e-03 3.429e-02    3.429e-02      2.815e-04
ENSG00000149485:1(@)Loc1128   chr11_61837342_C_A_b38   1.083e-02 2.077e-02    2.077e-02      2.248e-04
ENSG00000173327:1(@)Loc1130   chr11_65623846_G_A_b38   8.138e-03 7.961e-01    7.960e-01      6.478e-03
ENSG00000213445:2(@)Loc1130   chr11_65623846_G_A_b38   6.612e-04 7.961e-01    7.960e-01      5.263e-04
ENSG00000213445:2(@)Loc1130   chr11_65638129_G_T_b38   6.098e-02 1.371e-02    1.371e-02      8.362e-04
ENSG00000172803:1(@)Loc1130   chr11_65834089_G_C_b38   8.066e-01 1.930e-04    1.929e-04      1.556e-04
ENSG00000197345:1(@)Loc1132   chr11_68899730_A_C_b38   8.587e-02 6.787e-02    6.785e-02      5.826e-03
ENSG00000197345:1(@)Loc1132   chr11_68903812_G_GCCGCCGCCATCTTC_b38   8.821e-01 1.407e-03    1.407e-03      1.241e-03
ENSG00000149289:2(@)Loc1159   chr11_110109220_T_C_b38   3.615e-04 3.256e-01    3.255e-01      1.177e-04
ENSG00000109917:2(@)Loc1164   chr11_116778201_G_C_b38   5.574e-03 7.349e-01    7.349e-01      4.096e-03
ENSG00000109917:2(@)Loc1164   chr11_116781491_C_T_b38   3.320e-03 1.712e-01    1.712e-01      5.684e-04
ENSG00000271751:1(@)Loc1165   chr11_119043282_C_T_b38   3.931e-03 4.789e-02    4.788e-02      1.882e-04
ENSG00000271751:1(@)Loc1165   chr11_119066395_A_T_b38   8.599e-02 1.204e-03    1.203e-03      1.035e-04
ENSG00000271751:1(@)Loc1165   chr11_119066439_G_C_b38   8.599e-02 1.204e-03    1.203e-03      1.035e-04
ENSG00000271751:1(@)Loc1165   chr11_119067660_T_A_b38   3.874e-02 3.212e-03    3.211e-03      1.244e-04
ENSG00000160695:1(@)Loc1165   chr11_119043282_C_T_b38   4.235e-03 4.789e-02    4.788e-02      2.028e-04
ENSG00000160695:1(@)Loc1165   chr11_119067274_G_A_b38   9.385e-02 1.204e-03    1.203e-03      1.129e-04
ENSG00000160695:1(@)Loc1165   chr11_119067660_T_A_b38   9.385e-02 3.212e-03    3.211e-03      3.014e-04
ENSG00000160695:1(@)Loc1165   chr11_119067677_C_A_b38   9.385e-02 1.204e-03    1.203e-03      1.129e-04
ENSG00000160695:1(@)Loc1165   chr11_119067724_G_A_b38   9.385e-02 1.204e-03    1.203e-03      1.129e-04
ENSG00000256269:1(@)Loc1165   chr11_119076458_A_G_b38   7.499e-02 1.495e-03    1.494e-03      1.121e-04
ENSG00000154127:1(@)Loc1168   chr11_122651667_T_C_b38   9.200e-04 4.414e-01    4.414e-01      4.061e-04
ENSG00000154127:1(@)Loc1168   chr11_122663796_T_C_b38   6.041e-04 4.660e-01    4.660e-01      2.815e-04
ENSG00000175189:2(@)Loc1214   chr12_57450266_C_T_b38   3.707e-04 7.708e-01    7.708e-01      2.858e-04
ENSG00000111785:2(@)Loc1243   chr12_106780868_A_C_b38   4.484e-03 2.314e-01    2.313e-01      1.037e-03
ENSG00000270130:1(@)Loc1253   chr12_123964676_C_A_b38   1.328e-03 1.682e-01    1.681e-01      2.232e-04
ENSG00000250091:1(@)Loc1253   chr12_123920171_T_C_b38   1.810e-02 1.115e-01    1.115e-01      2.019e-03
ENSG00000250091:1(@)Loc1253   chr12_123924955_G_A_b38   7.023e-03 4.999e-02    4.998e-02      3.510e-04
ENSG00000250091:1(@)Loc1253   chr12_123929551_C_T_b38   8.375e-03 8.649e-02    8.647e-02      7.243e-04
ENSG00000250091:1(@)Loc1253   chr12_123935181_C_T_b38   6.591e-02 1.328e-01    1.328e-01      8.752e-03
ENSG00000269997:1(@)Loc1253   chr12_123964676_C_A_b38   1.677e-03 1.682e-01    1.681e-01      2.819e-04
ENSG00000269938:2(@)Loc1253   chr12_123964676_C_A_b38   1.323e-03 1.682e-01    1.681e-01      2.225e-04
ENSG00000270061:2(@)Loc1253   chr12_123964676_C_A_b38   6.057e-04 1.682e-01    1.681e-01      1.018e-04
ENSG00000119242:2(@)Loc1253   chr12_123964676_C_A_b38   1.274e-03 1.682e-01    1.681e-01      2.141e-04
ENSG00000179195:2(@)Loc1253   chr12_123964676_C_A_b38   6.490e-04 1.682e-01    1.681e-01      1.091e-04
ENSG00000213463:1(@)Loc1354   chr14_70417226_G_A_b38   5.926e-01 3.875e-04    3.873e-04      2.295e-04
ENSG00000103642:2(@)Loc1407   chr15_63101021_T_C_b38   1.022e-03 2.187e-01    2.186e-01      2.234e-04
ENSG00000103642:2(@)Loc1407   chr15_63103889_A_G_b38   1.022e-03 9.975e-02    9.975e-02      1.019e-04
ENSG00000103642:2(@)Loc1407   chr15_63104668_A_G_b38   2.863e-04 6.100e-01    6.100e-01      1.746e-04
ENSG00000267795:1(@)Loc1432   chr16_4878256_G_A_b38   5.408e-01 2.578e-04    2.577e-04      1.394e-04
ENSG00000267795:1(@)Loc1432   chr16_4902193_C_T_b38   3.368e-01 7.910e-04    7.907e-04      2.663e-04
ENSG00000183793:1(@)Loc1443   chr16_15036083_C_T_b38   9.999e-01 1.439e-02    1.439e-02      1.439e-02
ENSG00000183426:1(@)Loc1443   chr16_15036083_C_T_b38   9.998e-01 1.439e-02    1.439e-02      1.438e-02
ENSG00000103550:1(@)Loc1446   chr16_19708624_C_A_b38   1.560e-01 2.459e-03    2.458e-03      3.835e-04
ENSG00000103550:1(@)Loc1446   chr16_19711044_T_C_b38   1.560e-01 3.065e-03    3.064e-03      4.781e-04
ENSG00000178952:1(@)Loc1451   chr16_28846324_A_G_b38   2.885e-01 7.271e-04    7.268e-04      2.097e-04
ENSG00000168286:1(@)Loc1464   chr16_67845497_G_A_b38   2.249e-03 2.174e-01    2.174e-01      4.889e-04
ENSG00000168286:1(@)Loc1464   chr16_67863584_C_T_b38   8.986e-04 2.429e-01    2.428e-01      2.182e-04
ENSG00000102898:2(@)Loc1464   chr16_67845497_G_A_b38   1.869e-03 2.174e-01    2.174e-01      4.064e-04
ENSG00000038358:2(@)Loc1464   chr16_67863584_C_T_b38   8.910e-04 2.429e-01    2.429e-01      2.164e-04
ENSG00000038358:2(@)Loc1464   chr16_67894139_G_A_b38   4.537e-04 5.163e-01    5.163e-01      2.342e-04
ENSG00000141086:1(@)Loc1464   chr16_67894139_G_A_b38   4.803e-04 5.163e-01    5.162e-01      2.479e-04
ENSG00000159792:2(@)Loc1464   chr16_67894139_G_A_b38   2.727e-03 5.163e-01    5.163e-01      1.408e-03
ENSG00000140832:1(@)Loc1466   chr16_71635721_C_A_b38   1.580e-02 8.640e-03    8.637e-03      1.365e-04
ENSG00000220205:1(@)Loc1489   chr17_8155799_C_T_b38   1.742e-01 7.480e-04    7.478e-04      1.302e-04
ENSG00000220205:1(@)Loc1489   chr17_8157545_T_G_b38   1.742e-01 7.874e-04    7.871e-04      1.371e-04
ENSG00000220205:1(@)Loc1489   chr17_8163465_A_G_b38   3.858e-01 6.330e-04    6.328e-04      2.441e-04
ENSG00000187688:1(@)Loc1496   chr17_16415618_T_C_b38   8.680e-01 1.318e-04    1.317e-04      1.143e-04
ENSG00000005156:1(@)Loc1503   chr17_34980567_G_A_b38   8.439e-01 7.158e-04    7.155e-04      6.038e-04
ENSG00000131771:1(@)Loc1505   chr17_39653965_C_G_b38   8.646e-03 1.401e-02    1.401e-02      1.211e-04
ENSG00000131771:1(@)Loc1505   chr17_39657827_G_A_b38   5.748e-03 1.529e-01    1.529e-01      8.788e-04
ENSG00000131771:1(@)Loc1505   chr17_39665182_G_T_b38   5.748e-03 3.231e-01    3.230e-01      1.857e-03
ENSG00000131748:1(@)Loc1505   chr17_39657827_G_A_b38   1.796e-03 1.529e-01    1.529e-01      2.746e-04
ENSG00000131748:1(@)Loc1505   chr17_39665182_G_T_b38   5.800e-04 3.231e-01    3.230e-01      1.874e-04
ENSG00000173991:1(@)Loc1505   chr17_39653965_C_G_b38   1.722e-02 1.401e-02    1.401e-02      2.412e-04
ENSG00000173991:1(@)Loc1505   chr17_39657827_G_A_b38   1.754e-02 1.529e-01    1.529e-01      2.682e-03
ENSG00000173991:1(@)Loc1505   chr17_39665182_G_T_b38   7.242e-02 3.231e-01    3.230e-01      2.340e-02
ENSG00000173991:1(@)Loc1505   chr17_39666058_A_C_b38   1.587e-01 1.284e-02    1.283e-02      2.036e-03
ENSG00000141744:2(@)Loc1505   chr17_39657827_G_A_b38   1.177e-03 1.529e-01    1.529e-01      1.800e-04
ENSG00000141744:2(@)Loc1505   chr17_39665182_G_T_b38   3.474e-03 3.231e-01    3.230e-01      1.122e-03
ENSG00000141744:2(@)Loc1505   chr17_39666058_A_C_b38   1.490e-02 1.284e-02    1.283e-02      1.913e-04
ENSG00000141736:1(@)Loc1505   chr17_39665182_G_T_b38   2.125e-03 3.231e-01    3.230e-01      6.865e-04
ENSG00000037042:1(@)Loc1507   chr17_42659763_C_T_b38   5.070e-01 8.255e-04    8.253e-04      4.184e-04
ENSG00000037042:1(@)Loc1507   chr17_42659901_A_G_b38   1.614e-01 8.255e-04    8.253e-04      1.332e-04
ENSG00000108433:1(@)Loc1509   chr17_46921197_G_A_b38   8.751e-02 2.418e-03    2.417e-03      2.115e-04
ENSG00000108433:1(@)Loc1509   chr17_46921812_C_T_b38   5.536e-02 2.035e-03    2.034e-03      1.126e-04
ENSG00000108433:1(@)Loc1509   chr17_46922281_G_A_b38   9.518e-02 2.035e-03    2.034e-03      1.936e-04
ENSG00000108433:1(@)Loc1509   chr17_46923163_G_C_b38   1.916e-01 6.207e-04    6.205e-04      1.189e-04
ENSG00000108433:1(@)Loc1509   chr17_46923631_G_A_b38   1.282e-01 8.915e-04    8.912e-04      1.142e-04
ENSG00000260001:1(@)Loc1584   chr19_7905750_A_G_b38   5.749e-03 6.616e-01    6.615e-01      3.803e-03
ENSG00000167772:1(@)Loc1585   chr19_8366697_G_A_b38   8.215e-04 6.668e-01    6.668e-01      5.477e-04
ENSG00000185236:2(@)Loc1585   chr19_8366697_G_A_b38   1.990e-04 6.668e-01    6.668e-01      1.327e-04
ENSG00000185236:2(@)Loc1585   chr19_8388938_T_C_b38   1.252e-03 3.328e-01    3.328e-01      4.166e-04
ENSG00000186204:1(@)Loc1590   chr19_15678888_G_A_b38   9.111e-01 1.484e-04    1.483e-04      1.351e-04
ENSG00000124299:1(@)Loc1600   chr19_33523156_G_A_b38   1.887e-01 5.438e-04    5.436e-04      1.026e-04
ENSG00000130749:2(@)Loc1610   chr19_47093845_T_C_b38   6.573e-04 1.986e-01    1.986e-01      1.305e-04
ENSG00000277383:1(@)Loc1610   chr19_47607998_A_C_b38   3.169e-02 4.460e-03    4.459e-03      1.413e-04
ENSG00000278041:1(@)Loc1631   chr20_21502831_A_T_b38   1.337e-01 1.064e-03    1.063e-03      1.422e-04
ENSG00000078804:1(@)Loc1637   chr20_34706549_A_G_b38   2.151e-03 6.655e-02    6.653e-02      1.431e-04
ENSG00000125966:2(@)Loc1637   chr20_35190180_A_G_b38   3.242e-03 2.763e-01    2.762e-01      8.956e-04
ENSG00000100982:1(@)Loc1644   chr20_45925376_T_C_b38   7.955e-04 4.136e-01    4.136e-01      3.290e-04
ENSG00000100982:1(@)Loc1644   chr20_45956781_A_G_b38   6.465e-04 4.258e-01    4.258e-01      2.753e-04
ENSG00000185651:1(@)Loc1682   chr22_21574627_T_G_b38   3.501e-03 3.100e-01    3.100e-01      1.085e-03
ENSG00000185651:1(@)Loc1682   chr22_21577779_C_T_b38   2.141e-03 6.363e-01    6.363e-01      1.362e-03
ENSG00000185651:1(@)Loc1682   chr22_21585900_T_G_b38   2.141e-03 5.366e-02    5.366e-02      1.149e-04
ENSG00000161180:1(@)Loc1682   chr22_21577779_C_T_b38   1.975e-03 6.363e-01    6.363e-01      1.257e-03
ENSG00000161180:1(@)Loc1682   chr22_21585900_T_G_b38   7.331e-03 5.366e-02    5.366e-02      3.934e-04
ENSG00000161179:1(@)Loc1682   chr22_21574627_T_G_b38   1.976e-03 3.100e-01    3.099e-01      6.126e-04
ENSG00000100249:1(@)Loc1687   chr22_29052420_T_C_b38   2.677e-01 2.293e-03    2.292e-03      6.137e-04
ENSG00000227117:1(@)Loc1688   chr22_30064445_G_T_b38   5.642e-03 3.560e-02    3.559e-02      2.008e-04
