Signal	SNP	PIP_qtl	PIP_gwas_marginal	PIP_gwas_qtl_prior	SCP
ENSG00000158825:1(@)Loc14   chr1_20589745_G_A_b38   9.979e-01 2.767e-04    2.766e-04      2.760e-04
ENSG00000001460:1(@)Loc17   chr1_24417389_C_T_b38   5.793e-01 2.470e-04    2.469e-04      1.430e-04
ENSG00000260063:1(@)Loc18   chr1_26686642_G_A_b38   8.494e-03 2.829e-02    2.828e-02      2.402e-04
ENSG00000260063:1(@)Loc18   chr1_26712737_C_T_b38   6.639e-03 3.114e-01    3.113e-01      2.067e-03
ENSG00000060642:1(@)Loc18   chr1_26811902_C_T_b38   8.904e-03 4.286e-01    4.286e-01      3.816e-03
ENSG00000175707:1(@)Loc18   chr1_26958704_C_T_b38   3.975e-02 2.179e-01    2.178e-01      8.660e-03
ENSG00000158161:1(@)Loc19   chr1_28060670_T_C_b38   5.871e-02 2.423e-03    2.422e-03      1.422e-04
ENSG00000158161:1(@)Loc19   chr1_28074367_T_C_b38   1.489e-01 1.861e-03    1.860e-03      2.770e-04
ENSG00000158161:1(@)Loc19   chr1_28080155_C_CA_b38   5.099e-01 1.393e-03    1.393e-03      7.102e-04
ENSG00000116353:1(@)Loc19   chr1_29135343_G_C_b38   4.924e-01 1.148e-03    1.148e-03      5.652e-04
ENSG00000116353:1(@)Loc19   chr1_29136547_C_T_b38   4.924e-01 1.148e-03    1.148e-03      5.652e-04
ENSG00000237624:3(@)Loc24   chr1_39447679_A_G_b38   3.254e-03 6.682e-02    6.679e-02      2.173e-04
ENSG00000090621:1(@)Loc24   chr1_39562508_A_G_b38   9.078e-03 5.718e-01    5.718e-01      5.191e-03
ENSG00000090621:1(@)Loc24   chr1_39570014_C_T_b38   2.401e-02 2.012e-01    2.012e-01      4.832e-03
ENSG00000090621:1(@)Loc24   chr1_39599289_G_A_b38   5.004e-03 6.734e-02    6.733e-02      3.369e-04
ENSG00000182109:2(@)Loc24   chr1_39562508_A_G_b38   1.048e-02 5.718e-01    5.718e-01      5.989e-03
ENSG00000182109:2(@)Loc24   chr1_39570014_C_T_b38   5.919e-03 2.012e-01    2.012e-01      1.191e-03
ENSG00000228060:1(@)Loc24   chr1_39562508_A_G_b38   9.314e-03 5.718e-01    5.718e-01      5.325e-03
ENSG00000228060:1(@)Loc24   chr1_39570014_C_T_b38   3.276e-01 2.012e-01    2.012e-01      6.593e-02
ENSG00000162607:2(@)Loc39   chr1_62436136_C_A_b38   1.564e-02 7.409e-03    7.407e-03      1.158e-04
ENSG00000116641:1(@)Loc39   chr1_62690372_A_G_b38   7.266e-01 4.574e-03    4.572e-03      3.322e-03
ENSG00000116641:1(@)Loc39   chr1_62690427_T_C_b38   6.077e-02 2.369e-03    2.369e-03      1.439e-04
ENSG00000117500:1(@)Loc57   chr1_93150645_T_C_b38   1.656e-03 7.892e-02    7.890e-02      1.307e-04
ENSG00000117500:1(@)Loc57   chr1_93185990_T_C_b38   1.501e-03 1.284e-01    1.284e-01      1.928e-04
ENSG00000122483:1(@)Loc57   chr1_93185990_T_C_b38   2.020e-03 1.284e-01    1.284e-01      2.594e-04
ENSG00000223745:3(@)Loc57   chr1_93350843_A_G_b38   8.130e-04 6.504e-01    6.503e-01      5.287e-04
ENSG00000117505:3(@)Loc57   chr1_93350843_A_G_b38   2.877e-03 6.504e-01    6.503e-01      1.871e-03
ENSG00000134222:2(@)Loc67   chr1_109274968_G_T_b38   2.926e-02 5.427e-01    5.427e-01      1.588e-02
ENSG00000134222:2(@)Loc67   chr1_109275216_T_C_b38   6.244e-02 6.719e-02    6.719e-02      4.195e-03
ENSG00000134222:2(@)Loc67   chr1_109275908_C_T_b38   2.701e-02 3.466e-01    3.465e-01      9.360e-03
ENSG00000134222:2(@)Loc67   chr1_109278889_T_G_b38   1.135e-01 3.173e-02    3.173e-02      3.601e-03
ENSG00000134222:2(@)Loc67   chr1_109279544_G_A_b38   6.818e-02 9.779e-03    9.779e-03      6.667e-04
ENSG00000279513:1(@)Loc72   chr1_117493798_A_G_b38   1.062e-01 1.945e-03    1.944e-03      2.065e-04
ENSG00000143575:1(@)Loc76   chr1_154270621_G_A_b38   1.306e-01 4.853e-03    4.852e-03      6.335e-04
ENSG00000143575:1(@)Loc76   chr1_154272666_T_G_b38   7.181e-01 1.539e-02    1.539e-02      1.105e-02
ENSG00000143575:1(@)Loc76   chr1_154279150_A_G_b38   4.665e-02 4.853e-03    4.852e-03      2.263e-04
ENSG00000143575:1(@)Loc76   chr1_154284712_A_T_b38   2.332e-02 4.853e-03    4.852e-03      1.131e-04
ENSG00000143575:1(@)Loc76   chr1_154285242_T_C_b38   2.332e-02 4.853e-03    4.852e-03      1.131e-04
ENSG00000143575:1(@)Loc76   chr1_154286388_C_T_b38   2.332e-02 4.853e-03    4.852e-03      1.131e-04
ENSG00000143575:1(@)Loc76   chr1_154287885_C_G_b38   2.332e-02 4.853e-03    4.852e-03      1.131e-04
ENSG00000143294:2(@)Loc78   chr1_156730859_T_G_b38   9.682e-04 9.208e-01    9.208e-01      8.915e-04
ENSG00000143303:1(@)Loc78   chr1_156730859_T_G_b38   3.100e-02 9.208e-01    9.208e-01      2.855e-02
ENSG00000143321:1(@)Loc78   chr1_156730859_T_G_b38   6.592e-04 9.208e-01    9.208e-01      6.070e-04
ENSG00000234741:3(@)Loc86   chr1_173759722_G_A_b38   9.997e-01 1.195e-04    1.195e-04      1.195e-04
ENSG00000234741:4(@)Loc86   chr1_174499264_T_A_b38   9.997e-01 2.199e-04    2.199e-04      2.198e-04
ENSG00000158715:1(@)Loc105   chr1_205714939_T_C_b38   1.281e-03 1.588e-01    1.587e-01      2.034e-04
ENSG00000069275:1(@)Loc105   chr1_205710759_G_T_b38   5.707e-03 9.145e-02    9.142e-02      5.218e-04
ENSG00000069275:1(@)Loc105   chr1_205720679_T_G_b38   1.925e-02 1.351e-02    1.351e-02      2.600e-04
ENSG00000069275:1(@)Loc105   chr1_205749730_A_T_b38   4.372e-01 4.086e-04    4.084e-04      1.786e-04
ENSG00000143353:1(@)Loc112   chr1_219159955_C_T_b38   1.865e-02 5.617e-03    5.615e-03      1.047e-04
ENSG00000143353:1(@)Loc112   chr1_219172269_T_G_b38   1.099e-01 1.308e-03    1.308e-03      1.437e-04
ENSG00000181218:1(@)Loc117   chr1_228455746_C_T_b38   8.145e-01 1.661e-04    1.661e-04      1.352e-04
ENSG00000168159:3(@)Loc117   chr1_228502147_T_G_b38   8.671e-01 1.159e-04    1.158e-04      1.004e-04
ENSG00000035115:1(@)Loc133   chr2_242793_G_C_b38   9.986e-01 2.459e-04    2.459e-04      2.455e-04
ENSG00000234171:1(@)Loc134   chr2_3561474_G_A_b38   7.299e-01 1.478e-04    1.477e-04      1.078e-04
ENSG00000138031:1(@)Loc147   chr2_24871206_G_A_b38   8.126e-02 1.317e-03    1.317e-03      1.070e-04
ENSG00000138031:1(@)Loc147   chr2_24873637_C_T_b38   8.126e-02 1.952e-03    1.951e-03      1.586e-04
ENSG00000138031:1(@)Loc147   chr2_24879731_C_T_b38   8.126e-02 1.436e-03    1.435e-03      1.166e-04
ENSG00000138031:1(@)Loc147   chr2_24882867_G_C_b38   8.126e-02 1.436e-03    1.435e-03      1.166e-04
ENSG00000272156:2(@)Loc167   chr2_54099333_T_C_b38   7.220e-01 1.421e-03    1.421e-03      1.026e-03
ENSG00000011523:1(@)Loc174   chr2_65057022_C_CGTGGATGCAGCA_b38   9.335e-01 1.922e-03    1.922e-03      1.794e-03
ENSG00000124370:1(@)Loc179   chr2_71130287_C_A_b38   2.609e-01 4.225e-04    4.223e-04      1.102e-04
ENSG00000124370:1(@)Loc179   chr2_71130504_C_T_b38   2.609e-01 4.040e-04    4.038e-04      1.054e-04
ENSG00000246575:1(@)Loc186   chr2_85310189_G_A_b38   6.402e-03 2.737e-02    2.736e-02      1.752e-04
ENSG00000246575:1(@)Loc186   chr2_85311872_G_A_b38   4.820e-03 3.275e-02    3.275e-02      1.579e-04
ENSG00000246575:1(@)Loc186   chr2_85312047_A_C_b38   4.820e-03 3.275e-02    3.275e-02      1.579e-04
ENSG00000246575:1(@)Loc186   chr2_85312450_T_A_b38   6.746e-03 3.001e-02    3.001e-02      2.024e-04
ENSG00000246575:1(@)Loc186   chr2_85313523_ACT_A_b38   2.399e-02 3.483e-02    3.483e-02      8.354e-04
ENSG00000246575:1(@)Loc186   chr2_85313643_C_T_b38   3.162e-02 4.651e-02    4.651e-02      1.471e-03
ENSG00000246575:1(@)Loc186   chr2_85313657_T_G_b38   3.162e-02 4.385e-02    4.385e-02      1.387e-03
ENSG00000246575:1(@)Loc186   chr2_85313960_T_C_b38   1.064e-02 4.192e-02    4.192e-02      4.460e-04
ENSG00000246575:1(@)Loc186   chr2_85315563_G_C_b38   1.700e-01 4.184e-02    4.184e-02      7.114e-03
ENSG00000246575:1(@)Loc186   chr2_85315595_G_A_b38   1.651e-01 1.667e-02    1.667e-02      2.752e-03
ENSG00000246575:1(@)Loc186   chr2_85315941_T_C_b38   2.079e-01 1.801e-03    1.801e-03      3.743e-04
ENSG00000246575:1(@)Loc186   chr2_85317466_G_GCAACA_b38   2.186e-02 1.730e-02    1.730e-02      3.783e-04
ENSG00000246575:1(@)Loc186   chr2_85318929_A_G_b38   7.016e-03 1.720e-02    1.720e-02      1.207e-04
ENSG00000246575:1(@)Loc186   chr2_85319492_C_T_b38   5.505e-02 1.317e-02    1.317e-02      7.250e-04
ENSG00000246575:1(@)Loc186   chr2_85319809_A_C_b38   5.505e-02 2.786e-02    2.786e-02      1.534e-03
ENSG00000246575:1(@)Loc186   chr2_85320253_C_G_b38   7.729e-03 2.671e-02    2.671e-02      2.064e-04
ENSG00000246575:1(@)Loc186   chr2_85320306_G_T_b38   7.729e-03 3.423e-02    3.423e-02      2.645e-04
ENSG00000246575:1(@)Loc186   chr2_85320840_C_T_b38   7.729e-03 3.327e-02    3.326e-02      2.571e-04
ENSG00000246575:1(@)Loc186   chr2_85320945_TA_T_b38   3.034e-02 1.627e-02    1.627e-02      4.935e-04
ENSG00000246575:1(@)Loc186   chr2_85322404_T_C_b38   3.539e-03 2.996e-02    2.996e-02      1.060e-04
ENSG00000246575:1(@)Loc186   chr2_85322424_C_T_b38   3.539e-03 3.633e-02    3.633e-02      1.285e-04
ENSG00000246575:1(@)Loc186   chr2_85324061_C_T_b38   5.336e-03 3.357e-02    3.357e-02      1.791e-04
ENSG00000246575:1(@)Loc186   chr2_85324573_T_G_b38   3.539e-03 3.532e-02    3.532e-02      1.250e-04
ENSG00000246575:1(@)Loc186   chr2_85324656_G_A_b38   1.494e-02 3.725e-02    3.725e-02      5.565e-04
ENSG00000246575:1(@)Loc186   chr2_85325063_C_A_b38   5.303e-03 2.969e-02    2.969e-02      1.575e-04
ENSG00000246575:1(@)Loc186   chr2_85325586_T_C_b38   1.365e-02 1.656e-02    1.656e-02      2.259e-04
ENSG00000246575:1(@)Loc186   chr2_85325697_C_T_b38   7.571e-03 3.080e-02    3.080e-02      2.332e-04
ENSG00000246575:1(@)Loc186   chr2_85326661_C_T_b38   9.338e-03 3.433e-02    3.433e-02      3.206e-04
ENSG00000152291:3(@)Loc186   chr2_85328355_C_T_b38   6.488e-03 4.705e-02    4.705e-02      3.052e-04
ENSG00000152291:1(@)Loc186   chr2_85326957_G_A_b38   9.512e-01 1.176e-02    1.176e-02      1.118e-02
ENSG00000115290:2(@)Loc232   chr2_164684290_T_C_b38   2.463e-02 4.611e-01    4.611e-01      1.136e-02
ENSG00000115290:2(@)Loc232   chr2_164694691_T_C_b38   2.466e-02 5.387e-01    5.387e-01      1.328e-02
ENSG00000224331:1(@)Loc232   chr2_164684290_T_C_b38   8.549e-03 4.611e-01    4.611e-01      3.942e-03
ENSG00000224331:1(@)Loc232   chr2_164694691_T_C_b38   5.196e-03 5.387e-01    5.387e-01      2.799e-03
ENSG00000146205:2(@)Loc276   chr2_241237134_A_G_b38   4.233e-01 2.009e-03    2.008e-03      8.501e-04
ENSG00000115677:1(@)Loc276   chr2_241229561_T_C_b38   2.308e-01 1.013e-03    1.013e-03      2.337e-04
ENSG00000115677:1(@)Loc276   chr2_241317397_G_C_b38   3.971e-01 4.124e-04    4.123e-04      1.637e-04
ENSG00000204099:2(@)Loc276   chr2_241809648_C_T_b38   8.867e-01 2.164e-04    2.163e-04      1.918e-04
ENSG00000163702:2(@)Loc284   chr3_9924029_T_A_b38   8.468e-01 2.055e-04    2.055e-04      1.740e-04
ENSG00000004534:2(@)Loc311   chr3_49934081_C_A_b38   1.275e-03 2.093e-01    2.093e-01      2.668e-04
ENSG00000003756:1(@)Loc311   chr3_50075601_A_G_b38   7.982e-03 3.265e-01    3.265e-01      2.606e-03
ENSG00000003756:1(@)Loc311   chr3_50091966_C_T_b38   1.333e-02 4.002e-01    4.002e-01      5.335e-03
ENSG00000281691:2(@)Loc311   chr3_50075601_A_G_b38   3.916e-04 3.265e-01    3.265e-01      1.279e-04
ENSG00000281691:2(@)Loc311   chr3_50091966_C_T_b38   5.574e-04 4.002e-01    4.002e-01      2.231e-04
ENSG00000121440:1(@)Loc325   chr3_73523393_T_C_b38   5.062e-01 2.034e-04    2.033e-04      1.029e-04
ENSG00000278934:1(@)Loc325   chr3_73523393_T_C_b38   7.585e-01 2.034e-04    2.033e-04      1.542e-04
ENSG00000176945:3(@)Loc396   chr3_196006217_T_C_b38   9.993e-01 2.140e-04    2.139e-04      2.137e-04
ENSG00000246090:4(@)Loc464   chr4_99093654_A_G_b38   1.250e-02 8.099e-01    8.098e-01      1.012e-02
ENSG00000197894:2(@)Loc464   chr4_99093654_A_G_b38   4.629e-02 8.099e-01    8.098e-01      3.749e-02
ENSG00000172399:1(@)Loc475   chr4_119142688_A_G_b38   1.988e-01 5.091e-04    5.089e-04      1.012e-04
ENSG00000145390:1(@)Loc475   chr4_119212394_T_G_b38   7.041e-01 9.665e-04    9.661e-04      6.803e-04
ENSG00000145384:1(@)Loc475   chr4_119320570_C_A_b38   3.456e-01 5.865e-04    5.863e-04      2.026e-04
ENSG00000145384:1(@)Loc475   chr4_119326577_T_C_b38   4.338e-01 5.041e-04    5.040e-04      2.186e-04
ENSG00000168938:1(@)Loc594   chr5_123024708_T_C_b38   4.148e-01 7.106e-04    7.104e-04      2.947e-04
ENSG00000249261:1(@)Loc596   chr5_124869692_G_C_b38   8.361e-01 8.552e-04    8.549e-04      7.148e-04
ENSG00000253404:2(@)Loc602   chr5_138753060_G_C_b38   5.891e-01 2.056e-04    2.055e-04      1.210e-04
ENSG00000176049:2(@)Loc606   chr5_147780562_T_C_b38   1.452e-01 2.672e-03    2.671e-03      3.877e-04
ENSG00000176049:2(@)Loc606   chr5_147780868_G_A_b38   1.683e-01 1.453e-03    1.452e-03      2.445e-04
ENSG00000160883:1(@)Loc626   chr5_176901335_G_A_b38   1.301e-01 7.717e-04    7.714e-04      1.003e-04
ENSG00000172197:3(@)Loc645   chr6_20226437_T_C_b38   7.563e-01 1.573e-04    1.572e-04      1.189e-04
ENSG00000112308:1(@)Loc648   chr6_24719750_G_A_b38   9.355e-01 1.278e-03    1.278e-03      1.195e-03
ENSG00000124564:1(@)Loc650   chr6_25874195_G_A_b38   1.205e-02 1.819e-02    1.819e-02      2.192e-04
ENSG00000272462:2(@)Loc650   chr6_25941237_T_TTA_b38   6.724e-01 9.518e-04    9.515e-04      6.398e-04
ENSG00000272462:2(@)Loc650   chr6_25993241_A_G_b38   1.977e-01 2.061e-02    2.061e-02      4.074e-03
ENSG00000196866:2(@)Loc650   chr6_26200449_A_G_b38   1.541e-02 6.736e-03    6.734e-03      1.037e-04
ENSG00000204632:1(@)Loc654   chr6_29882943_T_C_b38   5.300e-01 9.940e-04    9.937e-04      5.267e-04
ENSG00000204632:1(@)Loc654   chr6_30064745_A_C_b38   2.970e-02 1.379e-02    1.379e-02      4.094e-04
ENSG00000204632:1(@)Loc654   chr6_30070870_T_C_b38   2.266e-02 9.484e-03    9.481e-03      2.148e-04
ENSG00000204632:1(@)Loc654   chr6_30576624_A_G_b38   3.692e-03 5.362e-02    5.360e-02      1.979e-04
ENSG00000204632:1(@)Loc654   chr6_30651129_A_G_b38   6.638e-03 9.064e-02    9.061e-02      6.015e-04
ENSG00000146112:1(@)Loc654   chr6_30576624_A_G_b38   2.393e-03 5.362e-02    5.360e-02      1.283e-04
ENSG00000146112:1(@)Loc654   chr6_30651129_A_G_b38   1.169e-02 9.064e-02    9.061e-02      1.060e-03
ENSG00000146112:1(@)Loc654   chr6_30689051_C_G_b38   1.561e-01 8.200e-04    8.197e-04      1.280e-04
ENSG00000228962:4(@)Loc656   chr6_32395438_T_C_b38   1.476e-03 6.106e-01    6.105e-01      9.010e-04
ENSG00000204257:1(@)Loc657   chr6_32968343_C_T_b38   4.208e-01 3.155e-04    3.154e-04      1.327e-04
ENSG00000196821:1(@)Loc658   chr6_34589469_C_T_b38   2.735e-03 7.101e-02    7.099e-02      1.942e-04
ENSG00000196821:1(@)Loc658   chr6_34651116_G_A_b38   1.517e-02 4.723e-02    4.722e-02      7.162e-04
ENSG00000196821:1(@)Loc658   chr6_34671070_G_A_b38   1.517e-02 5.006e-02    5.005e-02      7.591e-04
ENSG00000196821:1(@)Loc658   chr6_34695821_C_T_b38   2.170e-01 6.603e-02    6.601e-02      1.433e-02
ENSG00000124664:1(@)Loc658   chr6_34595387_A_G_b38   1.851e-02 3.003e-01    3.002e-01      5.558e-03
ENSG00000124664:1(@)Loc658   chr6_34612444_C_T_b38   8.135e-03 3.237e-02    3.236e-02      2.633e-04
ENSG00000278224:2(@)Loc662   chr6_41779310_G_C_b38   2.599e-01 2.553e-03    2.552e-03      6.633e-04
ENSG00000124713:1(@)Loc663   chr6_42957194_A_G_b38   1.444e-01 7.193e-04    7.190e-04      1.038e-04
ENSG00000124713:1(@)Loc663   chr6_42959801_A_AGAGT_b38   5.017e-01 7.193e-04    7.190e-04      3.608e-04
ENSG00000124587:2(@)Loc663   chr6_42963889_GTTTA_G_b38   1.298e-01 8.801e-04    8.798e-04      1.142e-04
ENSG00000124587:2(@)Loc663   chr6_42972935_A_G_b38   2.267e-01 7.752e-04    7.749e-04      1.757e-04
ENSG00000227502:1(@)Loc705   chr6_113873358_A_G_b38   5.675e-01 2.736e-04    2.735e-04      1.552e-04
ENSG00000164849:1(@)Loc744   chr7_1044141_A_G_b38   3.735e-02 4.560e-01    4.559e-01      1.703e-02
ENSG00000205903:3(@)Loc750   chr7_6409641_A_G_b38   2.753e-04 9.642e-01    9.642e-01      2.655e-04
ENSG00000227191:2(@)Loc770   chr7_38251113_A_T_b38   2.019e-02 5.973e-03    5.971e-03      1.205e-04
ENSG00000241057:2(@)Loc774   chr7_43961772_G_A_b38   9.998e-01 1.539e-04    1.538e-04      1.538e-04
ENSG00000009950:1(@)Loc789   chr7_73612048_C_T_b38   5.868e-03 3.420e-02    3.419e-02      2.006e-04
ENSG00000106635:2(@)Loc789   chr7_73556901_C_T_b38   5.011e-02 1.846e-01    1.845e-01      9.247e-03
ENSG00000106635:2(@)Loc789   chr7_73568544_C_T_b38   5.610e-03 3.304e-01    3.303e-01      1.853e-03
ENSG00000106638:2(@)Loc789   chr7_73556901_C_T_b38   2.160e-02 1.846e-01    1.845e-01      3.986e-03
ENSG00000106638:2(@)Loc789   chr7_73568544_C_T_b38   4.859e-02 3.304e-01    3.303e-01      1.605e-02
ENSG00000106638:2(@)Loc789   chr7_73568980_A_T_b38   9.761e-02 1.744e-02    1.744e-02      1.702e-03
ENSG00000198898:1(@)Loc812   chr7_116810801_A_G_b38   7.136e-02 3.053e-03    3.052e-03      2.178e-04
ENSG00000091732:1(@)Loc821   chr7_130051469_C_G_b38   2.454e-01 2.210e-03    2.210e-03      5.423e-04
ENSG00000091732:2(@)Loc821   chr7_130023656_C_T_b38   3.076e-02 3.153e-02    3.152e-02      9.696e-04
ENSG00000091732:2(@)Loc821   chr7_130045757_G_A_b38   1.875e-01 1.172e-02    1.172e-02      2.198e-03
ENSG00000196329:1(@)Loc835   chr7_150832361_T_C_b38   5.331e-02 6.278e-01    6.277e-01      3.347e-02
ENSG00000002933:3(@)Loc835   chr7_150822568_C_T_b38   4.998e-01 2.321e-04    2.320e-04      1.159e-04
ENSG00000002933:3(@)Loc835   chr7_150822723_C_T_b38   4.998e-01 2.321e-04    2.320e-04      1.159e-04
ENSG00000133612:1(@)Loc836   chr7_151084984_C_T_b38   3.835e-01 9.400e-04    9.396e-04      3.603e-04
ENSG00000133612:1(@)Loc836   chr7_151092469_G_C_b38   5.189e-02 2.033e-03    2.032e-03      1.054e-04
ENSG00000133612:1(@)Loc836   chr7_151093032_C_T_b38   5.189e-02 2.052e-03    2.051e-03      1.064e-04
ENSG00000254093:1(@)Loc855   chr8_10811883_G_A_b38   1.437e-03 8.292e-02    8.291e-02      1.191e-04
ENSG00000277494:1(@)Loc935   chr8_143219176_G_A_b38   8.089e-01 2.607e-03    2.606e-03      2.108e-03
ENSG00000155158:1(@)Loc948   chr9_15296036_C_A_b38   1.986e-02 9.083e-02    9.083e-02      1.804e-03
ENSG00000155158:1(@)Loc948   chr9_15297589_C_T_b38   3.625e-02 5.055e-02    5.055e-02      1.832e-03
ENSG00000155158:1(@)Loc948   chr9_15297631_G_A_b38   3.625e-02 4.531e-02    4.531e-02      1.642e-03
ENSG00000155158:1(@)Loc948   chr9_15304784_C_A_b38   2.360e-01 8.121e-01    8.121e-01      1.917e-01
ENSG00000136783:4(@)Loc987   chr9_104796778_G_A_b38   6.220e-02 1.065e-02    1.065e-02      6.622e-04
ENSG00000106948:2(@)Loc994   chr9_114386150_G_T_b38   1.447e-02 4.281e-02    4.280e-02      6.192e-04
ENSG00000106948:1(@)Loc994   chr9_114372665_T_C_b38   4.503e-02 6.822e-03    6.819e-03      3.071e-04
ENSG00000106948:1(@)Loc994   chr9_114375998_C_T_b38   6.026e-02 1.023e-02    1.022e-02      6.161e-04
ENSG00000106948:1(@)Loc994   chr9_114377802_T_C_b38   1.002e-01 1.289e-02    1.289e-02      1.291e-03
ENSG00000106948:1(@)Loc994   chr9_114382224_C_T_b38   3.961e-01 2.352e-02    2.351e-02      9.314e-03
ENSG00000106948:1(@)Loc994   chr9_114383763_C_G_b38   3.961e-01 1.401e-02    1.400e-02      5.546e-03
ENSG00000175164:1(@)Loc1005   chr9_133275782_G_A_b38   8.964e-02 1.597e-03    1.596e-03      1.431e-04
ENSG00000175164:2(@)Loc1005   chr9_133257521_T_TC_b38   9.985e-01 4.720e-04    4.719e-04      4.711e-04
ENSG00000057608:1(@)Loc1015   chr10_5813440_G_C_b38   9.775e-01 1.980e-04    1.979e-04      1.935e-04
ENSG00000026025:1(@)Loc1023   chr10_17229111_G_C_b38   2.475e-01 1.542e-02    1.541e-02      3.814e-03
ENSG00000026025:1(@)Loc1023   chr10_17240449_A_G_b38   1.230e-02 3.586e-02    3.585e-02      4.411e-04
ENSG00000229124:2(@)Loc1023   chr10_17229111_G_C_b38   3.960e-02 1.542e-02    1.541e-02      6.103e-04
ENSG00000229124:2(@)Loc1023   chr10_17240449_A_G_b38   1.568e-02 3.586e-02    3.585e-02      5.622e-04
ENSG00000171988:1(@)Loc1051   chr10_63504366_T_C_b38   1.072e-03 1.558e-01    1.557e-01      1.670e-04
ENSG00000171988:1(@)Loc1051   chr10_63517266_G_A_b38   3.439e-03 4.301e-02    4.300e-02      1.479e-04
ENSG00000279088:1(@)Loc1058   chr10_73717540_A_G_b38   4.689e-03 2.285e-02    2.284e-02      1.071e-04
ENSG00000165644:1(@)Loc1058   chr10_75235812_C_G_b38   6.468e-01 1.911e-04    1.911e-04      1.236e-04
ENSG00000230224:1(@)Loc1073   chr10_100152307_T_C_b38   8.108e-04 1.667e-01    1.667e-01      1.351e-04
ENSG00000230224:1(@)Loc1073   chr10_100233804_CAG_C_b38   2.760e-02 3.719e-03    3.718e-03      1.026e-04
ENSG00000230224:1(@)Loc1073   chr10_100236603_C_T_b38   4.391e-02 3.121e-03    3.120e-03      1.370e-04
ENSG00000230224:1(@)Loc1073   chr10_100238657_T_C_b38   5.447e-02 2.455e-03    2.454e-03      1.337e-04
ENSG00000230224:1(@)Loc1073   chr10_100239989_G_A_b38   5.447e-02 3.583e-03    3.582e-03      1.951e-04
ENSG00000230224:1(@)Loc1073   chr10_100240944_C_T_b38   4.349e-02 2.361e-03    2.360e-03      1.026e-04
ENSG00000230224:1(@)Loc1073   chr10_100244149_G_C_b38   8.789e-02 3.020e-03    3.019e-03      2.653e-04
ENSG00000095485:1(@)Loc1073   chr10_100267650_C_T_b38   9.134e-01 2.860e-03    2.859e-03      2.611e-03
ENSG00000043591:2(@)Loc1080   chr10_114029616_C_T_b38   1.743e-03 3.697e-01    3.697e-01      6.442e-04
ENSG00000043591:2(@)Loc1080   chr10_114033028_G_A_b38   1.672e-03 3.497e-01    3.497e-01      5.846e-04
ENSG00000043591:2(@)Loc1080   chr10_114045297_G_C_b38   1.451e-02 2.506e-02    2.506e-02      3.637e-04
ENSG00000165832:2(@)Loc1081   chr10_114933684_C_T_b38   6.017e-02 1.774e-03    1.773e-03      1.067e-04
ENSG00000165832:2(@)Loc1081   chr10_114939486_TA_T_b38   9.233e-02 1.542e-03    1.542e-03      1.424e-04
ENSG00000174775:1(@)Loc1095   chr11_539648_G_A_b38   3.317e-01 7.769e-04    7.767e-04      2.576e-04
ENSG00000132275:1(@)Loc1099   chr11_6600286_G_A_b38   7.792e-01 1.510e-04    1.510e-04      1.176e-04
ENSG00000254554:1(@)Loc1102   chr11_10303778_C_A_b38   6.422e-01 2.664e-04    2.664e-04      1.711e-04
ENSG00000133805:1(@)Loc1102   chr11_10417997_T_C_b38   4.541e-01 8.183e-04    8.181e-04      3.715e-04
ENSG00000133805:1(@)Loc1102   chr11_10418797_A_G_b38   6.299e-02 1.405e-02    1.404e-02      8.844e-04
ENSG00000133805:1(@)Loc1102   chr11_10426370_T_C_b38   1.775e-01 2.257e-03    2.257e-03      4.006e-04
ENSG00000110328:1(@)Loc1103   chr11_11405976_C_A_b38   6.224e-01 2.323e-04    2.322e-04      1.445e-04
ENSG00000180210:3(@)Loc1122   chr11_46721697_T_C_b38   7.662e-04 9.478e-01    9.478e-01      7.262e-04
ENSG00000134575:1(@)Loc1123   chr11_47305666_G_A_b38   1.808e-03 1.479e-01    1.478e-01      2.673e-04
ENSG00000134575:1(@)Loc1123   chr11_47323549_T_C_b38   1.808e-03 1.013e-01    1.013e-01      1.832e-04
ENSG00000110514:2(@)Loc1123   chr11_47273075_T_C_b38   4.032e-02 3.149e-01    3.149e-01      1.270e-02
ENSG00000110514:2(@)Loc1123   chr11_47284118_T_G_b38   8.916e-03 7.465e-02    7.465e-02      6.656e-04
ENSG00000110514:2(@)Loc1123   chr11_47305666_G_A_b38   1.672e-02 1.479e-01    1.479e-01      2.472e-03
ENSG00000110514:2(@)Loc1123   chr11_47312134_C_A_b38   9.852e-03 3.362e-01    3.362e-01      3.312e-03
ENSG00000110514:2(@)Loc1123   chr11_47323549_T_C_b38   3.309e-03 1.013e-01    1.013e-01      3.353e-04
ENSG00000256746:1(@)Loc1123   chr11_47273075_T_C_b38   6.460e-02 3.149e-01    3.149e-01      2.034e-02
ENSG00000256746:1(@)Loc1123   chr11_47284118_T_G_b38   3.055e-03 7.465e-02    7.465e-02      2.280e-04
ENSG00000256746:1(@)Loc1123   chr11_47305666_G_A_b38   2.335e-03 1.479e-01    1.479e-01      3.452e-04
ENSG00000256746:1(@)Loc1123   chr11_47312134_C_A_b38   2.853e-03 3.362e-01    3.362e-01      9.590e-04
ENSG00000168496:1(@)Loc1128   chr11_61783884_T_C_b38   1.164e-03 1.979e-01    1.979e-01      2.304e-04
ENSG00000168496:1(@)Loc1128   chr11_61790331_T_C_b38   2.435e-03 2.742e-01    2.742e-01      6.678e-04
ENSG00000168496:1(@)Loc1128   chr11_61802358_C_T_b38   1.090e-03 2.144e-01    2.144e-01      2.338e-04
ENSG00000134825:1(@)Loc1128   chr11_61783884_T_C_b38   1.573e-02 1.979e-01    1.978e-01      3.111e-03
ENSG00000134825:1(@)Loc1128   chr11_61785208_G_T_b38   7.717e-02 4.541e-02    4.540e-02      3.504e-03
ENSG00000134825:1(@)Loc1128   chr11_61802358_C_T_b38   4.120e-02 2.144e-01    2.144e-01      8.834e-03
ENSG00000134825:1(@)Loc1128   chr11_61803311_T_C_b38   2.090e-02 4.778e-02    4.777e-02      9.986e-04
ENSG00000134825:1(@)Loc1128   chr11_61804006_T_C_b38   2.090e-02 1.348e-01    1.347e-01      2.816e-03
ENSG00000134825:1(@)Loc1128   chr11_61830500_A_G_b38   3.324e-03 3.429e-02    3.429e-02      1.139e-04
ENSG00000134824:2(@)Loc1128   chr11_61830500_A_G_b38   2.115e-01 3.429e-02    3.428e-02      7.251e-03
ENSG00000149485:1(@)Loc1128   chr11_61830500_A_G_b38   3.795e-03 3.429e-02    3.428e-02      1.301e-04
ENSG00000149485:1(@)Loc1128   chr11_61837342_C_A_b38   9.307e-03 2.077e-02    2.076e-02      1.932e-04
ENSG00000149485:1(@)Loc1128   chr11_61855668_C_T_b38   2.078e-01 6.447e-03    6.445e-03      1.339e-03
ENSG00000173511:1(@)Loc1130   chr11_64237251_G_C_b38   9.997e-01 1.087e-04    1.087e-04      1.086e-04
ENSG00000213445:1(@)Loc1130   chr11_65623332_G_A_b38   9.111e-02 2.529e-03    2.529e-03      2.304e-04
ENSG00000213445:1(@)Loc1130   chr11_65623846_G_A_b38   4.861e-02 7.961e-01    7.960e-01      3.869e-02
ENSG00000213445:1(@)Loc1130   chr11_65638129_G_T_b38   6.420e-01 1.371e-02    1.371e-02      8.805e-03
ENSG00000172803:1(@)Loc1130   chr11_65834089_G_C_b38   9.442e-01 1.930e-04    1.929e-04      1.822e-04
ENSG00000172638:1(@)Loc1130   chr11_65876556_T_C_b38   1.184e-01 9.250e-04    9.247e-04      1.095e-04
ENSG00000172543:1(@)Loc1130   chr11_65879789_A_G_b38   3.644e-01 6.625e-04    6.623e-04      2.413e-04
ENSG00000197345:2(@)Loc1132   chr11_68899730_A_C_b38   2.583e-03 6.787e-02    6.785e-02      1.752e-04
ENSG00000250508:2(@)Loc1132   chr11_68870269_G_C_b38   1.880e-01 6.766e-04    6.764e-04      1.272e-04
ENSG00000250508:2(@)Loc1132   chr11_68870340_G_A_b38   1.880e-01 1.325e-03    1.324e-03      2.491e-04
ENSG00000250508:2(@)Loc1132   chr11_68870590_G_T_b38   1.880e-01 1.325e-03    1.324e-03      2.491e-04
ENSG00000132740:1(@)Loc1132   chr11_68899730_A_C_b38   2.333e-02 6.787e-02    6.785e-02      1.583e-03
ENSG00000132740:1(@)Loc1132   chr11_68903812_G_GCCGCCGCCATCTTC_b38   5.507e-01 1.407e-03    1.407e-03      7.749e-04
ENSG00000132740:1(@)Loc1132   chr11_68951752_C_T_b38   1.355e-01 8.163e-04    8.160e-04      1.106e-04
ENSG00000197345:1(@)Loc1132   chr11_68903812_G_GCCGCCGCCATCTTC_b38   9.955e-01 1.407e-03    1.407e-03      1.401e-03
ENSG00000149289:2(@)Loc1159   chr11_110109220_T_C_b38   2.513e-03 3.256e-01    3.255e-01      8.180e-04
ENSG00000109917:2(@)Loc1164   chr11_116781491_C_T_b38   8.731e-04 1.712e-01    1.711e-01      1.494e-04
ENSG00000137700:1(@)Loc1165   chr11_119031235_A_G_b38   5.119e-01 8.251e-04    8.248e-04      4.222e-04
ENSG00000137700:1(@)Loc1165   chr11_119031899_A_T_b38   1.390e-01 1.395e-03    1.394e-03      1.938e-04
ENSG00000137700:1(@)Loc1165   chr11_119032048_G_C_b38   6.206e-02 8.261e-03    8.259e-03      5.125e-04
ENSG00000272186:2(@)Loc1165   chr11_119067660_T_A_b38   4.644e-02 3.212e-03    3.211e-03      1.491e-04
ENSG00000271751:2(@)Loc1165   chr11_119066395_A_T_b38   1.131e-01 1.204e-03    1.203e-03      1.361e-04
ENSG00000271751:2(@)Loc1165   chr11_119066439_G_C_b38   1.131e-01 1.204e-03    1.203e-03      1.361e-04
ENSG00000271751:2(@)Loc1165   chr11_119067660_T_A_b38   5.573e-02 3.212e-03    3.211e-03      1.790e-04
ENSG00000256269:1(@)Loc1165   chr11_119083484_G_C_b38   2.920e-01 5.376e-04    5.375e-04      1.569e-04
ENSG00000256269:1(@)Loc1165   chr11_119087417_C_A_b38   2.848e-01 7.601e-04    7.599e-04      2.164e-04
ENSG00000280832:2(@)Loc1171   chr11_126348646_A_G_b38   8.173e-04 9.328e-01    9.328e-01      7.624e-04
ENSG00000139428:2(@)Loc1244   chr12_109555798_C_A_b38   1.995e-03 6.500e-02    6.499e-02      1.297e-04
ENSG00000139428:2(@)Loc1244   chr12_109565014_A_G_b38   8.451e-03 3.588e-02    3.587e-02      3.031e-04
ENSG00000139428:2(@)Loc1244   chr12_109578088_A_G_b38   1.567e-02 3.531e-02    3.530e-02      5.530e-04
ENSG00000111328:2(@)Loc1253   chr12_123290580_G_A_b38   3.673e-03 6.496e-02    6.494e-02      2.385e-04
ENSG00000250091:2(@)Loc1253   chr12_123935181_C_T_b38   1.358e-02 1.328e-01    1.328e-01      1.803e-03
ENSG00000270048:1(@)Loc1253   chr12_123955563_C_A_b38   8.549e-03 2.181e-02    2.180e-02      1.864e-04
ENSG00000270048:1(@)Loc1253   chr12_123964676_C_A_b38   2.630e-03 1.682e-01    1.681e-01      4.421e-04
ENSG00000270028:1(@)Loc1253   chr12_123920171_T_C_b38   9.327e-03 1.115e-01    1.115e-01      1.040e-03
ENSG00000270028:1(@)Loc1253   chr12_123924955_G_A_b38   1.659e-02 4.999e-02    4.998e-02      8.293e-04
ENSG00000270028:1(@)Loc1253   chr12_123929551_C_T_b38   1.882e-03 8.649e-02    8.647e-02      1.627e-04
ENSG00000270028:1(@)Loc1253   chr12_123964676_C_A_b38   2.977e-02 1.682e-01    1.681e-01      5.004e-03
ENSG00000179195:1(@)Loc1253   chr12_123929551_C_T_b38   6.730e-03 8.649e-02    8.647e-02      5.820e-04
ENSG00000179195:1(@)Loc1253   chr12_123935181_C_T_b38   3.446e-03 1.328e-01    1.328e-01      4.576e-04
ENSG00000179195:1(@)Loc1253   chr12_123955563_C_A_b38   7.716e-03 2.181e-02    2.180e-02      1.682e-04
ENSG00000179195:1(@)Loc1253   chr12_123980289_G_T_b38   1.688e-02 3.708e-02    3.708e-02      6.260e-04
ENSG00000179195:1(@)Loc1253   chr12_123990609_A_G_b38   7.667e-03 1.763e-02    1.763e-02      1.352e-04
ENSG00000179195:1(@)Loc1253   chr12_123997143_A_G_b38   7.667e-03 1.405e-02    1.404e-02      1.077e-04
ENSG00000269997:1(@)Loc1253   chr12_123920171_T_C_b38   9.315e-04 1.115e-01    1.115e-01      1.039e-04
ENSG00000269997:1(@)Loc1253   chr12_123929551_C_T_b38   1.235e-03 8.649e-02    8.648e-02      1.068e-04
ENSG00000269997:1(@)Loc1253   chr12_123935181_C_T_b38   1.398e-03 1.328e-01    1.328e-01      1.857e-04
ENSG00000269997:1(@)Loc1253   chr12_123964676_C_A_b38   1.115e-02 1.682e-01    1.681e-01      1.875e-03
ENSG00000250091:1(@)Loc1253   chr12_123920171_T_C_b38   3.596e-02 1.115e-01    1.115e-01      4.010e-03
ENSG00000250091:1(@)Loc1253   chr12_123964676_C_A_b38   3.917e-03 1.682e-01    1.681e-01      6.586e-04
ENSG00000119242:2(@)Loc1253   chr12_123920171_T_C_b38   2.032e-03 1.115e-01    1.115e-01      2.266e-04
ENSG00000119242:2(@)Loc1253   chr12_123924955_G_A_b38   1.410e-02 4.999e-02    4.998e-02      7.048e-04
ENSG00000119242:2(@)Loc1253   chr12_123964676_C_A_b38   5.118e-02 1.682e-01    1.681e-01      8.605e-03
ENSG00000119242:2(@)Loc1253   chr12_123980289_G_T_b38   4.307e-03 3.708e-02    3.708e-02      1.597e-04
ENSG00000270130:2(@)Loc1253   chr12_123964676_C_A_b38   1.007e-03 1.682e-01    1.681e-01      1.694e-04
ENSG00000269938:1(@)Loc1253   chr12_123929551_C_T_b38   1.215e-02 8.649e-02    8.646e-02      1.051e-03
ENSG00000269938:1(@)Loc1253   chr12_123955563_C_A_b38   1.669e-02 2.181e-02    2.180e-02      3.639e-04
ENSG00000187676:1(@)Loc1269   chr13_31249102_A_G_b38   9.800e-01 2.832e-03    2.831e-03      2.774e-03
ENSG00000120688:2(@)Loc1276   chr13_41061165_C_G_b38   9.999e-01 3.057e-04    3.056e-04      3.056e-04
ENSG00000023516:1(@)Loc1276   chr13_42274717_G_A_b38   4.484e-01 8.304e-04    8.301e-04      3.722e-04
ENSG00000023516:1(@)Loc1276   chr13_42276713_T_C_b38   2.417e-01 9.039e-04    9.036e-04      2.184e-04
ENSG00000100577:1(@)Loc1358   chr14_77319678_A_G_b38   9.415e-01 1.532e-04    1.531e-04      1.441e-04
ENSG00000140105:2(@)Loc1374   chr14_100378031_C_T_b38   2.415e-03 1.096e-01    1.096e-01      2.647e-04
ENSG00000176473:1(@)Loc1374   chr14_100378031_C_T_b38   1.769e-03 1.096e-01    1.096e-01      1.938e-04
ENSG00000176473:1(@)Loc1374   chr14_100426412_G_A_b38   3.591e-02 6.444e-03    6.442e-03      2.313e-04
ENSG00000182636:1(@)Loc1380   chr15_23687320_G_A_b38   9.947e-01 1.166e-04    1.165e-04      1.159e-04
ENSG00000103932:2(@)Loc1393   chr15_41535457_C_T_b38   2.889e-02 6.942e-03    6.940e-03      2.005e-04
ENSG00000103932:2(@)Loc1393   chr15_41537032_A_G_b38   1.289e-02 8.223e-03    8.220e-03      1.059e-04
ENSG00000062524:1(@)Loc1393   chr15_41554978_T_G_b38   7.813e-01 6.941e-04    6.938e-04      5.421e-04
ENSG00000223572:1(@)Loc1395   chr15_43919075_T_C_b38   1.344e-02 3.838e-01    3.838e-01      5.160e-03
ENSG00000223572:1(@)Loc1395   chr15_43927409_G_A_b38   8.133e-03 2.498e-01    2.498e-01      2.031e-03
ENSG00000274528:2(@)Loc1399   chr15_52018225_CACCATGTTG_C_b38   2.692e-01 4.812e-04    4.810e-04      1.295e-04
ENSG00000259616:1(@)Loc1406   chr15_61658911_T_C_b38   5.346e-01 1.044e-03    1.043e-03      5.578e-04
ENSG00000259616:1(@)Loc1406   chr15_61659330_G_A_b38   2.689e-01 1.460e-03    1.460e-03      3.925e-04
ENSG00000259675:1(@)Loc1406   chr15_61664900_G_T_b38   9.255e-01 1.169e-03    1.169e-03      1.082e-03
ENSG00000103642:3(@)Loc1407   chr15_63121172_T_C_b38   4.413e-02 7.204e-03    7.202e-03      3.178e-04
ENSG00000103642:3(@)Loc1407   chr15_63121302_A_G_b38   1.259e-01 4.996e-03    4.994e-03      6.287e-04
ENSG00000198794:2(@)Loc1413   chr15_74857892_G_A_b38   2.738e-01 5.988e-04    5.986e-04      1.639e-04
ENSG00000103876:2(@)Loc1415   chr15_80150006_G_C_b38   5.493e-01 3.246e-04    3.245e-04      1.782e-04
ENSG00000103876:2(@)Loc1415   chr15_80151611_T_G_b38   4.484e-01 5.598e-03    5.596e-03      2.509e-03
ENSG00000103942:1(@)Loc1416   chr15_82958871_T_C_b38   5.641e-01 2.401e-04    2.400e-04      1.354e-04
ENSG00000162004:1(@)Loc1429   chr16_728024_T_C_b38   6.470e-01 1.795e-04    1.794e-04      1.161e-04
ENSG00000103253:1(@)Loc1429   chr16_728024_T_C_b38   9.969e-01 1.795e-04    1.794e-04      1.789e-04
ENSG00000103245:1(@)Loc1429   chr16_731292_C_T_b38   7.782e-01 1.512e-04    1.511e-04      1.176e-04
ENSG00000118900:1(@)Loc1432   chr16_4890022_T_C_b38   3.020e-01 4.864e-04    4.862e-04      1.468e-04
ENSG00000183426:1(@)Loc1443   chr16_15036083_C_T_b38   1.000e+00 1.439e-02    1.439e-02      1.439e-02
ENSG00000183793:1(@)Loc1443   chr16_15036083_C_T_b38   9.999e-01 1.439e-02    1.439e-02      1.439e-02
ENSG00000157045:2(@)Loc1443   chr16_15036083_C_T_b38   3.630e-02 1.439e-02    1.439e-02      5.222e-04
ENSG00000157045:2(@)Loc1443   chr16_15054789_C_A_b38   5.999e-02 3.298e-03    3.297e-03      1.978e-04
ENSG00000157045:2(@)Loc1443   chr16_15056648_C_A_b38   1.686e-01 3.587e-03    3.586e-03      6.045e-04
ENSG00000250251:3(@)Loc1443   chr16_15043625_CAAT_C_b38   9.584e-01 1.368e-04    1.368e-04      1.311e-04
ENSG00000188599:2(@)Loc1443   chr16_15045737_T_C_b38   9.997e-01 1.342e-04    1.342e-04      1.341e-04
ENSG00000174628:1(@)Loc1446   chr16_19717694_G_C_b38   5.324e-02 1.923e-03    1.922e-03      1.023e-04
ENSG00000103550:1(@)Loc1446   chr16_19708624_C_A_b38   3.317e-01 2.459e-03    2.458e-03      8.153e-04
ENSG00000103550:1(@)Loc1446   chr16_19711044_T_C_b38   3.317e-01 3.065e-03    3.064e-03      1.016e-03
ENSG00000251417:2(@)Loc1451   chr16_28806466_A_G_b38   1.157e-01 8.954e-04    8.951e-04      1.035e-04
ENSG00000259982:2(@)Loc1451   chr16_28633342_A_T_b38   9.982e-01 3.064e-04    3.063e-04      3.058e-04
ENSG00000261766:1(@)Loc1451   chr16_28862077_G_A_b38   1.611e-01 8.728e-04    8.726e-04      1.405e-04
ENSG00000196296:1(@)Loc1451   chr16_28878165_C_A_b38   9.455e-02 3.753e-03    3.752e-03      3.547e-04
ENSG00000176953:1(@)Loc1451   chr16_28929595_T_G_b38   4.294e-01 7.173e-04    7.171e-04      3.079e-04
ENSG00000176953:1(@)Loc1451   chr16_28945143_T_C_b38   2.066e-01 6.827e-04    6.824e-04      1.410e-04
ENSG00000176953:1(@)Loc1451   chr16_28947433_A_G_b38   3.030e-01 7.161e-04    7.158e-04      2.169e-04
ENSG00000260853:1(@)Loc1451   chr16_28958159_A_G_b38   7.863e-01 1.117e-03    1.116e-03      8.777e-04
ENSG00000260853:1(@)Loc1451   chr16_28961946_C_T_b38   8.789e-02 1.206e-03    1.205e-03      1.059e-04
ENSG00000102904:3(@)Loc1464   chr16_67845497_G_A_b38   1.197e-03 2.174e-01    2.174e-01      2.604e-04
ENSG00000102904:3(@)Loc1464   chr16_67894139_G_A_b38   3.032e-04 5.163e-01    5.163e-01      1.566e-04
ENSG00000038358:2(@)Loc1464   chr16_67863584_C_T_b38   1.733e-03 2.429e-01    2.429e-01      4.209e-04
ENSG00000038358:2(@)Loc1464   chr16_67894139_G_A_b38   6.819e-04 5.163e-01    5.163e-01      3.520e-04
ENSG00000188038:1(@)Loc1464   chr16_67845497_G_A_b38   9.657e-04 2.174e-01    2.174e-01      2.100e-04
ENSG00000188038:1(@)Loc1464   chr16_67863584_C_T_b38   2.440e-03 2.429e-01    2.429e-01      5.928e-04
ENSG00000188038:1(@)Loc1464   chr16_67894139_G_A_b38   1.043e-02 5.163e-01    5.163e-01      5.383e-03
ENSG00000168286:2(@)Loc1464   chr16_67845497_G_A_b38   1.389e-03 2.174e-01    2.174e-01      3.019e-04
ENSG00000159792:1(@)Loc1464   chr16_67863584_C_T_b38   4.231e-04 2.429e-01    2.429e-01      1.028e-04
ENSG00000159792:1(@)Loc1464   chr16_67894139_G_A_b38   8.979e-03 5.163e-01    5.163e-01      4.636e-03
ENSG00000102898:2(@)Loc1464   chr16_67845497_G_A_b38   3.107e-03 2.174e-01    2.174e-01      6.755e-04
ENSG00000102898:2(@)Loc1464   chr16_67863584_C_T_b38   5.666e-04 2.429e-01    2.429e-01      1.376e-04
ENSG00000102898:2(@)Loc1464   chr16_67894139_G_A_b38   3.128e-04 5.163e-01    5.163e-01      1.615e-04
ENSG00000184517:3(@)Loc1468   chr16_75147656_T_C_b38   6.372e-01 1.748e-04    1.747e-04      1.113e-04
ENSG00000187688:1(@)Loc1496   chr17_16415618_T_C_b38   9.999e-01 1.318e-04    1.317e-04      1.317e-04
ENSG00000266274:1(@)Loc1500   chr17_30920697_G_A_b38   1.805e-01 2.281e-03    2.280e-03      4.116e-04
ENSG00000266274:1(@)Loc1500   chr17_30932881_G_A_b38   1.417e-01 9.281e-04    9.278e-04      1.315e-04
ENSG00000005156:1(@)Loc1503   chr17_34980567_G_A_b38   9.490e-01 7.158e-04    7.155e-04      6.791e-04
ENSG00000131771:1(@)Loc1505   chr17_39653965_C_G_b38   2.865e-01 1.401e-02    1.401e-02      4.013e-03
ENSG00000131771:1(@)Loc1505   chr17_39657603_G_C_b38   1.104e-01 9.359e-04    9.358e-04      1.033e-04
ENSG00000131771:1(@)Loc1505   chr17_39657827_G_A_b38   1.104e-01 1.529e-01    1.529e-01      1.688e-02
ENSG00000131771:1(@)Loc1505   chr17_39665182_G_T_b38   1.104e-01 3.231e-01    3.230e-01      3.565e-02
ENSG00000173991:1(@)Loc1505   chr17_39657827_G_A_b38   9.128e-04 1.529e-01    1.529e-01      1.396e-04
ENSG00000173991:1(@)Loc1505   chr17_39665182_G_T_b38   5.433e-03 3.231e-01    3.230e-01      1.755e-03
ENSG00000173991:1(@)Loc1505   chr17_39666058_A_C_b38   9.533e-03 1.284e-02    1.283e-02      1.223e-04
ENSG00000108773:1(@)Loc1507   chr17_42104480_G_C_b38   3.463e-02 9.714e-03    9.711e-03      3.363e-04
ENSG00000108771:1(@)Loc1507   chr17_42115237_T_C_b38   6.889e-02 1.589e-03    1.588e-03      1.094e-04
ENSG00000037042:1(@)Loc1507   chr17_42615670_C_T_b38   3.447e-03 1.306e-01    1.306e-01      4.501e-04
ENSG00000037042:1(@)Loc1507   chr17_42659763_C_T_b38   2.950e-01 8.255e-04    8.253e-04      2.434e-04
ENSG00000108797:1(@)Loc1507   chr17_42683433_A_C_b38   3.299e-01 6.207e-04    6.205e-04      2.047e-04
ENSG00000167941:1(@)Loc1508   chr17_43745857_T_G_b38   1.705e-01 9.451e-04    9.448e-04      1.611e-04
ENSG00000161647:1(@)Loc1508   chr17_43800798_A_C_b38   1.154e-02 5.998e-02    5.996e-02      6.917e-04
ENSG00000108852:1(@)Loc1508   chr17_43853201_A_G_b38   3.307e-03 1.780e-01    1.779e-01      5.884e-04
ENSG00000108852:3(@)Loc1508   chr17_43901388_G_T_b38   2.781e-03 3.635e-01    3.634e-01      1.011e-03
ENSG00000108433:1(@)Loc1509   chr17_46946683_T_C_b38   7.486e-02 1.352e-03    1.352e-03      1.012e-04
ENSG00000005243:1(@)Loc1510   chr17_48036456_C_T_b38   5.204e-02 2.243e-03    2.242e-03      1.167e-04
ENSG00000005243:1(@)Loc1510   chr17_48037714_C_T_b38   1.903e-01 3.423e-03    3.422e-03      6.514e-04
ENSG00000005243:1(@)Loc1510   chr17_48038166_T_C_b38   1.903e-01 3.423e-03    3.422e-03      6.514e-04
ENSG00000005243:1(@)Loc1510   chr17_48039100_G_A_b38   7.403e-02 2.131e-03    2.131e-03      1.577e-04
ENSG00000005243:1(@)Loc1510   chr17_48040059_T_C_b38   3.485e-02 3.423e-03    3.422e-03      1.193e-04
ENSG00000005243:1(@)Loc1510   chr17_48040108_C_T_b38   5.611e-02 3.233e-03    3.232e-03      1.813e-04
ENSG00000005243:1(@)Loc1510   chr17_48040119_T_C_b38   3.959e-02 3.388e-03    3.387e-03      1.341e-04
ENSG00000005243:1(@)Loc1510   chr17_48040378_T_C_b38   3.485e-02 3.423e-03    3.422e-03      1.193e-04
ENSG00000154889:1(@)Loc1538   chr18_11908433_A_AGCCGCTTCGTCCGCCCGGC_b38   6.692e-01 2.047e-04    2.046e-04      1.369e-04
ENSG00000141458:1(@)Loc1541   chr18_23560468_T_C_b38   9.739e-01 2.278e-04    2.277e-04      2.217e-04
ENSG00000089847:2(@)Loc1581   chr19_4185617_C_T_b38   3.031e-01 2.106e-02    2.105e-02      6.379e-03
ENSG00000089847:2(@)Loc1581   chr19_4186255_G_A_b38   2.807e-01 2.627e-03    2.626e-03      7.371e-04
ENSG00000089847:2(@)Loc1581   chr19_4190196_A_G_b38   3.713e-01 1.996e-03    1.996e-03      7.410e-04
ENSG00000076984:2(@)Loc1584   chr19_7905750_A_G_b38   5.771e-03 6.616e-01    6.615e-01      3.818e-03
ENSG00000167772:1(@)Loc1585   chr19_8366697_G_A_b38   8.336e-02 6.668e-01    6.667e-01      5.558e-02
ENSG00000185236:2(@)Loc1585   chr19_8366697_G_A_b38   2.905e-04 6.668e-01    6.668e-01      1.937e-04
ENSG00000185236:2(@)Loc1585   chr19_8388938_T_C_b38   2.335e-03 3.328e-01    3.328e-01      7.771e-04
ENSG00000267673:1(@)Loc1586   chr19_10529350_A_G_b38   1.038e-01 1.012e-03    1.011e-03      1.050e-04
ENSG00000267673:1(@)Loc1586   chr19_10530051_A_G_b38   1.142e-01 9.074e-04    9.071e-04      1.036e-04
ENSG00000130173:1(@)Loc1587   chr19_11236817_T_C_b38   2.054e-02 9.097e-01    9.097e-01      1.868e-02
ENSG00000072958:1(@)Loc1590   chr19_16190733_G_C_b38   6.259e-02 3.143e-03    3.142e-03      1.967e-04
ENSG00000178904:1(@)Loc1600   chr19_32404725_A_C_b38   6.077e-01 2.207e-04    2.206e-04      1.341e-04
ENSG00000105204:1(@)Loc1604   chr19_39833947_G_T_b38   3.032e-01 5.709e-04    5.707e-04      1.730e-04
ENSG00000267757:2(@)Loc1609   chr19_45655255_T_G_b38   4.207e-03 2.882e-02    2.881e-02      1.212e-04
ENSG00000185800:2(@)Loc1609   chr19_45804148_A_G_b38   1.316e-02 1.491e-02    1.491e-02      1.962e-04
ENSG00000130749:1(@)Loc1610   chr19_47093845_T_C_b38   1.462e-03 1.986e-01    1.986e-01      2.903e-04
ENSG00000142230:3(@)Loc1610   chr19_47093845_T_C_b38   2.167e-03 1.986e-01    1.986e-01      4.303e-04
ENSG00000142230:3(@)Loc1610   chr19_47113120_G_T_b38   8.775e-02 5.011e-03    5.009e-03      4.396e-04
ENSG00000277383:1(@)Loc1610   chr19_47607998_A_C_b38   7.095e-02 4.460e-03    4.459e-03      3.164e-04
ENSG00000239961:2(@)Loc1614   chr19_54293995_T_C_b38   3.451e-02 1.000e+00    1.000e+00      3.451e-02
ENSG00000125835:1(@)Loc1618   chr20_2470857_G_A_b38   6.415e-01 8.138e-04    8.135e-04      5.219e-04
ENSG00000101460:1(@)Loc1637   chr20_34551066_T_C_b38   3.412e-01 7.931e-04    7.928e-04      2.705e-04
ENSG00000101460:1(@)Loc1637   chr20_34587662_C_T_b38   2.749e-02 8.951e-02    8.948e-02      2.460e-03
ENSG00000078804:1(@)Loc1637   chr20_34706549_A_G_b38   1.637e-03 6.655e-02    6.653e-02      1.089e-04
ENSG00000101000:2(@)Loc1637   chr20_35190180_A_G_b38   4.436e-04 2.763e-01    2.762e-01      1.225e-04
ENSG00000101000:1(@)Loc1637   chr20_35146690_G_A_b38   1.029e-01 1.026e-03    1.025e-03      1.055e-04
ENSG00000124191:1(@)Loc1643   chr20_43901080_C_T_b38   4.968e-01 7.016e-04    7.013e-04      3.484e-04
ENSG00000100979:4(@)Loc1644   chr20_45925376_T_C_b38   1.087e-02 4.136e-01    4.135e-01      4.495e-03
ENSG00000125510:1(@)Loc1654   chr20_64080106_C_T_b38   6.804e-01 1.527e-04    1.527e-04      1.039e-04
ENSG00000171700:1(@)Loc1654   chr20_64080106_C_T_b38   9.103e-01 1.527e-04    1.527e-04      1.390e-04
ENSG00000226496:1(@)Loc1674   chr21_41152915_C_G_b38   9.979e-01 1.003e-04    1.002e-04      1.000e-04
ENSG00000185651:3(@)Loc1682   chr22_21574627_T_G_b38   1.890e-03 3.100e-01    3.099e-01      5.857e-04
ENSG00000185651:1(@)Loc1682   chr22_21577779_C_T_b38   1.615e-02 6.363e-01    6.363e-01      1.027e-02
ENSG00000185651:1(@)Loc1682   chr22_21585900_T_G_b38   6.927e-02 5.366e-02    5.366e-02      3.717e-03
ENSG00000218537:2(@)Loc1684   chr22_23908828_C_T_b38   2.638e-01 4.211e-04    4.209e-04      1.110e-04
ENSG00000099984:3(@)Loc1684   chr22_23970896_G_A_b38   9.321e-01 4.954e-04    4.953e-04      4.616e-04
ENSG00000250470:2(@)Loc1684   chr22_23970896_G_A_b38   9.999e-01 4.954e-04    4.953e-04      4.952e-04
ENSG00000133433:4(@)Loc1684   chr22_24007343_T_A_b38   1.000e+00 2.043e-04    2.042e-04      2.042e-04
ENSG00000272977:1(@)Loc1685   chr22_25459662_G_A_b38   9.998e-01 1.864e-04    1.864e-04      1.863e-04
ENSG00000185022:1(@)Loc1693   chr22_38199404_G_A_b38   1.340e-01 6.993e-02    6.990e-02      9.367e-03
ENSG00000185022:1(@)Loc1693   chr22_38199608_C_T_b38   1.660e-01 7.654e-04    7.652e-04      1.270e-04
