Signal	SNP	PIP_qtl	PIP_gwas_marginal	PIP_gwas_qtl_prior	SCP
ENSG00000204219:1(@)Loc16   chr1_23424647_G_T_b38   6.634e-01 1.537e-04    1.537e-04      1.020e-04
ENSG00000117713:1(@)Loc18   chr1_26686642_G_A_b38   1.143e-02 2.829e-02    2.829e-02      3.233e-04
ENSG00000117713:1(@)Loc18   chr1_26712737_C_T_b38   4.662e-03 3.114e-01    3.114e-01      1.452e-03
ENSG00000260063:1(@)Loc18   chr1_26712737_C_T_b38   7.929e-03 3.114e-01    3.114e-01      2.469e-03
ENSG00000060642:1(@)Loc18   chr1_26811902_C_T_b38   8.261e-03 4.286e-01    4.286e-01      3.541e-03
ENSG00000175707:1(@)Loc18   chr1_26958704_C_T_b38   3.451e-03 2.179e-01    2.179e-01      7.519e-04
ENSG00000158161:1(@)Loc19   chr1_28074367_T_C_b38   5.976e-02 1.861e-03    1.861e-03      1.112e-04
ENSG00000158161:1(@)Loc19   chr1_28080155_C_CA_b38   1.913e-01 1.393e-03    1.393e-03      2.666e-04
ENSG00000226438:1(@)Loc24   chr1_39238175_G_A_b38   9.985e-02 3.535e-03    3.535e-03      3.530e-04
ENSG00000243970:2(@)Loc24   chr1_39562508_A_G_b38   6.978e-03 5.718e-01    5.718e-01      3.990e-03
ENSG00000243970:2(@)Loc24   chr1_39570014_C_T_b38   1.457e-03 2.012e-01    2.012e-01      2.932e-04
ENSG00000228060:1(@)Loc24   chr1_39562508_A_G_b38   1.847e-02 5.718e-01    5.718e-01      1.056e-02
ENSG00000228060:1(@)Loc24   chr1_39570014_C_T_b38   2.206e-01 2.012e-01    2.012e-01      4.438e-02
ENSG00000228060:1(@)Loc24   chr1_39599289_G_A_b38   5.246e-03 6.734e-02    6.734e-02      3.532e-04
ENSG00000090621:1(@)Loc24   chr1_39562508_A_G_b38   2.430e-03 5.718e-01    5.718e-01      1.389e-03
ENSG00000090621:1(@)Loc24   chr1_39570014_C_T_b38   7.598e-03 2.012e-01    2.012e-01      1.529e-03
ENSG00000090621:1(@)Loc24   chr1_39599289_G_A_b38   2.582e-03 6.734e-02    6.734e-02      1.738e-04
ENSG00000162607:2(@)Loc39   chr1_62436136_C_A_b38   2.062e-02 7.409e-03    7.409e-03      1.527e-04
ENSG00000122483:1(@)Loc57   chr1_93185990_T_C_b38   8.194e-03 1.284e-01    1.284e-01      1.052e-03
ENSG00000122483:1(@)Loc57   chr1_93210454_C_T_b38   1.711e-03 9.999e-02    9.999e-02      1.711e-04
ENSG00000117500:2(@)Loc57   chr1_93185990_T_C_b38   8.957e-04 1.284e-01    1.284e-01      1.150e-04
ENSG00000223745:2(@)Loc57   chr1_93350843_A_G_b38   8.115e-04 6.504e-01    6.504e-01      5.278e-04
ENSG00000134222:2(@)Loc67   chr1_109274968_G_T_b38   2.673e-02 5.427e-01    5.427e-01      1.451e-02
ENSG00000134222:2(@)Loc67   chr1_109275216_T_C_b38   6.772e-03 6.719e-02    6.719e-02      4.550e-04
ENSG00000134222:2(@)Loc67   chr1_109275908_C_T_b38   1.426e-02 3.466e-01    3.465e-01      4.941e-03
ENSG00000134222:2(@)Loc67   chr1_109278889_T_G_b38   1.310e-01 3.173e-02    3.173e-02      4.157e-03
ENSG00000134222:2(@)Loc67   chr1_109279544_G_A_b38   2.588e-01 9.779e-03    9.779e-03      2.531e-03
ENSG00000198162:2(@)Loc72   chr1_117369211_G_A_b38   5.253e-02 3.701e-03    3.701e-03      1.944e-04
ENSG00000143575:1(@)Loc76   chr1_154270621_G_A_b38   1.174e-01 4.853e-03    4.853e-03      5.696e-04
ENSG00000143575:1(@)Loc76   chr1_154272666_T_G_b38   6.766e-01 1.539e-02    1.539e-02      1.041e-02
ENSG00000143575:1(@)Loc76   chr1_154279150_A_G_b38   4.904e-02 4.853e-03    4.853e-03      2.380e-04
ENSG00000143575:1(@)Loc76   chr1_154281841_G_A_b38   4.192e-02 4.541e-03    4.541e-03      1.903e-04
ENSG00000143575:1(@)Loc76   chr1_154284712_A_T_b38   2.452e-02 4.853e-03    4.853e-03      1.190e-04
ENSG00000143575:1(@)Loc76   chr1_154285242_T_C_b38   2.452e-02 4.853e-03    4.853e-03      1.190e-04
ENSG00000143575:1(@)Loc76   chr1_154287885_C_G_b38   2.452e-02 4.853e-03    4.853e-03      1.190e-04
ENSG00000143303:1(@)Loc78   chr1_156730859_T_G_b38   1.283e-02 9.208e-01    9.208e-01      1.182e-02
ENSG00000143319:2(@)Loc78   chr1_156730859_T_G_b38   2.054e-03 9.208e-01    9.208e-01      1.891e-03
ENSG00000273384:1(@)Loc88   chr1_178651466_G_T_b38   4.411e-02 5.778e-03    5.778e-03      2.549e-04
ENSG00000069275:1(@)Loc105   chr1_205748695_A_C_b38   6.162e-01 3.164e-04    3.163e-04      1.949e-04
ENSG00000069275:1(@)Loc105   chr1_205750404_G_A_b38   7.667e-03 4.006e-02    4.006e-02      3.071e-04
ENSG00000117280:1(@)Loc105   chr1_205750404_G_A_b38   2.187e-01 4.006e-02    4.006e-02      8.760e-03
ENSG00000162769:2(@)Loc109   chr1_212858106_G_C_b38   5.973e-01 2.877e-04    2.877e-04      1.718e-04
ENSG00000162814:2(@)Loc111   chr1_217630983_G_A_b38   4.606e-01 2.399e-04    2.399e-04      1.105e-04
ENSG00000260855:2(@)Loc131   chr1_246790995_G_A_b38   9.996e-01 1.021e-04    1.021e-04      1.020e-04
ENSG00000280390:1(@)Loc145   chr2_21002409_C_T_b38   2.876e-02 3.882e-01    3.882e-01      1.116e-02
ENSG00000280390:1(@)Loc145   chr2_21003688_A_G_b38   5.135e-02 8.362e-02    8.362e-02      4.294e-03
ENSG00000280390:1(@)Loc145   chr2_21008652_G_A_b38   2.876e-02 4.706e-01    4.706e-01      1.353e-02
ENSG00000280390:1(@)Loc145   chr2_21014672_G_A_b38   5.775e-02 5.751e-02    5.751e-02      3.321e-03
ENSG00000173209:2(@)Loc172   chr2_61177770_C_G_b38   9.970e-01 1.315e-04    1.315e-04      1.311e-04
ENSG00000246575:3(@)Loc186   chr2_85313643_C_T_b38   2.910e-03 4.651e-02    4.651e-02      1.354e-04
ENSG00000246575:3(@)Loc186   chr2_85313657_T_G_b38   2.910e-03 4.385e-02    4.385e-02      1.276e-04
ENSG00000246575:3(@)Loc186   chr2_85313960_T_C_b38   2.743e-03 4.192e-02    4.192e-02      1.150e-04
ENSG00000152291:2(@)Loc186   chr2_85324573_T_G_b38   2.999e-03 3.532e-02    3.532e-02      1.059e-04
ENSG00000152291:2(@)Loc186   chr2_85324656_G_A_b38   6.378e-03 3.725e-02    3.725e-02      2.376e-04
ENSG00000152291:2(@)Loc186   chr2_85325063_C_A_b38   4.836e-03 2.969e-02    2.969e-02      1.436e-04
ENSG00000152291:2(@)Loc186   chr2_85325586_T_C_b38   6.430e-03 1.656e-02    1.656e-02      1.065e-04
ENSG00000152291:2(@)Loc186   chr2_85325697_C_T_b38   6.378e-03 3.080e-02    3.080e-02      1.964e-04
ENSG00000152291:2(@)Loc186   chr2_85326661_C_T_b38   8.673e-03 3.433e-02    3.433e-02      2.978e-04
ENSG00000152291:2(@)Loc186   chr2_85328139_T_G_b38   1.371e-02 7.777e-03    7.777e-03      1.066e-04
ENSG00000152291:2(@)Loc186   chr2_85328154_G_A_b38   9.351e-02 1.610e-03    1.610e-03      1.506e-04
ENSG00000152291:2(@)Loc186   chr2_85328355_C_T_b38   8.221e-02 4.705e-02    4.705e-02      3.868e-03
ENSG00000246575:1(@)Loc186   chr2_85315563_G_C_b38   2.102e-01 4.184e-02    4.184e-02      8.793e-03
ENSG00000246575:1(@)Loc186   chr2_85315595_G_A_b38   2.102e-01 1.667e-02    1.667e-02      3.504e-03
ENSG00000246575:1(@)Loc186   chr2_85317466_G_GCAACA_b38   4.261e-02 1.730e-02    1.730e-02      7.372e-04
ENSG00000246575:1(@)Loc186   chr2_85319492_C_T_b38   7.259e-02 1.317e-02    1.317e-02      9.560e-04
ENSG00000246575:1(@)Loc186   chr2_85319809_A_C_b38   7.259e-02 2.786e-02    2.786e-02      2.022e-03
ENSG00000246575:1(@)Loc186   chr2_85320253_C_G_b38   1.658e-02 2.671e-02    2.671e-02      4.429e-04
ENSG00000246575:1(@)Loc186   chr2_85320306_G_T_b38   1.658e-02 3.423e-02    3.423e-02      5.675e-04
ENSG00000246575:1(@)Loc186   chr2_85320840_C_T_b38   1.658e-02 3.327e-02    3.327e-02      5.516e-04
ENSG00000246575:1(@)Loc186   chr2_85320945_TA_T_b38   4.359e-02 1.627e-02    1.627e-02      7.090e-04
ENSG00000246575:1(@)Loc186   chr2_85324061_C_T_b38   1.658e-02 3.357e-02    3.357e-02      5.567e-04
ENSG00000246575:1(@)Loc186   chr2_85325063_C_A_b38   3.033e-02 2.969e-02    2.969e-02      9.005e-04
ENSG00000246575:1(@)Loc186   chr2_85325586_T_C_b38   8.943e-02 1.656e-02    1.656e-02      1.481e-03
ENSG00000246575:1(@)Loc186   chr2_85326661_C_T_b38   8.943e-02 3.433e-02    3.433e-02      3.070e-03
ENSG00000224331:1(@)Loc232   chr2_164684290_T_C_b38   1.943e-03 4.611e-01    4.611e-01      8.961e-04
ENSG00000224331:1(@)Loc232   chr2_164694691_T_C_b38   1.060e-03 5.387e-01    5.387e-01      5.709e-04
ENSG00000115677:2(@)Loc276   chr2_241317397_G_C_b38   4.212e-01 4.124e-04    4.124e-04      1.737e-04
ENSG00000235830:2(@)Loc283   chr3_9252341_G_C_b38   8.644e-01 1.274e-04    1.273e-04      1.101e-04
ENSG00000160796:1(@)Loc309   chr3_47019693_G_A_b38   2.114e-01 9.720e-01    9.720e-01      2.055e-01
ENSG00000164078:1(@)Loc311   chr3_49934081_C_A_b38   3.711e-03 2.093e-01    2.093e-01      7.768e-04
ENSG00000004534:1(@)Loc311   chr3_49934081_C_A_b38   2.243e-02 2.093e-01    2.093e-01      4.695e-03
ENSG00000003756:1(@)Loc311   chr3_50091966_C_T_b38   1.091e-03 4.002e-01    4.002e-01      4.365e-04
ENSG00000010327:2(@)Loc312   chr3_52498102_A_G_b38   1.827e-02 9.813e-01    9.813e-01      1.793e-02
ENSG00000114054:2(@)Loc360   chr3_136207780_G_T_b38   6.164e-04 1.813e-01    1.813e-01      1.117e-04
ENSG00000114054:2(@)Loc360   chr3_136213517_C_T_b38   3.413e-04 3.692e-01    3.692e-01      1.260e-04
ENSG00000251022:1(@)Loc454   chr4_82901181_G_A_b38   5.410e-01 2.129e-04    2.129e-04      1.152e-04
ENSG00000246090:2(@)Loc464   chr4_99093654_A_G_b38   3.660e-01 8.099e-01    8.099e-01      2.964e-01
ENSG00000226221:1(@)Loc553   chr5_56500492_C_T_b38   3.086e-03 6.391e-02    6.391e-02      1.972e-04
ENSG00000226221:1(@)Loc553   chr5_56507706_G_A_b38   3.328e-03 3.399e-02    3.399e-02      1.131e-04
ENSG00000226221:1(@)Loc553   chr5_56510924_A_G_b38   1.654e-03 1.769e-01    1.769e-01      2.926e-04
ENSG00000145743:1(@)Loc584   chr5_108366506_T_G_b38   3.917e-02 2.578e-03    2.578e-03      1.010e-04
ENSG00000145743:1(@)Loc584   chr5_108372764_T_C_b38   9.359e-02 1.408e-03    1.408e-03      1.318e-04
ENSG00000145743:1(@)Loc584   chr5_108374108_G_A_b38   9.359e-02 1.272e-03    1.272e-03      1.191e-04
ENSG00000145743:1(@)Loc584   chr5_108374900_A_C_b38   9.359e-02 1.408e-03    1.408e-03      1.318e-04
ENSG00000145743:1(@)Loc584   chr5_108377049_T_C_b38   9.359e-02 1.408e-03    1.408e-03      1.318e-04
ENSG00000164265:1(@)Loc606   chr5_147780562_T_C_b38   5.708e-02 2.672e-03    2.672e-03      1.525e-04
ENSG00000164265:1(@)Loc606   chr5_147780868_G_A_b38   1.362e-01 1.453e-03    1.453e-03      1.979e-04
ENSG00000112308:1(@)Loc648   chr6_24719750_G_A_b38   9.148e-01 1.278e-03    1.278e-03      1.169e-03
ENSG00000124564:1(@)Loc650   chr6_25874195_G_A_b38   1.890e-02 1.819e-02    1.819e-02      3.439e-04
ENSG00000137185:1(@)Loc652   chr6_28225324_C_A_b38   5.843e-01 3.729e-04    3.729e-04      2.179e-04
ENSG00000206341:3(@)Loc654   chr6_29882943_T_C_b38   7.351e-01 9.940e-04    9.939e-04      7.306e-04
ENSG00000280128:3(@)Loc654   chr6_30289159_C_T_b38   3.090e-01 5.146e-04    5.146e-04      1.590e-04
ENSG00000137404:2(@)Loc654   chr6_30651129_A_G_b38   5.616e-03 9.064e-02    9.063e-02      5.090e-04
ENSG00000137312:1(@)Loc654   chr6_30741178_C_T_b38   7.698e-02 4.166e-03    4.166e-03      3.207e-04
ENSG00000137312:1(@)Loc654   chr6_30749481_C_T_b38   4.097e-01 6.772e-04    6.772e-04      2.774e-04
ENSG00000204520:2(@)Loc655   chr6_31412672_C_T_b38   5.761e-01 1.107e-02    1.107e-02      6.375e-03
ENSG00000228962:2(@)Loc656   chr6_32395438_T_C_b38   9.063e-04 6.106e-01    6.106e-01      5.534e-04
ENSG00000241106:2(@)Loc657   chr6_32816119_G_A_b38   4.641e-01 2.899e-04    2.898e-04      1.345e-04
ENSG00000242574:1(@)Loc657   chr6_32936262_T_A_b38   2.087e-01 8.634e-04    8.634e-04      1.802e-04
ENSG00000242574:1(@)Loc657   chr6_32936274_C_T_b38   2.087e-01 8.634e-04    8.634e-04      1.802e-04
ENSG00000204257:1(@)Loc657   chr6_32968343_C_T_b38   3.331e-01 3.155e-04    3.155e-04      1.051e-04
ENSG00000196821:1(@)Loc658   chr6_34651116_G_A_b38   6.455e-03 4.723e-02    4.723e-02      3.049e-04
ENSG00000196821:1(@)Loc658   chr6_34671070_G_A_b38   6.455e-03 5.006e-02    5.006e-02      3.231e-04
ENSG00000196821:1(@)Loc658   chr6_34695821_C_T_b38   8.439e-02 6.603e-02    6.603e-02      5.572e-03
ENSG00000112041:1(@)Loc659   chr6_35510835_G_A_b38   9.960e-01 4.611e-03    4.610e-03      4.592e-03
ENSG00000124713:2(@)Loc663   chr6_42964977_C_T_b38   1.692e-02 6.251e-03    6.251e-03      1.058e-04
ENSG00000112640:1(@)Loc663   chr6_42964464_C_T_b38   5.597e-02 1.957e-03    1.957e-03      1.095e-04
ENSG00000112640:1(@)Loc663   chr6_42964977_C_T_b38   4.457e-02 6.251e-03    6.251e-03      2.786e-04
ENSG00000112640:1(@)Loc663   chr6_42968260_G_A_b38   7.709e-02 2.171e-03    2.170e-03      1.673e-04
ENSG00000231113:1(@)Loc663   chr6_42942193_G_C_b38   5.924e-01 9.488e-04    9.488e-04      5.620e-04
ENSG00000124713:1(@)Loc663   chr6_42959801_A_AGAGT_b38   1.548e-01 7.193e-04    7.193e-04      1.113e-04
ENSG00000124713:1(@)Loc663   chr6_42961020_T_G_b38   3.709e-01 7.990e-04    7.989e-04      2.963e-04
ENSG00000124713:1(@)Loc663   chr6_42963889_GTTTA_G_b38   1.574e-01 8.801e-04    8.801e-04      1.385e-04
ENSG00000135535:1(@)Loc703   chr6_109252892_G_A_b38   1.698e-03 5.081e-01    5.081e-01      8.627e-04
ENSG00000111879:1(@)Loc709   chr6_119060337_T_C_b38   3.420e-01 8.941e-04    8.940e-04      3.058e-04
ENSG00000146374:2(@)Loc714   chr6_127115955_T_A_b38   3.132e-03 5.307e-02    5.307e-02      1.662e-04
ENSG00000146374:2(@)Loc714   chr6_127116431_G_A_b38   4.094e-03 3.907e-02    3.907e-02      1.600e-04
ENSG00000164849:2(@)Loc744   chr7_1044141_A_G_b38   9.435e-03 4.560e-01    4.560e-01      4.303e-03
ENSG00000136267:1(@)Loc757   chr7_14965384_G_C_b38   1.263e-01 1.313e-03    1.313e-03      1.658e-04
ENSG00000227191:1(@)Loc770   chr7_38248669_A_G_b38   1.870e-01 6.283e-04    6.283e-04      1.175e-04
ENSG00000272908:1(@)Loc770   chr7_38334690_G_A_b38   5.871e-01 2.133e-04    2.133e-04      1.252e-04
ENSG00000274080:1(@)Loc789   chr7_73612048_C_T_b38   9.280e-03 3.420e-02    3.420e-02      3.174e-04
ENSG00000237264:1(@)Loc899   chr8_81521735_G_A_b38   5.026e-01 2.429e-04    2.429e-04      1.221e-04
ENSG00000277494:3(@)Loc935   chr8_143221248_G_A_b38   1.965e-04 5.694e-01    5.694e-01      1.119e-04
ENSG00000277494:1(@)Loc935   chr8_143217472_C_T_b38   4.140e-01 2.051e-03    2.051e-03      8.492e-04
ENSG00000277494:1(@)Loc935   chr8_143218568_A_G_b38   3.764e-01 2.056e-03    2.056e-03      7.740e-04
ENSG00000225376:1(@)Loc985   chr9_101468524_T_C_b38   8.218e-01 1.611e-04    1.611e-04      1.324e-04
ENSG00000175164:2(@)Loc1005   chr9_133275782_G_A_b38   1.391e-01 1.597e-03    1.596e-03      2.221e-04
ENSG00000175164:1(@)Loc1005   chr9_133257521_T_TC_b38   5.813e-01 4.720e-04    4.720e-04      2.744e-04
ENSG00000057608:1(@)Loc1015   chr10_5813440_G_C_b38   9.819e-01 1.980e-04    1.980e-04      1.944e-04
ENSG00000229124:1(@)Loc1023   chr10_17229401_G_C_b38   8.448e-01 4.280e-04    4.279e-04      3.615e-04
ENSG00000229124:1(@)Loc1023   chr10_17240449_A_G_b38   1.343e-02 3.586e-02    3.586e-02      4.817e-04
ENSG00000172650:2(@)Loc1058   chr10_73717540_A_G_b38   6.008e-03 2.285e-02    2.285e-02      1.373e-04
ENSG00000230224:1(@)Loc1073   chr10_100223656_G_A_b38   4.272e-02 3.589e-03    3.589e-03      1.533e-04
ENSG00000230224:1(@)Loc1073   chr10_100224059_G_A_b38   4.272e-02 3.589e-03    3.589e-03      1.533e-04
ENSG00000230224:1(@)Loc1073   chr10_100233804_CAG_C_b38   3.501e-02 3.719e-03    3.719e-03      1.302e-04
ENSG00000230224:1(@)Loc1073   chr10_100236603_C_T_b38   5.599e-02 3.121e-03    3.120e-03      1.747e-04
ENSG00000230224:1(@)Loc1073   chr10_100238657_T_C_b38   8.365e-02 2.455e-03    2.454e-03      2.053e-04
ENSG00000230224:1(@)Loc1073   chr10_100239989_G_A_b38   8.365e-02 3.583e-03    3.583e-03      2.997e-04
ENSG00000230224:1(@)Loc1073   chr10_100240944_C_T_b38   8.070e-02 2.361e-03    2.361e-03      1.905e-04
ENSG00000230224:1(@)Loc1073   chr10_100244149_G_C_b38   1.512e-01 3.020e-03    3.020e-03      4.567e-04
ENSG00000230224:1(@)Loc1073   chr10_100264501_C_T_b38   4.131e-02 2.455e-03    2.454e-03      1.014e-04
ENSG00000230224:1(@)Loc1073   chr10_100266802_G_C_b38   4.131e-02 2.455e-03    2.454e-03      1.014e-04
ENSG00000230224:1(@)Loc1073   chr10_100267650_C_T_b38   5.040e-02 2.860e-03    2.860e-03      1.441e-04
ENSG00000095485:1(@)Loc1073   chr10_100266802_G_C_b38   1.354e-01 2.455e-03    2.454e-03      3.322e-04
ENSG00000095485:1(@)Loc1073   chr10_100267650_C_T_b38   7.777e-01 2.860e-03    2.860e-03      2.224e-03
ENSG00000043591:1(@)Loc1080   chr10_114029616_C_T_b38   2.631e-03 3.697e-01    3.697e-01      9.726e-04
ENSG00000043591:1(@)Loc1080   chr10_114033028_G_A_b38   1.878e-03 3.497e-01    3.497e-01      6.569e-04
ENSG00000043591:1(@)Loc1080   chr10_114045297_G_C_b38   1.984e-02 2.506e-02    2.506e-02      4.973e-04
ENSG00000151651:1(@)Loc1094   chr10_133229480_G_A_b38   7.820e-01 2.015e-04    2.015e-04      1.575e-04
ENSG00000174775:1(@)Loc1095   chr11_539648_G_A_b38   5.304e-01 7.769e-04    7.769e-04      4.121e-04
ENSG00000174775:1(@)Loc1095   chr11_545276_G_T_b38   2.757e-01 7.830e-04    7.829e-04      2.159e-04
ENSG00000132275:1(@)Loc1099   chr11_6600286_G_A_b38   9.574e-01 1.510e-04    1.510e-04      1.446e-04
ENSG00000133812:1(@)Loc1102   chr11_10290242_T_C_b38   7.869e-02 2.426e-03    2.425e-03      1.909e-04
ENSG00000180210:2(@)Loc1122   chr11_46721697_T_C_b38   3.371e-03 9.478e-01    9.478e-01      3.195e-03
ENSG00000175220:2(@)Loc1122   chr11_46721697_T_C_b38   1.098e-03 9.478e-01    9.478e-01      1.041e-03
ENSG00000175213:1(@)Loc1122   chr11_46712834_C_T_b38   2.610e-02 1.328e-02    1.328e-02      3.466e-04
ENSG00000175213:1(@)Loc1122   chr11_46721697_T_C_b38   2.611e-02 9.478e-01    9.478e-01      2.475e-02
ENSG00000175213:1(@)Loc1122   chr11_46723453_C_T_b38   2.610e-02 8.297e-03    8.296e-03      2.166e-04
ENSG00000175213:1(@)Loc1122   chr11_46729851_T_C_b38   9.144e-03 2.122e-02    2.122e-02      1.941e-04
ENSG00000168496:1(@)Loc1128   chr11_61783884_T_C_b38   3.538e-02 1.979e-01    1.979e-01      7.000e-03
ENSG00000168496:1(@)Loc1128   chr11_61785208_G_T_b38   2.216e-02 4.541e-02    4.541e-02      1.006e-03
ENSG00000168496:1(@)Loc1128   chr11_61790331_T_C_b38   4.841e-02 2.742e-01    2.742e-01      1.328e-02
ENSG00000168496:1(@)Loc1128   chr11_61802358_C_T_b38   2.228e-02 2.144e-01    2.144e-01      4.778e-03
ENSG00000168496:1(@)Loc1128   chr11_61803311_T_C_b38   1.114e-02 4.778e-02    4.778e-02      5.323e-04
ENSG00000168496:1(@)Loc1128   chr11_61804006_T_C_b38   1.114e-02 1.347e-01    1.347e-01      1.501e-03
ENSG00000134825:2(@)Loc1128   chr11_61783884_T_C_b38   5.652e-04 1.979e-01    1.979e-01      1.118e-04
ENSG00000134825:2(@)Loc1128   chr11_61790331_T_C_b38   1.321e-03 2.742e-01    2.742e-01      3.623e-04
ENSG00000134825:2(@)Loc1128   chr11_61802358_C_T_b38   7.180e-04 2.144e-01    2.144e-01      1.540e-04
ENSG00000149485:2(@)Loc1128   chr11_61830500_A_G_b38   8.241e-03 3.429e-02    3.429e-02      2.826e-04
ENSG00000254614:1(@)Loc1130   chr11_65181084_A_G_b38   7.972e-01 1.298e-04    1.298e-04      1.035e-04
ENSG00000172803:1(@)Loc1130   chr11_65834089_G_C_b38   9.276e-01 1.930e-04    1.930e-04      1.790e-04
ENSG00000172543:1(@)Loc1130   chr11_65879789_A_G_b38   3.369e-01 6.625e-04    6.625e-04      2.232e-04
ENSG00000172500:1(@)Loc1130   chr11_65889093_C_T_b38   8.126e-01 2.156e-04    2.156e-04      1.752e-04
ENSG00000110090:1(@)Loc1132   chr11_68830586_G_A_b38   7.314e-03 5.414e-02    5.414e-02      3.959e-04
ENSG00000132740:1(@)Loc1132   chr11_68899730_A_C_b38   1.870e-02 6.787e-02    6.787e-02      1.269e-03
ENSG00000132740:1(@)Loc1132   chr11_68902028_T_A_b38   4.873e-02 3.129e-03    3.129e-03      1.525e-04
ENSG00000132740:1(@)Loc1132   chr11_68903636_A_G_b38   2.869e-01 1.403e-03    1.402e-03      4.023e-04
ENSG00000132740:1(@)Loc1132   chr11_68903812_G_GCCGCCGCCATCTTC_b38   1.555e-01 1.407e-03    1.407e-03      2.189e-04
ENSG00000197345:1(@)Loc1132   chr11_68899730_A_C_b38   7.099e-02 6.787e-02    6.787e-02      4.818e-03
ENSG00000197345:1(@)Loc1132   chr11_68903812_G_GCCGCCGCCATCTTC_b38   8.435e-01 1.407e-03    1.407e-03      1.187e-03
ENSG00000109917:1(@)Loc1164   chr11_116766430_C_T_b38   4.765e-03 6.936e-02    6.936e-02      3.305e-04
ENSG00000109917:1(@)Loc1164   chr11_116779402_C_T_b38   1.054e-02 1.718e-02    1.718e-02      1.811e-04
ENSG00000109917:1(@)Loc1164   chr11_116781491_C_T_b38   1.504e-02 1.712e-01    1.712e-01      2.575e-03
ENSG00000137700:1(@)Loc1165   chr11_119030904_A_T_b38   1.789e-01 2.616e-03    2.616e-03      4.680e-04
ENSG00000137700:1(@)Loc1165   chr11_119031235_A_G_b38   3.574e-01 8.251e-04    8.251e-04      2.948e-04
ENSG00000160695:2(@)Loc1165   chr11_119068169_A_G_b38   3.567e-01 6.076e-04    6.076e-04      2.167e-04
ENSG00000271751:1(@)Loc1165   chr11_119043282_C_T_b38   4.255e-03 4.789e-02    4.789e-02      2.038e-04
ENSG00000271751:1(@)Loc1165   chr11_119057538_G_A_b38   8.969e-02 1.609e-03    1.609e-03      1.443e-04
ENSG00000271751:1(@)Loc1165   chr11_119067660_T_A_b38   4.315e-02 3.212e-03    3.212e-03      1.386e-04
ENSG00000160695:1(@)Loc1165   chr11_119067274_G_A_b38   1.356e-01 1.204e-03    1.204e-03      1.632e-04
ENSG00000160695:1(@)Loc1165   chr11_119067604_C_T_b38   1.356e-01 9.078e-04    9.078e-04      1.231e-04
ENSG00000160695:1(@)Loc1165   chr11_119067660_T_A_b38   1.356e-01 3.212e-03    3.212e-03      4.355e-04
ENSG00000160695:1(@)Loc1165   chr11_119067677_C_A_b38   1.356e-01 1.204e-03    1.204e-03      1.632e-04
ENSG00000160695:1(@)Loc1165   chr11_119067724_G_A_b38   1.356e-01 1.204e-03    1.204e-03      1.632e-04
ENSG00000256269:1(@)Loc1165   chr11_119078621_C_T_b38   1.742e-01 1.139e-03    1.139e-03      1.984e-04
ENSG00000256269:1(@)Loc1165   chr11_119086536_T_C_b38   3.971e-01 4.439e-04    4.439e-04      1.763e-04
ENSG00000154127:2(@)Loc1168   chr11_122634636_G_T_b38   1.690e-03 9.256e-02    9.256e-02      1.564e-04
ENSG00000154127:2(@)Loc1168   chr11_122651667_T_C_b38   9.800e-03 4.414e-01    4.414e-01      4.326e-03
ENSG00000154127:2(@)Loc1168   chr11_122663796_T_C_b38   2.696e-03 4.660e-01    4.660e-01      1.256e-03
ENSG00000110080:2(@)Loc1171   chr11_126348646_A_G_b38   6.280e-04 9.328e-01    9.328e-01      5.858e-04
ENSG00000167780:1(@)Loc1211   chr12_53103914_A_G_b38   9.211e-01 1.391e-04    1.391e-04      1.281e-04
ENSG00000139625:1(@)Loc1211   chr12_53488090_C_T_b38   6.411e-02 1.705e-03    1.704e-03      1.093e-04
ENSG00000151148:1(@)Loc1244   chr12_109455351_A_G_b38   4.368e-02 7.515e-02    7.515e-02      3.283e-03
ENSG00000151148:1(@)Loc1244   chr12_109466513_C_T_b38   4.368e-02 5.425e-02    5.425e-02      2.370e-03
ENSG00000151148:1(@)Loc1244   chr12_109499729_G_A_b38   4.765e-02 6.094e-02    6.094e-02      2.904e-03
ENSG00000151148:1(@)Loc1244   chr12_109500102_C_T_b38   1.871e-02 4.905e-02    4.905e-02      9.179e-04
ENSG00000151148:1(@)Loc1244   chr12_109501052_A_G_b38   1.871e-02 4.491e-02    4.490e-02      8.403e-04
ENSG00000151148:1(@)Loc1244   chr12_109512339_A_G_b38   6.563e-03 4.989e-01    4.989e-01      3.274e-03
ENSG00000151148:1(@)Loc1244   chr12_109523157_T_C_b38   6.563e-03 3.942e-02    3.942e-02      2.587e-04
ENSG00000151148:1(@)Loc1244   chr12_109565014_A_G_b38   5.361e-03 3.588e-02    3.588e-02      1.923e-04
ENSG00000111252:2(@)Loc1245   chr12_111446804_T_C_b38   5.230e-04 2.139e-01    2.139e-01      1.119e-04
ENSG00000182782:1(@)Loc1253   chr12_122686671_A_G_b38   8.568e-04 2.594e-01    2.594e-01      2.223e-04
ENSG00000111328:2(@)Loc1253   chr12_123290580_G_A_b38   2.316e-03 6.496e-02    6.496e-02      1.504e-04
ENSG00000270061:2(@)Loc1253   chr12_123935181_C_T_b38   8.631e-04 1.328e-01    1.328e-01      1.146e-04
ENSG00000270061:2(@)Loc1253   chr12_123964676_C_A_b38   7.779e-03 1.682e-01    1.682e-01      1.308e-03
ENSG00000270061:2(@)Loc1253   chr12_123980289_G_T_b38   3.825e-03 3.708e-02    3.708e-02      1.419e-04
ENSG00000250091:1(@)Loc1253   chr12_123920171_T_C_b38   1.382e-02 1.115e-01    1.115e-01      1.541e-03
ENSG00000250091:1(@)Loc1253   chr12_123924955_G_A_b38   2.003e-02 4.999e-02    4.999e-02      1.001e-03
ENSG00000250091:1(@)Loc1253   chr12_123929551_C_T_b38   8.644e-03 8.649e-02    8.649e-02      7.477e-04
ENSG00000250091:1(@)Loc1253   chr12_123935181_C_T_b38   1.549e-01 1.328e-01    1.328e-01      2.057e-02
ENSG00000250091:1(@)Loc1253   chr12_123964676_C_A_b38   3.325e-03 1.682e-01    1.682e-01      5.591e-04
ENSG00000270028:2(@)Loc1253   chr12_123920171_T_C_b38   1.027e-02 1.115e-01    1.115e-01      1.145e-03
ENSG00000270028:2(@)Loc1253   chr12_123924955_G_A_b38   3.480e-02 4.999e-02    4.999e-02      1.740e-03
ENSG00000270028:2(@)Loc1253   chr12_123929551_C_T_b38   4.057e-03 8.649e-02    8.649e-02      3.509e-04
ENSG00000270028:2(@)Loc1253   chr12_123935181_C_T_b38   2.568e-03 1.328e-01    1.328e-01      3.410e-04
ENSG00000270028:2(@)Loc1253   chr12_123964676_C_A_b38   6.478e-04 1.682e-01    1.682e-01      1.089e-04
ENSG00000269938:1(@)Loc1253   chr12_123964676_C_A_b38   4.434e-03 1.682e-01    1.682e-01      7.457e-04
ENSG00000269997:1(@)Loc1253   chr12_123964676_C_A_b38   2.849e-03 1.682e-01    1.682e-01      4.791e-04
ENSG00000270095:1(@)Loc1253   chr12_123964676_C_A_b38   5.169e-03 1.682e-01    1.682e-01      8.691e-04
ENSG00000179195:1(@)Loc1253   chr12_123964676_C_A_b38   2.294e-02 1.682e-01    1.682e-01      3.857e-03
ENSG00000179195:1(@)Loc1253   chr12_123980289_G_T_b38   3.845e-03 3.708e-02    3.708e-02      1.426e-04
ENSG00000270130:1(@)Loc1253   chr12_123964676_C_A_b38   8.526e-04 1.682e-01    1.682e-01      1.434e-04
ENSG00000270048:2(@)Loc1253   chr12_123964676_C_A_b38   1.825e-03 1.682e-01    1.682e-01      3.069e-04
ENSG00000120688:1(@)Loc1276   chr13_41061165_C_G_b38   4.444e-01 3.057e-04    3.057e-04      1.359e-04
ENSG00000023516:1(@)Loc1276   chr13_42269494_G_A_b38   2.742e-01 5.039e-04    5.039e-04      1.382e-04
ENSG00000023516:1(@)Loc1276   chr13_42274717_G_A_b38   1.541e-01 8.304e-04    8.304e-04      1.280e-04
ENSG00000023516:1(@)Loc1276   chr13_42276713_T_C_b38   1.721e-01 9.039e-04    9.039e-04      1.555e-04
ENSG00000100883:1(@)Loc1331   chr14_34983051_T_C_b38   3.191e-01 2.199e-03    2.199e-03      7.015e-04
ENSG00000139985:1(@)Loc1354   chr14_70452479_C_T_b38   4.662e-01 4.028e-04    4.028e-04      1.878e-04
ENSG00000009830:3(@)Loc1358   chr14_77279967_G_A_b38   8.800e-01 1.382e-04    1.382e-04      1.217e-04
ENSG00000009830:1(@)Loc1358   chr14_77297887_T_C_b38   7.126e-01 1.758e-04    1.758e-04      1.253e-04
ENSG00000179627:1(@)Loc1377   chr14_104792100_G_T_b38   7.314e-02 4.483e-03    4.483e-03      3.279e-04
ENSG00000179627:1(@)Loc1377   chr14_104792555_C_T_b38   8.058e-02 5.456e-03    5.456e-03      4.397e-04
ENSG00000179627:1(@)Loc1377   chr14_104796031_C_G_b38   2.895e-01 4.810e-03    4.810e-03      1.392e-03
ENSG00000179627:1(@)Loc1377   chr14_104806341_A_T_b38   1.555e-01 6.980e-03    6.980e-03      1.085e-03
ENSG00000179627:1(@)Loc1377   chr14_104810546_G_T_b38   2.013e-02 5.722e-03    5.722e-03      1.152e-04
ENSG00000179627:1(@)Loc1377   chr14_104810872_G_A_b38   2.769e-02 9.241e-01    9.241e-01      2.559e-02
ENSG00000103932:1(@)Loc1393   chr15_41527800_G_A_b38   1.671e-01 6.033e-04    6.033e-04      1.008e-04
ENSG00000103932:1(@)Loc1393   chr15_41535457_C_T_b38   1.454e-02 6.942e-03    6.942e-03      1.010e-04
ENSG00000103932:1(@)Loc1393   chr15_41537032_A_G_b38   1.735e-02 8.223e-03    8.222e-03      1.427e-04
ENSG00000259672:1(@)Loc1407   chr15_63101021_T_C_b38   5.761e-03 2.187e-01    2.186e-01      1.260e-03
ENSG00000259672:1(@)Loc1407   chr15_63103889_A_G_b38   2.223e-03 9.975e-02    9.975e-02      2.217e-04
ENSG00000259672:1(@)Loc1407   chr15_63104668_A_G_b38   1.815e-03 6.100e-01    6.100e-01      1.107e-03
ENSG00000103642:1(@)Loc1407   chr15_63117942_G_A_b38   2.011e-02 5.242e-03    5.242e-03      1.054e-04
ENSG00000103642:1(@)Loc1407   chr15_63120644_A_G_b38   2.628e-02 5.402e-03    5.402e-03      1.420e-04
ENSG00000103642:1(@)Loc1407   chr15_63121172_T_C_b38   5.434e-02 7.204e-03    7.204e-03      3.915e-04
ENSG00000103642:1(@)Loc1407   chr15_63121302_A_G_b38   1.298e-01 4.996e-03    4.996e-03      6.483e-04
ENSG00000103245:1(@)Loc1429   chr16_733004_T_C_b38   9.382e-01 2.296e-04    2.296e-04      2.154e-04
ENSG00000183426:1(@)Loc1443   chr16_15036083_C_T_b38   1.000e+00 1.439e-02    1.439e-02      1.439e-02
ENSG00000183793:1(@)Loc1443   chr16_15036083_C_T_b38   9.998e-01 1.439e-02    1.439e-02      1.439e-02
ENSG00000157045:1(@)Loc1443   chr16_15036083_C_T_b38   1.821e-02 1.439e-02    1.439e-02      2.620e-04
ENSG00000157045:1(@)Loc1443   chr16_15056648_C_A_b38   3.515e-02 3.587e-03    3.587e-03      1.261e-04
ENSG00000103550:1(@)Loc1446   chr16_19708624_C_A_b38   1.662e-01 2.459e-03    2.459e-03      4.086e-04
ENSG00000103550:1(@)Loc1446   chr16_19711044_T_C_b38   1.662e-01 3.065e-03    3.065e-03      5.093e-04
ENSG00000259982:2(@)Loc1451   chr16_28826752_A_G_b38   1.295e-02 1.123e-02    1.123e-02      1.454e-04
ENSG00000259982:2(@)Loc1451   chr16_28832747_T_A_b38   4.601e-02 4.061e-02    4.061e-02      1.868e-03
ENSG00000259982:2(@)Loc1451   chr16_28904112_A_C_b38   3.385e-02 6.360e-03    6.360e-03      2.153e-04
ENSG00000260442:1(@)Loc1451   chr16_28832747_T_A_b38   6.158e-03 4.061e-02    4.060e-02      2.500e-04
ENSG00000178952:1(@)Loc1451   chr16_28846324_A_G_b38   5.529e-01 7.271e-04    7.271e-04      4.020e-04
ENSG00000176953:1(@)Loc1451   chr16_28945143_T_C_b38   1.839e-01 6.827e-04    6.826e-04      1.255e-04
ENSG00000176953:1(@)Loc1451   chr16_28947433_A_G_b38   3.325e-01 7.161e-04    7.160e-04      2.381e-04
ENSG00000176953:1(@)Loc1451   chr16_28981325_G_A_b38   1.346e-02 1.213e-02    1.213e-02      1.633e-04
ENSG00000260853:1(@)Loc1451   chr16_28958159_A_G_b38   2.901e-01 1.117e-03    1.117e-03      3.239e-04
ENSG00000260853:1(@)Loc1451   chr16_28981325_G_A_b38   1.046e-02 1.213e-02    1.213e-02      1.269e-04
ENSG00000087237:1(@)Loc1458   chr16_56960332_T_TA_b38   1.796e-01 1.000e+00    1.000e+00      1.796e-01
ENSG00000188038:1(@)Loc1464   chr16_67863584_C_T_b38   7.056e-04 2.429e-01    2.429e-01      1.714e-04
ENSG00000188038:1(@)Loc1464   chr16_67894139_G_A_b38   1.095e-03 5.163e-01    5.163e-01      5.656e-04
ENSG00000141086:1(@)Loc1464   chr16_67894139_G_A_b38   3.537e-04 5.163e-01    5.163e-01      1.826e-04
ENSG00000102898:2(@)Loc1464   chr16_67845497_G_A_b38   3.928e-03 2.174e-01    2.174e-01      8.540e-04
ENSG00000102898:2(@)Loc1464   chr16_67863584_C_T_b38   7.650e-04 2.429e-01    2.429e-01      1.858e-04
ENSG00000102898:2(@)Loc1464   chr16_67894139_G_A_b38   4.201e-04 5.163e-01    5.163e-01      2.169e-04
ENSG00000159792:1(@)Loc1464   chr16_67894139_G_A_b38   3.726e-03 5.163e-01    5.163e-01      1.924e-03
ENSG00000220205:1(@)Loc1489   chr17_8163115_C_T_b38   1.629e-01 7.734e-04    7.734e-04      1.260e-04
ENSG00000220205:1(@)Loc1489   chr17_8163123_C_T_b38   1.629e-01 7.734e-04    7.734e-04      1.260e-04
ENSG00000220205:1(@)Loc1489   chr17_8163218_GC_G_b38   1.629e-01 7.734e-04    7.734e-04      1.260e-04
ENSG00000220205:1(@)Loc1489   chr17_8163465_A_G_b38   1.662e-01 6.330e-04    6.330e-04      1.052e-04
ENSG00000004142:1(@)Loc1499   chr17_28368811_A_G_b38   2.947e-01 3.423e-04    3.423e-04      1.009e-04
ENSG00000108578:2(@)Loc1500   chr17_30284827_CAT_C_b38   1.050e-01 1.434e-03    1.434e-03      1.505e-04
ENSG00000108578:2(@)Loc1500   chr17_30300590_C_T_b38   2.807e-01 9.033e-04    9.032e-04      2.536e-04
ENSG00000108578:2(@)Loc1500   chr17_30301248_G_A_b38   1.037e-01 4.779e-03    4.778e-03      4.955e-04
ENSG00000005156:1(@)Loc1503   chr17_34980567_G_A_b38   9.593e-01 7.158e-04    7.158e-04      6.866e-04
ENSG00000131771:1(@)Loc1505   chr17_39657827_G_A_b38   1.504e-03 1.529e-01    1.529e-01      2.300e-04
ENSG00000131771:1(@)Loc1505   chr17_39665182_G_T_b38   1.504e-03 3.231e-01    3.231e-01      4.860e-04
ENSG00000131771:1(@)Loc1505   chr17_39666058_A_C_b38   2.161e-02 1.284e-02    1.284e-02      2.773e-04
ENSG00000173991:2(@)Loc1505   chr17_39665182_G_T_b38   2.610e-03 3.231e-01    3.231e-01      8.432e-04
ENSG00000141744:2(@)Loc1505   chr17_39665182_G_T_b38   1.064e-03 3.231e-01    3.231e-01      3.437e-04
ENSG00000267765:1(@)Loc1507   chr17_42615670_C_T_b38   1.846e-03 1.306e-01    1.306e-01      2.411e-04
ENSG00000267765:1(@)Loc1507   chr17_42683433_A_C_b38   1.757e-01 6.207e-04    6.207e-04      1.090e-04
ENSG00000108797:1(@)Loc1507   chr17_42683433_A_C_b38   5.373e-01 6.207e-04    6.207e-04      3.335e-04
ENSG00000175832:2(@)Loc1508   chr17_43800798_A_C_b38   1.996e-03 5.998e-02    5.998e-02      1.197e-04
ENSG00000161649:1(@)Loc1508   chr17_43853201_A_G_b38   1.601e-03 1.780e-01    1.780e-01      2.849e-04
ENSG00000167183:1(@)Loc1510   chr17_47957635_C_G_b38   1.313e-01 3.312e-03    3.312e-03      4.347e-04
ENSG00000005243:1(@)Loc1510   chr17_48037714_C_T_b38   4.163e-02 3.423e-03    3.423e-03      1.425e-04
ENSG00000005243:1(@)Loc1510   chr17_48038166_T_C_b38   4.163e-02 3.423e-03    3.423e-03      1.425e-04
ENSG00000005243:1(@)Loc1510   chr17_48048903_C_G_b38   7.788e-02 1.424e-03    1.424e-03      1.109e-04
ENSG00000005243:1(@)Loc1510   chr17_48072318_G_A_b38   2.481e-02 3.551e-02    3.551e-02      8.810e-04
ENSG00000005243:1(@)Loc1510   chr17_48150484_C_T_b38   1.777e-03 1.049e-01    1.049e-01      1.864e-04
ENSG00000076984:2(@)Loc1584   chr19_7903283_G_A_b38   2.361e-01 1.265e-03    1.265e-03      2.987e-04
ENSG00000076984:2(@)Loc1584   chr19_7905269_C_CT_b38   1.098e-01 1.314e-03    1.314e-03      1.443e-04
ENSG00000076984:2(@)Loc1584   chr19_7905750_A_G_b38   1.098e-01 6.616e-01    6.616e-01      7.262e-02
ENSG00000273733:1(@)Loc1587   chr19_11223503_C_T_b38   3.374e-03 9.030e-02    9.030e-02      3.046e-04
ENSG00000105696:1(@)Loc1592   chr19_18613347_G_A_b38   3.413e-01 3.090e-04    3.090e-04      1.055e-04
ENSG00000105696:1(@)Loc1592   chr19_18613506_C_G_b38   3.063e-01 6.627e-04    6.627e-04      2.030e-04
ENSG00000267282:2(@)Loc1608   chr19_44892362_A_G_b38   1.531e-03 9.999e-01    9.999e-01      1.531e-03
ENSG00000130749:2(@)Loc1610   chr19_47093845_T_C_b38   9.309e-04 1.986e-01    1.986e-01      1.849e-04
ENSG00000186230:1(@)Loc1616   chr19_57438168_T_C_b38   9.988e-01 1.022e-04    1.021e-04      1.020e-04
ENSG00000268516:1(@)Loc1616   chr19_58270286_G_A_b38   5.632e-01 2.302e-04    2.302e-04      1.297e-04
ENSG00000101460:1(@)Loc1637   chr20_34551066_T_C_b38   3.204e-01 7.931e-04    7.931e-04      2.541e-04
ENSG00000101460:1(@)Loc1637   chr20_34587662_C_T_b38   1.883e-02 8.951e-02    8.951e-02      1.685e-03
ENSG00000198646:2(@)Loc1637   chr20_34821547_G_A_b38   2.173e-03 4.916e-02    4.916e-02      1.068e-04
ENSG00000088298:2(@)Loc1637   chr20_35190180_A_G_b38   5.638e-04 2.763e-01    2.763e-01      1.558e-04
ENSG00000100979:2(@)Loc1644   chr20_45925376_T_C_b38   3.855e-03 4.136e-01    4.136e-01      1.594e-03
ENSG00000100979:2(@)Loc1644   chr20_45956781_A_G_b38   1.955e-03 4.258e-01    4.258e-01      8.324e-04
ENSG00000100979:2(@)Loc1644   chr20_45961659_C_G_b38   1.955e-03 1.564e-01    1.564e-01      3.057e-04
ENSG00000101115:1(@)Loc1647   chr20_51801133_G_A_b38   9.841e-01 1.061e-04    1.060e-04      1.044e-04
ENSG00000171703:1(@)Loc1654   chr20_64069739_A_C_b38   7.395e-02 3.571e-03    3.571e-03      2.641e-04
ENSG00000171700:1(@)Loc1654   chr20_64080700_T_C_b38   6.112e-01 1.855e-04    1.854e-04      1.133e-04
ENSG00000161179:1(@)Loc1682   chr22_21574627_T_G_b38   3.544e-04 3.100e-01    3.100e-01      1.099e-04
ENSG00000185651:1(@)Loc1682   chr22_21574627_T_G_b38   5.013e-03 3.100e-01    3.100e-01      1.554e-03
ENSG00000185651:1(@)Loc1682   chr22_21577779_C_T_b38   2.717e-03 6.363e-01    6.363e-01      1.729e-03
ENSG00000185651:1(@)Loc1682   chr22_21585900_T_G_b38   4.957e-03 5.366e-02    5.366e-02      2.660e-04
ENSG00000273342:1(@)Loc1682   chr22_21574627_T_G_b38   1.559e-03 3.100e-01    3.100e-01      4.834e-04
ENSG00000224205:2(@)Loc1684   chr22_24007343_T_A_b38   6.318e-01 2.043e-04    2.043e-04      1.291e-04
ENSG00000279159:2(@)Loc1688   chr22_30025077_A_G_b38   1.941e-01 7.451e-04    7.451e-04      1.446e-04
ENSG00000279159:2(@)Loc1688   chr22_30026118_C_G_b38   4.996e-01 6.062e-04    6.061e-04      3.029e-04
ENSG00000185022:1(@)Loc1693   chr22_38199404_G_A_b38   2.975e-03 6.993e-02    6.992e-02      2.080e-04
