Signal	SNP	PIP_qtl	PIP_gwas_marginal	PIP_gwas_qtl_prior	SCP
ENSG00000001460:1(@)Loc17   chr1_24417389_C_T_b38   4.126e-01 2.470e-04    2.469e-04      1.019e-04
ENSG00000260063:1(@)Loc18   chr1_26712737_C_T_b38   1.124e-03 3.114e-01    3.113e-01      3.498e-04
ENSG00000060642:2(@)Loc18   chr1_26811902_C_T_b38   2.249e-03 4.286e-01    4.286e-01      9.640e-04
ENSG00000175707:1(@)Loc18   chr1_26958704_C_T_b38   1.625e-03 2.179e-01    2.179e-01      3.541e-04
ENSG00000158161:1(@)Loc19   chr1_28080155_C_CA_b38   8.146e-02 1.393e-03    1.393e-03      1.135e-04
ENSG00000183682:3(@)Loc24   chr1_39562508_A_G_b38   3.618e-04 5.718e-01    5.718e-01      2.069e-04
ENSG00000228060:1(@)Loc24   chr1_39562508_A_G_b38   1.669e-03 5.718e-01    5.718e-01      9.543e-04
ENSG00000228060:1(@)Loc24   chr1_39570014_C_T_b38   1.695e-02 2.012e-01    2.012e-01      3.412e-03
ENSG00000116641:1(@)Loc39   chr1_62690372_A_G_b38   5.452e-02 4.574e-03    4.573e-03      2.493e-04
ENSG00000116641:1(@)Loc39   chr1_62690427_T_C_b38   1.637e-01 2.369e-03    2.369e-03      3.879e-04
ENSG00000116641:1(@)Loc39   chr1_62707613_C_T_b38   4.031e-02 2.561e-03    2.560e-03      1.032e-04
ENSG00000116641:1(@)Loc39   chr1_62711694_C_T_b38   4.031e-02 3.200e-03    3.199e-03      1.289e-04
ENSG00000117500:2(@)Loc57   chr1_93185990_T_C_b38   1.010e-03 1.284e-01    1.284e-01      1.297e-04
ENSG00000122483:2(@)Loc57   chr1_93185990_T_C_b38   1.046e-03 1.284e-01    1.284e-01      1.344e-04
ENSG00000117505:1(@)Loc57   chr1_93350843_A_G_b38   6.087e-03 6.504e-01    6.503e-01      3.959e-03
ENSG00000134222:2(@)Loc67   chr1_109274968_G_T_b38   2.051e-02 5.427e-01    5.427e-01      1.113e-02
ENSG00000134222:2(@)Loc67   chr1_109275216_T_C_b38   3.234e-02 6.719e-02    6.719e-02      2.173e-03
ENSG00000134222:2(@)Loc67   chr1_109275908_C_T_b38   1.599e-02 3.466e-01    3.465e-01      5.542e-03
ENSG00000134222:2(@)Loc67   chr1_109278889_T_G_b38   7.538e-02 3.173e-02    3.173e-02      2.392e-03
ENSG00000134222:2(@)Loc67   chr1_109279544_G_A_b38   3.451e-02 9.779e-03    9.779e-03      3.375e-04
ENSG00000031698:2(@)Loc67   chr1_109274968_G_T_b38   3.321e-03 5.427e-01    5.427e-01      1.802e-03
ENSG00000031698:2(@)Loc67   chr1_109275908_C_T_b38   4.910e-03 3.465e-01    3.465e-01      1.702e-03
ENSG00000198162:1(@)Loc72   chr1_117369211_G_A_b38   1.548e-01 3.701e-03    3.700e-03      5.727e-04
ENSG00000143412:1(@)Loc74   chr1_150968149_T_G_b38   2.400e-02 7.231e-02    7.230e-02      1.735e-03
ENSG00000143412:1(@)Loc74   chr1_150979001_T_C_b38   6.790e-02 2.688e-02    2.688e-02      1.825e-03
ENSG00000143575:1(@)Loc76   chr1_154266858_T_TC_b38   7.874e-02 4.520e-03    4.519e-03      3.558e-04
ENSG00000143575:1(@)Loc76   chr1_154270621_G_A_b38   8.257e-02 4.853e-03    4.852e-03      4.006e-04
ENSG00000143575:1(@)Loc76   chr1_154272666_T_G_b38   6.291e-01 1.539e-02    1.539e-02      9.681e-03
ENSG00000143575:1(@)Loc76   chr1_154279150_A_G_b38   4.194e-02 4.853e-03    4.852e-03      2.035e-04
ENSG00000143575:1(@)Loc76   chr1_154281841_G_A_b38   4.194e-02 4.541e-03    4.540e-03      1.904e-04
ENSG00000143294:1(@)Loc78   chr1_156730859_T_G_b38   1.300e-03 9.208e-01    9.208e-01      1.197e-03
ENSG00000069275:1(@)Loc105   chr1_205750404_G_A_b38   2.434e-02 4.006e-02    4.005e-02      9.750e-04
ENSG00000228063:1(@)Loc112   chr1_219172269_T_G_b38   7.865e-02 1.308e-03    1.308e-03      1.029e-04
ENSG00000228063:1(@)Loc112   chr1_219182447_A_G_b38   3.995e-02 2.580e-03    2.579e-03      1.030e-04
ENSG00000181218:1(@)Loc117   chr1_228455746_C_T_b38   7.981e-01 1.661e-04    1.661e-04      1.325e-04
ENSG00000238005:1(@)Loc122   chr1_234972117_C_T_b38   1.000e+00 1.106e-04    1.106e-04      1.106e-04
ENSG00000035115:1(@)Loc133   chr2_242793_G_C_b38   9.992e-01 2.459e-04    2.459e-04      2.457e-04
ENSG00000170634:1(@)Loc167   chr2_53985698_G_A_b38   1.519e-01 1.462e-03    1.462e-03      2.221e-04
ENSG00000011523:1(@)Loc174   chr2_65056838_T_C_b38   7.047e-01 1.364e-03    1.364e-03      9.610e-04
ENSG00000011523:1(@)Loc174   chr2_65057022_C_CGTGGATGCAGCA_b38   2.833e-01 1.922e-03    1.922e-03      5.444e-04
ENSG00000152291:1(@)Loc186   chr2_85328139_T_G_b38   1.737e-02 7.777e-03    7.777e-03      1.351e-04
ENSG00000152291:1(@)Loc186   chr2_85328355_C_T_b38   2.232e-02 4.705e-02    4.705e-02      1.050e-03
ENSG00000246575:1(@)Loc186   chr2_85313643_C_T_b38   6.684e-03 4.651e-02    4.651e-02      3.109e-04
ENSG00000246575:1(@)Loc186   chr2_85313657_T_G_b38   6.684e-03 4.385e-02    4.385e-02      2.931e-04
ENSG00000246575:1(@)Loc186   chr2_85313960_T_C_b38   2.495e-03 4.192e-02    4.192e-02      1.046e-04
ENSG00000246575:1(@)Loc186   chr2_85315563_G_C_b38   3.223e-01 4.184e-02    4.183e-02      1.348e-02
ENSG00000246575:1(@)Loc186   chr2_85315595_G_A_b38   3.223e-01 1.667e-02    1.667e-02      5.373e-03
ENSG00000246575:1(@)Loc186   chr2_85317466_G_GCAACA_b38   6.018e-02 1.730e-02    1.730e-02      1.041e-03
ENSG00000246575:1(@)Loc186   chr2_85319492_C_T_b38   5.732e-02 1.317e-02    1.317e-02      7.549e-04
ENSG00000246575:1(@)Loc186   chr2_85319809_A_C_b38   5.732e-02 2.786e-02    2.786e-02      1.597e-03
ENSG00000246575:1(@)Loc186   chr2_85320253_C_G_b38   1.254e-02 2.671e-02    2.671e-02      3.349e-04
ENSG00000246575:1(@)Loc186   chr2_85320306_G_T_b38   1.254e-02 3.423e-02    3.422e-02      4.292e-04
ENSG00000246575:1(@)Loc186   chr2_85320840_C_T_b38   1.254e-02 3.327e-02    3.326e-02      4.171e-04
ENSG00000246575:1(@)Loc186   chr2_85320945_TA_T_b38   3.874e-02 1.627e-02    1.626e-02      6.301e-04
ENSG00000246575:1(@)Loc186   chr2_85325063_C_A_b38   5.971e-03 2.969e-02    2.969e-02      1.773e-04
ENSG00000246575:1(@)Loc186   chr2_85328355_C_T_b38   3.593e-03 4.705e-02    4.705e-02      1.690e-04
ENSG00000204196:1(@)Loc252   chr2_203190098_T_C_b38   5.866e-01 4.043e-04    4.042e-04      2.371e-04
ENSG00000115677:1(@)Loc276   chr2_241317397_G_C_b38   4.266e-01 4.124e-04    4.123e-04      1.759e-04
ENSG00000281691:3(@)Loc311   chr3_50075601_A_G_b38   3.174e-03 3.265e-01    3.265e-01      1.036e-03
ENSG00000281691:3(@)Loc311   chr3_50091966_C_T_b38   3.921e-03 4.002e-01    4.002e-01      1.569e-03
ENSG00000164077:2(@)Loc311   chr3_49934081_C_A_b38   7.832e-04 2.093e-01    2.093e-01      1.639e-04
ENSG00000004534:1(@)Loc311   chr3_49934081_C_A_b38   1.302e-02 2.093e-01    2.093e-01      2.725e-03
ENSG00000003756:1(@)Loc311   chr3_50075601_A_G_b38   4.255e-04 3.265e-01    3.265e-01      1.389e-04
ENSG00000003756:1(@)Loc311   chr3_50091966_C_T_b38   1.200e-03 4.002e-01    4.002e-01      4.804e-04
ENSG00000173175:1(@)Loc352   chr3_123359232_G_A_b38   3.473e-03 8.557e-02    8.555e-02      2.971e-04
ENSG00000113946:1(@)Loc392   chr3_190322608_C_T_b38   2.748e-01 5.803e-04    5.801e-04      1.594e-04
ENSG00000251688:1(@)Loc493   chr4_147542688_G_C_b38   9.918e-01 1.629e-04    1.629e-04      1.615e-04
ENSG00000250786:1(@)Loc528   chr5_9538645_C_T_b38   4.198e-01 2.539e-04    2.538e-04      1.066e-04
ENSG00000250786:1(@)Loc528   chr5_9541581_G_T_b38   5.795e-01 2.539e-04    2.538e-04      1.471e-04
ENSG00000253404:1(@)Loc602   chr5_138752429_C_T_b38   6.384e-01 1.993e-04    1.992e-04      1.272e-04
ENSG00000112308:1(@)Loc648   chr6_24719750_G_A_b38   2.697e-01 1.278e-03    1.278e-03      3.446e-04
ENSG00000124564:1(@)Loc650   chr6_25874195_G_A_b38   2.353e-02 1.819e-02    1.819e-02      4.281e-04
ENSG00000112343:2(@)Loc650   chr6_25962076_C_T_b38   2.369e-02 1.271e-02    1.270e-02      3.009e-04
ENSG00000272462:2(@)Loc650   chr6_25993241_A_G_b38   1.956e-02 2.061e-02    2.061e-02      4.031e-04
ENSG00000180573:1(@)Loc650   chr6_26124075_T_C_b38   3.804e-02 4.648e-03    4.647e-03      1.767e-04
ENSG00000269293:1(@)Loc652   chr6_28156336_C_T_b38   8.233e-03 1.307e-02    1.307e-02      1.076e-04
ENSG00000219891:2(@)Loc652   chr6_28091171_G_C_b38   6.635e-01 2.825e-04    2.824e-04      1.874e-04
ENSG00000219891:2(@)Loc652   chr6_28092461_T_C_b38   9.218e-02 2.731e-03    2.730e-03      2.517e-04
ENSG00000137185:1(@)Loc652   chr6_28225324_C_A_b38   3.153e-01 3.729e-04    3.728e-04      1.175e-04
ENSG00000204623:4(@)Loc654   chr6_30064745_A_C_b38   3.715e-02 1.379e-02    1.379e-02      5.121e-04
ENSG00000204623:4(@)Loc654   chr6_30070870_T_C_b38   6.600e-02 9.484e-03    9.482e-03      6.258e-04
ENSG00000204576:1(@)Loc654   chr6_30576624_A_G_b38   3.130e-03 5.362e-02    5.361e-02      1.678e-04
ENSG00000146112:1(@)Loc654   chr6_30651129_A_G_b38   6.618e-03 9.064e-02    9.062e-02      5.997e-04
ENSG00000137312:1(@)Loc654   chr6_30740918_C_T_b38   1.937e-01 7.593e-04    7.591e-04      1.470e-04
ENSG00000137312:1(@)Loc654   chr6_30741178_C_T_b38   9.110e-02 4.166e-03    4.165e-03      3.794e-04
ENSG00000137312:1(@)Loc654   chr6_30741580_G_A_b38   1.937e-01 7.593e-04    7.591e-04      1.470e-04
ENSG00000204520:3(@)Loc655   chr6_31413630_A_G_b38   7.802e-01 3.184e-04    3.183e-04      2.484e-04
ENSG00000204520:3(@)Loc655   chr6_31420437_G_A_b38   3.120e-02 1.182e-02    1.182e-02      3.688e-04
ENSG00000199332:1(@)Loc655   chr6_31420437_G_A_b38   1.460e-01 1.182e-02    1.182e-02      1.726e-03
ENSG00000277427:1(@)Loc656   chr6_32696681_T_C_b38   1.146e-02 3.814e-02    3.813e-02      4.368e-04
ENSG00000277427:1(@)Loc656   chr6_32697103_T_G_b38   1.146e-02 3.686e-02    3.685e-02      4.221e-04
ENSG00000196821:1(@)Loc658   chr6_34695821_C_T_b38   1.192e-02 6.603e-02    6.602e-02      7.868e-04
ENSG00000272288:1(@)Loc658   chr6_34695821_C_T_b38   1.301e-02 6.603e-02    6.602e-02      8.586e-04
ENSG00000124713:1(@)Loc663   chr6_42961020_T_G_b38   8.353e-01 7.990e-04    7.988e-04      6.672e-04
ENSG00000124587:2(@)Loc663   chr6_42972935_A_G_b38   2.174e-01 7.752e-04    7.750e-04      1.685e-04
ENSG00000277443:1(@)Loc705   chr6_113865359_A_G_b38   1.911e-02 7.284e-03    7.282e-03      1.392e-04
ENSG00000164849:1(@)Loc744   chr7_1041926_G_C_b38   4.132e-01 1.336e-03    1.336e-03      5.520e-04
ENSG00000164849:3(@)Loc744   chr7_1044141_A_G_b38   1.081e-03 4.560e-01    4.560e-01      4.931e-04
ENSG00000274080:1(@)Loc789   chr7_73448919_T_G_b38   1.768e-03 8.162e-02    8.162e-02      1.443e-04
ENSG00000274080:1(@)Loc789   chr7_73450539_A_G_b38   1.768e-03 8.189e-02    8.189e-02      1.448e-04
ENSG00000274080:1(@)Loc789   chr7_73464315_A_G_b38   1.768e-03 1.347e-01    1.347e-01      2.382e-04
ENSG00000274080:1(@)Loc789   chr7_73556901_C_T_b38   2.704e-03 1.846e-01    1.846e-01      4.990e-04
ENSG00000274080:1(@)Loc789   chr7_73568544_C_T_b38   3.804e-03 3.304e-01    3.304e-01      1.257e-03
ENSG00000274080:1(@)Loc789   chr7_73593613_G_A_b38   8.814e-03 1.778e-02    1.778e-02      1.567e-04
ENSG00000274080:1(@)Loc789   chr7_73612048_C_T_b38   1.049e-02 3.420e-02    3.420e-02      3.589e-04
ENSG00000106635:1(@)Loc789   chr7_73556901_C_T_b38   2.781e-02 1.846e-01    1.845e-01      5.132e-03
ENSG00000106635:1(@)Loc789   chr7_73568544_C_T_b38   3.786e-03 3.304e-01    3.303e-01      1.251e-03
ENSG00000009950:1(@)Loc789   chr7_73612048_C_T_b38   1.251e-02 3.420e-02    3.420e-02      4.278e-04
ENSG00000198898:1(@)Loc812   chr7_116810801_A_G_b38   3.311e-02 3.053e-03    3.052e-03      1.011e-04
ENSG00000091732:1(@)Loc821   chr7_130052137_A_T_b38   4.487e-01 2.734e-04    2.733e-04      1.226e-04
ENSG00000104714:1(@)Loc842   chr8_698048_G_A_b38   5.798e-01 1.821e-04    1.821e-04      1.056e-04
ENSG00000253944:1(@)Loc860   chr8_17801495_T_C_b38   7.422e-01 1.522e-04    1.521e-04      1.129e-04
ENSG00000277494:1(@)Loc935   chr8_143212799_G_A_b38   3.066e-01 3.765e-04    3.765e-04      1.154e-04
ENSG00000277494:1(@)Loc935   chr8_143213279_C_T_b38   3.066e-01 3.765e-04    3.765e-04      1.154e-04
ENSG00000148057:1(@)Loc976   chr9_83623171_T_C_b38   1.637e-01 1.225e-03    1.224e-03      2.004e-04
ENSG00000235119:1(@)Loc994   chr9_114398775_C_T_b38   4.051e-02 3.410e-03    3.410e-03      1.381e-04
ENSG00000165695:1(@)Loc1005   chr9_132784289_G_GC_b38   5.228e-02 2.229e-03    2.228e-03      1.165e-04
ENSG00000165695:1(@)Loc1005   chr9_132788134_T_C_b38   5.349e-02 3.072e-03    3.071e-03      1.643e-04
ENSG00000175164:2(@)Loc1005   chr9_133262254_C_T_b38   4.903e-02 1.726e-02    1.726e-02      8.460e-04
ENSG00000057608:1(@)Loc1015   chr10_5803098_A_G_b38   1.414e-01 7.637e-04    7.635e-04      1.080e-04
ENSG00000057608:1(@)Loc1015   chr10_5807954_C_G_b38   1.994e-01 5.238e-04    5.237e-04      1.044e-04
ENSG00000057608:1(@)Loc1015   chr10_5813440_G_C_b38   5.456e-01 1.980e-04    1.980e-04      1.080e-04
ENSG00000026025:1(@)Loc1023   chr10_17218291_A_G_b38   2.102e-01 2.133e-03    2.132e-03      4.482e-04
ENSG00000026025:1(@)Loc1023   chr10_17218526_C_T_b38   2.102e-01 8.043e-04    8.041e-04      1.690e-04
ENSG00000026025:1(@)Loc1023   chr10_17218744_G_C_b38   2.102e-01 8.043e-04    8.041e-04      1.690e-04
ENSG00000229124:1(@)Loc1023   chr10_17240449_A_G_b38   2.741e-02 3.586e-02    3.586e-02      9.829e-04
ENSG00000254635:1(@)Loc1029   chr10_28468773_T_A_b38   3.459e-01 3.300e-04    3.299e-04      1.141e-04
ENSG00000187553:1(@)Loc1068   chr10_93059296_C_T_b38   1.084e-03 4.869e-01    4.868e-01      5.277e-04
ENSG00000095596:1(@)Loc1068   chr10_93079885_G_A_b38   4.304e-02 2.555e-02    2.555e-02      1.099e-03
ENSG00000095485:1(@)Loc1073   chr10_100264501_C_T_b38   6.195e-02 2.455e-03    2.454e-03      1.520e-04
ENSG00000095485:1(@)Loc1073   chr10_100266802_G_C_b38   2.941e-01 2.455e-03    2.454e-03      7.217e-04
ENSG00000095485:1(@)Loc1073   chr10_100267650_C_T_b38   5.160e-01 2.860e-03    2.859e-03      1.475e-03
ENSG00000119927:1(@)Loc1079   chr10_112150963_A_G_b38   2.450e-03 1.668e-01    1.668e-01      4.087e-04
ENSG00000119927:1(@)Loc1079   chr10_112161596_G_A_b38   5.459e-03 4.050e-01    4.050e-01      2.211e-03
ENSG00000119927:1(@)Loc1079   chr10_112174128_A_G_b38   1.829e-02 3.513e-01    3.513e-01      6.426e-03
ENSG00000119927:1(@)Loc1079   chr10_112180571_T_C_b38   1.829e-02 2.553e-02    2.553e-02      4.670e-04
ENSG00000119927:1(@)Loc1079   chr10_112184513_A_G_b38   7.312e-03 5.136e-02    5.136e-02      3.755e-04
ENSG00000180210:1(@)Loc1122   chr11_46721697_T_C_b38   1.086e-03 9.478e-01    9.478e-01      1.029e-03
ENSG00000175213:1(@)Loc1122   chr11_46721697_T_C_b38   5.941e-03 9.478e-01    9.478e-01      5.630e-03
ENSG00000134575:1(@)Loc1123   chr11_47273075_T_C_b38   6.100e-03 3.149e-01    3.149e-01      1.921e-03
ENSG00000134825:1(@)Loc1128   chr11_61783884_T_C_b38   6.860e-03 1.979e-01    1.979e-01      1.357e-03
ENSG00000134825:1(@)Loc1128   chr11_61785208_G_T_b38   3.081e-02 4.541e-02    4.541e-02      1.399e-03
ENSG00000134825:1(@)Loc1128   chr11_61790331_T_C_b38   4.932e-03 2.742e-01    2.742e-01      1.353e-03
ENSG00000134825:1(@)Loc1128   chr11_61802358_C_T_b38   7.139e-02 2.144e-01    2.144e-01      1.531e-02
ENSG00000134825:1(@)Loc1128   chr11_61803311_T_C_b38   3.399e-02 4.778e-02    4.778e-02      1.624e-03
ENSG00000134825:1(@)Loc1128   chr11_61804006_T_C_b38   3.399e-02 1.348e-01    1.347e-01      4.580e-03
ENSG00000149485:1(@)Loc1128   chr11_61783884_T_C_b38   5.656e-03 1.979e-01    1.979e-01      1.119e-03
ENSG00000149485:1(@)Loc1128   chr11_61785208_G_T_b38   3.096e-03 4.541e-02    4.541e-02      1.406e-04
ENSG00000149485:1(@)Loc1128   chr11_61790331_T_C_b38   3.114e-03 2.742e-01    2.742e-01      8.539e-04
ENSG00000149485:1(@)Loc1128   chr11_61802358_C_T_b38   3.342e-03 2.144e-01    2.144e-01      7.167e-04
ENSG00000149485:1(@)Loc1128   chr11_61803311_T_C_b38   3.342e-03 4.778e-02    4.778e-02      1.597e-04
ENSG00000149485:1(@)Loc1128   chr11_61804006_T_C_b38   3.342e-03 1.348e-01    1.347e-01      4.503e-04
ENSG00000149485:1(@)Loc1128   chr11_61830500_A_G_b38   3.479e-02 3.429e-02    3.429e-02      1.193e-03
ENSG00000172803:1(@)Loc1130   chr11_65834089_G_C_b38   9.338e-01 1.930e-04    1.930e-04      1.802e-04
ENSG00000172543:1(@)Loc1130   chr11_65879789_A_G_b38   4.296e-01 6.625e-04    6.623e-04      2.845e-04
ENSG00000250508:1(@)Loc1132   chr11_68870340_G_A_b38   1.047e-01 1.325e-03    1.325e-03      1.387e-04
ENSG00000250508:1(@)Loc1132   chr11_68870590_G_T_b38   1.047e-01 1.325e-03    1.325e-03      1.387e-04
ENSG00000197345:2(@)Loc1132   chr11_68899730_A_C_b38   7.011e-03 6.787e-02    6.785e-02      4.757e-04
ENSG00000132740:1(@)Loc1132   chr11_68899730_A_C_b38   1.211e-01 6.787e-02    6.785e-02      8.218e-03
ENSG00000132740:1(@)Loc1132   chr11_68903812_G_GCCGCCGCCATCTTC_b38   5.178e-01 1.407e-03    1.407e-03      7.286e-04
ENSG00000132740:1(@)Loc1132   chr11_68911166_C_T_b38   1.787e-01 2.532e-03    2.532e-03      4.523e-04
ENSG00000197345:1(@)Loc1132   chr11_68903812_G_GCCGCCGCCATCTTC_b38   9.396e-01 1.407e-03    1.407e-03      1.322e-03
ENSG00000235910:2(@)Loc1164   chr11_116778201_G_C_b38   1.629e-01 7.349e-01    7.349e-01      1.197e-01
ENSG00000137700:1(@)Loc1165   chr11_119030904_A_T_b38   1.680e-01 2.616e-03    2.616e-03      4.395e-04
ENSG00000137700:1(@)Loc1165   chr11_119031235_A_G_b38   2.261e-01 8.251e-04    8.249e-04      1.865e-04
ENSG00000137700:1(@)Loc1165   chr11_119032048_G_C_b38   1.840e-02 8.261e-03    8.260e-03      1.520e-04
ENSG00000254909:1(@)Loc1165   chr11_119043282_C_T_b38   3.750e-03 4.789e-02    4.788e-02      1.796e-04
ENSG00000271751:1(@)Loc1165   chr11_119043282_C_T_b38   3.929e-03 4.789e-02    4.788e-02      1.881e-04
ENSG00000271751:1(@)Loc1165   chr11_119067660_T_A_b38   3.928e-02 3.212e-03    3.212e-03      1.261e-04
ENSG00000160695:2(@)Loc1165   chr11_119067660_T_A_b38   6.430e-02 3.212e-03    3.212e-03      2.065e-04
ENSG00000256269:1(@)Loc1165   chr11_119072723_A_G_b38   2.863e-01 1.495e-03    1.494e-03      4.278e-04
ENSG00000256269:1(@)Loc1165   chr11_119087417_C_A_b38   2.709e-01 7.601e-04    7.599e-04      2.059e-04
ENSG00000160695:1(@)Loc1165   chr11_119088159_G_T_b38   9.666e-01 3.140e-04    3.140e-04      3.035e-04
ENSG00000110080:2(@)Loc1171   chr11_126348646_A_G_b38   6.292e-04 9.328e-01    9.328e-01      5.870e-04
ENSG00000274964:1(@)Loc1200   chr12_32339035_C_T_b38   6.085e-01 1.192e-03    1.192e-03      7.254e-04
ENSG00000139531:1(@)Loc1213   chr12_55974294_G_A_b38   5.485e-01 1.933e-04    1.932e-04      1.060e-04
ENSG00000139428:3(@)Loc1244   chr12_109555798_C_A_b38   1.777e-03 6.500e-02    6.499e-02      1.155e-04
ENSG00000139428:3(@)Loc1244   chr12_109565014_A_G_b38   3.574e-03 3.588e-02    3.587e-02      1.282e-04
ENSG00000139428:3(@)Loc1244   chr12_109578088_A_G_b38   5.693e-03 3.531e-02    3.530e-02      2.010e-04
ENSG00000182782:1(@)Loc1253   chr12_122686671_A_G_b38   6.183e-04 2.594e-01    2.594e-01      1.604e-04
ENSG00000270130:1(@)Loc1253   chr12_123964676_C_A_b38   7.975e-04 1.682e-01    1.681e-01      1.341e-04
ENSG00000119242:1(@)Loc1253   chr12_123929551_C_T_b38   2.061e-03 8.649e-02    8.648e-02      1.783e-04
ENSG00000119242:1(@)Loc1253   chr12_123935181_C_T_b38   2.061e-03 1.328e-01    1.328e-01      2.737e-04
ENSG00000119242:1(@)Loc1253   chr12_123955563_C_A_b38   2.659e-02 2.181e-02    2.181e-02      5.799e-04
ENSG00000119242:1(@)Loc1253   chr12_123964676_C_A_b38   1.876e-03 1.682e-01    1.681e-01      3.154e-04
ENSG00000119242:1(@)Loc1253   chr12_123980289_G_T_b38   1.246e-02 3.708e-02    3.708e-02      4.620e-04
ENSG00000119242:1(@)Loc1253   chr12_123990609_A_G_b38   5.942e-03 1.763e-02    1.763e-02      1.048e-04
ENSG00000269997:1(@)Loc1253   chr12_123964676_C_A_b38   4.806e-03 1.682e-01    1.681e-01      8.081e-04
ENSG00000269938:1(@)Loc1253   chr12_123964676_C_A_b38   8.997e-04 1.682e-01    1.681e-01      1.513e-04
ENSG00000250091:1(@)Loc1253   chr12_123920171_T_C_b38   1.491e-02 1.115e-01    1.115e-01      1.663e-03
ENSG00000250091:1(@)Loc1253   chr12_123924955_G_A_b38   1.516e-02 4.999e-02    4.999e-02      7.576e-04
ENSG00000250091:1(@)Loc1253   chr12_123929551_C_T_b38   1.101e-02 8.649e-02    8.648e-02      9.519e-04
ENSG00000250091:1(@)Loc1253   chr12_123935181_C_T_b38   1.766e-01 1.328e-01    1.328e-01      2.345e-02
ENSG00000250091:1(@)Loc1253   chr12_123955563_C_A_b38   1.293e-02 2.181e-02    2.181e-02      2.820e-04
ENSG00000250091:1(@)Loc1253   chr12_123964676_C_A_b38   1.883e-03 1.682e-01    1.681e-01      3.167e-04
ENSG00000270048:1(@)Loc1253   chr12_123964676_C_A_b38   1.489e-03 1.682e-01    1.681e-01      2.504e-04
ENSG00000179195:1(@)Loc1253   chr12_123964676_C_A_b38   1.991e-02 1.682e-01    1.681e-01      3.348e-03
ENSG00000179195:1(@)Loc1253   chr12_123980289_G_T_b38   1.813e-02 3.708e-02    3.708e-02      6.723e-04
ENSG00000179195:1(@)Loc1253   chr12_123990609_A_G_b38   8.655e-03 1.763e-02    1.763e-02      1.526e-04
ENSG00000179195:1(@)Loc1253   chr12_123997143_A_G_b38   8.655e-03 1.405e-02    1.404e-02      1.216e-04
ENSG00000187676:1(@)Loc1269   chr13_31249102_A_G_b38   8.765e-01 2.832e-03    2.831e-03      2.482e-03
ENSG00000120688:1(@)Loc1276   chr13_41061165_C_G_b38   4.178e-01 3.057e-04    3.057e-04      1.277e-04
ENSG00000023516:1(@)Loc1276   chr13_42274717_G_A_b38   1.778e-01 8.304e-04    8.302e-04      1.476e-04
ENSG00000023516:1(@)Loc1276   chr13_42276713_T_C_b38   2.520e-01 9.039e-04    9.037e-04      2.277e-04
ENSG00000100577:3(@)Loc1358   chr14_77296529_C_T_b38   4.182e-01 4.646e-04    4.645e-04      1.942e-04
ENSG00000100577:1(@)Loc1358   chr14_77326481_G_C_b38   2.362e-01 7.613e-04    7.611e-04      1.798e-04
ENSG00000140105:3(@)Loc1374   chr14_100378031_C_T_b38   1.324e-03 1.096e-01    1.096e-01      1.452e-04
ENSG00000259211:1(@)Loc1392   chr15_40464836_A_C_b38   2.506e-01 4.986e-04    4.985e-04      1.249e-04
ENSG00000092445:2(@)Loc1393   chr15_41537032_A_G_b38   1.653e-02 8.223e-03    8.221e-03      1.359e-04
ENSG00000103245:1(@)Loc1429   chr16_733004_T_C_b38   9.147e-01 2.296e-04    2.296e-04      2.100e-04
ENSG00000267795:1(@)Loc1432   chr16_4786154_G_GT_b38   4.114e-01 4.344e-04    4.343e-04      1.787e-04
ENSG00000267795:1(@)Loc1432   chr16_4788494_A_G_b38   3.887e-01 2.873e-04    2.872e-04      1.117e-04
ENSG00000067836:1(@)Loc1432   chr16_4803091_T_C_b38   1.804e-01 6.934e-04    6.933e-04      1.251e-04
ENSG00000175643:2(@)Loc1439   chr16_11250085_C_G_b38   1.648e-01 6.168e-04    6.167e-04      1.016e-04
ENSG00000183426:2(@)Loc1443   chr16_15034559_A_G_b38   1.000e+00 4.974e-04    4.973e-04      4.973e-04
ENSG00000183793:1(@)Loc1443   chr16_15036083_C_T_b38   9.999e-01 1.439e-02    1.439e-02      1.439e-02
ENSG00000157045:1(@)Loc1443   chr16_15054789_C_A_b38   1.169e-01 3.298e-03    3.298e-03      3.854e-04
ENSG00000157045:1(@)Loc1443   chr16_15056648_C_A_b38   2.676e-01 3.587e-03    3.586e-03      9.599e-04
ENSG00000103550:1(@)Loc1446   chr16_19708624_C_A_b38   2.147e-01 2.459e-03    2.458e-03      5.278e-04
ENSG00000103550:1(@)Loc1446   chr16_19711044_T_C_b38   2.147e-01 3.065e-03    3.064e-03      6.580e-04
ENSG00000103550:2(@)Loc1446   chr16_19717694_G_C_b38   1.603e-01 1.923e-03    1.922e-03      3.082e-04
ENSG00000251417:1(@)Loc1451   chr16_28806466_A_G_b38   4.150e-01 8.954e-04    8.952e-04      3.715e-04
ENSG00000261766:1(@)Loc1451   chr16_28862077_G_A_b38   2.373e-01 8.728e-04    8.727e-04      2.071e-04
ENSG00000240634:2(@)Loc1451   chr16_28814728_C_T_b38   4.827e-02 2.468e-03    2.467e-03      1.191e-04
ENSG00000178952:1(@)Loc1451   chr16_28846324_A_G_b38   9.819e-01 7.271e-04    7.269e-04      7.138e-04
ENSG00000087237:2(@)Loc1458   chr16_56960332_T_TA_b38   2.382e-03 1.000e+00    1.000e+00      2.382e-03
ENSG00000038358:2(@)Loc1464   chr16_67863584_C_T_b38   1.552e-03 2.429e-01    2.429e-01      3.768e-04
ENSG00000038358:2(@)Loc1464   chr16_67894139_G_A_b38   7.183e-04 5.163e-01    5.163e-01      3.709e-04
ENSG00000102898:2(@)Loc1464   chr16_67845497_G_A_b38   3.399e-03 2.174e-01    2.174e-01      7.389e-04
ENSG00000102898:2(@)Loc1464   chr16_67863584_C_T_b38   8.172e-04 2.429e-01    2.429e-01      1.985e-04
ENSG00000102898:2(@)Loc1464   chr16_67894139_G_A_b38   4.292e-04 5.163e-01    5.163e-01      2.216e-04
ENSG00000187688:1(@)Loc1496   chr17_16415618_T_C_b38   8.493e-01 1.318e-04    1.317e-04      1.119e-04
ENSG00000005156:1(@)Loc1503   chr17_34980567_G_A_b38   9.281e-01 7.158e-04    7.156e-04      6.641e-04
ENSG00000141744:1(@)Loc1505   chr17_39653965_C_G_b38   2.172e-02 1.401e-02    1.401e-02      3.042e-04
ENSG00000141744:1(@)Loc1505   chr17_39657827_G_A_b38   4.363e-02 1.529e-01    1.529e-01      6.671e-03
ENSG00000141744:1(@)Loc1505   chr17_39665182_G_T_b38   1.219e-01 3.231e-01    3.231e-01      3.939e-02
ENSG00000141744:1(@)Loc1505   chr17_39666058_A_C_b38   9.557e-03 1.284e-02    1.283e-02      1.227e-04
ENSG00000173991:2(@)Loc1505   chr17_39665182_G_T_b38   2.261e-03 3.231e-01    3.231e-01      7.305e-04
ENSG00000108774:1(@)Loc1507   chr17_42138534_T_C_b38   2.598e-02 4.181e-03    4.180e-03      1.086e-04
ENSG00000131470:1(@)Loc1507   chr17_42615670_C_T_b38   1.487e-03 1.306e-01    1.306e-01      1.941e-04
ENSG00000037042:1(@)Loc1507   chr17_42615670_C_T_b38   1.510e-03 1.306e-01    1.306e-01      1.972e-04
ENSG00000037042:1(@)Loc1507   chr17_42659763_C_T_b38   1.341e-01 8.255e-04    8.254e-04      1.107e-04
ENSG00000108433:1(@)Loc1509   chr17_46918168_C_T_b38   9.890e-02 1.209e-03    1.209e-03      1.196e-04
ENSG00000108433:1(@)Loc1509   chr17_46918734_A_G_b38   3.288e-01 1.401e-03    1.401e-03      4.606e-04
ENSG00000108433:1(@)Loc1509   chr17_46933355_G_A_b38   1.085e-02 2.615e-01    2.614e-01      2.835e-03
ENSG00000005243:1(@)Loc1510   chr17_48037714_C_T_b38   2.559e-01 3.423e-03    3.423e-03      8.760e-04
ENSG00000005243:1(@)Loc1510   chr17_48038166_T_C_b38   2.559e-01 3.423e-03    3.423e-03      8.760e-04
ENSG00000005243:1(@)Loc1510   chr17_48040059_T_C_b38   3.738e-02 3.423e-03    3.423e-03      1.279e-04
ENSG00000005243:1(@)Loc1510   chr17_48040119_T_C_b38   1.108e-01 3.388e-03    3.387e-03      3.752e-04
ENSG00000005243:1(@)Loc1510   chr17_48040378_T_C_b38   3.738e-02 3.423e-03    3.423e-03      1.279e-04
ENSG00000263412:1(@)Loc1510   chr17_48048903_C_G_b38   3.538e-01 1.424e-03    1.424e-03      5.038e-04
ENSG00000263412:1(@)Loc1510   chr17_48049327_G_T_b38   1.990e-01 6.368e-04    6.366e-04      1.267e-04
ENSG00000263412:1(@)Loc1510   chr17_48072318_G_A_b38   4.002e-02 3.551e-02    3.550e-02      1.421e-03
ENSG00000141569:1(@)Loc1524   chr17_75857839_A_AGCGCCTGTAATCCGC_b38   8.714e-01 2.617e-04    2.617e-04      2.280e-04
ENSG00000087157:2(@)Loc1526   chr17_78392121_A_G_b38   9.720e-04 7.337e-01    7.337e-01      7.131e-04
ENSG00000089847:2(@)Loc1581   chr19_4185617_C_T_b38   8.970e-03 2.106e-02    2.105e-02      1.888e-04
ENSG00000167772:1(@)Loc1585   chr19_8366697_G_A_b38   5.480e-03 6.668e-01    6.667e-01      3.654e-03
ENSG00000130518:1(@)Loc1591   chr19_18274140_T_G_b38   4.570e-01 2.389e-04    2.389e-04      1.091e-04
ENSG00000267282:1(@)Loc1608   chr19_44892362_A_G_b38   2.438e-03 9.999e-01    9.999e-01      2.438e-03
ENSG00000101460:3(@)Loc1637   chr20_34587662_C_T_b38   3.056e-03 8.951e-02    8.949e-02      2.735e-04
ENSG00000198646:1(@)Loc1637   chr20_34821547_G_A_b38   1.034e-02 4.916e-02    4.915e-02      5.082e-04
ENSG00000100979:1(@)Loc1644   chr20_45925376_T_C_b38   2.635e-02 4.136e-01    4.136e-01      1.090e-02
ENSG00000100979:1(@)Loc1644   chr20_45956781_A_G_b38   1.110e-02 4.258e-01    4.258e-01      4.727e-03
ENSG00000100979:1(@)Loc1644   chr20_45961659_C_G_b38   1.110e-02 1.564e-01    1.564e-01      1.736e-03
ENSG00000235888:1(@)Loc1672   chr21_39002096_A_G_b38   6.566e-01 2.457e-04    2.456e-04      1.613e-04
ENSG00000273027:1(@)Loc1677   chr21_44891349_A_G_b38   6.345e-01 2.126e-02    2.126e-02      1.349e-02
ENSG00000273342:1(@)Loc1682   chr22_21574627_T_G_b38   8.673e-04 3.100e-01    3.100e-01      2.688e-04
ENSG00000161180:1(@)Loc1682   chr22_21577779_C_T_b38   4.523e-03 6.363e-01    6.363e-01      2.878e-03
ENSG00000161180:1(@)Loc1682   chr22_21585900_T_G_b38   1.398e-02 5.366e-02    5.366e-02      7.501e-04
ENSG00000133433:2(@)Loc1684   chr22_23970896_G_A_b38   5.159e-01 4.954e-04    4.953e-04      2.555e-04
ENSG00000250470:2(@)Loc1684   chr22_23970896_G_A_b38   8.817e-01 4.954e-04    4.953e-04      4.367e-04
ENSG00000100077:1(@)Loc1685   chr22_25476625_A_C_b38   4.392e-01 3.880e-04    3.879e-04      1.703e-04
ENSG00000185022:1(@)Loc1693   chr22_38199404_G_A_b38   1.831e-02 6.993e-02    6.991e-02      1.280e-03
ENSG00000185022:1(@)Loc1693   chr22_38202227_A_G_b38   3.193e-01 5.439e-04    5.438e-04      1.736e-04
