Signal	SNP	PIP_qtl	PIP_gwas_marginal	PIP_gwas_qtl_prior	SCP
ENSG00000158825:1(@)Loc14   chr1_20572021_C_A_b38   4.578e-01 2.398e-04    2.397e-04      1.097e-04
ENSG00000249087:1(@)Loc16   chr1_23382426_C_A_b38   4.780e-01 2.319e-04    2.319e-04      1.108e-04
ENSG00000117713:1(@)Loc18   chr1_26686642_G_A_b38   9.111e-03 2.829e-02    2.829e-02      2.577e-04
ENSG00000117713:1(@)Loc18   chr1_26712737_C_T_b38   1.290e-02 3.114e-01    3.113e-01      4.017e-03
ENSG00000260063:1(@)Loc18   chr1_26712737_C_T_b38   7.522e-03 3.114e-01    3.113e-01      2.342e-03
ENSG00000060642:1(@)Loc18   chr1_26811902_C_T_b38   1.386e-02 4.286e-01    4.286e-01      5.940e-03
ENSG00000253368:1(@)Loc18   chr1_26958704_C_T_b38   2.051e-03 2.179e-01    2.179e-01      4.469e-04
ENSG00000175707:2(@)Loc18   chr1_26958704_C_T_b38   2.147e-03 2.179e-01    2.179e-01      4.679e-04
ENSG00000090621:1(@)Loc24   chr1_39562508_A_G_b38   9.753e-03 5.718e-01    5.718e-01      5.577e-03
ENSG00000090621:1(@)Loc24   chr1_39570014_C_T_b38   1.570e-02 2.012e-01    2.012e-01      3.160e-03
ENSG00000090621:1(@)Loc24   chr1_39599289_G_A_b38   2.438e-02 6.734e-02    6.733e-02      1.642e-03
ENSG00000228060:1(@)Loc24   chr1_39562508_A_G_b38   2.948e-03 5.718e-01    5.718e-01      1.686e-03
ENSG00000228060:1(@)Loc24   chr1_39570014_C_T_b38   4.437e-02 2.012e-01    2.012e-01      8.928e-03
ENSG00000228060:1(@)Loc24   chr1_39599289_G_A_b38   1.676e-03 6.734e-02    6.733e-02      1.129e-04
ENSG00000116641:1(@)Loc39   chr1_62652525_A_C_b38   2.079e-02 4.889e-03    4.889e-03      1.016e-04
ENSG00000116641:1(@)Loc39   chr1_62679768_G_A_b38   5.324e-02 4.464e-03    4.463e-03      2.376e-04
ENSG00000116641:1(@)Loc39   chr1_62687528_TCAGAA_T_b38   2.952e-01 8.012e-04    8.011e-04      2.365e-04
ENSG00000117500:1(@)Loc57   chr1_93150645_T_C_b38   5.713e-02 7.892e-02    7.891e-02      4.508e-03
ENSG00000117500:1(@)Loc57   chr1_93154836_G_A_b38   4.472e-02 1.191e-02    1.190e-02      5.323e-04
ENSG00000117500:1(@)Loc57   chr1_93185990_T_C_b38   2.793e-02 1.284e-01    1.284e-01      3.586e-03
ENSG00000117500:1(@)Loc57   chr1_93210454_C_T_b38   1.090e-02 9.999e-02    9.998e-02      1.090e-03
ENSG00000122483:2(@)Loc57   chr1_93185990_T_C_b38   2.713e-02 1.284e-01    1.284e-01      3.484e-03
ENSG00000122483:2(@)Loc57   chr1_93210454_C_T_b38   4.475e-03 9.999e-02    9.998e-02      4.474e-04
ENSG00000229635:1(@)Loc57   chr1_93350843_A_G_b38   8.935e-04 6.504e-01    6.504e-01      5.811e-04
ENSG00000224081:1(@)Loc58   chr1_94847083_A_G_b38   9.976e-01 7.643e-04    7.642e-04      7.623e-04
ENSG00000143575:1(@)Loc76   chr1_154270621_G_A_b38   1.118e-01 4.853e-03    4.853e-03      5.426e-04
ENSG00000143575:1(@)Loc76   chr1_154272666_T_G_b38   5.927e-01 1.539e-02    1.539e-02      9.122e-03
ENSG00000143575:1(@)Loc76   chr1_154279150_A_G_b38   5.357e-02 4.853e-03    4.853e-03      2.600e-04
ENSG00000143575:1(@)Loc76   chr1_154281841_G_A_b38   5.357e-02 4.541e-03    4.541e-03      2.433e-04
ENSG00000143575:1(@)Loc76   chr1_154284712_A_T_b38   2.382e-02 4.853e-03    4.853e-03      1.156e-04
ENSG00000143575:1(@)Loc76   chr1_154285242_T_C_b38   2.382e-02 4.853e-03    4.853e-03      1.156e-04
ENSG00000143575:1(@)Loc76   chr1_154286388_C_T_b38   2.281e-02 4.853e-03    4.853e-03      1.107e-04
ENSG00000143575:1(@)Loc76   chr1_154287885_C_G_b38   2.382e-02 4.853e-03    4.853e-03      1.156e-04
ENSG00000272405:1(@)Loc78   chr1_156730859_T_G_b38   1.050e-02 9.208e-01    9.208e-01      9.667e-03
ENSG00000143319:2(@)Loc78   chr1_156730859_T_G_b38   3.843e-03 9.208e-01    9.208e-01      3.539e-03
ENSG00000143314:2(@)Loc78   chr1_156730859_T_G_b38   9.967e-04 9.208e-01    9.208e-01      9.177e-04
ENSG00000143303:1(@)Loc78   chr1_156730859_T_G_b38   4.041e-02 9.208e-01    9.208e-01      3.721e-02
ENSG00000069275:1(@)Loc105   chr1_205710759_G_T_b38   4.319e-03 9.145e-02    9.144e-02      3.949e-04
ENSG00000069275:1(@)Loc105   chr1_205749730_A_T_b38   4.021e-01 4.086e-04    4.085e-04      1.643e-04
ENSG00000069275:1(@)Loc105   chr1_205750404_G_A_b38   4.129e-02 4.006e-02    4.006e-02      1.654e-03
ENSG00000117280:2(@)Loc105   chr1_205753830_C_T_b38   4.007e-01 2.532e-04    2.532e-04      1.014e-04
ENSG00000274895:1(@)Loc109   chr1_213985913_T_C_b38   3.784e-01 4.428e-04    4.427e-04      1.675e-04
ENSG00000143353:1(@)Loc112   chr1_219172269_T_G_b38   1.603e-01 1.308e-03    1.308e-03      2.097e-04
ENSG00000035115:1(@)Loc133   chr2_242793_G_C_b38   9.996e-01 2.459e-04    2.459e-04      2.458e-04
ENSG00000231043:1(@)Loc171   chr2_58461772_G_A_b38   2.258e-01 1.045e-03    1.045e-03      2.360e-04
ENSG00000232613:3(@)Loc174   chr2_65033210_A_G_b38   1.164e-01 1.047e-03    1.046e-03      1.218e-04
ENSG00000011523:1(@)Loc174   chr2_65056838_T_C_b38   8.862e-01 1.364e-03    1.364e-03      1.209e-03
ENSG00000042445:2(@)Loc186   chr2_85326957_G_A_b38   4.171e-02 1.176e-02    1.176e-02      4.904e-04
ENSG00000246575:3(@)Loc186   chr2_85310189_G_A_b38   8.219e-03 2.737e-02    2.736e-02      2.249e-04
ENSG00000246575:3(@)Loc186   chr2_85311872_G_A_b38   4.622e-02 3.275e-02    3.275e-02      1.514e-03
ENSG00000246575:3(@)Loc186   chr2_85312047_A_C_b38   4.622e-02 3.275e-02    3.275e-02      1.514e-03
ENSG00000246575:3(@)Loc186   chr2_85312450_T_A_b38   4.622e-02 3.001e-02    3.001e-02      1.387e-03
ENSG00000246575:3(@)Loc186   chr2_85313523_ACT_A_b38   6.684e-02 3.483e-02    3.483e-02      2.328e-03
ENSG00000246575:3(@)Loc186   chr2_85313643_C_T_b38   5.354e-02 4.651e-02    4.651e-02      2.490e-03
ENSG00000246575:3(@)Loc186   chr2_85313657_T_G_b38   5.354e-02 4.385e-02    4.385e-02      2.347e-03
ENSG00000246575:3(@)Loc186   chr2_85313960_T_C_b38   5.354e-02 4.192e-02    4.192e-02      2.244e-03
ENSG00000246575:3(@)Loc186   chr2_85318929_A_G_b38   1.084e-02 1.720e-02    1.720e-02      1.865e-04
ENSG00000246575:3(@)Loc186   chr2_85322404_T_C_b38   8.028e-03 2.996e-02    2.996e-02      2.405e-04
ENSG00000246575:3(@)Loc186   chr2_85322424_C_T_b38   8.028e-03 3.633e-02    3.632e-02      2.916e-04
ENSG00000246575:3(@)Loc186   chr2_85324573_T_G_b38   1.205e-02 3.532e-02    3.532e-02      4.256e-04
ENSG00000246575:3(@)Loc186   chr2_85324656_G_A_b38   1.205e-02 3.725e-02    3.725e-02      4.488e-04
ENSG00000246575:3(@)Loc186   chr2_85325697_C_T_b38   5.388e-03 3.080e-02    3.080e-02      1.659e-04
ENSG00000152291:2(@)Loc186   chr2_85328139_T_G_b38   1.383e-01 7.777e-03    7.776e-03      1.075e-03
ENSG00000152291:2(@)Loc186   chr2_85328355_C_T_b38   4.961e-03 4.705e-02    4.705e-02      2.334e-04
ENSG00000246575:1(@)Loc186   chr2_85315563_G_C_b38   1.112e-01 4.184e-02    4.183e-02      4.652e-03
ENSG00000246575:1(@)Loc186   chr2_85315595_G_A_b38   1.112e-01 1.667e-02    1.667e-02      1.854e-03
ENSG00000246575:1(@)Loc186   chr2_85319069_C_T_b38   2.046e-01 6.518e-04    6.517e-04      1.334e-04
ENSG00000246575:1(@)Loc186   chr2_85319492_C_T_b38   2.046e-01 1.317e-02    1.317e-02      2.695e-03
ENSG00000246575:1(@)Loc186   chr2_85319809_A_C_b38   2.046e-01 2.786e-02    2.786e-02      5.702e-03
ENSG00000246575:1(@)Loc186   chr2_85320945_TA_T_b38   1.503e-01 1.627e-02    1.626e-02      2.444e-03
ENSG00000042445:1(@)Loc186   chr2_85332402_A_C_b38   8.094e-02 3.444e-03    3.443e-03      2.787e-04
ENSG00000042445:1(@)Loc186   chr2_85333536_C_G_b38   5.287e-01 3.829e-04    3.828e-04      2.024e-04
ENSG00000076003:1(@)Loc212   chr2_135864476_T_C_b38   4.398e-01 2.805e-04    2.805e-04      1.234e-04
ENSG00000138439:1(@)Loc252   chr2_202633063_A_C_b38   4.334e-02 3.754e-03    3.754e-03      1.627e-04
ENSG00000115677:1(@)Loc276   chr2_241317397_G_C_b38   4.240e-01 4.124e-04    4.124e-04      1.748e-04
ENSG00000160796:1(@)Loc309   chr3_47019693_G_A_b38   5.014e-02 9.720e-01    9.720e-01      4.874e-02
ENSG00000236409:2(@)Loc309   chr3_47019693_G_A_b38   6.768e-03 9.720e-01    9.720e-01      6.579e-03
ENSG00000004534:1(@)Loc311   chr3_50075601_A_G_b38   2.223e-03 3.265e-01    3.265e-01      7.257e-04
ENSG00000281691:1(@)Loc311   chr3_50075601_A_G_b38   1.562e-02 3.265e-01    3.265e-01      5.099e-03
ENSG00000281691:1(@)Loc311   chr3_50091966_C_T_b38   6.509e-03 4.002e-01    4.002e-01      2.605e-03
ENSG00000144852:2(@)Loc350   chr3_119823450_A_G_b38   3.737e-03 2.965e-01    2.965e-01      1.108e-03
ENSG00000144852:2(@)Loc350   chr3_119841759_T_C_b38   2.948e-03 5.333e-01    5.333e-01      1.572e-03
ENSG00000273454:1(@)Loc352   chr3_123359232_G_A_b38   2.349e-03 8.557e-02    8.556e-02      2.010e-04
ENSG00000273454:1(@)Loc352   chr3_123363569_A_G_b38   2.349e-03 4.925e-02    4.925e-02      1.157e-04
ENSG00000273454:1(@)Loc352   chr3_123365532_G_A_b38   2.487e-02 1.531e-02    1.531e-02      3.807e-04
ENSG00000114054:2(@)Loc360   chr3_136213517_C_T_b38   1.106e-03 3.692e-01    3.692e-01      4.084e-04
ENSG00000244405:2(@)Loc390   chr3_186096853_G_A_b38   5.953e-02 6.144e-03    6.143e-03      3.657e-04
ENSG00000244405:2(@)Loc390   chr3_186101093_A_G_b38   4.726e-02 9.453e-03    9.452e-03      4.467e-04
ENSG00000244405:2(@)Loc390   chr3_186106215_T_C_b38   7.678e-02 5.793e-03    5.792e-03      4.447e-04
ENSG00000185112:1(@)Loc395   chr3_194773244_A_G_b38   1.521e-01 1.087e-03    1.087e-03      1.654e-04
ENSG00000246090:3(@)Loc464   chr4_99093654_A_G_b38   3.240e-01 8.099e-01    8.099e-01      2.624e-01
ENSG00000145384:1(@)Loc475   chr4_119303478_GC_G_b38   6.133e-01 5.087e-04    5.087e-04      3.120e-04
ENSG00000145384:1(@)Loc475   chr4_119308604_G_C_b38   2.401e-01 5.221e-04    5.220e-04      1.254e-04
ENSG00000226221:1(@)Loc553   chr5_56500492_C_T_b38   4.438e-03 6.391e-02    6.390e-02      2.836e-04
ENSG00000226221:1(@)Loc553   chr5_56507706_G_A_b38   4.259e-03 3.399e-02    3.399e-02      1.448e-04
ENSG00000226221:1(@)Loc553   chr5_56510924_A_G_b38   2.989e-03 1.769e-01    1.769e-01      5.287e-04
ENSG00000145743:1(@)Loc584   chr5_108387304_G_A_b38   1.587e-01 1.031e-03    1.031e-03      1.636e-04
ENSG00000197043:2(@)Loc608   chr5_151148538_G_A_b38   2.407e-01 4.738e-04    4.737e-04      1.140e-04
ENSG00000112308:1(@)Loc648   chr6_24708400_G_C_b38   3.773e-01 3.520e-04    3.519e-04      1.328e-04
ENSG00000112308:1(@)Loc648   chr6_24719750_G_A_b38   4.507e-01 1.278e-03    1.278e-03      5.759e-04
ENSG00000124564:2(@)Loc650   chr6_25874195_G_A_b38   2.184e-02 1.819e-02    1.819e-02      3.973e-04
ENSG00000272462:2(@)Loc650   chr6_25993241_A_G_b38   1.837e-02 2.061e-02    2.061e-02      3.785e-04
ENSG00000137338:1(@)Loc652   chr6_28283207_G_A_b38   2.558e-01 7.337e-04    7.336e-04      1.877e-04
ENSG00000137312:1(@)Loc654   chr6_30651129_A_G_b38   2.236e-03 9.064e-02    9.062e-02      2.026e-04
ENSG00000137312:1(@)Loc654   chr6_30740918_C_T_b38   2.008e-01 7.593e-04    7.591e-04      1.525e-04
ENSG00000137312:1(@)Loc654   chr6_30741178_C_T_b38   2.062e-01 4.166e-03    4.165e-03      8.590e-04
ENSG00000137312:1(@)Loc654   chr6_30741580_G_A_b38   2.008e-01 7.593e-04    7.591e-04      1.525e-04
ENSG00000204580:3(@)Loc654   chr6_30828768_T_C_b38   2.934e-03 1.339e-01    1.339e-01      3.928e-04
ENSG00000204520:3(@)Loc655   chr6_31420437_G_A_b38   5.074e-02 1.182e-02    1.182e-02      5.997e-04
ENSG00000213719:1(@)Loc656   chr6_31651799_A_G_b38   8.651e-02 4.271e-03    4.270e-03      3.694e-04
ENSG00000204290:3(@)Loc656   chr6_32412431_A_G_b38   1.306e-03 1.104e-01    1.103e-01      1.441e-04
ENSG00000204290:3(@)Loc656   chr6_32415446_T_C_b38   1.725e-02 1.697e-02    1.697e-02      2.927e-04
ENSG00000204267:3(@)Loc657   chr6_32815309_A_G_b38   7.476e-01 6.108e-03    6.106e-03      4.565e-03
ENSG00000241106:2(@)Loc657   chr6_32815560_T_A_b38   2.918e-01 3.523e-04    3.522e-04      1.028e-04
ENSG00000241106:2(@)Loc657   chr6_32816119_G_A_b38   6.316e-01 2.899e-04    2.898e-04      1.830e-04
ENSG00000196821:1(@)Loc658   chr6_34651116_G_A_b38   4.516e-03 4.723e-02    4.722e-02      2.132e-04
ENSG00000196821:1(@)Loc658   chr6_34671070_G_A_b38   4.516e-03 5.006e-02    5.005e-02      2.260e-04
ENSG00000196821:1(@)Loc658   chr6_34695821_C_T_b38   5.841e-02 6.603e-02    6.602e-02      3.857e-03
ENSG00000272288:1(@)Loc658   chr6_34695821_C_T_b38   1.276e-02 6.603e-02    6.602e-02      8.426e-04
ENSG00000231113:1(@)Loc663   chr6_42942193_G_C_b38   8.581e-01 9.488e-04    9.486e-04      8.140e-04
ENSG00000124713:1(@)Loc663   chr6_42959801_A_AGAGT_b38   2.615e-01 7.193e-04    7.192e-04      1.880e-04
ENSG00000124713:1(@)Loc663   chr6_42961020_T_G_b38   3.514e-01 7.990e-04    7.988e-04      2.807e-04
ENSG00000124587:2(@)Loc663   chr6_42961020_T_G_b38   1.364e-01 7.990e-04    7.988e-04      1.090e-04
ENSG00000124587:2(@)Loc663   chr6_42972935_A_G_b38   1.884e-01 7.752e-04    7.750e-04      1.460e-04
ENSG00000203799:1(@)Loc703   chr6_109252892_G_A_b38   3.021e-02 5.081e-01    5.081e-01      1.535e-02
ENSG00000203799:1(@)Loc703   chr6_109325637_T_C_b38   1.723e-01 2.056e-03    2.056e-03      3.542e-04
ENSG00000203799:1(@)Loc703   chr6_109327150_A_G_b38   1.764e-01 1.833e-03    1.833e-03      3.233e-04
ENSG00000111877:2(@)Loc709   chr6_118934326_C_T_b38   8.171e-02 1.593e-03    1.593e-03      1.302e-04
ENSG00000146374:2(@)Loc714   chr6_127114919_C_T_b38   2.006e-03 9.037e-02    9.036e-02      1.813e-04
ENSG00000146374:2(@)Loc714   chr6_127115168_A_G_b38   2.006e-03 7.749e-02    7.749e-02      1.555e-04
ENSG00000118518:1(@)Loc714   chr6_127206959_C_T_b38   4.573e-02 4.396e-03    4.395e-03      2.010e-04
ENSG00000118518:1(@)Loc714   chr6_127207868_G_C_b38   6.600e-01 1.754e-03    1.754e-03      1.157e-03
ENSG00000118520:1(@)Loc717   chr6_131576138_C_T_b38   9.338e-01 1.963e-04    1.962e-04      1.832e-04
ENSG00000112282:1(@)Loc717   chr6_131629093_T_G_b38   2.101e-01 8.793e-04    8.792e-04      1.847e-04
ENSG00000242611:2(@)Loc743   chr7_107239_G_C_b38   2.154e-01 4.894e-04    4.893e-04      1.054e-04
ENSG00000146540:1(@)Loc744   chr7_1044141_A_G_b38   8.375e-03 4.560e-01    4.560e-01      3.819e-03
ENSG00000164850:1(@)Loc744   chr7_1044141_A_G_b38   1.415e-03 4.560e-01    4.560e-01      6.451e-04
ENSG00000164849:3(@)Loc744   chr7_1044141_A_G_b38   7.839e-04 4.560e-01    4.560e-01      3.574e-04
ENSG00000229043:2(@)Loc744   chr7_1158100_C_T_b38   4.156e-01 6.408e-04    6.407e-04      2.663e-04
ENSG00000231704:2(@)Loc750   chr7_6409641_A_G_b38   3.566e-03 9.642e-01    9.642e-01      3.438e-03
ENSG00000136244:1(@)Loc762   chr7_22725837_G_T_b38   3.062e-01 3.952e-03    3.951e-03      1.210e-03
ENSG00000226816:1(@)Loc762   chr7_23206241_T_C_b38   5.256e-01 2.077e-04    2.077e-04      1.091e-04
ENSG00000050344:1(@)Loc765   chr7_26106443_C_G_b38   8.201e-02 1.825e-03    1.825e-03      1.497e-04
ENSG00000050344:1(@)Loc765   chr7_26115779_G_A_b38   3.441e-02 3.066e-03    3.066e-03      1.055e-04
ENSG00000273237:1(@)Loc765   chr7_26169116_G_A_b38   4.428e-01 4.122e-04    4.121e-04      1.825e-04
ENSG00000273237:1(@)Loc765   chr7_26169185_C_T_b38   4.428e-01 3.263e-04    3.263e-04      1.445e-04
ENSG00000122565:1(@)Loc765   chr7_26201599_T_A_b38   4.783e-01 3.555e-04    3.555e-04      1.700e-04
ENSG00000211690:1(@)Loc770   chr7_38270330_C_G_b38   1.779e-01 6.661e-04    6.660e-04      1.185e-04
ENSG00000211690:1(@)Loc770   chr7_38293126_A_G_b38   1.145e-01 2.033e-03    2.033e-03      2.327e-04
ENSG00000136273:1(@)Loc777   chr7_47979760_G_C_b38   3.018e-01 3.366e-04    3.365e-04      1.015e-04
ENSG00000106635:2(@)Loc789   chr7_73556901_C_T_b38   9.368e-03 1.846e-01    1.845e-01      1.729e-03
ENSG00000106635:2(@)Loc789   chr7_73568544_C_T_b38   9.991e-03 3.304e-01    3.303e-01      3.300e-03
ENSG00000106635:2(@)Loc789   chr7_73568980_A_T_b38   9.991e-03 1.744e-02    1.744e-02      1.743e-04
ENSG00000266265:2(@)Loc822   chr7_130744427_T_A_b38   5.678e-03 7.018e-02    7.018e-02      3.985e-04
ENSG00000266265:2(@)Loc822   chr7_130747779_A_T_b38   5.772e-03 6.091e-02    6.091e-02      3.516e-04
ENSG00000266265:2(@)Loc822   chr7_130748625_C_T_b38   5.772e-03 1.240e-01    1.240e-01      7.159e-04
ENSG00000266265:2(@)Loc822   chr7_130751700_C_T_b38   5.772e-03 2.818e-02    2.818e-02      1.627e-04
ENSG00000266265:2(@)Loc822   chr7_130752365_A_G_b38   5.772e-03 7.597e-02    7.597e-02      4.385e-04
ENSG00000266265:2(@)Loc822   chr7_130752930_G_A_b38   5.772e-03 2.197e-02    2.197e-02      1.268e-04
ENSG00000266265:2(@)Loc822   chr7_130753455_G_A_b38   5.772e-03 9.750e-02    9.750e-02      5.628e-04
ENSG00000266265:2(@)Loc822   chr7_130755103_G_C_b38   5.418e-03 4.918e-02    4.918e-02      2.664e-04
ENSG00000266265:2(@)Loc822   chr7_130760175_A_G_b38   2.231e-03 1.644e-01    1.644e-01      3.666e-04
ENSG00000266265:2(@)Loc822   chr7_130761118_A_C_b38   2.231e-03 1.880e-01    1.880e-01      4.194e-04
ENSG00000248896:1(@)Loc855   chr8_10762516_T_C_b38   1.942e-02 1.192e-02    1.192e-02      2.315e-04
ENSG00000248896:1(@)Loc855   chr8_10762594_C_T_b38   2.408e-02 1.266e-02    1.266e-02      3.048e-04
ENSG00000248896:1(@)Loc855   chr8_10770334_G_A_b38   8.396e-03 1.917e-02    1.917e-02      1.610e-04
ENSG00000248896:1(@)Loc855   chr8_10774609_T_C_b38   1.206e-01 9.181e-04    9.181e-04      1.107e-04
ENSG00000248896:1(@)Loc855   chr8_10784455_G_A_b38   4.128e-03 3.717e-01    3.717e-01      1.534e-03
ENSG00000248896:1(@)Loc855   chr8_10791576_C_A_b38   5.820e-03 5.244e-02    5.244e-02      3.052e-04
ENSG00000248896:1(@)Loc855   chr8_10797906_C_G_b38   2.617e-03 3.989e-02    3.989e-02      1.044e-04
ENSG00000248896:1(@)Loc855   chr8_10799896_C_G_b38   9.261e-03 2.152e-02    2.152e-02      1.993e-04
ENSG00000248896:1(@)Loc855   chr8_10801382_C_G_b38   9.261e-03 1.321e-02    1.321e-02      1.223e-04
ENSG00000248896:1(@)Loc855   chr8_10804727_T_C_b38   5.215e-03 2.101e-02    2.101e-02      1.096e-04
ENSG00000248896:1(@)Loc855   chr8_10811883_G_A_b38   2.087e-03 8.292e-02    8.292e-02      1.731e-04
ENSG00000104231:1(@)Loc899   chr8_81732207_G_A_b38   7.770e-01 2.170e-04    2.170e-04      1.686e-04
ENSG00000181638:1(@)Loc935   chr8_143203248_T_C_b38   3.493e-02 3.639e-01    3.639e-01      1.271e-02
ENSG00000181638:1(@)Loc935   chr8_143208057_A_G_b38   6.162e-02 2.967e-03    2.967e-03      1.828e-04
ENSG00000181638:1(@)Loc935   chr8_143208967_T_C_b38   3.314e-02 3.680e-03    3.680e-03      1.220e-04
ENSG00000181638:1(@)Loc935   chr8_143210070_C_T_b38   3.314e-02 3.354e-03    3.354e-03      1.112e-04
ENSG00000181638:1(@)Loc935   chr8_143217353_C_T_b38   3.760e-02 3.357e-03    3.357e-03      1.262e-04
ENSG00000181638:1(@)Loc935   chr8_143217369_T_C_b38   3.760e-02 3.357e-03    3.357e-03      1.262e-04
ENSG00000181638:1(@)Loc935   chr8_143220009_C_T_b38   7.577e-02 2.642e-03    2.642e-03      2.002e-04
ENSG00000181638:1(@)Loc935   chr8_143221248_G_A_b38   7.577e-02 5.694e-01    5.694e-01      4.314e-02
ENSG00000181638:1(@)Loc935   chr8_143221518_C_G_b38   7.577e-02 2.642e-03    2.642e-03      2.002e-04
ENSG00000277494:1(@)Loc935   chr8_143208057_A_G_b38   1.291e-01 2.967e-03    2.967e-03      3.830e-04
ENSG00000277494:1(@)Loc935   chr8_143212707_C_T_b38   1.173e-01 2.834e-03    2.834e-03      3.325e-04
ENSG00000277494:1(@)Loc935   chr8_143213907_G_T_b38   4.147e-02 2.834e-03    2.834e-03      1.175e-04
ENSG00000277494:1(@)Loc935   chr8_143217353_C_T_b38   5.540e-02 3.357e-03    3.357e-03      1.860e-04
ENSG00000277494:1(@)Loc935   chr8_143217369_T_C_b38   5.540e-02 3.357e-03    3.357e-03      1.860e-04
ENSG00000277494:1(@)Loc935   chr8_143220830_T_C_b38   1.647e-01 1.999e-03    1.998e-03      3.291e-04
ENSG00000277494:1(@)Loc935   chr8_143221248_G_A_b38   3.100e-03 5.694e-01    5.693e-01      1.765e-03
ENSG00000148057:1(@)Loc976   chr9_83623171_T_C_b38   2.296e-01 1.225e-03    1.225e-03      2.811e-04
ENSG00000148057:1(@)Loc976   chr9_83629018_G_T_b38   2.343e-01 1.096e-03    1.096e-03      2.569e-04
ENSG00000165113:1(@)Loc976   chr9_83827161_C_T_b38   9.834e-02 1.091e-03    1.091e-03      1.073e-04
ENSG00000136783:3(@)Loc987   chr9_104800523_T_C_b38   3.657e-03 8.374e-01    8.373e-01      3.063e-03
ENSG00000136783:3(@)Loc987   chr9_104802565_T_C_b38   2.436e-03 1.318e-01    1.318e-01      3.210e-04
ENSG00000227531:1(@)Loc991   chr9_111284977_T_G_b38   9.293e-01 3.413e-03    3.412e-03      3.171e-03
ENSG00000235119:1(@)Loc994   chr9_114398775_C_T_b38   2.952e-02 3.410e-03    3.410e-03      1.007e-04
ENSG00000204054:1(@)Loc1002   chr9_129482900_A_ACACGGCCTCGGGGC_b38   6.382e-01 1.852e-04    1.852e-04      1.182e-04
ENSG00000175164:2(@)Loc1005   chr9_133257521_T_TC_b38   9.345e-01 4.720e-04    4.719e-04      4.410e-04
ENSG00000270427:2(@)Loc1015   chr10_5757650_A_G_b38   6.100e-04 2.698e-01    2.698e-01      1.646e-04
ENSG00000057608:2(@)Loc1015   chr10_5803098_A_G_b38   2.291e-01 7.637e-04    7.635e-04      1.750e-04
ENSG00000057608:2(@)Loc1015   chr10_5807954_C_G_b38   1.926e-01 5.238e-04    5.237e-04      1.008e-04
ENSG00000229124:1(@)Loc1023   chr10_17229401_G_C_b38   8.348e-01 4.280e-04    4.279e-04      3.572e-04
ENSG00000254635:2(@)Loc1029   chr10_28532160_G_A_b38   3.988e-01 2.707e-04    2.706e-04      1.079e-04
ENSG00000165476:1(@)Loc1051   chr10_63504366_T_C_b38   3.566e-03 1.558e-01    1.558e-01      5.554e-04
ENSG00000165476:1(@)Loc1051   chr10_63517266_G_A_b38   1.128e-02 4.301e-02    4.300e-02      4.852e-04
ENSG00000165476:1(@)Loc1051   chr10_63541965_T_C_b38   1.402e-02 6.765e-02    6.765e-02      9.486e-04
ENSG00000165476:1(@)Loc1051   chr10_63548990_A_T_b38   1.018e-02 3.003e-02    3.003e-02      3.056e-04
ENSG00000187553:1(@)Loc1068   chr10_93059296_C_T_b38   1.643e-03 4.869e-01    4.868e-01      7.999e-04
ENSG00000196072:2(@)Loc1073   chr10_100239989_G_A_b38   2.821e-02 3.583e-03    3.582e-03      1.010e-04
ENSG00000196072:2(@)Loc1073   chr10_100264501_C_T_b38   9.288e-02 2.455e-03    2.454e-03      2.279e-04
ENSG00000196072:2(@)Loc1073   chr10_100266802_G_C_b38   9.288e-02 2.455e-03    2.454e-03      2.279e-04
ENSG00000196072:2(@)Loc1073   chr10_100267650_C_T_b38   9.288e-02 2.860e-03    2.859e-03      2.655e-04
ENSG00000196072:2(@)Loc1073   chr10_100279430_T_G_b38   1.712e-01 2.259e-03    2.259e-03      3.868e-04
ENSG00000095485:1(@)Loc1073   chr10_100268710_T_C_b38   2.518e-01 7.324e-04    7.323e-04      1.844e-04
ENSG00000095485:1(@)Loc1073   chr10_100277227_T_C_b38   2.690e-01 5.026e-04    5.025e-04      1.352e-04
ENSG00000043591:2(@)Loc1080   chr10_114029616_C_T_b38   2.308e-03 3.697e-01    3.697e-01      8.534e-04
ENSG00000043591:2(@)Loc1080   chr10_114033028_G_A_b38   2.308e-03 3.497e-01    3.497e-01      8.072e-04
ENSG00000043591:2(@)Loc1080   chr10_114045297_G_C_b38   6.232e-03 2.506e-02    2.506e-02      1.562e-04
ENSG00000165832:1(@)Loc1081   chr10_114939486_TA_T_b38   1.369e-01 1.542e-03    1.542e-03      2.111e-04
ENSG00000165832:1(@)Loc1081   chr10_114940677_C_T_b38   1.368e-01 9.855e-04    9.853e-04      1.348e-04
ENSG00000165832:1(@)Loc1081   chr10_114955200_C_T_b38   1.020e-01 1.177e-03    1.177e-03      1.200e-04
ENSG00000165832:1(@)Loc1081   chr10_114959784_G_A_b38   2.568e-01 6.607e-04    6.606e-04      1.696e-04
ENSG00000187164:1(@)Loc1081   chr10_116952944_T_C_b38   3.016e-01 3.590e-04    3.590e-04      1.083e-04
ENSG00000236710:2(@)Loc1096   chr11_3015094_C_T_b38   1.375e-02 7.424e-03    7.423e-03      1.021e-04
ENSG00000180210:2(@)Loc1122   chr11_46721697_T_C_b38   1.246e-03 9.478e-01    9.478e-01      1.181e-03
ENSG00000256897:1(@)Loc1123   chr11_47273075_T_C_b38   1.392e-03 3.149e-01    3.149e-01      4.382e-04
ENSG00000168496:2(@)Loc1128   chr11_61783884_T_C_b38   8.340e-04 1.979e-01    1.979e-01      1.650e-04
ENSG00000168496:2(@)Loc1128   chr11_61790331_T_C_b38   1.414e-03 2.742e-01    2.742e-01      3.878e-04
ENSG00000168496:2(@)Loc1128   chr11_61802358_C_T_b38   8.899e-04 2.144e-01    2.144e-01      1.908e-04
ENSG00000134825:1(@)Loc1128   chr11_61783884_T_C_b38   1.969e-02 1.979e-01    1.978e-01      3.895e-03
ENSG00000134825:1(@)Loc1128   chr11_61785208_G_T_b38   1.873e-02 4.541e-02    4.540e-02      8.504e-04
ENSG00000134825:1(@)Loc1128   chr11_61802358_C_T_b38   2.187e-02 2.144e-01    2.144e-01      4.690e-03
ENSG00000134825:1(@)Loc1128   chr11_61803311_T_C_b38   9.780e-03 4.778e-02    4.777e-02      4.672e-04
ENSG00000134825:1(@)Loc1128   chr11_61804006_T_C_b38   9.780e-03 1.348e-01    1.347e-01      1.318e-03
ENSG00000134824:2(@)Loc1128   chr11_61802358_C_T_b38   6.214e-04 2.144e-01    2.144e-01      1.332e-04
ENSG00000213445:1(@)Loc1130   chr11_65623846_G_A_b38   1.608e-02 7.961e-01    7.960e-01      1.280e-02
ENSG00000213445:1(@)Loc1130   chr11_65638129_G_T_b38   2.162e-01 1.371e-02    1.371e-02      2.965e-03
ENSG00000255120:1(@)Loc1130   chr11_65793997_C_T_b38   4.950e-01 6.454e-04    6.453e-04      3.194e-04
ENSG00000172803:1(@)Loc1130   chr11_65834089_G_C_b38   9.251e-01 1.930e-04    1.930e-04      1.785e-04
ENSG00000172543:1(@)Loc1130   chr11_65879789_A_G_b38   4.667e-01 6.625e-04    6.624e-04      3.092e-04
ENSG00000250508:2(@)Loc1132   chr11_68870340_G_A_b38   9.888e-02 1.325e-03    1.325e-03      1.310e-04
ENSG00000250508:2(@)Loc1132   chr11_68870590_G_T_b38   9.888e-02 1.325e-03    1.325e-03      1.310e-04
ENSG00000197345:1(@)Loc1132   chr11_68899730_A_C_b38   1.169e-01 6.787e-02    6.786e-02      7.932e-03
ENSG00000197345:1(@)Loc1132   chr11_68903812_G_GCCGCCGCCATCTTC_b38   6.747e-01 1.407e-03    1.407e-03      9.495e-04
ENSG00000197345:1(@)Loc1132   chr11_68911166_C_T_b38   7.951e-02 2.532e-03    2.532e-03      2.013e-04
ENSG00000132740:2(@)Loc1132   chr11_68899730_A_C_b38   6.123e-02 6.787e-02    6.786e-02      4.155e-03
ENSG00000132740:2(@)Loc1132   chr11_68903812_G_GCCGCCGCCATCTTC_b38   8.218e-01 1.407e-03    1.407e-03      1.156e-03
ENSG00000132740:1(@)Loc1132   chr11_68916104_G_GT_b38   1.990e-01 9.423e-04    9.422e-04      1.875e-04
ENSG00000109917:2(@)Loc1164   chr11_116781491_C_T_b38   8.258e-04 1.712e-01    1.712e-01      1.413e-04
ENSG00000019144:1(@)Loc1165   chr11_118615352_T_C_b38   2.972e-01 3.844e-04    3.844e-04      1.142e-04
ENSG00000256269:1(@)Loc1165   chr11_119043282_C_T_b38   8.096e-03 4.789e-02    4.789e-02      3.877e-04
ENSG00000139044:1(@)Loc1179   chr12_553672_T_C_b38   9.994e-01 1.391e-04    1.391e-04      1.390e-04
ENSG00000255733:1(@)Loc1220   chr12_68019898_G_A_b38   9.930e-01 1.105e-04    1.105e-04      1.098e-04
ENSG00000166211:1(@)Loc1239   chr12_101480178_C_T_b38   4.779e-03 1.118e-01    1.118e-01      5.342e-04
ENSG00000111785:2(@)Loc1243   chr12_106780868_A_C_b38   1.027e-03 2.314e-01    2.313e-01      2.377e-04
ENSG00000257218:1(@)Loc1252   chr12_120473983_G_A_b38   7.275e-02 2.356e-03    2.356e-03      1.714e-04
ENSG00000256249:2(@)Loc1253   chr12_122686671_A_G_b38   4.264e-02 2.594e-01    2.594e-01      1.106e-02
ENSG00000235423:1(@)Loc1253   chr12_123290580_G_A_b38   1.368e-02 6.496e-02    6.495e-02      8.888e-04
ENSG00000270048:1(@)Loc1253   chr12_123964676_C_A_b38   2.311e-03 1.682e-01    1.682e-01      3.887e-04
ENSG00000270130:1(@)Loc1253   chr12_123964676_C_A_b38   1.176e-03 1.682e-01    1.681e-01      1.977e-04
ENSG00000269997:1(@)Loc1253   chr12_123964676_C_A_b38   2.399e-03 1.682e-01    1.682e-01      4.034e-04
ENSG00000270028:1(@)Loc1253   chr12_123920171_T_C_b38   5.337e-02 1.115e-01    1.115e-01      5.952e-03
ENSG00000270028:1(@)Loc1253   chr12_123924955_G_A_b38   3.680e-01 4.999e-02    4.999e-02      1.839e-02
ENSG00000270028:1(@)Loc1253   chr12_123964676_C_A_b38   6.238e-03 1.682e-01    1.681e-01      1.049e-03
ENSG00000250091:1(@)Loc1253   chr12_123920171_T_C_b38   1.845e-02 1.115e-01    1.115e-01      2.057e-03
ENSG00000250091:1(@)Loc1253   chr12_123924955_G_A_b38   1.566e-02 4.999e-02    4.999e-02      7.828e-04
ENSG00000250091:1(@)Loc1253   chr12_123935181_C_T_b38   1.169e-02 1.328e-01    1.328e-01      1.552e-03
ENSG00000250091:1(@)Loc1253   chr12_123964676_C_A_b38   3.840e-02 1.682e-01    1.681e-01      6.457e-03
ENSG00000270061:1(@)Loc1253   chr12_123964676_C_A_b38   2.915e-03 1.682e-01    1.681e-01      4.901e-04
ENSG00000270061:1(@)Loc1253   chr12_123980289_G_T_b38   3.355e-03 3.708e-02    3.708e-02      1.244e-04
ENSG00000269938:1(@)Loc1253   chr12_123955563_C_A_b38   4.724e-03 2.181e-02    2.181e-02      1.030e-04
ENSG00000269938:1(@)Loc1253   chr12_123964676_C_A_b38   3.517e-02 1.682e-01    1.681e-01      5.914e-03
ENSG00000269938:1(@)Loc1253   chr12_123980289_G_T_b38   3.866e-03 3.708e-02    3.708e-02      1.434e-04
ENSG00000179195:1(@)Loc1253   chr12_123964676_C_A_b38   1.171e-02 1.682e-01    1.681e-01      1.968e-03
ENSG00000120688:1(@)Loc1276   chr13_41061165_C_G_b38   8.854e-01 3.057e-04    3.057e-04      2.707e-04
ENSG00000274330:1(@)Loc1354   chr14_70224238_T_C_b38   1.248e-01 2.139e-03    2.139e-03      2.670e-04
ENSG00000213463:1(@)Loc1354   chr14_70317226_A_G_b38   1.257e-02 1.850e-02    1.850e-02      2.326e-04
ENSG00000213463:1(@)Loc1354   chr14_70353000_T_C_b38   2.901e-01 4.441e-04    4.440e-04      1.288e-04
ENSG00000213463:1(@)Loc1354   chr14_70367102_C_G_b38   3.772e-01 1.880e-03    1.880e-03      7.091e-04
ENSG00000100577:1(@)Loc1358   chr14_77334472_C_T_b38   4.776e-01 3.294e-04    3.294e-04      1.573e-04
ENSG00000176473:1(@)Loc1374   chr14_100378031_C_T_b38   1.657e-01 1.096e-01    1.096e-01      1.816e-02
ENSG00000142208:2(@)Loc1377   chr14_104810872_G_A_b38   1.539e-03 9.241e-01    9.241e-01      1.422e-03
ENSG00000182636:1(@)Loc1380   chr15_23687320_G_A_b38   9.694e-01 1.166e-04    1.165e-04      1.130e-04
ENSG00000140320:1(@)Loc1392   chr15_40448514_A_G_b38   7.608e-01 1.324e-04    1.324e-04      1.007e-04
ENSG00000274528:1(@)Loc1399   chr15_52018225_CACCATGTTG_C_b38   3.660e-01 4.812e-04    4.811e-04      1.761e-04
ENSG00000103642:2(@)Loc1407   chr15_63104668_A_G_b38   6.818e-04 6.100e-01    6.100e-01      4.158e-04
ENSG00000103642:2(@)Loc1407   chr15_63121172_T_C_b38   3.548e-02 7.204e-03    7.204e-03      2.556e-04
ENSG00000103642:2(@)Loc1407   chr15_63121302_A_G_b38   8.919e-02 4.996e-03    4.996e-03      4.455e-04
ENSG00000103245:1(@)Loc1429   chr16_733004_T_C_b38   9.115e-01 2.296e-04    2.296e-04      2.093e-04
ENSG00000267077:2(@)Loc1432   chr16_4803091_T_C_b38   3.912e-01 6.934e-04    6.933e-04      2.712e-04
ENSG00000183793:4(@)Loc1443   chr16_15036083_C_T_b38   5.135e-01 1.439e-02    1.439e-02      7.388e-03
ENSG00000183426:2(@)Loc1443   chr16_15034559_A_G_b38   9.998e-01 4.974e-04    4.973e-04      4.972e-04
ENSG00000157045:1(@)Loc1443   chr16_15036083_C_T_b38   6.010e-01 1.439e-02    1.439e-02      8.648e-03
ENSG00000157045:1(@)Loc1443   chr16_15054789_C_A_b38   8.167e-02 3.298e-03    3.298e-03      2.693e-04
ENSG00000157045:1(@)Loc1443   chr16_15056648_C_A_b38   2.553e-01 3.587e-03    3.587e-03      9.155e-04
ENSG00000157045:1(@)Loc1443   chr16_15078261_T_C_b38   3.878e-02 3.977e-03    3.977e-03      1.542e-04
ENSG00000103550:1(@)Loc1446   chr16_19708624_C_A_b38   4.107e-02 2.459e-03    2.458e-03      1.010e-04
ENSG00000103550:1(@)Loc1446   chr16_19711044_T_C_b38   4.107e-02 3.065e-03    3.064e-03      1.259e-04
ENSG00000103550:1(@)Loc1446   chr16_19717694_G_C_b38   8.706e-01 1.923e-03    1.922e-03      1.674e-03
ENSG00000167191:1(@)Loc1446   chr16_19748253_T_C_b38   1.579e-01 1.011e-03    1.010e-03      1.596e-04
ENSG00000167191:1(@)Loc1446   chr16_19754712_A_T_b38   1.579e-01 2.428e-03    2.428e-03      3.834e-04
ENSG00000259982:2(@)Loc1451   chr16_28929595_T_G_b38   3.595e-01 7.173e-04    7.172e-04      2.579e-04
ENSG00000259982:2(@)Loc1451   chr16_28945143_T_C_b38   3.697e-01 6.827e-04    6.826e-04      2.524e-04
ENSG00000259982:2(@)Loc1451   chr16_28947433_A_G_b38   2.126e-01 7.161e-04    7.159e-04      1.522e-04
ENSG00000178952:1(@)Loc1451   chr16_28846324_A_G_b38   9.427e-01 7.271e-04    7.270e-04      6.853e-04
ENSG00000196296:1(@)Loc1451   chr16_28878165_C_A_b38   1.276e-01 3.753e-03    3.752e-03      4.787e-04
ENSG00000087237:1(@)Loc1458   chr16_56960332_T_TA_b38   5.698e-02 1.000e+00    1.000e+00      5.698e-02
ENSG00000102898:2(@)Loc1464   chr16_67845497_G_A_b38   1.517e-02 2.174e-01    2.174e-01      3.299e-03
ENSG00000102898:2(@)Loc1464   chr16_67863584_C_T_b38   3.152e-03 2.429e-01    2.429e-01      7.657e-04
ENSG00000102898:2(@)Loc1464   chr16_67894139_G_A_b38   1.216e-03 5.163e-01    5.163e-01      6.279e-04
ENSG00000188038:2(@)Loc1464   chr16_67845497_G_A_b38   7.506e-04 2.174e-01    2.174e-01      1.632e-04
ENSG00000188038:2(@)Loc1464   chr16_67863584_C_T_b38   2.154e-03 2.429e-01    2.429e-01      5.232e-04
ENSG00000188038:2(@)Loc1464   chr16_67894139_G_A_b38   4.626e-03 5.163e-01    5.163e-01      2.388e-03
ENSG00000159792:1(@)Loc1464   chr16_67845497_G_A_b38   8.470e-04 2.174e-01    2.174e-01      1.842e-04
ENSG00000159792:1(@)Loc1464   chr16_67863584_C_T_b38   8.470e-04 2.429e-01    2.429e-01      2.057e-04
ENSG00000159792:1(@)Loc1464   chr16_67894139_G_A_b38   2.120e-02 5.163e-01    5.163e-01      1.094e-02
ENSG00000102901:2(@)Loc1464   chr16_67845497_G_A_b38   5.870e-03 2.174e-01    2.174e-01      1.276e-03
ENSG00000102901:2(@)Loc1464   chr16_67863584_C_T_b38   1.235e-03 2.429e-01    2.429e-01      2.998e-04
ENSG00000102901:2(@)Loc1464   chr16_67894139_G_A_b38   4.748e-04 5.163e-01    5.163e-01      2.451e-04
ENSG00000168286:2(@)Loc1464   chr16_67845497_G_A_b38   1.459e-03 2.174e-01    2.174e-01      3.171e-04
ENSG00000168286:2(@)Loc1464   chr16_67863584_C_T_b38   4.804e-04 2.429e-01    2.429e-01      1.167e-04
ENSG00000141096:1(@)Loc1464   chr16_67894139_G_A_b38   4.704e-04 5.163e-01    5.162e-01      2.428e-04
ENSG00000184517:1(@)Loc1468   chr16_75147656_T_C_b38   6.370e-01 1.748e-04    1.747e-04      1.113e-04
ENSG00000280152:1(@)Loc1468   chr16_75217199_AG_A_b38   9.408e-01 1.284e-04    1.283e-04      1.207e-04
ENSG00000103187:1(@)Loc1477   chr16_84549359_C_T_b38   8.124e-01 1.556e-04    1.556e-04      1.264e-04
ENSG00000260630:3(@)Loc1481   chr16_88663413_G_A_b38   5.457e-01 3.302e-04    3.302e-04      1.802e-04
ENSG00000178971:1(@)Loc1489   chr17_8230957_C_T_b38   9.956e-01 2.493e-04    2.492e-04      2.481e-04
ENSG00000108262:1(@)Loc1500   chr17_29582334_C_T_b38   4.443e-01 3.039e-04    3.039e-04      1.350e-04
ENSG00000005156:1(@)Loc1503   chr17_34980567_G_A_b38   7.156e-01 7.158e-04    7.157e-04      5.121e-04
ENSG00000141736:2(@)Loc1505   chr17_39665182_G_T_b38   3.776e-04 3.231e-01    3.231e-01      1.220e-04
ENSG00000173991:2(@)Loc1505   chr17_39657827_G_A_b38   8.033e-04 1.529e-01    1.529e-01      1.228e-04
ENSG00000173991:2(@)Loc1505   chr17_39665182_G_T_b38   4.059e-03 3.231e-01    3.231e-01      1.311e-03
ENSG00000141744:1(@)Loc1505   chr17_39665182_G_T_b38   1.135e-03 3.231e-01    3.231e-01      3.668e-04
ENSG00000108774:1(@)Loc1507   chr17_42138534_T_C_b38   3.895e-02 4.181e-03    4.181e-03      1.628e-04
ENSG00000141699:2(@)Loc1507   chr17_42615670_C_T_b38   8.060e-04 1.306e-01    1.306e-01      1.053e-04
ENSG00000131462:2(@)Loc1507   chr17_42615670_C_T_b38   1.111e-03 1.306e-01    1.306e-01      1.451e-04
ENSG00000108788:1(@)Loc1507   chr17_42569024_C_T_b38   1.797e-01 1.276e-03    1.276e-03      2.293e-04
ENSG00000131470:1(@)Loc1507   chr17_42615670_C_T_b38   1.173e-03 1.306e-01    1.306e-01      1.532e-04
ENSG00000280183:2(@)Loc1507   chr17_42615670_C_T_b38   2.867e-03 1.306e-01    1.306e-01      3.744e-04
ENSG00000108797:1(@)Loc1507   chr17_42615670_C_T_b38   1.595e-02 1.306e-01    1.306e-01      2.083e-03
ENSG00000108861:1(@)Loc1508   chr17_43800798_A_C_b38   2.591e-03 5.998e-02    5.997e-02      1.554e-04
ENSG00000161647:2(@)Loc1508   chr17_43853201_A_G_b38   1.112e-03 1.780e-01    1.780e-01      1.979e-04
ENSG00000108852:2(@)Loc1508   chr17_43889978_A_T_b38   7.436e-02 9.642e-03    9.641e-03      7.169e-04
ENSG00000108852:2(@)Loc1508   chr17_43901388_G_T_b38   7.652e-02 3.635e-01    3.635e-01      2.781e-02
ENSG00000108852:2(@)Loc1508   chr17_43907481_C_G_b38   3.837e-01 6.129e-03    6.129e-03      2.351e-03
ENSG00000108433:1(@)Loc1509   chr17_46928337_C_T_b38   8.521e-01 3.965e-04    3.964e-04      3.378e-04
ENSG00000263142:2(@)Loc1509   chr17_47051573_A_G_b38   5.483e-01 1.900e-04    1.900e-04      1.042e-04
ENSG00000005243:2(@)Loc1510   chr17_48037714_C_T_b38   2.119e-01 3.423e-03    3.423e-03      7.254e-04
ENSG00000005243:2(@)Loc1510   chr17_48038166_T_C_b38   2.119e-01 3.423e-03    3.423e-03      7.254e-04
ENSG00000005243:2(@)Loc1510   chr17_48040059_T_C_b38   4.121e-02 3.423e-03    3.423e-03      1.411e-04
ENSG00000005243:2(@)Loc1510   chr17_48040108_C_T_b38   3.715e-02 3.233e-03    3.232e-03      1.201e-04
ENSG00000005243:2(@)Loc1510   chr17_48040378_T_C_b38   4.121e-02 3.423e-03    3.423e-03      1.411e-04
ENSG00000005243:2(@)Loc1510   chr17_48044763_G_T_b38   1.808e-02 6.335e-03    6.334e-03      1.145e-04
ENSG00000005243:2(@)Loc1510   chr17_48046280_A_C_b38   4.192e-02 4.534e-03    4.533e-03      1.900e-04
ENSG00000263412:1(@)Loc1510   chr17_48046280_A_C_b38   6.437e-01 4.534e-03    4.533e-03      2.918e-03
ENSG00000263412:1(@)Loc1510   chr17_48046964_G_C_b38   2.899e-01 1.800e-03    1.799e-03      5.215e-04
ENSG00000278765:2(@)Loc1510   chr17_48072318_G_A_b38   4.766e-03 3.551e-02    3.550e-02      1.692e-04
ENSG00000267342:1(@)Loc1524   chr17_75900952_A_AC_b38   9.826e-01 1.067e-04    1.067e-04      1.048e-04
ENSG00000214248:2(@)Loc1584   chr19_7905750_A_G_b38   1.251e-03 6.616e-01    6.615e-01      8.278e-04
ENSG00000167772:2(@)Loc1585   chr19_8366697_G_A_b38   8.268e-04 6.668e-01    6.667e-01      5.513e-04
ENSG00000269386:2(@)Loc1585   chr19_8366697_G_A_b38   3.204e-04 6.668e-01    6.668e-01      2.136e-04
ENSG00000269386:2(@)Loc1585   chr19_8388938_T_C_b38   6.025e-03 3.328e-01    3.328e-01      2.005e-03
ENSG00000185236:2(@)Loc1585   chr19_8366697_G_A_b38   2.571e-04 6.668e-01    6.668e-01      1.714e-04
ENSG00000185236:2(@)Loc1585   chr19_8388938_T_C_b38   1.218e-03 3.328e-01    3.328e-01      4.055e-04
ENSG00000273733:1(@)Loc1587   chr19_11223503_C_T_b38   1.701e-03 9.030e-02    9.029e-02      1.536e-04
ENSG00000130173:1(@)Loc1587   chr19_11236817_T_C_b38   1.664e-01 9.097e-01    9.097e-01      1.514e-01
ENSG00000130204:2(@)Loc1608   chr19_44892362_A_G_b38   1.943e-03 9.999e-01    9.999e-01      1.943e-03
ENSG00000142230:1(@)Loc1610   chr19_47093845_T_C_b38   2.041e-03 1.986e-01    1.986e-01      4.054e-04
ENSG00000142230:1(@)Loc1610   chr19_47113120_G_T_b38   4.847e-02 5.011e-03    5.010e-03      2.429e-04
ENSG00000189068:2(@)Loc1613   chr19_54063999_A_G_b38   9.999e-01 1.282e-04    1.282e-04      1.282e-04
ENSG00000170858:1(@)Loc1614   chr19_54293995_T_C_b38   1.683e-01 1.000e+00    1.000e+00      1.683e-01
ENSG00000186230:1(@)Loc1616   chr19_57438168_T_C_b38   9.829e-01 1.022e-04    1.021e-04      1.004e-04
ENSG00000276449:1(@)Loc1616   chr19_57438168_T_C_b38   9.999e-01 1.022e-04    1.021e-04      1.021e-04
ENSG00000101460:1(@)Loc1637   chr20_34587662_C_T_b38   1.386e-02 8.951e-02    8.950e-02      1.240e-03
ENSG00000101460:1(@)Loc1637   chr20_34632266_T_C_b38   5.448e-03 2.082e-02    2.082e-02      1.134e-04
ENSG00000181741:1(@)Loc1637   chr20_34490298_C_T_b38   1.777e-02 1.018e-02    1.018e-02      1.810e-04
ENSG00000277558:1(@)Loc1637   chr20_34490298_C_T_b38   1.274e-02 1.018e-02    1.018e-02      1.297e-04
ENSG00000101000:1(@)Loc1637   chr20_35155806_A_C_b38   1.456e-01 7.361e-04    7.360e-04      1.072e-04
ENSG00000100979:2(@)Loc1644   chr20_45925376_T_C_b38   2.607e-03 4.136e-01    4.136e-01      1.078e-03
ENSG00000100979:2(@)Loc1644   chr20_45956781_A_G_b38   3.313e-04 4.258e-01    4.258e-01      1.411e-04
ENSG00000271984:1(@)Loc1644   chr20_45925376_T_C_b38   1.508e-02 4.136e-01    4.136e-01      6.239e-03
ENSG00000271984:1(@)Loc1644   chr20_45956781_A_G_b38   6.482e-03 4.258e-01    4.258e-01      2.760e-03
ENSG00000271984:1(@)Loc1644   chr20_45961659_C_G_b38   6.482e-03 1.564e-01    1.564e-01      1.014e-03
ENSG00000171703:1(@)Loc1654   chr20_64069739_A_C_b38   4.296e-02 3.571e-03    3.570e-03      1.534e-04
ENSG00000235888:1(@)Loc1672   chr21_38993578_A_G_b38   9.980e-01 1.014e-04    1.014e-04      1.012e-04
ENSG00000226496:1(@)Loc1674   chr21_41152915_C_G_b38   9.992e-01 1.003e-04    1.002e-04      1.002e-04
ENSG00000183255:1(@)Loc1677   chr21_44875071_G_C_b38   9.982e-01 1.824e-03    1.823e-03      1.820e-03
ENSG00000227039:5(@)Loc1677   chr21_44901744_C_A_b38   1.634e-01 2.013e-03    2.013e-03      3.290e-04
ENSG00000273342:2(@)Loc1682   chr22_21574627_T_G_b38   1.571e-03 3.100e-01    3.100e-01      4.869e-04
ENSG00000273342:2(@)Loc1682   chr22_21577779_C_T_b38   1.138e-03 6.363e-01    6.363e-01      7.242e-04
ENSG00000273342:2(@)Loc1682   chr22_21585900_T_G_b38   2.428e-03 5.366e-02    5.366e-02      1.303e-04
ENSG00000185651:1(@)Loc1682   chr22_21574627_T_G_b38   7.282e-03 3.100e-01    3.100e-01      2.258e-03
ENSG00000185651:1(@)Loc1682   chr22_21577779_C_T_b38   1.066e-02 6.363e-01    6.363e-01      6.781e-03
ENSG00000185651:1(@)Loc1682   chr22_21585900_T_G_b38   1.632e-02 5.366e-02    5.366e-02      8.755e-04
ENSG00000272977:1(@)Loc1685   chr22_25459662_G_A_b38   8.712e-01 1.864e-04    1.864e-04      1.624e-04
ENSG00000138942:1(@)Loc1689   chr22_31137981_G_A_b38   6.117e-01 1.727e-04    1.727e-04      1.056e-04
ENSG00000100156:2(@)Loc1693   chr22_38148291_A_G_b38   6.766e-03 3.152e-02    3.152e-02      2.133e-04
ENSG00000100156:2(@)Loc1693   chr22_38149612_A_G_b38   8.627e-03 6.390e-02    6.389e-02      5.512e-04
ENSG00000100156:2(@)Loc1693   chr22_38160253_T_G_b38   4.508e-03 2.474e-02    2.474e-02      1.115e-04
ENSG00000209482:1(@)Loc1694   chr22_39316006_G_A_b38   2.635e-01 4.622e-04    4.621e-04      1.218e-04
ENSG00000100321:1(@)Loc1694   chr22_39351666_T_A_b38   5.000e-01 2.970e-04    2.970e-04      1.485e-04
ENSG00000100321:1(@)Loc1694   chr22_39351775_G_A_b38   5.000e-01 2.994e-04    2.994e-04      1.497e-04
ENSG00000280216:1(@)Loc1694   chr22_39351666_T_A_b38   4.983e-01 2.970e-04    2.970e-04      1.480e-04
ENSG00000280216:1(@)Loc1694   chr22_39351775_G_A_b38   4.983e-01 2.994e-04    2.994e-04      1.492e-04
