Signal	SNP	PIP_qtl	PIP_gwas_marginal	PIP_gwas_qtl_prior	SCP
ENSG00000158825:2(@)Loc14   chr1_20589745_G_A_b38   4.167e-01 2.767e-04    2.766e-04      1.153e-04
ENSG00000204219:1(@)Loc16   chr1_23421273_T_C_b38   1.704e-01 6.088e-04    6.087e-04      1.037e-04
ENSG00000204219:1(@)Loc16   chr1_23427040_T_C_b38   3.018e-01 4.765e-04    4.764e-04      1.438e-04
ENSG00000260063:1(@)Loc18   chr1_26712737_C_T_b38   6.132e-03 3.114e-01    3.113e-01      1.909e-03
ENSG00000060642:1(@)Loc18   chr1_26811902_C_T_b38   1.096e-02 4.286e-01    4.286e-01      4.700e-03
ENSG00000175793:1(@)Loc18   chr1_26811902_C_T_b38   3.670e-04 4.286e-01    4.286e-01      1.573e-04
ENSG00000228060:2(@)Loc24   chr1_39562508_A_G_b38   3.134e-03 5.718e-01    5.718e-01      1.792e-03
ENSG00000182109:2(@)Loc24   chr1_39562508_A_G_b38   7.155e-03 5.718e-01    5.718e-01      4.091e-03
ENSG00000182109:2(@)Loc24   chr1_39570014_C_T_b38   9.134e-03 2.012e-01    2.012e-01      1.838e-03
ENSG00000090621:3(@)Loc24   chr1_39562508_A_G_b38   7.222e-04 5.718e-01    5.718e-01      4.130e-04
ENSG00000090621:3(@)Loc24   chr1_39570014_C_T_b38   1.843e-03 2.012e-01    2.012e-01      3.710e-04
ENSG00000243970:2(@)Loc24   chr1_39562508_A_G_b38   6.994e-03 5.718e-01    5.718e-01      3.999e-03
ENSG00000243970:2(@)Loc24   chr1_39570014_C_T_b38   1.723e-03 2.012e-01    2.012e-01      3.467e-04
ENSG00000228060:1(@)Loc24   chr1_39570014_C_T_b38   1.201e-02 2.012e-01    2.012e-01      2.417e-03
ENSG00000162607:1(@)Loc39   chr1_62436136_C_A_b38   3.339e-02 7.409e-03    7.408e-03      2.473e-04
ENSG00000116641:1(@)Loc39   chr1_62652525_A_C_b38   2.604e-02 4.889e-03    4.889e-03      1.273e-04
ENSG00000116641:1(@)Loc39   chr1_62679768_G_A_b38   8.876e-02 4.464e-03    4.464e-03      3.962e-04
ENSG00000116641:1(@)Loc39   chr1_62681369_A_C_b38   1.434e-01 7.243e-04    7.242e-04      1.039e-04
ENSG00000116641:1(@)Loc39   chr1_62687528_TCAGAA_T_b38   4.969e-01 8.012e-04    8.011e-04      3.981e-04
ENSG00000280099:2(@)Loc52   chr1_85147185_A_G_b38   4.575e-01 9.576e-04    9.575e-04      4.381e-04
ENSG00000117174:1(@)Loc52   chr1_85708880_T_C_b38   9.352e-01 1.443e-04    1.443e-04      1.349e-04
ENSG00000117500:1(@)Loc57   chr1_93150645_T_C_b38   1.242e-02 7.892e-02    7.891e-02      9.798e-04
ENSG00000117500:1(@)Loc57   chr1_93154836_G_A_b38   4.833e-02 1.191e-02    1.190e-02      5.753e-04
ENSG00000117500:1(@)Loc57   chr1_93185990_T_C_b38   7.232e-03 1.284e-01    1.284e-01      9.288e-04
ENSG00000117500:1(@)Loc57   chr1_93210454_C_T_b38   2.589e-03 9.999e-02    9.998e-02      2.588e-04
ENSG00000117505:1(@)Loc57   chr1_93350843_A_G_b38   1.513e-01 6.504e-01    6.504e-01      9.843e-02
ENSG00000134222:1(@)Loc67   chr1_109275684_G_T_b38   4.997e-01 1.787e-03    1.786e-03      8.927e-04
ENSG00000134222:1(@)Loc67   chr1_109275908_C_T_b38   4.997e-01 3.466e-01    3.465e-01      1.732e-01
ENSG00000184371:1(@)Loc68   chr1_109957047_A_G_b38   3.545e-02 2.197e-01    2.197e-01      7.788e-03
ENSG00000184371:1(@)Loc68   chr1_109957553_T_C_b38   1.933e-01 2.164e-02    2.164e-02      4.183e-03
ENSG00000143412:2(@)Loc74   chr1_150968149_T_G_b38   1.467e-02 7.231e-02    7.231e-02      1.061e-03
ENSG00000143412:2(@)Loc74   chr1_150979001_T_C_b38   2.345e-02 2.688e-02    2.688e-02      6.303e-04
ENSG00000143434:2(@)Loc74   chr1_151146204_T_C_b38   6.053e-01 2.141e-04    2.141e-04      1.296e-04
ENSG00000143575:1(@)Loc76   chr1_154270621_G_A_b38   1.349e-01 4.853e-03    4.853e-03      6.544e-04
ENSG00000143575:1(@)Loc76   chr1_154272666_T_G_b38   6.553e-01 1.539e-02    1.539e-02      1.009e-02
ENSG00000143575:1(@)Loc76   chr1_154279150_A_G_b38   5.130e-02 4.853e-03    4.853e-03      2.489e-04
ENSG00000143575:1(@)Loc76   chr1_154281841_G_A_b38   5.728e-02 4.541e-03    4.541e-03      2.601e-04
ENSG00000143575:1(@)Loc76   chr1_154284712_A_T_b38   2.418e-02 4.853e-03    4.853e-03      1.173e-04
ENSG00000143575:1(@)Loc76   chr1_154285242_T_C_b38   2.418e-02 4.853e-03    4.853e-03      1.173e-04
ENSG00000143575:1(@)Loc76   chr1_154287885_C_G_b38   2.418e-02 4.853e-03    4.853e-03      1.173e-04
ENSG00000143537:2(@)Loc77   chr1_155018913_T_C_b38   5.425e-01 2.208e-04    2.208e-04      1.198e-04
ENSG00000143303:3(@)Loc78   chr1_156730859_T_G_b38   1.726e-03 9.208e-01    9.208e-01      1.589e-03
ENSG00000058668:1(@)Loc104   chr1_203550066_T_C_b38   9.012e-01 1.478e-04    1.478e-04      1.332e-04
ENSG00000158715:3(@)Loc105   chr1_205710759_G_T_b38   1.127e-03 9.145e-02    9.144e-02      1.030e-04
ENSG00000069275:2(@)Loc105   chr1_205750404_G_A_b38   1.515e-01 4.006e-02    4.006e-02      6.070e-03
ENSG00000069275:1(@)Loc105   chr1_205745350_G_A_b38   1.517e-01 6.593e-04    6.593e-04      1.000e-04
ENSG00000069275:1(@)Loc105   chr1_205749340_A_G_b38   5.242e-01 6.593e-04    6.593e-04      3.456e-04
ENSG00000117280:2(@)Loc105   chr1_205750404_G_A_b38   1.521e-02 4.006e-02    4.006e-02      6.093e-04
ENSG00000153363:1(@)Loc108   chr1_211380980_TAAG_T_b38   4.479e-01 2.835e-04    2.835e-04      1.270e-04
ENSG00000143353:1(@)Loc112   chr1_219151918_T_C_b38   1.387e-01 1.838e-03    1.838e-03      2.549e-04
ENSG00000143353:1(@)Loc112   chr1_219172269_T_G_b38   5.248e-01 1.308e-03    1.308e-03      6.865e-04
ENSG00000143353:1(@)Loc112   chr1_219186208_A_G_b38   1.330e-01 1.530e-03    1.530e-03      2.034e-04
ENSG00000143353:1(@)Loc112   chr1_219189335_A_T_b38   6.902e-02 1.671e-03    1.671e-03      1.153e-04
ENSG00000035115:2(@)Loc133   chr2_242793_G_C_b38   9.999e-01 2.459e-04    2.459e-04      2.459e-04
ENSG00000035115:1(@)Loc133   chr2_264019_C_A_b38   9.999e-01 2.169e-04    2.169e-04      2.169e-04
ENSG00000171863:3(@)Loc134   chr2_3583111_G_T_b38   5.136e-01 1.988e-04    1.988e-04      1.021e-04
ENSG00000118960:1(@)Loc144   chr2_20622726_G_C_b38   4.876e-01 2.793e-04    2.793e-04      1.362e-04
ENSG00000115239:1(@)Loc167   chr2_53691108_C_G_b38   2.141e-01 9.403e-04    9.402e-04      2.013e-04
ENSG00000115239:1(@)Loc167   chr2_53705532_T_G_b38   5.021e-03 1.437e-01    1.437e-01      7.216e-04
ENSG00000170634:1(@)Loc167   chr2_54127213_T_G_b38   6.299e-01 3.180e-04    3.179e-04      2.003e-04
ENSG00000116035:1(@)Loc179   chr2_70904341_A_C_b38   9.876e-01 1.219e-04    1.219e-04      1.204e-04
ENSG00000246575:1(@)Loc186   chr2_85317466_G_GCAACA_b38   5.366e-01 1.730e-02    1.730e-02      9.283e-03
ENSG00000246575:1(@)Loc186   chr2_85320253_C_G_b38   1.438e-01 2.671e-02    2.671e-02      3.842e-03
ENSG00000246575:1(@)Loc186   chr2_85320306_G_T_b38   1.438e-01 3.423e-02    3.422e-02      4.922e-03
ENSG00000246575:1(@)Loc186   chr2_85320840_C_T_b38   1.438e-01 3.327e-02    3.326e-02      4.784e-03
ENSG00000246575:1(@)Loc186   chr2_85325063_C_A_b38   3.192e-02 2.969e-02    2.969e-02      9.478e-04
ENSG00000152291:1(@)Loc186   chr2_85317466_G_GCAACA_b38   6.081e-02 1.730e-02    1.730e-02      1.052e-03
ENSG00000152291:1(@)Loc186   chr2_85320253_C_G_b38   2.095e-01 2.671e-02    2.671e-02      5.595e-03
ENSG00000152291:1(@)Loc186   chr2_85320306_G_T_b38   2.095e-01 3.423e-02    3.422e-02      7.170e-03
ENSG00000152291:1(@)Loc186   chr2_85320840_C_T_b38   2.095e-01 3.327e-02    3.326e-02      6.968e-03
ENSG00000152291:1(@)Loc186   chr2_85324061_C_T_b38   8.611e-02 3.357e-02    3.357e-02      2.891e-03
ENSG00000152291:1(@)Loc186   chr2_85325063_C_A_b38   2.237e-01 2.969e-02    2.969e-02      6.641e-03
ENSG00000152128:1(@)Loc212   chr2_134693732_G_T_b38   4.786e-02 7.682e-02    7.681e-02      3.676e-03
ENSG00000206869:2(@)Loc232   chr2_164684290_T_C_b38   2.202e-03 4.611e-01    4.611e-01      1.016e-03
ENSG00000206869:2(@)Loc232   chr2_164694691_T_C_b38   1.882e-03 5.387e-01    5.387e-01      1.014e-03
ENSG00000138439:1(@)Loc252   chr2_202631852_A_C_b38   6.763e-01 2.094e-04    2.094e-04      1.416e-04
ENSG00000115677:1(@)Loc276   chr2_241315319_G_C_b38   2.167e-01 5.488e-04    5.488e-04      1.189e-04
ENSG00000115677:1(@)Loc276   chr2_241317397_G_C_b38   4.559e-01 4.124e-04    4.124e-04      1.880e-04
ENSG00000168385:2(@)Loc276   chr2_241315319_G_C_b38   6.751e-01 5.488e-04    5.488e-04      3.705e-04
ENSG00000160796:2(@)Loc309   chr3_47019693_G_A_b38   2.226e-01 9.720e-01    9.720e-01      2.163e-01
ENSG00000236409:2(@)Loc309   chr3_47019693_G_A_b38   7.126e-03 9.720e-01    9.720e-01      6.926e-03
ENSG00000164078:1(@)Loc311   chr3_49934081_C_A_b38   3.619e-02 2.093e-01    2.093e-01      7.575e-03
ENSG00000004534:2(@)Loc311   chr3_49934081_C_A_b38   1.370e-03 2.093e-01    2.093e-01      2.868e-04
ENSG00000164077:2(@)Loc311   chr3_49934081_C_A_b38   1.089e-03 2.093e-01    2.093e-01      2.280e-04
ENSG00000003756:1(@)Loc311   chr3_50075601_A_G_b38   5.503e-03 3.265e-01    3.265e-01      1.797e-03
ENSG00000003756:1(@)Loc311   chr3_50091966_C_T_b38   6.990e-02 4.002e-01    4.002e-01      2.798e-02
ENSG00000082701:1(@)Loc350   chr3_120049399_G_T_b38   1.254e-02 9.469e-02    9.468e-02      1.187e-03
ENSG00000082701:1(@)Loc350   chr3_120068040_C_A_b38   1.194e-02 3.868e-02    3.868e-02      4.618e-04
ENSG00000173175:1(@)Loc352   chr3_123359232_G_A_b38   1.076e-02 8.557e-02    8.556e-02      9.209e-04
ENSG00000173175:1(@)Loc352   chr3_123360312_A_T_b38   9.896e-03 3.312e-02    3.312e-02      3.278e-04
ENSG00000173175:1(@)Loc352   chr3_123363569_A_G_b38   9.896e-03 4.925e-02    4.925e-02      4.874e-04
ENSG00000173175:1(@)Loc352   chr3_123377475_G_C_b38   4.648e-02 1.621e-02    1.621e-02      7.534e-04
ENSG00000173175:1(@)Loc352   chr3_123403467_A_T_b38   2.087e-01 1.974e-03    1.974e-03      4.118e-04
ENSG00000174579:1(@)Loc360   chr3_136207780_G_T_b38   8.627e-04 1.813e-01    1.813e-01      1.564e-04
ENSG00000113946:1(@)Loc392   chr3_190322608_C_T_b38   9.961e-01 5.803e-04    5.802e-04      5.779e-04
ENSG00000163347:1(@)Loc392   chr3_190329263_T_C_b38   2.983e-01 3.607e-04    3.606e-04      1.076e-04
ENSG00000163347:1(@)Loc392   chr3_190331991_CT_C_b38   6.816e-01 3.594e-04    3.594e-04      2.449e-04
ENSG00000163347:2(@)Loc392   chr3_190354953_A_T_b38   2.897e-01 6.947e-04    6.946e-04      2.012e-04
ENSG00000163347:2(@)Loc392   chr3_190363771_G_A_b38   1.940e-01 7.470e-04    7.470e-04      1.449e-04
ENSG00000163347:2(@)Loc392   chr3_190365316_C_T_b38   2.391e-01 7.470e-04    7.470e-04      1.786e-04
ENSG00000163347:2(@)Loc392   chr3_190366923_G_A_b38   1.940e-01 7.470e-04    7.470e-04      1.449e-04
ENSG00000185485:4(@)Loc396   chr3_196006622_G_A_b38   4.450e-01 2.507e-04    2.507e-04      1.116e-04
ENSG00000145284:1(@)Loc454   chr4_82798853_A_G_b38   9.755e-01 1.669e-04    1.669e-04      1.628e-04
ENSG00000145283:3(@)Loc457   chr4_86848776_T_C_b38   8.946e-02 1.681e-03    1.681e-03      1.503e-04
ENSG00000197894:4(@)Loc464   chr4_99093654_A_G_b38   5.046e-02 8.099e-01    8.099e-01      4.087e-02
ENSG00000246090:3(@)Loc464   chr4_99093654_A_G_b38   4.393e-01 8.099e-01    8.099e-01      3.558e-01
ENSG00000226221:1(@)Loc553   chr5_56500492_C_T_b38   2.989e-03 6.391e-02    6.391e-02      1.910e-04
ENSG00000226221:1(@)Loc553   chr5_56507706_G_A_b38   3.095e-03 3.399e-02    3.399e-02      1.052e-04
ENSG00000226221:1(@)Loc553   chr5_56510924_A_G_b38   7.593e-04 1.769e-01    1.769e-01      1.343e-04
ENSG00000189045:1(@)Loc564   chr5_75669297_G_A_b38   1.978e-01 5.210e-04    5.209e-04      1.030e-04
ENSG00000145743:1(@)Loc584   chr5_108415421_C_T_b38   1.194e-01 1.266e-03    1.266e-03      1.512e-04
ENSG00000145743:1(@)Loc584   chr5_108415667_GAATAC_G_b38   8.517e-02 1.266e-03    1.266e-03      1.078e-04
ENSG00000168938:1(@)Loc594   chr5_123024708_T_C_b38   9.779e-01 7.106e-04    7.105e-04      6.948e-04
ENSG00000253404:2(@)Loc602   chr5_138753060_G_C_b38   6.128e-01 2.056e-04    2.055e-04      1.260e-04
ENSG00000197043:1(@)Loc608   chr5_151158068_T_C_b38   7.196e-01 1.447e-04    1.447e-04      1.041e-04
ENSG00000204677:2(@)Loc627   chr5_177992355_C_T_b38   9.991e-01 1.879e-04    1.879e-04      1.877e-04
ENSG00000178338:2(@)Loc627   chr5_178860222_G_T_b38   6.168e-01 2.042e-04    2.042e-04      1.259e-04
ENSG00000176783:2(@)Loc628   chr5_179607068_T_C_b38   9.895e-01 3.881e-04    3.881e-04      3.840e-04
ENSG00000244945:1(@)Loc628   chr5_179607068_T_C_b38   2.789e-01 3.881e-04    3.881e-04      1.082e-04
ENSG00000112308:1(@)Loc648   chr6_24719750_G_A_b38   9.027e-01 1.278e-03    1.278e-03      1.154e-03
ENSG00000237923:2(@)Loc654   chr6_30651129_A_G_b38   1.179e-03 9.064e-02    9.063e-02      1.068e-04
ENSG00000137312:2(@)Loc654   chr6_30651129_A_G_b38   2.264e-03 9.064e-02    9.063e-02      2.051e-04
ENSG00000137312:2(@)Loc654   chr6_30740918_C_T_b38   1.530e-01 7.593e-04    7.592e-04      1.162e-04
ENSG00000137312:2(@)Loc654   chr6_30741178_C_T_b38   2.666e-01 4.166e-03    4.166e-03      1.111e-03
ENSG00000137331:1(@)Loc654   chr6_30651129_A_G_b38   2.508e-03 9.064e-02    9.063e-02      2.273e-04
ENSG00000137331:1(@)Loc654   chr6_30741178_C_T_b38   6.674e-02 4.166e-03    4.166e-03      2.780e-04
ENSG00000214894:1(@)Loc654   chr6_30824340_G_C_b38   1.506e-01 1.198e-03    1.198e-03      1.804e-04
ENSG00000204463:3(@)Loc656   chr6_31651799_A_G_b38   2.428e-02 4.271e-03    4.270e-03      1.037e-04
ENSG00000065060:2(@)Loc658   chr6_34695821_C_T_b38   6.360e-03 6.603e-02    6.602e-02      4.199e-04
ENSG00000196821:1(@)Loc658   chr6_34651116_G_A_b38   6.557e-03 4.723e-02    4.723e-02      3.096e-04
ENSG00000196821:1(@)Loc658   chr6_34671070_G_A_b38   6.557e-03 5.006e-02    5.006e-02      3.282e-04
ENSG00000196821:1(@)Loc658   chr6_34695821_C_T_b38   2.531e-01 6.603e-02    6.602e-02      1.671e-02
ENSG00000272288:2(@)Loc658   chr6_34695821_C_T_b38   7.019e-03 6.603e-02    6.602e-02      4.634e-04
ENSG00000183826:1(@)Loc660   chr6_38176948_C_A_b38   9.610e-01 1.067e-04    1.067e-04      1.025e-04
ENSG00000124713:1(@)Loc663   chr6_42961795_T_C_b38   6.187e-02 1.918e-03    1.918e-03      1.187e-04
ENSG00000124713:1(@)Loc663   chr6_42964977_C_T_b38   3.698e-02 6.251e-03    6.251e-03      2.311e-04
ENSG00000231113:1(@)Loc663   chr6_42947283_G_A_b38   1.962e-01 1.694e-03    1.694e-03      3.323e-04
ENSG00000137161:1(@)Loc663   chr6_42951484_T_C_b38   2.152e-01 7.140e-04    7.140e-04      1.536e-04
ENSG00000137161:1(@)Loc663   chr6_42952678_A_AC_b38   1.840e-01 7.193e-04    7.192e-04      1.323e-04
ENSG00000137161:1(@)Loc663   chr6_42959801_A_AGAGT_b38   1.873e-01 7.193e-04    7.192e-04      1.347e-04
ENSG00000124587:1(@)Loc663   chr6_42954622_C_CT_b38   1.718e-01 7.193e-04    7.192e-04      1.235e-04
ENSG00000124587:1(@)Loc663   chr6_42957194_A_G_b38   1.718e-01 7.193e-04    7.192e-04      1.235e-04
ENSG00000124587:1(@)Loc663   chr6_42963889_GTTTA_G_b38   1.878e-01 8.801e-04    8.800e-04      1.652e-04
ENSG00000230943:1(@)Loc705   chr6_113650389_G_A_b38   9.920e-01 1.752e-04    1.752e-04      1.738e-04
ENSG00000164442:1(@)Loc722   chr6_139508423_A_G_b38   9.657e-03 1.292e-02    1.292e-02      1.247e-04
ENSG00000164442:1(@)Loc722   chr6_139509081_A_C_b38   9.657e-03 1.292e-02    1.292e-02      1.247e-04
ENSG00000164442:1(@)Loc722   chr6_139510620_T_C_b38   9.657e-03 2.369e-01    2.369e-01      2.287e-03
ENSG00000164442:1(@)Loc722   chr6_139513217_AG_A_b38   4.281e-02 1.845e-02    1.845e-02      7.900e-04
ENSG00000164442:1(@)Loc722   chr6_139513732_G_A_b38   4.281e-02 1.845e-02    1.845e-02      7.900e-04
ENSG00000164442:1(@)Loc722   chr6_139514361_T_C_b38   4.281e-02 1.845e-02    1.845e-02      7.900e-04
ENSG00000164442:1(@)Loc722   chr6_139514467_T_G_b38   4.281e-02 1.845e-02    1.845e-02      7.900e-04
ENSG00000164442:1(@)Loc722   chr6_139514552_C_T_b38   4.281e-02 1.714e-01    1.714e-01      7.339e-03
ENSG00000164442:1(@)Loc722   chr6_139515425_G_A_b38   4.281e-02 1.845e-02    1.845e-02      7.900e-04
ENSG00000164442:1(@)Loc722   chr6_139517282_C_A_b38   1.693e-01 1.005e-01    1.005e-01      1.700e-02
ENSG00000164442:1(@)Loc722   chr6_139518361_G_C_b38   1.185e-01 6.423e-03    6.423e-03      7.608e-04
ENSG00000164442:1(@)Loc722   chr6_139518823_T_C_b38   1.185e-01 7.774e-03    7.773e-03      9.208e-04
ENSG00000164442:1(@)Loc722   chr6_139519556_A_C_b38   5.285e-02 1.802e-02    1.802e-02      9.523e-04
ENSG00000164442:1(@)Loc722   chr6_139522213_A_C_b38   7.150e-02 9.408e-03    9.407e-03      6.726e-04
ENSG00000242611:2(@)Loc743   chr7_79263_T_A_b38   4.804e-01 2.088e-04    2.087e-04      1.003e-04
ENSG00000164849:3(@)Loc744   chr7_1044141_A_G_b38   1.575e-03 4.560e-01    4.560e-01      7.180e-04
ENSG00000146540:2(@)Loc744   chr7_1044141_A_G_b38   5.024e-03 4.560e-01    4.560e-01      2.291e-03
ENSG00000164850:1(@)Loc744   chr7_1077800_T_C_b38   2.947e-01 5.836e-02    5.836e-02      1.720e-02
ENSG00000164850:1(@)Loc744   chr7_1086257_A_G_b38   7.223e-03 4.863e-02    4.862e-02      3.512e-04
ENSG00000179428:3(@)Loc762   chr7_22725837_G_T_b38   2.881e-01 3.952e-03    3.951e-03      1.138e-03
ENSG00000273237:1(@)Loc765   chr7_26160797_C_T_b38   9.966e-02 1.644e-03    1.644e-03      1.639e-04
ENSG00000274080:1(@)Loc789   chr7_73612048_C_T_b38   4.961e-02 3.420e-02    3.420e-02      1.696e-03
ENSG00000009950:1(@)Loc789   chr7_73612048_C_T_b38   5.729e-01 3.420e-02    3.420e-02      1.959e-02
ENSG00000091732:1(@)Loc821   chr7_130011040_G_A_b38   6.325e-02 2.092e-03    2.092e-03      1.323e-04
ENSG00000091732:1(@)Loc821   chr7_130051469_C_G_b38   4.891e-01 2.210e-03    2.210e-03      1.081e-03
ENSG00000106123:2(@)Loc830   chr7_142857489_G_A_b38   9.962e-01 2.798e-04    2.798e-04      2.787e-04
ENSG00000002726:1(@)Loc835   chr7_150832361_T_C_b38   1.726e-02 6.278e-01    6.278e-01      1.083e-02
ENSG00000253944:1(@)Loc860   chr8_17801572_C_G_b38   8.290e-01 1.264e-04    1.264e-04      1.048e-04
ENSG00000277494:2(@)Loc935   chr8_143212799_G_A_b38   2.793e-01 3.765e-04    3.765e-04      1.051e-04
ENSG00000277494:2(@)Loc935   chr8_143213279_C_T_b38   2.793e-01 3.765e-04    3.765e-04      1.052e-04
ENSG00000277494:1(@)Loc935   chr8_143219176_G_A_b38   2.098e-01 2.607e-03    2.607e-03      5.469e-04
ENSG00000277494:1(@)Loc935   chr8_143220830_T_C_b38   7.022e-01 1.999e-03    1.999e-03      1.403e-03
ENSG00000277494:1(@)Loc935   chr8_143221248_G_A_b38   5.008e-03 5.694e-01    5.694e-01      2.852e-03
ENSG00000155158:2(@)Loc948   chr9_15304784_C_A_b38   1.244e-01 8.121e-01    8.121e-01      1.010e-01
ENSG00000148057:1(@)Loc976   chr9_83618322_C_T_b38   8.521e-02 1.186e-03    1.186e-03      1.010e-04
ENSG00000148057:1(@)Loc976   chr9_83623171_T_C_b38   4.543e-01 1.225e-03    1.225e-03      5.563e-04
ENSG00000148057:1(@)Loc976   chr9_83624789_A_C_b38   8.710e-02 1.175e-03    1.175e-03      1.023e-04
ENSG00000235119:1(@)Loc994   chr9_114386150_G_T_b38   2.604e-03 4.281e-02    4.280e-02      1.115e-04
ENSG00000235119:1(@)Loc994   chr9_114396217_C_T_b38   3.778e-02 4.160e-03    4.160e-03      1.572e-04
ENSG00000235119:1(@)Loc994   chr9_114397090_C_G_b38   3.778e-02 4.494e-03    4.494e-03      1.698e-04
ENSG00000235119:1(@)Loc994   chr9_114398775_C_T_b38   1.555e-01 3.410e-03    3.410e-03      5.304e-04
ENSG00000119383:2(@)Loc1001   chr9_129145231_T_C_b38   9.999e-01 2.408e-04    2.408e-04      2.407e-04
ENSG00000175164:4(@)Loc1005   chr9_133272138_G_A_b38   6.345e-02 3.085e-03    3.084e-03      1.957e-04
ENSG00000175164:4(@)Loc1005   chr9_133272287_T_C_b38   2.123e-01 4.622e-03    4.622e-03      9.811e-04
ENSG00000175164:4(@)Loc1005   chr9_133272408_G_T_b38   6.345e-02 5.157e-03    5.156e-03      3.272e-04
ENSG00000175164:4(@)Loc1005   chr9_133273232_C_T_b38   1.112e-01 3.230e-03    3.229e-03      3.591e-04
ENSG00000057608:1(@)Loc1015   chr10_5832169_A_G_b38   9.779e-01 6.299e-04    6.298e-04      6.159e-04
ENSG00000229124:2(@)Loc1023   chr10_17226840_T_C_b38   9.658e-02 1.626e-03    1.626e-03      1.570e-04
ENSG00000026025:1(@)Loc1023   chr10_17229111_G_C_b38   5.702e-02 1.542e-02    1.542e-02      8.790e-04
ENSG00000229124:1(@)Loc1023   chr10_17229401_G_C_b38   7.409e-01 4.280e-04    4.279e-04      3.171e-04
ENSG00000229124:1(@)Loc1023   chr10_17240449_A_G_b38   2.481e-02 3.586e-02    3.586e-02      8.896e-04
ENSG00000204152:1(@)Loc1042   chr10_49952090_G_A_b38   7.697e-01 1.535e-04    1.535e-04      1.182e-04
ENSG00000272140:1(@)Loc1058   chr10_73717540_A_G_b38   9.021e-03 2.285e-02    2.284e-02      2.061e-04
ENSG00000279689:1(@)Loc1058   chr10_73717540_A_G_b38   6.897e-03 2.285e-02    2.284e-02      1.576e-04
ENSG00000165644:1(@)Loc1058   chr10_75235812_C_G_b38   6.126e-01 1.911e-04    1.911e-04      1.171e-04
ENSG00000213341:1(@)Loc1073   chr10_100152307_T_C_b38   6.137e-04 1.667e-01    1.667e-01      1.023e-04
ENSG00000230224:1(@)Loc1073   chr10_100223656_G_A_b38   6.852e-02 3.589e-03    3.589e-03      2.459e-04
ENSG00000230224:1(@)Loc1073   chr10_100224059_G_A_b38   6.852e-02 3.589e-03    3.589e-03      2.459e-04
ENSG00000230224:1(@)Loc1073   chr10_100233804_CAG_C_b38   5.180e-02 3.719e-03    3.719e-03      1.926e-04
ENSG00000230224:1(@)Loc1073   chr10_100236603_C_T_b38   1.668e-01 3.121e-03    3.120e-03      5.204e-04
ENSG00000230224:1(@)Loc1073   chr10_100238657_T_C_b38   6.808e-02 2.455e-03    2.454e-03      1.671e-04
ENSG00000230224:1(@)Loc1073   chr10_100239989_G_A_b38   6.808e-02 3.583e-03    3.582e-03      2.439e-04
ENSG00000230224:1(@)Loc1073   chr10_100240944_C_T_b38   6.808e-02 2.361e-03    2.361e-03      1.607e-04
ENSG00000230224:1(@)Loc1073   chr10_100244149_G_C_b38   1.137e-01 3.020e-03    3.019e-03      3.435e-04
ENSG00000230224:1(@)Loc1073   chr10_100267650_C_T_b38   7.260e-02 2.860e-03    2.859e-03      2.076e-04
ENSG00000095485:1(@)Loc1073   chr10_100264501_C_T_b38   4.679e-02 2.455e-03    2.454e-03      1.148e-04
ENSG00000095485:1(@)Loc1073   chr10_100266802_G_C_b38   1.582e-01 2.455e-03    2.454e-03      3.882e-04
ENSG00000095485:1(@)Loc1073   chr10_100267650_C_T_b38   7.389e-01 2.860e-03    2.859e-03      2.113e-03
ENSG00000165832:1(@)Loc1081   chr10_114933684_C_T_b38   6.568e-02 1.774e-03    1.774e-03      1.165e-04
ENSG00000165832:1(@)Loc1081   chr10_114953392_C_A_b38   4.426e-01 7.448e-04    7.447e-04      3.296e-04
ENSG00000165832:1(@)Loc1081   chr10_114955200_C_T_b38   1.040e-01 1.177e-03    1.177e-03      1.224e-04
ENSG00000185101:2(@)Loc1095   chr11_439879_G_A_b38   9.993e-01 1.185e-04    1.185e-04      1.184e-04
ENSG00000254739:2(@)Loc1095   chr11_528575_A_G_b38   3.079e-01 3.462e-04    3.461e-04      1.066e-04
ENSG00000174775:1(@)Loc1095   chr11_539648_G_A_b38   6.549e-01 7.769e-04    7.768e-04      5.087e-04
ENSG00000174775:1(@)Loc1095   chr11_554047_G_A_b38   1.853e-01 1.184e-03    1.183e-03      2.192e-04
ENSG00000161328:2(@)Loc1095   chr11_539648_G_A_b38   4.436e-01 7.769e-04    7.768e-04      3.446e-04
ENSG00000161328:2(@)Loc1095   chr11_545276_G_T_b38   3.110e-01 7.830e-04    7.829e-04      2.435e-04
ENSG00000161328:2(@)Loc1095   chr11_555645_T_G_b38   2.408e-01 7.983e-04    7.982e-04      1.922e-04
ENSG00000069696:1(@)Loc1095   chr11_554047_G_A_b38   1.487e-01 1.184e-03    1.183e-03      1.760e-04
ENSG00000069696:1(@)Loc1095   chr11_562437_G_A_b38   2.126e-01 1.216e-03    1.216e-03      2.585e-04
ENSG00000069696:1(@)Loc1095   chr11_571568_A_G_b38   2.271e-01 5.552e-04    5.551e-04      1.260e-04
ENSG00000254815:1(@)Loc1095   chr11_555645_T_G_b38   9.933e-01 7.983e-04    7.982e-04      7.928e-04
ENSG00000070047:1(@)Loc1095   chr11_577534_G_A_b38   7.215e-01 3.134e-04    3.134e-04      2.261e-04
ENSG00000183562:2(@)Loc1096   chr11_2999559_G_A_b38   1.233e-01 1.900e-03    1.900e-03      2.343e-04
ENSG00000183562:2(@)Loc1096   chr11_3014637_AAAG_A_b38   3.243e-01 2.691e-03    2.691e-03      8.726e-04
ENSG00000183562:2(@)Loc1096   chr11_3015094_C_T_b38   1.914e-02 7.424e-03    7.424e-03      1.421e-04
ENSG00000183562:2(@)Loc1096   chr11_3034131_T_C_b38   8.387e-02 1.537e-03    1.537e-03      1.289e-04
ENSG00000132275:1(@)Loc1099   chr11_6600286_G_A_b38   8.872e-01 1.510e-04    1.510e-04      1.340e-04
ENSG00000175220:2(@)Loc1122   chr11_46721697_T_C_b38   3.011e-03 9.478e-01    9.478e-01      2.853e-03
ENSG00000180210:1(@)Loc1122   chr11_46721697_T_C_b38   1.025e-03 9.478e-01    9.478e-01      9.711e-04
ENSG00000168496:1(@)Loc1128   chr11_61783884_T_C_b38   1.911e-03 1.979e-01    1.979e-01      3.781e-04
ENSG00000168496:1(@)Loc1128   chr11_61785208_G_T_b38   2.377e-03 4.541e-02    4.541e-02      1.079e-04
ENSG00000168496:1(@)Loc1128   chr11_61790331_T_C_b38   2.581e-03 2.742e-01    2.742e-01      7.078e-04
ENSG00000168496:1(@)Loc1128   chr11_61802358_C_T_b38   2.100e-03 2.144e-01    2.144e-01      4.502e-04
ENSG00000168496:1(@)Loc1128   chr11_61804006_T_C_b38   9.942e-04 1.347e-01    1.347e-01      1.340e-04
ENSG00000134825:2(@)Loc1128   chr11_61785208_G_T_b38   2.718e-02 4.541e-02    4.541e-02      1.234e-03
ENSG00000134825:2(@)Loc1128   chr11_61790331_T_C_b38   4.218e-03 2.742e-01    2.742e-01      1.157e-03
ENSG00000134825:2(@)Loc1128   chr11_61802358_C_T_b38   2.344e-02 2.144e-01    2.144e-01      5.026e-03
ENSG00000134825:2(@)Loc1128   chr11_61803311_T_C_b38   9.429e-03 4.778e-02    4.778e-02      4.505e-04
ENSG00000134825:2(@)Loc1128   chr11_61804006_T_C_b38   9.429e-03 1.348e-01    1.347e-01      1.271e-03
ENSG00000176973:2(@)Loc1130   chr11_65623846_G_A_b38   1.938e-02 7.961e-01    7.961e-01      1.543e-02
ENSG00000213445:1(@)Loc1130   chr11_65638129_G_T_b38   9.986e-01 1.371e-02    1.371e-02      1.369e-02
ENSG00000172803:1(@)Loc1130   chr11_65834089_G_C_b38   9.339e-01 1.930e-04    1.930e-04      1.802e-04
ENSG00000172543:1(@)Loc1130   chr11_65879789_A_G_b38   3.516e-01 6.625e-04    6.624e-04      2.329e-04
ENSG00000110090:1(@)Loc1132   chr11_68830586_G_A_b38   2.012e-03 5.414e-02    5.413e-02      1.089e-04
ENSG00000132740:2(@)Loc1132   chr11_68831657_G_A_b38   2.115e-01 6.574e-04    6.573e-04      1.390e-04
ENSG00000132740:2(@)Loc1132   chr11_68835267_G_C_b38   2.182e-01 7.622e-04    7.621e-04      1.663e-04
ENSG00000250508:1(@)Loc1132   chr11_68868894_G_A_b38   9.755e-02 1.313e-03    1.313e-03      1.281e-04
ENSG00000250508:1(@)Loc1132   chr11_68872013_C_T_b38   3.327e-01 9.475e-04    9.474e-04      3.152e-04
ENSG00000250508:1(@)Loc1132   chr11_68875506_C_T_b38   5.493e-02 2.320e-03    2.320e-03      1.274e-04
ENSG00000197345:2(@)Loc1132   chr11_68899730_A_C_b38   5.108e-03 6.787e-02    6.786e-02      3.466e-04
ENSG00000132740:3(@)Loc1132   chr11_68899730_A_C_b38   5.005e-03 6.787e-02    6.786e-02      3.396e-04
ENSG00000132740:3(@)Loc1132   chr11_68903812_G_GCCGCCGCCATCTTC_b38   6.583e-01 1.407e-03    1.407e-03      9.265e-04
ENSG00000197345:1(@)Loc1132   chr11_68903812_G_GCCGCCGCCATCTTC_b38   9.303e-01 1.407e-03    1.407e-03      1.309e-03
ENSG00000132740:1(@)Loc1132   chr11_68951815_T_C_b38   2.325e-01 5.044e-04    5.043e-04      1.172e-04
ENSG00000132740:1(@)Loc1132   chr11_68952542_G_A_b38   2.325e-01 4.479e-04    4.479e-04      1.041e-04
ENSG00000131620:2(@)Loc1133   chr11_70078246_C_G_b38   1.134e-01 1.009e-03    1.009e-03      1.144e-04
ENSG00000270179:1(@)Loc1161   chr11_113283448_G_A_b38   7.143e-01 1.994e-04    1.994e-04      1.424e-04
ENSG00000109917:1(@)Loc1164   chr11_116779402_C_T_b38   1.102e-02 1.718e-02    1.718e-02      1.893e-04
ENSG00000109917:1(@)Loc1164   chr11_116781491_C_T_b38   1.102e-02 1.712e-01    1.712e-01      1.887e-03
ENSG00000243431:2(@)Loc1165   chr11_118634025_T_C_b38   3.324e-01 1.625e-03    1.625e-03      5.400e-04
ENSG00000137700:1(@)Loc1165   chr11_119030552_C_T_b38   5.739e-02 2.419e-03    2.419e-03      1.388e-04
ENSG00000137700:1(@)Loc1165   chr11_119030904_A_T_b38   9.517e-02 2.616e-03    2.616e-03      2.490e-04
ENSG00000137700:1(@)Loc1165   chr11_119032048_G_C_b38   1.630e-02 8.261e-03    8.261e-03      1.347e-04
ENSG00000137700:1(@)Loc1165   chr11_119033360_G_GT_b38   2.048e-01 6.888e-04    6.888e-04      1.411e-04
ENSG00000160695:1(@)Loc1165   chr11_119068169_A_G_b38   6.089e-01 6.076e-04    6.076e-04      3.699e-04
ENSG00000271751:2(@)Loc1165   chr11_119066395_A_T_b38   8.777e-02 1.204e-03    1.204e-03      1.057e-04
ENSG00000271751:2(@)Loc1165   chr11_119066439_G_C_b38   8.777e-02 1.204e-03    1.204e-03      1.057e-04
ENSG00000271751:2(@)Loc1165   chr11_119067660_T_A_b38   4.636e-02 3.212e-03    3.212e-03      1.489e-04
ENSG00000256269:1(@)Loc1165   chr11_119083555_G_A_b38   4.256e-01 4.439e-04    4.439e-04      1.889e-04
ENSG00000256269:1(@)Loc1165   chr11_119087417_C_A_b38   3.974e-01 7.601e-04    7.600e-04      3.020e-04
ENSG00000154127:1(@)Loc1168   chr11_122651667_T_C_b38   6.579e-04 4.414e-01    4.414e-01      2.904e-04
ENSG00000280832:2(@)Loc1171   chr11_126348646_A_G_b38   6.382e-04 9.328e-01    9.328e-01      5.953e-04
ENSG00000003056:1(@)Loc1187   chr12_8946399_G_GAAC_b38   9.086e-01 2.704e-04    2.704e-04      2.457e-04
ENSG00000123095:1(@)Loc1196   chr12_26300350_A_G_b38   4.363e-03 3.395e-02    3.395e-02      1.482e-04
ENSG00000123095:1(@)Loc1196   chr12_26304257_A_G_b38   4.363e-03 4.116e-02    4.116e-02      1.796e-04
ENSG00000123095:1(@)Loc1196   chr12_26310149_C_T_b38   1.350e-02 4.476e-02    4.475e-02      6.044e-04
ENSG00000123095:1(@)Loc1196   chr12_26317917_T_A_b38   4.396e-03 6.116e-02    6.115e-02      2.688e-04
ENSG00000123095:1(@)Loc1196   chr12_26319629_A_G_b38   1.350e-02 3.875e-02    3.875e-02      5.233e-04
ENSG00000123095:1(@)Loc1196   chr12_26321934_G_A_b38   1.350e-02 4.566e-02    4.565e-02      6.165e-04
ENSG00000177875:2(@)Loc1208   chr12_48184848_G_C_b38   4.954e-01 3.379e-04    3.379e-04      1.674e-04
ENSG00000174527:1(@)Loc1244   chr12_109455351_A_G_b38   8.273e-03 7.515e-02    7.515e-02      6.217e-04
ENSG00000174527:1(@)Loc1244   chr12_109466513_C_T_b38   2.461e-02 5.425e-02    5.425e-02      1.335e-03
ENSG00000174527:1(@)Loc1244   chr12_109499729_G_A_b38   2.025e-02 6.094e-02    6.094e-02      1.234e-03
ENSG00000174527:1(@)Loc1244   chr12_109500102_C_T_b38   2.025e-02 4.905e-02    4.905e-02      9.933e-04
ENSG00000174527:1(@)Loc1244   chr12_109501052_A_G_b38   2.025e-02 4.491e-02    4.490e-02      9.093e-04
ENSG00000174527:1(@)Loc1244   chr12_109512339_A_G_b38   9.113e-03 4.989e-01    4.989e-01      4.546e-03
ENSG00000174527:1(@)Loc1244   chr12_109523157_T_C_b38   2.025e-02 3.942e-02    3.942e-02      7.983e-04
ENSG00000174527:1(@)Loc1244   chr12_109555798_C_A_b38   7.592e-03 6.500e-02    6.500e-02      4.935e-04
ENSG00000174527:1(@)Loc1244   chr12_109557292_A_G_b38   7.592e-03 3.518e-02    3.518e-02      2.671e-04
ENSG00000174527:1(@)Loc1244   chr12_109565014_A_G_b38   4.917e-03 3.588e-02    3.588e-02      1.764e-04
ENSG00000174527:1(@)Loc1244   chr12_109578088_A_G_b38   4.917e-03 3.531e-02    3.531e-02      1.736e-04
ENSG00000196917:1(@)Loc1253   chr12_122686671_A_G_b38   9.206e-03 2.594e-01    2.594e-01      2.388e-03
ENSG00000256249:1(@)Loc1253   chr12_122686671_A_G_b38   3.099e-01 2.594e-01    2.594e-01      8.041e-02
ENSG00000270130:1(@)Loc1253   chr12_123964676_C_A_b38   8.749e-04 1.682e-01    1.681e-01      1.471e-04
ENSG00000269997:2(@)Loc1253   chr12_123935181_C_T_b38   8.641e-04 1.328e-01    1.328e-01      1.148e-04
ENSG00000269997:2(@)Loc1253   chr12_123964676_C_A_b38   7.509e-03 1.682e-01    1.682e-01      1.263e-03
ENSG00000270028:1(@)Loc1253   chr12_123920171_T_C_b38   2.531e-02 1.115e-01    1.115e-01      2.823e-03
ENSG00000270028:1(@)Loc1253   chr12_123924955_G_A_b38   8.743e-02 4.999e-02    4.999e-02      4.371e-03
ENSG00000270028:1(@)Loc1253   chr12_123929551_C_T_b38   3.047e-02 8.649e-02    8.649e-02      2.636e-03
ENSG00000270028:1(@)Loc1253   chr12_123964676_C_A_b38   3.549e-03 1.682e-01    1.681e-01      5.968e-04
ENSG00000250091:3(@)Loc1253   chr12_123935181_C_T_b38   1.097e-02 1.328e-01    1.328e-01      1.457e-03
ENSG00000179195:1(@)Loc1253   chr12_123964676_C_A_b38   1.985e-02 1.682e-01    1.681e-01      3.337e-03
ENSG00000179195:1(@)Loc1253   chr12_123980289_G_T_b38   4.852e-03 3.708e-02    3.708e-02      1.799e-04
ENSG00000250208:3(@)Loc1258   chr12_130149340_C_T_b38   9.827e-01 1.514e-04    1.514e-04      1.487e-04
ENSG00000196199:1(@)Loc1261   chr13_19665701_C_T_b38   9.042e-01 1.145e-04    1.144e-04      1.035e-04
ENSG00000120688:1(@)Loc1276   chr13_41061165_C_G_b38   8.702e-01 3.057e-04    3.057e-04      2.660e-04
ENSG00000023516:1(@)Loc1276   chr13_42268562_A_G_b38   5.566e-01 5.976e-04    5.975e-04      3.326e-04
ENSG00000023516:1(@)Loc1276   chr13_42269494_G_A_b38   2.184e-01 5.039e-04    5.039e-04      1.100e-04
ENSG00000023516:1(@)Loc1276   chr13_42333806_T_C_b38   2.464e-02 7.399e-03    7.399e-03      1.823e-04
ENSG00000088448:1(@)Loc1320   chr13_110915159_G_A_b38   4.470e-01 2.713e-04    2.712e-04      1.212e-04
ENSG00000213463:1(@)Loc1354   chr14_70317226_A_G_b38   8.762e-02 1.850e-02    1.850e-02      1.621e-03
ENSG00000213463:1(@)Loc1354   chr14_70367102_C_G_b38   3.742e-01 1.880e-03    1.880e-03      7.036e-04
ENSG00000100577:1(@)Loc1358   chr14_77319678_A_G_b38   9.463e-01 1.532e-04    1.531e-04      1.449e-04
ENSG00000197119:1(@)Loc1374   chr14_100302826_C_T_b38   9.619e-01 2.227e-04    2.226e-04      2.142e-04
ENSG00000140105:2(@)Loc1374   chr14_100378031_C_T_b38   3.043e-03 1.096e-01    1.096e-01      3.336e-04
ENSG00000176473:1(@)Loc1374   chr14_100378031_C_T_b38   1.192e-01 1.096e-01    1.096e-01      1.307e-02
ENSG00000182636:1(@)Loc1380   chr15_23687320_G_A_b38   9.988e-01 1.166e-04    1.165e-04      1.164e-04
ENSG00000103932:2(@)Loc1393   chr15_41527800_G_A_b38   5.845e-01 6.033e-04    6.032e-04      3.526e-04
ENSG00000103932:1(@)Loc1393   chr15_41527085_G_A_b38   9.994e-01 2.562e-04    2.561e-04      2.560e-04
ENSG00000223572:2(@)Loc1394   chr15_43288447_C_T_b38   1.000e+00 1.049e-02    1.049e-02      1.049e-02
ENSG00000166762:2(@)Loc1394   chr15_43288447_C_T_b38   9.944e-01 1.049e-02    1.049e-02      1.043e-02
ENSG00000186417:1(@)Loc1398   chr15_51341432_G_A_b38   6.520e-01 3.036e-04    3.035e-04      1.979e-04
ENSG00000274528:2(@)Loc1399   chr15_52018225_CACCATGTTG_C_b38   9.387e-01 4.812e-04    4.811e-04      4.517e-04
ENSG00000259438:2(@)Loc1399   chr15_52018225_CACCATGTTG_C_b38   5.881e-01 4.812e-04    4.811e-04      2.830e-04
ENSG00000137875:2(@)Loc1399   chr15_52112665_A_C_b38   7.105e-01 2.131e-04    2.131e-04      1.514e-04
ENSG00000188779:1(@)Loc1409   chr15_67747928_A_G_b38   2.920e-01 5.089e-04    5.088e-04      1.486e-04
ENSG00000180953:2(@)Loc1415   chr15_79919143_G_C_b38   6.139e-01 3.123e-04    3.123e-04      1.917e-04
ENSG00000162004:3(@)Loc1429   chr16_718597_A_G_b38   8.326e-01 1.345e-04    1.344e-04      1.119e-04
ENSG00000103199:3(@)Loc1432   chr16_4785229_T_C_b38   5.624e-01 2.137e-04    2.137e-04      1.202e-04
ENSG00000118900:1(@)Loc1432   chr16_4890022_T_C_b38   8.180e-01 4.864e-04    4.863e-04      3.978e-04
ENSG00000183793:1(@)Loc1443   chr16_15036083_C_T_b38   9.999e-01 1.439e-02    1.439e-02      1.439e-02
ENSG00000183426:1(@)Loc1443   chr16_15036083_C_T_b38   9.999e-01 1.439e-02    1.439e-02      1.439e-02
ENSG00000157045:1(@)Loc1443   chr16_15054789_C_A_b38   3.213e-01 3.298e-03    3.298e-03      1.060e-03
ENSG00000157045:1(@)Loc1443   chr16_15056648_C_A_b38   3.550e-01 3.587e-03    3.587e-03      1.273e-03
ENSG00000157045:1(@)Loc1443   chr16_15078261_T_C_b38   5.752e-02 3.977e-03    3.977e-03      2.288e-04
ENSG00000174628:1(@)Loc1446   chr16_19716676_A_G_b38   2.066e-01 1.552e-03    1.552e-03      3.206e-04
ENSG00000103550:1(@)Loc1446   chr16_19708624_C_A_b38   3.332e-01 2.459e-03    2.459e-03      8.192e-04
ENSG00000103550:1(@)Loc1446   chr16_19711044_T_C_b38   3.332e-01 3.065e-03    3.065e-03      1.021e-03
ENSG00000251417:1(@)Loc1451   chr16_28811776_A_G_b38   3.810e-01 3.431e-04    3.430e-04      1.307e-04
ENSG00000178188:1(@)Loc1451   chr16_28846324_A_G_b38   1.586e-01 7.271e-04    7.270e-04      1.153e-04
ENSG00000178952:1(@)Loc1451   chr16_28846324_A_G_b38   8.954e-01 7.271e-04    7.270e-04      6.510e-04
ENSG00000196296:1(@)Loc1451   chr16_28878165_C_A_b38   7.837e-02 3.753e-03    3.753e-03      2.941e-04
ENSG00000196296:1(@)Loc1451   chr16_28878376_C_CT_b38   2.941e-01 3.650e-04    3.650e-04      1.073e-04
ENSG00000260853:1(@)Loc1451   chr16_28958159_A_G_b38   3.138e-01 1.117e-03    1.116e-03      3.503e-04
ENSG00000260853:1(@)Loc1451   chr16_28981325_G_A_b38   1.084e-02 1.213e-02    1.213e-02      1.314e-04
ENSG00000176953:1(@)Loc1451   chr16_28951691_T_C_b38   9.002e-01 1.130e-04    1.129e-04      1.017e-04
ENSG00000087237:1(@)Loc1458   chr16_56960332_T_TA_b38   4.727e-03 1.000e+00    1.000e+00      4.727e-03
ENSG00000141098:2(@)Loc1464   chr16_67724875_C_T_b38   7.235e-02 5.653e-03    5.652e-03      4.089e-04
ENSG00000159792:1(@)Loc1464   chr16_67845497_G_A_b38   3.532e-03 2.174e-01    2.174e-01      7.679e-04
ENSG00000159792:1(@)Loc1464   chr16_67863584_C_T_b38   4.452e-03 2.429e-01    2.429e-01      1.081e-03
ENSG00000159792:1(@)Loc1464   chr16_67894139_G_A_b38   9.144e-02 5.163e-01    5.163e-01      4.721e-02
ENSG00000188038:1(@)Loc1464   chr16_67845497_G_A_b38   3.914e-03 2.174e-01    2.174e-01      8.510e-04
ENSG00000188038:1(@)Loc1464   chr16_67863584_C_T_b38   1.313e-02 2.429e-01    2.429e-01      3.188e-03
ENSG00000188038:1(@)Loc1464   chr16_67894139_G_A_b38   2.036e-02 5.163e-01    5.163e-01      1.051e-02
ENSG00000168286:2(@)Loc1464   chr16_67845497_G_A_b38   1.609e-03 2.174e-01    2.174e-01      3.499e-04
ENSG00000168286:2(@)Loc1464   chr16_67863584_C_T_b38   4.487e-04 2.429e-01    2.429e-01      1.090e-04
ENSG00000050820:2(@)Loc1468   chr16_75241333_G_A_b38   1.685e-01 2.380e-03    2.379e-03      4.010e-04
ENSG00000050820:2(@)Loc1468   chr16_75250957_C_G_b38   1.132e-01 2.849e-03    2.849e-03      3.225e-04
ENSG00000050820:2(@)Loc1468   chr16_75255711_G_T_b38   6.738e-02 2.751e-03    2.751e-03      1.853e-04
ENSG00000050820:2(@)Loc1468   chr16_75260224_T_A_b38   6.504e-01 3.097e-03    3.096e-03      2.014e-03
ENSG00000198931:6(@)Loc1481   chr16_88812679_A_G_b38   4.863e-01 2.172e-04    2.172e-04      1.056e-04
ENSG00000167515:1(@)Loc1481   chr16_88859159_T_G_b38   6.019e-01 1.734e-04    1.734e-04      1.044e-04
ENSG00000070366:1(@)Loc1485   chr17_2299649_T_C_b38   4.539e-01 3.627e-04    3.627e-04      1.646e-04
ENSG00000141258:1(@)Loc1485   chr17_2346610_C_T_b38   1.000e+00 1.140e-04    1.140e-04      1.140e-04
ENSG00000263345:1(@)Loc1485   chr17_2346610_C_T_b38   9.997e-01 1.140e-04    1.140e-04      1.140e-04
ENSG00000167721:1(@)Loc1485   chr17_2346610_C_T_b38   9.988e-01 1.140e-04    1.140e-04      1.139e-04
ENSG00000129244:2(@)Loc1489   chr17_7635467_C_A_b38   4.061e-03 5.149e-02    5.148e-02      2.091e-04
ENSG00000179029:1(@)Loc1489   chr17_8175711_G_C_b38   8.260e-02 1.546e-03    1.546e-03      1.277e-04
ENSG00000187688:1(@)Loc1496   chr17_16415618_T_C_b38   8.183e-01 1.318e-04    1.318e-04      1.078e-04
ENSG00000184060:1(@)Loc1500   chr17_30920697_G_A_b38   9.613e-01 2.281e-03    2.280e-03      2.192e-03
ENSG00000005156:1(@)Loc1503   chr17_34980567_G_A_b38   9.762e-01 7.158e-04    7.157e-04      6.987e-04
ENSG00000108306:1(@)Loc1505   chr17_39395735_G_A_b38   3.754e-02 4.218e-03    4.218e-03      1.583e-04
ENSG00000131771:3(@)Loc1505   chr17_39653965_C_G_b38   2.911e-02 1.401e-02    1.401e-02      4.078e-04
ENSG00000131771:3(@)Loc1505   chr17_39657827_G_A_b38   2.766e-02 1.529e-01    1.529e-01      4.229e-03
ENSG00000131771:3(@)Loc1505   chr17_39665182_G_T_b38   2.766e-02 3.231e-01    3.231e-01      8.935e-03
ENSG00000141744:1(@)Loc1505   chr17_39657827_G_A_b38   4.236e-03 1.529e-01    1.529e-01      6.478e-04
ENSG00000141744:1(@)Loc1505   chr17_39665182_G_T_b38   1.321e-02 3.231e-01    3.231e-01      4.269e-03
ENSG00000141744:1(@)Loc1505   chr17_39666058_A_C_b38   8.693e-03 1.284e-02    1.284e-02      1.116e-04
ENSG00000173991:2(@)Loc1505   chr17_39665182_G_T_b38   2.385e-03 3.231e-01    3.231e-01      7.705e-04
ENSG00000161395:2(@)Loc1505   chr17_39665182_G_T_b38   5.671e-04 3.231e-01    3.231e-01      1.832e-04
ENSG00000037042:2(@)Loc1507   chr17_42615670_C_T_b38   8.262e-04 1.306e-01    1.306e-01      1.079e-04
ENSG00000131470:1(@)Loc1507   chr17_42615670_C_T_b38   1.530e-03 1.306e-01    1.306e-01      1.998e-04
ENSG00000141699:1(@)Loc1507   chr17_42615670_C_T_b38   9.926e-03 1.306e-01    1.306e-01      1.296e-03
ENSG00000280183:2(@)Loc1507   chr17_42615670_C_T_b38   1.104e-03 1.306e-01    1.306e-01      1.442e-04
ENSG00000131462:2(@)Loc1507   chr17_42615670_C_T_b38   1.078e-03 1.306e-01    1.306e-01      1.408e-04
ENSG00000037042:1(@)Loc1507   chr17_42657766_T_C_b38   5.785e-01 2.486e-04    2.486e-04      1.438e-04
ENSG00000108797:1(@)Loc1507   chr17_42683904_A_C_b38   4.308e-01 6.011e-04    6.011e-04      2.589e-04
ENSG00000108861:1(@)Loc1508   chr17_43800798_A_C_b38   4.817e-03 5.998e-02    5.998e-02      2.889e-04
ENSG00000108852:3(@)Loc1508   chr17_43901388_G_T_b38   4.119e-03 3.635e-01    3.635e-01      1.497e-03
ENSG00000108433:1(@)Loc1509   chr17_46918734_A_G_b38   8.846e-02 1.401e-03    1.401e-03      1.239e-04
ENSG00000108433:1(@)Loc1509   chr17_46950671_A_T_b38   1.035e-01 1.108e-03    1.107e-03      1.146e-04
ENSG00000108433:1(@)Loc1509   chr17_46950686_C_T_b38   1.035e-01 1.108e-03    1.107e-03      1.146e-04
ENSG00000108433:1(@)Loc1509   chr17_46952302_G_T_b38   1.339e-01 1.145e-03    1.145e-03      1.533e-04
ENSG00000108433:1(@)Loc1509   chr17_46964713_G_A_b38   1.339e-01 1.030e-03    1.030e-03      1.380e-04
ENSG00000108433:1(@)Loc1509   chr17_46966781_C_A_b38   1.339e-01 9.271e-04    9.270e-04      1.241e-04
ENSG00000178852:4(@)Loc1509   chr17_47361586_C_T_b38   2.359e-02 4.791e-03    4.791e-03      1.130e-04
ENSG00000263766:2(@)Loc1509   chr17_47647630_G_A_b38   3.471e-02 3.581e-03    3.581e-03      1.243e-04
ENSG00000167183:1(@)Loc1510   chr17_47957635_C_G_b38   4.903e-01 3.312e-03    3.312e-03      1.624e-03
ENSG00000082641:1(@)Loc1510   chr17_48023505_C_T_b38   7.452e-02 3.423e-03    3.423e-03      2.551e-04
ENSG00000082641:1(@)Loc1510   chr17_48024471_G_A_b38   7.452e-02 3.423e-03    3.423e-03      2.551e-04
ENSG00000082641:1(@)Loc1510   chr17_48025871_C_A_b38   7.452e-02 3.423e-03    3.423e-03      2.551e-04
ENSG00000082641:1(@)Loc1510   chr17_48029859_T_C_b38   7.452e-02 3.423e-03    3.423e-03      2.551e-04
ENSG00000082641:1(@)Loc1510   chr17_48040059_T_C_b38   3.577e-02 3.423e-03    3.423e-03      1.224e-04
ENSG00000082641:1(@)Loc1510   chr17_48040108_C_T_b38   8.858e-02 3.233e-03    3.232e-03      2.863e-04
ENSG00000082641:1(@)Loc1510   chr17_48040378_T_C_b38   3.577e-02 3.423e-03    3.423e-03      1.224e-04
ENSG00000082641:1(@)Loc1510   chr17_48041304_A_G_b38   3.577e-02 3.423e-03    3.423e-03      1.224e-04
ENSG00000082641:1(@)Loc1510   chr17_48042269_G_T_b38   3.577e-02 3.423e-03    3.423e-03      1.224e-04
ENSG00000082641:1(@)Loc1510   chr17_48043171_C_T_b38   3.577e-02 3.423e-03    3.423e-03      1.224e-04
ENSG00000082641:1(@)Loc1510   chr17_48043405_T_C_b38   6.075e-02 2.287e-03    2.286e-03      1.389e-04
ENSG00000082641:1(@)Loc1510   chr17_48043866_G_T_b38   6.075e-02 3.423e-03    3.423e-03      2.079e-04
ENSG00000082641:1(@)Loc1510   chr17_48044513_T_C_b38   6.075e-02 3.423e-03    3.423e-03      2.079e-04
ENSG00000082641:1(@)Loc1510   chr17_48044763_G_T_b38   6.075e-02 6.335e-03    6.335e-03      3.848e-04
ENSG00000005243:2(@)Loc1510   chr17_48029859_T_C_b38   3.667e-02 3.423e-03    3.423e-03      1.255e-04
ENSG00000005243:2(@)Loc1510   chr17_48037714_C_T_b38   2.307e-01 3.423e-03    3.423e-03      7.896e-04
ENSG00000005243:2(@)Loc1510   chr17_48038166_T_C_b38   2.307e-01 3.423e-03    3.423e-03      7.896e-04
ENSG00000005243:2(@)Loc1510   chr17_48040059_T_C_b38   4.325e-02 3.423e-03    3.423e-03      1.481e-04
ENSG00000005243:2(@)Loc1510   chr17_48040108_C_T_b38   8.103e-02 3.233e-03    3.232e-03      2.619e-04
ENSG00000005243:2(@)Loc1510   chr17_48040119_T_C_b38   6.616e-02 3.388e-03    3.388e-03      2.241e-04
ENSG00000005243:2(@)Loc1510   chr17_48040378_T_C_b38   4.325e-02 3.423e-03    3.423e-03      1.481e-04
ENSG00000263412:2(@)Loc1510   chr17_48046280_A_C_b38   5.457e-02 4.534e-03    4.533e-03      2.474e-04
ENSG00000263412:2(@)Loc1510   chr17_48046964_G_C_b38   6.378e-02 1.800e-03    1.799e-03      1.148e-04
ENSG00000087157:3(@)Loc1526   chr17_78392121_A_G_b38   2.369e-04 7.337e-01    7.337e-01      1.738e-04
ENSG00000134490:1(@)Loc1541   chr18_23331390_G_GC_b38   9.744e-01 6.405e-04    6.405e-04      6.241e-04
ENSG00000141458:1(@)Loc1541   chr18_23560468_T_C_b38   5.364e-01 2.278e-04    2.277e-04      1.222e-04
ENSG00000267279:1(@)Loc1563   chr18_61606810_C_T_b38   8.765e-01 1.358e-04    1.357e-04      1.190e-04
ENSG00000167658:1(@)Loc1581   chr19_3985252_C_G_b38   5.941e-01 3.639e-04    3.639e-04      2.162e-04
ENSG00000171017:2(@)Loc1584   chr19_7905269_C_CT_b38   7.801e-02 1.314e-03    1.314e-03      1.025e-04
ENSG00000171017:2(@)Loc1584   chr19_7905750_A_G_b38   7.441e-02 6.616e-01    6.615e-01      4.922e-02
ENSG00000076984:1(@)Loc1584   chr19_7905750_A_G_b38   3.308e-02 6.616e-01    6.615e-01      2.189e-02
ENSG00000167772:1(@)Loc1585   chr19_8366697_G_A_b38   2.494e-02 6.668e-01    6.668e-01      1.663e-02
ENSG00000167772:1(@)Loc1585   chr19_8388938_T_C_b38   5.178e-03 3.328e-01    3.328e-01      1.723e-03
ENSG00000185236:2(@)Loc1585   chr19_8366697_G_A_b38   8.649e-04 6.668e-01    6.668e-01      5.767e-04
ENSG00000185236:2(@)Loc1585   chr19_8388938_T_C_b38   4.384e-03 3.328e-01    3.328e-01      1.459e-03
ENSG00000129353:1(@)Loc1586   chr19_10625505_G_A_b38   9.475e-01 1.824e-04    1.824e-04      1.729e-04
ENSG00000130173:1(@)Loc1587   chr19_11236817_T_C_b38   1.322e-02 9.097e-01    9.097e-01      1.203e-02
ENSG00000072958:1(@)Loc1590   chr19_16190733_G_C_b38   4.407e-02 3.143e-03    3.143e-03      1.385e-04
ENSG00000006016:1(@)Loc1592   chr19_18613506_C_G_b38   1.977e-01 6.627e-04    6.626e-04      1.310e-04
ENSG00000182472:1(@)Loc1603   chr19_38681402_G_C_b38   9.089e-01 3.601e-04    3.601e-04      3.273e-04
ENSG00000086548:1(@)Loc1606   chr19_41763816_C_T_b38   2.170e-01 5.649e-04    5.648e-04      1.225e-04
ENSG00000105767:1(@)Loc1607   chr19_43636863_T_C_b38   1.040e-01 4.980e-02    4.980e-02      5.179e-03
ENSG00000267282:2(@)Loc1608   chr19_44892362_A_G_b38   2.002e-03 9.999e-01    9.999e-01      2.002e-03
ENSG00000142230:2(@)Loc1610   chr19_47086638_T_C_b38   1.899e-03 1.641e-01    1.641e-01      3.117e-04
ENSG00000142230:2(@)Loc1610   chr19_47093845_T_C_b38   1.632e-03 1.986e-01    1.986e-01      3.242e-04
ENSG00000142230:2(@)Loc1610   chr19_47113120_G_T_b38   4.285e-02 5.011e-03    5.010e-03      2.147e-04
ENSG00000130749:1(@)Loc1610   chr19_47093845_T_C_b38   9.925e-04 1.986e-01    1.986e-01      1.971e-04
ENSG00000186230:1(@)Loc1616   chr19_57438168_T_C_b38   9.997e-01 1.022e-04    1.021e-04      1.021e-04
ENSG00000198131:1(@)Loc1616   chr19_58254093_G_A_b38   2.503e-01 4.889e-04    4.888e-04      1.223e-04
ENSG00000198131:1(@)Loc1616   chr19_58255184_A_G_b38   2.503e-01 4.889e-04    4.888e-04      1.223e-04
ENSG00000125835:1(@)Loc1618   chr20_2470857_G_A_b38   1.604e-01 8.138e-04    8.137e-04      1.305e-04
ENSG00000232388:1(@)Loc1629   chr20_18565555_T_C_b38   7.718e-01 1.753e-04    1.753e-04      1.353e-04
ENSG00000101460:1(@)Loc1637   chr20_34587662_C_T_b38   4.758e-03 8.951e-02    8.950e-02      4.259e-04
ENSG00000078804:1(@)Loc1637   chr20_34700707_G_C_b38   8.264e-02 5.691e-03    5.690e-03      4.703e-04
ENSG00000078804:1(@)Loc1637   chr20_34725762_T_C_b38   6.443e-03 3.180e-02    3.180e-02      2.049e-04
ENSG00000149633:1(@)Loc1638   chr20_38259919_C_G_b38   3.239e-01 4.437e-04    4.437e-04      1.437e-04
ENSG00000100979:2(@)Loc1644   chr20_45925376_T_C_b38   1.475e-03 4.136e-01    4.136e-01      6.099e-04
ENSG00000100979:2(@)Loc1644   chr20_45956781_A_G_b38   2.766e-04 4.258e-01    4.258e-01      1.178e-04
ENSG00000125510:1(@)Loc1654   chr20_64080700_T_C_b38   8.109e-01 1.855e-04    1.854e-04      1.504e-04
ENSG00000171700:1(@)Loc1654   chr20_64080106_C_T_b38   9.998e-01 1.527e-04    1.527e-04      1.527e-04
ENSG00000183255:3(@)Loc1677   chr21_44873356_A_C_b38   2.765e-01 4.004e-04    4.004e-04      1.107e-04
ENSG00000184058:1(@)Loc1681   chr22_19762002_A_G_b38   9.900e-01 3.653e-04    3.653e-04      3.617e-04
ENSG00000185651:1(@)Loc1682   chr22_21574627_T_G_b38   1.656e-02 3.100e-01    3.100e-01      5.134e-03
ENSG00000185651:1(@)Loc1682   chr22_21577779_C_T_b38   3.241e-03 6.363e-01    6.363e-01      2.062e-03
ENSG00000100023:3(@)Loc1682   chr22_21577779_C_T_b38   3.206e-04 6.363e-01    6.363e-01      2.040e-04
ENSG00000133433:3(@)Loc1684   chr22_23970896_G_A_b38   7.420e-01 4.954e-04    4.954e-04      3.676e-04
ENSG00000250470:3(@)Loc1684   chr22_23970896_G_A_b38   7.880e-01 4.954e-04    4.954e-04      3.903e-04
ENSG00000272977:1(@)Loc1685   chr22_25459662_G_A_b38   9.999e-01 1.864e-04    1.864e-04      1.864e-04
ENSG00000100068:3(@)Loc1685   chr22_25489737_A_G_b38   3.789e-02 5.302e-03    5.301e-03      2.009e-04
ENSG00000100330:1(@)Loc1688   chr22_29842328_A_T_b38   9.197e-01 1.235e-04    1.235e-04      1.135e-04
ENSG00000185022:1(@)Loc1693   chr22_38199404_G_A_b38   2.715e-03 6.993e-02    6.992e-02      1.898e-04
