Signal	SNP	PIP_qtl	PIP_gwas_marginal	PIP_gwas_qtl_prior	SCP
ENSG00000260063:1(@)Loc18   chr1_26712737_C_T_b38   6.320e-03 3.114e-01    3.113e-01      1.967e-03
ENSG00000060642:1(@)Loc18   chr1_26811902_C_T_b38   9.182e-03 4.286e-01    4.286e-01      3.935e-03
ENSG00000175707:1(@)Loc18   chr1_26958704_C_T_b38   2.689e-03 2.179e-01    2.178e-01      5.858e-04
ENSG00000243970:2(@)Loc24   chr1_39562508_A_G_b38   1.019e-02 5.718e-01    5.718e-01      5.824e-03
ENSG00000243970:2(@)Loc24   chr1_39570014_C_T_b38   2.966e-03 2.012e-01    2.012e-01      5.968e-04
ENSG00000182109:2(@)Loc24   chr1_39562508_A_G_b38   1.301e-03 5.718e-01    5.717e-01      7.436e-04
ENSG00000182109:2(@)Loc24   chr1_39570014_C_T_b38   1.301e-03 2.012e-01    2.012e-01      2.617e-04
ENSG00000228060:1(@)Loc24   chr1_39562508_A_G_b38   1.870e-02 5.718e-01    5.718e-01      1.069e-02
ENSG00000228060:1(@)Loc24   chr1_39570014_C_T_b38   2.542e-01 2.012e-01    2.012e-01      5.116e-02
ENSG00000228060:1(@)Loc24   chr1_39599289_G_A_b38   2.753e-03 6.734e-02    6.733e-02      1.854e-04
ENSG00000090621:1(@)Loc24   chr1_39570014_C_T_b38   2.913e-03 2.012e-01    2.012e-01      5.861e-04
ENSG00000117174:1(@)Loc52   chr1_85707615_C_T_b38   9.074e-01 1.655e-04    1.654e-04      1.501e-04
ENSG00000117500:1(@)Loc57   chr1_93150645_T_C_b38   2.312e-03 7.892e-02    7.889e-02      1.824e-04
ENSG00000223745:2(@)Loc57   chr1_93350843_A_G_b38   2.522e-02 6.504e-01    6.503e-01      1.640e-02
ENSG00000143575:1(@)Loc76   chr1_154270621_G_A_b38   1.281e-01 4.853e-03    4.851e-03      6.214e-04
ENSG00000143575:1(@)Loc76   chr1_154272666_T_G_b38   6.952e-01 1.539e-02    1.539e-02      1.070e-02
ENSG00000143575:1(@)Loc76   chr1_154279150_A_G_b38   4.753e-02 4.853e-03    4.851e-03      2.306e-04
ENSG00000143575:1(@)Loc76   chr1_154281841_G_A_b38   4.766e-02 4.541e-03    4.540e-03      2.163e-04
ENSG00000143575:1(@)Loc76   chr1_154284712_A_T_b38   2.142e-02 4.853e-03    4.851e-03      1.039e-04
ENSG00000143575:1(@)Loc76   chr1_154285242_T_C_b38   2.142e-02 4.853e-03    4.851e-03      1.039e-04
ENSG00000143575:1(@)Loc76   chr1_154287885_C_G_b38   2.142e-02 4.853e-03    4.851e-03      1.039e-04
ENSG00000143303:1(@)Loc78   chr1_156730859_T_G_b38   2.087e-02 9.208e-01    9.208e-01      1.922e-02
ENSG00000143319:1(@)Loc78   chr1_156730859_T_G_b38   1.301e-02 9.208e-01    9.208e-01      1.198e-02
ENSG00000143321:1(@)Loc78   chr1_156730859_T_G_b38   1.546e-02 9.208e-01    9.208e-01      1.423e-02
ENSG00000117280:1(@)Loc105   chr1_205750404_G_A_b38   8.507e-02 4.006e-02    4.005e-02      3.407e-03
ENSG00000198468:2(@)Loc109   chr1_212858106_G_C_b38   4.031e-01 2.877e-04    2.876e-04      1.159e-04
ENSG00000143353:1(@)Loc112   chr1_219172269_T_G_b38   1.477e-01 1.308e-03    1.308e-03      1.932e-04
ENSG00000143353:1(@)Loc112   chr1_219182447_A_G_b38   8.681e-02 2.580e-03    2.579e-03      2.238e-04
ENSG00000115239:1(@)Loc167   chr2_53705532_T_G_b38   4.799e-03 1.437e-01    1.437e-01      6.895e-04
ENSG00000115239:1(@)Loc167   chr2_53814846_G_T_b38   2.361e-02 2.450e-02    2.449e-02      5.783e-04
ENSG00000233266:1(@)Loc167   chr2_54002681_C_T_b38   3.185e-01 4.551e-04    4.549e-04      1.449e-04
ENSG00000246575:2(@)Loc186   chr2_85310189_G_A_b38   8.065e-03 2.737e-02    2.736e-02      2.207e-04
ENSG00000246575:2(@)Loc186   chr2_85313523_ACT_A_b38   5.661e-03 3.483e-02    3.483e-02      1.971e-04
ENSG00000246575:2(@)Loc186   chr2_85313643_C_T_b38   8.452e-03 4.651e-02    4.651e-02      3.931e-04
ENSG00000246575:2(@)Loc186   chr2_85313657_T_G_b38   8.452e-03 4.385e-02    4.385e-02      3.706e-04
ENSG00000246575:2(@)Loc186   chr2_85313960_T_C_b38   8.452e-03 4.192e-02    4.192e-02      3.543e-04
ENSG00000246575:2(@)Loc186   chr2_85315563_G_C_b38   1.286e-01 4.184e-02    4.184e-02      5.381e-03
ENSG00000246575:2(@)Loc186   chr2_85315595_G_A_b38   1.286e-01 1.667e-02    1.667e-02      2.145e-03
ENSG00000246575:2(@)Loc186   chr2_85317466_G_GCAACA_b38   1.305e-02 1.730e-02    1.730e-02      2.258e-04
ENSG00000246575:2(@)Loc186   chr2_85319492_C_T_b38   4.381e-02 1.317e-02    1.317e-02      5.770e-04
ENSG00000246575:2(@)Loc186   chr2_85319809_A_C_b38   4.381e-02 2.786e-02    2.786e-02      1.221e-03
ENSG00000246575:2(@)Loc186   chr2_85320253_C_G_b38   5.206e-03 2.671e-02    2.671e-02      1.391e-04
ENSG00000246575:2(@)Loc186   chr2_85320306_G_T_b38   5.206e-03 3.423e-02    3.423e-02      1.782e-04
ENSG00000246575:2(@)Loc186   chr2_85320840_C_T_b38   5.206e-03 3.327e-02    3.326e-02      1.732e-04
ENSG00000246575:2(@)Loc186   chr2_85320945_TA_T_b38   2.807e-02 1.627e-02    1.627e-02      4.566e-04
ENSG00000246575:2(@)Loc186   chr2_85322424_C_T_b38   3.148e-03 3.633e-02    3.633e-02      1.144e-04
ENSG00000246575:2(@)Loc186   chr2_85324061_C_T_b38   5.206e-03 3.357e-02    3.357e-02      1.748e-04
ENSG00000246575:2(@)Loc186   chr2_85324573_T_G_b38   3.148e-03 3.532e-02    3.532e-02      1.112e-04
ENSG00000246575:2(@)Loc186   chr2_85324656_G_A_b38   3.148e-03 3.725e-02    3.725e-02      1.173e-04
ENSG00000246575:2(@)Loc186   chr2_85325586_T_C_b38   1.260e-02 1.656e-02    1.656e-02      2.086e-04
ENSG00000246575:2(@)Loc186   chr2_85326661_C_T_b38   1.898e-02 3.433e-02    3.433e-02      6.516e-04
ENSG00000246575:2(@)Loc186   chr2_85328355_C_T_b38   2.102e-02 4.705e-02    4.705e-02      9.888e-04
ENSG00000152291:1(@)Loc186   chr2_85310189_G_A_b38   5.639e-03 2.737e-02    2.736e-02      1.543e-04
ENSG00000152291:1(@)Loc186   chr2_85311872_G_A_b38   2.364e-02 3.275e-02    3.275e-02      7.745e-04
ENSG00000152291:1(@)Loc186   chr2_85312047_A_C_b38   2.364e-02 3.275e-02    3.275e-02      7.745e-04
ENSG00000152291:1(@)Loc186   chr2_85312167_C_CA_b38   2.480e-01 6.241e-03    6.240e-03      1.548e-03
ENSG00000152291:1(@)Loc186   chr2_85312450_T_A_b38   1.359e-02 3.001e-02    3.001e-02      4.077e-04
ENSG00000152291:1(@)Loc186   chr2_85313523_ACT_A_b38   2.364e-02 3.483e-02    3.483e-02      8.235e-04
ENSG00000152291:1(@)Loc186   chr2_85313643_C_T_b38   9.738e-03 4.651e-02    4.651e-02      4.529e-04
ENSG00000152291:1(@)Loc186   chr2_85313657_T_G_b38   9.738e-03 4.385e-02    4.385e-02      4.270e-04
ENSG00000152291:1(@)Loc186   chr2_85313960_T_C_b38   9.738e-03 4.192e-02    4.192e-02      4.082e-04
ENSG00000152291:1(@)Loc186   chr2_85315563_G_C_b38   3.809e-03 4.184e-02    4.184e-02      1.594e-04
ENSG00000152291:1(@)Loc186   chr2_85317466_G_GCAACA_b38   1.454e-02 1.730e-02    1.730e-02      2.515e-04
ENSG00000152291:1(@)Loc186   chr2_85318929_A_G_b38   2.699e-02 1.720e-02    1.720e-02      4.642e-04
ENSG00000152291:1(@)Loc186   chr2_85319492_C_T_b38   1.244e-02 1.317e-02    1.317e-02      1.638e-04
ENSG00000152291:1(@)Loc186   chr2_85319809_A_C_b38   1.244e-02 2.786e-02    2.786e-02      3.466e-04
ENSG00000152291:1(@)Loc186   chr2_85320253_C_G_b38   4.078e-02 2.671e-02    2.671e-02      1.089e-03
ENSG00000152291:1(@)Loc186   chr2_85320306_G_T_b38   4.078e-02 3.423e-02    3.423e-02      1.396e-03
ENSG00000152291:1(@)Loc186   chr2_85320840_C_T_b38   4.078e-02 3.327e-02    3.326e-02      1.357e-03
ENSG00000152291:1(@)Loc186   chr2_85320945_TA_T_b38   1.244e-02 1.627e-02    1.627e-02      2.023e-04
ENSG00000152291:1(@)Loc186   chr2_85322404_T_C_b38   2.699e-02 2.996e-02    2.996e-02      8.084e-04
ENSG00000152291:1(@)Loc186   chr2_85322424_C_T_b38   2.699e-02 3.633e-02    3.633e-02      9.803e-04
ENSG00000152291:1(@)Loc186   chr2_85324061_C_T_b38   5.501e-02 3.357e-02    3.357e-02      1.847e-03
ENSG00000152291:1(@)Loc186   chr2_85324573_T_G_b38   3.736e-02 3.532e-02    3.532e-02      1.319e-03
ENSG00000152291:1(@)Loc186   chr2_85324656_G_A_b38   3.736e-02 3.725e-02    3.725e-02      1.391e-03
ENSG00000152291:1(@)Loc186   chr2_85325063_C_A_b38   5.501e-02 2.969e-02    2.969e-02      1.633e-03
ENSG00000152291:1(@)Loc186   chr2_85325586_T_C_b38   1.709e-02 1.656e-02    1.656e-02      2.829e-04
ENSG00000152291:1(@)Loc186   chr2_85325697_C_T_b38   3.736e-02 3.080e-02    3.080e-02      1.150e-03
ENSG00000152291:1(@)Loc186   chr2_85326661_C_T_b38   1.536e-02 3.433e-02    3.433e-02      5.273e-04
ENSG00000152291:1(@)Loc186   chr2_85328355_C_T_b38   1.815e-02 4.705e-02    4.705e-02      8.539e-04
ENSG00000042493:2(@)Loc186   chr2_85321516_A_G_b38   3.684e-01 2.043e-03    2.042e-03      7.525e-04
ENSG00000042493:2(@)Loc186   chr2_85322745_A_G_b38   1.668e-01 1.888e-03    1.888e-03      3.149e-04
ENSG00000042493:2(@)Loc186   chr2_85328139_T_G_b38   5.054e-02 7.777e-03    7.774e-03      3.929e-04
ENSG00000042445:1(@)Loc186   chr2_85333536_C_G_b38   4.801e-01 3.829e-04    3.827e-04      1.837e-04
ENSG00000004534:1(@)Loc311   chr3_49934081_C_A_b38   4.543e-02 2.093e-01    2.093e-01      9.508e-03
ENSG00000281691:1(@)Loc311   chr3_50091966_C_T_b38   8.716e-04 4.002e-01    4.002e-01      3.488e-04
ENSG00000003756:1(@)Loc311   chr3_50075601_A_G_b38   3.218e-04 3.265e-01    3.265e-01      1.051e-04
ENSG00000003756:1(@)Loc311   chr3_50091966_C_T_b38   8.929e-04 4.002e-01    4.002e-01      3.573e-04
ENSG00000174579:1(@)Loc360   chr3_136207780_G_T_b38   1.053e-03 1.813e-01    1.812e-01      1.909e-04
ENSG00000174579:1(@)Loc360   chr3_136213517_C_T_b38   1.152e-03 3.692e-01    3.691e-01      4.252e-04
ENSG00000163257:1(@)Loc415   chr4_17808632_G_A_b38   4.892e-01 2.553e-04    2.552e-04      1.248e-04
ENSG00000246090:3(@)Loc464   chr4_99093654_A_G_b38   3.590e-03 8.099e-01    8.098e-01      2.908e-03
ENSG00000226221:1(@)Loc553   chr5_56500492_C_T_b38   3.287e-03 6.391e-02    6.389e-02      2.100e-04
ENSG00000226221:1(@)Loc553   chr5_56510924_A_G_b38   2.528e-03 1.769e-01    1.769e-01      4.472e-04
ENSG00000226221:1(@)Loc553   chr5_56520065_A_G_b38   2.064e-03 5.173e-02    5.171e-02      1.067e-04
ENSG00000112308:1(@)Loc648   chr6_24713495_A_C_b38   2.563e-01 4.351e-04    4.349e-04      1.115e-04
ENSG00000112308:1(@)Loc648   chr6_24719750_G_A_b38   6.457e-01 1.278e-03    1.278e-03      8.249e-04
ENSG00000180596:2(@)Loc650   chr6_26124075_T_C_b38   2.438e-02 4.648e-03    4.646e-03      1.133e-04
ENSG00000280128:2(@)Loc654   chr6_30283614_C_T_b38   3.522e-01 4.581e-04    4.579e-04      1.613e-04
ENSG00000204444:1(@)Loc656   chr6_31651799_A_G_b38   3.586e-02 4.271e-03    4.269e-03      1.531e-04
ENSG00000204290:2(@)Loc656   chr6_32395438_T_C_b38   3.731e-04 6.106e-01    6.106e-01      2.278e-04
ENSG00000228962:2(@)Loc656   chr6_32395438_T_C_b38   7.137e-04 6.106e-01    6.105e-01      4.357e-04
ENSG00000198502:3(@)Loc656   chr6_32696681_T_C_b38   1.453e-02 3.814e-02    3.813e-02      5.538e-04
ENSG00000198502:3(@)Loc656   chr6_32697103_T_G_b38   1.453e-02 3.686e-02    3.684e-02      5.352e-04
ENSG00000196821:1(@)Loc658   chr6_34695821_C_T_b38   1.716e-02 6.603e-02    6.601e-02      1.133e-03
ENSG00000272288:1(@)Loc658   chr6_34695821_C_T_b38   4.624e-02 6.603e-02    6.601e-02      3.052e-03
ENSG00000124713:1(@)Loc663   chr6_42961020_T_G_b38   2.557e-01 7.990e-04    7.987e-04      2.042e-04
ENSG00000124587:2(@)Loc663   chr6_42972935_A_G_b38   1.481e-01 7.752e-04    7.749e-04      1.147e-04
ENSG00000124587:2(@)Loc663   chr6_42979275_G_C_b38   9.043e-02 1.488e-03    1.487e-03      1.345e-04
ENSG00000189367:1(@)Loc715   chr6_127459702_G_A_b38   5.815e-01 9.558e-04    9.554e-04      5.556e-04
ENSG00000164849:1(@)Loc744   chr7_1044141_A_G_b38   7.638e-02 4.560e-01    4.559e-01      3.482e-02
ENSG00000136273:1(@)Loc777   chr7_47979760_G_C_b38   4.083e-01 3.366e-04    3.364e-04      1.373e-04
ENSG00000106635:1(@)Loc789   chr7_73556901_C_T_b38   8.177e-03 1.846e-01    1.845e-01      1.509e-03
ENSG00000106635:1(@)Loc789   chr7_73568544_C_T_b38   1.726e-03 3.304e-01    3.303e-01      5.700e-04
ENSG00000106635:1(@)Loc789   chr7_73575060_A_G_b38   1.618e-02 1.218e-02    1.217e-02      1.969e-04
ENSG00000198898:1(@)Loc812   chr7_116810801_A_G_b38   4.034e-02 3.053e-03    3.052e-03      1.231e-04
ENSG00000164695:1(@)Loc899   chr8_81732207_G_A_b38   9.996e-01 2.170e-04    2.169e-04      2.168e-04
ENSG00000280193:1(@)Loc899   chr8_81732207_G_A_b38   7.584e-01 2.170e-04    2.169e-04      1.645e-04
ENSG00000175164:1(@)Loc1005   chr9_133275782_G_A_b38   2.946e-01 1.597e-03    1.596e-03      4.701e-04
ENSG00000057608:1(@)Loc1015   chr10_5757650_A_G_b38   8.305e-02 2.698e-01    2.698e-01      2.240e-02
ENSG00000165476:1(@)Loc1051   chr10_63504366_T_C_b38   1.221e-03 1.558e-01    1.557e-01      1.901e-04
ENSG00000165476:1(@)Loc1051   chr10_63517266_G_A_b38   3.456e-03 4.301e-02    4.300e-02      1.486e-04
ENSG00000272140:1(@)Loc1058   chr10_73717540_A_G_b38   6.285e-03 2.285e-02    2.284e-02      1.435e-04
ENSG00000107566:1(@)Loc1073   chr10_100152307_T_C_b38   2.251e-03 1.667e-01    1.666e-01      3.752e-04
ENSG00000230224:1(@)Loc1073   chr10_100244149_G_C_b38   3.453e-02 3.020e-03    3.019e-03      1.042e-04
ENSG00000230224:1(@)Loc1073   chr10_100248412_C_G_b38   1.311e-01 9.900e-04    9.896e-04      1.298e-04
ENSG00000095485:1(@)Loc1073   chr10_100266802_G_C_b38   8.083e-02 2.455e-03    2.454e-03      1.983e-04
ENSG00000095485:1(@)Loc1073   chr10_100267650_C_T_b38   1.294e-01 2.860e-03    2.858e-03      3.699e-04
ENSG00000099834:1(@)Loc1095   chr11_622064_TGTGA_T_b38   2.349e-01 6.392e-04    6.390e-04      1.501e-04
ENSG00000099834:1(@)Loc1095   chr11_625695_G_A_b38   7.007e-01 4.831e-04    4.829e-04      3.383e-04
ENSG00000025434:2(@)Loc1123   chr11_47273075_T_C_b38   8.531e-04 3.149e-01    3.148e-01      2.686e-04
ENSG00000025434:2(@)Loc1123   chr11_47284118_T_G_b38   1.639e-03 7.465e-02    7.464e-02      1.223e-04
ENSG00000134575:2(@)Loc1123   chr11_47273075_T_C_b38   4.902e-04 3.149e-01    3.148e-01      1.543e-04
ENSG00000134824:2(@)Loc1128   chr11_61783884_T_C_b38   2.277e-03 1.979e-01    1.979e-01      4.505e-04
ENSG00000134824:2(@)Loc1128   chr11_61785208_G_T_b38   2.892e-03 4.541e-02    4.541e-02      1.313e-04
ENSG00000134824:2(@)Loc1128   chr11_61802358_C_T_b38   7.406e-03 2.144e-01    2.144e-01      1.588e-03
ENSG00000134824:2(@)Loc1128   chr11_61803311_T_C_b38   7.406e-03 4.778e-02    4.778e-02      3.538e-04
ENSG00000134824:2(@)Loc1128   chr11_61804006_T_C_b38   7.406e-03 1.348e-01    1.347e-01      9.979e-04
ENSG00000134824:2(@)Loc1128   chr11_61830500_A_G_b38   9.492e-03 3.429e-02    3.429e-02      3.255e-04
ENSG00000134825:2(@)Loc1128   chr11_61783884_T_C_b38   1.847e-03 1.979e-01    1.978e-01      3.654e-04
ENSG00000134825:2(@)Loc1128   chr11_61790331_T_C_b38   1.113e-02 2.742e-01    2.742e-01      3.051e-03
ENSG00000134825:2(@)Loc1128   chr11_61803311_T_C_b38   2.883e-03 4.778e-02    4.777e-02      1.377e-04
ENSG00000134825:2(@)Loc1128   chr11_61804006_T_C_b38   2.883e-03 1.348e-01    1.347e-01      3.884e-04
ENSG00000168496:2(@)Loc1128   chr11_61783884_T_C_b38   7.565e-04 1.979e-01    1.979e-01      1.497e-04
ENSG00000168496:2(@)Loc1128   chr11_61790331_T_C_b38   1.572e-03 2.742e-01    2.742e-01      4.312e-04
ENSG00000168496:2(@)Loc1128   chr11_61802358_C_T_b38   1.248e-03 2.144e-01    2.144e-01      2.676e-04
ENSG00000134825:1(@)Loc1128   chr11_61785208_G_T_b38   6.251e-03 4.541e-02    4.539e-02      2.838e-04
ENSG00000134825:1(@)Loc1128   chr11_61802358_C_T_b38   5.860e-03 2.144e-01    2.144e-01      1.256e-03
ENSG00000213445:1(@)Loc1130   chr11_65638129_G_T_b38   9.981e-01 1.371e-02    1.371e-02      1.368e-02
ENSG00000172803:1(@)Loc1130   chr11_65834089_G_C_b38   8.792e-01 1.930e-04    1.929e-04      1.696e-04
ENSG00000172543:1(@)Loc1130   chr11_65879789_A_G_b38   3.482e-01 6.625e-04    6.622e-04      2.306e-04
ENSG00000250508:1(@)Loc1132   chr11_68830586_G_A_b38   2.546e-03 5.414e-02    5.412e-02      1.378e-04
ENSG00000197345:2(@)Loc1132   chr11_68899730_A_C_b38   4.250e-03 6.787e-02    6.784e-02      2.883e-04
ENSG00000132740:1(@)Loc1132   chr11_68914185_A_G_b38   1.203e-01 1.808e-03    1.808e-03      2.174e-04
ENSG00000132740:1(@)Loc1132   chr11_68916104_G_GT_b38   1.357e-01 9.423e-04    9.420e-04      1.278e-04
ENSG00000197345:1(@)Loc1132   chr11_68903812_G_GCCGCCGCCATCTTC_b38   9.455e-01 1.407e-03    1.407e-03      1.330e-03
ENSG00000109917:1(@)Loc1164   chr11_116781491_C_T_b38   8.169e-04 1.712e-01    1.711e-01      1.398e-04
ENSG00000137700:1(@)Loc1165   chr11_119030552_C_T_b38   6.126e-02 2.419e-03    2.418e-03      1.481e-04
ENSG00000137700:1(@)Loc1165   chr11_119030904_A_T_b38   4.145e-02 2.616e-03    2.615e-03      1.084e-04
ENSG00000137700:1(@)Loc1165   chr11_119032048_G_C_b38   1.799e-02 8.261e-03    8.258e-03      1.486e-04
ENSG00000160695:1(@)Loc1165   chr11_119068169_A_G_b38   2.317e-01 6.076e-04    6.074e-04      1.407e-04
ENSG00000256269:1(@)Loc1165   chr11_119083484_G_C_b38   1.883e-01 5.376e-04    5.374e-04      1.012e-04
ENSG00000154127:1(@)Loc1168   chr11_122651667_T_C_b38   7.735e-04 4.414e-01    4.414e-01      3.414e-04
ENSG00000154127:1(@)Loc1168   chr11_122663796_T_C_b38   7.147e-04 4.660e-01    4.660e-01      3.330e-04
ENSG00000110080:2(@)Loc1171   chr11_126348646_A_G_b38   2.598e-03 9.328e-01    9.328e-01      2.423e-03
ENSG00000110080:1(@)Loc1171   chr11_126355981_C_G_b38   9.802e-01 2.053e-03    2.052e-03      2.011e-03
ENSG00000139044:1(@)Loc1179   chr12_553672_T_C_b38   8.086e-01 1.391e-04    1.391e-04      1.125e-04
ENSG00000167780:1(@)Loc1211   chr12_53103914_A_G_b38   7.806e-01 1.391e-04    1.390e-04      1.085e-04
ENSG00000236946:1(@)Loc1220   chr12_68017126_T_C_b38   9.903e-01 1.082e-04    1.082e-04      1.071e-04
ENSG00000111785:2(@)Loc1243   chr12_106780868_A_C_b38   7.047e-04 2.314e-01    2.313e-01      1.630e-04
ENSG00000250091:1(@)Loc1253   chr12_123929551_C_T_b38   5.678e-03 8.649e-02    8.647e-02      4.909e-04
ENSG00000250091:1(@)Loc1253   chr12_123935181_C_T_b38   7.719e-02 1.328e-01    1.328e-01      1.025e-02
ENSG00000270061:1(@)Loc1253   chr12_123964676_C_A_b38   1.438e-03 1.682e-01    1.681e-01      2.418e-04
ENSG00000270061:1(@)Loc1253   chr12_123980289_G_T_b38   4.117e-03 3.708e-02    3.708e-02      1.526e-04
ENSG00000119242:2(@)Loc1253   chr12_123964676_C_A_b38   2.773e-03 1.682e-01    1.681e-01      4.663e-04
ENSG00000270048:1(@)Loc1253   chr12_123964676_C_A_b38   2.513e-03 1.682e-01    1.681e-01      4.225e-04
ENSG00000269938:2(@)Loc1253   chr12_123964676_C_A_b38   1.070e-03 1.682e-01    1.681e-01      1.799e-04
ENSG00000269997:2(@)Loc1253   chr12_123964676_C_A_b38   1.517e-03 1.682e-01    1.681e-01      2.551e-04
ENSG00000270095:2(@)Loc1253   chr12_123964676_C_A_b38   8.439e-04 1.682e-01    1.681e-01      1.419e-04
ENSG00000179195:1(@)Loc1253   chr12_123924955_G_A_b38   3.559e-03 4.999e-02    4.998e-02      1.779e-04
ENSG00000179195:1(@)Loc1253   chr12_123929551_C_T_b38   1.290e-03 8.649e-02    8.647e-02      1.115e-04
ENSG00000179195:1(@)Loc1253   chr12_123935181_C_T_b38   1.290e-03 1.328e-01    1.328e-01      1.712e-04
ENSG00000179195:1(@)Loc1253   chr12_123964676_C_A_b38   6.321e-03 1.682e-01    1.681e-01      1.063e-03
ENSG00000179195:1(@)Loc1253   chr12_123980289_G_T_b38   7.700e-03 3.708e-02    3.708e-02      2.855e-04
ENSG00000270130:1(@)Loc1253   chr12_123964676_C_A_b38   9.086e-04 1.682e-01    1.681e-01      1.527e-04
ENSG00000100883:1(@)Loc1331   chr14_34983051_T_C_b38   4.554e-01 2.199e-03    2.198e-03      1.001e-03
ENSG00000258666:1(@)Loc1374   chr14_100354199_A_G_b38   5.128e-01 2.057e-04    2.056e-04      1.055e-04
ENSG00000176473:1(@)Loc1374   chr14_100378031_C_T_b38   5.803e-03 1.096e-01    1.096e-01      6.360e-04
ENSG00000176473:1(@)Loc1374   chr14_100426412_G_A_b38   2.001e-02 6.444e-03    6.442e-03      1.289e-04
ENSG00000223313:1(@)Loc1392   chr15_40459356_C_A_b38   8.962e-01 3.984e-04    3.982e-04      3.569e-04
ENSG00000103932:1(@)Loc1393   chr15_41527124_C_T_b38   7.296e-01 5.525e-04    5.523e-04      4.029e-04
ENSG00000274528:2(@)Loc1399   chr15_52018225_CACCATGTTG_C_b38   2.171e-01 4.812e-04    4.810e-04      1.044e-04
ENSG00000103642:1(@)Loc1407   chr15_63104668_A_G_b38   2.990e-04 6.100e-01    6.100e-01      1.824e-04
ENSG00000103642:1(@)Loc1407   chr15_63121302_A_G_b38   2.069e-02 4.996e-03    4.996e-03      1.033e-04
ENSG00000103876:1(@)Loc1415   chr15_80150006_G_C_b38   4.253e-01 3.246e-04    3.244e-04      1.380e-04
ENSG00000103876:1(@)Loc1415   chr15_80151611_T_G_b38   4.274e-02 5.598e-03    5.596e-03      2.392e-04
ENSG00000103876:1(@)Loc1415   chr15_80152950_G_C_b38   4.438e-01 4.061e-04    4.059e-04      1.801e-04
ENSG00000179889:1(@)Loc1443   chr16_15036083_C_T_b38   2.331e-01 1.439e-02    1.439e-02      3.353e-03
ENSG00000183426:2(@)Loc1443   chr16_15036113_A_G_b38   2.964e-01 2.465e-03    2.464e-03      7.303e-04
ENSG00000183793:1(@)Loc1443   chr16_15036083_C_T_b38   9.355e-01 1.439e-02    1.439e-02      1.346e-02
ENSG00000157045:1(@)Loc1443   chr16_15036083_C_T_b38   1.380e-02 1.439e-02    1.439e-02      1.985e-04
ENSG00000157045:1(@)Loc1443   chr16_15054789_C_A_b38   5.858e-02 3.298e-03    3.297e-03      1.931e-04
ENSG00000157045:1(@)Loc1443   chr16_15056648_C_A_b38   6.818e-02 3.587e-03    3.586e-03      2.445e-04
ENSG00000103550:1(@)Loc1446   chr16_19711044_T_C_b38   5.811e-02 3.065e-03    3.064e-03      1.780e-04
ENSG00000167191:1(@)Loc1446   chr16_19923751_G_T_b38   2.376e-03 4.824e-02    4.822e-02      1.146e-04
ENSG00000167191:1(@)Loc1446   chr16_19924067_G_A_b38   2.376e-03 5.449e-02    5.448e-02      1.295e-04
ENSG00000240634:1(@)Loc1451   chr16_28814728_C_T_b38   4.532e-02 2.468e-03    2.467e-03      1.118e-04
ENSG00000178952:1(@)Loc1451   chr16_28846324_A_G_b38   7.500e-01 7.271e-04    7.268e-04      5.451e-04
ENSG00000159792:2(@)Loc1464   chr16_67863584_C_T_b38   4.651e-04 2.429e-01    2.429e-01      1.130e-04
ENSG00000159792:2(@)Loc1464   chr16_67894139_G_A_b38   9.921e-03 5.163e-01    5.163e-01      5.122e-03
ENSG00000184517:1(@)Loc1468   chr16_75148249_G_A_b38   6.627e-01 1.748e-04    1.748e-04      1.158e-04
ENSG00000260630:1(@)Loc1481   chr16_88663262_G_T_b38   4.445e-01 3.302e-04    3.301e-04      1.467e-04
ENSG00000260630:1(@)Loc1481   chr16_88663459_G_C_b38   4.445e-01 3.959e-04    3.957e-04      1.759e-04
ENSG00000220205:1(@)Loc1489   chr17_8163115_C_T_b38   2.144e-01 7.734e-04    7.731e-04      1.658e-04
ENSG00000220205:1(@)Loc1489   chr17_8163123_C_T_b38   2.144e-01 7.734e-04    7.731e-04      1.658e-04
ENSG00000220205:1(@)Loc1489   chr17_8163218_GC_G_b38   1.483e-01 7.734e-04    7.731e-04      1.146e-04
ENSG00000108262:1(@)Loc1500   chr17_29582334_C_T_b38   3.371e-01 3.039e-04    3.038e-04      1.024e-04
ENSG00000005156:1(@)Loc1503   chr17_34980567_G_A_b38   8.629e-01 7.158e-04    7.155e-04      6.174e-04
ENSG00000131462:1(@)Loc1507   chr17_42615670_C_T_b38   3.113e-03 1.306e-01    1.306e-01      4.064e-04
ENSG00000108852:3(@)Loc1508   chr17_43901388_G_T_b38   1.542e-03 3.635e-01    3.634e-01      5.605e-04
ENSG00000261886:2(@)Loc1509   chr17_46933355_G_A_b38   3.837e-04 2.615e-01    2.614e-01      1.003e-04
ENSG00000108433:1(@)Loc1509   chr17_46928464_G_A_b38   9.133e-01 1.140e-03    1.139e-03      1.040e-03
ENSG00000167183:2(@)Loc1510   chr17_47957635_C_G_b38   5.244e-02 3.312e-03    3.311e-03      1.736e-04
ENSG00000005243:1(@)Loc1510   chr17_48037714_C_T_b38   4.656e-02 3.423e-03    3.422e-03      1.593e-04
ENSG00000005243:1(@)Loc1510   chr17_48038166_T_C_b38   4.656e-02 3.423e-03    3.422e-03      1.593e-04
ENSG00000263412:1(@)Loc1510   chr17_48046280_A_C_b38   2.323e-02 4.534e-03    4.532e-03      1.053e-04
ENSG00000263412:1(@)Loc1510   chr17_48046964_G_C_b38   1.054e-01 1.800e-03    1.799e-03      1.895e-04
ENSG00000087157:3(@)Loc1526   chr17_78379014_A_G_b38   4.554e-02 6.278e-03    6.275e-03      2.858e-04
ENSG00000087157:3(@)Loc1526   chr17_78385998_C_T_b38   3.511e-03 3.368e-02    3.367e-02      1.182e-04
ENSG00000214248:2(@)Loc1584   chr19_7905750_A_G_b38   1.166e-03 6.616e-01    6.615e-01      7.710e-04
ENSG00000167772:1(@)Loc1585   chr19_8366697_G_A_b38   8.217e-04 6.668e-01    6.667e-01      5.478e-04
ENSG00000185236:1(@)Loc1585   chr19_8366697_G_A_b38   5.213e-04 6.668e-01    6.668e-01      3.476e-04
ENSG00000185236:1(@)Loc1585   chr19_8388938_T_C_b38   4.919e-03 3.328e-01    3.328e-01      1.637e-03
ENSG00000273733:1(@)Loc1587   chr19_11223503_C_T_b38   1.510e-02 9.030e-02    9.027e-02      1.363e-03
ENSG00000267213:2(@)Loc1600   chr19_32404725_A_C_b38   5.731e-01 2.207e-04    2.206e-04      1.265e-04
ENSG00000130204:2(@)Loc1608   chr19_44892362_A_G_b38   3.558e-03 9.999e-01    9.999e-01      3.558e-03
ENSG00000142230:2(@)Loc1610   chr19_47086638_T_C_b38   9.131e-03 1.641e-01    1.641e-01      1.498e-03
ENSG00000142230:2(@)Loc1610   chr19_47093845_T_C_b38   3.206e-03 1.986e-01    1.986e-01      6.366e-04
ENSG00000142230:2(@)Loc1610   chr19_47111643_T_TA_b38   2.220e-02 5.814e-03    5.812e-03      1.290e-04
ENSG00000142230:2(@)Loc1610   chr19_47113120_G_T_b38   1.202e-01 5.011e-03    5.010e-03      6.024e-04
ENSG00000277383:1(@)Loc1610   chr19_47607998_A_C_b38   2.693e-02 4.460e-03    4.459e-03      1.201e-04
ENSG00000197937:1(@)Loc1613   chr19_53159053_T_C_b38   9.714e-01 1.255e-04    1.254e-04      1.218e-04
ENSG00000125835:1(@)Loc1618   chr20_2470023_C_A_b38   3.185e-01 7.273e-04    7.270e-04      2.316e-04
ENSG00000125835:1(@)Loc1618   chr20_2470857_G_A_b38   3.308e-01 8.138e-04    8.135e-04      2.691e-04
ENSG00000101464:1(@)Loc1637   chr20_34676068_A_T_b38   7.373e-02 1.977e-03    1.977e-03      1.457e-04
ENSG00000101000:2(@)Loc1637   chr20_35190180_A_G_b38   1.157e-02 2.763e-01    2.762e-01      3.197e-03
ENSG00000100982:1(@)Loc1644   chr20_45925376_T_C_b38   2.368e-03 4.136e-01    4.136e-01      9.793e-04
ENSG00000100982:1(@)Loc1644   chr20_45956781_A_G_b38   2.446e-03 4.258e-01    4.258e-01      1.042e-03
ENSG00000100982:1(@)Loc1644   chr20_45961659_C_G_b38   8.156e-04 1.564e-01    1.564e-01      1.276e-04
ENSG00000183255:1(@)Loc1677   chr21_44873783_G_GC_b38   4.066e-01 3.348e-04    3.347e-04      1.361e-04
ENSG00000185651:1(@)Loc1682   chr22_21574627_T_G_b38   1.543e-03 3.100e-01    3.100e-01      4.783e-04
ENSG00000185651:1(@)Loc1682   chr22_21577779_C_T_b38   5.014e-04 6.363e-01    6.363e-01      3.190e-04
ENSG00000272977:1(@)Loc1685   chr22_25468668_C_CCT_b38   6.488e-01 1.864e-04    1.864e-04      1.209e-04
ENSG00000100311:1(@)Loc1694   chr22_39266545_C_T_b38   2.944e-02 7.028e-03    7.026e-03      2.068e-04
ENSG00000100311:1(@)Loc1694   chr22_39267145_GC_G_b38   7.453e-02 2.989e-03    2.988e-03      2.227e-04
ENSG00000100311:1(@)Loc1694   chr22_39267149_C_G_b38   7.453e-02 2.989e-03    2.988e-03      2.227e-04
ENSG00000100311:1(@)Loc1694   chr22_39267508_G_A_b38   7.453e-02 2.989e-03    2.988e-03      2.227e-04
ENSG00000100311:1(@)Loc1694   chr22_39268175_C_A_b38   7.453e-02 7.999e-03    7.996e-03      5.959e-04
ENSG00000100311:1(@)Loc1694   chr22_39269137_G_C_b38   7.453e-02 4.976e-03    4.975e-03      3.707e-04
ENSG00000100311:1(@)Loc1694   chr22_39272404_T_A_b38   3.157e-02 3.341e-03    3.340e-03      1.055e-04
ENSG00000100311:1(@)Loc1694   chr22_39275136_A_G_b38   3.157e-02 3.292e-03    3.291e-03      1.039e-04
ENSG00000100311:1(@)Loc1694   chr22_39275529_C_T_b38   3.157e-02 3.756e-03    3.755e-03      1.185e-04
ENSG00000100321:1(@)Loc1694   chr22_39351666_T_A_b38   5.000e-01 2.970e-04    2.969e-04      1.484e-04
ENSG00000100321:1(@)Loc1694   chr22_39351775_G_A_b38   5.000e-01 2.994e-04    2.993e-04      1.496e-04
ENSG00000280216:1(@)Loc1694   chr22_39351666_T_A_b38   4.998e-01 2.970e-04    2.969e-04      1.484e-04
ENSG00000280216:1(@)Loc1694   chr22_39351775_G_A_b38   4.998e-01 2.994e-04    2.993e-04      1.496e-04
