Signal	SNP	PIP_qtl	PIP_gwas_marginal	PIP_gwas_qtl_prior	SCP
ENSG00000158825:2(@)Loc14   chr1_20588679_C_T_b38   3.443e-01 4.168e-04    4.166e-04      1.434e-04
ENSG00000158825:2(@)Loc14   chr1_20589038_A_G_b38   6.467e-01 4.180e-04    4.178e-04      2.702e-04
ENSG00000204219:3(@)Loc16   chr1_23407857_A_C_b38   1.227e-02 1.420e-02    1.419e-02      1.741e-04
ENSG00000204219:3(@)Loc16   chr1_23408748_G_T_b38   3.585e-01 7.954e-04    7.951e-04      2.851e-04
ENSG00000001460:1(@)Loc17   chr1_24417293_C_T_b38   3.953e-01 2.822e-04    2.821e-04      1.115e-04
ENSG00000260063:1(@)Loc18   chr1_26712737_C_T_b38   2.459e-03 3.114e-01    3.113e-01      7.655e-04
ENSG00000060642:1(@)Loc18   chr1_26811902_C_T_b38   1.252e-02 4.286e-01    4.285e-01      5.364e-03
ENSG00000175707:1(@)Loc18   chr1_26958704_C_T_b38   2.723e-03 2.179e-01    2.178e-01      5.932e-04
ENSG00000158161:1(@)Loc19   chr1_28064504_T_A_b38   2.085e-01 5.710e-04    5.708e-04      1.190e-04
ENSG00000237624:7(@)Loc24   chr1_39265878_T_C_b38   1.025e-02 4.081e-02    4.080e-02      4.181e-04
ENSG00000237624:7(@)Loc24   chr1_39447679_A_G_b38   9.109e-03 6.682e-02    6.679e-02      6.084e-04
ENSG00000198754:3(@)Loc24   chr1_39562508_A_G_b38   1.311e-02 5.718e-01    5.718e-01      7.496e-03
ENSG00000198754:3(@)Loc24   chr1_39570014_C_T_b38   6.846e-03 2.012e-01    2.012e-01      1.378e-03
ENSG00000182109:2(@)Loc24   chr1_39562508_A_G_b38   2.806e-03 5.718e-01    5.717e-01      1.604e-03
ENSG00000182109:2(@)Loc24   chr1_39570014_C_T_b38   1.814e-03 2.012e-01    2.012e-01      3.650e-04
ENSG00000116641:1(@)Loc39   chr1_62679768_G_A_b38   4.362e-02 4.464e-03    4.462e-03      1.946e-04
ENSG00000116641:1(@)Loc39   chr1_62687528_TCAGAA_T_b38   2.801e-01 8.012e-04    8.009e-04      2.243e-04
ENSG00000117174:1(@)Loc52   chr1_85707615_C_T_b38   7.150e-01 1.655e-04    1.654e-04      1.183e-04
ENSG00000122483:1(@)Loc57   chr1_93185990_T_C_b38   3.651e-03 1.284e-01    1.284e-01      4.688e-04
ENSG00000223745:3(@)Loc57   chr1_93350843_A_G_b38   9.747e-04 6.504e-01    6.503e-01      6.338e-04
ENSG00000117505:2(@)Loc57   chr1_93350843_A_G_b38   1.425e-02 6.504e-01    6.503e-01      9.265e-03
ENSG00000134222:1(@)Loc67   chr1_109274968_G_T_b38   3.582e-02 5.427e-01    5.427e-01      1.944e-02
ENSG00000134222:1(@)Loc67   chr1_109275216_T_C_b38   2.393e-01 6.719e-02    6.719e-02      1.608e-02
ENSG00000134222:1(@)Loc67   chr1_109275684_G_T_b38   2.036e-01 1.787e-03    1.787e-03      3.638e-04
ENSG00000134222:1(@)Loc67   chr1_109275908_C_T_b38   2.036e-01 3.466e-01    3.465e-01      7.056e-02
ENSG00000143575:1(@)Loc76   chr1_154270621_G_A_b38   1.315e-01 4.853e-03    4.851e-03      6.378e-04
ENSG00000143575:1(@)Loc76   chr1_154272666_T_G_b38   7.025e-01 1.539e-02    1.539e-02      1.081e-02
ENSG00000143575:1(@)Loc76   chr1_154279150_A_G_b38   4.904e-02 4.853e-03    4.851e-03      2.379e-04
ENSG00000143575:1(@)Loc76   chr1_154284712_A_T_b38   2.489e-02 4.853e-03    4.851e-03      1.208e-04
ENSG00000143575:1(@)Loc76   chr1_154285242_T_C_b38   2.489e-02 4.853e-03    4.851e-03      1.208e-04
ENSG00000143575:1(@)Loc76   chr1_154286388_C_T_b38   2.489e-02 4.853e-03    4.851e-03      1.208e-04
ENSG00000143575:1(@)Loc76   chr1_154287885_C_G_b38   2.489e-02 4.853e-03    4.851e-03      1.208e-04
ENSG00000143294:2(@)Loc78   chr1_156730859_T_G_b38   2.325e-04 9.208e-01    9.208e-01      2.141e-04
ENSG00000213057:3(@)Loc88   chr1_178546177_G_A_b38   1.921e-03 9.482e-01    9.482e-01      1.821e-03
ENSG00000158715:1(@)Loc105   chr1_205714939_T_C_b38   4.258e-03 1.588e-01    1.587e-01      6.758e-04
ENSG00000174502:2(@)Loc105   chr1_205710759_G_T_b38   3.235e-03 9.145e-02    9.142e-02      2.958e-04
ENSG00000069275:1(@)Loc105   chr1_205720679_T_G_b38   3.498e-01 1.351e-02    1.351e-02      4.725e-03
ENSG00000069275:1(@)Loc105   chr1_205749730_A_T_b38   3.384e-01 4.086e-04    4.084e-04      1.382e-04
ENSG00000274895:1(@)Loc109   chr1_213985913_T_C_b38   4.766e-01 4.428e-04    4.426e-04      2.109e-04
ENSG00000228063:1(@)Loc112   chr1_219149936_T_C_b38   6.483e-02 2.530e-03    2.528e-03      1.639e-04
ENSG00000228063:1(@)Loc112   chr1_219158716_T_G_b38   6.483e-02 2.807e-03    2.806e-03      1.819e-04
ENSG00000228063:1(@)Loc112   chr1_219159955_C_T_b38   6.483e-02 5.617e-03    5.614e-03      3.640e-04
ENSG00000228063:1(@)Loc112   chr1_219163746_A_T_b38   6.483e-02 3.066e-03    3.065e-03      1.987e-04
ENSG00000228063:1(@)Loc112   chr1_219167213_AGTACTC_A_b38   1.172e-01 1.263e-03    1.262e-03      1.480e-04
ENSG00000228063:1(@)Loc112   chr1_219182447_A_G_b38   1.264e-01 2.580e-03    2.579e-03      3.259e-04
ENSG00000228063:1(@)Loc112   chr1_219195006_G_T_b38   5.773e-02 2.547e-03    2.546e-03      1.470e-04
ENSG00000035115:1(@)Loc133   chr2_242793_G_C_b38   9.997e-01 2.459e-04    2.458e-04      2.457e-04
ENSG00000068912:1(@)Loc167   chr2_53800860_C_T_b38   8.322e-01 1.764e-04    1.764e-04      1.468e-04
ENSG00000233266:1(@)Loc167   chr2_54003658_C_A_b38   2.953e-01 4.673e-04    4.671e-04      1.379e-04
ENSG00000233266:2(@)Loc167   chr2_54059977_T_C_b38   4.652e-01 2.225e-04    2.224e-04      1.035e-04
ENSG00000011523:1(@)Loc174   chr2_65057022_C_CGTGGATGCAGCA_b38   9.905e-01 1.922e-03    1.922e-03      1.903e-03
ENSG00000152291:2(@)Loc186   chr2_85317466_G_GCAACA_b38   1.283e-02 1.730e-02    1.730e-02      2.220e-04
ENSG00000152291:2(@)Loc186   chr2_85320253_C_G_b38   2.319e-02 2.671e-02    2.670e-02      6.192e-04
ENSG00000152291:2(@)Loc186   chr2_85320306_G_T_b38   2.319e-02 3.423e-02    3.422e-02      7.933e-04
ENSG00000152291:2(@)Loc186   chr2_85320840_C_T_b38   2.319e-02 3.327e-02    3.326e-02      7.711e-04
ENSG00000152291:2(@)Loc186   chr2_85324061_C_T_b38   2.528e-02 3.357e-02    3.356e-02      8.485e-04
ENSG00000152291:2(@)Loc186   chr2_85325063_C_A_b38   5.324e-02 2.969e-02    2.968e-02      1.581e-03
ENSG00000152291:2(@)Loc186   chr2_85326661_C_T_b38   1.071e-02 3.433e-02    3.432e-02      3.675e-04
ENSG00000152291:2(@)Loc186   chr2_85328154_G_A_b38   4.924e-01 1.610e-03    1.609e-03      7.925e-04
ENSG00000152291:2(@)Loc186   chr2_85328355_C_T_b38   2.298e-01 4.705e-02    4.704e-02      1.081e-02
ENSG00000152291:1(@)Loc186   chr2_85326957_G_A_b38   9.998e-01 1.176e-02    1.175e-02      1.175e-02
ENSG00000189223:2(@)Loc199   chr2_113236840_G_T_b38   9.267e-01 2.868e-04    2.866e-04      2.656e-04
ENSG00000076003:1(@)Loc212   chr2_135876201_T_C_b38   7.183e-01 2.616e-04    2.615e-04      1.878e-04
ENSG00000115677:1(@)Loc276   chr2_241317397_G_C_b38   6.660e-01 4.124e-04    4.123e-04      2.746e-04
ENSG00000188389:1(@)Loc276   chr2_241811668_A_G_b38   9.528e-01 1.642e-04    1.641e-04      1.564e-04
ENSG00000235830:1(@)Loc283   chr3_9252341_G_C_b38   9.824e-01 1.274e-04    1.273e-04      1.250e-04
ENSG00000163702:3(@)Loc284   chr3_9923774_C_T_b38   7.851e-01 2.055e-04    2.055e-04      1.613e-04
ENSG00000160796:2(@)Loc309   chr3_47019693_G_A_b38   1.413e-02 9.720e-01    9.720e-01      1.374e-02
ENSG00000004534:2(@)Loc311   chr3_49934081_C_A_b38   1.392e-02 2.093e-01    2.093e-01      2.912e-03
ENSG00000003756:1(@)Loc311   chr3_50075601_A_G_b38   4.129e-04 3.265e-01    3.265e-01      1.348e-04
ENSG00000003756:1(@)Loc311   chr3_50091966_C_T_b38   1.005e-03 4.002e-01    4.002e-01      4.022e-04
ENSG00000144741:2(@)Loc321   chr3_66307495_C_G_b38   8.330e-01 1.895e-04    1.894e-04      1.578e-04
ENSG00000152601:1(@)Loc370   chr3_152454081_C_G_b38   2.563e-02 5.310e-02    5.307e-02      1.360e-03
ENSG00000251022:1(@)Loc454   chr4_82901181_G_A_b38   7.485e-01 2.129e-04    2.128e-04      1.593e-04
ENSG00000163629:1(@)Loc456   chr4_86594679_T_A_b38   9.294e-01 1.081e-04    1.080e-04      1.004e-04
ENSG00000246090:3(@)Loc464   chr4_99089437_CTCTT_C_b38   9.721e-01 1.850e-04    1.850e-04      1.798e-04
ENSG00000246090:3(@)Loc464   chr4_99093654_A_G_b38   1.692e-02 8.099e-01    8.098e-01      1.370e-02
ENSG00000145384:1(@)Loc475   chr4_119320570_C_A_b38   1.965e-01 5.865e-04    5.862e-04      1.152e-04
ENSG00000145384:1(@)Loc475   chr4_119326577_T_C_b38   3.840e-01 5.041e-04    5.039e-04      1.935e-04
ENSG00000121211:1(@)Loc496   chr4_153344964_G_A_b38   5.575e-01 7.165e-04    7.162e-04      3.993e-04
ENSG00000121211:1(@)Loc496   chr4_153345167_C_A_b38   2.082e-01 7.046e-04    7.043e-04      1.466e-04
ENSG00000061455:4(@)Loc594   chr5_123055931_A_G_b38   4.150e-01 2.545e-04    2.544e-04      1.056e-04
ENSG00000168938:1(@)Loc594   chr5_123032381_T_C_b38   9.993e-01 1.520e-04    1.519e-04      1.518e-04
ENSG00000253404:1(@)Loc602   chr5_138752429_C_T_b38   6.890e-01 1.993e-04    1.992e-04      1.372e-04
ENSG00000197043:2(@)Loc608   chr5_151148538_G_A_b38   2.165e-01 4.738e-04    4.736e-04      1.025e-04
ENSG00000113742:1(@)Loc624   chr5_173878429_T_C_b38   9.999e-01 1.084e-04    1.084e-04      1.084e-04
ENSG00000185056:1(@)Loc624   chr5_173956191_C_A_b38   1.318e-01 1.120e-03    1.120e-03      1.475e-04
ENSG00000112308:1(@)Loc648   chr6_24719750_G_A_b38   9.097e-01 1.278e-03    1.278e-03      1.162e-03
ENSG00000272462:2(@)Loc650   chr6_25918627_G_A_b38   2.359e-03 2.384e-01    2.384e-01      5.623e-04
ENSG00000272462:2(@)Loc650   chr6_25982782_G_A_b38   3.889e-02 3.549e-02    3.548e-02      1.380e-03
ENSG00000272462:2(@)Loc650   chr6_25993241_A_G_b38   2.520e-01 2.061e-02    2.061e-02      5.193e-03
ENSG00000180573:2(@)Loc650   chr6_26124075_T_C_b38   2.167e-02 4.648e-03    4.646e-03      1.007e-04
ENSG00000276966:2(@)Loc650   chr6_26200449_A_G_b38   4.760e-02 6.736e-03    6.733e-03      3.205e-04
ENSG00000197062:3(@)Loc652   chr6_28289600_T_C_b38   5.207e-03 3.342e-02    3.341e-02      1.739e-04
ENSG00000137338:1(@)Loc652   chr6_28289600_T_C_b38   1.373e-02 3.342e-02    3.341e-02      4.585e-04
ENSG00000204632:2(@)Loc654   chr6_29785031_A_G_b38   3.691e-01 1.228e-03    1.227e-03      4.531e-04
ENSG00000204632:2(@)Loc654   chr6_29882943_T_C_b38   1.814e-01 9.940e-04    9.936e-04      1.803e-04
ENSG00000204632:2(@)Loc654   chr6_30064745_A_C_b38   3.669e-02 1.379e-02    1.378e-02      5.057e-04
ENSG00000204632:2(@)Loc654   chr6_30070870_T_C_b38   2.578e-02 9.484e-03    9.480e-03      2.444e-04
ENSG00000280128:3(@)Loc654   chr6_30289159_C_T_b38   6.298e-01 5.146e-04    5.144e-04      3.240e-04
ENSG00000204576:2(@)Loc654   chr6_30576624_A_G_b38   1.994e-03 5.362e-02    5.360e-02      1.069e-04
ENSG00000146112:1(@)Loc654   chr6_30651129_A_G_b38   3.290e-03 9.064e-02    9.060e-02      2.981e-04
ENSG00000137312:2(@)Loc654   chr6_30651129_A_G_b38   1.430e-03 9.064e-02    9.061e-02      1.296e-04
ENSG00000137312:2(@)Loc654   chr6_30741178_C_T_b38   1.612e-01 4.166e-03    4.165e-03      6.713e-04
ENSG00000137312:2(@)Loc654   chr6_30741580_G_A_b38   1.612e-01 7.593e-04    7.590e-04      1.224e-04
ENSG00000137312:2(@)Loc654   chr6_30828768_T_C_b38   9.050e-04 1.339e-01    1.338e-01      1.211e-04
ENSG00000204520:3(@)Loc655   chr6_31412672_C_T_b38   3.038e-02 1.107e-02    1.106e-02      3.360e-04
ENSG00000204520:3(@)Loc655   chr6_31413630_A_G_b38   7.855e-01 3.184e-04    3.183e-04      2.500e-04
ENSG00000228962:4(@)Loc656   chr6_32395438_T_C_b38   2.275e-04 6.106e-01    6.105e-01      1.389e-04
ENSG00000204257:1(@)Loc657   chr6_32968343_C_T_b38   4.300e-01 3.155e-04    3.154e-04      1.356e-04
ENSG00000124664:1(@)Loc658   chr6_34584959_G_A_b38   2.718e-02 4.192e-02    4.191e-02      1.139e-03
ENSG00000124664:1(@)Loc658   chr6_34585020_G_A_b38   1.998e-02 2.950e-01    2.949e-01      5.893e-03
ENSG00000124664:1(@)Loc658   chr6_34589469_C_T_b38   2.718e-02 7.101e-02    7.100e-02      1.930e-03
ENSG00000124664:1(@)Loc658   chr6_34651116_G_A_b38   5.277e-03 4.723e-02    4.722e-02      2.492e-04
ENSG00000196114:2(@)Loc658   chr6_34595387_A_G_b38   7.659e-04 3.003e-01    3.002e-01      2.299e-04
ENSG00000196821:2(@)Loc658   chr6_34695821_C_T_b38   2.939e-03 6.603e-02    6.600e-02      1.940e-04
ENSG00000272288:2(@)Loc658   chr6_34695821_C_T_b38   8.446e-03 6.603e-02    6.600e-02      5.574e-04
ENSG00000124713:1(@)Loc663   chr6_42959801_A_AGAGT_b38   3.576e-01 7.193e-04    7.190e-04      2.571e-04
ENSG00000124713:1(@)Loc663   chr6_42961020_T_G_b38   5.274e-01 7.990e-04    7.986e-04      4.212e-04
ENSG00000124587:1(@)Loc663   chr6_42963889_GTTTA_G_b38   1.576e-01 8.801e-04    8.797e-04      1.386e-04
ENSG00000124587:1(@)Loc663   chr6_42972935_A_G_b38   2.356e-01 7.752e-04    7.748e-04      1.825e-04
ENSG00000112282:1(@)Loc717   chr6_131629093_T_G_b38   2.474e-01 8.793e-04    8.790e-04      2.174e-04
ENSG00000164440:3(@)Loc722   chr6_139510620_T_C_b38   4.827e-03 2.369e-01    2.368e-01      1.143e-03
ENSG00000164440:3(@)Loc722   chr6_139512875_T_G_b38   2.914e-03 3.846e-02    3.845e-02      1.121e-04
ENSG00000164440:3(@)Loc722   chr6_139514552_C_T_b38   5.174e-03 1.714e-01    1.714e-01      8.869e-04
ENSG00000242611:1(@)Loc743   chr7_44935_C_T_b38   2.431e-01 4.896e-04    4.894e-04      1.190e-04
ENSG00000164849:2(@)Loc744   chr7_1044141_A_G_b38   6.724e-02 4.560e-01    4.559e-01      3.066e-02
ENSG00000136238:2(@)Loc750   chr7_6409641_A_G_b38   6.048e-02 9.642e-01    9.642e-01      5.831e-02
ENSG00000229618:1(@)Loc756   chr7_12730706_CTA_C_b38   7.474e-01 3.396e-04    3.395e-04      2.537e-04
ENSG00000171243:1(@)Loc758   chr7_16112549_T_A_b38   7.297e-04 3.286e-01    3.286e-01      2.397e-04
ENSG00000091732:2(@)Loc821   chr7_130051469_C_G_b38   1.023e-01 2.210e-03    2.209e-03      2.261e-04
ENSG00000106565:3(@)Loc835   chr7_150832361_T_C_b38   2.716e-01 6.278e-01    6.277e-01      1.705e-01
ENSG00000133612:1(@)Loc836   chr7_151084984_C_T_b38   9.180e-01 9.400e-04    9.395e-04      8.625e-04
ENSG00000147576:2(@)Loc891   chr8_66469033_G_A_b38   3.974e-01 2.612e-04    2.611e-04      1.038e-04
ENSG00000277494:1(@)Loc935   chr8_143220400_T_C_b38   3.918e-01 4.100e-04    4.099e-04      1.606e-04
ENSG00000277494:2(@)Loc935   chr8_143219176_G_A_b38   8.711e-01 2.607e-03    2.606e-03      2.270e-03
ENSG00000277494:2(@)Loc935   chr8_143220830_T_C_b38   1.281e-01 1.999e-03    1.998e-03      2.559e-04
ENSG00000155158:1(@)Loc948   chr9_15304784_C_A_b38   3.472e-02 8.121e-01    8.120e-01      2.819e-02
ENSG00000148225:1(@)Loc993   chr9_113329062_T_C_b38   9.990e-01 1.078e-04    1.077e-04      1.076e-04
ENSG00000171102:1(@)Loc1005   chr9_133262254_C_T_b38   6.466e-03 1.726e-02    1.725e-02      1.116e-04
ENSG00000175164:4(@)Loc1005   chr9_133262254_C_T_b38   9.095e-03 1.726e-02    1.725e-02      1.569e-04
ENSG00000175164:1(@)Loc1005   chr9_133257521_T_TC_b38   9.985e-01 4.720e-04    4.718e-04      4.711e-04
ENSG00000057608:1(@)Loc1015   chr10_5757650_A_G_b38   7.651e-03 2.698e-01    2.697e-01      2.064e-03
ENSG00000057608:1(@)Loc1015   chr10_5813440_G_C_b38   6.071e-01 1.980e-04    1.979e-04      1.202e-04
ENSG00000057608:1(@)Loc1015   chr10_5823294_T_C_b38   2.861e-01 5.414e-04    5.413e-04      1.549e-04
ENSG00000229124:1(@)Loc1023   chr10_17240449_A_G_b38   1.731e-02 3.586e-02    3.585e-02      6.206e-04
ENSG00000165406:3(@)Loc1040   chr10_45588795_G_A_b38   5.104e-02 3.149e-03    3.148e-03      1.607e-04
ENSG00000165406:3(@)Loc1040   chr10_45592444_G_A_b38   1.353e-01 2.566e-03    2.565e-03      3.470e-04
ENSG00000165476:1(@)Loc1051   chr10_63504366_T_C_b38   1.192e-02 1.558e-01    1.557e-01      1.857e-03
ENSG00000165476:1(@)Loc1051   chr10_63517266_G_A_b38   3.706e-02 4.301e-02    4.299e-02      1.593e-03
ENSG00000165476:1(@)Loc1051   chr10_63521234_C_A_b38   3.647e-01 5.316e-04    5.314e-04      1.938e-04
ENSG00000165476:1(@)Loc1051   chr10_63541965_T_C_b38   6.961e-03 6.765e-02    6.763e-02      4.708e-04
ENSG00000180817:1(@)Loc1055   chr10_70233338_T_G_b38   7.821e-01 1.587e-04    1.586e-04      1.240e-04
ENSG00000165644:1(@)Loc1058   chr10_75235812_C_G_b38   6.129e-01 1.911e-04    1.910e-04      1.171e-04
ENSG00000095485:1(@)Loc1073   chr10_100244149_G_C_b38   3.412e-02 3.020e-03    3.018e-03      1.030e-04
ENSG00000095485:1(@)Loc1073   chr10_100264501_C_T_b38   1.051e-01 2.455e-03    2.453e-03      2.578e-04
ENSG00000095485:1(@)Loc1073   chr10_100266802_G_C_b38   3.971e-01 2.455e-03    2.453e-03      9.743e-04
ENSG00000095485:1(@)Loc1073   chr10_100267650_C_T_b38   3.730e-01 2.860e-03    2.858e-03      1.066e-03
ENSG00000174775:1(@)Loc1095   chr11_539648_G_A_b38   4.521e-01 7.769e-04    7.766e-04      3.511e-04
ENSG00000174775:1(@)Loc1095   chr11_545276_G_T_b38   2.088e-01 7.830e-04    7.826e-04      1.634e-04
ENSG00000132275:1(@)Loc1099   chr11_6600286_G_A_b38   9.330e-01 1.510e-04    1.510e-04      1.409e-04
ENSG00000166387:2(@)Loc1100   chr11_7521864_G_T_b38   7.847e-01 1.319e-04    1.319e-04      1.035e-04
ENSG00000176697:1(@)Loc1113   chr11_27693337_T_C_b38   1.219e-01 1.102e-03    1.101e-03      1.343e-04
ENSG00000176697:1(@)Loc1113   chr11_27712802_G_A_b38   2.162e-01 7.839e-04    7.835e-04      1.694e-04
ENSG00000176697:1(@)Loc1113   chr11_27714660_C_T_b38   2.381e-01 1.116e-03    1.115e-03      2.655e-04
ENSG00000184937:1(@)Loc1116   chr11_32437261_G_T_b38   5.903e-02 2.477e-03    2.476e-03      1.462e-04
ENSG00000180210:2(@)Loc1122   chr11_46721697_T_C_b38   1.081e-03 9.478e-01    9.478e-01      1.024e-03
ENSG00000175213:1(@)Loc1122   chr11_46721697_T_C_b38   4.128e-03 9.478e-01    9.478e-01      3.912e-03
ENSG00000110514:3(@)Loc1123   chr11_47273075_T_C_b38   1.252e-02 3.149e-01    3.149e-01      3.942e-03
ENSG00000110514:3(@)Loc1123   chr11_47284118_T_G_b38   1.382e-03 7.465e-02    7.464e-02      1.032e-04
ENSG00000110514:3(@)Loc1123   chr11_47305666_G_A_b38   1.175e-03 1.479e-01    1.478e-01      1.737e-04
ENSG00000134825:1(@)Loc1128   chr11_61783884_T_C_b38   4.590e-03 1.979e-01    1.979e-01      9.082e-04
ENSG00000134825:1(@)Loc1128   chr11_61785208_G_T_b38   2.241e-02 4.541e-02    4.541e-02      1.018e-03
ENSG00000134825:1(@)Loc1128   chr11_61790331_T_C_b38   2.540e-01 2.742e-01    2.742e-01      6.965e-02
ENSG00000134825:1(@)Loc1128   chr11_61802358_C_T_b38   3.518e-02 2.144e-01    2.144e-01      7.544e-03
ENSG00000134825:1(@)Loc1128   chr11_61803311_T_C_b38   1.786e-02 4.778e-02    4.778e-02      8.531e-04
ENSG00000134825:1(@)Loc1128   chr11_61804006_T_C_b38   1.786e-02 1.348e-01    1.347e-01      2.406e-03
ENSG00000134825:1(@)Loc1128   chr11_61842278_C_T_b38   6.717e-03 1.718e-02    1.718e-02      1.154e-04
ENSG00000149485:2(@)Loc1128   chr11_61783884_T_C_b38   8.321e-04 1.979e-01    1.979e-01      1.646e-04
ENSG00000149485:2(@)Loc1128   chr11_61790331_T_C_b38   9.782e-04 2.742e-01    2.742e-01      2.683e-04
ENSG00000149485:2(@)Loc1128   chr11_61802358_C_T_b38   9.652e-04 2.144e-01    2.144e-01      2.070e-04
ENSG00000149485:2(@)Loc1128   chr11_61804006_T_C_b38   9.652e-04 1.348e-01    1.347e-01      1.301e-04
ENSG00000149485:2(@)Loc1128   chr11_61830500_A_G_b38   5.563e-03 3.429e-02    3.429e-02      1.907e-04
ENSG00000149485:2(@)Loc1128   chr11_61837342_C_A_b38   7.112e-03 2.077e-02    2.077e-02      1.477e-04
ENSG00000173511:1(@)Loc1130   chr11_64237251_G_C_b38   9.995e-01 1.087e-04    1.087e-04      1.086e-04
ENSG00000197136:3(@)Loc1130   chr11_65623846_G_A_b38   8.279e-04 7.961e-01    7.960e-01      6.590e-04
ENSG00000213445:1(@)Loc1130   chr11_65660097_G_A_b38   4.224e-01 2.494e-04    2.493e-04      1.053e-04
ENSG00000172803:1(@)Loc1130   chr11_65834089_G_C_b38   9.386e-01 1.930e-04    1.929e-04      1.811e-04
ENSG00000172543:1(@)Loc1130   chr11_65879789_A_G_b38   2.953e-01 6.625e-04    6.622e-04      1.956e-04
ENSG00000250508:2(@)Loc1132   chr11_68869701_G_A_b38   7.977e-02 1.325e-03    1.324e-03      1.056e-04
ENSG00000250508:2(@)Loc1132   chr11_68870008_C_G_b38   7.977e-02 1.325e-03    1.324e-03      1.056e-04
ENSG00000250508:2(@)Loc1132   chr11_68870269_G_C_b38   2.016e-01 6.766e-04    6.764e-04      1.364e-04
ENSG00000250508:2(@)Loc1132   chr11_68870340_G_A_b38   2.016e-01 1.325e-03    1.324e-03      2.670e-04
ENSG00000250508:2(@)Loc1132   chr11_68870590_G_T_b38   2.016e-01 1.325e-03    1.324e-03      2.670e-04
ENSG00000197345:2(@)Loc1132   chr11_68902028_T_A_b38   5.484e-02 3.129e-03    3.128e-03      1.715e-04
ENSG00000197345:2(@)Loc1132   chr11_68903636_A_G_b38   3.131e-01 1.403e-03    1.402e-03      4.389e-04
ENSG00000197345:2(@)Loc1132   chr11_68906735_G_A_b38   7.689e-02 1.427e-03    1.426e-03      1.096e-04
ENSG00000132740:1(@)Loc1132   chr11_68899730_A_C_b38   3.630e-02 6.787e-02    6.784e-02      2.463e-03
ENSG00000132740:1(@)Loc1132   chr11_68903812_G_GCCGCCGCCATCTTC_b38   8.637e-01 1.407e-03    1.407e-03      1.215e-03
ENSG00000197345:1(@)Loc1132   chr11_68903812_G_GCCGCCGCCATCTTC_b38   9.618e-01 1.407e-03    1.407e-03      1.353e-03
ENSG00000109917:2(@)Loc1164   chr11_116778201_G_C_b38   7.119e-04 7.349e-01    7.348e-01      5.232e-04
ENSG00000137700:1(@)Loc1165   chr11_119032048_G_C_b38   3.181e-02 8.261e-03    8.258e-03      2.627e-04
ENSG00000137700:1(@)Loc1165   chr11_119032993_ATCTGCCCCCCTTGGCC_A_b38   6.631e-01 6.186e-04    6.184e-04      4.101e-04
ENSG00000137700:2(@)Loc1165   chr11_119032941_G_A_b38   1.876e-01 5.847e-04    5.845e-04      1.096e-04
ENSG00000272186:1(@)Loc1165   chr11_119067660_T_A_b38   3.193e-02 3.212e-03    3.211e-03      1.025e-04
ENSG00000271751:1(@)Loc1165   chr11_119066395_A_T_b38   1.458e-01 1.204e-03    1.203e-03      1.754e-04
ENSG00000271751:1(@)Loc1165   chr11_119066439_G_C_b38   1.458e-01 1.204e-03    1.203e-03      1.754e-04
ENSG00000271751:1(@)Loc1165   chr11_119067660_T_A_b38   7.155e-02 3.212e-03    3.211e-03      2.298e-04
ENSG00000271751:2(@)Loc1165   chr11_119066912_T_TG_b38   8.040e-02 1.495e-03    1.494e-03      1.201e-04
ENSG00000271751:2(@)Loc1165   chr11_119072723_A_G_b38   1.190e-01 1.495e-03    1.494e-03      1.778e-04
ENSG00000160695:2(@)Loc1165   chr11_119081463_A_G_b38   2.146e-01 5.651e-04    5.649e-04      1.212e-04
ENSG00000256269:1(@)Loc1165   chr11_119087417_C_A_b38   6.769e-01 7.601e-04    7.598e-04      5.143e-04
ENSG00000154127:2(@)Loc1168   chr11_122651667_T_C_b38   7.975e-04 4.414e-01    4.414e-01      3.520e-04
ENSG00000154127:2(@)Loc1168   chr11_122663796_T_C_b38   4.450e-04 4.660e-01    4.660e-01      2.074e-04
ENSG00000280832:2(@)Loc1171   chr11_126348646_A_G_b38   7.600e-04 9.328e-01    9.328e-01      7.090e-04
ENSG00000110080:4(@)Loc1171   chr11_126348646_A_G_b38   1.805e-03 9.328e-01    9.328e-01      1.683e-03
ENSG00000255968:2(@)Loc1196   chr12_26317236_G_T_b38   3.235e-03 4.138e-02    4.137e-02      1.338e-04
ENSG00000255968:2(@)Loc1196   chr12_26317917_T_A_b38   2.258e-03 6.116e-02    6.114e-02      1.381e-04
ENSG00000255968:2(@)Loc1196   chr12_26319629_A_G_b38   6.394e-03 3.875e-02    3.874e-02      2.477e-04
ENSG00000135406:1(@)Loc1209   chr12_49302095_G_A_b38   2.167e-02 4.741e-03    4.739e-03      1.027e-04
ENSG00000198324:2(@)Loc1245   chr12_111446804_T_C_b38   6.718e-04 2.139e-01    2.139e-01      1.437e-04
ENSG00000198324:2(@)Loc1245   chr12_111569952_C_T_b38   1.400e-04 7.506e-01    7.505e-01      1.051e-04
ENSG00000157837:2(@)Loc1252   chr12_120981253_T_C_b38   1.768e-01 5.908e-04    5.905e-04      1.044e-04
ENSG00000182782:1(@)Loc1253   chr12_122686671_A_G_b38   1.024e-02 2.594e-01    2.594e-01      2.655e-03
ENSG00000111328:1(@)Loc1253   chr12_123290580_G_A_b38   5.565e-03 6.496e-02    6.493e-02      3.614e-04
ENSG00000179195:3(@)Loc1253   chr12_123964676_C_A_b38   6.557e-04 1.682e-01    1.681e-01      1.102e-04
ENSG00000270028:1(@)Loc1253   chr12_123920171_T_C_b38   1.076e-02 1.115e-01    1.115e-01      1.200e-03
ENSG00000270028:1(@)Loc1253   chr12_123924955_G_A_b38   1.615e-01 4.999e-02    4.998e-02      8.074e-03
ENSG00000270028:1(@)Loc1253   chr12_123929551_C_T_b38   4.242e-02 8.649e-02    8.648e-02      3.668e-03
ENSG00000270028:1(@)Loc1253   chr12_123935181_C_T_b38   1.898e-02 1.328e-01    1.328e-01      2.521e-03
ENSG00000270028:1(@)Loc1253   chr12_123964676_C_A_b38   2.514e-03 1.682e-01    1.681e-01      4.227e-04
ENSG00000270028:1(@)Loc1253   chr12_123980289_G_T_b38   5.195e-03 3.708e-02    3.708e-02      1.926e-04
ENSG00000269997:1(@)Loc1253   chr12_123964676_C_A_b38   2.989e-02 1.682e-01    1.681e-01      5.026e-03
ENSG00000269997:1(@)Loc1253   chr12_123980289_G_T_b38   3.137e-03 3.708e-02    3.708e-02      1.163e-04
ENSG00000269938:1(@)Loc1253   chr12_123964676_C_A_b38   5.307e-03 1.682e-01    1.681e-01      8.923e-04
ENSG00000250091:1(@)Loc1253   chr12_123920171_T_C_b38   1.974e-02 1.115e-01    1.115e-01      2.201e-03
ENSG00000250091:1(@)Loc1253   chr12_123924955_G_A_b38   6.790e-03 4.999e-02    4.998e-02      3.394e-04
ENSG00000250091:1(@)Loc1253   chr12_123929551_C_T_b38   1.881e-02 8.649e-02    8.647e-02      1.626e-03
ENSG00000250091:1(@)Loc1253   chr12_123935181_C_T_b38   3.763e-02 1.328e-01    1.328e-01      4.996e-03
ENSG00000250091:1(@)Loc1253   chr12_123964676_C_A_b38   3.344e-03 1.682e-01    1.681e-01      5.623e-04
ENSG00000270130:1(@)Loc1253   chr12_123929551_C_T_b38   2.136e-03 8.649e-02    8.646e-02      1.847e-04
ENSG00000270130:1(@)Loc1253   chr12_123935181_C_T_b38   1.391e-03 1.328e-01    1.328e-01      1.847e-04
ENSG00000270130:1(@)Loc1253   chr12_123955563_C_A_b38   1.048e-02 2.181e-02    2.180e-02      2.284e-04
ENSG00000270130:1(@)Loc1253   chr12_123980289_G_T_b38   3.423e-03 3.708e-02    3.707e-02      1.269e-04
ENSG00000179195:2(@)Loc1253   chr12_123929551_C_T_b38   3.432e-03 8.649e-02    8.647e-02      2.967e-04
ENSG00000179195:2(@)Loc1253   chr12_123935181_C_T_b38   2.659e-03 1.328e-01    1.328e-01      3.530e-04
ENSG00000179195:2(@)Loc1253   chr12_123955563_C_A_b38   1.015e-02 2.181e-02    2.180e-02      2.213e-04
ENSG00000179195:2(@)Loc1253   chr12_123980289_G_T_b38   1.968e-02 3.708e-02    3.707e-02      7.295e-04
ENSG00000179195:2(@)Loc1253   chr12_123997143_A_G_b38   8.642e-03 1.405e-02    1.404e-02      1.213e-04
ENSG00000270061:1(@)Loc1253   chr12_123964676_C_A_b38   9.696e-04 1.682e-01    1.681e-01      1.630e-04
ENSG00000119242:1(@)Loc1253   chr12_123955563_C_A_b38   1.782e-02 2.181e-02    2.180e-02      3.885e-04
ENSG00000119242:1(@)Loc1253   chr12_123980289_G_T_b38   1.033e-02 3.708e-02    3.707e-02      3.828e-04
ENSG00000187676:1(@)Loc1269   chr13_31245247_A_C_b38   8.574e-02 1.058e-02    1.058e-02      9.069e-04
ENSG00000187676:1(@)Loc1269   chr13_31245254_C_T_b38   2.257e-02 1.086e-02    1.085e-02      2.449e-04
ENSG00000187676:1(@)Loc1269   chr13_31247103_C_T_b38   4.277e-02 2.175e-02    2.174e-02      9.300e-04
ENSG00000187676:1(@)Loc1269   chr13_31249102_A_G_b38   4.298e-01 2.832e-03    2.831e-03      1.217e-03
ENSG00000187676:1(@)Loc1269   chr13_31249418_CTT_C_b38   1.225e-01 2.347e-03    2.346e-03      2.873e-04
ENSG00000187676:1(@)Loc1269   chr13_31250513_C_T_b38   2.705e-02 6.797e-03    6.795e-03      1.838e-04
ENSG00000187676:1(@)Loc1269   chr13_31260445_G_T_b38   2.705e-02 4.860e-03    4.858e-03      1.314e-04
ENSG00000187676:1(@)Loc1269   chr13_31261238_G_A_b38   5.293e-02 3.084e-03    3.083e-03      1.632e-04
ENSG00000120688:1(@)Loc1276   chr13_41061165_C_G_b38   9.845e-01 3.057e-04    3.056e-04      3.009e-04
ENSG00000139910:1(@)Loc1327   chr14_26826596_C_T_b38   4.812e-01 2.472e-04    2.471e-04      1.189e-04
ENSG00000009830:1(@)Loc1358   chr14_77279967_G_A_b38   9.999e-01 1.382e-04    1.382e-04      1.382e-04
ENSG00000176473:1(@)Loc1374   chr14_100378031_C_T_b38   1.358e-01 1.096e-01    1.096e-01      1.488e-02
ENSG00000092445:1(@)Loc1393   chr15_41554978_T_G_b38   7.335e-01 6.941e-04    6.938e-04      5.088e-04
ENSG00000062524:1(@)Loc1393   chr15_41554978_T_G_b38   9.999e-01 6.941e-04    6.938e-04      6.937e-04
ENSG00000259298:1(@)Loc1398   chr15_50503906_T_A_b38   3.520e-02 2.960e-03    2.958e-03      1.041e-04
ENSG00000103642:3(@)Loc1407   chr15_63121172_T_C_b38   4.706e-02 7.204e-03    7.201e-03      3.389e-04
ENSG00000103642:3(@)Loc1407   chr15_63121302_A_G_b38   1.250e-01 4.996e-03    4.994e-03      6.241e-04
ENSG00000180953:2(@)Loc1415   chr15_79915393_TC_T_b38   3.477e-01 3.369e-04    3.368e-04      1.171e-04
ENSG00000172379:3(@)Loc1415   chr15_80412419_A_G_b38   3.291e-01 3.563e-04    3.561e-04      1.172e-04
ENSG00000140443:1(@)Loc1426   chr15_98727906_A_G_b38   5.397e-01 2.076e-04    2.075e-04      1.120e-04
ENSG00000103254:1(@)Loc1429   chr16_724045_TGGGGCAGTGGGTGGGTGG_T_b38   8.409e-01 1.612e-04    1.612e-04      1.355e-04
ENSG00000103245:1(@)Loc1429   chr16_733004_T_C_b38   9.995e-01 2.296e-04    2.295e-04      2.294e-04
ENSG00000103253:1(@)Loc1429   chr16_742190_A_G_b38   9.999e-01 1.422e-04    1.422e-04      1.422e-04
ENSG00000254852:1(@)Loc1443   chr16_14872919_T_C_b38   4.076e-01 3.827e-04    3.825e-04      1.559e-04
ENSG00000179889:1(@)Loc1443   chr16_15034559_A_G_b38   4.268e-01 4.974e-04    4.972e-04      2.122e-04
ENSG00000183793:1(@)Loc1443   chr16_15036083_C_T_b38   9.999e-01 1.439e-02    1.438e-02      1.438e-02
ENSG00000183426:1(@)Loc1443   chr16_15036083_C_T_b38   9.999e-01 1.439e-02    1.438e-02      1.438e-02
ENSG00000188599:2(@)Loc1443   chr16_15045737_T_C_b38   9.999e-01 1.342e-04    1.342e-04      1.342e-04
ENSG00000157045:1(@)Loc1443   chr16_15054789_C_A_b38   5.592e-02 3.298e-03    3.297e-03      1.844e-04
ENSG00000157045:1(@)Loc1443   chr16_15056648_C_A_b38   8.919e-01 3.587e-03    3.586e-03      3.198e-03
ENSG00000157045:1(@)Loc1443   chr16_15078261_T_C_b38   5.075e-02 3.977e-03    3.976e-03      2.018e-04
ENSG00000103550:1(@)Loc1446   chr16_19708624_C_A_b38   3.329e-01 2.459e-03    2.458e-03      8.181e-04
ENSG00000103550:1(@)Loc1446   chr16_19711044_T_C_b38   3.329e-01 3.065e-03    3.064e-03      1.020e-03
ENSG00000169682:1(@)Loc1451   chr16_28969210_G_A_b38   1.710e-02 9.880e-03    9.876e-03      1.689e-04
ENSG00000169682:1(@)Loc1451   chr16_28981325_G_A_b38   1.077e-02 1.213e-02    1.213e-02      1.305e-04
ENSG00000176953:1(@)Loc1451   chr16_28969210_G_A_b38   1.405e-02 9.880e-03    9.876e-03      1.388e-04
ENSG00000176953:1(@)Loc1451   chr16_28981325_G_A_b38   8.261e-03 1.213e-02    1.212e-02      1.002e-04
ENSG00000087237:1(@)Loc1458   chr16_56960332_T_TA_b38   1.363e-01 1.000e+00    1.000e+00      1.363e-01
ENSG00000102898:1(@)Loc1464   chr16_67845497_G_A_b38   1.544e-01 2.174e-01    2.174e-01      3.357e-02
ENSG00000102898:1(@)Loc1464   chr16_67863584_C_T_b38   2.874e-02 2.429e-01    2.429e-01      6.981e-03
ENSG00000102898:1(@)Loc1464   chr16_67894139_G_A_b38   1.347e-02 5.163e-01    5.163e-01      6.956e-03
ENSG00000141086:1(@)Loc1464   chr16_67894139_G_A_b38   3.495e-04 5.163e-01    5.163e-01      1.804e-04
ENSG00000102904:1(@)Loc1464   chr16_67845497_G_A_b38   1.589e-02 2.174e-01    2.174e-01      3.454e-03
ENSG00000102904:1(@)Loc1464   chr16_67863584_C_T_b38   5.604e-03 2.429e-01    2.428e-01      1.361e-03
ENSG00000038358:1(@)Loc1464   chr16_67845497_G_A_b38   1.460e-03 2.174e-01    2.174e-01      3.175e-04
ENSG00000038358:1(@)Loc1464   chr16_67863584_C_T_b38   7.702e-03 2.429e-01    2.429e-01      1.871e-03
ENSG00000038358:1(@)Loc1464   chr16_67894139_G_A_b38   3.604e-03 5.163e-01    5.163e-01      1.861e-03
ENSG00000168286:2(@)Loc1464   chr16_67845497_G_A_b38   9.528e-04 2.174e-01    2.174e-01      2.071e-04
ENSG00000159792:1(@)Loc1464   chr16_67894139_G_A_b38   3.708e-03 5.163e-01    5.163e-01      1.914e-03
ENSG00000166816:2(@)Loc1468   chr16_75119076_T_C_b38   5.619e-01 1.841e-04    1.840e-04      1.034e-04
ENSG00000141012:1(@)Loc1481   chr16_88852199_G_T_b38   6.971e-01 2.359e-04    2.358e-04      1.644e-04
ENSG00000074370:1(@)Loc1486   chr17_3978051_C_T_b38   5.991e-01 2.039e-04    2.039e-04      1.221e-04
ENSG00000276384:1(@)Loc1489   chr17_7559652_A_G_b38   7.964e-02 2.402e-03    2.401e-03      1.912e-04
ENSG00000220205:1(@)Loc1489   chr17_8163115_C_T_b38   2.355e-01 7.734e-04    7.731e-04      1.821e-04
ENSG00000220205:1(@)Loc1489   chr17_8163123_C_T_b38   1.817e-01 7.734e-04    7.731e-04      1.405e-04
ENSG00000220205:1(@)Loc1489   chr17_8163218_GC_G_b38   1.940e-01 7.734e-04    7.731e-04      1.500e-04
ENSG00000005156:1(@)Loc1503   chr17_34980567_G_A_b38   9.706e-01 7.158e-04    7.155e-04      6.944e-04
ENSG00000092871:1(@)Loc1503   chr17_35085720_G_A_b38   3.099e-01 3.725e-04    3.724e-04      1.154e-04
ENSG00000173991:2(@)Loc1505   chr17_39657827_G_A_b38   1.012e-03 1.529e-01    1.529e-01      1.547e-04
ENSG00000173991:2(@)Loc1505   chr17_39665182_G_T_b38   6.530e-03 3.231e-01    3.230e-01      2.109e-03
ENSG00000173991:2(@)Loc1505   chr17_39666058_A_C_b38   9.593e-03 1.284e-02    1.283e-02      1.231e-04
ENSG00000131771:2(@)Loc1505   chr17_39657827_G_A_b38   2.014e-03 1.529e-01    1.529e-01      3.080e-04
ENSG00000131771:2(@)Loc1505   chr17_39665182_G_T_b38   2.014e-03 3.231e-01    3.230e-01      6.507e-04
ENSG00000141736:1(@)Loc1505   chr17_39665182_G_T_b38   1.320e-03 3.231e-01    3.230e-01      4.263e-04
ENSG00000141744:3(@)Loc1505   chr17_39665182_G_T_b38   6.282e-04 3.231e-01    3.230e-01      2.029e-04
ENSG00000108786:3(@)Loc1507   chr17_42549055_C_T_b38   2.916e-01 3.752e-04    3.750e-04      1.094e-04
ENSG00000108786:1(@)Loc1507   chr17_42553697_G_A_b38   5.868e-01 3.622e-04    3.620e-04      2.125e-04
ENSG00000108788:1(@)Loc1507   chr17_42615670_C_T_b38   7.538e-03 1.306e-01    1.306e-01      9.842e-04
ENSG00000037042:1(@)Loc1507   chr17_42656820_G_A_b38   1.524e-01 7.027e-04    7.024e-04      1.070e-04
ENSG00000037042:1(@)Loc1507   chr17_42659763_C_T_b38   1.399e-01 8.255e-04    8.252e-04      1.154e-04
ENSG00000108797:1(@)Loc1507   chr17_42683433_A_C_b38   2.734e-01 6.207e-04    6.205e-04      1.696e-04
ENSG00000161647:1(@)Loc1508   chr17_43853201_A_G_b38   6.459e-03 1.780e-01    1.779e-01      1.149e-03
ENSG00000161649:1(@)Loc1508   chr17_43853201_A_G_b38   1.633e-03 1.780e-01    1.779e-01      2.905e-04
ENSG00000263766:1(@)Loc1509   chr17_47647630_G_A_b38   1.187e-01 3.581e-03    3.580e-03      4.250e-04
ENSG00000167183:1(@)Loc1510   chr17_47957635_C_G_b38   9.643e-02 3.312e-03    3.311e-03      3.192e-04
ENSG00000154889:5(@)Loc1538   chr18_11908433_A_AGCCGCTTCGTCCGCCCGGC_b38   6.210e-01 2.047e-04    2.046e-04      1.270e-04
ENSG00000134490:1(@)Loc1541   chr18_23437871_C_T_b38   3.937e-01 3.805e-04    3.803e-04      1.497e-04
ENSG00000176490:1(@)Loc1580   chr19_2721594_A_G_b38   6.261e-01 1.713e-04    1.713e-04      1.072e-04
ENSG00000167772:1(@)Loc1585   chr19_8366697_G_A_b38   5.277e-02 6.668e-01    6.667e-01      3.518e-02
ENSG00000129353:2(@)Loc1586   chr19_10625505_G_A_b38   9.229e-01 1.824e-04    1.824e-04      1.683e-04
ENSG00000142453:2(@)Loc1586   chr19_10870676_A_G_b38   1.628e-01 1.039e-03    1.039e-03      1.691e-04
ENSG00000273733:2(@)Loc1587   chr19_11223503_C_T_b38   3.249e-03 9.030e-02    9.030e-02      2.934e-04
ENSG00000273733:2(@)Loc1587   chr19_11236817_T_C_b38   3.408e-04 9.097e-01    9.097e-01      3.100e-04
ENSG00000006015:1(@)Loc1592   chr19_18588679_T_C_b38   4.511e-01 2.500e-04    2.499e-04      1.127e-04
ENSG00000142230:2(@)Loc1610   chr19_47093845_T_C_b38   1.262e-03 1.986e-01    1.986e-01      2.505e-04
ENSG00000142230:2(@)Loc1610   chr19_47113120_G_T_b38   3.802e-02 5.011e-03    5.009e-03      1.904e-04
ENSG00000131042:2(@)Loc1614   chr19_54293995_T_C_b38   1.830e-03 1.000e+00    1.000e+00      1.830e-03
ENSG00000198131:1(@)Loc1616   chr19_58243473_TG_T_b38   3.375e-01 5.755e-04    5.752e-04      1.941e-04
ENSG00000101460:1(@)Loc1637   chr20_34587662_C_T_b38   3.746e-03 8.951e-02    8.948e-02      3.351e-04
ENSG00000078804:1(@)Loc1637   chr20_34706549_A_G_b38   3.032e-03 6.655e-02    6.652e-02      2.017e-04
ENSG00000101000:1(@)Loc1637   chr20_35155806_A_C_b38   2.760e-01 7.361e-04    7.358e-04      2.030e-04
ENSG00000124191:2(@)Loc1643   chr20_43901080_C_T_b38   3.408e-01 7.016e-04    7.013e-04      2.390e-04
ENSG00000064601:2(@)Loc1644   chr20_45925376_T_C_b38   4.475e-03 4.136e-01    4.136e-01      1.851e-03
ENSG00000064601:2(@)Loc1644   chr20_45956781_A_G_b38   3.783e-03 4.258e-01    4.258e-01      1.611e-03
ENSG00000064601:2(@)Loc1644   chr20_45961659_C_G_b38   3.783e-03 1.564e-01    1.564e-01      5.917e-04
ENSG00000271984:2(@)Loc1644   chr20_45925376_T_C_b38   7.520e-03 4.136e-01    4.136e-01      3.110e-03
ENSG00000271984:2(@)Loc1644   chr20_45956781_A_G_b38   3.263e-03 4.258e-01    4.258e-01      1.390e-03
ENSG00000271984:2(@)Loc1644   chr20_45961659_C_G_b38   3.263e-03 1.564e-01    1.564e-01      5.104e-04
ENSG00000100979:4(@)Loc1644   chr20_45925376_T_C_b38   4.370e-04 4.136e-01    4.136e-01      1.807e-04
ENSG00000171700:1(@)Loc1654   chr20_64074752_A_G_b38   8.813e-01 1.726e-04    1.725e-04      1.520e-04
ENSG00000185651:1(@)Loc1682   chr22_21574627_T_G_b38   2.026e-02 3.100e-01    3.099e-01      6.278e-03
ENSG00000161180:1(@)Loc1682   chr22_21577779_C_T_b38   1.060e-02 6.363e-01    6.362e-01      6.744e-03
ENSG00000133433:5(@)Loc1684   chr22_23970896_G_A_b38   7.579e-01 4.954e-04    4.952e-04      3.753e-04
ENSG00000272977:1(@)Loc1685   chr22_25459662_G_A_b38   9.998e-01 1.864e-04    1.864e-04      1.863e-04
ENSG00000128313:1(@)Loc1692   chr22_35642029_C_T_b38   6.288e-01 3.587e-04    3.586e-04      2.255e-04
