Signal	SNP	PIP_qtl	PIP_gwas_marginal	PIP_gwas_qtl_prior	SCP
ENSG00000260063:1(@)Loc18   chr1_26686642_G_A_b38   7.004e-03 2.829e-02    2.828e-02      1.981e-04
ENSG00000260063:1(@)Loc18   chr1_26712737_C_T_b38   3.620e-03 3.114e-01    3.113e-01      1.127e-03
ENSG00000204160:1(@)Loc18   chr1_26811902_C_T_b38   2.836e-03 4.286e-01    4.286e-01      1.216e-03
ENSG00000060642:1(@)Loc18   chr1_26811902_C_T_b38   1.205e-03 4.286e-01    4.286e-01      5.166e-04
ENSG00000175707:1(@)Loc18   chr1_26958704_C_T_b38   1.722e-03 2.179e-01    2.178e-01      3.752e-04
ENSG00000243970:1(@)Loc24   chr1_39562508_A_G_b38   3.373e-03 5.718e-01    5.718e-01      1.929e-03
ENSG00000243970:1(@)Loc24   chr1_39570014_C_T_b38   1.336e-03 2.012e-01    2.012e-01      2.688e-04
ENSG00000235563:1(@)Loc33   chr1_53113510_G_A_b38   9.313e-02 1.927e-03    1.926e-03      1.794e-04
ENSG00000162607:1(@)Loc39   chr1_62436136_C_A_b38   2.803e-02 7.409e-03    7.407e-03      2.076e-04
ENSG00000117500:1(@)Loc57   chr1_93185990_T_C_b38   9.051e-04 1.284e-01    1.284e-01      1.162e-04
ENSG00000117505:2(@)Loc57   chr1_93350843_A_G_b38   7.616e-04 6.504e-01    6.503e-01      4.953e-04
ENSG00000223745:2(@)Loc57   chr1_93350843_A_G_b38   3.375e-04 6.504e-01    6.503e-01      2.195e-04
ENSG00000229635:1(@)Loc57   chr1_93350843_A_G_b38   2.078e-04 6.504e-01    6.503e-01      1.352e-04
ENSG00000143575:1(@)Loc76   chr1_154272666_T_G_b38   1.573e-02 1.539e-02    1.539e-02      2.420e-04
ENSG00000143320:2(@)Loc78   chr1_156730859_T_G_b38   4.448e-04 9.208e-01    9.208e-01      4.096e-04
ENSG00000143319:1(@)Loc78   chr1_156730859_T_G_b38   1.923e-03 9.208e-01    9.208e-01      1.771e-03
ENSG00000143314:1(@)Loc78   chr1_156730859_T_G_b38   6.612e-04 9.208e-01    9.208e-01      6.088e-04
ENSG00000213057:2(@)Loc88   chr1_178546177_G_A_b38   8.727e-04 9.482e-01    9.482e-01      8.275e-04
ENSG00000173209:2(@)Loc172   chr2_61177770_C_G_b38   9.214e-01 1.315e-04    1.315e-04      1.211e-04
ENSG00000246575:1(@)Loc186   chr2_85310189_G_A_b38   1.324e-02 2.737e-02    2.737e-02      3.624e-04
ENSG00000246575:1(@)Loc186   chr2_85311872_G_A_b38   1.338e-02 3.275e-02    3.275e-02      4.382e-04
ENSG00000246575:1(@)Loc186   chr2_85312047_A_C_b38   1.338e-02 3.275e-02    3.275e-02      4.382e-04
ENSG00000246575:1(@)Loc186   chr2_85312450_T_A_b38   1.338e-02 3.001e-02    3.001e-02      4.015e-04
ENSG00000246575:1(@)Loc186   chr2_85313523_ACT_A_b38   1.836e-02 3.483e-02    3.483e-02      6.396e-04
ENSG00000246575:1(@)Loc186   chr2_85313643_C_T_b38   1.836e-02 4.651e-02    4.651e-02      8.541e-04
ENSG00000246575:1(@)Loc186   chr2_85313657_T_G_b38   1.836e-02 4.385e-02    4.385e-02      8.053e-04
ENSG00000246575:1(@)Loc186   chr2_85313960_T_C_b38   1.836e-02 4.192e-02    4.192e-02      7.699e-04
ENSG00000246575:1(@)Loc186   chr2_85315563_G_C_b38   1.975e-02 4.184e-02    4.184e-02      8.263e-04
ENSG00000246575:1(@)Loc186   chr2_85315595_G_A_b38   1.975e-02 1.667e-02    1.667e-02      3.293e-04
ENSG00000246575:1(@)Loc186   chr2_85317466_G_GCAACA_b38   6.010e-03 1.730e-02    1.730e-02      1.040e-04
ENSG00000246575:1(@)Loc186   chr2_85318929_A_G_b38   1.009e-02 1.720e-02    1.720e-02      1.736e-04
ENSG00000246575:1(@)Loc186   chr2_85319809_A_C_b38   4.757e-03 2.786e-02    2.786e-02      1.326e-04
ENSG00000246575:1(@)Loc186   chr2_85320306_G_T_b38   3.430e-03 3.423e-02    3.423e-02      1.174e-04
ENSG00000246575:1(@)Loc186   chr2_85320840_C_T_b38   3.430e-03 3.327e-02    3.326e-02      1.141e-04
ENSG00000246575:1(@)Loc186   chr2_85322404_T_C_b38   8.048e-03 2.996e-02    2.996e-02      2.411e-04
ENSG00000246575:1(@)Loc186   chr2_85322424_C_T_b38   8.048e-03 3.633e-02    3.633e-02      2.924e-04
ENSG00000246575:1(@)Loc186   chr2_85324061_C_T_b38   3.430e-03 3.357e-02    3.357e-02      1.152e-04
ENSG00000246575:1(@)Loc186   chr2_85324573_T_G_b38   8.048e-03 3.532e-02    3.532e-02      2.843e-04
ENSG00000246575:1(@)Loc186   chr2_85324656_G_A_b38   8.048e-03 3.725e-02    3.725e-02      2.998e-04
ENSG00000246575:1(@)Loc186   chr2_85325697_C_T_b38   3.993e-03 3.080e-02    3.080e-02      1.230e-04
ENSG00000152291:1(@)Loc186   chr2_85328139_T_G_b38   2.937e-02 7.777e-03    7.776e-03      2.284e-04
ENSG00000152291:1(@)Loc186   chr2_85328355_C_T_b38   2.773e-02 4.705e-02    4.705e-02      1.305e-03
ENSG00000004534:1(@)Loc311   chr3_49934081_C_A_b38   2.074e-01 2.093e-01    2.093e-01      4.341e-02
ENSG00000003756:1(@)Loc311   chr3_50075601_A_G_b38   3.327e-04 3.265e-01    3.265e-01      1.086e-04
ENSG00000003756:1(@)Loc311   chr3_50091966_C_T_b38   1.066e-03 4.002e-01    4.002e-01      4.265e-04
ENSG00000168268:1(@)Loc312   chr3_52498102_A_G_b38   4.417e-03 9.813e-01    9.813e-01      4.335e-03
ENSG00000144852:1(@)Loc350   chr3_119823450_A_G_b38   8.343e-02 2.965e-01    2.964e-01      2.473e-02
ENSG00000144852:1(@)Loc350   chr3_119841759_T_C_b38   1.467e-02 5.333e-01    5.332e-01      7.822e-03
ENSG00000145390:1(@)Loc475   chr4_119212394_T_G_b38   2.134e-01 9.665e-04    9.661e-04      2.062e-04
ENSG00000145384:1(@)Loc475   chr4_119320570_C_A_b38   2.748e-01 5.865e-04    5.863e-04      1.611e-04
ENSG00000164512:1(@)Loc553   chr5_56500492_C_T_b38   1.446e-02 6.391e-02    6.389e-02      9.241e-04
ENSG00000164512:1(@)Loc553   chr5_56507706_G_A_b38   1.446e-02 3.399e-02    3.399e-02      4.915e-04
ENSG00000164512:1(@)Loc553   chr5_56520065_A_G_b38   2.202e-01 5.173e-02    5.171e-02      1.139e-02
ENSG00000112308:1(@)Loc648   chr6_24719750_G_A_b38   2.769e-01 1.278e-03    1.278e-03      3.537e-04
ENSG00000124564:2(@)Loc650   chr6_25874195_G_A_b38   1.647e-02 1.819e-02    1.819e-02      2.995e-04
ENSG00000272462:2(@)Loc650   chr6_25993241_A_G_b38   7.909e-03 2.061e-02    2.061e-02      1.630e-04
ENSG00000137312:1(@)Loc654   chr6_30651129_A_G_b38   2.017e-03 9.064e-02    9.061e-02      1.828e-04
ENSG00000137312:1(@)Loc654   chr6_30741178_C_T_b38   8.563e-02 4.166e-03    4.165e-03      3.566e-04
ENSG00000137312:1(@)Loc654   chr6_30828768_T_C_b38   5.467e-03 1.339e-01    1.339e-01      7.318e-04
ENSG00000204520:3(@)Loc655   chr6_31412672_C_T_b38   1.595e-02 1.107e-02    1.106e-02      1.764e-04
ENSG00000204520:3(@)Loc655   chr6_31420437_G_A_b38   3.309e-02 1.182e-02    1.182e-02      3.910e-04
ENSG00000228962:2(@)Loc656   chr6_32395438_T_C_b38   3.850e-04 6.106e-01    6.106e-01      2.351e-04
ENSG00000198502:2(@)Loc656   chr6_32530899_C_A_b38   9.992e-01 2.277e-04    2.276e-04      2.274e-04
ENSG00000272288:2(@)Loc658   chr6_34695821_C_T_b38   1.314e-02 6.603e-02    6.601e-02      8.675e-04
ENSG00000124713:1(@)Loc663   chr6_42959801_A_AGAGT_b38   1.758e-01 7.193e-04    7.190e-04      1.264e-04
ENSG00000124713:1(@)Loc663   chr6_42961020_T_G_b38   5.175e-01 7.990e-04    7.987e-04      4.133e-04
ENSG00000124587:1(@)Loc663   chr6_42977112_C_T_b38   7.233e-01 1.541e-04    1.541e-04      1.115e-04
ENSG00000178381:2(@)Loc744   chr7_1157039_G_C_b38   2.354e-01 4.738e-04    4.736e-04      1.115e-04
ENSG00000164849:2(@)Loc744   chr7_1044141_A_G_b38   7.095e-03 4.560e-01    4.559e-01      3.235e-03
ENSG00000106638:2(@)Loc789   chr7_73556901_C_T_b38   9.842e-04 1.846e-01    1.845e-01      1.816e-04
ENSG00000106638:2(@)Loc789   chr7_73568544_C_T_b38   9.842e-04 3.304e-01    3.303e-01      3.251e-04
ENSG00000009950:2(@)Loc789   chr7_73612048_C_T_b38   6.974e-03 3.420e-02    3.419e-02      2.385e-04
ENSG00000091732:1(@)Loc821   chr7_130051469_C_G_b38   4.924e-02 2.210e-03    2.210e-03      1.088e-04
ENSG00000253111:1(@)Loc924   chr8_125465517_G_A_b38   6.459e-03 1.978e-02    1.977e-02      1.277e-04
ENSG00000253111:1(@)Loc924   chr8_125466503_A_G_b38   4.316e-02 7.575e-03    7.572e-03      3.269e-04
ENSG00000253111:1(@)Loc924   chr8_125467073_G_A_b38   4.316e-02 6.367e-03    6.365e-03      2.747e-04
ENSG00000165119:1(@)Loc976   chr9_83979804_G_C_b38   1.247e-01 8.193e-04    8.190e-04      1.022e-04
ENSG00000175164:1(@)Loc1005   chr9_133272585_G_A_b38   9.574e-01 2.344e-04    2.343e-04      2.243e-04
ENSG00000026025:1(@)Loc1023   chr10_17229111_G_C_b38   1.919e-02 1.542e-02    1.541e-02      2.957e-04
ENSG00000165476:1(@)Loc1051   chr10_63504366_T_C_b38   2.318e-03 1.558e-01    1.557e-01      3.611e-04
ENSG00000165476:1(@)Loc1051   chr10_63517266_G_A_b38   1.184e-02 4.301e-02    4.300e-02      5.089e-04
ENSG00000165476:1(@)Loc1051   chr10_63541965_T_C_b38   2.444e-03 6.765e-02    6.764e-02      1.653e-04
ENSG00000165476:1(@)Loc1051   chr10_63548990_A_T_b38   3.473e-03 3.003e-02    3.002e-02      1.043e-04
ENSG00000272140:1(@)Loc1058   chr10_73717540_A_G_b38   2.480e-02 2.285e-02    2.284e-02      5.664e-04
ENSG00000187553:2(@)Loc1068   chr10_93059296_C_T_b38   1.348e-03 4.869e-01    4.868e-01      6.560e-04
ENSG00000095485:1(@)Loc1073   chr10_100264501_C_T_b38   7.084e-02 2.455e-03    2.454e-03      1.738e-04
ENSG00000095485:1(@)Loc1073   chr10_100266802_G_C_b38   2.046e-01 2.455e-03    2.454e-03      5.020e-04
ENSG00000095485:1(@)Loc1073   chr10_100267650_C_T_b38   6.071e-01 2.860e-03    2.859e-03      1.735e-03
ENSG00000043591:2(@)Loc1080   chr10_114029616_C_T_b38   3.622e-04 3.697e-01    3.697e-01      1.339e-04
ENSG00000043591:2(@)Loc1080   chr10_114033028_G_A_b38   3.622e-04 3.497e-01    3.497e-01      1.267e-04
ENSG00000175213:1(@)Loc1122   chr11_46721697_T_C_b38   1.315e-03 9.478e-01    9.478e-01      1.247e-03
ENSG00000180210:1(@)Loc1122   chr11_46721697_T_C_b38   7.913e-04 9.478e-01    9.478e-01      7.499e-04
ENSG00000256897:1(@)Loc1123   chr11_47273075_T_C_b38   7.803e-04 3.149e-01    3.149e-01      2.457e-04
ENSG00000256897:1(@)Loc1123   chr11_47312134_C_A_b38   6.424e-04 3.362e-01    3.362e-01      2.160e-04
ENSG00000134575:1(@)Loc1123   chr11_47273075_T_C_b38   3.230e-03 3.149e-01    3.148e-01      1.017e-03
ENSG00000110514:1(@)Loc1123   chr11_47273075_T_C_b38   1.508e-03 3.149e-01    3.149e-01      4.749e-04
ENSG00000134825:1(@)Loc1128   chr11_61783884_T_C_b38   1.331e-03 1.979e-01    1.979e-01      2.633e-04
ENSG00000134825:1(@)Loc1128   chr11_61790331_T_C_b38   2.127e-03 2.742e-01    2.742e-01      5.833e-04
ENSG00000134825:1(@)Loc1128   chr11_61802358_C_T_b38   1.252e-03 2.144e-01    2.144e-01      2.685e-04
ENSG00000168496:1(@)Loc1128   chr11_61783884_T_C_b38   5.689e-04 1.979e-01    1.979e-01      1.126e-04
ENSG00000168496:1(@)Loc1128   chr11_61790331_T_C_b38   1.752e-03 2.742e-01    2.742e-01      4.806e-04
ENSG00000168496:1(@)Loc1128   chr11_61802358_C_T_b38   5.694e-04 2.144e-01    2.144e-01      1.221e-04
ENSG00000197136:2(@)Loc1130   chr11_65623846_G_A_b38   9.143e-04 7.961e-01    7.960e-01      7.278e-04
ENSG00000173327:2(@)Loc1130   chr11_65623846_G_A_b38   2.231e-03 7.961e-01    7.960e-01      1.776e-03
ENSG00000255120:1(@)Loc1130   chr11_65793314_G_A_b38   3.874e-01 3.487e-04    3.486e-04      1.350e-04
ENSG00000172803:1(@)Loc1130   chr11_65834089_G_C_b38   8.905e-01 1.930e-04    1.929e-04      1.718e-04
ENSG00000250508:1(@)Loc1132   chr11_68870269_G_C_b38   1.764e-01 6.766e-04    6.764e-04      1.193e-04
ENSG00000250508:1(@)Loc1132   chr11_68870340_G_A_b38   1.764e-01 1.325e-03    1.324e-03      2.336e-04
ENSG00000250508:1(@)Loc1132   chr11_68870590_G_T_b38   1.764e-01 1.325e-03    1.324e-03      2.336e-04
ENSG00000132740:1(@)Loc1132   chr11_68903636_A_G_b38   1.049e-01 1.403e-03    1.402e-03      1.471e-04
ENSG00000132740:1(@)Loc1132   chr11_68903812_G_GCCGCCGCCATCTTC_b38   3.493e-01 1.407e-03    1.407e-03      4.915e-04
ENSG00000197345:1(@)Loc1132   chr11_68899730_A_C_b38   2.660e-02 6.787e-02    6.785e-02      1.805e-03
ENSG00000197345:1(@)Loc1132   chr11_68903636_A_G_b38   1.170e-01 1.403e-03    1.402e-03      1.640e-04
ENSG00000197345:1(@)Loc1132   chr11_68903812_G_GCCGCCGCCATCTTC_b38   5.496e-01 1.407e-03    1.407e-03      7.733e-04
ENSG00000137673:1(@)Loc1153   chr11_102474404_G_A_b38   8.198e-01 1.315e-04    1.315e-04      1.078e-04
ENSG00000109917:1(@)Loc1164   chr11_116781491_C_T_b38   8.499e-04 1.712e-01    1.711e-01      1.454e-04
ENSG00000137700:1(@)Loc1165   chr11_119030904_A_T_b38   5.006e-02 2.616e-03    2.615e-03      1.309e-04
ENSG00000256269:1(@)Loc1165   chr11_119084309_GC_G_b38   2.122e-01 5.651e-04    5.650e-04      1.199e-04
ENSG00000160695:1(@)Loc1165   chr11_119067660_T_A_b38   5.868e-02 3.212e-03    3.211e-03      1.884e-04
ENSG00000154127:2(@)Loc1168   chr11_122651667_T_C_b38   8.602e-04 4.414e-01    4.414e-01      3.797e-04
ENSG00000154127:2(@)Loc1168   chr11_122663796_T_C_b38   4.802e-04 4.660e-01    4.660e-01      2.238e-04
ENSG00000271614:1(@)Loc1232   chr12_89690909_A_G_b38   6.672e-02 1.499e-02    1.498e-02      9.996e-04
ENSG00000271614:1(@)Loc1232   chr12_89699417_G_A_b38   1.485e-01 3.317e-03    3.316e-03      4.924e-04
ENSG00000271614:1(@)Loc1232   chr12_89706118_T_C_b38   2.559e-01 2.166e-03    2.165e-03      5.542e-04
ENSG00000111785:1(@)Loc1243   chr12_106780868_A_C_b38   7.070e-04 2.314e-01    2.313e-01      1.635e-04
ENSG00000256249:1(@)Loc1253   chr12_122686671_A_G_b38   1.102e-02 2.594e-01    2.594e-01      2.857e-03
ENSG00000182782:2(@)Loc1253   chr12_122686671_A_G_b38   6.756e-04 2.594e-01    2.594e-01      1.752e-04
ENSG00000235423:1(@)Loc1253   chr12_123290580_G_A_b38   1.701e-03 6.496e-02    6.494e-02      1.105e-04
ENSG00000270061:1(@)Loc1253   chr12_123964676_C_A_b38   1.141e-03 1.682e-01    1.681e-01      1.919e-04
ENSG00000119242:1(@)Loc1253   chr12_123964676_C_A_b38   4.024e-03 1.682e-01    1.681e-01      6.766e-04
ENSG00000119242:1(@)Loc1253   chr12_123980289_G_T_b38   3.270e-03 3.708e-02    3.707e-02      1.212e-04
ENSG00000250091:1(@)Loc1253   chr12_123920171_T_C_b38   2.161e-03 1.115e-01    1.115e-01      2.410e-04
ENSG00000250091:1(@)Loc1253   chr12_123924955_G_A_b38   2.208e-03 4.999e-02    4.998e-02      1.104e-04
ENSG00000250091:1(@)Loc1253   chr12_123929551_C_T_b38   5.486e-03 8.649e-02    8.648e-02      4.744e-04
ENSG00000250091:1(@)Loc1253   chr12_123935181_C_T_b38   5.730e-02 1.328e-01    1.328e-01      7.609e-03
ENSG00000250091:1(@)Loc1253   chr12_123964676_C_A_b38   8.688e-04 1.682e-01    1.681e-01      1.461e-04
ENSG00000270130:1(@)Loc1253   chr12_123964676_C_A_b38   9.608e-04 1.682e-01    1.681e-01      1.615e-04
ENSG00000269997:1(@)Loc1253   chr12_123964676_C_A_b38   1.796e-03 1.682e-01    1.681e-01      3.020e-04
ENSG00000179195:1(@)Loc1253   chr12_123964676_C_A_b38   6.550e-04 1.682e-01    1.681e-01      1.101e-04
ENSG00000270048:1(@)Loc1253   chr12_123964676_C_A_b38   1.187e-03 1.682e-01    1.681e-01      1.996e-04
ENSG00000228741:1(@)Loc1265   chr13_24017415_C_G_b38   3.058e-01 5.626e-04    5.624e-04      1.720e-04
ENSG00000258701:2(@)Loc1377   chr14_104810872_G_A_b38   8.576e-03 9.241e-01    9.241e-01      7.925e-03
ENSG00000062524:1(@)Loc1393   chr15_41554978_T_G_b38   4.255e-01 6.941e-04    6.938e-04      2.953e-04
ENSG00000223572:2(@)Loc1395   chr15_43919075_T_C_b38   3.211e-03 3.838e-01    3.837e-01      1.232e-03
ENSG00000170236:1(@)Loc1398   chr15_50547075_G_A_b38   1.465e-01 3.623e-03    3.622e-03      5.307e-04
ENSG00000103642:2(@)Loc1407   chr15_63104668_A_G_b38   2.755e-04 6.100e-01    6.100e-01      1.681e-04
ENSG00000259359:1(@)Loc1424   chr15_96171587_C_A_b38   2.007e-02 9.269e-03    9.266e-03      1.859e-04
ENSG00000103245:1(@)Loc1429   chr16_733004_T_C_b38   5.886e-01 2.296e-04    2.296e-04      1.351e-04
ENSG00000140623:1(@)Loc1432   chr16_4788494_A_G_b38   3.968e-01 2.873e-04    2.872e-04      1.140e-04
ENSG00000175643:1(@)Loc1439   chr16_11250085_C_G_b38   7.205e-01 6.168e-04    6.166e-04      4.442e-04
ENSG00000275910:2(@)Loc1443   chr16_15036083_C_T_b38   1.874e-01 1.439e-02    1.439e-02      2.697e-03
ENSG00000183426:2(@)Loc1443   chr16_15034559_A_G_b38   9.762e-01 4.974e-04    4.972e-04      4.854e-04
ENSG00000103550:1(@)Loc1446   chr16_19717694_G_C_b38   4.557e-01 1.923e-03    1.922e-03      8.759e-04
ENSG00000141086:1(@)Loc1464   chr16_67894139_G_A_b38   2.878e-04 5.163e-01    5.163e-01      1.486e-04
ENSG00000038358:1(@)Loc1464   chr16_67863584_C_T_b38   1.315e-03 2.429e-01    2.429e-01      3.194e-04
ENSG00000038358:1(@)Loc1464   chr16_67894139_G_A_b38   6.790e-04 5.163e-01    5.163e-01      3.505e-04
ENSG00000168286:2(@)Loc1464   chr16_67845497_G_A_b38   1.467e-03 2.174e-01    2.174e-01      3.190e-04
ENSG00000168286:2(@)Loc1464   chr16_67863584_C_T_b38   5.782e-04 2.429e-01    2.428e-01      1.404e-04
ENSG00000159792:1(@)Loc1464   chr16_67845497_G_A_b38   5.211e-04 2.174e-01    2.174e-01      1.133e-04
ENSG00000159792:1(@)Loc1464   chr16_67863584_C_T_b38   5.211e-04 2.429e-01    2.429e-01      1.266e-04
ENSG00000159792:1(@)Loc1464   chr16_67894139_G_A_b38   1.827e-02 5.163e-01    5.163e-01      9.431e-03
ENSG00000141504:1(@)Loc1489   chr17_7635467_C_A_b38   1.373e-02 5.149e-02    5.147e-02      7.066e-04
ENSG00000005156:1(@)Loc1503   chr17_34980567_G_A_b38   5.729e-01 7.158e-04    7.155e-04      4.099e-04
ENSG00000173991:2(@)Loc1505   chr17_39657827_G_A_b38   1.099e-03 1.529e-01    1.529e-01      1.680e-04
ENSG00000173991:2(@)Loc1505   chr17_39665182_G_T_b38   5.942e-03 3.231e-01    3.230e-01      1.920e-03
ENSG00000161395:1(@)Loc1505   chr17_39657827_G_A_b38   3.418e-03 1.529e-01    1.529e-01      5.225e-04
ENSG00000161395:1(@)Loc1505   chr17_39665182_G_T_b38   3.418e-03 3.231e-01    3.230e-01      1.104e-03
ENSG00000141744:2(@)Loc1505   chr17_39665182_G_T_b38   7.265e-04 3.231e-01    3.230e-01      2.347e-04
ENSG00000108433:2(@)Loc1509   chr17_46933355_G_A_b38   2.302e-03 2.615e-01    2.614e-01      6.018e-04
ENSG00000167183:1(@)Loc1510   chr17_47950486_G_A_b38   5.286e-02 2.234e-03    2.234e-03      1.181e-04
ENSG00000167183:1(@)Loc1510   chr17_47957635_C_G_b38   7.716e-01 3.312e-03    3.311e-03      2.555e-03
ENSG00000154889:1(@)Loc1538   chr18_11908433_A_AGCCGCTTCGTCCGCCCGGC_b38   5.260e-01 2.047e-04    2.046e-04      1.076e-04
ENSG00000185236:2(@)Loc1585   chr19_8366697_G_A_b38   3.120e-04 6.668e-01    6.668e-01      2.080e-04
ENSG00000185236:2(@)Loc1585   chr19_8388938_T_C_b38   3.358e-03 3.328e-01    3.328e-01      1.117e-03
ENSG00000267282:2(@)Loc1608   chr19_44892362_A_G_b38   1.081e-03 9.999e-01    9.999e-01      1.080e-03
ENSG00000186230:1(@)Loc1616   chr19_57438168_T_C_b38   9.878e-01 1.022e-04    1.021e-04      1.009e-04
ENSG00000268516:1(@)Loc1616   chr19_58270286_G_A_b38   6.567e-01 2.302e-04    2.302e-04      1.511e-04
ENSG00000101460:2(@)Loc1637   chr20_34587662_C_T_b38   1.624e-03 8.951e-02    8.949e-02      1.453e-04
ENSG00000100979:1(@)Loc1644   chr20_45925376_T_C_b38   2.040e-02 4.136e-01    4.136e-01      8.437e-03
ENSG00000100979:1(@)Loc1644   chr20_45956781_A_G_b38   4.640e-03 4.258e-01    4.258e-01      1.976e-03
ENSG00000100979:1(@)Loc1644   chr20_45961659_C_G_b38   4.640e-03 1.564e-01    1.564e-01      7.257e-04
ENSG00000100982:1(@)Loc1644   chr20_45925376_T_C_b38   7.094e-04 4.136e-01    4.136e-01      2.934e-04
ENSG00000100982:1(@)Loc1644   chr20_45956781_A_G_b38   5.937e-04 4.258e-01    4.258e-01      2.528e-04
ENSG00000161180:1(@)Loc1682   chr22_21577779_C_T_b38   1.819e-03 6.363e-01    6.362e-01      1.157e-03
ENSG00000185651:2(@)Loc1682   chr22_21574627_T_G_b38   5.295e-04 3.100e-01    3.100e-01      1.642e-04
ENSG00000185651:2(@)Loc1682   chr22_21577779_C_T_b38   2.591e-04 6.363e-01    6.363e-01      1.649e-04
ENSG00000272977:1(@)Loc1685   chr22_25476625_A_C_b38   4.158e-01 3.880e-04    3.878e-04      1.613e-04
