Signal	SNP	PIP_qtl	PIP_gwas_marginal	PIP_gwas_qtl_prior	SCP
ENSG00000260063:1(@)Loc18   chr1_26712737_C_T_b38   8.641e-04 3.114e-01    3.113e-01      2.690e-04
ENSG00000060642:1(@)Loc18   chr1_26811902_C_T_b38   1.374e-02 4.286e-01    4.286e-01      5.890e-03
ENSG00000175707:1(@)Loc18   chr1_26958704_C_T_b38   2.634e-03 2.179e-01    2.179e-01      5.738e-04
ENSG00000158161:1(@)Loc19   chr1_28074367_T_C_b38   5.590e-02 1.861e-03    1.861e-03      1.040e-04
ENSG00000158161:1(@)Loc19   chr1_28080155_C_CA_b38   8.346e-02 1.393e-03    1.393e-03      1.163e-04
ENSG00000090621:1(@)Loc24   chr1_39562508_A_G_b38   2.198e-03 5.718e-01    5.718e-01      1.257e-03
ENSG00000090621:1(@)Loc24   chr1_39570014_C_T_b38   5.084e-03 2.012e-01    2.012e-01      1.023e-03
ENSG00000090621:1(@)Loc24   chr1_39599289_G_A_b38   2.386e-03 6.734e-02    6.733e-02      1.607e-04
ENSG00000228060:1(@)Loc24   chr1_39562508_A_G_b38   4.478e-03 5.718e-01    5.718e-01      2.560e-03
ENSG00000228060:1(@)Loc24   chr1_39570014_C_T_b38   1.062e-01 2.012e-01    2.012e-01      2.138e-02
ENSG00000117500:1(@)Loc57   chr1_93185990_T_C_b38   8.958e-03 1.284e-01    1.284e-01      1.150e-03
ENSG00000117500:1(@)Loc57   chr1_93210454_C_T_b38   3.166e-03 9.999e-02    9.997e-02      3.165e-04
ENSG00000122483:1(@)Loc57   chr1_93185990_T_C_b38   9.801e-03 1.284e-01    1.284e-01      1.259e-03
ENSG00000122483:1(@)Loc57   chr1_93210454_C_T_b38   1.564e-03 9.999e-02    9.997e-02      1.563e-04
ENSG00000229635:1(@)Loc57   chr1_93350843_A_G_b38   2.725e-04 6.504e-01    6.503e-01      1.772e-04
ENSG00000134222:2(@)Loc67   chr1_109274968_G_T_b38   7.695e-02 5.427e-01    5.427e-01      4.177e-02
ENSG00000134222:2(@)Loc67   chr1_109275216_T_C_b38   2.649e-02 6.719e-02    6.719e-02      1.780e-03
ENSG00000134222:2(@)Loc67   chr1_109275908_C_T_b38   3.797e-02 3.466e-01    3.465e-01      1.316e-02
ENSG00000134222:2(@)Loc67   chr1_109278889_T_G_b38   3.007e-02 3.173e-02    3.173e-02      9.542e-04
ENSG00000134222:2(@)Loc67   chr1_109279544_G_A_b38   2.805e-02 9.779e-03    9.779e-03      2.743e-04
ENSG00000184371:1(@)Loc68   chr1_109936289_A_G_b38   4.765e-03 9.060e-02    9.058e-02      4.316e-04
ENSG00000198162:1(@)Loc72   chr1_117368060_G_A_b38   2.129e-01 3.659e-03    3.659e-03      7.791e-04
ENSG00000143412:1(@)Loc74   chr1_150968149_T_G_b38   1.639e-03 7.231e-02    7.230e-02      1.185e-04
ENSG00000143412:1(@)Loc74   chr1_150979001_T_C_b38   7.273e-03 2.688e-02    2.687e-02      1.955e-04
ENSG00000143575:1(@)Loc76   chr1_154266858_T_TC_b38   2.548e-02 4.520e-03    4.519e-03      1.152e-04
ENSG00000143575:1(@)Loc76   chr1_154270621_G_A_b38   3.150e-02 4.853e-03    4.852e-03      1.529e-04
ENSG00000143575:1(@)Loc76   chr1_154272666_T_G_b38   2.086e-01 1.539e-02    1.539e-02      3.210e-03
ENSG00000223356:2(@)Loc78   chr1_156730859_T_G_b38   3.980e-02 9.208e-01    9.208e-01      3.665e-02
ENSG00000143303:1(@)Loc78   chr1_156730859_T_G_b38   3.766e-01 9.208e-01    9.208e-01      3.468e-01
ENSG00000143319:1(@)Loc78   chr1_156730859_T_G_b38   1.973e-03 9.208e-01    9.208e-01      1.817e-03
ENSG00000117280:1(@)Loc105   chr1_205750404_G_A_b38   5.190e-02 4.006e-02    4.005e-02      2.079e-03
ENSG00000035115:1(@)Loc133   chr2_242793_G_C_b38   9.993e-01 2.459e-04    2.459e-04      2.457e-04
ENSG00000246575:2(@)Loc186   chr2_85310189_G_A_b38   4.457e-03 2.737e-02    2.737e-02      1.220e-04
ENSG00000246575:2(@)Loc186   chr2_85313523_ACT_A_b38   5.083e-03 3.483e-02    3.483e-02      1.770e-04
ENSG00000246575:2(@)Loc186   chr2_85313643_C_T_b38   5.617e-03 4.651e-02    4.651e-02      2.612e-04
ENSG00000246575:2(@)Loc186   chr2_85313657_T_G_b38   5.617e-03 4.385e-02    4.385e-02      2.463e-04
ENSG00000246575:2(@)Loc186   chr2_85313960_T_C_b38   5.617e-03 4.192e-02    4.192e-02      2.355e-04
ENSG00000246575:2(@)Loc186   chr2_85315563_G_C_b38   5.146e-02 4.184e-02    4.184e-02      2.153e-03
ENSG00000246575:2(@)Loc186   chr2_85315595_G_A_b38   5.146e-02 1.667e-02    1.667e-02      8.580e-04
ENSG00000246575:2(@)Loc186   chr2_85317466_G_GCAACA_b38   1.268e-02 1.730e-02    1.730e-02      2.194e-04
ENSG00000246575:2(@)Loc186   chr2_85319492_C_T_b38   1.656e-02 1.317e-02    1.317e-02      2.181e-04
ENSG00000246575:2(@)Loc186   chr2_85319809_A_C_b38   1.656e-02 2.786e-02    2.786e-02      4.614e-04
ENSG00000246575:2(@)Loc186   chr2_85320253_C_G_b38   5.111e-03 2.671e-02    2.671e-02      1.365e-04
ENSG00000246575:2(@)Loc186   chr2_85320306_G_T_b38   5.111e-03 3.423e-02    3.423e-02      1.749e-04
ENSG00000246575:2(@)Loc186   chr2_85320840_C_T_b38   5.111e-03 3.327e-02    3.327e-02      1.700e-04
ENSG00000246575:2(@)Loc186   chr2_85320945_TA_T_b38   1.065e-02 1.627e-02    1.627e-02      1.733e-04
ENSG00000246575:2(@)Loc186   chr2_85328355_C_T_b38   3.529e-03 4.705e-02    4.705e-02      1.660e-04
ENSG00000160796:2(@)Loc309   chr3_47019693_G_A_b38   5.047e-03 9.720e-01    9.720e-01      4.906e-03
ENSG00000004534:2(@)Loc311   chr3_49934081_C_A_b38   1.819e-03 2.093e-01    2.093e-01      3.806e-04
ENSG00000164077:1(@)Loc311   chr3_49934081_C_A_b38   3.831e-03 2.093e-01    2.093e-01      8.019e-04
ENSG00000004534:1(@)Loc311   chr3_50003880_C_T_b38   2.010e-03 5.970e-02    5.969e-02      1.200e-04
ENSG00000004534:1(@)Loc311   chr3_50091966_C_T_b38   4.635e-03 4.002e-01    4.002e-01      1.855e-03
ENSG00000003756:1(@)Loc311   chr3_50091966_C_T_b38   9.834e-04 4.002e-01    4.002e-01      3.936e-04
ENSG00000173175:1(@)Loc352   chr3_123365694_A_G_b38   5.310e-01 2.441e-04    2.440e-04      1.296e-04
ENSG00000114054:1(@)Loc360   chr3_136287734_T_C_b38   1.811e-03 1.325e-01    1.325e-01      2.399e-04
ENSG00000243629:1(@)Loc373   chr3_157085776_A_C_b38   2.732e-01 3.201e-03    3.201e-03      8.744e-04
ENSG00000241135:1(@)Loc373   chr3_157085776_A_C_b38   9.013e-02 3.201e-03    3.201e-03      2.885e-04
ENSG00000113946:1(@)Loc392   chr3_190322608_C_T_b38   3.710e-01 5.803e-04    5.801e-04      2.152e-04
ENSG00000113946:1(@)Loc392   chr3_190323165_G_T_b38   2.813e-01 4.285e-04    4.284e-04      1.205e-04
ENSG00000253404:1(@)Loc602   chr5_138752429_C_T_b38   6.868e-01 1.993e-04    1.992e-04      1.368e-04
ENSG00000113734:1(@)Loc623   chr5_173145501_C_A_b38   9.338e-01 1.986e-04    1.986e-04      1.854e-04
ENSG00000112308:1(@)Loc648   chr6_24719750_G_A_b38   8.685e-01 1.278e-03    1.278e-03      1.110e-03
ENSG00000124564:1(@)Loc650   chr6_25874195_G_A_b38   1.261e-02 1.819e-02    1.819e-02      2.294e-04
ENSG00000112343:1(@)Loc650   chr6_25918245_C_T_b38   4.514e-03 3.637e-02    3.636e-02      1.641e-04
ENSG00000112343:1(@)Loc650   chr6_25925759_G_A_b38   4.514e-03 4.035e-02    4.034e-02      1.821e-04
ENSG00000112343:1(@)Loc650   chr6_25962076_C_T_b38   8.067e-03 1.271e-02    1.270e-02      1.025e-04
ENSG00000180573:2(@)Loc650   chr6_26124075_T_C_b38   4.362e-02 4.648e-03    4.647e-03      2.027e-04
ENSG00000180596:2(@)Loc650   chr6_26124075_T_C_b38   2.258e-02 4.648e-03    4.647e-03      1.049e-04
ENSG00000146112:1(@)Loc654   chr6_30651129_A_G_b38   1.584e-02 9.064e-02    9.062e-02      1.435e-03
ENSG00000146112:1(@)Loc654   chr6_30689051_C_G_b38   2.425e-01 8.200e-04    8.198e-04      1.988e-04
ENSG00000137404:1(@)Loc654   chr6_30651129_A_G_b38   1.119e-03 9.064e-02    9.062e-02      1.014e-04
ENSG00000137312:1(@)Loc654   chr6_30651129_A_G_b38   1.800e-03 9.064e-02    9.062e-02      1.632e-04
ENSG00000137312:1(@)Loc654   chr6_30741178_C_T_b38   1.195e-01 4.166e-03    4.165e-03      4.979e-04
ENSG00000137312:1(@)Loc654   chr6_30828768_T_C_b38   2.309e-03 1.339e-01    1.339e-01      3.091e-04
ENSG00000214894:1(@)Loc654   chr6_30828768_T_C_b38   1.855e-03 1.339e-01    1.339e-01      2.483e-04
ENSG00000272288:1(@)Loc658   chr6_34695821_C_T_b38   7.589e-02 6.603e-02    6.602e-02      5.010e-03
ENSG00000196821:2(@)Loc658   chr6_34695821_C_T_b38   7.951e-03 6.603e-02    6.602e-02      5.249e-04
ENSG00000124713:1(@)Loc663   chr6_42959801_A_AGAGT_b38   2.675e-01 7.193e-04    7.191e-04      1.924e-04
ENSG00000124713:1(@)Loc663   chr6_42961020_T_G_b38   3.485e-01 7.990e-04    7.988e-04      2.784e-04
ENSG00000124587:1(@)Loc663   chr6_42979275_G_C_b38   1.558e-01 1.488e-03    1.487e-03      2.317e-04
ENSG00000146374:1(@)Loc714   chr6_127114919_C_T_b38   1.150e-03 9.037e-02    9.036e-02      1.039e-04
ENSG00000164849:1(@)Loc744   chr7_1044141_A_G_b38   1.214e-02 4.560e-01    4.560e-01      5.536e-03
ENSG00000164850:1(@)Loc744   chr7_1077800_T_C_b38   8.309e-03 5.836e-02    5.835e-02      4.848e-04
ENSG00000244151:2(@)Loc836   chr7_151076479_C_A_b38   3.799e-02 3.138e-03    3.138e-03      1.192e-04
ENSG00000204149:1(@)Loc1042   chr10_50019327_T_C_b38   9.635e-01 1.281e-04    1.280e-04      1.234e-04
ENSG00000148572:1(@)Loc1051   chr10_63144311_A_G_b38   2.883e-02 5.069e-02    5.068e-02      1.461e-03
ENSG00000165476:1(@)Loc1051   chr10_63504366_T_C_b38   1.042e-03 1.558e-01    1.558e-01      1.623e-04
ENSG00000165476:1(@)Loc1051   chr10_63517266_G_A_b38   3.434e-03 4.301e-02    4.300e-02      1.476e-04
ENSG00000165476:1(@)Loc1051   chr10_63541965_T_C_b38   1.670e-03 6.765e-02    6.764e-02      1.129e-04
ENSG00000242338:1(@)Loc1058   chr10_73717540_A_G_b38   1.626e-02 2.285e-02    2.284e-02      3.713e-04
ENSG00000095596:1(@)Loc1068   chr10_93072371_G_A_b38   1.576e-02 1.174e-02    1.173e-02      1.849e-04
ENSG00000187553:1(@)Loc1068   chr10_93059296_C_T_b38   6.110e-03 4.869e-01    4.868e-01      2.975e-03
ENSG00000095485:1(@)Loc1073   chr10_100266802_G_C_b38   1.488e-01 2.455e-03    2.454e-03      3.651e-04
ENSG00000095485:1(@)Loc1073   chr10_100267650_C_T_b38   5.781e-01 2.860e-03    2.859e-03      1.653e-03
ENSG00000196072:1(@)Loc1073   chr10_100152307_T_C_b38   2.757e-03 1.667e-01    1.667e-01      4.594e-04
ENSG00000196072:1(@)Loc1073   chr10_100239989_G_A_b38   3.397e-02 3.583e-03    3.582e-03      1.217e-04
ENSG00000196072:1(@)Loc1073   chr10_100244149_G_C_b38   3.397e-02 3.020e-03    3.019e-03      1.026e-04
ENSG00000196072:1(@)Loc1073   chr10_100264501_C_T_b38   8.836e-02 2.455e-03    2.454e-03      2.168e-04
ENSG00000196072:1(@)Loc1073   chr10_100266802_G_C_b38   8.836e-02 2.455e-03    2.454e-03      2.168e-04
ENSG00000196072:1(@)Loc1073   chr10_100267650_C_T_b38   2.382e-01 2.860e-03    2.859e-03      6.810e-04
ENSG00000196072:1(@)Loc1073   chr10_100279430_T_G_b38   2.639e-01 2.259e-03    2.259e-03      5.961e-04
ENSG00000180210:1(@)Loc1122   chr11_46721697_T_C_b38   6.587e-03 9.478e-01    9.478e-01      6.243e-03
ENSG00000134824:1(@)Loc1128   chr11_61783884_T_C_b38   1.201e-03 1.979e-01    1.979e-01      2.377e-04
ENSG00000134824:1(@)Loc1128   chr11_61790331_T_C_b38   1.784e-03 2.742e-01    2.742e-01      4.892e-04
ENSG00000134824:1(@)Loc1128   chr11_61802358_C_T_b38   8.355e-03 2.144e-01    2.144e-01      1.792e-03
ENSG00000134824:1(@)Loc1128   chr11_61803311_T_C_b38   8.355e-03 4.778e-02    4.778e-02      3.992e-04
ENSG00000134824:1(@)Loc1128   chr11_61804006_T_C_b38   8.355e-03 1.347e-01    1.347e-01      1.126e-03
ENSG00000134824:1(@)Loc1128   chr11_61830500_A_G_b38   3.916e-03 3.429e-02    3.429e-02      1.343e-04
ENSG00000134824:1(@)Loc1128   chr11_61837342_C_A_b38   5.759e-03 2.077e-02    2.077e-02      1.196e-04
ENSG00000168496:2(@)Loc1128   chr11_61783884_T_C_b38   7.910e-04 1.979e-01    1.979e-01      1.565e-04
ENSG00000168496:2(@)Loc1128   chr11_61790331_T_C_b38   1.338e-03 2.742e-01    2.742e-01      3.671e-04
ENSG00000168496:2(@)Loc1128   chr11_61802358_C_T_b38   7.400e-04 2.144e-01    2.144e-01      1.587e-04
ENSG00000134825:1(@)Loc1128   chr11_61783884_T_C_b38   6.513e-03 1.979e-01    1.979e-01      1.289e-03
ENSG00000134825:1(@)Loc1128   chr11_61785208_G_T_b38   1.820e-02 4.541e-02    4.541e-02      8.266e-04
ENSG00000134825:1(@)Loc1128   chr11_61790331_T_C_b38   1.132e-02 2.742e-01    2.742e-01      3.104e-03
ENSG00000134825:1(@)Loc1128   chr11_61802358_C_T_b38   1.070e-02 2.144e-01    2.144e-01      2.294e-03
ENSG00000134825:1(@)Loc1128   chr11_61803311_T_C_b38   4.837e-03 4.778e-02    4.778e-02      2.311e-04
ENSG00000134825:1(@)Loc1128   chr11_61804006_T_C_b38   4.837e-03 1.348e-01    1.347e-01      6.517e-04
ENSG00000134825:1(@)Loc1128   chr11_61830500_A_G_b38   5.122e-03 3.429e-02    3.429e-02      1.756e-04
ENSG00000149485:1(@)Loc1128   chr11_61783884_T_C_b38   2.617e-03 1.979e-01    1.978e-01      5.177e-04
ENSG00000149485:1(@)Loc1128   chr11_61830500_A_G_b38   1.863e-02 3.429e-02    3.428e-02      6.385e-04
ENSG00000149485:1(@)Loc1128   chr11_61836038_C_A_b38   2.374e-02 6.682e-03    6.681e-03      1.586e-04
ENSG00000149485:1(@)Loc1128   chr11_61837342_C_A_b38   5.485e-02 2.077e-02    2.076e-02      1.139e-03
ENSG00000149485:1(@)Loc1128   chr11_61842278_C_T_b38   1.072e-02 1.718e-02    1.718e-02      1.842e-04
ENSG00000197136:2(@)Loc1130   chr11_65623846_G_A_b38   7.766e-03 7.961e-01    7.960e-01      6.182e-03
ENSG00000213445:1(@)Loc1130   chr11_65638129_G_T_b38   6.180e-01 1.371e-02    1.371e-02      8.473e-03
ENSG00000213445:2(@)Loc1130   chr11_65641466_C_T_b38   9.250e-02 2.184e-03    2.184e-03      2.020e-04
ENSG00000172803:1(@)Loc1130   chr11_65834089_G_C_b38   7.945e-01 1.930e-04    1.930e-04      1.533e-04
ENSG00000172500:1(@)Loc1130   chr11_65895317_G_T_b38   3.566e-01 3.310e-04    3.310e-04      1.180e-04
ENSG00000172543:1(@)Loc1130   chr11_65879789_A_G_b38   3.497e-01 6.625e-04    6.623e-04      2.316e-04
ENSG00000250508:2(@)Loc1132   chr11_68869701_G_A_b38   8.356e-02 1.325e-03    1.325e-03      1.107e-04
ENSG00000250508:2(@)Loc1132   chr11_68870008_C_G_b38   8.356e-02 1.325e-03    1.325e-03      1.107e-04
ENSG00000250508:2(@)Loc1132   chr11_68870269_G_C_b38   1.907e-01 6.766e-04    6.765e-04      1.290e-04
ENSG00000250508:2(@)Loc1132   chr11_68870340_G_A_b38   1.907e-01 1.325e-03    1.325e-03      2.527e-04
ENSG00000250508:2(@)Loc1132   chr11_68870590_G_T_b38   1.907e-01 1.325e-03    1.325e-03      2.527e-04
ENSG00000132740:1(@)Loc1132   chr11_68899730_A_C_b38   6.552e-02 6.787e-02    6.785e-02      4.446e-03
ENSG00000132740:1(@)Loc1132   chr11_68902028_T_A_b38   3.505e-02 3.129e-03    3.129e-03      1.097e-04
ENSG00000132740:1(@)Loc1132   chr11_68903636_A_G_b38   2.381e-01 1.403e-03    1.402e-03      3.339e-04
ENSG00000132740:1(@)Loc1132   chr11_68903812_G_GCCGCCGCCATCTTC_b38   1.394e-01 1.407e-03    1.407e-03      1.961e-04
ENSG00000132740:1(@)Loc1132   chr11_68911166_C_T_b38   5.094e-02 2.532e-03    2.532e-03      1.290e-04
ENSG00000197345:1(@)Loc1132   chr11_68903812_G_GCCGCCGCCATCTTC_b38   9.473e-01 1.407e-03    1.407e-03      1.333e-03
ENSG00000137700:1(@)Loc1165   chr11_119030552_C_T_b38   7.507e-02 2.419e-03    2.419e-03      1.816e-04
ENSG00000137700:1(@)Loc1165   chr11_119030904_A_T_b38   6.273e-02 2.616e-03    2.616e-03      1.641e-04
ENSG00000160695:1(@)Loc1165   chr11_119043282_C_T_b38   1.344e-01 4.789e-02    4.788e-02      6.438e-03
ENSG00000160695:1(@)Loc1165   chr11_119066912_T_TG_b38   9.714e-02 1.495e-03    1.494e-03      1.451e-04
ENSG00000160695:1(@)Loc1165   chr11_119067660_T_A_b38   3.473e-02 3.212e-03    3.212e-03      1.115e-04
ENSG00000280832:2(@)Loc1171   chr11_126348646_A_G_b38   7.905e-04 9.328e-01    9.328e-01      7.373e-04
ENSG00000110080:2(@)Loc1171   chr11_126348646_A_G_b38   6.510e-04 9.328e-01    9.328e-01      6.073e-04
ENSG00000197653:2(@)Loc1253   chr12_123920171_T_C_b38   3.885e-02 1.115e-01    1.115e-01      4.333e-03
ENSG00000197653:2(@)Loc1253   chr12_123924955_G_A_b38   8.172e-03 4.999e-02    4.999e-02      4.085e-04
ENSG00000197653:2(@)Loc1253   chr12_123929551_C_T_b38   2.304e-03 8.649e-02    8.648e-02      1.993e-04
ENSG00000197653:2(@)Loc1253   chr12_123935181_C_T_b38   2.304e-03 1.328e-01    1.328e-01      3.060e-04
ENSG00000197653:2(@)Loc1253   chr12_123964676_C_A_b38   1.496e-02 1.682e-01    1.681e-01      2.515e-03
ENSG00000270028:1(@)Loc1253   chr12_123920171_T_C_b38   4.201e-02 1.115e-01    1.115e-01      4.685e-03
ENSG00000270028:1(@)Loc1253   chr12_123924955_G_A_b38   7.541e-02 4.999e-02    4.999e-02      3.769e-03
ENSG00000270028:1(@)Loc1253   chr12_123929551_C_T_b38   1.460e-02 8.649e-02    8.648e-02      1.263e-03
ENSG00000270028:1(@)Loc1253   chr12_123935181_C_T_b38   9.393e-03 1.328e-01    1.328e-01      1.247e-03
ENSG00000270028:1(@)Loc1253   chr12_123964676_C_A_b38   3.149e-03 1.682e-01    1.681e-01      5.296e-04
ENSG00000270048:1(@)Loc1253   chr12_123964676_C_A_b38   1.482e-03 1.682e-01    1.681e-01      2.492e-04
ENSG00000250091:1(@)Loc1253   chr12_123920171_T_C_b38   6.477e-03 1.115e-01    1.115e-01      7.224e-04
ENSG00000250091:1(@)Loc1253   chr12_123924955_G_A_b38   2.374e-03 4.999e-02    4.999e-02      1.187e-04
ENSG00000250091:1(@)Loc1253   chr12_123929551_C_T_b38   6.242e-03 8.649e-02    8.648e-02      5.398e-04
ENSG00000250091:1(@)Loc1253   chr12_123935181_C_T_b38   8.571e-02 1.328e-01    1.328e-01      1.138e-02
ENSG00000250091:1(@)Loc1253   chr12_123964676_C_A_b38   9.012e-04 1.682e-01    1.681e-01      1.515e-04
ENSG00000280300:2(@)Loc1253   chr12_123929551_C_T_b38   1.345e-03 8.649e-02    8.648e-02      1.163e-04
ENSG00000280300:2(@)Loc1253   chr12_123935181_C_T_b38   1.345e-03 1.328e-01    1.328e-01      1.786e-04
ENSG00000269938:2(@)Loc1253   chr12_123964676_C_A_b38   7.019e-04 1.682e-01    1.681e-01      1.180e-04
ENSG00000269997:1(@)Loc1253   chr12_123964676_C_A_b38   6.783e-03 1.682e-01    1.681e-01      1.140e-03
ENSG00000270130:1(@)Loc1253   chr12_123964676_C_A_b38   2.272e-03 1.682e-01    1.681e-01      3.820e-04
ENSG00000270061:1(@)Loc1253   chr12_123964676_C_A_b38   6.270e-04 1.682e-01    1.681e-01      1.054e-04
ENSG00000270095:2(@)Loc1253   chr12_123964676_C_A_b38   7.848e-04 1.682e-01    1.681e-01      1.319e-04
ENSG00000213463:1(@)Loc1354   chr14_70304150_A_G_b38   2.784e-01 3.869e-04    3.868e-04      1.077e-04
ENSG00000213463:1(@)Loc1354   chr14_70317226_A_G_b38   5.880e-02 1.850e-02    1.849e-02      1.087e-03
ENSG00000213463:1(@)Loc1354   chr14_70367102_C_G_b38   1.661e-01 1.880e-03    1.880e-03      3.122e-04
ENSG00000142208:1(@)Loc1377   chr14_104810872_G_A_b38   4.403e-04 9.241e-01    9.241e-01      4.069e-04
ENSG00000186417:1(@)Loc1398   chr15_51343368_C_T_b38   4.725e-01 3.759e-04    3.758e-04      1.776e-04
ENSG00000259675:1(@)Loc1406   chr15_61656236_C_A_b38   6.712e-02 2.860e-03    2.859e-03      1.919e-04
ENSG00000259675:1(@)Loc1406   chr15_61664900_G_T_b38   1.029e-01 1.169e-03    1.169e-03      1.203e-04
ENSG00000259675:1(@)Loc1406   chr15_61665761_C_T_b38   1.701e-01 1.046e-03    1.046e-03      1.779e-04
ENSG00000259675:1(@)Loc1406   chr15_61665777_C_T_b38   1.372e-01 9.657e-04    9.655e-04      1.325e-04
ENSG00000259675:1(@)Loc1406   chr15_61665864_C_T_b38   1.701e-01 1.031e-03    1.031e-03      1.754e-04
ENSG00000259284:1(@)Loc1406   chr15_61665037_G_A_b38   6.800e-01 8.289e-04    8.287e-04      5.635e-04
ENSG00000183426:2(@)Loc1443   chr16_15034559_A_G_b38   3.977e-01 4.974e-04    4.973e-04      1.978e-04
ENSG00000103550:1(@)Loc1446   chr16_19708624_C_A_b38   3.043e-01 2.459e-03    2.458e-03      7.480e-04
ENSG00000103550:1(@)Loc1446   chr16_19711044_T_C_b38   3.043e-01 3.065e-03    3.064e-03      9.324e-04
ENSG00000178952:1(@)Loc1451   chr16_28846324_A_G_b38   9.723e-01 7.271e-04    7.269e-04      7.067e-04
ENSG00000102898:2(@)Loc1464   chr16_67845497_G_A_b38   7.640e-03 2.174e-01    2.174e-01      1.661e-03
ENSG00000102898:2(@)Loc1464   chr16_67863584_C_T_b38   1.546e-03 2.429e-01    2.429e-01      3.755e-04
ENSG00000102898:2(@)Loc1464   chr16_67894139_G_A_b38   4.095e-04 5.163e-01    5.163e-01      2.114e-04
ENSG00000188038:2(@)Loc1464   chr16_67845497_G_A_b38   5.349e-04 2.174e-01    2.174e-01      1.163e-04
ENSG00000188038:2(@)Loc1464   chr16_67863584_C_T_b38   1.275e-03 2.429e-01    2.429e-01      3.098e-04
ENSG00000188038:2(@)Loc1464   chr16_67894139_G_A_b38   1.307e-03 5.163e-01    5.163e-01      6.748e-04
ENSG00000168286:2(@)Loc1464   chr16_67845497_G_A_b38   1.489e-03 2.174e-01    2.174e-01      3.236e-04
ENSG00000168286:2(@)Loc1464   chr16_67863584_C_T_b38   4.299e-04 2.429e-01    2.429e-01      1.044e-04
ENSG00000159792:1(@)Loc1464   chr16_67894139_G_A_b38   3.898e-03 5.163e-01    5.163e-01      2.012e-03
ENSG00000205220:2(@)Loc1464   chr16_67894139_G_A_b38   3.126e-04 5.163e-01    5.162e-01      1.614e-04
ENSG00000259881:1(@)Loc1481   chr16_88865506_T_C_b38   6.792e-01 3.018e-04    3.017e-04      2.049e-04
ENSG00000005156:1(@)Loc1503   chr17_34980567_G_A_b38   5.652e-01 7.158e-04    7.156e-04      4.045e-04
ENSG00000173991:2(@)Loc1505   chr17_39665182_G_T_b38   2.817e-03 3.231e-01    3.231e-01      9.100e-04
ENSG00000141744:1(@)Loc1505   chr17_39653965_C_G_b38   7.523e-03 1.401e-02    1.401e-02      1.054e-04
ENSG00000141744:1(@)Loc1505   chr17_39657827_G_A_b38   4.005e-03 1.529e-01    1.529e-01      6.123e-04
ENSG00000141744:1(@)Loc1505   chr17_39665182_G_T_b38   1.335e-02 3.231e-01    3.231e-01      4.313e-03
ENSG00000266962:1(@)Loc1507   chr17_42554255_C_A_b38   5.632e-01 2.309e-04    2.309e-04      1.300e-04
ENSG00000141699:2(@)Loc1507   chr17_42615670_C_T_b38   1.299e-03 1.306e-01    1.306e-01      1.696e-04
ENSG00000161649:1(@)Loc1508   chr17_43853201_A_G_b38   1.211e-02 1.780e-01    1.780e-01      2.155e-03
ENSG00000178852:2(@)Loc1509   chr17_47274928_C_G_b38   4.953e-01 3.237e-04    3.236e-04      1.603e-04
ENSG00000005243:1(@)Loc1510   chr17_48037714_C_T_b38   6.157e-02 3.423e-03    3.423e-03      2.107e-04
ENSG00000005243:1(@)Loc1510   chr17_48038166_T_C_b38   6.157e-02 3.423e-03    3.423e-03      2.107e-04
ENSG00000087157:3(@)Loc1526   chr17_78392121_A_G_b38   1.807e-04 7.337e-01    7.337e-01      1.326e-04
ENSG00000089847:1(@)Loc1581   chr19_4185617_C_T_b38   1.824e-02 2.106e-02    2.105e-02      3.840e-04
ENSG00000167772:1(@)Loc1585   chr19_8366697_G_A_b38   1.066e-02 6.668e-01    6.667e-01      7.106e-03
ENSG00000185236:2(@)Loc1585   chr19_8366697_G_A_b38   1.730e-04 6.668e-01    6.668e-01      1.153e-04
ENSG00000185236:2(@)Loc1585   chr19_8388938_T_C_b38   9.895e-04 3.328e-01    3.328e-01      3.293e-04
ENSG00000273733:1(@)Loc1587   chr19_11223503_C_T_b38   1.411e-03 9.030e-02    9.028e-02      1.274e-04
ENSG00000130173:2(@)Loc1587   chr19_11236817_T_C_b38   5.210e-03 9.097e-01    9.097e-01      4.739e-03
ENSG00000131042:2(@)Loc1614   chr19_54293995_T_C_b38   2.520e-04 1.000e+00    1.000e+00      2.520e-04
ENSG00000232388:1(@)Loc1629   chr20_18565555_T_C_b38   7.557e-01 1.753e-04    1.753e-04      1.325e-04
ENSG00000101460:1(@)Loc1637   chr20_34587662_C_T_b38   2.448e-03 8.951e-02    8.949e-02      2.191e-04
ENSG00000078804:1(@)Loc1637   chr20_34706549_A_G_b38   2.923e-03 6.655e-02    6.653e-02      1.945e-04
ENSG00000078804:1(@)Loc1637   chr20_34725762_T_C_b38   4.326e-03 3.180e-02    3.180e-02      1.375e-04
ENSG00000100982:2(@)Loc1644   chr20_45925376_T_C_b38   6.412e-04 4.136e-01    4.136e-01      2.652e-04
ENSG00000100982:2(@)Loc1644   chr20_45956781_A_G_b38   3.489e-04 4.258e-01    4.258e-01      1.486e-04
ENSG00000125510:1(@)Loc1654   chr20_64080106_C_T_b38   6.882e-01 1.527e-04    1.527e-04      1.051e-04
ENSG00000161180:1(@)Loc1682   chr22_21577779_C_T_b38   1.790e-03 6.363e-01    6.363e-01      1.139e-03
ENSG00000185651:2(@)Loc1682   chr22_21574627_T_G_b38   1.191e-03 3.100e-01    3.100e-01      3.693e-04
ENSG00000185651:2(@)Loc1682   chr22_21577779_C_T_b38   3.237e-04 6.363e-01    6.363e-01      2.060e-04
ENSG00000133433:2(@)Loc1684   chr22_24000646_A_C_b38   9.993e-01 1.400e-04    1.399e-04      1.398e-04
ENSG00000272977:1(@)Loc1685   chr22_25476625_A_C_b38   8.414e-01 3.880e-04    3.879e-04      3.264e-04
ENSG00000279159:2(@)Loc1688   chr22_30025077_A_G_b38   1.507e-01 7.451e-04    7.449e-04      1.123e-04
ENSG00000279159:2(@)Loc1688   chr22_30026118_C_G_b38   3.922e-01 6.062e-04    6.060e-04      2.377e-04
ENSG00000279159:2(@)Loc1688   chr22_30064445_G_T_b38   4.012e-03 3.560e-02    3.560e-02      1.428e-04
ENSG00000185022:1(@)Loc1693   chr22_38199404_G_A_b38   2.233e-03 6.993e-02    6.991e-02      1.561e-04
