Signal	SNP	PIP_qtl	PIP_gwas_marginal	PIP_gwas_qtl_prior	SCP
ENSG00000158825:2(@)Loc14   chr1_20590713_G_A_b38   1.099e-02 1.023e-02    1.023e-02      1.124e-04
ENSG00000204219:1(@)Loc16   chr1_23424647_G_T_b38   9.409e-01 1.537e-04    1.537e-04      1.446e-04
ENSG00000060642:1(@)Loc18   chr1_26811902_C_T_b38   1.531e-03 4.286e-01    4.286e-01      6.562e-04
ENSG00000090273:1(@)Loc18   chr1_26811902_C_T_b38   6.291e-04 4.286e-01    4.286e-01      2.697e-04
ENSG00000090273:1(@)Loc18   chr1_26958704_C_T_b38   4.942e-04 2.179e-01    2.179e-01      1.077e-04
ENSG00000175707:1(@)Loc18   chr1_26958704_C_T_b38   2.227e-03 2.179e-01    2.179e-01      4.851e-04
ENSG00000158161:1(@)Loc19   chr1_28079536_G_T_b38   1.473e-01 6.892e-04    6.890e-04      1.015e-04
ENSG00000158161:1(@)Loc19   chr1_28079662_G_A_b38   1.473e-01 8.924e-04    8.922e-04      1.314e-04
ENSG00000158161:1(@)Loc19   chr1_28084227_ATAC_A_b38   2.136e-01 8.335e-04    8.333e-04      1.780e-04
ENSG00000117500:1(@)Loc57   chr1_93185990_T_C_b38   1.601e-03 1.284e-01    1.284e-01      2.056e-04
ENSG00000122483:1(@)Loc57   chr1_93185990_T_C_b38   1.851e-02 1.284e-01    1.284e-01      2.377e-03
ENSG00000122483:1(@)Loc57   chr1_93210454_C_T_b38   3.055e-03 9.999e-02    9.998e-02      3.054e-04
ENSG00000279513:1(@)Loc72   chr1_117484156_C_T_b38   3.661e-02 4.108e-03    4.107e-03      1.504e-04
ENSG00000279513:1(@)Loc72   chr1_117487634_T_G_b38   3.661e-02 4.057e-03    4.056e-03      1.485e-04
ENSG00000279513:1(@)Loc72   chr1_117493798_A_G_b38   5.026e-01 1.945e-03    1.945e-03      9.773e-04
ENSG00000279513:1(@)Loc72   chr1_117495094_C_T_b38   9.802e-02 2.791e-03    2.790e-03      2.735e-04
ENSG00000143458:1(@)Loc74   chr1_150968149_T_G_b38   2.452e-03 7.231e-02    7.230e-02      1.773e-04
ENSG00000143458:1(@)Loc74   chr1_150979001_T_C_b38   1.121e-01 2.688e-02    2.688e-02      3.012e-03
ENSG00000143575:1(@)Loc76   chr1_154270621_G_A_b38   1.180e-01 4.853e-03    4.852e-03      5.724e-04
ENSG00000143575:1(@)Loc76   chr1_154272666_T_G_b38   6.519e-01 1.539e-02    1.539e-02      1.003e-02
ENSG00000143575:1(@)Loc76   chr1_154279150_A_G_b38   4.954e-02 4.853e-03    4.852e-03      2.404e-04
ENSG00000143575:1(@)Loc76   chr1_154281841_G_A_b38   4.954e-02 4.541e-03    4.541e-03      2.249e-04
ENSG00000143575:1(@)Loc76   chr1_154284712_A_T_b38   2.615e-02 4.853e-03    4.852e-03      1.269e-04
ENSG00000143575:1(@)Loc76   chr1_154285242_T_C_b38   2.615e-02 4.853e-03    4.852e-03      1.269e-04
ENSG00000143575:1(@)Loc76   chr1_154287174_G_A_b38   3.465e-02 5.103e-03    5.102e-03      1.768e-04
ENSG00000143575:1(@)Loc76   chr1_154287885_C_G_b38   2.615e-02 4.853e-03    4.852e-03      1.269e-04
ENSG00000143303:1(@)Loc78   chr1_156730859_T_G_b38   1.025e-02 9.208e-01    9.208e-01      9.434e-03
ENSG00000143319:3(@)Loc78   chr1_156730859_T_G_b38   4.974e-04 9.208e-01    9.208e-01      4.580e-04
ENSG00000143294:2(@)Loc78   chr1_156730859_T_G_b38   1.887e-04 9.208e-01    9.208e-01      1.738e-04
ENSG00000213057:1(@)Loc88   chr1_178546177_G_A_b38   6.541e-04 9.482e-01    9.482e-01      6.203e-04
ENSG00000198860:1(@)Loc92   chr1_184051811_G_A_b38   5.146e-01 2.806e-04    2.805e-04      1.444e-04
ENSG00000069275:1(@)Loc105   chr1_205714939_T_C_b38   2.033e-03 1.588e-01    1.588e-01      3.227e-04
ENSG00000117280:2(@)Loc105   chr1_205750404_G_A_b38   4.386e-03 4.006e-02    4.005e-02      1.757e-04
ENSG00000228063:1(@)Loc112   chr1_219182447_A_G_b38   4.178e-02 2.580e-03    2.579e-03      1.078e-04
ENSG00000143353:1(@)Loc112   chr1_219151918_T_C_b38   1.142e-01 1.838e-03    1.838e-03      2.100e-04
ENSG00000143353:1(@)Loc112   chr1_219172269_T_G_b38   1.003e-01 1.308e-03    1.308e-03      1.312e-04
ENSG00000143353:1(@)Loc112   chr1_219186208_A_G_b38   1.516e-01 1.530e-03    1.530e-03      2.319e-04
ENSG00000143353:1(@)Loc112   chr1_219189335_A_T_b38   1.516e-01 1.671e-03    1.670e-03      2.533e-04
ENSG00000173209:2(@)Loc172   chr2_61177770_C_G_b38   9.924e-01 1.315e-04    1.315e-04      1.305e-04
ENSG00000162951:2(@)Loc184   chr2_80305022_G_C_b38   8.867e-02 1.420e-03    1.419e-03      1.258e-04
ENSG00000152291:1(@)Loc186   chr2_85324061_C_T_b38   3.796e-03 3.357e-02    3.357e-02      1.275e-04
ENSG00000152291:1(@)Loc186   chr2_85324573_T_G_b38   3.034e-03 3.532e-02    3.532e-02      1.072e-04
ENSG00000152291:1(@)Loc186   chr2_85326661_C_T_b38   5.149e-03 3.433e-02    3.433e-02      1.768e-04
ENSG00000152291:1(@)Loc186   chr2_85328139_T_G_b38   8.387e-02 7.777e-03    7.777e-03      6.522e-04
ENSG00000152291:1(@)Loc186   chr2_85328355_C_T_b38   2.959e-02 4.705e-02    4.705e-02      1.392e-03
ENSG00000115271:2(@)Loc229   chr2_162311236_C_G_b38   2.241e-03 4.358e-01    4.358e-01      9.765e-04
ENSG00000115677:1(@)Loc276   chr2_241317397_G_C_b38   4.252e-01 4.124e-04    4.124e-04      1.754e-04
ENSG00000006607:1(@)Loc276   chr2_241482451_G_A_b38   2.544e-01 6.097e-04    6.096e-04      1.551e-04
ENSG00000003756:1(@)Loc311   chr3_50075601_A_G_b38   1.365e-03 3.265e-01    3.265e-01      4.457e-04
ENSG00000003756:1(@)Loc311   chr3_50091966_C_T_b38   7.417e-03 4.002e-01    4.002e-01      2.968e-03
ENSG00000281691:2(@)Loc311   chr3_50091966_C_T_b38   5.254e-04 4.002e-01    4.002e-01      2.103e-04
ENSG00000114054:1(@)Loc360   chr3_136207780_G_T_b38   9.961e-04 1.813e-01    1.813e-01      1.806e-04
ENSG00000114054:1(@)Loc360   chr3_136213517_C_T_b38   1.746e-03 3.692e-01    3.692e-01      6.447e-04
ENSG00000114054:1(@)Loc360   chr3_136287734_T_C_b38   1.190e-03 1.325e-01    1.325e-01      1.577e-04
ENSG00000197894:2(@)Loc464   chr4_99093654_A_G_b38   3.640e-04 8.099e-01    8.099e-01      2.948e-04
ENSG00000246090:2(@)Loc464   chr4_99093654_A_G_b38   1.835e-01 8.099e-01    8.099e-01      1.486e-01
ENSG00000145692:1(@)Loc566   chr5_79121806_T_C_b38   2.582e-01 4.359e-04    4.359e-04      1.126e-04
ENSG00000145692:1(@)Loc566   chr5_79121952_T_C_b38   2.582e-01 4.359e-04    4.359e-04      1.126e-04
ENSG00000145692:1(@)Loc566   chr5_79124398_T_A_b38   2.582e-01 4.359e-04    4.359e-04      1.126e-04
ENSG00000112308:1(@)Loc648   chr6_24719750_G_A_b38   3.153e-01 1.278e-03    1.278e-03      4.029e-04
ENSG00000180596:2(@)Loc650   chr6_26124075_T_C_b38   2.768e-02 4.648e-03    4.647e-03      1.286e-04
ENSG00000219891:1(@)Loc652   chr6_28092461_T_C_b38   4.237e-02 2.731e-03    2.731e-03      1.157e-04
ENSG00000137411:2(@)Loc654   chr6_30828768_T_C_b38   2.003e-03 1.339e-01    1.339e-01      2.682e-04
ENSG00000204428:2(@)Loc656   chr6_31651799_A_G_b38   3.026e-02 4.271e-03    4.270e-03      1.292e-04
ENSG00000228962:2(@)Loc656   chr6_32395438_T_C_b38   7.068e-04 6.106e-01    6.106e-01      4.316e-04
ENSG00000204290:3(@)Loc656   chr6_32395438_T_C_b38   2.737e-04 6.106e-01    6.106e-01      1.671e-04
ENSG00000204256:1(@)Loc657   chr6_32968343_C_T_b38   6.877e-01 3.155e-04    3.154e-04      2.169e-04
ENSG00000196821:1(@)Loc658   chr6_34695821_C_T_b38   6.163e-03 6.603e-02    6.602e-02      4.069e-04
ENSG00000272288:2(@)Loc658   chr6_34695821_C_T_b38   9.223e-03 6.603e-02    6.602e-02      6.089e-04
ENSG00000112041:1(@)Loc659   chr6_35510835_G_A_b38   2.872e-02 4.611e-03    4.610e-03      1.324e-04
ENSG00000124713:1(@)Loc663   chr6_42961020_T_G_b38   2.094e-01 7.990e-04    7.988e-04      1.672e-04
ENSG00000124713:1(@)Loc663   chr6_42963523_C_G_b38   3.120e-01 3.207e-04    3.206e-04      1.000e-04
ENSG00000124713:1(@)Loc663   chr6_42963889_GTTTA_G_b38   3.120e-01 8.801e-04    8.799e-04      2.745e-04
ENSG00000146374:1(@)Loc714   chr6_127114919_C_T_b38   2.488e-02 9.037e-02    9.036e-02      2.248e-03
ENSG00000146374:1(@)Loc714   chr6_127115168_A_G_b38   2.488e-02 7.749e-02    7.748e-02      1.928e-03
ENSG00000146374:1(@)Loc714   chr6_127118152_T_G_b38   3.163e-01 1.158e-03    1.158e-03      3.662e-04
ENSG00000146374:1(@)Loc714   chr6_127127104_C_G_b38   1.005e-02 6.279e-02    6.278e-02      6.307e-04
ENSG00000146374:1(@)Loc714   chr6_127130971_C_T_b38   6.564e-03 5.705e-02    5.704e-02      3.744e-04
ENSG00000146374:1(@)Loc714   chr6_127131790_C_T_b38   6.564e-03 3.990e-02    3.990e-02      2.619e-04
ENSG00000146374:1(@)Loc714   chr6_127134676_A_C_b38   7.906e-03 4.011e-02    4.010e-02      3.170e-04
ENSG00000146374:1(@)Loc714   chr6_127142231_C_A_b38   6.343e-03 1.873e-02    1.873e-02      1.188e-04
ENSG00000164849:2(@)Loc744   chr7_1044141_A_G_b38   1.090e-02 4.560e-01    4.560e-01      4.972e-03
ENSG00000127957:1(@)Loc790   chr7_75533848_G_A_b38   7.749e-01 1.411e-04    1.411e-04      1.093e-04
ENSG00000105976:1(@)Loc812   chr7_116832478_C_T_b38   9.917e-02 2.200e-03    2.199e-03      2.181e-04
ENSG00000105976:1(@)Loc812   chr7_116835258_T_C_b38   9.917e-02 3.690e-03    3.689e-03      3.659e-04
ENSG00000105976:1(@)Loc812   chr7_116835568_C_T_b38   9.917e-02 1.592e-03    1.591e-03      1.578e-04
ENSG00000105976:1(@)Loc812   chr7_116838052_G_A_b38   9.917e-02 1.709e-03    1.709e-03      1.695e-04
ENSG00000105976:1(@)Loc812   chr7_116838595_G_A_b38   9.917e-02 5.176e-03    5.175e-03      5.132e-04
ENSG00000105976:1(@)Loc812   chr7_116840379_C_T_b38   9.917e-02 2.256e-03    2.256e-03      2.237e-04
ENSG00000105976:1(@)Loc812   chr7_116842165_A_G_b38   9.917e-02 2.758e-03    2.758e-03      2.735e-04
ENSG00000105976:1(@)Loc812   chr7_116847032_C_CA_b38   9.917e-02 2.256e-03    2.256e-03      2.237e-04
ENSG00000105976:1(@)Loc812   chr7_116852221_G_A_b38   9.917e-02 2.798e-03    2.798e-03      2.774e-04
ENSG00000105976:1(@)Loc812   chr7_116858917_G_A_b38   9.917e-02 2.256e-03    2.256e-03      2.237e-04
ENSG00000277494:1(@)Loc935   chr8_143203248_T_C_b38   1.724e-02 3.639e-01    3.639e-01      6.273e-03
ENSG00000277494:1(@)Loc935   chr8_143210070_C_T_b38   1.032e-01 3.354e-03    3.354e-03      3.461e-04
ENSG00000277494:1(@)Loc935   chr8_143211886_G_C_b38   4.734e-02 2.834e-03    2.834e-03      1.342e-04
ENSG00000277494:1(@)Loc935   chr8_143212684_G_A_b38   1.027e-01 2.118e-03    2.118e-03      2.175e-04
ENSG00000277494:1(@)Loc935   chr8_143212707_C_T_b38   2.653e-01 2.834e-03    2.834e-03      7.518e-04
ENSG00000277494:1(@)Loc935   chr8_143213907_G_T_b38   7.430e-02 2.834e-03    2.834e-03      2.106e-04
ENSG00000277494:1(@)Loc935   chr8_143217353_C_T_b38   3.298e-02 3.357e-03    3.357e-03      1.107e-04
ENSG00000277494:1(@)Loc935   chr8_143217369_T_C_b38   3.298e-02 3.357e-03    3.357e-03      1.107e-04
ENSG00000277494:1(@)Loc935   chr8_143221248_G_A_b38   5.250e-03 5.694e-01    5.694e-01      2.989e-03
ENSG00000175164:2(@)Loc1005   chr9_133262254_C_T_b38   5.235e-02 1.726e-02    1.726e-02      9.033e-04
ENSG00000175164:1(@)Loc1005   chr9_133272138_G_A_b38   3.340e-02 3.085e-03    3.084e-03      1.030e-04
ENSG00000175164:1(@)Loc1005   chr9_133272287_T_C_b38   3.340e-02 4.622e-03    4.621e-03      1.543e-04
ENSG00000175164:1(@)Loc1005   chr9_133272408_G_T_b38   3.340e-02 5.157e-03    5.156e-03      1.722e-04
ENSG00000175164:1(@)Loc1005   chr9_133273232_C_T_b38   5.997e-02 3.230e-03    3.229e-03      1.937e-04
ENSG00000057608:1(@)Loc1015   chr10_5757650_A_G_b38   3.509e-03 2.698e-01    2.698e-01      9.466e-04
ENSG00000026025:1(@)Loc1023   chr10_17229111_G_C_b38   1.162e-02 1.542e-02    1.541e-02      1.791e-04
ENSG00000234961:1(@)Loc1023   chr10_17229111_G_C_b38   1.095e-02 1.542e-02    1.541e-02      1.687e-04
ENSG00000234961:1(@)Loc1023   chr10_17240449_A_G_b38   7.390e-03 3.586e-02    3.586e-02      2.650e-04
ENSG00000165476:1(@)Loc1051   chr10_63504366_T_C_b38   1.475e-03 1.558e-01    1.558e-01      2.297e-04
ENSG00000165476:1(@)Loc1051   chr10_63517266_G_A_b38   5.204e-03 4.301e-02    4.300e-02      2.238e-04
ENSG00000272140:1(@)Loc1058   chr10_73717540_A_G_b38   5.282e-03 2.285e-02    2.284e-02      1.207e-04
ENSG00000187553:1(@)Loc1068   chr10_93045030_GC_G_b38   3.176e-02 6.775e-03    6.773e-03      2.151e-04
ENSG00000187553:1(@)Loc1068   chr10_93060062_ACAAGAGTCGTCGGG_A_b38   3.075e-01 7.190e-04    7.188e-04      2.210e-04
ENSG00000095596:1(@)Loc1068   chr10_93059296_C_T_b38   1.018e-03 4.869e-01    4.868e-01      4.958e-04
ENSG00000187553:2(@)Loc1068   chr10_93038216_G_A_b38   6.689e-04 1.792e-01    1.792e-01      1.199e-04
ENSG00000187553:2(@)Loc1068   chr10_93059296_C_T_b38   4.262e-03 4.869e-01    4.868e-01      2.075e-03
ENSG00000095485:1(@)Loc1073   chr10_100266802_G_C_b38   1.432e-01 2.455e-03    2.454e-03      3.515e-04
ENSG00000095485:1(@)Loc1073   chr10_100267650_C_T_b38   7.403e-01 2.860e-03    2.859e-03      2.117e-03
ENSG00000205531:1(@)Loc1096   chr11_2992057_C_G_b38   6.742e-01 1.507e-04    1.507e-04      1.016e-04
ENSG00000180210:1(@)Loc1122   chr11_46721697_T_C_b38   2.879e-03 9.478e-01    9.478e-01      2.728e-03
ENSG00000175216:1(@)Loc1122   chr11_46721697_T_C_b38   8.110e-04 9.478e-01    9.478e-01      7.686e-04
ENSG00000025434:1(@)Loc1123   chr11_47273075_T_C_b38   1.168e-02 3.149e-01    3.149e-01      3.676e-03
ENSG00000134825:1(@)Loc1128   chr11_61783884_T_C_b38   4.570e-03 1.979e-01    1.979e-01      9.043e-04
ENSG00000134825:1(@)Loc1128   chr11_61785208_G_T_b38   1.219e-02 4.541e-02    4.541e-02      5.536e-04
ENSG00000134825:1(@)Loc1128   chr11_61790331_T_C_b38   1.577e-01 2.742e-01    2.742e-01      4.326e-02
ENSG00000134825:1(@)Loc1128   chr11_61802358_C_T_b38   1.659e-02 2.144e-01    2.144e-01      3.558e-03
ENSG00000134825:1(@)Loc1128   chr11_61803311_T_C_b38   8.855e-03 4.778e-02    4.778e-02      4.231e-04
ENSG00000134825:1(@)Loc1128   chr11_61804006_T_C_b38   8.855e-03 1.348e-01    1.347e-01      1.193e-03
ENSG00000134825:1(@)Loc1128   chr11_61830500_A_G_b38   2.961e-03 3.429e-02    3.429e-02      1.015e-04
ENSG00000134825:1(@)Loc1128   chr11_61837342_C_A_b38   6.542e-03 2.077e-02    2.077e-02      1.358e-04
ENSG00000134825:1(@)Loc1128   chr11_61842278_C_T_b38   7.958e-03 1.718e-02    1.718e-02      1.367e-04
ENSG00000168496:1(@)Loc1128   chr11_61783884_T_C_b38   1.451e-03 1.979e-01    1.979e-01      2.870e-04
ENSG00000168496:1(@)Loc1128   chr11_61790331_T_C_b38   1.462e-03 2.742e-01    2.742e-01      4.011e-04
ENSG00000168496:1(@)Loc1128   chr11_61802358_C_T_b38   1.250e-03 2.144e-01    2.144e-01      2.680e-04
ENSG00000149485:1(@)Loc1128   chr11_61783884_T_C_b38   4.739e-03 1.979e-01    1.979e-01      9.376e-04
ENSG00000149485:1(@)Loc1128   chr11_61785208_G_T_b38   5.428e-03 4.541e-02    4.541e-02      2.465e-04
ENSG00000149485:1(@)Loc1128   chr11_61790331_T_C_b38   2.051e-03 2.742e-01    2.742e-01      5.624e-04
ENSG00000149485:1(@)Loc1128   chr11_61802358_C_T_b38   3.814e-03 2.144e-01    2.144e-01      8.178e-04
ENSG00000149485:1(@)Loc1128   chr11_61803311_T_C_b38   3.814e-03 4.778e-02    4.778e-02      1.822e-04
ENSG00000149485:1(@)Loc1128   chr11_61804006_T_C_b38   3.814e-03 1.348e-01    1.347e-01      5.139e-04
ENSG00000149485:1(@)Loc1128   chr11_61830500_A_G_b38   1.511e-02 3.429e-02    3.429e-02      5.182e-04
ENSG00000172803:1(@)Loc1130   chr11_65834089_G_C_b38   6.093e-01 1.930e-04    1.930e-04      1.176e-04
ENSG00000132740:1(@)Loc1132   chr11_68914185_A_G_b38   5.276e-01 1.808e-03    1.808e-03      9.539e-04
ENSG00000197345:1(@)Loc1132   chr11_68899730_A_C_b38   8.307e-02 6.787e-02    6.785e-02      5.637e-03
ENSG00000197345:1(@)Loc1132   chr11_68903636_A_G_b38   7.399e-02 1.403e-03    1.402e-03      1.037e-04
ENSG00000197345:1(@)Loc1132   chr11_68903812_G_GCCGCCGCCATCTTC_b38   7.906e-01 1.407e-03    1.407e-03      1.113e-03
ENSG00000109917:2(@)Loc1164   chr11_116778201_G_C_b38   7.356e-04 7.349e-01    7.349e-01      5.406e-04
ENSG00000109917:2(@)Loc1164   chr11_116781491_C_T_b38   2.183e-03 1.712e-01    1.712e-01      3.736e-04
ENSG00000271751:1(@)Loc1165   chr11_119043282_C_T_b38   3.018e-03 4.789e-02    4.789e-02      1.445e-04
ENSG00000160695:1(@)Loc1165   chr11_119043282_C_T_b38   4.908e-02 4.789e-02    4.789e-02      2.350e-03
ENSG00000154127:1(@)Loc1168   chr11_122651667_T_C_b38   8.931e-04 4.414e-01    4.414e-01      3.942e-04
ENSG00000154127:1(@)Loc1168   chr11_122663796_T_C_b38   5.163e-04 4.660e-01    4.660e-01      2.406e-04
ENSG00000110080:2(@)Loc1171   chr11_126351403_G_T_b38   1.428e-01 2.436e-03    2.436e-03      3.479e-04
ENSG00000110080:2(@)Loc1171   chr11_126355981_C_G_b38   6.344e-01 2.053e-03    2.053e-03      1.302e-03
ENSG00000110080:2(@)Loc1171   chr11_126358105_C_T_b38   1.214e-02 1.104e-02    1.104e-02      1.341e-04
ENSG00000139631:1(@)Loc1211   chr12_53181084_T_C_b38   7.754e-01 1.450e-04    1.450e-04      1.124e-04
ENSG00000111328:1(@)Loc1253   chr12_123290580_G_A_b38   9.964e-03 6.496e-02    6.495e-02      6.472e-04
ENSG00000250091:1(@)Loc1253   chr12_123920171_T_C_b38   2.623e-03 1.115e-01    1.115e-01      2.925e-04
ENSG00000250091:1(@)Loc1253   chr12_123924955_G_A_b38   4.431e-03 4.999e-02    4.999e-02      2.215e-04
ENSG00000250091:1(@)Loc1253   chr12_123929551_C_T_b38   1.891e-02 8.649e-02    8.648e-02      1.635e-03
ENSG00000250091:1(@)Loc1253   chr12_123935181_C_T_b38   8.809e-02 1.328e-01    1.328e-01      1.170e-02
ENSG00000250091:1(@)Loc1253   chr12_123955563_C_A_b38   5.619e-03 2.181e-02    2.181e-02      1.225e-04
ENSG00000269997:1(@)Loc1253   chr12_123964676_C_A_b38   4.942e-03 1.682e-01    1.681e-01      8.309e-04
ENSG00000270130:1(@)Loc1253   chr12_123964676_C_A_b38   1.160e-03 1.682e-01    1.681e-01      1.950e-04
ENSG00000270061:2(@)Loc1253   chr12_123964676_C_A_b38   6.755e-04 1.682e-01    1.681e-01      1.136e-04
ENSG00000023516:1(@)Loc1276   chr13_42274717_G_A_b38   1.389e-01 8.304e-04    8.302e-04      1.153e-04
ENSG00000023516:1(@)Loc1276   chr13_42276713_T_C_b38   1.162e-01 9.039e-04    9.037e-04      1.050e-04
ENSG00000176903:1(@)Loc1356   chr14_73745414_G_T_b38   8.131e-02 6.137e-03    6.136e-03      4.989e-04
ENSG00000142208:1(@)Loc1377   chr14_104810872_G_A_b38   6.473e-04 9.241e-01    9.241e-01      5.982e-04
ENSG00000103932:1(@)Loc1393   chr15_41527124_C_T_b38   3.582e-01 5.525e-04    5.524e-04      1.979e-04
ENSG00000274528:1(@)Loc1399   chr15_52018225_CACCATGTTG_C_b38   5.661e-01 4.812e-04    4.811e-04      2.723e-04
ENSG00000183426:1(@)Loc1443   chr16_15036083_C_T_b38   9.996e-01 1.439e-02    1.439e-02      1.438e-02
ENSG00000183793:1(@)Loc1443   chr16_15036083_C_T_b38   9.996e-01 1.439e-02    1.439e-02      1.438e-02
ENSG00000103550:1(@)Loc1446   chr16_19708624_C_A_b38   4.334e-02 2.459e-03    2.458e-03      1.066e-04
ENSG00000103550:1(@)Loc1446   chr16_19710193_A_G_b38   7.086e-02 1.763e-03    1.763e-03      1.249e-04
ENSG00000103550:1(@)Loc1446   chr16_19711044_T_C_b38   4.334e-02 3.065e-03    3.064e-03      1.328e-04
ENSG00000103550:1(@)Loc1446   chr16_19713808_C_T_b38   1.030e-01 1.595e-03    1.595e-03      1.643e-04
ENSG00000178952:1(@)Loc1451   chr16_28846324_A_G_b38   7.514e-01 7.271e-04    7.269e-04      5.462e-04
ENSG00000196296:1(@)Loc1451   chr16_28878165_C_A_b38   3.135e-02 3.753e-03    3.752e-03      1.176e-04
ENSG00000141098:1(@)Loc1464   chr16_67724875_C_T_b38   3.590e-02 5.653e-03    5.651e-03      2.029e-04
ENSG00000102898:2(@)Loc1464   chr16_67845497_G_A_b38   1.810e-03 2.174e-01    2.174e-01      3.935e-04
ENSG00000168286:2(@)Loc1464   chr16_67845497_G_A_b38   1.206e-03 2.174e-01    2.174e-01      2.622e-04
ENSG00000168286:2(@)Loc1464   chr16_67863584_C_T_b38   4.467e-04 2.429e-01    2.429e-01      1.085e-04
ENSG00000038358:2(@)Loc1464   chr16_67863584_C_T_b38   1.622e-03 2.429e-01    2.429e-01      3.938e-04
ENSG00000038358:2(@)Loc1464   chr16_67894139_G_A_b38   5.658e-04 5.163e-01    5.163e-01      2.921e-04
ENSG00000159792:1(@)Loc1464   chr16_67894139_G_A_b38   2.329e-03 5.163e-01    5.163e-01      1.202e-03
ENSG00000205220:2(@)Loc1464   chr16_67894139_G_A_b38   2.064e-04 5.163e-01    5.162e-01      1.065e-04
ENSG00000161955:1(@)Loc1489   chr17_7535697_A_G_b38   9.715e-02 1.080e-03    1.080e-03      1.049e-04
ENSG00000161955:1(@)Loc1489   chr17_7537667_C_T_b38   9.715e-02 1.532e-03    1.532e-03      1.488e-04
ENSG00000161955:1(@)Loc1489   chr17_7542764_T_C_b38   1.262e-01 1.249e-03    1.249e-03      1.576e-04
ENSG00000161955:1(@)Loc1489   chr17_7543747_A_G_b38   1.262e-01 1.290e-03    1.290e-03      1.627e-04
ENSG00000161955:1(@)Loc1489   chr17_7544593_C_T_b38   1.262e-01 1.312e-03    1.312e-03      1.655e-04
ENSG00000161955:1(@)Loc1489   chr17_7544686_C_T_b38   1.262e-01 1.312e-03    1.312e-03      1.655e-04
ENSG00000220205:1(@)Loc1489   chr17_8163115_C_T_b38   2.186e-01 7.734e-04    7.733e-04      1.690e-04
ENSG00000220205:1(@)Loc1489   chr17_8163123_C_T_b38   2.186e-01 7.734e-04    7.733e-04      1.690e-04
ENSG00000220205:1(@)Loc1489   chr17_8163218_GC_G_b38   2.186e-01 7.734e-04    7.733e-04      1.690e-04
ENSG00000187688:1(@)Loc1496   chr17_16415618_T_C_b38   9.415e-01 1.318e-04    1.318e-04      1.240e-04
ENSG00000005156:1(@)Loc1503   chr17_34980567_G_A_b38   6.677e-01 7.158e-04    7.156e-04      4.778e-04
ENSG00000173991:2(@)Loc1505   chr17_39657827_G_A_b38   1.979e-03 1.529e-01    1.529e-01      3.026e-04
ENSG00000173991:2(@)Loc1505   chr17_39665182_G_T_b38   7.477e-03 3.231e-01    3.231e-01      2.416e-03
ENSG00000173991:2(@)Loc1505   chr17_39666058_A_C_b38   1.810e-02 1.284e-02    1.284e-02      2.323e-04
ENSG00000131771:2(@)Loc1505   chr17_39657827_G_A_b38   8.212e-04 1.529e-01    1.529e-01      1.256e-04
ENSG00000131771:2(@)Loc1505   chr17_39665182_G_T_b38   8.212e-04 3.231e-01    3.231e-01      2.653e-04
ENSG00000141744:2(@)Loc1505   chr17_39657827_G_A_b38   7.420e-04 1.529e-01    1.529e-01      1.135e-04
ENSG00000141744:2(@)Loc1505   chr17_39665182_G_T_b38   2.619e-03 3.231e-01    3.231e-01      8.460e-04
ENSG00000108774:1(@)Loc1507   chr17_42138534_T_C_b38   2.736e-02 4.181e-03    4.180e-03      1.144e-04
ENSG00000131462:1(@)Loc1507   chr17_42615670_C_T_b38   6.194e-03 1.306e-01    1.306e-01      8.089e-04
ENSG00000037042:1(@)Loc1507   chr17_42615670_C_T_b38   5.345e-03 1.306e-01    1.306e-01      6.980e-04
ENSG00000037042:1(@)Loc1507   chr17_42659763_C_T_b38   2.957e-01 8.255e-04    8.254e-04      2.441e-04
ENSG00000108433:1(@)Loc1509   chr17_46933355_G_A_b38   9.141e-04 2.615e-01    2.614e-01      2.390e-04
ENSG00000178852:1(@)Loc1509   chr17_47361586_C_T_b38   1.066e-01 4.791e-03    4.790e-03      5.105e-04
ENSG00000262039:1(@)Loc1510   chr17_49345001_G_A_b38   8.479e-03 1.444e-01    1.444e-01      1.224e-03
ENSG00000087157:1(@)Loc1526   chr17_78392121_A_G_b38   7.607e-03 7.337e-01    7.337e-01      5.581e-03
ENSG00000087157:1(@)Loc1526   chr17_78407903_G_A_b38   1.748e-03 6.423e-02    6.423e-02      1.123e-04
ENSG00000167772:1(@)Loc1585   chr19_8366697_G_A_b38   8.282e-04 6.668e-01    6.667e-01      5.522e-04
ENSG00000269386:2(@)Loc1585   chr19_8366697_G_A_b38   1.207e-03 6.668e-01    6.668e-01      8.051e-04
ENSG00000269386:2(@)Loc1585   chr19_8388938_T_C_b38   9.688e-03 3.328e-01    3.328e-01      3.224e-03
ENSG00000279807:1(@)Loc1587   chr19_11223503_C_T_b38   3.288e-03 9.030e-02    9.030e-02      2.969e-04
ENSG00000279807:1(@)Loc1587   chr19_11236817_T_C_b38   1.350e-04 9.097e-01    9.097e-01      1.228e-04
ENSG00000130204:2(@)Loc1608   chr19_44892362_A_G_b38   5.450e-03 9.999e-01    9.999e-01      5.449e-03
ENSG00000186230:1(@)Loc1616   chr19_57438168_T_C_b38   9.811e-01 1.022e-04    1.021e-04      1.002e-04
ENSG00000232388:1(@)Loc1629   chr20_18565555_T_C_b38   7.597e-01 1.753e-04    1.753e-04      1.332e-04
ENSG00000101004:1(@)Loc1635   chr20_25585519_G_A_b38   6.386e-01 2.277e-04    2.276e-04      1.454e-04
ENSG00000101460:1(@)Loc1637   chr20_34587662_C_T_b38   3.324e-03 8.951e-02    8.950e-02      2.975e-04
ENSG00000101460:1(@)Loc1637   chr20_34624251_G_A_b38   2.991e-01 1.679e-03    1.679e-03      5.022e-04
ENSG00000078804:2(@)Loc1637   chr20_34706549_A_G_b38   2.029e-03 6.655e-02    6.653e-02      1.350e-04
ENSG00000064601:2(@)Loc1644   chr20_45925376_T_C_b38   1.373e-03 4.136e-01    4.136e-01      5.679e-04
ENSG00000064601:2(@)Loc1644   chr20_45956781_A_G_b38   4.048e-04 4.258e-01    4.258e-01      1.724e-04
ENSG00000100982:2(@)Loc1644   chr20_45925376_T_C_b38   1.305e-03 4.136e-01    4.136e-01      5.399e-04
ENSG00000100982:2(@)Loc1644   chr20_45956781_A_G_b38   5.533e-04 4.258e-01    4.258e-01      2.356e-04
ENSG00000101473:1(@)Loc1644   chr20_45925376_T_C_b38   3.583e-02 4.136e-01    4.136e-01      1.482e-02
ENSG00000101473:1(@)Loc1644   chr20_45956781_A_G_b38   1.055e-02 4.258e-01    4.258e-01      4.493e-03
ENSG00000101473:1(@)Loc1644   chr20_45961659_C_G_b38   1.936e-03 1.564e-01    1.564e-01      3.028e-04
ENSG00000161180:1(@)Loc1682   chr22_21577779_C_T_b38   1.004e-03 6.363e-01    6.363e-01      6.390e-04
ENSG00000161180:1(@)Loc1682   chr22_21585900_T_G_b38   2.579e-03 5.366e-02    5.366e-02      1.384e-04
ENSG00000185651:1(@)Loc1682   chr22_21574627_T_G_b38   2.041e-03 3.100e-01    3.100e-01      6.328e-04
ENSG00000185651:1(@)Loc1682   chr22_21577779_C_T_b38   2.960e-03 6.363e-01    6.363e-01      1.883e-03
ENSG00000272977:1(@)Loc1685   chr22_25459662_G_A_b38   5.920e-01 1.864e-04    1.864e-04      1.104e-04
ENSG00000184381:1(@)Loc1693   chr22_38199404_G_A_b38   1.664e-03 6.993e-02    6.991e-02      1.163e-04
