Signal	SNP	PIP_qtl	PIP_gwas_marginal	PIP_gwas_qtl_prior	SCP
ENSG00000162585:1(@)Loc2   chr1_2189679_C_T_b38   1.000e+00 3.918e-04    3.918e-04      3.918e-04
ENSG00000188672:1(@)Loc18   chr1_25427147_C_T_b38   9.265e-03 1.378e-02    1.378e-02      1.277e-04
ENSG00000188672:1(@)Loc18   chr1_25434429_C_T_b38   2.532e-03 2.652e-01    2.652e-01      6.715e-04
ENSG00000188672:1(@)Loc18   chr1_25434800_T_C_b38   2.532e-03 2.326e-01    2.326e-01      5.890e-04
ENSG00000183726:2(@)Loc18   chr1_25434429_C_T_b38   4.439e-04 2.652e-01    2.652e-01      1.177e-04
ENSG00000183726:2(@)Loc18   chr1_25434800_T_C_b38   4.439e-04 2.326e-01    2.326e-01      1.033e-04
ENSG00000188672:2(@)Loc18   chr1_25442446_A_G_b38   1.512e-03 4.469e-01    4.469e-01      6.759e-04
ENSG00000204178:1(@)Loc18   chr1_25434429_C_T_b38   1.452e-03 2.652e-01    2.652e-01      3.850e-04
ENSG00000204178:1(@)Loc18   chr1_25434800_T_C_b38   1.452e-03 2.326e-01    2.326e-01      3.377e-04
ENSG00000204178:1(@)Loc18   chr1_25442446_A_G_b38   5.397e-04 4.469e-01    4.469e-01      2.412e-04
ENSG00000121769:1(@)Loc20   chr1_31376362_C_G_b38   1.262e-01 1.196e-03    1.196e-03      1.510e-04
ENSG00000162366:1(@)Loc29   chr1_47191326_T_A_b38   7.634e-01 1.321e-04    1.321e-04      1.009e-04
ENSG00000198890:1(@)Loc66   chr1_107056380_A_C_b38   2.965e-01 1.001e-03    1.001e-03      2.969e-04
ENSG00000198890:1(@)Loc66   chr1_107056636_A_T_b38   2.089e-01 9.177e-04    9.177e-04      1.917e-04
ENSG00000198890:1(@)Loc66   chr1_107075085_G_A_b38   2.363e-02 3.680e-02    3.680e-02      8.696e-04
ENSG00000169231:1(@)Loc77   chr1_155208991_T_A_b38   8.596e-01 2.331e-04    2.331e-04      2.004e-04
ENSG00000283317:1(@)Loc80   chr1_161440332_C_A_b38   3.044e-01 4.049e-04    4.049e-04      1.233e-04
ENSG00000283317:1(@)Loc80   chr1_161440668_A_G_b38   1.462e-01 3.851e-02    3.851e-02      5.631e-03
ENSG00000203747:1(@)Loc80   chr1_161551141_C_T_b38   1.161e-02 1.573e-02    1.573e-02      1.825e-04
ENSG00000143322:2(@)Loc90   chr1_179226558_C_T_b38   2.403e-01 9.957e-04    9.957e-04      2.393e-04
ENSG00000143322:2(@)Loc90   chr1_179234606_C_T_b38   2.432e-01 9.957e-04    9.957e-04      2.422e-04
ENSG00000143322:2(@)Loc90   chr1_179235286_A_G_b38   1.663e-01 9.957e-04    9.957e-04      1.656e-04
ENSG00000143322:2(@)Loc90   chr1_179252793_C_A_b38   1.083e-01 9.957e-04    9.957e-04      1.078e-04
ENSG00000227141:1(@)Loc90   chr1_179586351_G_A_b38   6.666e-02 1.319e-02    1.319e-02      8.795e-04
ENSG00000143340:2(@)Loc90   chr1_179742690_A_C_b38   5.089e-02 2.107e-03    2.107e-03      1.072e-04
ENSG00000084734:2(@)Loc148   chr2_27508073_T_C_b38   9.862e-04 1.097e-01    1.097e-01      1.082e-04
ENSG00000084734:2(@)Loc148   chr2_27518370_T_C_b38   8.282e-04 1.569e-01    1.569e-01      1.299e-04
ENSG00000084734:2(@)Loc148   chr2_27519736_T_C_b38   8.282e-04 5.902e-01    5.902e-01      4.889e-04
ENSG00000186889:2(@)Loc173   chr2_62656918_A_G_b38   3.256e-03 7.957e-02    7.957e-02      2.591e-04
ENSG00000163586:2(@)Loc187   chr2_88129052_C_T_b38   3.684e-01 6.225e-04    6.225e-04      2.293e-04
ENSG00000223947:1(@)Loc190   chr2_101001757_A_G_b38   7.977e-02 1.980e-03    1.980e-03      1.579e-04
ENSG00000223947:1(@)Loc190   chr2_101025798_A_G_b38   5.163e-03 1.520e-01    1.520e-01      7.849e-04
ENSG00000138442:1(@)Loc252   chr2_203016111_G_A_b38   5.533e-02 3.880e-03    3.881e-03      2.147e-04
ENSG00000233579:2(@)Loc252   chr2_202843584_A_G_b38   1.757e-03 4.580e-01    4.580e-01      8.046e-04
ENSG00000164088:1(@)Loc312   chr3_52245578_G_A_b38   1.571e-01 1.184e-03    1.184e-03      1.859e-04
ENSG00000213533:1(@)Loc312   chr3_52897955_T_G_b38   8.104e-01 1.425e-04    1.425e-04      1.155e-04
ENSG00000168297:1(@)Loc316   chr3_58308140_G_A_b38   1.082e-03 1.853e-01    1.853e-01      2.005e-04
ENSG00000272758:1(@)Loc352   chr3_122426477_C_T_b38   1.244e-02 4.409e-02    4.409e-02      5.483e-04
ENSG00000114030:1(@)Loc352   chr3_122431007_C_T_b38   5.199e-03 3.058e-02    3.058e-02      1.590e-04
ENSG00000114030:1(@)Loc352   chr3_122477075_T_C_b38   9.927e-03 1.013e-02    1.013e-02      1.006e-04
ENSG00000114030:1(@)Loc352   chr3_122492875_G_A_b38   2.277e-02 4.870e-03    4.870e-03      1.109e-04
ENSG00000114030:1(@)Loc352   chr3_122509405_T_C_b38   5.588e-02 8.545e-03    8.545e-03      4.774e-04
ENSG00000114030:1(@)Loc352   chr3_122515768_C_G_b38   2.127e-01 5.392e-03    5.392e-03      1.147e-03
ENSG00000114030:1(@)Loc352   chr3_122519606_T_C_b38   8.230e-02 4.217e-03    4.217e-03      3.470e-04
ENSG00000114030:1(@)Loc352   chr3_122531633_A_G_b38   3.036e-02 4.381e-03    4.381e-03      1.330e-04
ENSG00000114030:1(@)Loc352   chr3_122533461_G_A_b38   3.036e-02 4.381e-03    4.381e-03      1.330e-04
ENSG00000145850:2(@)Loc612   chr5_156960126_G_C_b38   9.024e-04 1.655e-01    1.655e-01      1.494e-04
ENSG00000145850:2(@)Loc612   chr5_156963286_T_C_b38   1.167e-02 8.308e-01    8.308e-01      9.698e-03
ENSG00000113272:1(@)Loc613   chr5_157731406_C_A_b38   3.386e-01 1.387e-03    1.387e-03      4.698e-04
ENSG00000180573:2(@)Loc650   chr6_26092913_G_A_b38   1.145e-04 9.999e-01    9.999e-01      1.145e-04
ENSG00000272221:1(@)Loc655   chr6_31393708_T_C_b38   7.085e-03 4.998e-01    4.998e-01      3.541e-03
ENSG00000204287:1(@)Loc656   chr6_32444658_G_A_b38   3.126e-03 9.814e-02    9.814e-02      3.068e-04
ENSG00000241106:1(@)Loc657   chr6_32821703_A_G_b38   1.144e-01 2.346e-01    2.347e-01      2.685e-02
ENSG00000241106:1(@)Loc657   chr6_32828188_G_A_b38   4.247e-02 4.155e-03    4.155e-03      1.764e-04
ENSG00000241106:1(@)Loc657   chr6_32828242_C_A_b38   4.247e-02 4.155e-03    4.155e-03      1.764e-04
ENSG00000241106:1(@)Loc657   chr6_32828280_G_A_b38   4.247e-02 4.155e-03    4.155e-03      1.764e-04
ENSG00000241106:1(@)Loc657   chr6_32828281_C_T_b38   4.247e-02 4.155e-03    4.155e-03      1.764e-04
ENSG00000241106:1(@)Loc657   chr6_32828367_A_G_b38   4.247e-02 4.059e-03    4.059e-03      1.724e-04
ENSG00000241106:1(@)Loc657   chr6_32828569_T_C_b38   4.247e-02 1.909e-02    1.909e-02      8.107e-04
ENSG00000241106:1(@)Loc657   chr6_32828677_C_CT_b38   3.143e-02 4.558e-03    4.558e-03      1.432e-04
ENSG00000241106:1(@)Loc657   chr6_32828876_C_A_b38   4.247e-02 4.155e-03    4.155e-03      1.764e-04
ENSG00000241106:1(@)Loc657   chr6_32828908_A_G_b38   1.120e-01 1.376e-01    1.376e-01      1.542e-02
ENSG00000241106:1(@)Loc657   chr6_32828974_T_C_b38   4.247e-02 1.416e-01    1.416e-01      6.013e-03
ENSG00000241106:1(@)Loc657   chr6_32829190_G_A_b38   4.247e-02 2.575e-02    2.575e-02      1.094e-03
ENSG00000241106:1(@)Loc657   chr6_32829520_T_C_b38   4.247e-02 4.155e-03    4.155e-03      1.764e-04
ENSG00000241106:1(@)Loc657   chr6_32829584_C_T_b38   1.372e-02 1.951e-01    1.951e-01      2.677e-03
ENSG00000196821:1(@)Loc658   chr6_34624313_A_G_b38   4.990e-01 3.240e-03    3.240e-03      1.617e-03
ENSG00000196821:1(@)Loc658   chr6_34648545_G_C_b38   1.753e-01 9.134e-04    9.134e-04      1.601e-04
ENSG00000196821:1(@)Loc658   chr6_34654784_AG_A_b38   1.753e-01 1.460e-03    1.460e-03      2.559e-04
ENSG00000196821:1(@)Loc658   chr6_34695821_C_T_b38   6.163e-03 2.711e-02    2.711e-02      1.671e-04
ENSG00000272288:2(@)Loc658   chr6_34695821_C_T_b38   9.223e-03 2.711e-02    2.711e-02      2.500e-04
ENSG00000124713:2(@)Loc663   chr6_42964977_C_T_b38   2.135e-03 7.483e-02    7.483e-02      1.597e-04
ENSG00000124587:1(@)Loc663   chr6_42975041_A_G_b38   5.566e-01 5.783e-04    5.783e-04      3.219e-04
ENSG00000065308:1(@)Loc669   chr6_52587180_A_C_b38   5.193e-02 3.042e-03    3.042e-03      1.580e-04
ENSG00000065308:1(@)Loc669   chr6_52587435_G_C_b38   5.193e-02 6.084e-03    6.084e-03      3.159e-04
ENSG00000065308:1(@)Loc669   chr6_52588542_A_T_b38   9.588e-03 1.540e-02    1.540e-02      1.476e-04
ENSG00000065308:1(@)Loc669   chr6_52589501_G_A_b38   1.229e-02 5.323e-02    5.323e-02      6.540e-04
ENSG00000065308:1(@)Loc669   chr6_52591769_C_T_b38   9.588e-03 1.540e-02    1.540e-02      1.476e-04
ENSG00000216775:2(@)Loc669   chr6_52664868_A_C_b38   1.185e-02 6.469e-02    6.469e-02      7.663e-04
ENSG00000146386:1(@)Loc722   chr6_139028014_A_C_b38   1.074e-02 9.643e-03    9.643e-03      1.035e-04
ENSG00000157259:1(@)Loc798   chr7_92468215_G_A_b38   9.127e-01 1.150e-04    1.150e-04      1.050e-04
ENSG00000272950:2(@)Loc802   chr7_98316987_C_CT_b38   9.160e-02 4.212e-03    4.212e-03      3.858e-04
ENSG00000272950:2(@)Loc802   chr7_98320502_C_T_b38   1.254e-01 4.212e-03    4.212e-03      5.284e-04
ENSG00000272950:2(@)Loc802   chr7_98322009_C_T_b38   8.291e-02 4.854e-03    4.854e-03      4.024e-04
ENSG00000231721:1(@)Loc822   chr7_130945142_C_T_b38   4.913e-02 2.517e-03    2.517e-03      1.237e-04
ENSG00000231721:1(@)Loc822   chr7_130946654_G_A_b38   1.487e-01 9.711e-04    9.711e-04      1.444e-04
ENSG00000231721:1(@)Loc822   chr7_130947382_G_A_b38   1.487e-01 9.494e-04    9.494e-04      1.412e-04
ENSG00000231721:1(@)Loc822   chr7_130949717_G_T_b38   1.487e-01 3.453e-03    3.453e-03      5.134e-04
ENSG00000231721:1(@)Loc822   chr7_130951116_C_A_b38   8.528e-02 1.804e-03    1.804e-03      1.538e-04
ENSG00000156006:2(@)Loc861   chr8_18391151_A_G_b38   1.246e-02 8.922e-03    8.922e-03      1.112e-04
ENSG00000156006:2(@)Loc861   chr8_18398199_A_G_b38   4.961e-04 3.897e-01    3.897e-01      1.933e-04
ENSG00000147454:1(@)Loc865   chr8_23532058_T_C_b38   6.637e-03 6.465e-02    6.465e-02      4.291e-04
ENSG00000178209:1(@)Loc935   chr8_143948489_G_T_b38   2.572e-02 9.999e-01    9.999e-01      2.571e-02
ENSG00000273226:1(@)Loc950   chr9_19375840_TGGTATCCACTAAAACTA_T_b38   2.948e-01 6.737e-04    6.737e-04      1.986e-04
ENSG00000273226:1(@)Loc950   chr9_19376146_C_T_b38   7.108e-02 1.854e-03    1.854e-03      1.317e-04
ENSG00000229124:1(@)Loc1023   chr10_17218291_A_G_b38   5.772e-04 4.054e-01    4.054e-01      2.340e-04
ENSG00000187553:1(@)Loc1068   chr10_93024020_C_G_b38   5.271e-03 3.433e-02    3.433e-02      1.810e-04
ENSG00000187553:1(@)Loc1068   chr10_93060062_ACAAGAGTCGTCGGG_A_b38   3.075e-01 6.601e-04    6.602e-04      2.030e-04
ENSG00000187553:1(@)Loc1068   chr10_93063839_G_C_b38   2.150e-01 1.043e-03    1.044e-03      2.244e-04
ENSG00000138161:1(@)Loc1086   chr10_122850511_G_A_b38   6.116e-01 1.514e-03    1.514e-03      9.260e-04
ENSG00000246308:2(@)Loc1102   chr11_10828066_T_G_b38   1.509e-01 2.425e-03    2.425e-03      3.659e-04
ENSG00000134825:1(@)Loc1128   chr11_61790331_T_C_b38   1.577e-01 3.373e-02    3.373e-02      5.321e-03
ENSG00000134825:1(@)Loc1128   chr11_61802358_C_T_b38   1.659e-02 1.637e-02    1.637e-02      2.715e-04
ENSG00000134825:1(@)Loc1128   chr11_61804006_T_C_b38   8.855e-03 3.634e-02    3.634e-02      3.218e-04
ENSG00000134825:1(@)Loc1128   chr11_61830500_A_G_b38   2.961e-03 2.963e-01    2.963e-01      8.771e-04
ENSG00000134825:1(@)Loc1128   chr11_61836038_C_A_b38   7.953e-03 5.663e-02    5.663e-02      4.503e-04
ENSG00000134825:1(@)Loc1128   chr11_61837342_C_A_b38   6.542e-03 2.241e-01    2.241e-01      1.466e-03
ENSG00000134825:1(@)Loc1128   chr11_61842278_C_T_b38   7.958e-03 3.273e-01    3.273e-01      2.604e-03
ENSG00000134824:2(@)Loc1128   chr11_61830500_A_G_b38   5.122e-04 2.963e-01    2.963e-01      1.517e-04
ENSG00000134824:2(@)Loc1128   chr11_61837342_C_A_b38   4.984e-04 2.241e-01    2.241e-01      1.117e-04
ENSG00000149485:1(@)Loc1128   chr11_61804006_T_C_b38   3.814e-03 3.634e-02    3.634e-02      1.386e-04
ENSG00000149485:1(@)Loc1128   chr11_61830500_A_G_b38   1.511e-02 2.963e-01    2.963e-01      4.477e-03
ENSG00000149485:1(@)Loc1128   chr11_61836038_C_A_b38   2.939e-03 5.662e-02    5.662e-02      1.664e-04
ENSG00000149485:1(@)Loc1128   chr11_61837342_C_A_b38   3.939e-03 2.241e-01    2.241e-01      8.828e-04
ENSG00000149485:1(@)Loc1128   chr11_61842278_C_T_b38   1.032e-03 3.273e-01    3.273e-01      3.378e-04
ENSG00000174080:1(@)Loc1131   chr11_66568700_C_A_b38   3.768e-01 7.248e-04    7.248e-04      2.731e-04
ENSG00000109917:2(@)Loc1164   chr11_116778201_G_C_b38   7.356e-04 9.837e-01    9.837e-01      7.236e-04
ENSG00000149582:1(@)Loc1165   chr11_118545538_C_T_b38   1.009e-02 6.732e-02    6.733e-02      6.792e-04
ENSG00000149582:1(@)Loc1165   chr11_118554704_G_T_b38   1.865e-02 2.156e-02    2.156e-02      4.020e-04
ENSG00000280832:1(@)Loc1171   chr11_126358764_T_G_b38   2.491e-03 9.467e-02    9.467e-02      2.358e-04
ENSG00000111752:2(@)Loc1187   chr12_8914017_C_T_b38   4.574e-02 2.312e-03    2.312e-03      1.058e-04
ENSG00000139629:1(@)Loc1209   chr12_51362485_T_C_b38   7.856e-01 6.485e-04    6.485e-04      5.094e-04
ENSG00000110880:1(@)Loc1244   chr12_108701361_A_G_b38   6.084e-03 2.850e-01    2.850e-01      1.734e-03
ENSG00000110880:1(@)Loc1244   chr12_108731563_G_A_b38   1.994e-01 5.370e-04    5.370e-04      1.071e-04
ENSG00000110880:1(@)Loc1244   chr12_108731564_C_A_b38   1.994e-01 5.370e-04    5.370e-04      1.071e-04
ENSG00000250091:1(@)Loc1253   chr12_123929551_C_T_b38   1.891e-02 9.186e-03    9.186e-03      1.737e-04
ENSG00000250091:1(@)Loc1253   chr12_123934515_A_C_b38   1.063e-01 1.262e-03    1.263e-03      1.342e-04
ENSG00000250091:1(@)Loc1253   chr12_123935181_C_T_b38   8.809e-02 1.912e-02    1.912e-02      1.685e-03
ENSG00000250091:1(@)Loc1253   chr12_123955563_C_A_b38   5.619e-03 2.888e-02    2.888e-02      1.623e-04
ENSG00000102781:1(@)Loc1269   chr13_30307436_T_C_b38   4.599e-01 2.651e-04    2.651e-04      1.219e-04
ENSG00000185989:1(@)Loc1322   chr13_114055600_T_C_b38   3.895e-03 3.436e-02    3.436e-02      1.338e-04
ENSG00000213903:2(@)Loc1325   chr14_24403003_T_C_b38   2.513e-03 8.032e-02    8.032e-02      2.019e-04
ENSG00000213903:2(@)Loc1325   chr14_24414681_G_A_b38   1.413e-03 9.030e-01    9.030e-01      1.276e-03
ENSG00000274330:2(@)Loc1354   chr14_70224238_T_C_b38   8.688e-03 4.683e-02    4.683e-02      4.069e-04
ENSG00000176473:1(@)Loc1374   chr14_100384748_C_G_b38   9.303e-02 1.653e-03    1.653e-03      1.538e-04
ENSG00000176473:1(@)Loc1374   chr14_100385023_A_G_b38   9.319e-02 2.151e-03    2.151e-03      2.005e-04
ENSG00000176473:1(@)Loc1374   chr14_100385563_A_G_b38   9.319e-02 2.151e-03    2.151e-03      2.005e-04
ENSG00000176473:1(@)Loc1374   chr14_100385848_G_GCC_b38   9.303e-02 2.151e-03    2.151e-03      2.001e-04
ENSG00000176473:1(@)Loc1374   chr14_100386402_G_A_b38   6.424e-02 1.904e-03    1.904e-03      1.223e-04
ENSG00000176473:1(@)Loc1374   chr14_100387292_A_G_b38   6.424e-02 2.151e-03    2.151e-03      1.382e-04
ENSG00000176473:1(@)Loc1374   chr14_100387459_T_C_b38   6.424e-02 2.151e-03    2.151e-03      1.382e-04
ENSG00000176473:1(@)Loc1374   chr14_100387760_G_A_b38   6.424e-02 2.151e-03    2.151e-03      1.382e-04
ENSG00000176473:1(@)Loc1374   chr14_100393529_C_A_b38   4.193e-02 2.839e-03    2.839e-03      1.191e-04
ENSG00000176473:1(@)Loc1374   chr14_100397259_A_G_b38   4.193e-02 2.839e-03    2.839e-03      1.191e-04
ENSG00000176473:1(@)Loc1374   chr14_100400974_T_G_b38   4.193e-02 2.839e-03    2.839e-03      1.191e-04
ENSG00000176473:1(@)Loc1374   chr14_100403446_T_C_b38   4.193e-02 2.839e-03    2.839e-03      1.191e-04
ENSG00000176473:1(@)Loc1374   chr14_100404148_T_TA_b38   4.193e-02 2.839e-03    2.839e-03      1.191e-04
ENSG00000178802:1(@)Loc1413   chr15_74897589_A_G_b38   3.348e-02 3.306e-03    3.307e-03      1.107e-04
ENSG00000267077:2(@)Loc1432   chr16_4805278_A_G_b38   1.389e-01 8.594e-04    8.594e-04      1.194e-04
ENSG00000183426:1(@)Loc1443   chr16_15036083_C_T_b38   9.996e-01 1.656e-04    1.656e-04      1.655e-04
ENSG00000183793:1(@)Loc1443   chr16_15036083_C_T_b38   9.996e-01 1.656e-04    1.656e-04      1.655e-04
ENSG00000103510:2(@)Loc1452   chr16_31106092_C_T_b38   3.692e-02 4.297e-03    4.297e-03      1.587e-04
ENSG00000103510:2(@)Loc1452   chr16_31113086_A_G_b38   1.841e-02 1.549e-02    1.549e-02      2.852e-04
ENSG00000103510:2(@)Loc1452   chr16_31117294_C_T_b38   3.054e-02 3.541e-03    3.541e-03      1.082e-04
ENSG00000103510:2(@)Loc1452   chr16_31117347_C_A_b38   3.054e-02 3.876e-03    3.876e-03      1.184e-04
ENSG00000103510:2(@)Loc1452   chr16_31118574_A_G_b38   7.361e-02 1.114e-02    1.114e-02      8.199e-04
ENSG00000103510:2(@)Loc1452   chr16_31119853_G_A_b38   1.476e-01 8.327e-04    8.327e-04      1.229e-04
ENSG00000103510:2(@)Loc1452   chr16_31120293_A_G_b38   2.751e-02 7.036e-03    7.036e-03      1.936e-04
ENSG00000103510:2(@)Loc1452   chr16_31126391_C_T_b38   1.964e-02 9.600e-03    9.600e-03      1.885e-04
ENSG00000103510:2(@)Loc1452   chr16_31130672_C_T_b38   2.452e-02 7.702e-03    7.702e-03      1.889e-04
ENSG00000103510:2(@)Loc1452   chr16_31136227_G_A_b38   2.863e-02 8.072e-03    8.072e-03      2.311e-04
ENSG00000103507:1(@)Loc1452   chr16_31106092_C_T_b38   2.426e-02 4.297e-03    4.297e-03      1.043e-04
ENSG00000262766:1(@)Loc1452   chr16_31118574_A_G_b38   1.964e-02 1.114e-02    1.114e-02      2.188e-04
ENSG00000052344:1(@)Loc1452   chr16_31136227_G_A_b38   2.679e-02 8.072e-03    8.072e-03      2.163e-04
ENSG00000140830:1(@)Loc1466   chr16_72074194_G_A_b38   3.101e-01 1.000e+00    1.000e+00      3.101e-01
ENSG00000261701:1(@)Loc1466   chr16_72074194_G_A_b38   1.859e-01 1.000e+00    1.000e+00      1.859e-01
ENSG00000257017:1(@)Loc1466   chr16_72074194_G_A_b38   3.771e-02 1.000e+00    1.000e+00      3.771e-02
ENSG00000178977:1(@)Loc1489   chr17_8215427_T_C_b38   1.453e-02 1.732e-02    1.732e-02      2.517e-04
ENSG00000178977:1(@)Loc1489   chr17_8222223_A_G_b38   2.499e-02 1.010e-01    1.010e-01      2.523e-03
ENSG00000178977:1(@)Loc1489   chr17_8225842_A_G_b38   2.476e-02 1.650e-01    1.650e-01      4.086e-03
ENSG00000178977:1(@)Loc1489   chr17_8246469_C_T_b38   1.186e-01 1.323e-02    1.323e-02      1.569e-03
ENSG00000178977:1(@)Loc1489   chr17_8257831_C_T_b38   1.735e-03 2.908e-01    2.908e-01      5.046e-04
ENSG00000178921:3(@)Loc1489   chr17_8241236_C_T_b38   7.583e-03 1.554e-02    1.554e-02      1.178e-04
ENSG00000178921:3(@)Loc1489   chr17_8257284_T_C_b38   1.159e-03 9.345e-02    9.345e-02      1.083e-04
ENSG00000178921:3(@)Loc1489   chr17_8257831_C_T_b38   4.644e-04 2.908e-01    2.908e-01      1.351e-04
ENSG00000260777:2(@)Loc1499   chr17_28265920_T_C_b38   4.157e-02 3.655e-03    3.655e-03      1.519e-04
ENSG00000167525:1(@)Loc1499   chr17_28711396_CCCCCGGCCCTAGCTCCG_C_b38   2.233e-01 8.894e-04    8.894e-04      1.986e-04
ENSG00000167525:1(@)Loc1499   chr17_28711515_G_A_b38   2.173e-01 1.012e-03    1.013e-03      2.200e-04
ENSG00000266490:2(@)Loc1500   chr17_30799933_G_A_b38   2.647e-01 5.112e-04    5.112e-04      1.353e-04
ENSG00000176390:1(@)Loc1500   chr17_30729320_G_A_b38   4.918e-01 2.346e-04    2.346e-04      1.154e-04
ENSG00000178852:1(@)Loc1509   chr17_47361586_C_T_b38   1.066e-01 5.009e-01    5.009e-01      5.338e-02
ENSG00000132478:1(@)Loc1524   chr17_75786110_T_C_b38   4.792e-03 3.861e-01    3.861e-01      1.850e-03
ENSG00000268297:2(@)Loc1584   chr19_7786694_C_T_b38   4.342e-01 2.492e-04    2.492e-04      1.082e-04
ENSG00000268297:1(@)Loc1584   chr19_7789788_G_T_b38   5.115e-01 1.581e-03    1.581e-03      8.088e-04
ENSG00000268297:1(@)Loc1584   chr19_7790007_A_G_b38   6.400e-02 1.739e-03    1.739e-03      1.113e-04
ENSG00000130518:1(@)Loc1591   chr19_18274140_T_G_b38   2.804e-01 1.124e-03    1.124e-03      3.152e-04
ENSG00000081665:1(@)Loc1593   chr19_19810158_C_A_b38   1.058e-01 4.929e-03    4.929e-03      5.214e-04
ENSG00000130208:2(@)Loc1608   chr19_44908822_C_T_b38   7.868e-04 3.333e-01    3.333e-01      2.623e-04
ENSG00000130208:2(@)Loc1608   chr19_44912383_G_A_b38   1.455e-03 3.333e-01    3.333e-01      4.848e-04
ENSG00000142233:1(@)Loc1610   chr19_48702915_C_T_b38   6.569e-03 4.176e-01    4.176e-01      2.744e-03
ENSG00000142233:1(@)Loc1610   chr19_48703160_A_G_b38   6.569e-03 5.764e-01    5.764e-01      3.786e-03
ENSG00000176909:2(@)Loc1610   chr19_48702915_C_T_b38   6.166e-04 4.176e-01    4.176e-01      2.575e-04
ENSG00000176909:2(@)Loc1610   chr19_48703160_A_G_b38   6.166e-04 5.764e-01    5.764e-01      3.554e-04
ENSG00000101004:1(@)Loc1635   chr20_25585519_G_A_b38   6.386e-01 2.631e-04    2.631e-04      1.680e-04
ENSG00000125991:1(@)Loc1637   chr20_35540122_G_A_b38   3.351e-02 2.297e-02    2.297e-02      7.696e-04
ENSG00000125991:1(@)Loc1637   chr20_35543647_C_T_b38   1.377e-01 1.643e-03    1.643e-03      2.262e-04
ENSG00000125991:1(@)Loc1637   chr20_35564866_C_T_b38   2.089e-02 2.579e-02    2.580e-02      5.388e-04
ENSG00000224497:1(@)Loc1637   chr20_35536512_A_C_b38   1.535e-01 1.087e-03    1.087e-03      1.668e-04
ENSG00000224497:1(@)Loc1637   chr20_35540122_G_A_b38   1.170e-02 2.297e-02    2.297e-02      2.687e-04
ENSG00000224497:1(@)Loc1637   chr20_35543647_C_T_b38   4.152e-01 1.643e-03    1.643e-03      6.821e-04
ENSG00000224497:1(@)Loc1637   chr20_35544511_C_T_b38   7.238e-02 1.429e-03    1.429e-03      1.034e-04
ENSG00000244462:1(@)Loc1637   chr20_35655095_C_T_b38   3.516e-02 1.261e-02    1.261e-02      4.435e-04
ENSG00000182362:1(@)Loc1678   chr21_46306418_C_G_b38   9.991e-01 6.474e-04    6.474e-04      6.468e-04
ENSG00000100299:1(@)Loc1702   chr22_50625049_T_C_b38   3.845e-01 2.623e-04    2.623e-04      1.008e-04
