Signal	SNP	PIP_qtl	PIP_gwas_marginal	PIP_gwas_qtl_prior	SCP
ENSG00000162585:2(@)Loc2   chr1_2189186_C_A_b38   9.604e-01 2.036e-04    2.036e-04      1.956e-04
ENSG00000182873:1(@)Loc2   chr1_2189679_C_T_b38   9.992e-01 3.918e-04    3.918e-04      3.915e-04
ENSG00000132881:1(@)Loc11   chr1_16237140_A_G_b38   9.422e-01 1.147e-04    1.147e-04      1.081e-04
ENSG00000204219:1(@)Loc16   chr1_23420932_G_T_b38   8.717e-01 4.376e-04    4.377e-04      3.815e-04
ENSG00000188672:2(@)Loc18   chr1_25442446_A_G_b38   9.317e-04 4.469e-01    4.469e-01      4.164e-04
ENSG00000204178:1(@)Loc18   chr1_25432164_G_A_b38   2.634e-02 3.203e-02    3.203e-02      8.437e-04
ENSG00000204178:1(@)Loc18   chr1_25434429_C_T_b38   4.502e-03 2.652e-01    2.652e-01      1.194e-03
ENSG00000204178:1(@)Loc18   chr1_25434800_T_C_b38   3.389e-03 2.326e-01    2.326e-01      7.882e-04
ENSG00000204178:1(@)Loc18   chr1_25442446_A_G_b38   1.221e-03 4.469e-01    4.469e-01      5.458e-04
ENSG00000188672:1(@)Loc18   chr1_25434429_C_T_b38   2.032e-03 2.652e-01    2.652e-01      5.389e-04
ENSG00000188672:1(@)Loc18   chr1_25434800_T_C_b38   3.639e-03 2.326e-01    2.326e-01      8.465e-04
ENSG00000162366:1(@)Loc29   chr1_47190144_A_G_b38   5.920e-01 1.985e-04    1.985e-04      1.175e-04
ENSG00000235545:2(@)Loc39   chr1_62690372_A_G_b38   9.898e-03 1.079e-02    1.079e-02      1.068e-04
ENSG00000117500:1(@)Loc57   chr1_93154836_G_A_b38   3.589e-02 2.954e-03    2.955e-03      1.060e-04
ENSG00000198890:1(@)Loc66   chr1_107056636_A_T_b38   6.194e-01 9.177e-04    9.178e-04      5.684e-04
ENSG00000198890:1(@)Loc66   chr1_107075085_G_A_b38   1.221e-02 3.680e-02    3.680e-02      4.496e-04
ENSG00000134222:2(@)Loc67   chr1_109274968_G_T_b38   1.742e-02 4.071e-01    4.071e-01      7.091e-03
ENSG00000134222:2(@)Loc67   chr1_109275908_C_T_b38   7.141e-02 5.928e-01    5.928e-01      4.233e-02
ENSG00000143412:1(@)Loc74   chr1_150986360_A_G_b38   1.128e-02 9.701e-01    9.701e-01      1.094e-02
ENSG00000143553:1(@)Loc76   chr1_153658595_G_A_b38   4.236e-01 2.757e-04    2.757e-04      1.168e-04
ENSG00000169231:1(@)Loc77   chr1_155208991_T_A_b38   5.708e-01 2.331e-04    2.332e-04      1.331e-04
ENSG00000242252:1(@)Loc77   chr1_156240066_C_T_b38   4.299e-01 1.005e-03    1.005e-03      4.321e-04
ENSG00000242252:1(@)Loc77   chr1_156240766_C_T_b38   4.871e-01 2.291e-04    2.291e-04      1.116e-04
ENSG00000242252:2(@)Loc77   chr1_156240631_G_A_b38   1.261e-01 1.413e-03    1.413e-03      1.782e-04
ENSG00000242252:2(@)Loc77   chr1_156249659_A_G_b38   1.439e-01 1.163e-03    1.163e-03      1.674e-04
ENSG00000198715:1(@)Loc77   chr1_156302480_C_T_b38   1.080e-01 1.357e-03    1.357e-03      1.465e-04
ENSG00000160781:1(@)Loc77   chr1_156249659_A_G_b38   2.973e-01 1.163e-03    1.163e-03      3.458e-04
ENSG00000160781:1(@)Loc77   chr1_156250265_T_C_b38   4.493e-01 1.163e-03    1.163e-03      5.226e-04
ENSG00000160781:1(@)Loc77   chr1_156254935_A_C_b38   1.233e-01 1.163e-03    1.163e-03      1.434e-04
ENSG00000198952:1(@)Loc77   chr1_156274030_C_T_b38   9.751e-02 1.371e-03    1.371e-03      1.337e-04
ENSG00000198952:1(@)Loc77   chr1_156276682_G_C_b38   9.751e-02 1.357e-03    1.357e-03      1.323e-04
ENSG00000198952:1(@)Loc77   chr1_156279714_A_G_b38   1.782e-01 9.874e-04    9.875e-04      1.760e-04
ENSG00000198952:1(@)Loc77   chr1_156302480_C_T_b38   1.267e-01 1.357e-03    1.357e-03      1.719e-04
ENSG00000198952:1(@)Loc77   chr1_156305490_G_A_b38   1.267e-01 9.080e-04    9.081e-04      1.151e-04
ENSG00000283317:3(@)Loc80   chr1_161440668_A_G_b38   3.123e-02 3.851e-02    3.851e-02      1.203e-03
ENSG00000143226:1(@)Loc80   chr1_161499264_G_C_b38   1.800e-02 5.930e-03    5.931e-03      1.068e-04
ENSG00000143226:1(@)Loc80   chr1_161509069_T_C_b38   3.897e-02 4.744e-03    4.745e-03      1.849e-04
ENSG00000143226:1(@)Loc80   chr1_161509955_A_G_b38   5.348e-02 2.813e-03    2.813e-03      1.504e-04
ENSG00000203747:1(@)Loc80   chr1_161551141_C_T_b38   4.465e-02 1.573e-02    1.573e-02      7.022e-04
ENSG00000203747:1(@)Loc80   chr1_161559200_A_G_b38   1.639e-03 7.139e-02    7.140e-02      1.170e-04
ENSG00000244682:3(@)Loc80   chr1_161559200_A_G_b38   2.375e-03 7.139e-02    7.140e-02      1.696e-04
ENSG00000225217:1(@)Loc80   chr1_161595591_A_G_b38   9.995e-01 2.952e-04    2.952e-04      2.950e-04
ENSG00000244682:1(@)Loc80   chr1_161595591_A_G_b38   9.993e-01 2.952e-04    2.952e-04      2.950e-04
ENSG00000227141:3(@)Loc90   chr1_179586351_G_A_b38   1.549e-02 1.319e-02    1.320e-02      2.044e-04
ENSG00000261060:2(@)Loc90   chr1_179565405_T_G_b38   3.490e-02 7.512e-03    7.513e-03      2.622e-04
ENSG00000261060:2(@)Loc90   chr1_179566585_T_C_b38   2.031e-02 7.660e-03    7.661e-03      1.556e-04
ENSG00000261060:2(@)Loc90   chr1_179572606_A_T_b38   2.031e-02 7.954e-03    7.955e-03      1.616e-04
ENSG00000261060:2(@)Loc90   chr1_179586351_G_A_b38   2.411e-01 1.319e-02    1.320e-02      3.182e-03
ENSG00000261060:2(@)Loc90   chr1_179593385_A_G_b38   2.052e-01 1.599e-02    1.599e-02      3.282e-03
ENSG00000227141:2(@)Loc90   chr1_179584291_T_C_b38   6.023e-01 3.666e-04    3.667e-04      2.209e-04
ENSG00000185155:1(@)Loc116   chr1_226223248_G_C_b38   9.995e-01 1.062e-04    1.062e-04      1.061e-04
ENSG00000185155:2(@)Loc116   chr1_226244304_T_C_b38   8.223e-01 1.247e-04    1.247e-04      1.025e-04
ENSG00000170745:3(@)Loc142   chr2_17877595_A_G_b38   1.764e-01 1.896e-03    1.897e-03      3.345e-04
ENSG00000226622:1(@)Loc173   chr2_62662771_C_G_b38   5.975e-01 4.344e-04    4.344e-04      2.596e-04
ENSG00000214184:2(@)Loc197   chr2_108534035_G_A_b38   1.042e-01 3.287e-03    3.288e-03      3.426e-04
ENSG00000206869:1(@)Loc232   chr2_164672114_G_T_b38   8.140e-04 1.487e-01    1.487e-01      1.210e-04
ENSG00000206869:1(@)Loc232   chr2_164672366_C_T_b38   8.140e-04 1.399e-01    1.399e-01      1.139e-04
ENSG00000206869:1(@)Loc232   chr2_164683151_T_C_b38   4.197e-03 2.645e-02    2.645e-02      1.110e-04
ENSG00000163596:1(@)Loc252   chr2_202869642_A_T_b38   3.089e-02 1.009e-02    1.009e-02      3.117e-04
ENSG00000144426:1(@)Loc252   chr2_203016111_G_A_b38   2.863e-01 3.880e-03    3.881e-03      1.111e-03
ENSG00000144426:1(@)Loc252   chr2_203016269_T_C_b38   3.730e-02 3.572e-03    3.573e-03      1.333e-04
ENSG00000115414:1(@)Loc259   chr2_215435462_C_T_b38   6.985e-02 5.642e-03    5.642e-03      3.941e-04
ENSG00000115414:1(@)Loc259   chr2_215435759_T_A_b38   1.722e-01 2.100e-02    2.100e-02      3.616e-03
ENSG00000115414:1(@)Loc259   chr2_215438330_A_G_b38   3.335e-02 1.682e-02    1.682e-02      5.610e-04
ENSG00000115414:1(@)Loc259   chr2_215439661_T_C_b38   1.641e-02 6.684e-01    6.684e-01      1.097e-02
ENSG00000115414:1(@)Loc259   chr2_215441111_G_A_b38   1.667e-02 1.858e-02    1.858e-02      3.098e-04
ENSG00000115414:1(@)Loc259   chr2_215441912_C_T_b38   1.024e-02 1.858e-02    1.858e-02      1.902e-04
ENSG00000164088:2(@)Loc312   chr3_52245578_G_A_b38   2.081e-01 1.184e-03    1.184e-03      2.463e-04
ENSG00000239557:1(@)Loc312   chr3_52373025_C_T_b38   1.788e-01 1.047e-03    1.047e-03      1.872e-04
ENSG00000114904:1(@)Loc312   chr3_52771077_A_G_b38   3.862e-01 1.336e-03    1.336e-03      5.161e-04
ENSG00000227124:1(@)Loc327   chr3_75731006_C_T_b38   6.107e-01 1.811e-04    1.811e-04      1.106e-04
ENSG00000243795:2(@)Loc346   chr3_113135828_G_A_b38   8.972e-01 1.293e-04    1.293e-04      1.160e-04
ENSG00000196981:2(@)Loc352   chr3_122416042_T_A_b38   2.285e-01 1.627e-02    1.627e-02      3.716e-03
ENSG00000138496:1(@)Loc352   chr3_122564248_G_A_b38   2.821e-01 3.613e-04    3.614e-04      1.019e-04
ENSG00000138246:2(@)Loc358   chr3_132417408_G_A_b38   6.395e-01 6.007e-04    6.008e-04      3.842e-04
ENSG00000138246:2(@)Loc358   chr3_132444356_G_T_b38   9.834e-03 3.659e-01    3.659e-01      3.599e-03
ENSG00000174944:1(@)Loc369   chr3_151278646_A_C_b38   8.802e-01 1.221e-04    1.221e-04      1.075e-04
ENSG00000229320:1(@)Loc375   chr3_160566406_G_A_b38   4.340e-01 2.897e-04    2.897e-04      1.257e-04
ENSG00000109758:1(@)Loc402   chr4_3445429_C_T_b38   3.052e-01 1.093e-03    1.093e-03      3.335e-04
ENSG00000145331:2(@)Loc464   chr4_99563386_G_A_b38   4.376e-03 4.825e-02    4.825e-02      2.112e-04
ENSG00000145331:2(@)Loc464   chr4_99564087_G_C_b38   3.239e-01 3.704e-04    3.705e-04      1.200e-04
ENSG00000145331:2(@)Loc464   chr4_99564098_G_A_b38   1.651e-02 8.253e-03    8.254e-03      1.363e-04
ENSG00000066230:3(@)Loc521   chr5_524657_A_G_b38   6.579e-01 1.164e-03    1.164e-03      7.658e-04
ENSG00000151292:1(@)Loc595   chr5_123519722_G_A_b38   3.071e-02 9.999e-01    9.999e-01      3.071e-02
ENSG00000145850:1(@)Loc612   chr5_156960126_G_C_b38   5.745e-03 1.655e-01    1.655e-01      9.509e-04
ENSG00000145850:1(@)Loc612   chr5_156963286_T_C_b38   1.785e-01 8.308e-01    8.308e-01      1.483e-01
ENSG00000113758:1(@)Loc626   chr5_177474004_T_A_b38   4.496e-01 2.480e-04    2.480e-04      1.115e-04
ENSG00000007944:2(@)Loc643   chr6_16120588_C_T_b38   1.541e-03 1.241e-01    1.241e-01      1.912e-04
ENSG00000007944:2(@)Loc643   chr6_16127176_C_T_b38   4.093e-03 5.991e-01    5.991e-01      2.452e-03
ENSG00000007944:2(@)Loc643   chr6_16128734_C_G_b38   1.566e-02 7.252e-02    7.252e-02      1.136e-03
ENSG00000066379:2(@)Loc654   chr6_30063568_T_C_b38   9.999e-01 6.336e-04    6.336e-04      6.336e-04
ENSG00000241370:1(@)Loc654   chr6_30345450_G_A_b38   1.157e-01 1.002e-03    1.002e-03      1.159e-04
ENSG00000204632:2(@)Loc654   chr6_30798427_T_C_b38   5.513e-01 8.619e-04    8.620e-04      4.752e-04
ENSG00000272221:1(@)Loc655   chr6_31393708_T_C_b38   7.930e-04 4.998e-01    4.998e-01      3.963e-04
ENSG00000241106:3(@)Loc657   chr6_32814805_C_T_b38   8.747e-03 1.967e-02    1.967e-02      1.721e-04
ENSG00000241106:3(@)Loc657   chr6_32816843_C_T_b38   4.653e-02 1.587e-02    1.587e-02      7.386e-04
ENSG00000241106:3(@)Loc657   chr6_32821703_A_G_b38   4.522e-03 2.346e-01    2.347e-01      1.061e-03
ENSG00000241106:3(@)Loc657   chr6_32828908_A_G_b38   4.519e-03 1.376e-01    1.376e-01      6.220e-04
ENSG00000241106:3(@)Loc657   chr6_32828974_T_C_b38   3.274e-03 1.416e-01    1.416e-01      4.636e-04
ENSG00000241106:3(@)Loc657   chr6_32829584_C_T_b38   1.240e-03 1.951e-01    1.951e-01      2.419e-04
ENSG00000272288:2(@)Loc658   chr6_34695821_C_T_b38   2.493e-02 2.711e-02    2.711e-02      6.759e-04
ENSG00000196821:1(@)Loc658   chr6_34624313_A_G_b38   4.630e-02 3.240e-03    3.240e-03      1.500e-04
ENSG00000196821:1(@)Loc658   chr6_34635914_G_A_b38   1.291e-01 1.460e-03    1.460e-03      1.885e-04
ENSG00000196821:1(@)Loc658   chr6_34648545_G_C_b38   2.256e-01 9.134e-04    9.135e-04      2.061e-04
ENSG00000196821:1(@)Loc658   chr6_34654784_AG_A_b38   4.845e-01 1.460e-03    1.460e-03      7.075e-04
ENSG00000161912:2(@)Loc662   chr6_41137356_T_G_b38   7.351e-01 1.843e-04    1.844e-04      1.355e-04
ENSG00000181524:1(@)Loc663   chr6_42964977_C_T_b38   2.858e-03 7.483e-02    7.483e-02      2.139e-04
ENSG00000112640:2(@)Loc663   chr6_42964977_C_T_b38   2.116e-03 7.483e-02    7.483e-02      1.584e-04
ENSG00000124713:2(@)Loc663   chr6_42964977_C_T_b38   2.632e-03 7.483e-02    7.483e-02      1.969e-04
ENSG00000225791:1(@)Loc669   chr6_52577484_G_C_b38   9.834e-01 3.607e-04    3.607e-04      3.547e-04
ENSG00000260273:1(@)Loc703   chr6_109383239_T_C_b38   2.569e-01 5.889e-04    5.889e-04      1.513e-04
ENSG00000260273:1(@)Loc703   chr6_109383248_A_C_b38   2.569e-01 5.889e-04    5.889e-04      1.513e-04
ENSG00000155085:1(@)Loc703   chr6_109634847_C_T_b38   2.909e-01 1.164e-03    1.164e-03      3.387e-04
ENSG00000155085:1(@)Loc703   chr6_109690255_T_C_b38   1.776e-01 6.728e-04    6.729e-04      1.195e-04
ENSG00000178425:1(@)Loc707   chr6_116016340_G_A_b38   1.014e-02 3.200e-01    3.200e-01      3.245e-03
ENSG00000178425:1(@)Loc707   chr6_116031587_C_T_b38   9.847e-03 3.418e-01    3.418e-01      3.366e-03
ENSG00000178425:1(@)Loc707   chr6_116033428_C_T_b38   9.847e-03 3.070e-01    3.070e-01      3.023e-03
ENSG00000178425:1(@)Loc707   chr6_116061554_T_TACTA_b38   1.145e-01 1.076e-03    1.076e-03      1.232e-04
ENSG00000178425:1(@)Loc707   chr6_116073656_T_A_b38   1.374e-01 7.312e-04    7.312e-04      1.005e-04
ENSG00000111816:3(@)Loc707   chr6_116016340_G_A_b38   3.710e-04 3.200e-01    3.200e-01      1.187e-04
ENSG00000111816:3(@)Loc707   chr6_116031587_C_T_b38   1.796e-03 3.418e-01    3.418e-01      6.139e-04
ENSG00000111816:3(@)Loc707   chr6_116033428_C_T_b38   1.796e-03 3.070e-01    3.070e-01      5.515e-04
ENSG00000111816:1(@)Loc707   chr6_116060831_T_C_b38   5.591e-01 3.588e-04    3.588e-04      2.006e-04
ENSG00000111816:1(@)Loc707   chr6_116061554_T_TACTA_b38   2.140e-01 1.076e-03    1.076e-03      2.302e-04
ENSG00000120262:1(@)Loc728   chr6_151586613_C_T_b38   1.375e-01 1.648e-03    1.648e-03      2.267e-04
ENSG00000164849:2(@)Loc744   chr7_1044141_A_G_b38   3.417e-02 8.097e-03    8.098e-03      2.767e-04
ENSG00000224079:1(@)Loc744   chr7_1074376_C_T_b38   1.188e-01 9.155e-04    9.156e-04      1.088e-04
ENSG00000224079:1(@)Loc744   chr7_1074387_C_A_b38   1.188e-01 9.155e-04    9.156e-04      1.088e-04
ENSG00000164850:1(@)Loc744   chr7_1077800_T_C_b38   9.841e-01 1.131e-03    1.131e-03      1.113e-03
ENSG00000015520:3(@)Loc774   chr7_44542387_T_C_b38   8.784e-03 1.236e-01    1.236e-01      1.086e-03
ENSG00000015520:3(@)Loc774   chr7_44542732_A_G_b38   4.743e-03 8.526e-01    8.526e-01      4.044e-03
ENSG00000127980:2(@)Loc798   chr7_92538153_A_G_b38   5.919e-01 6.427e-04    6.427e-04      3.804e-04
ENSG00000164713:1(@)Loc802   chr7_98300261_TC_T_b38   7.310e-02 3.482e-03    3.482e-03      2.546e-04
ENSG00000164713:1(@)Loc802   chr7_98322009_C_T_b38   2.164e-02 4.854e-03    4.854e-03      1.050e-04
ENSG00000272950:1(@)Loc802   chr7_98286323_T_G_b38   8.408e-02 3.619e-03    3.619e-03      3.043e-04
ENSG00000272950:1(@)Loc802   chr7_98286325_A_G_b38   8.408e-02 3.619e-03    3.619e-03      3.043e-04
ENSG00000272950:1(@)Loc802   chr7_98291311_A_G_b38   1.624e-01 2.999e-03    2.999e-03      4.871e-04
ENSG00000272950:1(@)Loc802   chr7_98300261_TC_T_b38   3.851e-02 3.482e-03    3.482e-03      1.341e-04
ENSG00000272950:1(@)Loc802   chr7_98312758_C_CTG_b38   1.439e-01 4.212e-03    4.212e-03      6.060e-04
ENSG00000272950:1(@)Loc802   chr7_98316987_C_CT_b38   3.484e-01 4.212e-03    4.212e-03      1.468e-03
ENSG00000272950:1(@)Loc802   chr7_98320502_C_T_b38   1.272e-01 4.212e-03    4.212e-03      5.358e-04
ENSG00000271204:1(@)Loc822   chr7_130934134_G_A_b38   5.724e-01 2.507e-04    2.508e-04      1.435e-04
ENSG00000156006:1(@)Loc861   chr8_18387939_A_G_b38   1.046e-01 1.351e-03    1.351e-03      1.413e-04
ENSG00000156006:1(@)Loc861   chr8_18391151_A_G_b38   1.627e-01 8.922e-03    8.923e-03      1.452e-03
ENSG00000158856:2(@)Loc864   chr8_22049068_AGGGGCC_A_b38   9.352e-01 2.020e-04    2.021e-04      1.890e-04
ENSG00000197217:2(@)Loc865   chr8_23424691_C_T_b38   2.218e-01 1.282e-03    1.282e-03      2.844e-04
ENSG00000197217:2(@)Loc865   chr8_23434623_C_T_b38   1.171e-01 1.554e-03    1.554e-03      1.819e-04
ENSG00000197217:2(@)Loc865   chr8_23450067_G_T_b38   4.405e-01 9.526e-04    9.527e-04      4.196e-04
ENSG00000147454:3(@)Loc865   chr8_23532058_T_C_b38   6.106e-03 6.465e-02    6.465e-02      3.948e-04
ENSG00000250031:2(@)Loc886   chr8_58440975_C_T_b38   2.649e-04 4.009e-01    4.009e-01      1.062e-04
ENSG00000186583:1(@)Loc935   chr8_143948489_G_T_b38   1.098e-02 9.999e-01    9.999e-01      1.098e-02
ENSG00000137145:1(@)Loc950   chr9_19212562_C_T_b38   3.296e-01 5.181e-04    5.181e-04      1.708e-04
ENSG00000137145:1(@)Loc950   chr9_19229506_A_G_b38   1.729e-01 6.205e-04    6.206e-04      1.073e-04
ENSG00000137154:1(@)Loc950   chr9_19367112_G_A_b38   3.232e-02 3.391e-03    3.392e-03      1.096e-04
ENSG00000272842:2(@)Loc950   chr9_19367112_G_A_b38   5.013e-02 3.391e-03    3.392e-03      1.700e-04
ENSG00000272842:1(@)Loc950   chr9_19375840_TGGTATCCACTAAAACTA_T_b38   2.573e-01 6.737e-04    6.738e-04      1.733e-04
ENSG00000272842:1(@)Loc950   chr9_19376260_G_C_b38   2.632e-01 7.041e-04    7.041e-04      1.853e-04
ENSG00000273226:1(@)Loc950   chr9_19375840_TGGTATCCACTAAAACTA_T_b38   9.447e-01 6.737e-04    6.738e-04      6.366e-04
ENSG00000230074:1(@)Loc962   chr9_34677541_T_C_b38   8.411e-01 1.514e-04    1.514e-04      1.273e-04
ENSG00000106771:2(@)Loc990   chr9_109119576_T_C_b38   7.411e-01 3.777e-04    3.778e-04      2.800e-04
ENSG00000057608:1(@)Loc1015   chr10_5813440_G_C_b38   9.997e-01 2.870e-03    2.870e-03      2.869e-03
ENSG00000229124:2(@)Loc1023   chr10_17218291_A_G_b38   4.070e-04 4.054e-01    4.054e-01      1.650e-04
ENSG00000156521:1(@)Loc1055   chr10_70193489_C_G_b38   1.015e-01 1.116e-03    1.116e-03      1.133e-04
ENSG00000138190:1(@)Loc1068   chr10_92838148_C_T_b38   1.675e-02 6.760e-03    6.761e-03      1.133e-04
ENSG00000099194:1(@)Loc1073   chr10_100315722_G_A_b38   9.937e-01 2.064e-03    2.064e-03      2.051e-03
ENSG00000203805:1(@)Loc1083   chr10_120456972_T_G_b38   1.300e-01 8.327e-04    8.328e-04      1.083e-04
ENSG00000213185:1(@)Loc1086   chr10_122887525_A_G_b38   9.758e-02 4.043e-03    4.043e-03      3.945e-04
ENSG00000213185:1(@)Loc1086   chr10_122888769_G_A_b38   3.502e-02 2.897e-03    2.898e-03      1.015e-04
ENSG00000213185:1(@)Loc1086   chr10_122898293_G_T_b38   2.581e-02 4.735e-03    4.735e-03      1.222e-04
ENSG00000213185:1(@)Loc1086   chr10_122933070_A_G_b38   1.830e-02 7.864e-02    7.865e-02      1.439e-03
ENSG00000119965:1(@)Loc1086   chr10_122933070_A_G_b38   2.552e-01 7.864e-02    7.865e-02      2.007e-02
ENSG00000119965:1(@)Loc1086   chr10_122934071_G_T_b38   5.383e-01 2.031e-03    2.032e-03      1.094e-03
ENSG00000119965:1(@)Loc1086   chr10_122945179_C_T_b38   1.364e-01 1.623e-03    1.623e-03      2.213e-04
ENSG00000179988:2(@)Loc1086   chr10_122933070_A_G_b38   4.187e-03 7.864e-02    7.865e-02      3.293e-04
ENSG00000119965:2(@)Loc1086   chr10_122953445_A_G_b38   6.686e-02 1.640e-03    1.640e-03      1.097e-04
ENSG00000132274:1(@)Loc1098   chr11_5689666_A_C_b38   8.484e-01 1.231e-04    1.231e-04      1.044e-04
ENSG00000132274:1(@)Loc1098   chr11_5691030_G_A_b38   1.485e-01 9.170e-04    9.171e-04      1.362e-04
ENSG00000175356:2(@)Loc1101   chr11_9043719_T_C_b38   5.581e-01 1.962e-04    1.963e-04      1.095e-04
ENSG00000246308:2(@)Loc1102   chr11_10828066_T_G_b38   1.144e-01 2.425e-03    2.426e-03      2.776e-04
ENSG00000175220:1(@)Loc1122   chr11_46700671_T_C_b38   5.718e-01 3.511e-04    3.511e-04      2.008e-04
ENSG00000270060:1(@)Loc1123   chr11_47169300_C_T_b38   5.053e-01 2.601e-04    2.602e-04      1.315e-04
ENSG00000149485:1(@)Loc1128   chr11_61830500_A_G_b38   6.425e-02 2.963e-01    2.963e-01      1.904e-02
ENSG00000149485:1(@)Loc1128   chr11_61836038_C_A_b38   6.306e-03 5.663e-02    5.663e-02      3.571e-04
ENSG00000149485:1(@)Loc1128   chr11_61837342_C_A_b38   1.311e-02 2.241e-01    2.241e-01      2.937e-03
ENSG00000197136:1(@)Loc1130   chr11_65613445_G_A_b38   5.020e-01 1.621e-03    1.621e-03      8.138e-04
ENSG00000197136:1(@)Loc1130   chr11_65619907_T_A_b38   1.516e-01 7.008e-04    7.009e-04      1.063e-04
ENSG00000197136:1(@)Loc1130   chr11_65622419_G_C_b38   1.479e-01 1.797e-03    1.797e-03      2.659e-04
ENSG00000173327:1(@)Loc1130   chr11_65613445_G_A_b38   9.949e-01 1.621e-03    1.621e-03      1.613e-03
ENSG00000174483:1(@)Loc1131   chr11_66510139_G_C_b38   1.061e-01 1.103e-03    1.103e-03      1.170e-04
ENSG00000255517:1(@)Loc1131   chr11_66478465_C_T_b38   4.942e-01 1.113e-03    1.113e-03      5.500e-04
ENSG00000255517:1(@)Loc1131   chr11_66478599_G_GAC_b38   1.659e-01 1.113e-03    1.113e-03      1.846e-04
ENSG00000254986:1(@)Loc1131   chr11_66474636_A_G_b38   4.721e-01 5.826e-04    5.827e-04      2.751e-04
ENSG00000254986:1(@)Loc1131   chr11_66480373_G_A_b38   2.017e-01 1.113e-03    1.113e-03      2.244e-04
ENSG00000255517:2(@)Loc1131   chr11_66474931_T_G_b38   9.707e-01 1.113e-03    1.113e-03      1.080e-03
ENSG00000110092:1(@)Loc1132   chr11_69333804_G_A_b38   1.978e-01 5.575e-04    5.576e-04      1.103e-04
ENSG00000241170:2(@)Loc1136   chr11_74892882_T_C_b38   6.761e-01 3.289e-04    3.289e-04      2.224e-04
ENSG00000151376:1(@)Loc1141   chr11_86672590_ACT_A_b38   2.158e-01 5.159e-04    5.160e-04      1.113e-04
ENSG00000137656:2(@)Loc1164   chr11_116778201_G_C_b38   7.640e-04 9.837e-01    9.837e-01      7.515e-04
ENSG00000149582:1(@)Loc1165   chr11_118534353_A_G_b38   8.979e-02 1.693e-03    1.693e-03      1.520e-04
ENSG00000149582:1(@)Loc1165   chr11_118534590_G_A_b38   9.866e-02 1.792e-03    1.792e-03      1.768e-04
ENSG00000149582:1(@)Loc1165   chr11_118545538_C_T_b38   1.651e-03 6.732e-02    6.733e-02      1.112e-04
ENSG00000095139:1(@)Loc1165   chr11_118545538_C_T_b38   2.326e-03 6.732e-02    6.733e-02      1.566e-04
ENSG00000095139:1(@)Loc1165   chr11_118574560_T_C_b38   7.932e-02 1.547e-03    1.547e-03      1.227e-04
ENSG00000095139:1(@)Loc1165   chr11_118578655_A_G_b38   3.284e-02 2.227e-02    2.227e-02      7.314e-04
ENSG00000118096:1(@)Loc1165   chr11_118538178_G_A_b38   9.989e-02 1.599e-03    1.599e-03      1.598e-04
ENSG00000118096:1(@)Loc1165   chr11_118540998_G_T_b38   9.989e-02 1.599e-03    1.599e-03      1.598e-04
ENSG00000118096:1(@)Loc1165   chr11_118545216_CT_C_b38   2.255e-01 1.649e-03    1.650e-03      3.720e-04
ENSG00000118096:1(@)Loc1165   chr11_118559049_T_G_b38   1.560e-01 1.381e-03    1.381e-03      2.155e-04
ENSG00000118096:1(@)Loc1165   chr11_118559804_C_T_b38   1.560e-01 1.381e-03    1.381e-03      2.155e-04
ENSG00000255248:1(@)Loc1168   chr11_122650313_T_C_b38   8.576e-03 1.679e-02    1.679e-02      1.440e-04
ENSG00000255248:1(@)Loc1168   chr11_122651359_T_C_b38   7.804e-03 1.486e-02    1.486e-02      1.160e-04
ENSG00000255248:1(@)Loc1168   chr11_122651667_T_C_b38   7.804e-03 3.745e-02    3.746e-02      2.923e-04
ENSG00000154127:2(@)Loc1168   chr11_122655793_A_C_b38   1.945e-02 6.102e-03    6.102e-03      1.187e-04
ENSG00000154127:2(@)Loc1168   chr11_122655893_C_T_b38   1.757e-02 6.721e-03    6.721e-03      1.181e-04
ENSG00000280832:1(@)Loc1171   chr11_126348646_A_G_b38   1.427e-02 8.003e-02    8.004e-02      1.143e-03
ENSG00000126746:2(@)Loc1185   chr12_6689466_A_C_b38   9.996e-01 1.049e-04    1.049e-04      1.048e-04
ENSG00000003056:1(@)Loc1187   chr12_8929985_A_G_b38   2.308e-01 4.654e-02    4.655e-02      1.074e-02
ENSG00000079337:2(@)Loc1208   chr12_47768684_C_G_b38   6.162e-01 4.688e-04    4.689e-04      2.889e-04
ENSG00000205352:1(@)Loc1211   chr12_53446172_C_G_b38   9.999e-01 2.507e-04    2.507e-04      2.507e-04
ENSG00000139323:2(@)Loc1232   chr12_89536849_C_T_b38   5.607e-02 2.753e-03    2.754e-03      1.544e-04
ENSG00000139323:2(@)Loc1232   chr12_89539596_A_G_b38   7.761e-02 2.291e-03    2.291e-03      1.778e-04
ENSG00000110880:1(@)Loc1244   chr12_108701361_A_G_b38   9.996e-03 2.850e-01    2.850e-01      2.849e-03
ENSG00000110880:1(@)Loc1244   chr12_108731563_G_A_b38   2.228e-01 5.370e-04    5.370e-04      1.196e-04
ENSG00000110880:1(@)Loc1244   chr12_108731564_C_A_b38   2.228e-01 5.370e-04    5.370e-04      1.196e-04
ENSG00000157895:3(@)Loc1252   chr12_120993422_G_A_b38   2.449e-03 5.457e-02    5.458e-02      1.336e-04
ENSG00000275389:1(@)Loc1253   chr12_123980289_G_T_b38   6.318e-03 2.361e-02    2.361e-02      1.492e-04
ENSG00000275389:1(@)Loc1253   chr12_123990609_A_G_b38   3.514e-02 1.530e-02    1.530e-02      5.377e-04
ENSG00000275389:1(@)Loc1253   chr12_123997143_A_G_b38   3.514e-02 1.301e-02    1.301e-02      4.572e-04
ENSG00000270130:1(@)Loc1253   chr12_123955563_C_A_b38   4.615e-03 2.888e-02    2.888e-02      1.333e-04
ENSG00000250091:2(@)Loc1253   chr12_123934515_A_C_b38   1.056e-01 1.262e-03    1.263e-03      1.334e-04
ENSG00000250091:2(@)Loc1253   chr12_123935181_C_T_b38   4.019e-02 1.912e-02    1.913e-02      7.687e-04
ENSG00000270028:1(@)Loc1253   chr12_123920171_T_C_b38   3.036e-02 4.326e-03    4.326e-03      1.313e-04
ENSG00000270028:1(@)Loc1253   chr12_123924955_G_A_b38   2.225e-01 8.656e-04    8.657e-04      1.926e-04
ENSG00000119242:1(@)Loc1253   chr12_123977707_T_A_b38   2.292e-01 4.373e-04    4.373e-04      1.002e-04
ENSG00000250091:1(@)Loc1253   chr12_123932791_T_C_b38   2.415e-01 9.092e-04    9.093e-04      2.196e-04
ENSG00000250091:1(@)Loc1253   chr12_123935529_C_CAGGA_b38   4.336e-01 9.092e-04    9.093e-04      3.943e-04
ENSG00000152749:1(@)Loc1307   chr13_94601666_T_G_b38   9.358e-01 1.206e-04    1.206e-04      1.129e-04
ENSG00000119599:1(@)Loc1356   chr14_72926683_G_A_b38   9.999e-01 1.007e-04    1.007e-04      1.007e-04
ENSG00000258521:1(@)Loc1374   chr14_100339246_T_C_b38   7.348e-01 1.377e-04    1.377e-04      1.012e-04
ENSG00000176473:1(@)Loc1374   chr14_100377141_G_A_b38   2.403e-01 6.643e-04    6.644e-04      1.597e-04
ENSG00000176473:1(@)Loc1374   chr14_100377178_C_G_b38   2.403e-01 6.643e-04    6.644e-04      1.597e-04
ENSG00000176473:1(@)Loc1374   chr14_100377551_C_A_b38   2.403e-01 5.233e-04    5.233e-04      1.258e-04
ENSG00000176473:2(@)Loc1374   chr14_100385023_A_G_b38   1.077e-01 2.151e-03    2.152e-03      2.318e-04
ENSG00000176473:2(@)Loc1374   chr14_100385563_A_G_b38   1.077e-01 2.151e-03    2.152e-03      2.318e-04
ENSG00000176473:2(@)Loc1374   chr14_100385848_G_GCC_b38   1.077e-01 2.151e-03    2.152e-03      2.318e-04
ENSG00000176473:2(@)Loc1374   chr14_100386402_G_A_b38   6.325e-02 1.904e-03    1.904e-03      1.205e-04
ENSG00000176473:2(@)Loc1374   chr14_100387292_A_G_b38   6.427e-02 2.151e-03    2.152e-03      1.383e-04
ENSG00000176473:2(@)Loc1374   chr14_100387459_T_C_b38   6.427e-02 2.151e-03    2.152e-03      1.383e-04
ENSG00000176473:2(@)Loc1374   chr14_100387760_G_A_b38   6.427e-02 2.151e-03    2.152e-03      1.383e-04
ENSG00000176473:2(@)Loc1374   chr14_100393529_C_A_b38   3.653e-02 2.839e-03    2.840e-03      1.037e-04
ENSG00000176473:2(@)Loc1374   chr14_100397259_A_G_b38   3.653e-02 2.839e-03    2.840e-03      1.037e-04
ENSG00000176473:2(@)Loc1374   chr14_100400974_T_G_b38   3.653e-02 2.839e-03    2.840e-03      1.037e-04
ENSG00000176473:2(@)Loc1374   chr14_100403446_T_C_b38   3.653e-02 2.839e-03    2.840e-03      1.037e-04
ENSG00000176473:2(@)Loc1374   chr14_100404148_T_TA_b38   4.177e-02 2.839e-03    2.840e-03      1.186e-04
ENSG00000140451:1(@)Loc1408   chr15_64816280_T_C_b38   9.705e-01 1.502e-04    1.502e-04      1.457e-04
ENSG00000140465:1(@)Loc1413   chr15_74751897_G_A_b38   1.632e-01 1.784e-03    1.784e-03      2.911e-04
ENSG00000140465:1(@)Loc1413   chr15_74755085_T_C_b38   1.010e-01 2.210e-03    2.210e-03      2.232e-04
ENSG00000140465:1(@)Loc1413   chr15_74770056_C_T_b38   1.583e-01 2.636e-03    2.636e-03      4.174e-04
ENSG00000103653:1(@)Loc1413   chr15_74773303_G_C_b38   6.277e-02 1.932e-03    1.932e-03      1.213e-04
ENSG00000103653:1(@)Loc1413   chr15_74785026_C_A_b38   1.159e-01 2.451e-03    2.451e-03      2.842e-04
ENSG00000103653:1(@)Loc1413   chr15_74787809_C_A_b38   7.119e-02 2.902e-03    2.902e-03      2.066e-04
ENSG00000103653:1(@)Loc1413   chr15_74791153_C_A_b38   7.119e-02 2.526e-03    2.526e-03      1.799e-04
ENSG00000178761:1(@)Loc1413   chr15_74907551_A_G_b38   1.525e-01 2.550e-03    2.550e-03      3.888e-04
ENSG00000140543:1(@)Loc1419   chr15_88546426_G_T_b38   3.148e-01 4.911e-04    4.911e-04      1.546e-04
ENSG00000100726:2(@)Loc1430   chr16_1510110_C_T_b38   2.627e-01 9.125e-04    9.126e-04      2.397e-04
ENSG00000189067:1(@)Loc1440   chr16_11550986_A_G_b38   2.513e-01 4.846e-04    4.846e-04      1.218e-04
ENSG00000189067:1(@)Loc1440   chr16_11551157_A_T_b38   7.115e-01 6.074e-04    6.074e-04      4.322e-04
ENSG00000103381:1(@)Loc1441   chr16_12788479_C_G_b38   9.609e-01 5.395e-04    5.395e-04      5.184e-04
ENSG00000183426:1(@)Loc1443   chr16_15036083_C_T_b38   9.999e-01 1.656e-04    1.656e-04      1.656e-04
ENSG00000183793:1(@)Loc1443   chr16_15036083_C_T_b38   9.997e-01 1.656e-04    1.656e-04      1.655e-04
ENSG00000103510:2(@)Loc1452   chr16_31106703_C_A_b38   4.868e-02 3.541e-03    3.541e-03      1.724e-04
ENSG00000103510:2(@)Loc1452   chr16_31113086_A_G_b38   7.250e-02 1.549e-02    1.549e-02      1.123e-03
ENSG00000103510:2(@)Loc1452   chr16_31114455_T_C_b38   3.279e-02 3.352e-03    3.352e-03      1.099e-04
ENSG00000103510:2(@)Loc1452   chr16_31116767_AAT_A_b38   3.495e-02 3.065e-03    3.066e-03      1.072e-04
ENSG00000103510:2(@)Loc1452   chr16_31117294_C_T_b38   1.331e-01 3.541e-03    3.541e-03      4.713e-04
ENSG00000103510:2(@)Loc1452   chr16_31117347_C_A_b38   2.603e-01 3.876e-03    3.876e-03      1.009e-03
ENSG00000103510:2(@)Loc1452   chr16_31118574_A_G_b38   5.309e-02 1.114e-02    1.114e-02      5.913e-04
ENSG00000103510:2(@)Loc1452   chr16_31120293_A_G_b38   2.940e-02 7.036e-03    7.037e-03      2.069e-04
ENSG00000103510:2(@)Loc1452   chr16_31126391_C_T_b38   1.478e-02 9.600e-03    9.601e-03      1.419e-04
ENSG00000103510:2(@)Loc1452   chr16_31136227_G_A_b38   1.451e-02 8.072e-03    8.073e-03      1.172e-04
ENSG00000167394:1(@)Loc1452   chr16_31074149_T_C_b38   4.263e-01 4.458e-03    4.459e-03      1.901e-03
ENSG00000167394:1(@)Loc1452   chr16_31077026_G_A_b38   3.839e-02 4.231e-03    4.231e-03      1.624e-04
ENSG00000167394:1(@)Loc1452   chr16_31106703_C_A_b38   4.720e-02 3.541e-03    3.541e-03      1.671e-04
ENSG00000167394:1(@)Loc1452   chr16_31113086_A_G_b38   3.159e-02 1.549e-02    1.549e-02      4.894e-04
ENSG00000167394:1(@)Loc1452   chr16_31117294_C_T_b38   4.720e-02 3.541e-03    3.541e-03      1.671e-04
ENSG00000167394:1(@)Loc1452   chr16_31118574_A_G_b38   1.208e-02 1.114e-02    1.114e-02      1.346e-04
ENSG00000087237:1(@)Loc1458   chr16_56954132_C_T_b38   2.553e-02 1.399e-02    1.399e-02      3.572e-04
ENSG00000087237:1(@)Loc1458   chr16_56955678_C_T_b38   2.350e-02 9.844e-01    9.844e-01      2.314e-02
ENSG00000087237:1(@)Loc1458   chr16_56959412_C_A_b38   1.609e-01 1.580e-03    1.580e-03      2.543e-04
ENSG00000276408:1(@)Loc1468   chr16_75558709_G_A_b38   4.348e-02 2.525e-03    2.526e-03      1.098e-04
ENSG00000205084:3(@)Loc1468   chr16_75556194_G_C_b38   2.927e-01 4.802e-04    4.802e-04      1.406e-04
ENSG00000074370:1(@)Loc1486   chr17_3978051_C_T_b38   9.324e-01 1.917e-04    1.918e-04      1.788e-04
ENSG00000161905:2(@)Loc1486   chr17_4641837_C_G_b38   1.526e-01 8.881e-04    8.882e-04      1.355e-04
ENSG00000091640:1(@)Loc1487   chr17_4967598_G_A_b38   4.697e-01 3.227e-04    3.227e-04      1.516e-04
ENSG00000091640:1(@)Loc1487   chr17_4968223_T_C_b38   4.697e-01 2.673e-04    2.673e-04      1.256e-04
ENSG00000284117:1(@)Loc1489   chr17_8149767_T_G_b38   2.499e-01 4.014e-04    4.014e-04      1.003e-04
ENSG00000178971:1(@)Loc1489   chr17_8230957_C_T_b38   4.307e-01 4.503e-04    4.503e-04      1.940e-04
ENSG00000125434:1(@)Loc1489   chr17_8295368_C_T_b38   9.970e-01 2.933e-04    2.933e-04      2.924e-04
ENSG00000154914:1(@)Loc1490   chr17_9675330_C_T_b38   9.568e-04 1.490e-01    1.490e-01      1.425e-04
ENSG00000227543:1(@)Loc1499   chr17_28599083_C_CG_b38   5.797e-01 1.012e-03    1.013e-03      5.870e-04
ENSG00000076382:1(@)Loc1499   chr17_28599083_C_CG_b38   1.315e-01 1.012e-03    1.013e-03      1.331e-04
ENSG00000198242:1(@)Loc1499   chr17_28721278_C_T_b38   1.018e-01 1.012e-03    1.013e-03      1.031e-04
ENSG00000167525:1(@)Loc1499   chr17_28711396_CCCCCGGCCCTAGCTCCG_C_b38   3.625e-01 8.894e-04    8.894e-04      3.224e-04
ENSG00000167525:1(@)Loc1499   chr17_28711515_G_A_b38   3.201e-01 1.012e-03    1.013e-03      3.241e-04
ENSG00000176390:2(@)Loc1500   chr17_30729320_G_A_b38   4.525e-01 2.346e-04    2.346e-04      1.062e-04
ENSG00000108786:1(@)Loc1507   chr17_42550234_C_T_b38   1.757e-01 6.387e-04    6.388e-04      1.122e-04
ENSG00000263293:1(@)Loc1509   chr17_47314438_T_C_b38   1.372e-02 4.905e-01    4.906e-01      6.732e-03
ENSG00000276790:1(@)Loc1509   chr17_47314438_T_C_b38   8.893e-04 4.905e-01    4.906e-01      4.363e-04
ENSG00000141295:3(@)Loc1510   chr17_47824874_C_A_b38   3.916e-01 4.888e-04    4.889e-04      1.915e-04
ENSG00000141295:3(@)Loc1510   chr17_47848524_A_G_b38   5.172e-01 6.934e-04    6.935e-04      3.587e-04
ENSG00000005243:1(@)Loc1510   chr17_48086505_G_A_b38   3.789e-01 3.171e-03    3.171e-03      1.201e-03
ENSG00000141378:1(@)Loc1517   chr17_59712845_T_C_b38   2.349e-02 9.261e-03    9.262e-03      2.176e-04
ENSG00000108479:1(@)Loc1524   chr17_75764739_G_A_b38   7.693e-02 1.322e-03    1.322e-03      1.017e-04
ENSG00000108479:1(@)Loc1524   chr17_75765315_T_C_b38   1.486e-01 1.322e-03    1.322e-03      1.964e-04
ENSG00000132475:2(@)Loc1524   chr17_75786110_T_C_b38   6.813e-03 3.861e-01    3.861e-01      2.630e-03
ENSG00000132478:2(@)Loc1524   chr17_75786110_T_C_b38   1.503e-03 3.861e-01    3.861e-01      5.802e-04
ENSG00000119537:1(@)Loc1564   chr18_63367187_T_G_b38   9.990e-01 2.180e-04    2.180e-04      2.178e-04
ENSG00000172006:1(@)Loc1580   chr19_2814183_C_T_b38   2.040e-01 2.108e-02    2.109e-02      4.301e-03
ENSG00000268297:1(@)Loc1584   chr19_7789788_G_T_b38   1.154e-01 1.581e-03    1.581e-03      1.825e-04
ENSG00000268297:1(@)Loc1584   chr19_7790007_A_G_b38   7.279e-02 1.739e-03    1.739e-03      1.266e-04
ENSG00000268297:1(@)Loc1584   chr19_7790692_A_C_b38   2.906e-01 5.506e-04    5.506e-04      1.600e-04
ENSG00000268297:1(@)Loc1584   chr19_7791675_T_C_b38   7.026e-02 1.717e-03    1.717e-03      1.206e-04
ENSG00000130164:1(@)Loc1586   chr19_11091630_G_T_b38   1.154e-02 1.000e+00    1.000e+00      1.154e-02
ENSG00000273733:1(@)Loc1587   chr19_11205141_T_G_b38   1.165e-02 1.042e-02    1.042e-02      1.214e-04
ENSG00000130518:2(@)Loc1591   chr19_18273734_C_T_b38   2.992e-01 4.590e-04    4.590e-04      1.373e-04
ENSG00000130518:2(@)Loc1591   chr19_18274140_T_G_b38   4.795e-01 1.124e-03    1.124e-03      5.389e-04
ENSG00000081665:1(@)Loc1593   chr19_19810158_C_A_b38   1.541e-01 4.929e-03    4.930e-03      7.599e-04
ENSG00000267481:1(@)Loc1593   chr19_19810158_C_A_b38   6.605e-02 4.929e-03    4.930e-03      3.256e-04
ENSG00000188493:1(@)Loc1605   chr19_40763383_G_T_b38   3.083e-01 5.089e-03    5.090e-03      1.569e-03
ENSG00000256294:1(@)Loc1607   chr19_44171648_T_C_b38   1.257e-03 8.196e-01    8.196e-01      1.030e-03
ENSG00000142233:2(@)Loc1610   chr19_48702915_C_T_b38   2.828e-02 4.176e-01    4.176e-01      1.181e-02
ENSG00000142233:2(@)Loc1610   chr19_48703160_A_G_b38   2.828e-02 5.764e-01    5.764e-01      1.630e-02
ENSG00000104805:1(@)Loc1611   chr19_48921668_C_T_b38   2.907e-01 4.066e-04    4.066e-04      1.182e-04
ENSG00000167646:1(@)Loc1614   chr19_55164108_C_T_b38   9.996e-01 1.261e-04    1.261e-04      1.260e-04
ENSG00000277938:2(@)Loc1634   chr20_25227636_C_T_b38   9.959e-01 2.288e-04    2.288e-04      2.279e-04
ENSG00000277938:1(@)Loc1634   chr20_25228663_C_A_b38   9.976e-01 7.666e-04    7.667e-04      7.649e-04
ENSG00000274414:1(@)Loc1634   chr20_25245302_C_A_b38   4.364e-01 6.744e-04    6.745e-04      2.944e-04
ENSG00000215529:1(@)Loc1635   chr20_32858839_A_G_b38   3.186e-01 3.597e-04    3.598e-04      1.146e-04
ENSG00000101019:1(@)Loc1637   chr20_35413447_G_A_b38   2.273e-01 5.288e-04    5.289e-04      1.202e-04
ENSG00000126001:1(@)Loc1637   chr20_35458678_G_A_b38   2.062e-02 9.136e-02    9.136e-02      1.884e-03
ENSG00000125965:2(@)Loc1637   chr20_35458678_G_A_b38   8.985e-03 9.136e-02    9.136e-02      8.209e-04
ENSG00000125991:1(@)Loc1637   chr20_35540122_G_A_b38   3.417e-02 2.297e-02    2.297e-02      7.849e-04
ENSG00000125991:1(@)Loc1637   chr20_35564866_C_T_b38   4.367e-03 2.579e-02    2.580e-02      1.127e-04
ENSG00000224497:2(@)Loc1637   chr20_35540122_G_A_b38   9.346e-03 2.297e-02    2.297e-02      2.147e-04
ENSG00000224497:2(@)Loc1637   chr20_35566823_C_T_b38   3.497e-04 5.424e-01    5.424e-01      1.897e-04
ENSG00000224497:1(@)Loc1637   chr20_35543647_C_T_b38   1.844e-01 1.643e-03    1.643e-03      3.030e-04
ENSG00000224497:1(@)Loc1637   chr20_35545279_C_T_b38   3.232e-01 1.643e-03    1.643e-03      5.310e-04
ENSG00000224497:1(@)Loc1637   chr20_35545566_TCAA_T_b38   3.232e-01 1.643e-03    1.643e-03      5.310e-04
ENSG00000224497:1(@)Loc1637   chr20_35549038_C_T_b38   1.121e-01 1.643e-03    1.643e-03      1.842e-04
ENSG00000244462:2(@)Loc1637   chr20_35655095_C_T_b38   8.063e-03 1.261e-02    1.261e-02      1.017e-04
ENSG00000125510:1(@)Loc1654   chr20_64077921_G_A_b38   1.163e-01 1.627e-03    1.627e-03      1.892e-04
ENSG00000125510:1(@)Loc1654   chr20_64080106_C_T_b38   3.536e-01 6.105e-04    6.106e-04      2.159e-04
ENSG00000125510:1(@)Loc1654   chr20_64080700_T_C_b38   4.717e-01 1.450e-03    1.450e-03      6.841e-04
ENSG00000171700:1(@)Loc1654   chr20_64080106_C_T_b38   7.080e-01 6.105e-04    6.106e-04      4.323e-04
ENSG00000160294:2(@)Loc1678   chr21_46262763_T_C_b38   2.217e-01 7.021e-04    7.021e-04      1.556e-04
ENSG00000160294:2(@)Loc1678   chr21_46279269_C_CAA_b38   1.490e-01 7.229e-04    7.229e-04      1.077e-04
ENSG00000239415:1(@)Loc1678   chr21_46258313_G_A_b38   1.711e-01 8.308e-04    8.309e-04      1.422e-04
ENSG00000215424:2(@)Loc1678   chr21_46221282_G_A_b38   2.714e-01 7.196e-04    7.197e-04      1.953e-04
ENSG00000215424:2(@)Loc1678   chr21_46311581_G_A_b38   7.629e-02 1.735e-03    1.736e-03      1.324e-04
ENSG00000215424:2(@)Loc1678   chr21_46312660_A_G_b38   2.431e-01 8.008e-04    8.009e-04      1.947e-04
ENSG00000182362:4(@)Loc1678   chr21_46288340_T_C_b38   1.964e-01 9.477e-04    9.478e-04      1.862e-04
ENSG00000160299:1(@)Loc1678   chr21_46319232_T_C_b38   1.795e-01 8.008e-04    8.009e-04      1.438e-04
ENSG00000160299:1(@)Loc1678   chr21_46324123_CG_C_b38   4.713e-01 6.861e-04    6.862e-04      3.234e-04
ENSG00000160299:1(@)Loc1678   chr21_46325219_C_G_b38   2.385e-01 7.351e-04    7.352e-04      1.754e-04
ENSG00000100281:1(@)Loc1692   chr22_35257480_C_T_b38   1.192e-01 3.242e-03    3.243e-03      3.864e-04
ENSG00000100281:1(@)Loc1692   chr22_35258642_C_T_b38   4.938e-02 4.232e-03    4.232e-03      2.090e-04
ENSG00000100281:1(@)Loc1692   chr22_35259557_TA_T_b38   4.938e-02 4.232e-03    4.232e-03      2.090e-04
ENSG00000100281:1(@)Loc1692   chr22_35261293_A_G_b38   3.283e-02 4.232e-03    4.232e-03      1.389e-04
ENSG00000100281:1(@)Loc1692   chr22_35261388_A_C_b38   3.337e-02 4.232e-03    4.232e-03      1.412e-04
ENSG00000100281:1(@)Loc1692   chr22_35307135_T_C_b38   3.106e-03 3.823e-02    3.823e-02      1.188e-04
ENSG00000100284:1(@)Loc1692   chr22_35298302_A_G_b38   3.203e-02 3.522e-03    3.522e-03      1.128e-04
ENSG00000100284:1(@)Loc1692   chr22_35298900_C_A_b38   8.102e-02 3.366e-03    3.366e-03      2.727e-04
ENSG00000100284:1(@)Loc1692   chr22_35299680_GC_G_b38   8.102e-02 4.168e-03    4.168e-03      3.377e-04
ENSG00000100284:1(@)Loc1692   chr22_35299809_G_A_b38   2.242e-02 4.637e-03    4.637e-03      1.039e-04
ENSG00000100284:1(@)Loc1692   chr22_35307135_T_C_b38   5.225e-03 3.823e-02    3.823e-02      1.998e-04
ENSG00000100299:1(@)Loc1702   chr22_50625049_T_C_b38   9.991e-01 2.623e-04    2.623e-04      2.621e-04
