Signal	SNP	PIP_qtl	PIP_gwas_marginal	PIP_gwas_qtl_prior	SCP
ENSG00000162585:2(@)Loc2   chr1_2189679_C_T_b38   9.958e-01 3.918e-04    3.918e-04      3.901e-04
ENSG00000237276:2(@)Loc11   chr1_16189310_T_C_b38   8.847e-02 1.249e-03    1.249e-03      1.105e-04
ENSG00000186715:2(@)Loc12   chr1_16970794_C_T_b38   8.176e-01 1.264e-04    1.264e-04      1.033e-04
ENSG00000159363:1(@)Loc12   chr1_17011965_G_A_b38   6.667e-01 1.810e-04    1.810e-04      1.207e-04
ENSG00000117614:1(@)Loc18   chr1_25442446_A_G_b38   2.857e-04 4.469e-01    4.469e-01      1.277e-04
ENSG00000204178:2(@)Loc18   chr1_25434429_C_T_b38   2.803e-03 2.652e-01    2.652e-01      7.432e-04
ENSG00000204178:2(@)Loc18   chr1_25442446_A_G_b38   1.011e-03 4.469e-01    4.469e-01      4.517e-04
ENSG00000204178:1(@)Loc18   chr1_25427147_C_T_b38   8.258e-03 1.378e-02    1.378e-02      1.138e-04
ENSG00000204178:1(@)Loc18   chr1_25432164_G_A_b38   2.779e-02 3.203e-02    3.203e-02      8.902e-04
ENSG00000204178:1(@)Loc18   chr1_25434800_T_C_b38   1.774e-03 2.326e-01    2.326e-01      4.126e-04
ENSG00000142765:1(@)Loc19   chr1_27342119_C_T_b38   9.999e-01 2.436e-04    2.435e-04      2.435e-04
ENSG00000121766:1(@)Loc20   chr1_31292838_T_C_b38   8.340e-02 2.365e-03    2.365e-03      1.972e-04
ENSG00000121766:1(@)Loc20   chr1_31300649_G_T_b38   1.541e-01 8.725e-04    8.725e-04      1.344e-04
ENSG00000229447:1(@)Loc20   chr1_31244203_C_G_b38   4.981e-02 2.400e-03    2.400e-03      1.195e-04
ENSG00000229447:1(@)Loc20   chr1_31263033_T_C_b38   5.005e-01 1.903e-03    1.903e-03      9.523e-04
ENSG00000121769:3(@)Loc20   chr1_31371818_G_A_b38   4.444e-02 3.693e-03    3.693e-03      1.641e-04
ENSG00000121769:3(@)Loc20   chr1_31373928_C_T_b38   4.521e-01 4.845e-04    4.845e-04      2.191e-04
ENSG00000121769:3(@)Loc20   chr1_31376362_C_G_b38   2.131e-01 1.196e-03    1.196e-03      2.550e-04
ENSG00000121769:3(@)Loc20   chr1_31378708_A_G_b38   8.784e-02 1.188e-03    1.188e-03      1.044e-04
ENSG00000227533:2(@)Loc26   chr1_42959141_C_G_b38   5.287e-01 2.020e-04    2.019e-04      1.068e-04
ENSG00000132855:1(@)Loc39   chr1_62596235_C_T_b38   5.737e-03 1.952e-02    1.952e-02      1.120e-04
ENSG00000235545:1(@)Loc39   chr1_62690372_A_G_b38   1.135e-02 1.079e-02    1.079e-02      1.225e-04
ENSG00000162623:1(@)Loc47   chr1_74734289_T_C_b38   8.316e-01 2.366e-04    2.366e-04      1.968e-04
ENSG00000273487:2(@)Loc56   chr1_92249650_C_T_b38   7.134e-03 5.023e-02    5.023e-02      3.583e-04
ENSG00000203910:1(@)Loc56   chr1_92249650_C_T_b38   1.498e-02 5.023e-02    5.023e-02      7.522e-04
ENSG00000223745:2(@)Loc57   chr1_93339644_T_G_b38   3.693e-01 7.891e-04    7.891e-04      2.914e-04
ENSG00000198890:1(@)Loc66   chr1_107056636_A_T_b38   5.656e-01 9.177e-04    9.177e-04      5.190e-04
ENSG00000198890:1(@)Loc66   chr1_107075085_G_A_b38   6.430e-03 3.680e-02    3.680e-02      2.366e-04
ENSG00000134222:3(@)Loc67   chr1_109274968_G_T_b38   2.616e-04 4.071e-01    4.071e-01      1.065e-04
ENSG00000134222:3(@)Loc67   chr1_109275908_C_T_b38   1.774e-04 5.928e-01    5.928e-01      1.052e-04
ENSG00000184371:1(@)Loc68   chr1_109934644_A_G_b38   2.421e-01 5.433e-04    5.433e-04      1.315e-04
ENSG00000169242:1(@)Loc77   chr1_155133578_A_G_b38   4.898e-01 1.189e-03    1.189e-03      5.823e-04
ENSG00000169242:1(@)Loc77   chr1_155133751_A_T_b38   4.898e-01 1.173e-03    1.173e-03      5.744e-04
ENSG00000163463:1(@)Loc77   chr1_155157915_G_A_b38   3.980e-03 2.587e-02    2.587e-02      1.030e-04
ENSG00000169231:1(@)Loc77   chr1_155208991_T_A_b38   5.408e-01 2.331e-04    2.331e-04      1.261e-04
ENSG00000169231:1(@)Loc77   chr1_155215184_G_A_b38   4.590e-01 2.188e-04    2.188e-04      1.004e-04
ENSG00000198952:1(@)Loc77   chr1_156274030_C_T_b38   7.399e-02 1.371e-03    1.371e-03      1.015e-04
ENSG00000198952:1(@)Loc77   chr1_156276682_G_C_b38   1.119e-01 1.357e-03    1.357e-03      1.519e-04
ENSG00000198952:1(@)Loc77   chr1_156279714_A_G_b38   2.072e-01 9.874e-04    9.874e-04      2.046e-04
ENSG00000242252:1(@)Loc77   chr1_156240066_C_T_b38   1.024e-01 1.005e-03    1.005e-03      1.029e-04
ENSG00000283317:2(@)Loc80   chr1_161440668_A_G_b38   1.960e-01 3.851e-02    3.851e-02      7.546e-03
ENSG00000244682:3(@)Loc80   chr1_161572556_C_T_b38   5.448e-03 2.376e-02    2.376e-02      1.295e-04
ENSG00000225217:2(@)Loc80   chr1_161517662_T_C_b38   3.223e-02 3.109e-03    3.109e-03      1.002e-04
ENSG00000225217:2(@)Loc80   chr1_161522877_G_C_b38   1.970e-02 5.622e-03    5.622e-03      1.107e-04
ENSG00000225217:2(@)Loc80   chr1_161551141_C_T_b38   2.250e-02 1.573e-02    1.573e-02      3.539e-04
ENSG00000225217:2(@)Loc80   chr1_161555823_A_T_b38   3.223e-02 5.187e-03    5.187e-03      1.672e-04
ENSG00000225217:2(@)Loc80   chr1_161555824_C_T_b38   3.223e-02 5.187e-03    5.187e-03      1.672e-04
ENSG00000225217:2(@)Loc80   chr1_161556607_A_G_b38   8.774e-02 5.187e-03    5.187e-03      4.551e-04
ENSG00000225217:2(@)Loc80   chr1_161559200_A_G_b38   3.483e-03 7.139e-02    7.139e-02      2.486e-04
ENSG00000225217:2(@)Loc80   chr1_161562601_A_G_b38   8.774e-02 5.187e-03    5.187e-03      4.551e-04
ENSG00000225217:2(@)Loc80   chr1_161563265_T_G_b38   8.774e-02 5.187e-03    5.187e-03      4.551e-04
ENSG00000225217:2(@)Loc80   chr1_161594316_G_A_b38   5.250e-02 8.073e-03    8.073e-03      4.239e-04
ENSG00000203747:2(@)Loc80   chr1_161551141_C_T_b38   9.025e-03 1.573e-02    1.573e-02      1.419e-04
ENSG00000244682:1(@)Loc80   chr1_161595591_A_G_b38   7.087e-01 2.952e-04    2.952e-04      2.092e-04
ENSG00000225217:1(@)Loc80   chr1_161595591_A_G_b38   9.655e-01 2.952e-04    2.952e-04      2.850e-04
ENSG00000162746:1(@)Loc80   chr1_161726992_G_C_b38   5.549e-01 3.026e-04    3.026e-04      1.679e-04
ENSG00000162746:1(@)Loc80   chr1_161727208_C_G_b38   4.426e-01 2.435e-04    2.435e-04      1.078e-04
ENSG00000143921:1(@)Loc159   chr2_43846742_T_C_b38   1.649e-02 9.658e-01    9.658e-01      1.592e-02
ENSG00000143921:1(@)Loc159   chr2_43847292_C_T_b38   1.725e-02 3.418e-02    3.418e-02      5.898e-04
ENSG00000163586:1(@)Loc187   chr2_88129052_C_T_b38   3.463e-01 6.225e-04    6.225e-04      2.156e-04
ENSG00000135968:1(@)Loc197   chr2_108465012_C_G_b38   1.000e+00 2.001e-04    2.001e-04      2.001e-04
ENSG00000169756:2(@)Loc197   chr2_108534035_G_A_b38   9.277e-02 3.287e-03    3.287e-03      3.050e-04
ENSG00000076003:2(@)Loc212   chr2_135851076_G_A_b38   5.686e-03 1.661e-01    1.661e-01      9.442e-04
ENSG00000082438:1(@)Loc232   chr2_164762653_T_G_b38   1.457e-01 8.665e-04    8.665e-04      1.262e-04
ENSG00000233654:1(@)Loc245   chr2_190534475_G_A_b38   4.020e-01 3.251e-04    3.251e-04      1.307e-04
ENSG00000284052:3(@)Loc245   chr2_190642047_T_C_b38   3.138e-02 3.219e-03    3.219e-03      1.010e-04
ENSG00000138442:1(@)Loc252   chr2_203016111_G_A_b38   5.973e-02 3.880e-03    3.880e-03      2.318e-04
ENSG00000138442:1(@)Loc252   chr2_203016269_T_C_b38   6.928e-02 3.572e-03    3.572e-03      2.475e-04
ENSG00000233579:2(@)Loc252   chr2_202843584_A_G_b38   1.991e-03 4.580e-01    4.579e-01      9.117e-04
ENSG00000115414:2(@)Loc259   chr2_215435759_T_A_b38   7.731e-03 2.100e-02    2.100e-02      1.623e-04
ENSG00000115414:2(@)Loc259   chr2_215439661_T_C_b38   1.142e-03 6.684e-01    6.684e-01      7.633e-04
ENSG00000135902:1(@)Loc268   chr2_232524103_T_G_b38   5.858e-01 2.040e-04    2.040e-04      1.195e-04
ENSG00000164088:1(@)Loc312   chr3_52245578_G_A_b38   9.466e-01 1.184e-03    1.184e-03      1.120e-03
ENSG00000281392:1(@)Loc333   chr3_87089281_G_A_b38   5.982e-01 4.227e-04    4.227e-04      2.529e-04
ENSG00000114529:1(@)Loc345   chr3_112009717_C_G_b38   8.650e-01 2.546e-04    2.546e-04      2.202e-04
ENSG00000176040:1(@)Loc345   chr3_112011640_T_C_b38   4.585e-01 2.190e-04    2.190e-04      1.004e-04
ENSG00000176040:1(@)Loc345   chr3_112011744_G_T_b38   4.585e-01 2.546e-04    2.546e-04      1.167e-04
ENSG00000196981:2(@)Loc352   chr3_122426477_C_T_b38   4.945e-03 4.409e-02    4.409e-02      2.180e-04
ENSG00000272758:1(@)Loc352   chr3_122426477_C_T_b38   8.405e-03 4.409e-02    4.409e-02      3.706e-04
ENSG00000196981:1(@)Loc352   chr3_122416042_T_A_b38   9.130e-01 1.627e-02    1.626e-02      1.485e-02
ENSG00000196981:1(@)Loc352   chr3_122432045_A_G_b38   2.764e-02 4.276e-03    4.276e-03      1.182e-04
ENSG00000196981:1(@)Loc352   chr3_122440051_G_C_b38   2.764e-02 1.255e-02    1.255e-02      3.468e-04
ENSG00000114030:2(@)Loc352   chr3_122515768_C_G_b38   4.352e-02 5.392e-03    5.392e-03      2.347e-04
ENSG00000138246:2(@)Loc358   chr3_132490359_A_G_b38   8.648e-04 3.322e-01    3.322e-01      2.873e-04
ENSG00000138246:2(@)Loc358   chr3_132500710_T_C_b38   4.383e-04 2.690e-01    2.690e-01      1.179e-04
ENSG00000113971:2(@)Loc358   chr3_132490359_A_G_b38   3.596e-04 3.322e-01    3.322e-01      1.195e-04
ENSG00000113971:2(@)Loc358   chr3_132500710_T_C_b38   6.237e-04 2.690e-01    2.690e-01      1.678e-04
ENSG00000175920:1(@)Loc402   chr4_3471339_A_G_b38   6.447e-01 1.235e-03    1.235e-03      7.962e-04
ENSG00000175920:1(@)Loc402   chr4_3476596_T_C_b38   1.037e-01 1.182e-03    1.181e-03      1.226e-04
ENSG00000175920:1(@)Loc402   chr4_3478409_T_C_b38   1.793e-01 1.137e-02    1.137e-02      2.038e-03
ENSG00000175920:1(@)Loc402   chr4_3478900_C_G_b38   7.124e-02 1.643e-03    1.643e-03      1.171e-04
ENSG00000172493:2(@)Loc457   chr4_86977189_AC_A_b38   5.196e-01 6.461e-04    6.461e-04      3.357e-04
ENSG00000138823:1(@)Loc464   chr4_99561463_A_T_b38   1.931e-02 6.297e-03    6.296e-03      1.216e-04
ENSG00000138823:1(@)Loc464   chr4_99561550_C_T_b38   1.931e-02 6.064e-03    6.064e-03      1.171e-04
ENSG00000138823:1(@)Loc464   chr4_99562095_C_T_b38   1.931e-02 6.409e-03    6.408e-03      1.237e-04
ENSG00000138823:1(@)Loc464   chr4_99562490_C_G_b38   1.931e-02 5.804e-03    5.804e-03      1.121e-04
ENSG00000138823:1(@)Loc464   chr4_99563133_T_C_b38   4.145e-02 6.409e-03    6.408e-03      2.656e-04
ENSG00000138823:1(@)Loc464   chr4_99563386_G_A_b38   1.083e-01 4.825e-02    4.825e-02      5.225e-03
ENSG00000138823:1(@)Loc464   chr4_99564098_G_A_b38   1.083e-01 8.253e-03    8.253e-03      8.939e-04
ENSG00000138823:1(@)Loc464   chr4_99565322_C_T_b38   2.359e-02 6.091e-03    6.091e-03      1.437e-04
ENSG00000138823:1(@)Loc464   chr4_99565401_CTAT_C_b38   2.359e-02 6.409e-03    6.408e-03      1.512e-04
ENSG00000138823:1(@)Loc464   chr4_99566106_A_G_b38   2.359e-02 6.409e-03    6.408e-03      1.512e-04
ENSG00000138823:1(@)Loc464   chr4_99566158_G_A_b38   1.801e-02 6.728e-03    6.728e-03      1.212e-04
ENSG00000138823:1(@)Loc464   chr4_99566213_C_T_b38   2.359e-02 6.409e-03    6.408e-03      1.512e-04
ENSG00000138823:1(@)Loc464   chr4_99569531_G_A_b38   9.635e-03 1.043e-02    1.043e-02      1.005e-04
ENSG00000138823:1(@)Loc464   chr4_99578973_C_T_b38   4.420e-03 3.223e-02    3.223e-02      1.425e-04
ENSG00000113716:2(@)Loc608   chr5_150000596_G_C_b38   2.810e-01 4.216e-04    4.216e-04      1.185e-04
ENSG00000164296:1(@)Loc608   chr5_150000596_G_C_b38   6.275e-01 4.216e-04    4.216e-04      2.646e-04
ENSG00000145850:2(@)Loc612   chr5_156960126_G_C_b38   8.316e-04 1.655e-01    1.655e-01      1.376e-04
ENSG00000145850:2(@)Loc612   chr5_156963286_T_C_b38   6.363e-03 8.308e-01    8.308e-01      5.286e-03
ENSG00000113272:1(@)Loc613   chr5_157731406_C_A_b38   4.001e-01 1.387e-03    1.387e-03      5.551e-04
ENSG00000007944:1(@)Loc643   chr6_16108932_A_C_b38   3.638e-02 2.038e-01    2.038e-01      7.414e-03
ENSG00000235570:2(@)Loc652   chr6_28658324_C_G_b38   2.975e-01 5.123e-04    5.123e-04      1.524e-04
ENSG00000214922:1(@)Loc654   chr6_29830363_A_G_b38   9.990e-01 1.177e-04    1.177e-04      1.176e-04
ENSG00000239257:4(@)Loc654   chr6_30096785_A_G_b38   3.149e-01 1.425e-03    1.425e-03      4.487e-04
ENSG00000230795:2(@)Loc654   chr6_29968073_G_A_b38   9.981e-01 1.032e-04    1.032e-04      1.030e-04
ENSG00000270604:1(@)Loc654   chr6_30254114_G_C_b38   8.160e-01 2.078e-04    2.078e-04      1.695e-04
ENSG00000243753:2(@)Loc654   chr6_30259620_C_T_b38   1.609e-02 7.167e-03    7.167e-03      1.153e-04
ENSG00000204525:2(@)Loc655   chr6_31276008_G_T_b38   9.186e-01 2.120e-04    2.120e-04      1.948e-04
ENSG00000228432:2(@)Loc655   chr6_31386405_T_C_b38   3.943e-03 5.119e-02    5.119e-02      2.018e-04
ENSG00000204287:1(@)Loc656   chr6_32444658_G_A_b38   8.548e-03 9.814e-02    9.814e-02      8.389e-04
ENSG00000241106:3(@)Loc657   chr6_32814805_C_T_b38   6.937e-03 1.967e-02    1.967e-02      1.365e-04
ENSG00000241106:3(@)Loc657   chr6_32816843_C_T_b38   3.814e-02 1.587e-02    1.587e-02      6.054e-04
ENSG00000241106:3(@)Loc657   chr6_32821703_A_G_b38   2.235e-02 2.346e-01    2.346e-01      5.244e-03
ENSG00000241106:3(@)Loc657   chr6_32828569_T_C_b38   2.185e-02 1.909e-02    1.909e-02      4.171e-04
ENSG00000241106:3(@)Loc657   chr6_32828908_A_G_b38   2.837e-01 1.376e-01    1.376e-01      3.905e-02
ENSG00000241106:3(@)Loc657   chr6_32828974_T_C_b38   2.185e-02 1.416e-01    1.416e-01      3.093e-03
ENSG00000241106:3(@)Loc657   chr6_32829190_G_A_b38   8.446e-03 2.575e-02    2.575e-02      2.175e-04
ENSG00000241106:3(@)Loc657   chr6_32829584_C_T_b38   4.933e-02 1.951e-01    1.951e-01      9.623e-03
ENSG00000241106:1(@)Loc657   chr6_32819279_C_T_b38   9.996e-01 2.678e-03    2.678e-03      2.677e-03
ENSG00000196114:1(@)Loc658   chr6_34578783_C_T_b38   5.366e-02 2.610e-03    2.610e-03      1.401e-04
ENSG00000124664:1(@)Loc658   chr6_34584959_G_A_b38   1.651e-02 1.325e-02    1.325e-02      2.188e-04
ENSG00000124664:1(@)Loc658   chr6_34585020_G_A_b38   1.565e-01 6.555e-03    6.555e-03      1.026e-03
ENSG00000124664:1(@)Loc658   chr6_34589469_C_T_b38   1.147e-02 1.404e-02    1.404e-02      1.611e-04
ENSG00000124664:1(@)Loc658   chr6_34651116_G_A_b38   4.629e-03 2.224e-02    2.224e-02      1.030e-04
ENSG00000272288:1(@)Loc658   chr6_34695821_C_T_b38   1.598e-01 2.711e-02    2.711e-02      4.332e-03
ENSG00000161912:1(@)Loc662   chr6_41059781_C_T_b38   4.458e-01 2.632e-04    2.632e-04      1.173e-04
ENSG00000161912:1(@)Loc662   chr6_41137356_T_G_b38   5.530e-01 1.843e-04    1.843e-04      1.019e-04
ENSG00000231113:1(@)Loc663   chr6_42947283_G_A_b38   1.849e-01 1.006e-03    1.006e-03      1.861e-04
ENSG00000231113:1(@)Loc663   chr6_42964977_C_T_b38   1.375e-02 7.483e-02    7.483e-02      1.029e-03
ENSG00000124587:1(@)Loc663   chr6_42975360_T_C_b38   1.944e-01 6.304e-04    6.304e-04      1.225e-04
ENSG00000225791:2(@)Loc669   chr6_52578269_G_A_b38   1.620e-01 2.471e-03    2.471e-03      4.003e-04
ENSG00000185250:2(@)Loc703   chr6_109446428_T_TGTGGTCTGGTCAGTGACCTGCCCAGG_b38   2.948e-01 4.995e-04    4.995e-04      1.473e-04
ENSG00000155085:1(@)Loc703   chr6_109690255_T_C_b38   5.133e-01 6.728e-04    6.728e-04      3.454e-04
ENSG00000224079:1(@)Loc744   chr7_1074376_C_T_b38   4.372e-01 9.155e-04    9.155e-04      4.003e-04
ENSG00000224079:1(@)Loc744   chr7_1074387_C_A_b38   4.372e-01 9.155e-04    9.155e-04      4.003e-04
ENSG00000105877:2(@)Loc761   chr7_21567734_T_C_b38   4.962e-04 8.987e-01    8.987e-01      4.459e-04
ENSG00000272950:2(@)Loc802   chr7_98300261_TC_T_b38   4.112e-02 3.482e-03    3.482e-03      1.432e-04
ENSG00000272950:2(@)Loc802   chr7_98320502_C_T_b38   4.058e-01 4.212e-03    4.212e-03      1.709e-03
ENSG00000272950:2(@)Loc802   chr7_98322009_C_T_b38   4.961e-01 4.854e-03    4.854e-03      2.408e-03
ENSG00000278998:1(@)Loc839   chr7_155220419_T_C_b38   8.042e-01 2.947e-04    2.947e-04      2.370e-04
ENSG00000233609:1(@)Loc852   chr8_8964127_A_G_b38   2.842e-01 1.295e-03    1.295e-03      3.681e-04
ENSG00000154582:1(@)Loc895   chr8_73969439_G_A_b38   6.563e-03 3.611e-02    3.611e-02      2.370e-04
ENSG00000156795:2(@)Loc921   chr8_123417155_A_G_b38   8.912e-01 1.513e-04    1.513e-04      1.349e-04
ENSG00000178209:2(@)Loc935   chr8_143948489_G_T_b38   4.631e-04 9.999e-01    9.999e-01      4.631e-04
ENSG00000272842:1(@)Loc950   chr9_19375840_TGGTATCCACTAAAACTA_T_b38   5.251e-01 6.737e-04    6.737e-04      3.538e-04
ENSG00000273226:1(@)Loc950   chr9_19375840_TGGTATCCACTAAAACTA_T_b38   9.158e-01 6.737e-04    6.737e-04      6.170e-04
ENSG00000205143:1(@)Loc961   chr9_34633532_C_T_b38   2.336e-01 5.110e-04    5.110e-04      1.194e-04
ENSG00000205143:1(@)Loc961   chr9_34637693_T_G_b38   2.336e-01 4.345e-04    4.345e-04      1.015e-04
ENSG00000230074:1(@)Loc962   chr9_34669061_C_T_b38   1.336e-01 8.119e-04    8.119e-04      1.084e-04
ENSG00000230074:1(@)Loc962   chr9_34674765_G_A_b38   2.238e-01 2.516e-03    2.516e-03      5.632e-04
ENSG00000230074:1(@)Loc962   chr9_34684033_G_T_b38   2.190e-01 5.753e-04    5.753e-04      1.260e-04
ENSG00000198917:1(@)Loc1001   chr9_128829615_G_C_b38   9.556e-01 1.356e-03    1.356e-03      1.296e-03
ENSG00000136827:1(@)Loc1002   chr9_129811257_G_T_b38   7.989e-01 1.459e-04    1.459e-04      1.166e-04
ENSG00000057608:1(@)Loc1015   chr10_5823294_T_C_b38   1.489e-01 9.636e-04    9.636e-04      1.435e-04
ENSG00000138190:2(@)Loc1068   chr10_92813793_A_G_b38   5.081e-03 4.349e-02    4.349e-02      2.210e-04
ENSG00000095596:1(@)Loc1068   chr10_93024020_C_G_b38   3.786e-03 3.433e-02    3.433e-02      1.300e-04
ENSG00000187553:1(@)Loc1068   chr10_93060062_ACAAGAGTCGTCGGG_A_b38   3.118e-01 6.601e-04    6.601e-04      2.058e-04
ENSG00000187553:1(@)Loc1068   chr10_93063839_G_C_b38   1.422e-01 1.043e-03    1.043e-03      1.484e-04
ENSG00000187553:1(@)Loc1068   chr10_93071756_C_G_b38   6.627e-02 2.799e-03    2.799e-03      1.855e-04
ENSG00000138131:1(@)Loc1071   chr10_98271637_T_C_b38   4.279e-01 3.226e-04    3.226e-04      1.380e-04
ENSG00000119927:1(@)Loc1079   chr10_112150963_A_G_b38   1.157e-03 2.012e-01    2.012e-01      2.327e-04
ENSG00000119927:1(@)Loc1079   chr10_112161596_G_A_b38   5.743e-03 8.369e-02    8.369e-02      4.806e-04
ENSG00000119927:1(@)Loc1079   chr10_112174128_A_G_b38   7.722e-03 2.329e-01    2.329e-01      1.798e-03
ENSG00000119927:1(@)Loc1079   chr10_112180571_T_C_b38   9.122e-03 8.769e-02    8.769e-02      7.999e-04
ENSG00000119927:1(@)Loc1079   chr10_112184513_A_G_b38   5.264e-02 3.940e-01    3.940e-01      2.074e-02
ENSG00000138161:1(@)Loc1086   chr10_122850511_G_A_b38   5.626e-01 1.514e-03    1.514e-03      8.518e-04
ENSG00000179988:2(@)Loc1086   chr10_122953445_A_G_b38   9.820e-02 1.640e-03    1.640e-03      1.611e-04
ENSG00000074319:2(@)Loc1107   chr11_18611437_T_C_b38   1.444e-03 7.889e-02    7.889e-02      1.139e-04
ENSG00000074319:2(@)Loc1107   chr11_18634724_C_T_b38   2.622e-04 9.211e-01    9.211e-01      2.415e-04
ENSG00000180210:2(@)Loc1122   chr11_46723375_G_C_b38   2.789e-01 4.487e-04    4.487e-04      1.251e-04
ENSG00000175213:1(@)Loc1122   chr11_46700671_T_C_b38   3.096e-01 3.511e-04    3.511e-04      1.087e-04
ENSG00000134825:1(@)Loc1128   chr11_61790331_T_C_b38   3.968e-02 3.373e-02    3.373e-02      1.338e-03
ENSG00000134825:1(@)Loc1128   chr11_61802358_C_T_b38   1.030e-02 1.637e-02    1.636e-02      1.686e-04
ENSG00000134825:1(@)Loc1128   chr11_61804006_T_C_b38   5.189e-03 3.634e-02    3.634e-02      1.886e-04
ENSG00000149485:1(@)Loc1128   chr11_61804006_T_C_b38   3.757e-03 3.634e-02    3.634e-02      1.366e-04
ENSG00000134824:1(@)Loc1128   chr11_61830500_A_G_b38   4.338e-03 2.963e-01    2.963e-01      1.285e-03
ENSG00000134824:1(@)Loc1128   chr11_61836038_C_A_b38   4.713e-03 5.663e-02    5.662e-02      2.669e-04
ENSG00000134824:1(@)Loc1128   chr11_61837342_C_A_b38   1.453e-03 2.241e-01    2.241e-01      3.255e-04
ENSG00000134824:1(@)Loc1128   chr11_61842278_C_T_b38   2.041e-03 3.273e-01    3.273e-01      6.680e-04
ENSG00000149485:3(@)Loc1128   chr11_61830500_A_G_b38   3.739e-04 2.963e-01    2.963e-01      1.108e-04
ENSG00000173327:1(@)Loc1130   chr11_65613445_G_A_b38   1.769e-01 1.621e-03    1.621e-03      2.868e-04
ENSG00000173327:1(@)Loc1130   chr11_65622160_A_G_b38   5.307e-01 5.503e-04    5.503e-04      2.921e-04
ENSG00000173327:1(@)Loc1130   chr11_65623014_A_C_b38   1.980e-01 1.238e-03    1.238e-03      2.451e-04
ENSG00000172818:1(@)Loc1130   chr11_65784647_G_A_b38   2.271e-01 5.884e-04    5.884e-04      1.337e-04
ENSG00000172818:1(@)Loc1130   chr11_65784683_C_T_b38   2.271e-01 5.063e-04    5.063e-04      1.150e-04
ENSG00000174165:1(@)Loc1131   chr11_66548041_G_C_b38   1.707e-01 6.483e-04    6.483e-04      1.107e-04
ENSG00000174080:1(@)Loc1131   chr11_66568700_C_A_b38   6.706e-01 7.248e-04    7.248e-04      4.860e-04
ENSG00000118369:1(@)Loc1137   chr11_78212453_G_GT_b38   1.544e-01 2.316e-03    2.316e-03      3.577e-04
ENSG00000118369:1(@)Loc1137   chr11_78214187_C_G_b38   2.953e-01 1.591e-03    1.591e-03      4.699e-04
ENSG00000118369:1(@)Loc1137   chr11_78214527_T_C_b38   2.865e-01 7.054e-04    7.054e-04      2.021e-04
ENSG00000118369:1(@)Loc1137   chr11_78214662_C_G_b38   1.250e-01 4.851e-03    4.851e-03      6.063e-04
ENSG00000151376:1(@)Loc1141   chr11_86672637_G_A_b38   5.037e-01 3.632e-04    3.631e-04      1.829e-04
ENSG00000109917:3(@)Loc1164   chr11_116778201_G_C_b38   9.276e-03 9.837e-01    9.837e-01      9.124e-03
ENSG00000243431:2(@)Loc1165   chr11_118545538_C_T_b38   7.027e-03 6.732e-02    6.732e-02      4.731e-04
ENSG00000243431:2(@)Loc1165   chr11_118554704_G_T_b38   1.469e-02 2.156e-02    2.156e-02      3.166e-04
ENSG00000243431:2(@)Loc1165   chr11_118578655_A_G_b38   8.275e-03 2.227e-02    2.227e-02      1.843e-04
ENSG00000149582:1(@)Loc1165   chr11_118535613_CAGTGTGGA_C_b38   6.855e-01 1.599e-03    1.599e-03      1.096e-03
ENSG00000118096:2(@)Loc1165   chr11_118545216_CT_C_b38   6.251e-02 1.649e-03    1.649e-03      1.031e-04
ENSG00000118096:2(@)Loc1165   chr11_118573229_G_A_b38   2.224e-01 9.511e-04    9.511e-04      2.115e-04
ENSG00000095139:1(@)Loc1165   chr11_118571862_C_A_b38   1.132e-01 1.516e-03    1.516e-03      1.715e-04
ENSG00000095139:1(@)Loc1165   chr11_118574560_T_C_b38   7.103e-02 1.547e-03    1.547e-03      1.099e-04
ENSG00000095139:1(@)Loc1165   chr11_118578655_A_G_b38   3.044e-02 2.227e-02    2.227e-02      6.778e-04
ENSG00000154127:1(@)Loc1168   chr11_122655793_A_C_b38   1.952e-02 6.102e-03    6.102e-03      1.191e-04
ENSG00000154127:1(@)Loc1168   chr11_122655893_C_T_b38   3.026e-02 6.721e-03    6.721e-03      2.034e-04
ENSG00000154127:1(@)Loc1168   chr11_122663796_T_C_b38   2.080e-03 1.101e-01    1.101e-01      2.291e-04
ENSG00000110080:1(@)Loc1171   chr11_126348646_A_G_b38   1.037e-02 8.003e-02    8.003e-02      8.298e-04
ENSG00000110080:1(@)Loc1171   chr11_126358764_T_G_b38   1.257e-02 9.467e-02    9.467e-02      1.190e-03
ENSG00000280832:1(@)Loc1171   chr11_126348646_A_G_b38   1.406e-03 8.003e-02    8.003e-02      1.125e-04
ENSG00000280832:1(@)Loc1171   chr11_126358764_T_G_b38   1.687e-03 9.467e-02    9.467e-02      1.597e-04
ENSG00000013573:1(@)Loc1199   chr12_31073901_T_A_b38   9.412e-01 1.416e-04    1.416e-04      1.333e-04
ENSG00000175548:1(@)Loc1202   chr12_38317017_C_T_b38   1.819e-01 5.646e-04    5.646e-04      1.027e-04
ENSG00000066084:1(@)Loc1209   chr12_50508099_T_C_b38   1.279e-02 9.260e-02    9.260e-02      1.184e-03
ENSG00000139629:1(@)Loc1209   chr12_51362485_T_C_b38   6.739e-01 6.485e-04    6.485e-04      4.370e-04
ENSG00000139323:1(@)Loc1232   chr12_89536849_C_T_b38   4.487e-02 2.753e-03    2.753e-03      1.236e-04
ENSG00000110880:1(@)Loc1244   chr12_108731563_G_A_b38   2.403e-01 5.370e-04    5.370e-04      1.290e-04
ENSG00000110880:1(@)Loc1244   chr12_108731564_C_A_b38   2.403e-01 5.370e-04    5.370e-04      1.290e-04
ENSG00000173064:1(@)Loc1245   chr12_112333259_T_G_b38   6.779e-02 6.334e-03    6.334e-03      4.293e-04
ENSG00000135100:1(@)Loc1252   chr12_120978847_A_C_b38   7.480e-03 5.395e-01    5.395e-01      4.035e-03
ENSG00000135100:1(@)Loc1252   chr12_120979185_A_G_b38   3.792e-03 3.745e-01    3.745e-01      1.420e-03
ENSG00000157895:3(@)Loc1252   chr12_120993422_G_A_b38   2.998e-03 5.457e-02    5.457e-02      1.636e-04
ENSG00000250091:1(@)Loc1253   chr12_123920171_T_C_b38   2.789e-02 4.326e-03    4.325e-03      1.206e-04
ENSG00000250091:1(@)Loc1253   chr12_123932791_T_C_b38   1.175e-01 9.092e-04    9.092e-04      1.069e-04
ENSG00000250091:1(@)Loc1253   chr12_123934515_A_C_b38   1.108e-01 1.262e-03    1.262e-03      1.399e-04
ENSG00000250091:1(@)Loc1253   chr12_123935181_C_T_b38   4.324e-02 1.912e-02    1.912e-02      8.269e-04
ENSG00000250091:1(@)Loc1253   chr12_123935529_C_CAGGA_b38   2.277e-01 9.092e-04    9.092e-04      2.070e-04
ENSG00000102781:1(@)Loc1269   chr13_30307436_T_C_b38   8.191e-01 2.651e-04    2.651e-04      2.172e-04
ENSG00000205978:1(@)Loc1325   chr14_24403003_T_C_b38   2.898e-01 8.032e-02    8.032e-02      2.328e-02
ENSG00000205978:1(@)Loc1325   chr14_24404820_T_C_b38   3.477e-02 5.673e-03    5.673e-03      1.973e-04
ENSG00000205978:1(@)Loc1325   chr14_24404987_G_T_b38   5.423e-02 5.008e-03    5.008e-03      2.716e-04
ENSG00000205978:1(@)Loc1325   chr14_24407031_C_T_b38   1.794e-01 2.452e-03    2.452e-03      4.401e-04
ENSG00000205978:1(@)Loc1325   chr14_24412780_T_C_b38   1.093e-01 3.254e-03    3.254e-03      3.555e-04
ENSG00000205978:1(@)Loc1325   chr14_24414681_G_A_b38   1.267e-01 9.030e-01    9.030e-01      1.144e-01
ENSG00000213463:2(@)Loc1354   chr14_70387954_C_T_b38   3.747e-03 2.671e-02    2.671e-02      1.001e-04
ENSG00000258951:1(@)Loc1354   chr14_70625539_G_A_b38   1.479e-01 1.154e-02    1.154e-02      1.706e-03
ENSG00000258951:1(@)Loc1354   chr14_70629627_G_T_b38   1.448e-02 2.583e-01    2.583e-01      3.740e-03
ENSG00000119599:1(@)Loc1356   chr14_72926683_G_A_b38   9.993e-01 1.007e-04    1.007e-04      1.006e-04
ENSG00000133943:1(@)Loc1368   chr14_91203585_T_C_b38   6.151e-01 2.487e-04    2.487e-04      1.530e-04
ENSG00000258666:1(@)Loc1374   chr14_100337027_A_G_b38   5.881e-02 2.782e-03    2.782e-03      1.636e-04
ENSG00000258666:1(@)Loc1374   chr14_100337318_C_A_b38   5.881e-02 2.173e-03    2.173e-03      1.278e-04
ENSG00000258666:1(@)Loc1374   chr14_100354199_A_G_b38   3.271e-01 3.039e-03    3.039e-03      9.939e-04
ENSG00000176473:1(@)Loc1374   chr14_100346166_GAAAT_G_b38   2.571e-01 1.094e-03    1.093e-03      2.811e-04
ENSG00000176473:1(@)Loc1374   chr14_100346170_T_TCCC_b38   2.571e-01 1.094e-03    1.093e-03      2.811e-04
ENSG00000176473:1(@)Loc1374   chr14_100359333_C_T_b38   1.630e-01 1.123e-03    1.123e-03      1.830e-04
ENSG00000140105:2(@)Loc1374   chr14_100376441_T_C_b38   9.847e-02 1.118e-03    1.118e-03      1.101e-04
ENSG00000140105:2(@)Loc1374   chr14_100377141_G_A_b38   2.058e-01 6.643e-04    6.643e-04      1.367e-04
ENSG00000140105:2(@)Loc1374   chr14_100377178_C_G_b38   2.058e-01 6.643e-04    6.643e-04      1.367e-04
ENSG00000140105:1(@)Loc1374   chr14_100337027_A_G_b38   4.373e-02 2.782e-03    2.782e-03      1.217e-04
ENSG00000140105:1(@)Loc1374   chr14_100359923_G_C_b38   6.314e-02 2.478e-03    2.478e-03      1.565e-04
ENSG00000140105:1(@)Loc1374   chr14_100374259_G_C_b38   2.089e-01 2.045e-03    2.045e-03      4.272e-04
ENSG00000140463:1(@)Loc1412   chr15_72686190_C_A_b38   9.999e-01 1.036e-04    1.036e-04      1.036e-04
ENSG00000103653:1(@)Loc1413   chr15_74770056_C_T_b38   3.931e-02 2.636e-03    2.636e-03      1.036e-04
ENSG00000103653:1(@)Loc1413   chr15_74785026_C_A_b38   7.041e-02 2.451e-03    2.451e-03      1.726e-04
ENSG00000103653:1(@)Loc1413   chr15_74787809_C_A_b38   5.324e-02 2.902e-03    2.902e-03      1.545e-04
ENSG00000103653:1(@)Loc1413   chr15_74791153_C_A_b38   5.324e-02 2.526e-03    2.526e-03      1.345e-04
ENSG00000140497:1(@)Loc1413   chr15_74942269_T_C_b38   2.379e-01 5.062e-04    5.062e-04      1.204e-04
ENSG00000188897:3(@)Loc1440   chr16_11587186_C_G_b38   9.859e-01 2.916e-04    2.916e-04      2.875e-04
ENSG00000189067:1(@)Loc1440   chr16_11587186_C_G_b38   9.996e-01 2.916e-04    2.916e-04      2.915e-04
ENSG00000183426:1(@)Loc1443   chr16_15036083_C_T_b38   1.000e+00 1.656e-04    1.656e-04      1.656e-04
ENSG00000183793:1(@)Loc1443   chr16_15036083_C_T_b38   9.995e-01 1.656e-04    1.656e-04      1.655e-04
ENSG00000103507:1(@)Loc1452   chr16_31106068_T_C_b38   6.333e-02 3.065e-03    3.065e-03      1.941e-04
ENSG00000103507:1(@)Loc1452   chr16_31106092_C_T_b38   3.075e-01 4.297e-03    4.297e-03      1.321e-03
ENSG00000103507:1(@)Loc1452   chr16_31106703_C_A_b38   7.219e-02 3.541e-03    3.541e-03      2.556e-04
ENSG00000103507:1(@)Loc1452   chr16_31113086_A_G_b38   1.935e-02 1.549e-02    1.549e-02      2.997e-04
ENSG00000103507:1(@)Loc1452   chr16_31118574_A_G_b38   1.596e-02 1.114e-02    1.114e-02      1.778e-04
ENSG00000103507:1(@)Loc1452   chr16_31126391_C_T_b38   1.794e-02 9.600e-03    9.600e-03      1.722e-04
ENSG00000262766:1(@)Loc1452   chr16_31101489_A_C_b38   1.016e-01 1.334e-03    1.334e-03      1.355e-04
ENSG00000262766:1(@)Loc1452   chr16_31113086_A_G_b38   6.632e-03 1.549e-02    1.549e-02      1.028e-04
ENSG00000262766:1(@)Loc1452   chr16_31114455_T_C_b38   3.933e-02 3.352e-03    3.352e-03      1.318e-04
ENSG00000262766:1(@)Loc1452   chr16_31116767_AAT_A_b38   5.169e-02 3.065e-03    3.065e-03      1.585e-04
ENSG00000262766:1(@)Loc1452   chr16_31118574_A_G_b38   1.486e-01 1.114e-02    1.114e-02      1.656e-03
ENSG00000262766:1(@)Loc1452   chr16_31119800_C_T_b38   6.285e-02 3.065e-03    3.065e-03      1.926e-04
ENSG00000262766:1(@)Loc1452   chr16_31120293_A_G_b38   1.293e-01 7.036e-03    7.036e-03      9.099e-04
ENSG00000262766:1(@)Loc1452   chr16_31126391_C_T_b38   4.684e-02 9.600e-03    9.600e-03      4.496e-04
ENSG00000262766:1(@)Loc1452   chr16_31130672_C_T_b38   6.580e-02 7.702e-03    7.702e-03      5.068e-04
ENSG00000262766:1(@)Loc1452   chr16_31136227_G_A_b38   1.320e-02 8.072e-03    8.072e-03      1.065e-04
ENSG00000052344:2(@)Loc1452   chr16_31136227_G_A_b38   2.532e-02 8.072e-03    8.072e-03      2.044e-04
ENSG00000103510:1(@)Loc1452   chr16_31120293_A_G_b38   6.970e-01 7.036e-03    7.036e-03      4.904e-03
ENSG00000103510:1(@)Loc1452   chr16_31136227_G_A_b38   1.887e-02 8.072e-03    8.072e-03      1.523e-04
ENSG00000103510:1(@)Loc1452   chr16_31137821_A_G_b38   2.654e-01 2.257e-03    2.257e-03      5.989e-04
ENSG00000261701:1(@)Loc1466   chr16_72074194_G_A_b38   1.940e-01 1.000e+00    1.000e+00      1.940e-01
ENSG00000140830:1(@)Loc1466   chr16_72074194_G_A_b38   2.027e-01 1.000e+00    1.000e+00      2.027e-01
ENSG00000091640:1(@)Loc1487   chr17_4967598_G_A_b38   4.868e-01 3.227e-04    3.226e-04      1.571e-04
ENSG00000091640:1(@)Loc1487   chr17_4968223_T_C_b38   4.868e-01 2.673e-04    2.673e-04      1.301e-04
ENSG00000238917:1(@)Loc1489   chr17_8215427_T_C_b38   9.275e-03 1.732e-02    1.732e-02      1.606e-04
ENSG00000178977:1(@)Loc1489   chr17_8215427_T_C_b38   2.256e-02 1.732e-02    1.732e-02      3.907e-04
ENSG00000178977:1(@)Loc1489   chr17_8222223_A_G_b38   3.329e-02 1.010e-01    1.010e-01      3.360e-03
ENSG00000178977:1(@)Loc1489   chr17_8225842_A_G_b38   4.915e-02 1.650e-01    1.650e-01      8.110e-03
ENSG00000178977:1(@)Loc1489   chr17_8246469_C_T_b38   1.116e-02 1.323e-02    1.323e-02      1.476e-04
ENSG00000178977:1(@)Loc1489   chr17_8257284_T_C_b38   2.388e-03 9.345e-02    9.345e-02      2.231e-04
ENSG00000178977:1(@)Loc1489   chr17_8257831_C_T_b38   3.735e-03 2.908e-01    2.908e-01      1.086e-03
ENSG00000125434:2(@)Loc1489   chr17_8295368_C_T_b38   4.073e-01 2.933e-04    2.933e-04      1.195e-04
ENSG00000167525:1(@)Loc1499   chr17_28711515_G_A_b38   3.634e-01 1.012e-03    1.012e-03      3.680e-04
ENSG00000167536:1(@)Loc1499   chr17_28897781_T_C_b38   5.443e-01 4.084e-04    4.084e-04      2.223e-04
ENSG00000167536:1(@)Loc1499   chr17_28917455_G_A_b38   1.285e-01 8.876e-04    8.876e-04      1.141e-04
ENSG00000167536:1(@)Loc1499   chr17_28925971_C_T_b38   1.864e-01 8.731e-04    8.731e-04      1.628e-04
ENSG00000176390:2(@)Loc1500   chr17_30799933_G_A_b38   2.844e-01 5.112e-04    5.112e-04      1.454e-04
ENSG00000263293:2(@)Loc1509   chr17_47314438_T_C_b38   1.142e-03 4.905e-01    4.905e-01      5.603e-04
ENSG00000276790:1(@)Loc1509   chr17_47314438_T_C_b38   1.255e-02 4.905e-01    4.905e-01      6.156e-03
ENSG00000141295:1(@)Loc1510   chr17_47818205_T_A_b38   2.540e-01 4.578e-04    4.578e-04      1.163e-04
ENSG00000141295:1(@)Loc1510   chr17_47838029_T_C_b38   6.243e-01 7.816e-04    7.816e-04      4.880e-04
ENSG00000141294:2(@)Loc1510   chr17_47834936_C_T_b38   9.994e-01 1.275e-04    1.275e-04      1.275e-04
ENSG00000154845:2(@)Loc1536   chr18_9615853_C_T_b38   5.491e-01 1.920e-04    1.920e-04      1.054e-04
ENSG00000177576:1(@)Loc1556   chr18_49480864_G_A_b38   6.128e-02 1.172e-02    1.172e-02      7.183e-04
ENSG00000172009:2(@)Loc1580   chr19_2814183_C_T_b38   1.944e-02 2.108e-02    2.108e-02      4.098e-04
ENSG00000172006:1(@)Loc1580   chr19_2820107_G_A_b38   9.998e-01 1.284e-04    1.284e-04      1.284e-04
ENSG00000269763:2(@)Loc1584   chr19_7790007_A_G_b38   7.698e-02 1.739e-03    1.738e-03      1.338e-04
ENSG00000269763:2(@)Loc1584   chr19_7790573_A_C_b38   7.698e-02 1.739e-03    1.738e-03      1.338e-04
ENSG00000269763:2(@)Loc1584   chr19_7790577_C_G_b38   7.698e-02 1.739e-03    1.738e-03      1.338e-04
ENSG00000269763:2(@)Loc1584   chr19_7790610_C_G_b38   7.698e-02 1.739e-03    1.738e-03      1.338e-04
ENSG00000269763:2(@)Loc1584   chr19_7790619_C_G_b38   7.698e-02 1.739e-03    1.738e-03      1.338e-04
ENSG00000269763:2(@)Loc1584   chr19_7790931_T_G_b38   7.698e-02 1.739e-03    1.738e-03      1.338e-04
ENSG00000269763:2(@)Loc1584   chr19_7791047_T_TG_b38   7.698e-02 2.041e-03    2.040e-03      1.571e-04
ENSG00000269763:2(@)Loc1584   chr19_7791048_T_TATG_b38   6.336e-02 1.915e-03    1.915e-03      1.214e-04
ENSG00000269763:2(@)Loc1584   chr19_7791072_T_G_b38   7.698e-02 1.880e-03    1.880e-03      1.447e-04
ENSG00000269763:2(@)Loc1584   chr19_7791394_C_T_b38   7.698e-02 1.739e-03    1.738e-03      1.338e-04
ENSG00000269763:2(@)Loc1584   chr19_7791437_C_T_b38   7.698e-02 1.739e-03    1.738e-03      1.338e-04
ENSG00000269763:2(@)Loc1584   chr19_7791675_T_C_b38   7.698e-02 1.717e-03    1.717e-03      1.321e-04
ENSG00000268297:1(@)Loc1584   chr19_7790007_A_G_b38   1.364e-01 1.739e-03    1.738e-03      2.371e-04
ENSG00000268297:1(@)Loc1584   chr19_7790573_A_C_b38   7.724e-02 1.739e-03    1.738e-03      1.343e-04
ENSG00000268297:1(@)Loc1584   chr19_7790577_C_G_b38   7.724e-02 1.739e-03    1.738e-03      1.343e-04
ENSG00000268297:1(@)Loc1584   chr19_7790610_C_G_b38   7.724e-02 1.739e-03    1.738e-03      1.343e-04
ENSG00000268297:1(@)Loc1584   chr19_7790619_C_G_b38   7.724e-02 1.739e-03    1.738e-03      1.343e-04
ENSG00000268297:1(@)Loc1584   chr19_7790931_T_G_b38   7.724e-02 1.739e-03    1.738e-03      1.343e-04
ENSG00000268297:1(@)Loc1584   chr19_7791047_T_TG_b38   7.724e-02 2.041e-03    2.040e-03      1.576e-04
ENSG00000268297:1(@)Loc1584   chr19_7791048_T_TATG_b38   6.549e-02 1.915e-03    1.915e-03      1.254e-04
ENSG00000268297:1(@)Loc1584   chr19_7791072_T_G_b38   7.724e-02 1.880e-03    1.880e-03      1.452e-04
ENSG00000268297:1(@)Loc1584   chr19_7791394_C_T_b38   7.724e-02 1.739e-03    1.738e-03      1.343e-04
ENSG00000268297:1(@)Loc1584   chr19_7791437_C_T_b38   7.724e-02 1.739e-03    1.738e-03      1.343e-04
ENSG00000268297:1(@)Loc1584   chr19_7791675_T_C_b38   7.724e-02 1.717e-03    1.717e-03      1.326e-04
ENSG00000130164:2(@)Loc1586   chr19_11091630_G_T_b38   3.604e-03 1.000e+00    1.000e+00      3.604e-03
ENSG00000130518:1(@)Loc1591   chr19_18274140_T_G_b38   3.025e-01 1.124e-03    1.124e-03      3.400e-04
ENSG00000129933:2(@)Loc1592   chr19_19296909_T_C_b38   1.532e-03 1.000e+00    1.000e+00      1.532e-03
ENSG00000130204:1(@)Loc1608   chr19_44886339_G_A_b38   2.226e-02 3.333e-01    3.333e-01      7.419e-03
ENSG00000130208:2(@)Loc1608   chr19_44908822_C_T_b38   6.548e-04 3.333e-01    3.333e-01      2.183e-04
ENSG00000130208:2(@)Loc1608   chr19_44912383_G_A_b38   1.574e-03 3.333e-01    3.333e-01      5.248e-04
ENSG00000142233:1(@)Loc1610   chr19_48702915_C_T_b38   6.463e-02 4.176e-01    4.176e-01      2.699e-02
ENSG00000142233:1(@)Loc1610   chr19_48703160_A_G_b38   6.463e-02 5.764e-01    5.764e-01      3.725e-02
ENSG00000234646:1(@)Loc1632   chr20_23036445_T_C_b38   1.922e-01 5.280e-04    5.280e-04      1.015e-04
ENSG00000197586:1(@)Loc1634   chr20_25222256_G_A_b38   5.205e-01 3.849e-04    3.849e-04      2.003e-04
ENSG00000197586:1(@)Loc1634   chr20_25226438_T_C_b38   4.003e-01 4.668e-04    4.668e-04      1.868e-04
ENSG00000274414:1(@)Loc1634   chr20_25245691_C_T_b38   2.077e-01 7.183e-04    7.183e-04      1.492e-04
ENSG00000126001:1(@)Loc1637   chr20_35458678_G_A_b38   3.591e-03 9.136e-02    9.135e-02      3.280e-04
ENSG00000125991:1(@)Loc1637   chr20_35540122_G_A_b38   7.012e-02 2.297e-02    2.297e-02      1.611e-03
ENSG00000125991:1(@)Loc1637   chr20_35543647_C_T_b38   8.172e-02 1.643e-03    1.643e-03      1.342e-04
ENSG00000125991:1(@)Loc1637   chr20_35545279_C_T_b38   7.735e-02 1.643e-03    1.643e-03      1.271e-04
ENSG00000125991:1(@)Loc1637   chr20_35545566_TCAA_T_b38   7.735e-02 1.643e-03    1.643e-03      1.271e-04
ENSG00000125991:1(@)Loc1637   chr20_35564866_C_T_b38   1.406e-02 2.579e-02    2.579e-02      3.626e-04
ENSG00000224497:1(@)Loc1637   chr20_35543647_C_T_b38   5.730e-01 1.643e-03    1.643e-03      9.414e-04
ENSG00000224497:1(@)Loc1637   chr20_35545279_C_T_b38   6.503e-02 1.643e-03    1.643e-03      1.068e-04
ENSG00000224497:1(@)Loc1637   chr20_35545566_TCAA_T_b38   6.503e-02 1.643e-03    1.643e-03      1.068e-04
ENSG00000224497:1(@)Loc1637   chr20_35570657_G_A_b38   2.343e-01 1.355e-03    1.354e-03      3.173e-04
ENSG00000244462:1(@)Loc1637   chr20_35655095_C_T_b38   1.006e-01 1.261e-02    1.261e-02      1.269e-03
ENSG00000214078:2(@)Loc1637   chr20_35655095_C_T_b38   1.919e-02 1.261e-02    1.261e-02      2.420e-04
ENSG00000274501:1(@)Loc1654   chr20_63731211_G_T_b38   3.958e-01 7.235e-04    7.235e-04      2.864e-04
ENSG00000125510:1(@)Loc1654   chr20_64080106_C_T_b38   6.660e-01 6.105e-04    6.105e-04      4.066e-04
ENSG00000125510:1(@)Loc1654   chr20_64080700_T_C_b38   3.181e-01 1.450e-03    1.450e-03      4.613e-04
ENSG00000171700:1(@)Loc1654   chr20_64080106_C_T_b38   9.794e-01 6.105e-04    6.105e-04      5.980e-04
ENSG00000183255:2(@)Loc1677   chr21_44851537_C_T_b38   7.575e-01 1.127e-03    1.127e-03      8.534e-04
ENSG00000160285:1(@)Loc1678   chr21_46194529_A_G_b38   4.996e-01 2.489e-04    2.489e-04      1.244e-04
ENSG00000160285:1(@)Loc1678   chr21_46197575_T_G_b38   4.996e-01 2.252e-04    2.252e-04      1.125e-04
ENSG00000182362:1(@)Loc1678   chr21_46288340_T_C_b38   9.043e-01 9.477e-04    9.477e-04      8.570e-04
ENSG00000133519:1(@)Loc1684   chr22_23404165_G_A_b38   5.259e-01 4.577e-04    4.577e-04      2.407e-04
ENSG00000100281:1(@)Loc1692   chr22_35257480_C_T_b38   3.118e-02 3.242e-03    3.242e-03      1.011e-04
ENSG00000100281:1(@)Loc1692   chr22_35258642_C_T_b38   3.581e-02 4.232e-03    4.232e-03      1.515e-04
ENSG00000100281:1(@)Loc1692   chr22_35259557_TA_T_b38   3.581e-02 4.232e-03    4.232e-03      1.515e-04
ENSG00000100281:1(@)Loc1692   chr22_35307135_T_C_b38   3.367e-03 3.823e-02    3.823e-02      1.287e-04
ENSG00000100284:1(@)Loc1692   chr22_35298302_A_G_b38   3.563e-02 3.522e-03    3.522e-03      1.255e-04
ENSG00000100284:1(@)Loc1692   chr22_35298900_C_A_b38   9.187e-02 3.366e-03    3.366e-03      3.092e-04
ENSG00000100284:1(@)Loc1692   chr22_35299680_GC_G_b38   9.187e-02 4.168e-03    4.168e-03      3.829e-04
ENSG00000100284:1(@)Loc1692   chr22_35299809_G_A_b38   4.002e-02 4.637e-03    4.637e-03      1.856e-04
ENSG00000100284:1(@)Loc1692   chr22_35307135_T_C_b38   9.247e-03 3.823e-02    3.823e-02      3.535e-04
ENSG00000100284:1(@)Loc1692   chr22_35315105_A_G_b38   8.253e-03 2.372e-02    2.372e-02      1.958e-04
ENSG00000272834:2(@)Loc1695   chr22_40414438_T_C_b38   2.940e-01 4.916e-04    4.916e-04      1.445e-04
