Signal	SNP	PIP_qtl	PIP_gwas_marginal	PIP_gwas_qtl_prior	SCP
ENSG00000162585:2(@)Loc2   chr1_2189679_C_T_b38   6.462e-01 3.918e-04    3.918e-04      2.532e-04
ENSG00000182873:1(@)Loc2   chr1_2189679_C_T_b38   9.933e-01 3.918e-04    3.918e-04      3.892e-04
ENSG00000132881:1(@)Loc11   chr1_16237140_A_G_b38   9.118e-01 1.147e-04    1.147e-04      1.046e-04
ENSG00000204178:1(@)Loc18   chr1_25432164_G_A_b38   5.336e-03 3.203e-02    3.203e-02      1.709e-04
ENSG00000204178:1(@)Loc18   chr1_25434429_C_T_b38   6.014e-03 2.652e-01    2.652e-01      1.595e-03
ENSG00000204178:1(@)Loc18   chr1_25434800_T_C_b38   3.629e-03 2.326e-01    2.326e-01      8.439e-04
ENSG00000204178:1(@)Loc18   chr1_25442446_A_G_b38   1.633e-03 4.469e-01    4.469e-01      7.297e-04
ENSG00000188672:1(@)Loc18   chr1_25434800_T_C_b38   1.543e-03 2.326e-01    2.326e-01      3.588e-04
ENSG00000188672:2(@)Loc18   chr1_25434429_C_T_b38   1.675e-03 2.652e-01    2.652e-01      4.443e-04
ENSG00000188672:2(@)Loc18   chr1_25442446_A_G_b38   4.048e-04 4.469e-01    4.469e-01      1.809e-04
ENSG00000121766:3(@)Loc20   chr1_31292838_T_C_b38   5.606e-02 2.365e-03    2.365e-03      1.326e-04
ENSG00000227533:1(@)Loc26   chr1_42959141_C_G_b38   6.632e-01 2.020e-04    2.020e-04      1.339e-04
ENSG00000116641:2(@)Loc39   chr1_62679768_G_A_b38   4.791e-03 2.400e-02    2.400e-02      1.150e-04
ENSG00000116641:2(@)Loc39   chr1_62690372_A_G_b38   1.976e-02 1.079e-02    1.079e-02      2.132e-04
ENSG00000122484:1(@)Loc56   chr1_92249650_C_T_b38   4.432e-03 5.023e-02    5.023e-02      2.226e-04
ENSG00000067208:1(@)Loc56   chr1_92527990_A_C_b38   3.822e-03 3.886e-01    3.886e-01      1.485e-03
ENSG00000067208:1(@)Loc56   chr1_92528250_C_T_b38   3.822e-03 3.131e-01    3.131e-01      1.197e-03
ENSG00000067208:1(@)Loc56   chr1_92568466_G_T_b38   2.678e-02 2.184e-01    2.184e-01      5.847e-03
ENSG00000198890:1(@)Loc66   chr1_107056636_A_T_b38   6.551e-01 9.177e-04    9.177e-04      6.012e-04
ENSG00000198890:1(@)Loc66   chr1_107075085_G_A_b38   7.827e-03 3.680e-02    3.680e-02      2.880e-04
ENSG00000134222:2(@)Loc67   chr1_109274968_G_T_b38   1.931e-01 4.071e-01    4.071e-01      7.862e-02
ENSG00000134222:2(@)Loc67   chr1_109275908_C_T_b38   9.211e-02 5.928e-01    5.928e-01      5.460e-02
ENSG00000143412:2(@)Loc74   chr1_150986360_A_G_b38   9.822e-04 9.701e-01    9.701e-01      9.528e-04
ENSG00000236675:2(@)Loc77   chr1_155157915_G_A_b38   9.958e-03 2.587e-02    2.588e-02      2.577e-04
ENSG00000169231:1(@)Loc77   chr1_155208991_T_A_b38   9.622e-01 2.331e-04    2.331e-04      2.243e-04
ENSG00000143622:1(@)Loc77   chr1_155911161_G_A_b38   9.700e-01 1.509e-04    1.509e-04      1.463e-04
ENSG00000242252:2(@)Loc77   chr1_156240631_G_A_b38   2.876e-01 1.413e-03    1.413e-03      4.064e-04
ENSG00000242252:2(@)Loc77   chr1_156246108_G_A_b38   8.646e-02 1.241e-03    1.242e-03      1.073e-04
ENSG00000242252:1(@)Loc77   chr1_156240066_C_T_b38   3.010e-01 1.005e-03    1.005e-03      3.026e-04
ENSG00000198952:1(@)Loc77   chr1_156274030_C_T_b38   6.045e-01 1.371e-03    1.371e-03      8.289e-04
ENSG00000198952:1(@)Loc77   chr1_156279714_A_G_b38   1.137e-01 9.874e-04    9.874e-04      1.123e-04
ENSG00000283317:3(@)Loc80   chr1_161440668_A_G_b38   1.003e-02 3.851e-02    3.851e-02      3.864e-04
ENSG00000143226:1(@)Loc80   chr1_161505171_G_T_b38   1.243e-01 2.359e-03    2.359e-03      2.933e-04
ENSG00000143226:1(@)Loc80   chr1_161505960_G_A_b38   4.073e-02 2.890e-03    2.890e-03      1.177e-04
ENSG00000143226:1(@)Loc80   chr1_161506415_A_G_b38   5.129e-02 2.180e-03    2.180e-03      1.118e-04
ENSG00000244682:4(@)Loc80   chr1_161572556_C_T_b38   8.056e-03 2.376e-02    2.377e-02      1.915e-04
ENSG00000072694:1(@)Loc80   chr1_161594882_T_C_b38   9.433e-01 1.115e-04    1.115e-04      1.052e-04
ENSG00000244682:1(@)Loc80   chr1_161595591_A_G_b38   1.000e+00 2.952e-04    2.952e-04      2.952e-04
ENSG00000225217:1(@)Loc80   chr1_161595591_A_G_b38   9.991e-01 2.952e-04    2.952e-04      2.949e-04
ENSG00000261060:1(@)Loc90   chr1_179582809_C_T_b38   3.796e-02 3.209e-03    3.209e-03      1.218e-04
ENSG00000150938:1(@)Loc155   chr2_36541732_G_A_b38   1.780e-02 7.709e-03    7.709e-03      1.372e-04
ENSG00000150938:1(@)Loc155   chr2_36546117_G_A_b38   2.624e-02 6.327e-03    6.327e-03      1.660e-04
ENSG00000150938:1(@)Loc155   chr2_36546725_C_T_b38   2.359e-02 5.872e-03    5.872e-03      1.385e-04
ENSG00000150938:1(@)Loc155   chr2_36548906_GT_G_b38   3.316e-01 5.092e-03    5.092e-03      1.689e-03
ENSG00000150938:1(@)Loc155   chr2_36551229_G_A_b38   2.235e-02 6.781e-03    6.782e-03      1.516e-04
ENSG00000150938:1(@)Loc155   chr2_36555244_G_A_b38   2.220e-01 1.581e-03    1.581e-03      3.509e-04
ENSG00000143924:2(@)Loc158   chr2_42171778_C_A_b38   7.079e-02 8.883e-03    8.884e-03      6.288e-04
ENSG00000281920:1(@)Loc174   chr2_65621223_C_T_b38   2.572e-01 7.230e-04    7.230e-04      1.860e-04
ENSG00000281920:1(@)Loc174   chr2_65624002_C_T_b38   2.888e-01 7.230e-04    7.230e-04      2.088e-04
ENSG00000281920:1(@)Loc174   chr2_65628246_C_A_b38   1.006e-01 1.964e-03    1.964e-03      1.976e-04
ENSG00000163586:1(@)Loc187   chr2_88129052_C_T_b38   5.443e-01 6.225e-04    6.225e-04      3.388e-04
ENSG00000125629:3(@)Loc201   chr2_118058382_A_G_b38   6.023e-04 2.185e-01    2.185e-01      1.316e-04
ENSG00000125629:3(@)Loc201   chr2_118078265_G_A_b38   1.122e-03 5.685e-01    5.685e-01      6.380e-04
ENSG00000224331:1(@)Loc232   chr2_164656581_T_C_b38   4.098e-04 3.321e-01    3.321e-01      1.361e-04
ENSG00000224331:1(@)Loc232   chr2_164672114_G_T_b38   1.439e-03 1.487e-01    1.487e-01      2.140e-04
ENSG00000224331:1(@)Loc232   chr2_164672366_C_T_b38   1.493e-03 1.399e-01    1.399e-01      2.088e-04
ENSG00000224331:1(@)Loc232   chr2_164683151_T_C_b38   4.555e-03 2.645e-02    2.645e-02      1.205e-04
ENSG00000138386:1(@)Loc245   chr2_190642047_T_C_b38   2.244e-01 3.219e-03    3.220e-03      7.225e-04
ENSG00000144426:1(@)Loc252   chr2_203016111_G_A_b38   6.111e-02 3.880e-03    3.881e-03      2.371e-04
ENSG00000144426:1(@)Loc252   chr2_203016269_T_C_b38   6.111e-02 3.572e-03    3.573e-03      2.183e-04
ENSG00000163596:1(@)Loc252   chr2_202869642_A_T_b38   3.738e-02 1.009e-02    1.009e-02      3.772e-04
ENSG00000115414:2(@)Loc259   chr2_215435759_T_A_b38   1.206e-02 2.100e-02    2.100e-02      2.531e-04
ENSG00000115414:2(@)Loc259   chr2_215439661_T_C_b38   1.345e-03 6.684e-01    6.684e-01      8.993e-04
ENSG00000144635:1(@)Loc300   chr3_32491518_C_T_b38   1.727e-04 8.494e-01    8.494e-01      1.467e-04
ENSG00000239557:1(@)Loc312   chr3_52373025_C_T_b38   8.609e-01 1.047e-03    1.047e-03      9.016e-04
ENSG00000164088:1(@)Loc312   chr3_52245578_G_A_b38   9.996e-01 1.184e-03    1.184e-03      1.183e-03
ENSG00000114904:1(@)Loc312   chr3_52771077_A_G_b38   3.921e-01 1.336e-03    1.336e-03      5.241e-04
ENSG00000163684:2(@)Loc316   chr3_58308140_G_A_b38   2.560e-03 1.853e-01    1.853e-01      4.742e-04
ENSG00000281392:1(@)Loc333   chr3_87089281_G_A_b38   6.021e-01 4.227e-04    4.227e-04      2.545e-04
ENSG00000160124:1(@)Loc352   chr3_122381494_A_G_b38   6.250e-02 1.798e-03    1.798e-03      1.124e-04
ENSG00000160124:1(@)Loc352   chr3_122385275_A_G_b38   1.008e-01 4.533e-03    4.534e-03      4.571e-04
ENSG00000160124:1(@)Loc352   chr3_122387538_G_A_b38   1.672e-01 5.759e-03    5.759e-03      9.630e-04
ENSG00000160124:1(@)Loc352   chr3_122392714_A_G_b38   1.042e-01 4.622e-03    4.622e-03      4.815e-04
ENSG00000160124:1(@)Loc352   chr3_122393177_T_C_b38   9.413e-02 5.863e-03    5.863e-03      5.519e-04
ENSG00000160124:1(@)Loc352   chr3_122396019_T_C_b38   4.488e-02 7.450e-03    7.450e-03      3.344e-04
ENSG00000160124:1(@)Loc352   chr3_122396931_T_TGAAAGTAAATTA_b38   3.499e-02 3.930e-03    3.931e-03      1.375e-04
ENSG00000160124:1(@)Loc352   chr3_122398191_C_T_b38   7.372e-02 5.709e-03    5.709e-03      4.208e-04
ENSG00000160124:1(@)Loc352   chr3_122399243_A_C_b38   4.909e-02 3.314e-03    3.314e-03      1.627e-04
ENSG00000272758:2(@)Loc352   chr3_122416348_G_A_b38   3.892e-01 2.665e-04    2.665e-04      1.037e-04
ENSG00000196981:1(@)Loc352   chr3_122411904_T_C_b38   1.889e-01 7.482e-03    7.483e-03      1.414e-03
ENSG00000196981:1(@)Loc352   chr3_122416042_T_A_b38   5.997e-01 1.627e-02    1.627e-02      9.754e-03
ENSG00000196981:1(@)Loc352   chr3_122431007_C_T_b38   6.012e-02 3.058e-02    3.058e-02      1.838e-03
ENSG00000138246:2(@)Loc358   chr3_132417408_G_A_b38   2.618e-01 6.007e-04    6.007e-04      1.573e-04
ENSG00000138246:2(@)Loc358   chr3_132444356_G_T_b38   2.908e-03 3.659e-01    3.659e-01      1.064e-03
ENSG00000163710:1(@)Loc363   chr3_142921556_T_A_b38   2.650e-01 6.383e-04    6.384e-04      1.691e-04
ENSG00000163710:1(@)Loc363   chr3_142922395_G_A_b38   1.924e-01 6.383e-04    6.384e-04      1.228e-04
ENSG00000186432:1(@)Loc375   chr3_160565338_A_C_b38   4.734e-01 5.207e-04    5.208e-04      2.465e-04
ENSG00000013297:1(@)Loc380   chr3_170537717_T_C_b38   3.297e-01 6.485e-04    6.485e-04      2.138e-04
ENSG00000066230:3(@)Loc521   chr5_524657_A_G_b38   1.166e-01 1.164e-03    1.164e-03      1.357e-04
ENSG00000164300:1(@)Loc567   chr5_80160264_T_C_b38   9.975e-01 1.240e-04    1.240e-04      1.237e-04
ENSG00000113068:1(@)Loc603   chr5_140240172_A_AC_b38   2.357e-01 4.616e-04    4.617e-04      1.088e-04
ENSG00000145850:2(@)Loc612   chr5_156960126_G_C_b38   1.149e-03 1.655e-01    1.655e-01      1.902e-04
ENSG00000145850:2(@)Loc612   chr5_156963286_T_C_b38   4.061e-02 8.308e-01    8.308e-01      3.373e-02
ENSG00000217078:3(@)Loc643   chr6_16120588_C_T_b38   9.825e-04 1.241e-01    1.241e-01      1.219e-04
ENSG00000217078:3(@)Loc643   chr6_16127176_C_T_b38   7.752e-04 5.991e-01    5.991e-01      4.644e-04
ENSG00000007944:2(@)Loc643   chr6_16127176_C_T_b38   1.493e-03 5.991e-01    5.991e-01      8.943e-04
ENSG00000007944:2(@)Loc643   chr6_16128734_C_G_b38   7.878e-03 7.252e-02    7.252e-02      5.713e-04
ENSG00000231226:2(@)Loc654   chr6_30105418_A_C_b38   2.079e-02 7.622e-03    7.623e-03      1.585e-04
ENSG00000241370:1(@)Loc654   chr6_30328904_G_A_b38   5.518e-02 1.917e-03    1.917e-03      1.058e-04
ENSG00000241370:1(@)Loc654   chr6_30341139_C_T_b38   3.342e-01 1.685e-03    1.685e-03      5.633e-04
ENSG00000241370:1(@)Loc654   chr6_30341328_G_A_b38   2.200e-02 6.306e-03    6.307e-03      1.387e-04
ENSG00000241370:1(@)Loc654   chr6_30342723_T_C_b38   3.638e-02 5.205e-03    5.205e-03      1.894e-04
ENSG00000241370:1(@)Loc654   chr6_30345450_G_A_b38   3.380e-01 1.002e-03    1.002e-03      3.386e-04
ENSG00000241370:1(@)Loc654   chr6_30346830_A_G_b38   2.723e-02 9.365e-03    9.366e-03      2.550e-04
ENSG00000204632:1(@)Loc654   chr6_30798857_A_T_b38   9.640e-01 1.682e-04    1.682e-04      1.622e-04
ENSG00000272221:1(@)Loc655   chr6_31386727_C_T_b38   1.001e-02 1.892e-01    1.892e-01      1.895e-03
ENSG00000223534:4(@)Loc656   chr6_32709663_G_A_b38   1.115e-03 3.991e-01    3.992e-01      4.452e-04
ENSG00000196821:1(@)Loc658   chr6_34609480_A_G_b38   7.873e-02 1.939e-02    1.940e-02      1.527e-03
ENSG00000196821:1(@)Loc658   chr6_34651116_G_A_b38   6.359e-03 2.224e-02    2.224e-02      1.414e-04
ENSG00000196821:1(@)Loc658   chr6_34695821_C_T_b38   1.368e-01 2.711e-02    2.711e-02      3.710e-03
ENSG00000196821:1(@)Loc658   chr6_34760294_G_C_b38   1.274e-01 6.903e-03    6.903e-03      8.794e-04
ENSG00000196821:1(@)Loc658   chr6_34761381_G_A_b38   1.274e-01 6.903e-03    6.903e-03      8.794e-04
ENSG00000272288:2(@)Loc658   chr6_34695821_C_T_b38   9.548e-03 2.711e-02    2.711e-02      2.589e-04
ENSG00000124678:2(@)Loc658   chr6_35165297_A_G_b38   5.102e-03 6.086e-02    6.086e-02      3.105e-04
ENSG00000124780:2(@)Loc660   chr6_39283061_G_A_b38   3.431e-03 5.375e-01    5.375e-01      1.844e-03
ENSG00000137161:1(@)Loc663   chr6_42964977_C_T_b38   6.695e-03 7.483e-02    7.483e-02      5.010e-04
ENSG00000124713:1(@)Loc663   chr6_42964977_C_T_b38   9.380e-03 7.483e-02    7.483e-02      7.019e-04
ENSG00000112655:2(@)Loc663   chr6_42964977_C_T_b38   2.835e-03 7.483e-02    7.483e-02      2.121e-04
ENSG00000124587:1(@)Loc663   chr6_42975041_A_G_b38   2.021e-01 5.783e-04    5.784e-04      1.169e-04
ENSG00000124587:1(@)Loc663   chr6_42978752_C_A_b38   2.467e-01 4.815e-04    4.815e-04      1.188e-04
ENSG00000124587:1(@)Loc663   chr6_42979205_G_A_b38   2.467e-01 5.400e-04    5.400e-04      1.332e-04
ENSG00000225791:1(@)Loc669   chr6_52577484_G_C_b38   9.998e-01 3.607e-04    3.607e-04      3.606e-04
ENSG00000225791:2(@)Loc669   chr6_52585649_C_T_b38   3.140e-01 2.131e-03    2.131e-03      6.692e-04
ENSG00000225791:2(@)Loc669   chr6_52585750_A_T_b38   6.585e-01 2.103e-04    2.104e-04      1.385e-04
ENSG00000155085:1(@)Loc703   chr6_109634847_C_T_b38   1.288e-01 1.164e-03    1.164e-03      1.499e-04
ENSG00000155085:1(@)Loc703   chr6_109690255_T_C_b38   3.466e-01 6.728e-04    6.729e-04      2.332e-04
ENSG00000093134:1(@)Loc718   chr6_132734473_G_C_b38   8.941e-01 1.520e-04    1.521e-04      1.359e-04
ENSG00000120262:1(@)Loc728   chr6_151586613_C_T_b38   1.830e-01 1.648e-03    1.648e-03      3.016e-04
ENSG00000164849:1(@)Loc744   chr7_1044141_A_G_b38   9.938e-02 8.097e-03    8.097e-03      8.048e-04
ENSG00000164850:1(@)Loc744   chr7_1077800_T_C_b38   9.611e-01 1.131e-03    1.131e-03      1.087e-03
ENSG00000224079:1(@)Loc744   chr7_1074376_C_T_b38   1.601e-01 9.155e-04    9.156e-04      1.466e-04
ENSG00000224079:1(@)Loc744   chr7_1074387_C_A_b38   1.601e-01 9.155e-04    9.156e-04      1.466e-04
ENSG00000225264:1(@)Loc766   chr7_29680222_T_C_b38   1.636e-01 6.665e-04    6.666e-04      1.090e-04
ENSG00000015520:1(@)Loc774   chr7_44542387_T_C_b38   1.268e-02 1.236e-01    1.236e-01      1.567e-03
ENSG00000015520:1(@)Loc774   chr7_44542732_A_G_b38   2.149e-02 8.526e-01    8.526e-01      1.832e-02
ENSG00000158604:1(@)Loc774   chr7_44561096_G_A_b38   1.498e-02 1.719e-02    1.719e-02      2.576e-04
ENSG00000106178:3(@)Loc790   chr7_76000865_C_T_b38   5.074e-02 6.169e-03    6.170e-03      3.130e-04
ENSG00000157259:1(@)Loc798   chr7_92447889_G_A_b38   8.094e-01 1.482e-04    1.482e-04      1.199e-04
ENSG00000272950:1(@)Loc802   chr7_98286323_T_G_b38   2.549e-01 3.619e-03    3.619e-03      9.224e-04
ENSG00000272950:1(@)Loc802   chr7_98286325_A_G_b38   2.549e-01 3.619e-03    3.619e-03      9.224e-04
ENSG00000272950:1(@)Loc802   chr7_98291311_A_G_b38   1.431e-01 2.999e-03    2.999e-03      4.293e-04
ENSG00000272950:1(@)Loc802   chr7_98299769_A_G_b38   3.353e-01 4.035e-03    4.036e-03      1.353e-03
ENSG00000274993:1(@)Loc804   chr7_100947616_C_T_b38   7.346e-01 1.558e-04    1.558e-04      1.144e-04
ENSG00000105856:1(@)Loc808   chr7_107160643_G_T_b38   4.693e-02 4.865e-03    4.865e-03      2.283e-04
ENSG00000233609:1(@)Loc852   chr8_8961676_T_A_b38   5.438e-02 2.636e-03    2.636e-03      1.434e-04
ENSG00000233609:1(@)Loc852   chr8_8964127_A_G_b38   7.757e-02 1.295e-03    1.295e-03      1.005e-04
ENSG00000280294:1(@)Loc855   chr8_10851663_A_G_b38   8.243e-01 1.531e-04    1.531e-04      1.262e-04
ENSG00000156006:2(@)Loc861   chr8_18391151_A_G_b38   3.434e-02 8.922e-03    8.922e-03      3.064e-04
ENSG00000156006:2(@)Loc861   chr8_18398199_A_G_b38   3.665e-04 3.897e-01    3.897e-01      1.428e-04
ENSG00000158856:1(@)Loc864   chr8_22049068_AGGGGCC_A_b38   9.997e-01 2.020e-04    2.020e-04      2.020e-04
ENSG00000154582:1(@)Loc895   chr8_73969439_G_A_b38   1.487e-02 3.611e-02    3.611e-02      5.370e-04
ENSG00000147724:1(@)Loc932   chr8_138433971_C_G_b38   7.494e-01 3.321e-04    3.322e-04      2.489e-04
ENSG00000178719:1(@)Loc935   chr8_143948489_G_T_b38   1.026e-03 9.999e-01    9.999e-01      1.025e-03
ENSG00000273226:1(@)Loc950   chr9_19375840_TGGTATCCACTAAAACTA_T_b38   8.829e-01 6.737e-04    6.738e-04      5.949e-04
ENSG00000177076:1(@)Loc950   chr9_19406180_C_T_b38   1.534e-03 9.418e-02    9.419e-02      1.445e-04
ENSG00000230074:1(@)Loc962   chr9_34677541_T_C_b38   8.096e-01 1.514e-04    1.514e-04      1.226e-04
ENSG00000119328:1(@)Loc990   chr9_108934109_G_C_b38   6.356e-01 2.138e-04    2.138e-04      1.359e-04
ENSG00000106771:2(@)Loc990   chr9_109119576_T_C_b38   3.832e-01 3.777e-04    3.778e-04      1.447e-04
ENSG00000106771:2(@)Loc990   chr9_109120449_T_G_b38   3.632e-01 5.661e-04    5.661e-04      2.056e-04
ENSG00000260230:1(@)Loc990   chr9_109165443_G_A_b38   9.970e-01 2.362e-04    2.362e-04      2.355e-04
ENSG00000160447:1(@)Loc1001   chr9_128703202_C_G_b38   5.211e-01 7.571e-04    7.571e-04      3.946e-04
ENSG00000160447:1(@)Loc1001   chr9_128704210_G_T_b38   2.839e-01 8.780e-04    8.780e-04      2.493e-04
ENSG00000160447:1(@)Loc1001   chr9_128706461_G_A_b38   1.832e-01 9.090e-04    9.091e-04      1.665e-04
ENSG00000198917:2(@)Loc1001   chr9_128829615_G_C_b38   9.994e-01 1.356e-03    1.356e-03      1.356e-03
ENSG00000057608:1(@)Loc1015   chr10_5813440_G_C_b38   9.983e-01 2.870e-03    2.870e-03      2.865e-03
ENSG00000026025:3(@)Loc1023   chr10_17218291_A_G_b38   1.009e-03 4.054e-01    4.054e-01      4.092e-04
ENSG00000229124:1(@)Loc1023   chr10_17218291_A_G_b38   4.526e-03 4.054e-01    4.054e-01      1.835e-03
ENSG00000099194:1(@)Loc1073   chr10_100315722_G_A_b38   5.378e-01 2.064e-03    2.064e-03      1.110e-03
ENSG00000213185:2(@)Loc1086   chr10_122885728_C_CAGAA_b38   1.015e-01 1.875e-03    1.875e-03      1.904e-04
ENSG00000213185:2(@)Loc1086   chr10_122887525_A_G_b38   2.748e-02 4.043e-03    4.043e-03      1.111e-04
ENSG00000213185:2(@)Loc1086   chr10_122887576_G_A_b38   1.015e-01 1.875e-03    1.875e-03      1.904e-04
ENSG00000213185:2(@)Loc1086   chr10_122888769_G_A_b38   4.473e-02 2.897e-03    2.898e-03      1.296e-04
ENSG00000213185:2(@)Loc1086   chr10_122896210_A_T_b38   4.345e-02 4.431e-03    4.432e-03      1.926e-04
ENSG00000213185:2(@)Loc1086   chr10_122898293_G_T_b38   4.407e-02 4.735e-03    4.735e-03      2.087e-04
ENSG00000119965:1(@)Loc1086   chr10_122933070_A_G_b38   7.627e-02 7.864e-02    7.865e-02      5.999e-03
ENSG00000119965:1(@)Loc1086   chr10_122934071_G_T_b38   1.671e-01 2.031e-03    2.032e-03      3.396e-04
ENSG00000119965:1(@)Loc1086   chr10_122945179_C_T_b38   7.367e-01 1.623e-03    1.623e-03      1.195e-03
ENSG00000119965:2(@)Loc1086   chr10_122953445_A_G_b38   7.149e-02 1.640e-03    1.640e-03      1.173e-04
ENSG00000132274:1(@)Loc1098   chr11_5689666_A_C_b38   8.446e-01 1.231e-04    1.231e-04      1.040e-04
ENSG00000132274:1(@)Loc1098   chr11_5691030_G_A_b38   1.500e-01 9.170e-04    9.170e-04      1.376e-04
ENSG00000256282:2(@)Loc1107   chr11_18634724_C_T_b38   2.006e-04 9.211e-01    9.211e-01      1.848e-04
ENSG00000179119:1(@)Loc1107   chr11_18611437_T_C_b38   1.017e-02 7.889e-02    7.889e-02      8.022e-04
ENSG00000179119:1(@)Loc1107   chr11_18634724_C_T_b38   3.255e-01 9.211e-01    9.211e-01      2.998e-01
ENSG00000110492:1(@)Loc1122   chr11_46381302_A_G_b38   8.011e-01 1.394e-04    1.394e-04      1.117e-04
ENSG00000175220:1(@)Loc1122   chr11_46700671_T_C_b38   7.004e-01 3.511e-04    3.511e-04      2.459e-04
ENSG00000165912:1(@)Loc1123   chr11_47184354_CCT_C_b38   2.150e-01 6.063e-04    6.064e-04      1.304e-04
ENSG00000165912:1(@)Loc1123   chr11_47185172_TC_T_b38   2.150e-01 6.063e-04    6.064e-04      1.304e-04
ENSG00000134824:2(@)Loc1128   chr11_61804006_T_C_b38   3.101e-03 3.634e-02    3.634e-02      1.127e-04
ENSG00000134824:2(@)Loc1128   chr11_61830500_A_G_b38   6.863e-04 2.963e-01    2.963e-01      2.033e-04
ENSG00000134824:2(@)Loc1128   chr11_61836038_C_A_b38   2.158e-03 5.663e-02    5.663e-02      1.222e-04
ENSG00000134824:2(@)Loc1128   chr11_61837342_C_A_b38   1.157e-03 2.241e-01    2.241e-01      2.594e-04
ENSG00000134824:2(@)Loc1128   chr11_61842278_C_T_b38   7.326e-04 3.273e-01    3.273e-01      2.398e-04
ENSG00000197136:1(@)Loc1130   chr11_65613445_G_A_b38   1.876e-01 1.621e-03    1.621e-03      3.041e-04
ENSG00000197136:1(@)Loc1130   chr11_65622160_A_G_b38   1.908e-01 5.503e-04    5.504e-04      1.050e-04
ENSG00000197136:1(@)Loc1130   chr11_65622419_G_C_b38   1.028e-01 1.797e-03    1.797e-03      1.849e-04
ENSG00000197136:1(@)Loc1130   chr11_65623014_A_C_b38   1.944e-01 1.238e-03    1.238e-03      2.407e-04
ENSG00000173327:1(@)Loc1130   chr11_65613445_G_A_b38   9.990e-01 1.621e-03    1.621e-03      1.619e-03
ENSG00000255517:1(@)Loc1131   chr11_66488044_T_C_b38   6.661e-01 1.033e-03    1.033e-03      6.881e-04
ENSG00000255517:1(@)Loc1131   chr11_66489110_G_C_b38   3.011e-01 8.950e-04    8.951e-04      2.695e-04
ENSG00000254986:1(@)Loc1131   chr11_66476983_A_G_b38   1.290e-01 1.253e-03    1.253e-03      1.617e-04
ENSG00000254986:1(@)Loc1131   chr11_66480373_G_A_b38   3.444e-01 1.113e-03    1.113e-03      3.833e-04
ENSG00000254986:1(@)Loc1131   chr11_66483367_A_C_b38   1.166e-01 1.113e-03    1.113e-03      1.298e-04
ENSG00000255517:2(@)Loc1131   chr11_66474931_T_G_b38   7.201e-01 1.113e-03    1.113e-03      8.014e-04
ENSG00000110092:1(@)Loc1132   chr11_69320907_C_G_b38   4.657e-01 2.352e-04    2.352e-04      1.095e-04
ENSG00000151376:1(@)Loc1141   chr11_86672637_G_A_b38   4.645e-01 3.632e-04    3.632e-04      1.687e-04
ENSG00000151376:1(@)Loc1141   chr11_86672834_C_A_b38   1.807e-01 5.730e-04    5.730e-04      1.035e-04
ENSG00000151376:1(@)Loc1141   chr11_86673021_C_G_b38   1.807e-01 5.730e-04    5.730e-04      1.035e-04
ENSG00000118096:1(@)Loc1165   chr11_118549386_A_G_b38   6.383e-02 1.599e-03    1.599e-03      1.021e-04
ENSG00000019144:1(@)Loc1165   chr11_118615352_T_C_b38   8.399e-03 1.807e-02    1.807e-02      1.517e-04
ENSG00000154127:2(@)Loc1168   chr11_122649998_C_G_b38   7.369e-03 1.519e-02    1.519e-02      1.119e-04
ENSG00000154127:2(@)Loc1168   chr11_122651667_T_C_b38   5.858e-03 3.745e-02    3.746e-02      2.194e-04
ENSG00000154127:2(@)Loc1168   chr11_122655793_A_C_b38   8.389e-02 6.102e-03    6.102e-03      5.119e-04
ENSG00000154127:2(@)Loc1168   chr11_122655893_C_T_b38   8.988e-02 6.721e-03    6.721e-03      6.041e-04
ENSG00000154127:2(@)Loc1168   chr11_122656412_G_A_b38   2.950e-02 6.721e-03    6.721e-03      1.983e-04
ENSG00000154127:2(@)Loc1168   chr11_122657315_G_A_b38   1.589e-02 6.721e-03    6.721e-03      1.068e-04
ENSG00000154127:2(@)Loc1168   chr11_122657485_T_C_b38   1.589e-02 6.721e-03    6.721e-03      1.068e-04
ENSG00000154127:2(@)Loc1168   chr11_122658155_T_A_b38   1.589e-02 6.721e-03    6.721e-03      1.068e-04
ENSG00000154127:2(@)Loc1168   chr11_122658162_C_T_b38   1.589e-02 6.721e-03    6.721e-03      1.068e-04
ENSG00000154127:2(@)Loc1168   chr11_122663796_T_C_b38   4.407e-03 1.101e-01    1.101e-01      4.853e-04
ENSG00000280832:2(@)Loc1171   chr11_126348646_A_G_b38   3.090e-03 8.003e-02    8.004e-02      2.473e-04
ENSG00000280832:2(@)Loc1171   chr11_126358764_T_G_b38   1.900e-03 9.467e-02    9.468e-02      1.799e-04
ENSG00000110080:2(@)Loc1171   chr11_126358764_T_G_b38   1.218e-03 9.467e-02    9.468e-02      1.154e-04
ENSG00000126746:2(@)Loc1185   chr12_6689466_A_C_b38   9.988e-01 1.049e-04    1.049e-04      1.047e-04
ENSG00000003056:1(@)Loc1187   chr12_8929985_A_G_b38   1.701e-01 4.654e-02    4.655e-02      7.917e-03
ENSG00000003056:1(@)Loc1187   chr12_8946399_G_GAAC_b38   8.284e-01 1.291e-04    1.291e-04      1.070e-04
ENSG00000003056:2(@)Loc1187   chr12_8946438_G_A_b38   3.495e-01 3.598e-04    3.598e-04      1.257e-04
ENSG00000175548:2(@)Loc1202   chr12_38317017_C_T_b38   7.290e-01 5.646e-04    5.646e-04      4.116e-04
ENSG00000175548:2(@)Loc1202   chr12_38317486_C_T_b38   2.028e-01 7.030e-04    7.031e-04      1.426e-04
ENSG00000270344:1(@)Loc1232   chr12_89508558_G_A_b38   3.731e-02 3.686e-03    3.686e-03      1.375e-04
ENSG00000270344:1(@)Loc1232   chr12_89515207_G_A_b38   3.731e-02 2.875e-03    2.875e-03      1.073e-04
ENSG00000270344:1(@)Loc1232   chr12_89536849_C_T_b38   8.196e-02 2.753e-03    2.753e-03      2.257e-04
ENSG00000270028:1(@)Loc1253   chr12_123920171_T_C_b38   6.056e-02 4.326e-03    4.326e-03      2.620e-04
ENSG00000250091:1(@)Loc1253   chr12_123920171_T_C_b38   2.788e-02 4.326e-03    4.326e-03      1.206e-04
ENSG00000250091:1(@)Loc1253   chr12_123932791_T_C_b38   1.750e-01 9.092e-04    9.093e-04      1.591e-04
ENSG00000250091:1(@)Loc1253   chr12_123935529_C_CAGGA_b38   3.015e-01 9.092e-04    9.093e-04      2.742e-04
ENSG00000270048:1(@)Loc1253   chr12_123964676_C_A_b38   2.136e-02 9.307e-03    9.307e-03      1.988e-04
ENSG00000119242:1(@)Loc1253   chr12_123964676_C_A_b38   9.083e-02 9.307e-03    9.307e-03      8.453e-04
ENSG00000152749:1(@)Loc1307   chr13_94601666_T_G_b38   9.961e-01 1.206e-04    1.206e-04      1.201e-04
ENSG00000205978:1(@)Loc1325   chr14_24403003_T_C_b38   2.146e-02 8.032e-02    8.033e-02      1.724e-03
ENSG00000205978:1(@)Loc1325   chr14_24404820_T_C_b38   2.974e-02 5.673e-03    5.674e-03      1.687e-04
ENSG00000205978:1(@)Loc1325   chr14_24404987_G_T_b38   4.533e-02 5.008e-03    5.008e-03      2.270e-04
ENSG00000119599:1(@)Loc1356   chr14_72926683_G_A_b38   9.999e-01 1.007e-04    1.007e-04      1.007e-04
ENSG00000258666:1(@)Loc1374   chr14_100354199_A_G_b38   5.606e-02 3.039e-03    3.039e-03      1.703e-04
ENSG00000176473:1(@)Loc1374   chr14_100376441_T_C_b38   9.994e-02 1.118e-03    1.118e-03      1.118e-04
ENSG00000176473:2(@)Loc1374   chr14_100385023_A_G_b38   5.929e-02 2.151e-03    2.152e-03      1.276e-04
ENSG00000176473:2(@)Loc1374   chr14_100385563_A_G_b38   5.929e-02 2.151e-03    2.152e-03      1.276e-04
ENSG00000176473:2(@)Loc1374   chr14_100385848_G_GCC_b38   5.929e-02 2.151e-03    2.152e-03      1.276e-04
ENSG00000176473:2(@)Loc1374   chr14_100386402_G_A_b38   5.455e-02 1.904e-03    1.904e-03      1.039e-04
ENSG00000166949:2(@)Loc1409   chr15_67126053_A_G_b38   1.607e-02 1.227e-02    1.227e-02      1.971e-04
ENSG00000166949:2(@)Loc1409   chr15_67133236_T_A_b38   2.715e-02 2.367e-02    2.367e-02      6.428e-04
ENSG00000166949:2(@)Loc1409   chr15_67135676_C_A_b38   2.538e-02 1.245e-02    1.245e-02      3.161e-04
ENSG00000178761:1(@)Loc1413   chr15_74885866_G_A_b38   1.283e-02 8.705e-03    8.705e-03      1.117e-04
ENSG00000140465:1(@)Loc1413   chr15_74751897_G_A_b38   9.752e-02 1.784e-03    1.784e-03      1.740e-04
ENSG00000140465:1(@)Loc1413   chr15_74755085_T_C_b38   9.752e-02 2.210e-03    2.210e-03      2.155e-04
ENSG00000140465:1(@)Loc1413   chr15_74770056_C_T_b38   1.498e-01 2.636e-03    2.636e-03      3.949e-04
ENSG00000103653:1(@)Loc1413   chr15_74773303_G_C_b38   6.465e-02 1.932e-03    1.932e-03      1.249e-04
ENSG00000103653:1(@)Loc1413   chr15_74785026_C_A_b38   1.182e-01 2.451e-03    2.451e-03      2.896e-04
ENSG00000103653:1(@)Loc1413   chr15_74787809_C_A_b38   6.665e-02 2.902e-03    2.902e-03      1.934e-04
ENSG00000103653:1(@)Loc1413   chr15_74791153_C_A_b38   6.665e-02 2.526e-03    2.526e-03      1.684e-04
ENSG00000178802:1(@)Loc1413   chr15_74897589_A_G_b38   6.011e-02 3.306e-03    3.307e-03      1.988e-04
ENSG00000140543:1(@)Loc1419   chr15_88546426_G_T_b38   4.279e-01 4.911e-04    4.911e-04      2.101e-04
ENSG00000103148:2(@)Loc1429   chr16_140969_A_G_b38   9.636e-01 1.360e-04    1.360e-04      1.311e-04
ENSG00000189067:1(@)Loc1440   chr16_11551157_A_T_b38   8.198e-01 6.074e-04    6.074e-04      4.979e-04
ENSG00000189067:2(@)Loc1440   chr16_11575712_G_A_b38   5.480e-01 9.208e-04    9.208e-04      5.046e-04
ENSG00000189067:2(@)Loc1440   chr16_11580419_G_A_b38   3.626e-02 5.023e-03    5.023e-03      1.822e-04
ENSG00000189067:2(@)Loc1440   chr16_11581079_C_T_b38   6.741e-02 1.818e-03    1.818e-03      1.226e-04
ENSG00000189067:2(@)Loc1440   chr16_11581344_T_C_b38   3.582e-02 3.411e-03    3.411e-03      1.222e-04
ENSG00000189067:2(@)Loc1440   chr16_11585967_T_C_b38   1.543e-02 6.738e-03    6.738e-03      1.040e-04
ENSG00000183426:1(@)Loc1443   chr16_15036083_C_T_b38   1.000e+00 1.656e-04    1.656e-04      1.656e-04
ENSG00000183793:1(@)Loc1443   chr16_15036083_C_T_b38   9.997e-01 1.656e-04    1.656e-04      1.656e-04
ENSG00000167394:1(@)Loc1452   chr16_31074149_T_C_b38   9.403e-02 4.458e-03    4.459e-03      4.193e-04
ENSG00000103510:2(@)Loc1452   chr16_31110472_G_A_b38   7.964e-02 1.605e-03    1.605e-03      1.278e-04
ENSG00000103510:2(@)Loc1452   chr16_31118574_A_G_b38   1.456e-01 1.114e-02    1.114e-02      1.621e-03
ENSG00000103510:2(@)Loc1452   chr16_31119853_G_A_b38   3.865e-01 8.327e-04    8.328e-04      3.218e-04
ENSG00000103510:2(@)Loc1452   chr16_31120293_A_G_b38   2.444e-01 7.036e-03    7.036e-03      1.720e-03
ENSG00000103510:2(@)Loc1452   chr16_31126391_C_T_b38   3.955e-02 9.600e-03    9.601e-03      3.797e-04
ENSG00000103507:1(@)Loc1452   chr16_31106068_T_C_b38   7.250e-02 3.065e-03    3.065e-03      2.222e-04
ENSG00000103507:1(@)Loc1452   chr16_31106092_C_T_b38   4.161e-02 4.297e-03    4.297e-03      1.788e-04
ENSG00000087237:1(@)Loc1458   chr16_56955678_C_T_b38   6.227e-03 9.844e-01    9.844e-01      6.130e-03
ENSG00000091640:1(@)Loc1487   chr17_4967598_G_A_b38   4.376e-01 3.227e-04    3.227e-04      1.412e-04
ENSG00000091640:1(@)Loc1487   chr17_4968223_T_C_b38   4.376e-01 2.673e-04    2.673e-04      1.170e-04
ENSG00000178977:1(@)Loc1489   chr17_8222223_A_G_b38   3.032e-02 1.010e-01    1.010e-01      3.061e-03
ENSG00000178977:1(@)Loc1489   chr17_8225842_A_G_b38   2.846e-02 1.650e-01    1.650e-01      4.696e-03
ENSG00000178977:1(@)Loc1489   chr17_8246469_C_T_b38   8.348e-02 1.323e-02    1.323e-02      1.104e-03
ENSG00000178977:1(@)Loc1489   chr17_8257831_C_T_b38   1.498e-03 2.908e-01    2.908e-01      4.356e-04
ENSG00000178971:1(@)Loc1489   chr17_8230957_C_T_b38   9.999e-01 4.503e-04    4.503e-04      4.503e-04
ENSG00000178971:2(@)Loc1489   chr17_8240835_T_C_b38   1.781e-01 5.785e-04    5.785e-04      1.030e-04
ENSG00000178971:2(@)Loc1489   chr17_8247500_A_G_b38   6.730e-01 6.505e-04    6.505e-04      4.378e-04
ENSG00000125434:1(@)Loc1489   chr17_8295368_C_T_b38   8.472e-01 2.933e-04    2.933e-04      2.485e-04
ENSG00000189051:1(@)Loc1489   chr17_8397849_G_T_b38   7.684e-01 1.109e-03    1.109e-03      8.521e-04
ENSG00000167525:1(@)Loc1499   chr17_28711515_G_A_b38   4.340e-01 1.012e-03    1.013e-03      4.395e-04
ENSG00000132589:1(@)Loc1499   chr17_28996304_G_T_b38   2.319e-01 5.316e-04    5.317e-04      1.233e-04
ENSG00000265798:2(@)Loc1500   chr17_31069279_T_A_b38   3.927e-02 2.866e-03    2.866e-03      1.125e-04
ENSG00000108788:1(@)Loc1507   chr17_42483383_C_T_b38   3.900e-01 7.251e-04    7.252e-04      2.828e-04
ENSG00000108788:1(@)Loc1507   chr17_42630371_C_T_b38   3.591e-01 7.010e-04    7.010e-04      2.517e-04
ENSG00000263293:1(@)Loc1509   chr17_47314438_T_C_b38   3.689e-03 4.905e-01    4.906e-01      1.810e-03
ENSG00000141295:2(@)Loc1510   chr17_47824874_C_A_b38   2.785e-01 4.888e-04    4.889e-04      1.362e-04
ENSG00000141295:2(@)Loc1510   chr17_47848524_A_G_b38   2.535e-01 6.934e-04    6.934e-04      1.758e-04
ENSG00000141295:1(@)Loc1510   chr17_47834936_C_T_b38   9.981e-01 1.275e-04    1.275e-04      1.273e-04
ENSG00000267361:1(@)Loc1521   chr17_69154035_T_C_b38   7.138e-04 9.990e-01    9.990e-01      7.131e-04
ENSG00000154262:2(@)Loc1521   chr17_69154035_T_C_b38   1.802e-02 9.990e-01    9.990e-01      1.800e-02
ENSG00000132478:2(@)Loc1524   chr17_75786110_T_C_b38   2.244e-03 3.861e-01    3.861e-01      8.665e-04
ENSG00000154845:1(@)Loc1536   chr18_9615853_C_T_b38   7.214e-01 1.920e-04    1.920e-04      1.385e-04
ENSG00000154845:1(@)Loc1536   chr18_9621843_C_T_b38   1.398e-01 8.117e-04    8.117e-04      1.135e-04
ENSG00000177576:1(@)Loc1556   chr18_49480864_G_A_b38   8.755e-02 1.172e-02    1.172e-02      1.026e-03
ENSG00000119537:1(@)Loc1564   chr18_63367187_T_G_b38   1.000e+00 2.180e-04    2.180e-04      2.180e-04
ENSG00000268297:1(@)Loc1584   chr19_7790007_A_G_b38   1.018e-01 1.739e-03    1.739e-03      1.770e-04
ENSG00000268297:1(@)Loc1584   chr19_7790573_A_C_b38   6.570e-02 1.739e-03    1.739e-03      1.142e-04
ENSG00000268297:1(@)Loc1584   chr19_7790577_C_G_b38   6.570e-02 1.739e-03    1.739e-03      1.142e-04
ENSG00000268297:1(@)Loc1584   chr19_7790610_C_G_b38   6.570e-02 1.739e-03    1.739e-03      1.142e-04
ENSG00000268297:1(@)Loc1584   chr19_7790619_C_G_b38   6.570e-02 1.739e-03    1.739e-03      1.142e-04
ENSG00000268297:1(@)Loc1584   chr19_7790931_T_G_b38   6.570e-02 1.739e-03    1.739e-03      1.142e-04
ENSG00000268297:1(@)Loc1584   chr19_7791047_T_TG_b38   6.570e-02 2.041e-03    2.041e-03      1.341e-04
ENSG00000268297:1(@)Loc1584   chr19_7791048_T_TATG_b38   7.508e-02 1.915e-03    1.915e-03      1.438e-04
ENSG00000268297:1(@)Loc1584   chr19_7791072_T_G_b38   7.508e-02 1.880e-03    1.880e-03      1.411e-04
ENSG00000268297:1(@)Loc1584   chr19_7791394_C_T_b38   6.570e-02 1.739e-03    1.739e-03      1.142e-04
ENSG00000268297:1(@)Loc1584   chr19_7791437_C_T_b38   6.570e-02 1.739e-03    1.739e-03      1.142e-04
ENSG00000269481:1(@)Loc1591   chr19_17422317_A_G_b38   6.275e-01 1.653e-04    1.653e-04      1.037e-04
ENSG00000268650:1(@)Loc1591   chr19_18204386_G_A_b38   4.359e-01 2.438e-04    2.438e-04      1.063e-04
ENSG00000254901:2(@)Loc1592   chr19_19296909_T_C_b38   5.479e-03 1.000e+00    1.000e+00      5.479e-03
ENSG00000081665:1(@)Loc1593   chr19_19810158_C_A_b38   1.234e-01 4.929e-03    4.930e-03      6.082e-04
ENSG00000176920:1(@)Loc1610   chr19_48702915_C_T_b38   4.106e-02 4.176e-01    4.176e-01      1.715e-02
ENSG00000176920:1(@)Loc1610   chr19_48703160_A_G_b38   4.106e-02 5.764e-01    5.764e-01      2.367e-02
ENSG00000167646:1(@)Loc1614   chr19_55164108_C_T_b38   9.571e-01 1.261e-04    1.261e-04      1.207e-04
ENSG00000274414:2(@)Loc1634   chr20_25243944_C_T_b38   1.108e-01 1.177e-03    1.178e-03      1.305e-04
ENSG00000274414:2(@)Loc1634   chr20_25245302_C_A_b38   7.577e-01 6.744e-04    6.744e-04      5.110e-04
ENSG00000126001:1(@)Loc1637   chr20_35458678_G_A_b38   3.885e-02 9.136e-02    9.136e-02      3.549e-03
ENSG00000224497:2(@)Loc1637   chr20_35566823_C_T_b38   5.014e-04 5.424e-01    5.424e-01      2.719e-04
ENSG00000125991:2(@)Loc1637   chr20_35566823_C_T_b38   2.411e-04 5.424e-01    5.424e-01      1.308e-04
ENSG00000224497:1(@)Loc1637   chr20_35543647_C_T_b38   8.717e-01 1.643e-03    1.643e-03      1.432e-03
ENSG00000237371:2(@)Loc1654   chr20_64060707_A_C_b38   5.428e-01 3.701e-04    3.702e-04      2.009e-04
ENSG00000237371:2(@)Loc1654   chr20_64064578_G_A_b38   1.026e-01 2.462e-03    2.463e-03      2.528e-04
ENSG00000237371:2(@)Loc1654   chr20_64074752_A_G_b38   7.454e-02 2.145e-03    2.145e-03      1.599e-04
ENSG00000125510:3(@)Loc1654   chr20_64080700_T_C_b38   1.260e-01 1.450e-03    1.450e-03      1.827e-04
ENSG00000171700:1(@)Loc1654   chr20_64080700_T_C_b38   9.485e-01 1.450e-03    1.450e-03      1.375e-03
ENSG00000230978:1(@)Loc1669   chr21_34748477_T_C_b38   7.599e-02 1.515e-03    1.515e-03      1.151e-04
ENSG00000215424:2(@)Loc1678   chr21_46229830_A_AG_b38   1.770e-01 7.072e-04    7.072e-04      1.252e-04
ENSG00000160299:1(@)Loc1678   chr21_46324123_CG_C_b38   6.266e-01 6.861e-04    6.862e-04      4.299e-04
ENSG00000182362:1(@)Loc1678   chr21_46306418_C_G_b38   9.999e-01 6.474e-04    6.474e-04      6.474e-04
ENSG00000100281:1(@)Loc1692   chr22_35256702_C_T_b38   6.706e-02 2.441e-03    2.441e-03      1.637e-04
ENSG00000100281:1(@)Loc1692   chr22_35257480_C_T_b38   1.615e-01 3.242e-03    3.243e-03      5.237e-04
ENSG00000100284:1(@)Loc1692   chr22_35298900_C_A_b38   5.340e-02 3.366e-03    3.366e-03      1.798e-04
ENSG00000100284:1(@)Loc1692   chr22_35299680_GC_G_b38   5.340e-02 4.168e-03    4.168e-03      2.226e-04
ENSG00000100284:1(@)Loc1692   chr22_35307135_T_C_b38   2.833e-03 3.823e-02    3.823e-02      1.083e-04
ENSG00000100299:1(@)Loc1702   chr22_50625049_T_C_b38   9.995e-01 2.623e-04    2.623e-04      2.622e-04
