Signal	SNP	PIP_qtl	PIP_gwas_marginal	PIP_gwas_qtl_prior	SCP
ENSG00000162585:2(@)Loc2   chr1_2189679_C_T_b38   6.508e-01 3.918e-04    3.918e-04      2.550e-04
ENSG00000182873:1(@)Loc2   chr1_2189679_C_T_b38   9.993e-01 3.918e-04    3.918e-04      3.915e-04
ENSG00000188672:1(@)Loc18   chr1_25434429_C_T_b38   5.785e-02 2.652e-01    2.652e-01      1.534e-02
ENSG00000188672:1(@)Loc18   chr1_25434800_T_C_b38   4.707e-02 2.326e-01    2.326e-01      1.095e-02
ENSG00000188672:1(@)Loc18   chr1_25442446_A_G_b38   1.865e-02 4.469e-01    4.469e-01      8.333e-03
ENSG00000204178:1(@)Loc18   chr1_25432164_G_A_b38   2.012e-02 3.203e-02    3.203e-02      6.446e-04
ENSG00000204178:1(@)Loc18   chr1_25434429_C_T_b38   5.821e-03 2.652e-01    2.652e-01      1.543e-03
ENSG00000116641:1(@)Loc39   chr1_62690372_A_G_b38   5.452e-02 1.079e-02    1.079e-02      5.883e-04
ENSG00000116641:1(@)Loc39   chr1_62690427_T_C_b38   1.637e-01 1.985e-03    1.985e-03      3.250e-04
ENSG00000134222:2(@)Loc67   chr1_109274968_G_T_b38   2.051e-02 4.071e-01    4.071e-01      8.351e-03
ENSG00000134222:2(@)Loc67   chr1_109275908_C_T_b38   1.599e-02 5.928e-01    5.928e-01      9.480e-03
ENSG00000031698:2(@)Loc67   chr1_109274968_G_T_b38   3.321e-03 4.071e-01    4.071e-01      1.352e-03
ENSG00000031698:2(@)Loc67   chr1_109275908_C_T_b38   4.910e-03 5.928e-01    5.928e-01      2.911e-03
ENSG00000231064:1(@)Loc77   chr1_155157915_G_A_b38   1.683e-02 2.587e-02    2.587e-02      4.354e-04
ENSG00000169231:1(@)Loc77   chr1_155208991_T_A_b38   6.932e-01 2.331e-04    2.331e-04      1.616e-04
ENSG00000283317:2(@)Loc80   chr1_161440668_A_G_b38   3.419e-02 3.851e-02    3.851e-02      1.317e-03
ENSG00000162746:1(@)Loc80   chr1_161727208_C_G_b38   6.291e-01 2.435e-04    2.435e-04      1.532e-04
ENSG00000143340:1(@)Loc90   chr1_179742690_A_C_b38   7.824e-02 2.107e-03    2.107e-03      1.649e-04
ENSG00000227953:1(@)Loc131   chr1_246676169_C_G_b38   9.695e-01 1.914e-04    1.914e-04      1.856e-04
ENSG00000076003:2(@)Loc212   chr2_135851076_G_A_b38   6.462e-04 1.661e-01    1.661e-01      1.073e-04
ENSG00000233579:2(@)Loc252   chr2_202843584_A_G_b38   1.391e-03 4.580e-01    4.579e-01      6.371e-04
ENSG00000163596:1(@)Loc252   chr2_202869642_A_T_b38   2.391e-02 1.009e-02    1.009e-02      2.412e-04
ENSG00000115414:1(@)Loc259   chr2_215422370_A_G_b38   5.742e-03 6.331e-02    6.330e-02      3.635e-04
ENSG00000115414:1(@)Loc259   chr2_215431534_G_C_b38   1.498e-02 7.086e-03    7.086e-03      1.061e-04
ENSG00000115414:1(@)Loc259   chr2_215434906_C_G_b38   2.899e-02 4.056e-03    4.056e-03      1.176e-04
ENSG00000115414:1(@)Loc259   chr2_215435462_C_T_b38   4.312e-02 5.642e-03    5.642e-03      2.433e-04
ENSG00000115414:1(@)Loc259   chr2_215435759_T_A_b38   1.952e-01 2.100e-02    2.100e-02      4.098e-03
ENSG00000115414:1(@)Loc259   chr2_215438330_A_G_b38   2.076e-02 1.682e-02    1.682e-02      3.493e-04
ENSG00000115414:1(@)Loc259   chr2_215439661_T_C_b38   4.689e-03 6.684e-01    6.684e-01      3.134e-03
ENSG00000115414:1(@)Loc259   chr2_215441111_G_A_b38   9.924e-03 1.858e-02    1.858e-02      1.844e-04
ENSG00000115414:1(@)Loc259   chr2_215441912_C_T_b38   6.709e-03 1.858e-02    1.858e-02      1.247e-04
ENSG00000164088:2(@)Loc312   chr3_52245578_G_A_b38   2.360e-01 1.184e-03    1.184e-03      2.793e-04
ENSG00000114904:1(@)Loc312   chr3_52771077_A_G_b38   2.336e-01 1.336e-03    1.336e-03      3.121e-04
ENSG00000114904:1(@)Loc312   chr3_52775509_T_C_b38   6.002e-02 1.722e-03    1.722e-03      1.034e-04
ENSG00000272758:1(@)Loc352   chr3_122426477_C_T_b38   3.357e-02 4.409e-02    4.409e-02      1.480e-03
ENSG00000196981:1(@)Loc352   chr3_122416042_T_A_b38   3.177e-01 1.627e-02    1.626e-02      5.167e-03
ENSG00000196981:1(@)Loc352   chr3_122440051_G_C_b38   8.778e-03 1.255e-02    1.255e-02      1.101e-04
ENSG00000196981:1(@)Loc352   chr3_122444170_T_TC_b38   1.893e-01 8.770e-04    8.769e-04      1.660e-04
ENSG00000196981:1(@)Loc352   chr3_122447930_C_A_b38   1.893e-01 8.770e-04    8.769e-04      1.660e-04
ENSG00000196981:1(@)Loc352   chr3_122461881_G_A_b38   1.893e-01 8.770e-04    8.769e-04      1.660e-04
ENSG00000114030:1(@)Loc352   chr3_122509405_T_C_b38   1.241e-02 8.545e-03    8.544e-03      1.060e-04
ENSG00000114030:1(@)Loc352   chr3_122515768_C_G_b38   5.647e-02 5.392e-03    5.392e-03      3.045e-04
ENSG00000272758:4(@)Loc352   chr3_122416042_T_A_b38   6.175e-03 1.627e-02    1.626e-02      1.004e-04
ENSG00000224097:1(@)Loc430   chr4_39480042_T_C_b38   8.369e-01 1.477e-04    1.477e-04      1.236e-04
ENSG00000138823:2(@)Loc464   chr4_99563133_T_C_b38   1.999e-02 6.409e-03    6.408e-03      1.281e-04
ENSG00000138823:2(@)Loc464   chr4_99563386_G_A_b38   4.954e-02 4.825e-02    4.825e-02      2.390e-03
ENSG00000138823:2(@)Loc464   chr4_99564098_G_A_b38   4.954e-02 8.253e-03    8.253e-03      4.089e-04
ENSG00000113068:3(@)Loc603   chr5_140302312_G_A_b38   6.856e-02 1.549e-03    1.549e-03      1.062e-04
ENSG00000113716:2(@)Loc608   chr5_150004391_G_C_b38   1.673e-01 8.511e-04    8.511e-04      1.424e-04
ENSG00000113716:2(@)Loc608   chr5_150005117_A_G_b38   1.673e-01 7.287e-04    7.286e-04      1.219e-04
ENSG00000145850:2(@)Loc612   chr5_156960126_G_C_b38   6.725e-04 1.655e-01    1.655e-01      1.113e-04
ENSG00000145850:2(@)Loc612   chr5_156963286_T_C_b38   1.029e-02 8.308e-01    8.308e-01      8.546e-03
ENSG00000113272:1(@)Loc613   chr5_157731406_C_A_b38   1.136e-01 1.387e-03    1.387e-03      1.576e-04
ENSG00000227262:1(@)Loc654   chr6_29883007_A_G_b38   9.992e-01 2.860e-04    2.860e-04      2.858e-04
ENSG00000272221:1(@)Loc655   chr6_31386727_C_T_b38   2.111e-03 1.892e-01    1.892e-01      3.996e-04
ENSG00000272221:1(@)Loc655   chr6_31386783_C_T_b38   2.111e-03 2.057e-01    2.057e-01      4.343e-04
ENSG00000272221:1(@)Loc655   chr6_31393708_T_C_b38   4.456e-03 4.998e-01    4.998e-01      2.227e-03
ENSG00000204261:1(@)Loc657   chr6_32819793_T_C_b38   5.076e-02 4.215e-02    4.215e-02      2.139e-03
ENSG00000204261:1(@)Loc657   chr6_32821703_A_G_b38   3.296e-03 2.346e-01    2.346e-01      7.734e-04
ENSG00000204261:1(@)Loc657   chr6_32823626_G_C_b38   5.076e-02 3.259e-03    3.259e-03      1.654e-04
ENSG00000204261:1(@)Loc657   chr6_32828974_T_C_b38   2.750e-03 1.416e-01    1.416e-01      3.894e-04
ENSG00000204261:1(@)Loc657   chr6_32829584_C_T_b38   3.294e-03 1.951e-01    1.951e-01      6.425e-04
ENSG00000241106:3(@)Loc657   chr6_32814805_C_T_b38   3.001e-02 1.967e-02    1.967e-02      5.904e-04
ENSG00000241106:3(@)Loc657   chr6_32816296_G_T_b38   9.392e-02 2.266e-03    2.266e-03      2.128e-04
ENSG00000241106:3(@)Loc657   chr6_32816843_C_T_b38   2.337e-01 1.587e-02    1.587e-02      3.709e-03
ENSG00000241106:3(@)Loc657   chr6_32816976_T_C_b38   2.337e-01 7.926e-04    7.926e-04      1.852e-04
ENSG00000241106:3(@)Loc657   chr6_32821703_A_G_b38   2.015e-02 2.346e-01    2.346e-01      4.727e-03
ENSG00000241106:3(@)Loc657   chr6_32828569_T_C_b38   6.562e-03 1.909e-02    1.909e-02      1.253e-04
ENSG00000241106:3(@)Loc657   chr6_32828908_A_G_b38   8.352e-04 1.376e-01    1.376e-01      1.150e-04
ENSG00000241106:3(@)Loc657   chr6_32828974_T_C_b38   6.562e-03 1.416e-01    1.416e-01      9.292e-04
ENSG00000241106:3(@)Loc657   chr6_32829190_G_A_b38   6.562e-03 2.575e-02    2.575e-02      1.690e-04
ENSG00000241106:3(@)Loc657   chr6_32829584_C_T_b38   4.087e-03 1.951e-01    1.951e-01      7.972e-04
ENSG00000196821:1(@)Loc658   chr6_34695821_C_T_b38   1.192e-02 2.711e-02    2.711e-02      3.231e-04
ENSG00000272288:1(@)Loc658   chr6_34695821_C_T_b38   1.301e-02 2.711e-02    2.711e-02      3.526e-04
ENSG00000161912:2(@)Loc662   chr6_41059781_C_T_b38   6.748e-01 2.632e-04    2.632e-04      1.776e-04
ENSG00000124713:1(@)Loc663   chr6_42961020_T_G_b38   8.353e-01 1.832e-04    1.832e-04      1.530e-04
ENSG00000124587:1(@)Loc663   chr6_42978752_C_A_b38   4.303e-01 4.815e-04    4.815e-04      2.072e-04
ENSG00000124587:1(@)Loc663   chr6_42979205_G_A_b38   4.303e-01 5.400e-04    5.400e-04      2.323e-04
ENSG00000216775:2(@)Loc669   chr6_52664868_A_C_b38   4.261e-02 6.469e-02    6.468e-02      2.756e-03
ENSG00000216775:2(@)Loc669   chr6_52666029_C_T_b38   1.170e-02 1.685e-02    1.685e-02      1.972e-04
ENSG00000155085:1(@)Loc703   chr6_109690255_T_C_b38   3.209e-01 6.728e-04    6.728e-04      2.159e-04
ENSG00000111816:1(@)Loc707   chr6_116031587_C_T_b38   5.762e-03 3.418e-01    3.418e-01      1.969e-03
ENSG00000111816:1(@)Loc707   chr6_116033428_C_T_b38   5.762e-03 3.070e-01    3.070e-01      1.769e-03
ENSG00000111816:1(@)Loc707   chr6_116060831_T_C_b38   5.014e-01 3.588e-04    3.588e-04      1.799e-04
ENSG00000073067:2(@)Loc744   chr7_985897_C_T_b38   4.774e-01 6.472e-04    6.471e-04      3.089e-04
ENSG00000164849:1(@)Loc744   chr7_1041926_G_C_b38   4.132e-01 9.638e-04    9.637e-04      3.982e-04
ENSG00000015520:2(@)Loc774   chr7_44542387_T_C_b38   8.435e-03 1.236e-01    1.236e-01      1.043e-03
ENSG00000015520:2(@)Loc774   chr7_44542732_A_G_b38   1.032e-02 8.526e-01    8.526e-01      8.801e-03
ENSG00000242950:1(@)Loc798   chr7_92428654_C_G_b38   7.253e-01 1.898e-04    1.898e-04      1.377e-04
ENSG00000157259:1(@)Loc798   chr7_92447889_G_A_b38   8.197e-01 1.482e-04    1.482e-04      1.214e-04
ENSG00000272950:2(@)Loc802   chr7_98316987_C_CT_b38   3.151e-02 4.212e-03    4.212e-03      1.327e-04
ENSG00000272950:2(@)Loc802   chr7_98320502_C_T_b38   2.723e-02 4.212e-03    4.212e-03      1.147e-04
ENSG00000272950:2(@)Loc802   chr7_98322009_C_T_b38   9.177e-02 4.854e-03    4.853e-03      4.454e-04
ENSG00000273319:1(@)Loc822   chr7_130945013_A_T_b38   9.157e-02 1.102e-03    1.102e-03      1.009e-04
ENSG00000273319:1(@)Loc822   chr7_130945142_C_T_b38   7.937e-02 2.517e-03    2.517e-03      1.998e-04
ENSG00000154589:1(@)Loc895   chr8_73969439_G_A_b38   6.726e-02 3.611e-02    3.610e-02      2.428e-03
ENSG00000178209:2(@)Loc935   chr8_143948489_G_T_b38   3.279e-03 9.999e-01    9.999e-01      3.279e-03
ENSG00000178719:2(@)Loc935   chr8_143948489_G_T_b38   2.014e-04 9.999e-01    9.999e-01      2.014e-04
ENSG00000273226:1(@)Loc950   chr9_19375840_TGGTATCCACTAAAACTA_T_b38   4.723e-01 6.737e-04    6.737e-04      3.182e-04
ENSG00000273226:1(@)Loc950   chr9_19376260_G_C_b38   4.935e-01 7.041e-04    7.040e-04      3.475e-04
ENSG00000230074:1(@)Loc962   chr9_34677541_T_C_b38   8.212e-01 1.514e-04    1.514e-04      1.243e-04
ENSG00000175164:3(@)Loc1005   chr9_133278724_C_T_b38   7.268e-03 9.979e-01    9.979e-01      7.253e-03
ENSG00000057608:1(@)Loc1015   chr10_5803098_A_G_b38   1.414e-01 2.243e-03    2.243e-03      3.172e-04
ENSG00000057608:1(@)Loc1015   chr10_5807954_C_G_b38   1.994e-01 1.640e-03    1.640e-03      3.270e-04
ENSG00000057608:1(@)Loc1015   chr10_5813440_G_C_b38   5.456e-01 2.870e-03    2.870e-03      1.566e-03
ENSG00000229124:2(@)Loc1023   chr10_17218291_A_G_b38   7.341e-04 4.054e-01    4.054e-01      2.976e-04
ENSG00000026025:1(@)Loc1023   chr10_17218291_A_G_b38   2.102e-01 4.054e-01    4.054e-01      8.521e-02
ENSG00000026025:1(@)Loc1023   chr10_17218526_C_T_b38   2.102e-01 5.715e-04    5.714e-04      1.201e-04
ENSG00000026025:1(@)Loc1023   chr10_17218744_G_C_b38   2.102e-01 5.715e-04    5.714e-04      1.201e-04
ENSG00000095596:1(@)Loc1068   chr10_93079885_G_A_b38   4.304e-02 4.018e-03    4.017e-03      1.729e-04
ENSG00000119927:1(@)Loc1079   chr10_112150963_A_G_b38   2.450e-03 2.012e-01    2.012e-01      4.928e-04
ENSG00000119927:1(@)Loc1079   chr10_112161596_G_A_b38   5.459e-03 8.369e-02    8.369e-02      4.569e-04
ENSG00000119927:1(@)Loc1079   chr10_112174128_A_G_b38   1.829e-02 2.329e-01    2.329e-01      4.259e-03
ENSG00000119927:1(@)Loc1079   chr10_112180571_T_C_b38   1.829e-02 8.769e-02    8.769e-02      1.604e-03
ENSG00000119927:1(@)Loc1079   chr10_112184513_A_G_b38   7.312e-03 3.940e-01    3.940e-01      2.881e-03
ENSG00000170430:2(@)Loc1090   chr10_129480146_G_T_b38   9.586e-01 1.105e-04    1.105e-04      1.059e-04
ENSG00000256282:1(@)Loc1107   chr11_18611437_T_C_b38   5.288e-03 7.889e-02    7.889e-02      4.172e-04
ENSG00000256282:1(@)Loc1107   chr11_18634724_C_T_b38   1.939e-03 9.211e-01    9.211e-01      1.786e-03
ENSG00000179119:1(@)Loc1107   chr11_18634724_C_T_b38   1.307e-02 9.211e-01    9.211e-01      1.204e-02
ENSG00000175220:1(@)Loc1122   chr11_46700671_T_C_b38   7.231e-01 3.511e-04    3.511e-04      2.539e-04
ENSG00000134825:1(@)Loc1128   chr11_61785208_G_T_b38   3.081e-02 7.036e-03    7.036e-03      2.167e-04
ENSG00000134825:1(@)Loc1128   chr11_61790331_T_C_b38   4.932e-03 3.373e-02    3.373e-02      1.664e-04
ENSG00000134825:1(@)Loc1128   chr11_61802358_C_T_b38   7.139e-02 1.637e-02    1.636e-02      1.168e-03
ENSG00000134825:1(@)Loc1128   chr11_61804006_T_C_b38   3.399e-02 3.634e-02    3.634e-02      1.235e-03
ENSG00000149485:1(@)Loc1128   chr11_61790331_T_C_b38   3.114e-03 3.373e-02    3.373e-02      1.050e-04
ENSG00000149485:1(@)Loc1128   chr11_61804006_T_C_b38   3.342e-03 3.634e-02    3.634e-02      1.215e-04
ENSG00000149485:1(@)Loc1128   chr11_61830500_A_G_b38   3.479e-02 2.963e-01    2.963e-01      1.031e-02
ENSG00000149485:1(@)Loc1128   chr11_61836038_C_A_b38   3.207e-03 5.663e-02    5.662e-02      1.816e-04
ENSG00000149485:1(@)Loc1128   chr11_61837342_C_A_b38   3.307e-03 2.241e-01    2.241e-01      7.410e-04
ENSG00000173327:1(@)Loc1130   chr11_65613445_G_A_b38   8.487e-01 1.621e-03    1.621e-03      1.376e-03
ENSG00000174576:1(@)Loc1131   chr11_66421290_G_T_b38   1.341e-01 9.574e-04    9.574e-04      1.284e-04
ENSG00000174576:1(@)Loc1131   chr11_66421433_T_C_b38   4.618e-01 1.131e-03    1.131e-03      5.221e-04
ENSG00000255517:1(@)Loc1131   chr11_66478465_C_T_b38   4.588e-01 1.113e-03    1.113e-03      5.106e-04
ENSG00000255517:1(@)Loc1131   chr11_66478599_G_GAC_b38   1.264e-01 1.113e-03    1.113e-03      1.406e-04
ENSG00000254986:1(@)Loc1131   chr11_66480373_G_A_b38   4.883e-01 1.113e-03    1.113e-03      5.434e-04
ENSG00000271584:2(@)Loc1159   chr11_111179871_C_T_b38   4.364e-01 3.141e-04    3.141e-04      1.371e-04
ENSG00000235910:2(@)Loc1164   chr11_116778201_G_C_b38   1.629e-01 9.837e-01    9.837e-01      1.603e-01
ENSG00000118096:1(@)Loc1165   chr11_118548580_G_A_b38   7.527e-02 1.635e-03    1.635e-03      1.231e-04
ENSG00000118096:1(@)Loc1165   chr11_118550854_C_G_b38   7.527e-02 1.860e-03    1.860e-03      1.400e-04
ENSG00000118096:1(@)Loc1165   chr11_118551519_A_T_b38   7.527e-02 1.860e-03    1.860e-03      1.400e-04
ENSG00000118096:1(@)Loc1165   chr11_118554336_G_A_b38   7.527e-02 1.860e-03    1.860e-03      1.400e-04
ENSG00000118096:1(@)Loc1165   chr11_118554704_G_T_b38   2.544e-02 2.156e-02    2.156e-02      5.485e-04
ENSG00000118096:1(@)Loc1165   chr11_118571862_C_A_b38   3.386e-01 1.516e-03    1.516e-03      5.131e-04
ENSG00000175548:1(@)Loc1202   chr12_38317017_C_T_b38   4.243e-01 5.646e-04    5.646e-04      2.395e-04
ENSG00000066084:1(@)Loc1209   chr12_50508099_T_C_b38   1.101e-02 9.260e-02    9.259e-02      1.020e-03
ENSG00000213152:2(@)Loc1245   chr12_112280706_C_A_b38   1.122e-02 1.033e-02    1.033e-02      1.159e-04
ENSG00000179295:1(@)Loc1245   chr12_112172910_G_A_b38   3.332e-03 3.723e-02    3.723e-02      1.241e-04
ENSG00000119242:1(@)Loc1253   chr12_123955563_C_A_b38   2.659e-02 2.888e-02    2.888e-02      7.680e-04
ENSG00000119242:1(@)Loc1253   chr12_123971271_C_T_b38   8.468e-02 1.307e-03    1.307e-03      1.107e-04
ENSG00000119242:1(@)Loc1253   chr12_123980289_G_T_b38   1.246e-02 2.361e-02    2.361e-02      2.941e-04
ENSG00000250091:1(@)Loc1253   chr12_123929551_C_T_b38   1.101e-02 9.186e-03    9.185e-03      1.011e-04
ENSG00000250091:1(@)Loc1253   chr12_123934515_A_C_b38   9.327e-02 1.262e-03    1.262e-03      1.178e-04
ENSG00000250091:1(@)Loc1253   chr12_123935181_C_T_b38   1.766e-01 1.912e-02    1.912e-02      3.376e-03
ENSG00000250091:1(@)Loc1253   chr12_123955563_C_A_b38   1.293e-02 2.888e-02    2.888e-02      3.735e-04
ENSG00000179195:1(@)Loc1253   chr12_123964676_C_A_b38   1.991e-02 9.307e-03    9.306e-03      1.853e-04
ENSG00000179195:1(@)Loc1253   chr12_123980289_G_T_b38   1.813e-02 2.361e-02    2.361e-02      4.280e-04
ENSG00000179195:1(@)Loc1253   chr12_123990609_A_G_b38   8.655e-03 1.530e-02    1.530e-02      1.324e-04
ENSG00000179195:1(@)Loc1253   chr12_123997143_A_G_b38   8.655e-03 1.301e-02    1.301e-02      1.126e-04
ENSG00000170099:2(@)Loc1370   chr14_94329155_A_G_b38   1.344e-03 2.715e-01    2.715e-01      3.649e-04
ENSG00000176473:1(@)Loc1374   chr14_100376300_C_G_b38   5.727e-02 2.836e-03    2.836e-03      1.624e-04
ENSG00000258666:1(@)Loc1374   chr14_100354199_A_G_b38   4.015e-02 3.039e-03    3.038e-03      1.220e-04
ENSG00000178802:1(@)Loc1413   chr15_74885866_G_A_b38   4.426e-02 8.705e-03    8.705e-03      3.852e-04
ENSG00000183793:1(@)Loc1443   chr16_15036083_C_T_b38   9.999e-01 1.656e-04    1.656e-04      1.656e-04
ENSG00000052344:1(@)Loc1452   chr16_31136227_G_A_b38   2.306e-02 8.072e-03    8.072e-03      1.861e-04
ENSG00000103510:1(@)Loc1452   chr16_31113086_A_G_b38   2.655e-02 1.549e-02    1.549e-02      4.113e-04
ENSG00000103510:1(@)Loc1452   chr16_31114455_T_C_b38   4.175e-02 3.352e-03    3.352e-03      1.399e-04
ENSG00000103510:1(@)Loc1452   chr16_31116767_AAT_A_b38   5.049e-02 3.065e-03    3.065e-03      1.548e-04
ENSG00000103510:1(@)Loc1452   chr16_31117294_C_T_b38   4.921e-02 3.541e-03    3.541e-03      1.743e-04
ENSG00000103510:1(@)Loc1452   chr16_31117347_C_A_b38   4.921e-02 3.876e-03    3.876e-03      1.907e-04
ENSG00000103510:1(@)Loc1452   chr16_31118574_A_G_b38   6.071e-02 1.114e-02    1.114e-02      6.762e-04
ENSG00000103510:1(@)Loc1452   chr16_31119853_G_A_b38   1.728e-01 8.327e-04    8.327e-04      1.439e-04
ENSG00000103510:1(@)Loc1452   chr16_31120293_A_G_b38   7.651e-02 7.036e-03    7.036e-03      5.383e-04
ENSG00000103510:1(@)Loc1452   chr16_31126391_C_T_b38   1.896e-02 9.600e-03    9.600e-03      1.820e-04
ENSG00000103510:1(@)Loc1452   chr16_31130672_C_T_b38   3.286e-02 7.702e-03    7.702e-03      2.531e-04
ENSG00000103510:1(@)Loc1452   chr16_31136227_G_A_b38   1.724e-01 8.072e-03    8.072e-03      1.391e-03
ENSG00000087237:2(@)Loc1458   chr16_56955678_C_T_b38   5.839e-04 9.844e-01    9.844e-01      5.748e-04
ENSG00000091640:1(@)Loc1487   chr17_4967598_G_A_b38   4.118e-01 3.227e-04    3.226e-04      1.329e-04
ENSG00000091640:1(@)Loc1487   chr17_4968223_T_C_b38   4.118e-01 2.673e-04    2.673e-04      1.101e-04
ENSG00000178977:1(@)Loc1489   chr17_8199709_G_A_b38   1.694e-01 1.113e-03    1.113e-03      1.886e-04
ENSG00000178977:1(@)Loc1489   chr17_8204661_G_T_b38   1.446e-02 2.336e-02    2.336e-02      3.377e-04
ENSG00000178977:1(@)Loc1489   chr17_8206153_CAG_C_b38   9.819e-03 1.145e-02    1.145e-02      1.124e-04
ENSG00000178977:1(@)Loc1489   chr17_8206280_G_A_b38   2.040e-02 5.038e-03    5.038e-03      1.028e-04
ENSG00000178977:1(@)Loc1489   chr17_8207446_C_A_b38   1.861e-01 1.879e-03    1.879e-03      3.497e-04
ENSG00000178977:1(@)Loc1489   chr17_8215427_T_C_b38   2.065e-02 1.732e-02    1.732e-02      3.577e-04
ENSG00000178977:1(@)Loc1489   chr17_8222223_A_G_b38   2.503e-02 1.010e-01    1.010e-01      2.527e-03
ENSG00000178977:1(@)Loc1489   chr17_8225842_A_G_b38   2.990e-02 1.650e-01    1.650e-01      4.934e-03
ENSG00000178977:1(@)Loc1489   chr17_8246469_C_T_b38   7.780e-02 1.323e-02    1.323e-02      1.029e-03
ENSG00000125434:1(@)Loc1489   chr17_8295368_C_T_b38   8.718e-01 2.933e-04    2.933e-04      2.557e-04
ENSG00000167525:1(@)Loc1499   chr17_28711396_CCCCCGGCCCTAGCTCCG_C_b38   4.163e-01 8.894e-04    8.893e-04      3.702e-04
ENSG00000167525:1(@)Loc1499   chr17_28711515_G_A_b38   3.694e-01 1.012e-03    1.012e-03      3.740e-04
ENSG00000160602:1(@)Loc1499   chr17_28726158_A_G_b38   1.613e-01 1.012e-03    1.012e-03      1.633e-04
ENSG00000173065:1(@)Loc1499   chr17_28842719_T_TGCCGCCC_b38   1.363e-01 2.301e-03    2.301e-03      3.136e-04
ENSG00000173065:1(@)Loc1499   chr17_28843137_TC_T_b38   1.829e-01 1.503e-03    1.503e-03      2.748e-04
ENSG00000231421:2(@)Loc1500   chr17_30576813_C_G_b38   3.479e-01 2.904e-04    2.904e-04      1.010e-04
ENSG00000176390:1(@)Loc1500   chr17_30791163_C_T_b38   5.414e-01 2.647e-04    2.647e-04      1.433e-04
ENSG00000263293:1(@)Loc1509   chr17_47314438_T_C_b38   5.327e-03 4.905e-01    4.905e-01      2.613e-03
ENSG00000276790:1(@)Loc1509   chr17_47361586_C_T_b38   5.744e-03 5.009e-01    5.009e-01      2.877e-03
ENSG00000141295:1(@)Loc1510   chr17_47837720_G_A_b38   1.671e-01 6.686e-04    6.686e-04      1.117e-04
ENSG00000141295:1(@)Loc1510   chr17_47842503_T_C_b38   3.051e-01 5.115e-04    5.114e-04      1.561e-04
ENSG00000132475:2(@)Loc1524   chr17_75786110_T_C_b38   2.395e-03 3.861e-01    3.861e-01      9.246e-04
ENSG00000154845:1(@)Loc1536   chr18_9615853_C_T_b38   5.778e-01 1.920e-04    1.920e-04      1.109e-04
ENSG00000154845:1(@)Loc1536   chr18_9621843_C_T_b38   1.372e-01 8.117e-04    8.116e-04      1.113e-04
ENSG00000099821:1(@)Loc1579   chr19_633381_A_G_b38   7.322e-01 2.085e-04    2.085e-04      1.526e-04
ENSG00000130173:1(@)Loc1587   chr19_11205141_T_G_b38   3.230e-02 1.042e-02    1.042e-02      3.365e-04
ENSG00000267082:1(@)Loc1587   chr19_11205141_T_G_b38   2.270e-02 1.042e-02    1.042e-02      2.365e-04
ENSG00000130518:1(@)Loc1591   chr19_18274140_T_G_b38   4.570e-01 1.124e-03    1.124e-03      5.135e-04
ENSG00000256771:1(@)Loc1593   chr19_19810158_C_A_b38   6.717e-02 4.929e-03    4.929e-03      3.311e-04
ENSG00000081665:1(@)Loc1593   chr19_19810158_C_A_b38   1.381e-01 4.929e-03    4.929e-03      6.807e-04
ENSG00000104805:2(@)Loc1611   chr19_48925491_G_T_b38   4.682e-01 2.424e-04    2.424e-04      1.135e-04
ENSG00000277938:1(@)Loc1634   chr20_25228663_C_A_b38   6.201e-01 7.666e-04    7.666e-04      4.754e-04
ENSG00000224497:2(@)Loc1637   chr20_35566823_C_T_b38   2.874e-04 5.424e-01    5.424e-01      1.558e-04
ENSG00000224497:1(@)Loc1637   chr20_35536512_A_C_b38   1.786e-01 1.087e-03    1.087e-03      1.941e-04
ENSG00000224497:1(@)Loc1637   chr20_35537447_C_T_b38   1.786e-01 9.015e-04    9.014e-04      1.610e-04
ENSG00000224497:1(@)Loc1637   chr20_35540122_G_A_b38   1.687e-02 2.297e-02    2.297e-02      3.876e-04
ENSG00000224497:1(@)Loc1637   chr20_35543647_C_T_b38   3.777e-01 1.643e-03    1.643e-03      6.205e-04
ENSG00000244462:2(@)Loc1637   chr20_35655095_C_T_b38   1.016e-02 1.261e-02    1.261e-02      1.282e-04
ENSG00000101246:1(@)Loc1654   chr20_63707707_C_G_b38   5.907e-01 3.524e-04    3.524e-04      2.081e-04
ENSG00000171703:1(@)Loc1654   chr20_64064578_G_A_b38   4.794e-01 2.462e-03    2.462e-03      1.180e-03
ENSG00000171703:1(@)Loc1654   chr20_64074752_A_G_b38   1.276e-01 2.145e-03    2.145e-03      2.737e-04
ENSG00000171700:1(@)Loc1654   chr20_64074752_A_G_b38   7.172e-02 2.145e-03    2.145e-03      1.538e-04
ENSG00000171700:1(@)Loc1654   chr20_64076174_C_T_b38   6.043e-01 1.290e-03    1.290e-03      7.795e-04
ENSG00000171700:1(@)Loc1654   chr20_64077921_G_A_b38   1.089e-01 1.627e-03    1.627e-03      1.772e-04
ENSG00000125510:1(@)Loc1654   chr20_64076174_C_T_b38   1.356e-01 1.290e-03    1.290e-03      1.750e-04
ENSG00000125510:1(@)Loc1654   chr20_64080106_C_T_b38   5.145e-01 6.105e-04    6.105e-04      3.141e-04
ENSG00000125510:1(@)Loc1654   chr20_64080700_T_C_b38   7.185e-02 1.450e-03    1.450e-03      1.042e-04
ENSG00000160299:1(@)Loc1678   chr21_46324123_CG_C_b38   2.834e-01 6.861e-04    6.861e-04      1.945e-04
ENSG00000182362:1(@)Loc1678   chr21_46326968_A_G_b38   2.729e-01 1.279e-03    1.279e-03      3.492e-04
ENSG00000182362:1(@)Loc1678   chr21_46333581_G_A_b38   7.270e-01 7.371e-04    7.371e-04      5.359e-04
ENSG00000100281:1(@)Loc1692   chr22_35257480_C_T_b38   6.355e-02 3.242e-03    3.242e-03      2.060e-04
ENSG00000100299:1(@)Loc1702   chr22_50625049_T_C_b38   7.899e-01 2.623e-04    2.623e-04      2.072e-04
