Signal	SNP	PIP_qtl	PIP_gwas_marginal	PIP_gwas_qtl_prior	SCP
ENSG00000187017:1(@)Loc5   chr1_6514213_G_A_b38   3.299e-01 3.427e-04    3.427e-04      1.131e-04
ENSG00000187017:1(@)Loc5   chr1_6524597_T_C_b38   2.832e-02 8.627e-03    8.627e-03      2.444e-04
ENSG00000188672:1(@)Loc18   chr1_25434429_C_T_b38   1.543e-03 2.652e-01    2.652e-01      4.091e-04
ENSG00000188672:1(@)Loc18   chr1_25434800_T_C_b38   1.453e-03 2.326e-01    2.326e-01      3.381e-04
ENSG00000188672:1(@)Loc18   chr1_25442446_A_G_b38   5.108e-04 4.469e-01    4.469e-01      2.283e-04
ENSG00000204178:1(@)Loc18   chr1_25432164_G_A_b38   3.436e-03 3.203e-02    3.203e-02      1.101e-04
ENSG00000204178:1(@)Loc18   chr1_25434429_C_T_b38   1.444e-03 2.652e-01    2.652e-01      3.828e-04
ENSG00000204178:1(@)Loc18   chr1_25434800_T_C_b38   1.421e-03 2.326e-01    2.326e-01      3.304e-04
ENSG00000204178:1(@)Loc18   chr1_25442446_A_G_b38   4.744e-04 4.469e-01    4.469e-01      2.120e-04
ENSG00000121766:1(@)Loc20   chr1_31288856_C_A_b38   2.187e-01 1.413e-03    1.413e-03      3.091e-04
ENSG00000121766:1(@)Loc20   chr1_31292838_T_C_b38   4.255e-01 2.365e-03    2.365e-03      1.006e-03
ENSG00000168528:2(@)Loc20   chr1_31419345_C_T_b38   2.742e-01 4.502e-04    4.502e-04      1.234e-04
ENSG00000168528:2(@)Loc20   chr1_31420523_G_A_b38   4.518e-01 3.724e-04    3.724e-04      1.683e-04
ENSG00000162366:1(@)Loc29   chr1_47190144_A_G_b38   6.828e-01 1.985e-04    1.985e-04      1.355e-04
ENSG00000116641:1(@)Loc39   chr1_62628536_A_G_b38   3.058e-03 1.193e-01    1.193e-01      3.648e-04
ENSG00000116641:1(@)Loc39   chr1_62629021_A_G_b38   3.058e-03 1.080e-01    1.080e-01      3.303e-04
ENSG00000116641:1(@)Loc39   chr1_62632564_G_A_b38   3.058e-03 7.243e-02    7.243e-02      2.215e-04
ENSG00000116641:1(@)Loc39   chr1_62641855_C_T_b38   2.237e-02 6.020e-03    6.020e-03      1.347e-04
ENSG00000116641:1(@)Loc39   chr1_62668259_G_A_b38   5.878e-03 2.929e-02    2.929e-02      1.722e-04
ENSG00000116641:1(@)Loc39   chr1_62679768_G_A_b38   5.324e-02 2.400e-02    2.400e-02      1.278e-03
ENSG00000137960:1(@)Loc48   chr1_78053255_A_G_b38   9.999e-01 4.047e-04    4.047e-04      4.047e-04
ENSG00000162676:2(@)Loc56   chr1_92527990_A_C_b38   3.051e-04 3.886e-01    3.886e-01      1.186e-04
ENSG00000117500:1(@)Loc57   chr1_93154836_G_A_b38   4.472e-02 2.954e-03    2.954e-03      1.321e-04
ENSG00000198890:1(@)Loc66   chr1_107056380_A_C_b38   2.699e-01 1.001e-03    1.001e-03      2.702e-04
ENSG00000198890:1(@)Loc66   chr1_107056636_A_T_b38   2.313e-01 9.177e-04    9.177e-04      2.123e-04
ENSG00000198890:1(@)Loc66   chr1_107075085_G_A_b38   1.187e-02 3.680e-02    3.680e-02      4.369e-04
ENSG00000263956:1(@)Loc73   chr1_148161965_C_G_b38   8.426e-01 1.382e-04    1.382e-04      1.165e-04
ENSG00000177628:2(@)Loc77   chr1_155133578_A_G_b38   2.361e-01 1.189e-03    1.189e-03      2.807e-04
ENSG00000177628:2(@)Loc77   chr1_155133751_A_T_b38   2.361e-01 1.173e-03    1.173e-03      2.769e-04
ENSG00000177628:1(@)Loc77   chr1_155155273_T_C_b38   1.726e-01 1.267e-03    1.267e-03      2.186e-04
ENSG00000177628:1(@)Loc77   chr1_155156241_T_C_b38   1.726e-01 1.267e-03    1.267e-03      2.186e-04
ENSG00000177628:1(@)Loc77   chr1_155157915_G_A_b38   6.178e-01 2.587e-02    2.588e-02      1.599e-02
ENSG00000231064:1(@)Loc77   chr1_155157915_G_A_b38   9.032e-03 2.587e-02    2.588e-02      2.337e-04
ENSG00000169231:1(@)Loc77   chr1_155215184_G_A_b38   8.054e-01 2.188e-04    2.188e-04      1.762e-04
ENSG00000198952:1(@)Loc77   chr1_156274030_C_T_b38   1.252e-01 1.371e-03    1.371e-03      1.717e-04
ENSG00000198952:1(@)Loc77   chr1_156276682_G_C_b38   1.252e-01 1.357e-03    1.357e-03      1.699e-04
ENSG00000198952:1(@)Loc77   chr1_156279714_A_G_b38   2.306e-01 9.874e-04    9.874e-04      2.277e-04
ENSG00000160781:1(@)Loc77   chr1_156274030_C_T_b38   1.692e-01 1.371e-03    1.371e-03      2.320e-04
ENSG00000160781:1(@)Loc77   chr1_156275454_T_C_b38   1.692e-01 7.538e-04    7.538e-04      1.275e-04
ENSG00000160781:1(@)Loc77   chr1_156276682_G_C_b38   1.692e-01 1.357e-03    1.357e-03      2.296e-04
ENSG00000160781:1(@)Loc77   chr1_156279714_A_G_b38   1.692e-01 9.874e-04    9.874e-04      1.671e-04
ENSG00000283360:1(@)Loc80   chr1_161440668_A_G_b38   2.868e-03 3.851e-02    3.851e-02      1.105e-04
ENSG00000283360:1(@)Loc80   chr1_161472545_C_G_b38   4.053e-02 5.823e-03    5.823e-03      2.360e-04
ENSG00000283360:1(@)Loc80   chr1_161473251_C_T_b38   2.402e-02 6.301e-03    6.301e-03      1.513e-04
ENSG00000283317:2(@)Loc80   chr1_161434464_G_A_b38   1.338e-01 1.527e-03    1.527e-03      2.043e-04
ENSG00000283317:2(@)Loc80   chr1_161435263_C_T_b38   1.338e-01 1.417e-03    1.417e-03      1.896e-04
ENSG00000283317:2(@)Loc80   chr1_161440668_A_G_b38   3.278e-01 3.851e-02    3.851e-02      1.262e-02
ENSG00000244682:2(@)Loc80   chr1_161566968_T_C_b38   5.111e-02 3.561e-03    3.561e-03      1.820e-04
ENSG00000244682:2(@)Loc80   chr1_161595591_A_G_b38   9.460e-01 2.952e-04    2.952e-04      2.792e-04
ENSG00000225217:2(@)Loc80   chr1_161566968_T_C_b38   3.161e-02 3.561e-03    3.561e-03      1.126e-04
ENSG00000225217:2(@)Loc80   chr1_161568163_G_GA_b38   4.774e-02 3.575e-03    3.575e-03      1.707e-04
ENSG00000225217:2(@)Loc80   chr1_161595591_A_G_b38   8.208e-01 2.952e-04    2.952e-04      2.423e-04
ENSG00000132185:1(@)Loc80   chr1_161711871_C_G_b38   1.489e-01 2.631e-03    2.631e-03      3.918e-04
ENSG00000132185:1(@)Loc80   chr1_161711990_A_G_b38   5.256e-01 2.128e-03    2.128e-03      1.118e-03
ENSG00000227141:2(@)Loc90   chr1_179586351_G_A_b38   2.028e-02 1.319e-02    1.319e-02      2.676e-04
ENSG00000163795:2(@)Loc148   chr2_27519736_T_C_b38   2.212e-04 5.902e-01    5.902e-01      1.305e-04
ENSG00000226622:1(@)Loc173   chr2_62656918_A_G_b38   7.038e-03 7.957e-02    7.957e-02      5.600e-04
ENSG00000115504:2(@)Loc173   chr2_62656918_A_G_b38   1.760e-03 7.957e-02    7.957e-02      1.401e-04
ENSG00000075292:1(@)Loc179   chr2_71268771_T_A_b38   2.953e-01 6.574e-04    6.575e-04      1.942e-04
ENSG00000075292:1(@)Loc179   chr2_71271143_G_A_b38   2.953e-01 4.886e-04    4.887e-04      1.443e-04
ENSG00000236255:2(@)Loc201   chr2_117819143_T_C_b38   5.439e-03 2.115e-01    2.115e-01      1.150e-03
ENSG00000189362:2(@)Loc245   chr2_190534287_T_C_b38   2.310e-01 5.456e-04    5.456e-04      1.260e-04
ENSG00000115414:1(@)Loc259   chr2_215422370_A_G_b38   3.345e-03 6.331e-02    6.331e-02      2.118e-04
ENSG00000115414:1(@)Loc259   chr2_215435759_T_A_b38   2.319e-02 2.100e-02    2.100e-02      4.869e-04
ENSG00000115414:1(@)Loc259   chr2_215438330_A_G_b38   6.354e-03 1.682e-02    1.682e-02      1.069e-04
ENSG00000115414:1(@)Loc259   chr2_215439661_T_C_b38   3.155e-03 6.684e-01    6.684e-01      2.109e-03
ENSG00000114904:1(@)Loc312   chr3_52771077_A_G_b38   1.146e-01 1.336e-03    1.336e-03      1.532e-04
ENSG00000114904:1(@)Loc312   chr3_52775509_T_C_b38   1.591e-01 1.722e-03    1.722e-03      2.740e-04
ENSG00000114904:1(@)Loc312   chr3_52787161_A_C_b38   1.558e-01 1.244e-03    1.244e-03      1.939e-04
ENSG00000168297:3(@)Loc316   chr3_58308140_G_A_b38   1.343e-03 1.853e-01    1.853e-01      2.488e-04
ENSG00000160124:1(@)Loc352   chr3_122381059_C_T_b38   1.751e-01 5.870e-04    5.870e-04      1.028e-04
ENSG00000160124:1(@)Loc352   chr3_122426477_C_T_b38   1.211e-02 4.409e-02    4.409e-02      5.339e-04
ENSG00000272758:2(@)Loc352   chr3_122426477_C_T_b38   2.603e-02 4.409e-02    4.409e-02      1.148e-03
ENSG00000272758:3(@)Loc352   chr3_122416042_T_A_b38   2.105e-01 1.627e-02    1.627e-02      3.423e-03
ENSG00000114030:1(@)Loc352   chr3_122515768_C_G_b38   3.609e-02 5.392e-03    5.392e-03      1.946e-04
ENSG00000138496:1(@)Loc352   chr3_122564248_G_A_b38   6.632e-01 3.613e-04    3.613e-04      2.396e-04
ENSG00000153012:1(@)Loc419   chr4_25056040_G_C_b38   3.346e-02 3.597e-03    3.597e-03      1.204e-04
ENSG00000145331:3(@)Loc464   chr4_99563386_G_A_b38   6.782e-03 4.825e-02    4.825e-02      3.272e-04
ENSG00000145331:3(@)Loc464   chr4_99564098_G_A_b38   3.501e-02 8.253e-03    8.253e-03      2.889e-04
ENSG00000271874:2(@)Loc543   chr5_34663810_G_A_b38   1.655e-01 9.401e-04    9.401e-04      1.556e-04
ENSG00000213949:1(@)Loc551   chr5_52897294_A_G_b38   9.260e-01 1.010e-02    1.010e-02      9.354e-03
ENSG00000213949:1(@)Loc551   chr5_52897406_A_G_b38   6.835e-02 3.407e-02    3.407e-02      2.328e-03
ENSG00000113716:1(@)Loc608   chr5_150029731_C_T_b38   2.949e-01 5.361e-04    5.361e-04      1.581e-04
ENSG00000145850:1(@)Loc612   chr5_156963286_T_C_b38   5.888e-01 8.308e-01    8.308e-01      4.892e-01
ENSG00000145850:1(@)Loc612   chr5_156971158_G_C_b38   5.295e-02 3.312e-03    3.312e-03      1.753e-04
ENSG00000007944:2(@)Loc643   chr6_16127176_C_T_b38   1.379e-03 5.991e-01    5.991e-01      8.259e-04
ENSG00000007944:2(@)Loc643   chr6_16128734_C_G_b38   7.564e-03 7.252e-02    7.252e-02      5.485e-04
ENSG00000180596:1(@)Loc650   chr6_26092913_G_A_b38   6.223e-04 9.999e-01    9.999e-01      6.223e-04
ENSG00000274641:1(@)Loc651   chr6_27893892_G_A_b38   1.108e-02 1.613e-02    1.613e-02      1.788e-04
ENSG00000228078:1(@)Loc654   chr6_29976766_T_G_b38   2.900e-01 9.673e-04    9.673e-04      2.805e-04
ENSG00000204618:2(@)Loc654   chr6_30078221_A_C_b38   3.560e-02 1.386e-02    1.386e-02      4.932e-04
ENSG00000137337:2(@)Loc654   chr6_30717289_A_G_b38   7.550e-01 1.658e-04    1.658e-04      1.252e-04
ENSG00000272221:1(@)Loc655   chr6_31393708_T_C_b38   6.295e-04 4.998e-01    4.998e-01      3.146e-04
ENSG00000241106:3(@)Loc657   chr6_32814805_C_T_b38   1.063e-02 1.967e-02    1.967e-02      2.091e-04
ENSG00000241106:3(@)Loc657   chr6_32816843_C_T_b38   5.736e-02 1.587e-02    1.587e-02      9.105e-04
ENSG00000241106:3(@)Loc657   chr6_32821703_A_G_b38   3.265e-03 2.346e-01    2.347e-01      7.660e-04
ENSG00000241106:3(@)Loc657   chr6_32828974_T_C_b38   1.624e-03 1.416e-01    1.416e-01      2.300e-04
ENSG00000241106:3(@)Loc657   chr6_32829584_C_T_b38   1.975e-03 1.951e-01    1.951e-01      3.852e-04
ENSG00000204267:2(@)Loc657   chr6_32830771_G_A_b38   6.356e-01 4.712e-03    4.712e-03      2.995e-03
ENSG00000196821:1(@)Loc658   chr6_34635914_G_A_b38   9.370e-02 1.460e-03    1.460e-03      1.368e-04
ENSG00000196821:1(@)Loc658   chr6_34648545_G_C_b38   2.794e-01 9.134e-04    9.135e-04      2.552e-04
ENSG00000196821:1(@)Loc658   chr6_34651116_G_A_b38   4.516e-03 2.224e-02    2.224e-02      1.004e-04
ENSG00000196821:1(@)Loc658   chr6_34654784_AG_A_b38   2.794e-01 1.460e-03    1.460e-03      4.079e-04
ENSG00000196821:1(@)Loc658   chr6_34695821_C_T_b38   5.841e-02 2.711e-02    2.711e-02      1.584e-03
ENSG00000272288:1(@)Loc658   chr6_34695821_C_T_b38   1.276e-02 2.711e-02    2.711e-02      3.460e-04
ENSG00000124587:1(@)Loc663   chr6_42975041_A_G_b38   8.506e-01 5.783e-04    5.783e-04      4.919e-04
ENSG00000225791:2(@)Loc669   chr6_52585127_G_A_b38   3.465e-02 3.128e-02    3.128e-02      1.084e-03
ENSG00000225791:2(@)Loc669   chr6_52588312_C_T_b38   6.301e-02 2.410e-02    2.410e-02      1.519e-03
ENSG00000225791:2(@)Loc669   chr6_52600633_A_AT_b38   9.843e-02 3.133e-02    3.133e-02      3.084e-03
ENSG00000225791:2(@)Loc669   chr6_52601857_G_A_b38   4.133e-01 1.438e-02    1.438e-02      5.942e-03
ENSG00000225791:2(@)Loc669   chr6_52602317_G_A_b38   1.631e-01 1.331e-02    1.331e-02      2.170e-03
ENSG00000225791:2(@)Loc669   chr6_52604259_G_C_b38   2.142e-01 2.166e-03    2.166e-03      4.639e-04
ENSG00000249379:1(@)Loc670   chr6_53632424_A_G_b38   1.768e-02 1.747e-02    1.747e-02      3.088e-04
ENSG00000001084:1(@)Loc670   chr6_53632424_A_G_b38   2.619e-02 1.747e-02    1.747e-02      4.574e-04
ENSG00000260273:1(@)Loc703   chr6_109383239_T_C_b38   2.733e-01 5.889e-04    5.889e-04      1.610e-04
ENSG00000260273:1(@)Loc703   chr6_109383248_A_C_b38   2.733e-01 5.889e-04    5.889e-04      1.610e-04
ENSG00000111816:1(@)Loc707   chr6_116016340_G_A_b38   4.870e-03 3.200e-01    3.200e-01      1.559e-03
ENSG00000111816:1(@)Loc707   chr6_116031587_C_T_b38   3.564e-03 3.418e-01    3.418e-01      1.218e-03
ENSG00000111816:1(@)Loc707   chr6_116033428_C_T_b38   3.564e-03 3.070e-01    3.070e-01      1.094e-03
ENSG00000111816:1(@)Loc707   chr6_116060831_T_C_b38   3.627e-01 3.588e-04    3.588e-04      1.301e-04
ENSG00000111816:1(@)Loc707   chr6_116061554_T_TACTA_b38   1.482e-01 1.076e-03    1.076e-03      1.594e-04
ENSG00000093134:1(@)Loc718   chr6_132731144_A_G_b38   1.550e-01 8.712e-04    8.712e-04      1.350e-04
ENSG00000120262:1(@)Loc728   chr6_151578912_T_A_b38   1.196e-01 1.899e-03    1.899e-03      2.271e-04
ENSG00000229043:2(@)Loc744   chr7_1158100_C_T_b38   4.156e-01 4.789e-04    4.789e-04      1.990e-04
ENSG00000146530:3(@)Loc755   chr7_12394317_T_TA_b38   9.984e-01 1.244e-04    1.244e-04      1.242e-04
ENSG00000015520:2(@)Loc774   chr7_44542387_T_C_b38   1.633e-03 1.236e-01    1.236e-01      2.019e-04
ENSG00000015520:2(@)Loc774   chr7_44542732_A_G_b38   1.604e-03 8.526e-01    8.526e-01      1.367e-03
ENSG00000157259:1(@)Loc798   chr7_92447889_G_A_b38   8.942e-01 1.482e-04    1.482e-04      1.325e-04
ENSG00000272950:1(@)Loc802   chr7_98286323_T_G_b38   5.855e-02 3.619e-03    3.619e-03      2.119e-04
ENSG00000272950:1(@)Loc802   chr7_98286325_A_G_b38   5.855e-02 3.619e-03    3.619e-03      2.119e-04
ENSG00000272950:1(@)Loc802   chr7_98300261_TC_T_b38   3.744e-02 3.482e-03    3.482e-03      1.304e-04
ENSG00000272950:1(@)Loc802   chr7_98320502_C_T_b38   7.281e-02 4.212e-03    4.212e-03      3.066e-04
ENSG00000272950:1(@)Loc802   chr7_98322009_C_T_b38   1.561e-01 4.854e-03    4.854e-03      7.578e-04
ENSG00000156006:1(@)Loc861   chr8_18391151_A_G_b38   2.021e-01 8.922e-03    8.922e-03      1.803e-03
ENSG00000156006:1(@)Loc861   chr8_18398199_A_G_b38   2.981e-03 3.897e-01    3.897e-01      1.162e-03
ENSG00000197217:1(@)Loc865   chr8_23424691_C_T_b38   2.865e-01 1.282e-03    1.282e-03      3.673e-04
ENSG00000197217:1(@)Loc865   chr8_23434623_C_T_b38   6.380e-01 1.554e-03    1.554e-03      9.915e-04
ENSG00000250031:2(@)Loc886   chr8_58399138_A_G_b38   3.728e-04 2.748e-01    2.748e-01      1.025e-04
ENSG00000250031:2(@)Loc886   chr8_58440975_C_T_b38   4.050e-04 4.009e-01    4.009e-01      1.623e-04
ENSG00000175606:1(@)Loc895   chr8_73969439_G_A_b38   7.141e-03 3.611e-02    3.611e-02      2.578e-04
ENSG00000154589:1(@)Loc895   chr8_73969439_G_A_b38   2.846e-03 3.611e-02    3.611e-02      1.027e-04
ENSG00000104231:1(@)Loc899   chr8_81732207_G_A_b38   7.770e-01 1.417e-04    1.417e-04      1.101e-04
ENSG00000156795:1(@)Loc921   chr8_123417155_A_G_b38   7.179e-01 1.513e-04    1.513e-04      1.086e-04
ENSG00000178719:1(@)Loc935   chr8_143948489_G_T_b38   1.979e-02 9.999e-01    9.999e-01      1.979e-02
ENSG00000178209:1(@)Loc935   chr8_143948489_G_T_b38   5.331e-02 9.999e-01    9.999e-01      5.331e-02
ENSG00000273226:1(@)Loc950   chr9_19375840_TGGTATCCACTAAAACTA_T_b38   3.583e-01 6.737e-04    6.737e-04      2.414e-04
ENSG00000137154:1(@)Loc950   chr9_19379369_G_A_b38   1.106e-01 1.170e-03    1.170e-03      1.295e-04
ENSG00000272842:1(@)Loc950   chr9_19376260_G_C_b38   2.730e-01 7.041e-04    7.041e-04      1.922e-04
ENSG00000271155:1(@)Loc983   chr9_95506656_A_ACGCCCGCTTGCGCGCACC_b38   5.385e-01 1.898e-04    1.898e-04      1.022e-04
ENSG00000070159:1(@)Loc990   chr9_109485747_G_A_b38   8.749e-01 1.564e-04    1.564e-04      1.368e-04
ENSG00000160447:1(@)Loc1001   chr9_128703202_C_G_b38   2.400e-01 7.571e-04    7.571e-04      1.817e-04
ENSG00000160447:1(@)Loc1001   chr9_128704210_G_T_b38   4.787e-01 8.780e-04    8.780e-04      4.203e-04
ENSG00000160447:1(@)Loc1001   chr9_128706461_G_A_b38   2.810e-01 9.090e-04    9.090e-04      2.554e-04
ENSG00000057608:2(@)Loc1015   chr10_5803098_A_G_b38   2.291e-01 2.243e-03    2.243e-03      5.139e-04
ENSG00000057608:2(@)Loc1015   chr10_5806875_T_C_b38   2.083e-01 1.161e-03    1.161e-03      2.418e-04
ENSG00000057608:2(@)Loc1015   chr10_5807954_C_G_b38   1.926e-01 1.640e-03    1.640e-03      3.158e-04
ENSG00000057608:2(@)Loc1015   chr10_5813440_G_C_b38   1.525e-01 2.870e-03    2.870e-03      4.376e-04
ENSG00000229124:2(@)Loc1023   chr10_17218291_A_G_b38   8.734e-04 4.054e-01    4.054e-01      3.541e-04
ENSG00000229124:1(@)Loc1023   chr10_17229401_G_C_b38   8.348e-01 1.385e-04    1.385e-04      1.157e-04
ENSG00000138190:1(@)Loc1068   chr10_92813793_A_G_b38   4.389e-03 4.349e-02    4.349e-02      1.909e-04
ENSG00000119965:2(@)Loc1086   chr10_122953445_A_G_b38   2.357e-01 1.640e-03    1.640e-03      3.867e-04
ENSG00000119965:1(@)Loc1086   chr10_122933070_A_G_b38   4.442e-01 7.864e-02    7.864e-02      3.493e-02
ENSG00000119965:1(@)Loc1086   chr10_122934071_G_T_b38   2.734e-01 2.031e-03    2.032e-03      5.554e-04
ENSG00000119965:1(@)Loc1086   chr10_122945179_C_T_b38   2.371e-01 1.623e-03    1.623e-03      3.847e-04
ENSG00000132274:1(@)Loc1098   chr11_5689666_A_C_b38   8.255e-01 1.231e-04    1.231e-04      1.016e-04
ENSG00000132274:1(@)Loc1098   chr11_5691030_G_A_b38   1.673e-01 9.170e-04    9.170e-04      1.534e-04
ENSG00000179119:1(@)Loc1107   chr11_18611437_T_C_b38   1.322e-02 7.889e-02    7.889e-02      1.043e-03
ENSG00000179119:1(@)Loc1107   chr11_18634724_C_T_b38   3.136e-01 9.211e-01    9.211e-01      2.889e-01
ENSG00000175220:1(@)Loc1122   chr11_46700671_T_C_b38   6.231e-01 3.511e-04    3.511e-04      2.187e-04
ENSG00000165912:1(@)Loc1123   chr11_47184354_CCT_C_b38   1.978e-01 6.063e-04    6.063e-04      1.199e-04
ENSG00000165912:1(@)Loc1123   chr11_47185172_TC_T_b38   1.978e-01 6.063e-04    6.063e-04      1.199e-04
ENSG00000165912:1(@)Loc1123   chr11_47204445_T_C_b38   4.225e-02 2.513e-03    2.513e-03      1.062e-04
ENSG00000134825:1(@)Loc1128   chr11_61785208_G_T_b38   1.873e-02 7.036e-03    7.036e-03      1.318e-04
ENSG00000134825:1(@)Loc1128   chr11_61802358_C_T_b38   2.187e-02 1.637e-02    1.637e-02      3.579e-04
ENSG00000134825:1(@)Loc1128   chr11_61804006_T_C_b38   9.780e-03 3.634e-02    3.634e-02      3.554e-04
ENSG00000134824:2(@)Loc1128   chr11_61837342_C_A_b38   4.672e-04 2.241e-01    2.241e-01      1.047e-04
ENSG00000197136:1(@)Loc1130   chr11_65613445_G_A_b38   1.923e-01 1.621e-03    1.621e-03      3.117e-04
ENSG00000197136:1(@)Loc1130   chr11_65622419_G_C_b38   5.888e-02 1.797e-03    1.797e-03      1.058e-04
ENSG00000173327:1(@)Loc1130   chr11_65613445_G_A_b38   9.993e-01 1.621e-03    1.621e-03      1.620e-03
ENSG00000172922:2(@)Loc1130   chr11_65717649_C_T_b38   3.696e-01 3.487e-04    3.487e-04      1.289e-04
ENSG00000214659:2(@)Loc1130   chr11_65726789_G_T_b38   1.943e-01 1.355e-03    1.355e-03      2.632e-04
ENSG00000248746:1(@)Loc1131   chr11_66529892_C_T_b38   1.272e-01 1.352e-03    1.352e-03      1.720e-04
ENSG00000255517:1(@)Loc1131   chr11_66472720_G_A_b38   5.728e-02 1.946e-03    1.946e-03      1.115e-04
ENSG00000255517:1(@)Loc1131   chr11_66473411_T_C_b38   1.043e-01 1.211e-03    1.211e-03      1.264e-04
ENSG00000255517:1(@)Loc1131   chr11_66478866_T_C_b38   2.842e-01 9.924e-04    9.924e-04      2.821e-04
ENSG00000255517:1(@)Loc1131   chr11_66488044_T_C_b38   2.407e-01 1.033e-03    1.033e-03      2.486e-04
ENSG00000255517:1(@)Loc1131   chr11_66490535_A_G_b38   7.852e-02 1.411e-03    1.411e-03      1.108e-04
ENSG00000254986:1(@)Loc1131   chr11_66474636_A_G_b38   2.460e-01 5.826e-04    5.826e-04      1.433e-04
ENSG00000254986:1(@)Loc1131   chr11_66476983_A_G_b38   9.639e-02 1.253e-03    1.253e-03      1.208e-04
ENSG00000254986:1(@)Loc1131   chr11_66480373_G_A_b38   1.789e-01 1.113e-03    1.113e-03      1.991e-04
ENSG00000254986:1(@)Loc1131   chr11_66483367_A_C_b38   9.601e-02 1.113e-03    1.113e-03      1.068e-04
ENSG00000174080:2(@)Loc1131   chr11_66568700_C_A_b38   2.109e-01 7.248e-04    7.248e-04      1.528e-04
ENSG00000118369:1(@)Loc1137   chr11_78212453_G_GT_b38   6.198e-02 2.316e-03    2.316e-03      1.436e-04
ENSG00000118369:1(@)Loc1137   chr11_78213342_T_C_b38   1.280e-01 9.388e-04    9.388e-04      1.201e-04
ENSG00000118369:1(@)Loc1137   chr11_78213498_G_A_b38   3.304e-02 5.978e-03    5.978e-03      1.975e-04
ENSG00000118369:1(@)Loc1137   chr11_78214713_A_C_b38   6.378e-02 7.694e-03    7.694e-03      4.908e-04
ENSG00000118369:1(@)Loc1137   chr11_78214732_A_G_b38   8.395e-02 1.419e-03    1.419e-03      1.191e-04
ENSG00000118369:1(@)Loc1137   chr11_78214809_G_C_b38   6.378e-02 7.776e-03    7.776e-03      4.959e-04
ENSG00000118369:1(@)Loc1137   chr11_78214834_CTCTACTGAA_C_b38   1.061e-01 1.419e-03    1.419e-03      1.505e-04
ENSG00000118369:1(@)Loc1137   chr11_78214883_GACTT_G_b38   1.656e-01 2.242e-03    2.242e-03      3.712e-04
ENSG00000118369:1(@)Loc1137   chr11_78215723_A_G_b38   1.454e-02 9.457e-03    9.457e-03      1.375e-04
ENSG00000243431:1(@)Loc1165   chr11_118554704_G_T_b38   4.383e-02 2.156e-02    2.156e-02      9.448e-04
ENSG00000243431:1(@)Loc1165   chr11_118559049_T_G_b38   1.320e-01 1.381e-03    1.381e-03      1.824e-04
ENSG00000243431:1(@)Loc1165   chr11_118559333_C_T_b38   1.649e-01 1.381e-03    1.381e-03      2.277e-04
ENSG00000243431:1(@)Loc1165   chr11_118559804_C_T_b38   2.826e-01 1.381e-03    1.381e-03      3.904e-04
ENSG00000019144:1(@)Loc1165   chr11_118615352_T_C_b38   2.972e-01 1.807e-02    1.807e-02      5.370e-03
ENSG00000110367:1(@)Loc1165   chr11_118762824_T_C_b38   1.717e-02 7.093e-03    7.093e-03      1.218e-04
ENSG00000255258:1(@)Loc1177   chr11_133822641_T_C_b38   4.996e-01 2.066e-04    2.066e-04      1.032e-04
ENSG00000255258:1(@)Loc1177   chr11_133823706_T_C_b38   4.996e-01 4.706e-04    4.707e-04      2.351e-04
ENSG00000003056:1(@)Loc1187   chr12_8929985_A_G_b38   8.364e-02 4.654e-02    4.654e-02      3.893e-03
ENSG00000187950:1(@)Loc1197   chr12_29480912_G_A_b38   1.216e-01 9.905e-03    9.905e-03      1.205e-03
ENSG00000187950:1(@)Loc1197   chr12_29484214_G_A_b38   8.391e-02 4.109e-03    4.109e-03      3.448e-04
ENSG00000187950:1(@)Loc1197   chr12_29484247_G_C_b38   1.216e-01 4.243e-03    4.243e-03      5.161e-04
ENSG00000187950:1(@)Loc1197   chr12_29484453_A_G_b38   1.216e-01 4.243e-03    4.243e-03      5.161e-04
ENSG00000187950:1(@)Loc1197   chr12_29492320_T_A_b38   7.312e-02 4.778e-03    4.778e-03      3.494e-04
ENSG00000187950:1(@)Loc1197   chr12_29493137_T_C_b38   2.343e-01 3.263e-03    3.263e-03      7.645e-04
ENSG00000175548:1(@)Loc1202   chr12_38317017_C_T_b38   6.454e-01 5.646e-04    5.646e-04      3.644e-04
ENSG00000175548:1(@)Loc1202   chr12_38317486_C_T_b38   2.271e-01 7.030e-04    7.030e-04      1.596e-04
ENSG00000139323:1(@)Loc1232   chr12_89508558_G_A_b38   5.649e-02 3.686e-03    3.686e-03      2.082e-04
ENSG00000139323:1(@)Loc1232   chr12_89515207_G_A_b38   5.649e-02 2.875e-03    2.875e-03      1.624e-04
ENSG00000110880:2(@)Loc1244   chr12_108701361_A_G_b38   7.084e-04 2.850e-01    2.850e-01      2.019e-04
ENSG00000157895:2(@)Loc1252   chr12_120993422_G_A_b38   2.199e-03 5.457e-02    5.457e-02      1.200e-04
ENSG00000270028:1(@)Loc1253   chr12_123920171_T_C_b38   5.337e-02 4.326e-03    4.326e-03      2.309e-04
ENSG00000270028:1(@)Loc1253   chr12_123924955_G_A_b38   3.680e-01 8.656e-04    8.656e-04      3.185e-04
ENSG00000250091:1(@)Loc1253   chr12_123935181_C_T_b38   1.169e-02 1.912e-02    1.912e-02      2.236e-04
ENSG00000250091:1(@)Loc1253   chr12_123964676_C_A_b38   3.840e-02 9.307e-03    9.307e-03      3.574e-04
ENSG00000269938:1(@)Loc1253   chr12_123955563_C_A_b38   4.724e-03 2.888e-02    2.888e-02      1.364e-04
ENSG00000269938:1(@)Loc1253   chr12_123964676_C_A_b38   3.517e-02 9.307e-03    9.307e-03      3.273e-04
ENSG00000179195:1(@)Loc1253   chr12_123964676_C_A_b38   1.171e-02 9.307e-03    9.307e-03      1.089e-04
ENSG00000179195:1(@)Loc1253   chr12_123973455_C_A_b38   1.508e-01 1.088e-03    1.088e-03      1.641e-04
ENSG00000152749:1(@)Loc1307   chr13_94601666_T_G_b38   9.164e-01 1.206e-04    1.206e-04      1.105e-04
ENSG00000185989:1(@)Loc1322   chr13_114055600_T_C_b38   1.554e-02 3.436e-02    3.436e-02      5.340e-04
ENSG00000274330:1(@)Loc1354   chr14_70224238_T_C_b38   1.248e-01 4.683e-02    4.683e-02      5.846e-03
ENSG00000274330:1(@)Loc1354   chr14_70228074_G_C_b38   3.232e-01 3.796e-04    3.796e-04      1.227e-04
ENSG00000119599:1(@)Loc1356   chr14_72926683_G_A_b38   9.975e-01 1.007e-04    1.007e-04      1.005e-04
ENSG00000258666:1(@)Loc1374   chr14_100354199_A_G_b38   3.798e-01 3.039e-03    3.039e-03      1.154e-03
ENSG00000258666:1(@)Loc1374   chr14_100374259_G_C_b38   2.435e-01 2.045e-03    2.045e-03      4.978e-04
ENSG00000140105:1(@)Loc1374   chr14_100374259_G_C_b38   2.179e-01 2.045e-03    2.045e-03      4.456e-04
ENSG00000176473:1(@)Loc1374   chr14_100376441_T_C_b38   1.417e-01 1.118e-03    1.118e-03      1.585e-04
ENSG00000176473:1(@)Loc1374   chr14_100377141_G_A_b38   1.657e-01 6.643e-04    6.643e-04      1.101e-04
ENSG00000176473:1(@)Loc1374   chr14_100377178_C_G_b38   1.657e-01 6.643e-04    6.643e-04      1.101e-04
ENSG00000259374:1(@)Loc1376   chr14_103138778_A_G_b38   4.135e-01 5.628e-04    5.628e-04      2.327e-04
ENSG00000103653:1(@)Loc1413   chr15_74785026_C_A_b38   5.314e-02 2.451e-03    2.451e-03      1.302e-04
ENSG00000103653:1(@)Loc1413   chr15_74787809_C_A_b38   3.934e-02 2.902e-03    2.902e-03      1.142e-04
ENSG00000178761:1(@)Loc1413   chr15_74907551_A_G_b38   4.672e-02 2.550e-03    2.550e-03      1.191e-04
ENSG00000178802:1(@)Loc1413   chr15_74897589_A_G_b38   6.623e-02 3.306e-03    3.307e-03      2.190e-04
ENSG00000140543:1(@)Loc1419   chr15_88546426_G_T_b38   5.184e-01 4.911e-04    4.911e-04      2.546e-04
ENSG00000259182:1(@)Loc1428   chr15_101168135_A_G_b38   8.354e-01 1.676e-04    1.676e-04      1.400e-04
ENSG00000187535:1(@)Loc1430   chr16_1524862_G_A_b38   9.910e-01 1.061e-04    1.061e-04      1.052e-04
ENSG00000267795:1(@)Loc1432   chr16_4805278_A_G_b38   2.389e-01 8.594e-04    8.594e-04      2.053e-04
ENSG00000232748:1(@)Loc1452   chr16_31074149_T_C_b38   2.742e-02 4.458e-03    4.459e-03      1.223e-04
ENSG00000167394:1(@)Loc1452   chr16_31074149_T_C_b38   2.387e-01 4.458e-03    4.459e-03      1.064e-03
ENSG00000167394:1(@)Loc1452   chr16_31113086_A_G_b38   2.181e-02 1.549e-02    1.549e-02      3.379e-04
ENSG00000167395:2(@)Loc1452   chr16_31074149_T_C_b38   2.147e-01 4.458e-03    4.459e-03      9.571e-04
ENSG00000167395:2(@)Loc1452   chr16_31077026_G_A_b38   6.631e-02 4.231e-03    4.231e-03      2.805e-04
ENSG00000103510:2(@)Loc1452   chr16_31113086_A_G_b38   1.721e-02 1.549e-02    1.549e-02      2.666e-04
ENSG00000103510:2(@)Loc1452   chr16_31114455_T_C_b38   3.923e-02 3.352e-03    3.352e-03      1.315e-04
ENSG00000103510:2(@)Loc1452   chr16_31116767_AAT_A_b38   4.293e-02 3.065e-03    3.065e-03      1.316e-04
ENSG00000103510:2(@)Loc1452   chr16_31117347_C_A_b38   2.972e-02 3.876e-03    3.876e-03      1.152e-04
ENSG00000103510:2(@)Loc1452   chr16_31118574_A_G_b38   4.851e-02 1.114e-02    1.114e-02      5.403e-04
ENSG00000103510:2(@)Loc1452   chr16_31119853_G_A_b38   1.453e-01 8.327e-04    8.327e-04      1.210e-04
ENSG00000103510:2(@)Loc1452   chr16_31120293_A_G_b38   6.477e-02 7.036e-03    7.036e-03      4.557e-04
ENSG00000103510:2(@)Loc1452   chr16_31126391_C_T_b38   1.495e-02 9.600e-03    9.600e-03      1.435e-04
ENSG00000103510:2(@)Loc1452   chr16_31130672_C_T_b38   2.600e-02 7.702e-03    7.702e-03      2.002e-04
ENSG00000262766:1(@)Loc1452   chr16_31118574_A_G_b38   8.981e-03 1.114e-02    1.114e-02      1.000e-04
ENSG00000052344:1(@)Loc1452   chr16_31136227_G_A_b38   4.775e-02 8.072e-03    8.072e-03      3.855e-04
ENSG00000087237:1(@)Loc1458   chr16_56954132_C_T_b38   2.020e-02 1.399e-02    1.399e-02      2.827e-04
ENSG00000087237:1(@)Loc1458   chr16_56955678_C_T_b38   2.632e-02 9.844e-01    9.844e-01      2.591e-02
ENSG00000141480:1(@)Loc1486   chr17_4714656_A_T_b38   8.029e-01 1.248e-04    1.248e-04      1.002e-04
ENSG00000091640:1(@)Loc1487   chr17_4967598_G_A_b38   4.458e-01 3.227e-04    3.227e-04      1.439e-04
ENSG00000091640:1(@)Loc1487   chr17_4968223_T_C_b38   4.458e-01 2.673e-04    2.673e-04      1.192e-04
ENSG00000178977:2(@)Loc1489   chr17_8222223_A_G_b38   2.846e-02 1.010e-01    1.010e-01      2.873e-03
ENSG00000178977:2(@)Loc1489   chr17_8225842_A_G_b38   2.510e-02 1.650e-01    1.650e-01      4.141e-03
ENSG00000178977:2(@)Loc1489   chr17_8257284_T_C_b38   2.985e-03 9.345e-02    9.345e-02      2.789e-04
ENSG00000178977:2(@)Loc1489   chr17_8257831_C_T_b38   1.511e-03 2.908e-01    2.908e-01      4.395e-04
ENSG00000178971:1(@)Loc1489   chr17_8230957_C_T_b38   9.956e-01 4.503e-04    4.503e-04      4.483e-04
ENSG00000198844:1(@)Loc1489   chr17_8291000_G_A_b38   4.429e-02 9.923e-03    9.923e-03      4.395e-04
ENSG00000226871:1(@)Loc1489   chr17_8316160_A_G_b38   4.508e-01 3.596e-04    3.596e-04      1.621e-04
ENSG00000226871:1(@)Loc1489   chr17_8317039_A_G_b38   4.703e-01 4.057e-04    4.057e-04      1.908e-04
ENSG00000160606:1(@)Loc1499   chr17_28728293_C_T_b38   1.361e-01 9.569e-04    9.569e-04      1.302e-04
ENSG00000160606:1(@)Loc1499   chr17_28728422_G_A_b38   1.361e-01 8.587e-04    8.587e-04      1.169e-04
ENSG00000167525:1(@)Loc1499   chr17_28711396_CCCCCGGCCCTAGCTCCG_C_b38   1.590e-01 8.894e-04    8.894e-04      1.414e-04
ENSG00000167525:1(@)Loc1499   chr17_28711515_G_A_b38   3.714e-01 1.012e-03    1.013e-03      3.761e-04
ENSG00000264577:1(@)Loc1499   chr17_28745445_G_A_b38   6.533e-02 3.499e-03    3.499e-03      2.286e-04
ENSG00000132591:1(@)Loc1499   chr17_28755692_C_G_b38   1.169e-01 3.199e-03    3.199e-03      3.739e-04
ENSG00000132591:1(@)Loc1499   chr17_28802096_C_CT_b38   6.389e-02 3.158e-03    3.158e-03      2.018e-04
ENSG00000132591:1(@)Loc1499   chr17_28851743_C_T_b38   2.146e-02 6.739e-03    6.739e-03      1.446e-04
ENSG00000132591:1(@)Loc1499   chr17_28855926_G_A_b38   2.390e-02 6.808e-03    6.808e-03      1.627e-04
ENSG00000167536:1(@)Loc1499   chr17_28897781_T_C_b38   7.181e-01 4.084e-04    4.085e-04      2.933e-04
ENSG00000263293:1(@)Loc1509   chr17_47314438_T_C_b38   1.629e-03 4.905e-01    4.905e-01      7.990e-04
ENSG00000178852:2(@)Loc1509   chr17_47314438_T_C_b38   1.344e-03 4.905e-01    4.905e-01      6.592e-04
ENSG00000141295:1(@)Loc1510   chr17_47838029_T_C_b38   9.590e-01 7.816e-04    7.816e-04      7.496e-04
ENSG00000005243:3(@)Loc1510   chr17_48086505_G_A_b38   1.190e-01 3.171e-03    3.171e-03      3.774e-04
ENSG00000169696:1(@)Loc1528   chr17_81996668_T_A_b38   9.955e-01 1.196e-04    1.196e-04      1.190e-04
ENSG00000119537:1(@)Loc1564   chr18_63367187_T_G_b38   9.994e-01 2.180e-04    2.180e-04      2.179e-04
ENSG00000172006:2(@)Loc1580   chr19_2821032_C_G_b38   8.336e-01 3.222e-04    3.222e-04      2.686e-04
ENSG00000279807:2(@)Loc1587   chr19_11205141_T_G_b38   1.445e-02 1.042e-02    1.042e-02      1.505e-04
ENSG00000099331:1(@)Loc1591   chr19_17146992_T_C_b38   4.475e-01 1.993e-03    1.993e-03      8.918e-04
ENSG00000096996:1(@)Loc1591   chr19_18086934_T_A_b38   2.291e-01 1.036e-03    1.036e-03      2.373e-04
ENSG00000130518:2(@)Loc1591   chr19_18274140_T_G_b38   2.023e-01 1.124e-03    1.124e-03      2.274e-04
ENSG00000256229:1(@)Loc1593   chr19_20152899_A_G_b38   9.995e-01 1.938e-04    1.939e-04      1.938e-04
ENSG00000280079:1(@)Loc1593   chr19_20152899_A_G_b38   9.739e-01 1.938e-04    1.939e-04      1.888e-04
ENSG00000233622:2(@)Loc1605   chr19_40763383_G_T_b38   9.214e-02 5.089e-03    5.089e-03      4.689e-04
ENSG00000176909:1(@)Loc1610   chr19_48702915_C_T_b38   9.759e-04 4.176e-01    4.176e-01      4.076e-04
ENSG00000176909:1(@)Loc1610   chr19_48703160_A_G_b38   9.759e-04 5.764e-01    5.764e-01      5.625e-04
ENSG00000176920:1(@)Loc1610   chr19_48702915_C_T_b38   3.820e-02 4.176e-01    4.176e-01      1.596e-02
ENSG00000176920:1(@)Loc1610   chr19_48703160_A_G_b38   3.820e-02 5.764e-01    5.764e-01      2.202e-02
ENSG00000167646:1(@)Loc1614   chr19_55166155_C_T_b38   9.612e-01 1.247e-04    1.247e-04      1.199e-04
ENSG00000178726:2(@)Loc1632   chr20_23028909_C_G_b38   8.451e-02 1.745e-03    1.745e-03      1.475e-04
ENSG00000100994:2(@)Loc1634   chr20_25229677_G_C_b38   4.753e-01 6.104e-04    6.104e-04      2.902e-04
ENSG00000100994:2(@)Loc1634   chr20_25234400_T_G_b38   4.753e-01 4.752e-04    4.752e-04      2.259e-04
ENSG00000277938:1(@)Loc1634   chr20_25228663_C_A_b38   2.199e-01 7.666e-04    7.666e-04      1.686e-04
ENSG00000100994:1(@)Loc1634   chr20_25261033_G_C_b38   9.998e-01 7.790e-04    7.790e-04      7.788e-04
ENSG00000224497:2(@)Loc1637   chr20_35564866_C_T_b38   4.319e-03 2.579e-02    2.580e-02      1.114e-04
ENSG00000224497:2(@)Loc1637   chr20_35566823_C_T_b38   2.382e-03 5.424e-01    5.424e-01      1.292e-03
ENSG00000125991:1(@)Loc1637   chr20_35537447_C_T_b38   1.171e-01 9.015e-04    9.015e-04      1.056e-04
ENSG00000125991:1(@)Loc1637   chr20_35540122_G_A_b38   7.315e-03 2.297e-02    2.297e-02      1.680e-04
ENSG00000125991:1(@)Loc1637   chr20_35543647_C_T_b38   1.088e-01 1.643e-03    1.643e-03      1.787e-04
ENSG00000125991:1(@)Loc1637   chr20_35564866_C_T_b38   1.311e-02 2.579e-02    2.580e-02      3.382e-04
ENSG00000224497:1(@)Loc1637   chr20_35543647_C_T_b38   6.468e-01 1.643e-03    1.643e-03      1.063e-03
ENSG00000224497:1(@)Loc1637   chr20_35545279_C_T_b38   9.579e-02 1.643e-03    1.643e-03      1.574e-04
ENSG00000224497:1(@)Loc1637   chr20_35545566_TCAA_T_b38   9.579e-02 1.643e-03    1.643e-03      1.574e-04
ENSG00000227401:1(@)Loc1637   chr20_35566823_C_T_b38   3.824e-04 5.424e-01    5.424e-01      2.074e-04
ENSG00000244462:2(@)Loc1637   chr20_35655095_C_T_b38   1.835e-02 1.261e-02    1.261e-02      2.314e-04
ENSG00000125510:1(@)Loc1654   chr20_64080106_C_T_b38   1.731e-01 6.105e-04    6.105e-04      1.057e-04
ENSG00000273091:1(@)Loc1667   chr21_31687518_T_C_b38   9.805e-03 2.693e-02    2.693e-02      2.640e-04
ENSG00000183255:1(@)Loc1677   chr21_44875071_G_C_b38   9.982e-01 1.261e-04    1.261e-04      1.259e-04
ENSG00000160285:1(@)Loc1678   chr21_46194529_A_G_b38   5.000e-01 2.489e-04    2.489e-04      1.245e-04
ENSG00000160285:1(@)Loc1678   chr21_46197575_T_G_b38   5.000e-01 2.252e-04    2.252e-04      1.126e-04
ENSG00000215424:2(@)Loc1678   chr21_46229830_A_AG_b38   2.140e-01 7.072e-04    7.072e-04      1.513e-04
ENSG00000239415:2(@)Loc1678   chr21_46295725_C_CCT_b38   1.457e-01 1.069e-03    1.070e-03      1.558e-04
ENSG00000239415:2(@)Loc1678   chr21_46297702_G_A_b38   2.855e-01 1.188e-03    1.188e-03      3.390e-04
ENSG00000239415:2(@)Loc1678   chr21_46301747_T_C_b38   1.457e-01 1.219e-03    1.219e-03      1.776e-04
ENSG00000239415:2(@)Loc1678   chr21_46303211_T_C_b38   2.855e-01 1.069e-03    1.070e-03      3.053e-04
ENSG00000160299:1(@)Loc1678   chr21_46324123_CG_C_b38   4.721e-01 6.861e-04    6.861e-04      3.239e-04
ENSG00000160299:1(@)Loc1678   chr21_46325219_C_G_b38   1.371e-01 7.351e-04    7.351e-04      1.008e-04
ENSG00000182362:1(@)Loc1678   chr21_46326968_A_G_b38   9.999e-01 1.279e-03    1.279e-03      1.279e-03
ENSG00000100284:2(@)Loc1692   chr22_35298900_C_A_b38   4.864e-02 3.366e-03    3.366e-03      1.637e-04
ENSG00000100284:2(@)Loc1692   chr22_35299680_GC_G_b38   4.864e-02 4.168e-03    4.168e-03      2.027e-04
ENSG00000100284:1(@)Loc1692   chr22_35328666_C_A_b38   9.992e-01 6.888e-04    6.888e-04      6.882e-04
ENSG00000100299:1(@)Loc1702   chr22_50625049_T_C_b38   9.982e-01 2.623e-04    2.623e-04      2.618e-04
