Signal	SNP	PIP_qtl	PIP_gwas_marginal	PIP_gwas_qtl_prior	SCP
ENSG00000162585:1(@)Loc2   chr1_2189679_C_T_b38   9.252e-01 3.918e-04    3.918e-04      3.625e-04
ENSG00000204178:1(@)Loc18   chr1_25432164_G_A_b38   3.887e-02 3.203e-02    3.203e-02      1.245e-03
ENSG00000204178:1(@)Loc18   chr1_25434429_C_T_b38   2.118e-03 2.652e-01    2.652e-01      5.617e-04
ENSG00000204178:1(@)Loc18   chr1_25434800_T_C_b38   2.558e-03 2.326e-01    2.326e-01      5.949e-04
ENSG00000204178:1(@)Loc18   chr1_25442446_A_G_b38   7.231e-04 4.469e-01    4.469e-01      3.231e-04
ENSG00000188672:2(@)Loc18   chr1_25434429_C_T_b38   1.359e-03 2.652e-01    2.652e-01      3.603e-04
ENSG00000188672:2(@)Loc18   chr1_25434800_T_C_b38   1.575e-03 2.326e-01    2.326e-01      3.663e-04
ENSG00000188672:2(@)Loc18   chr1_25442446_A_G_b38   4.089e-04 4.469e-01    4.469e-01      1.828e-04
ENSG00000121769:1(@)Loc20   chr1_31376362_C_G_b38   1.339e-01 1.196e-03    1.196e-03      1.601e-04
ENSG00000229044:1(@)Loc20   chr1_31346560_A_C_b38   1.510e-01 6.676e-04    6.676e-04      1.008e-04
ENSG00000162366:1(@)Loc29   chr1_47191326_T_A_b38   8.731e-01 1.321e-04    1.321e-04      1.153e-04
ENSG00000235545:1(@)Loc39   chr1_62628536_A_G_b38   1.210e-03 1.193e-01    1.193e-01      1.443e-04
ENSG00000235545:1(@)Loc39   chr1_62629021_A_G_b38   1.210e-03 1.080e-01    1.080e-01      1.307e-04
ENSG00000235545:1(@)Loc39   chr1_62668259_G_A_b38   7.166e-03 2.929e-02    2.929e-02      2.099e-04
ENSG00000235545:1(@)Loc39   chr1_62679768_G_A_b38   6.230e-03 2.400e-02    2.400e-02      1.495e-04
ENSG00000069712:1(@)Loc56   chr1_92249650_C_T_b38   2.026e-03 5.023e-02    5.022e-02      1.017e-04
ENSG00000203910:2(@)Loc56   chr1_92249650_C_T_b38   1.209e-02 5.023e-02    5.022e-02      6.071e-04
ENSG00000122484:1(@)Loc56   chr1_92249650_C_T_b38   9.554e-03 5.023e-02    5.022e-02      4.799e-04
ENSG00000122484:1(@)Loc56   chr1_92326255_G_T_b38   8.297e-03 1.529e-02    1.529e-02      1.268e-04
ENSG00000122483:2(@)Loc57   chr1_93179286_C_G_b38   1.275e-01 8.215e-04    8.214e-04      1.047e-04
ENSG00000122481:3(@)Loc58   chr1_95280793_T_C_b38   1.158e-01 3.751e-03    3.750e-03      4.342e-04
ENSG00000122481:3(@)Loc58   chr1_95291270_A_G_b38   7.118e-02 3.087e-03    3.087e-03      2.198e-04
ENSG00000122481:3(@)Loc58   chr1_95301747_G_A_b38   7.118e-02 2.253e-03    2.253e-03      1.604e-04
ENSG00000198890:1(@)Loc66   chr1_107056636_A_T_b38   2.215e-01 9.177e-04    9.176e-04      2.033e-04
ENSG00000198890:1(@)Loc66   chr1_107075085_G_A_b38   2.146e-02 3.680e-02    3.680e-02      7.896e-04
ENSG00000134222:2(@)Loc67   chr1_109274968_G_T_b38   9.555e-04 4.071e-01    4.071e-01      3.890e-04
ENSG00000134222:2(@)Loc67   chr1_109275908_C_T_b38   1.948e-02 5.928e-01    5.928e-01      1.155e-02
ENSG00000143412:3(@)Loc74   chr1_150986360_A_G_b38   7.139e-03 9.701e-01    9.701e-01      6.926e-03
ENSG00000169231:1(@)Loc77   chr1_155215184_G_A_b38   6.234e-01 2.188e-04    2.188e-04      1.364e-04
ENSG00000242252:1(@)Loc77   chr1_156240066_C_T_b38   1.939e-01 1.005e-03    1.005e-03      1.948e-04
ENSG00000283317:2(@)Loc80   chr1_161440668_A_G_b38   3.756e-02 3.851e-02    3.851e-02      1.446e-03
ENSG00000143226:2(@)Loc80   chr1_161505171_G_T_b38   1.171e-01 2.359e-03    2.359e-03      2.762e-04
ENSG00000143226:2(@)Loc80   chr1_161506415_A_G_b38   6.165e-02 2.180e-03    2.180e-03      1.344e-04
ENSG00000203747:2(@)Loc80   chr1_161551141_C_T_b38   1.449e-02 1.573e-02    1.573e-02      2.278e-04
ENSG00000162746:1(@)Loc80   chr1_161727208_C_G_b38   7.491e-01 2.435e-04    2.435e-04      1.824e-04
ENSG00000235021:1(@)Loc131   chr1_246690518_G_A_b38   9.332e-01 1.402e-04    1.402e-04      1.309e-04
ENSG00000143924:1(@)Loc158   chr2_42171778_C_A_b38   1.271e-01 8.883e-03    8.883e-03      1.129e-03
ENSG00000115504:2(@)Loc173   chr2_62644090_T_C_b38   1.446e-03 7.649e-02    7.649e-02      1.106e-04
ENSG00000281920:2(@)Loc174   chr2_65624002_C_T_b38   1.464e-01 7.230e-04    7.229e-04      1.058e-04
ENSG00000281920:2(@)Loc174   chr2_65628246_C_A_b38   5.686e-02 1.964e-03    1.964e-03      1.116e-04
ENSG00000163586:1(@)Loc187   chr2_88129052_C_T_b38   3.554e-01 6.225e-04    6.224e-04      2.212e-04
ENSG00000223947:2(@)Loc190   chr2_101025798_A_G_b38   7.084e-04 1.520e-01    1.520e-01      1.077e-04
ENSG00000138439:1(@)Loc252   chr2_202667581_A_G_b38   1.338e-02 1.040e-02    1.040e-02      1.391e-04
ENSG00000138442:2(@)Loc252   chr2_202843584_A_G_b38   4.742e-04 4.580e-01    4.579e-01      2.172e-04
ENSG00000163596:1(@)Loc252   chr2_202869642_A_T_b38   2.743e-02 1.009e-02    1.009e-02      2.767e-04
ENSG00000233579:1(@)Loc252   chr2_202843584_A_G_b38   1.521e-03 4.580e-01    4.579e-01      6.965e-04
ENSG00000115414:2(@)Loc259   chr2_215435759_T_A_b38   8.782e-03 2.100e-02    2.100e-02      1.844e-04
ENSG00000115414:2(@)Loc259   chr2_215439661_T_C_b38   1.080e-03 6.684e-01    6.684e-01      7.219e-04
ENSG00000275956:1(@)Loc312   chr3_52732590_G_A_b38   2.246e-01 1.197e-03    1.197e-03      2.688e-04
ENSG00000168297:1(@)Loc316   chr3_58308140_G_A_b38   2.401e-03 1.853e-01    1.853e-01      4.448e-04
ENSG00000168297:1(@)Loc316   chr3_58395560_G_A_b38   7.674e-04 2.640e-01    2.640e-01      2.026e-04
ENSG00000172971:1(@)Loc326   chr3_75623965_CA_C_b38   2.752e-01 4.332e-04    4.332e-04      1.192e-04
ENSG00000160124:1(@)Loc352   chr3_122374030_A_G_b38   6.626e-02 1.935e-03    1.935e-03      1.282e-04
ENSG00000160124:1(@)Loc352   chr3_122376862_T_A_b38   6.626e-02 1.560e-03    1.560e-03      1.033e-04
ENSG00000160124:1(@)Loc352   chr3_122381494_A_G_b38   1.202e-01 1.798e-03    1.798e-03      2.161e-04
ENSG00000160124:1(@)Loc352   chr3_122385275_A_G_b38   8.712e-02 4.533e-03    4.533e-03      3.949e-04
ENSG00000160124:1(@)Loc352   chr3_122387538_G_A_b38   6.500e-02 5.759e-03    5.758e-03      3.743e-04
ENSG00000160124:1(@)Loc352   chr3_122392714_A_G_b38   3.398e-02 4.622e-03    4.621e-03      1.570e-04
ENSG00000160124:1(@)Loc352   chr3_122393177_T_C_b38   4.557e-02 5.863e-03    5.862e-03      2.672e-04
ENSG00000160124:1(@)Loc352   chr3_122396019_T_C_b38   2.211e-02 7.450e-03    7.450e-03      1.647e-04
ENSG00000160124:1(@)Loc352   chr3_122398191_C_T_b38   4.004e-02 5.709e-03    5.708e-03      2.286e-04
ENSG00000160124:1(@)Loc352   chr3_122416042_T_A_b38   2.196e-02 1.627e-02    1.626e-02      3.571e-04
ENSG00000196981:1(@)Loc352   chr3_122396019_T_C_b38   1.647e-02 7.450e-03    7.450e-03      1.227e-04
ENSG00000196981:1(@)Loc352   chr3_122411904_T_C_b38   8.748e-02 7.482e-03    7.482e-03      6.545e-04
ENSG00000196981:1(@)Loc352   chr3_122416042_T_A_b38   5.649e-01 1.627e-02    1.626e-02      9.187e-03
ENSG00000196981:1(@)Loc352   chr3_122440051_G_C_b38   2.199e-02 1.255e-02    1.255e-02      2.758e-04
ENSG00000272758:1(@)Loc352   chr3_122426477_C_T_b38   4.854e-03 4.409e-02    4.409e-02      2.140e-04
ENSG00000232874:1(@)Loc394   chr3_194201059_T_G_b38   2.268e-01 4.845e-04    4.845e-04      1.099e-04
ENSG00000134962:2(@)Loc430   chr4_39475306_G_A_b38   8.272e-01 1.497e-04    1.497e-04      1.238e-04
ENSG00000145428:2(@)Loc497   chr4_153753126_C_T_b38   7.916e-01 1.412e-04    1.412e-04      1.118e-04
ENSG00000113068:1(@)Loc603   chr5_140302312_G_A_b38   2.906e-01 1.549e-03    1.549e-03      4.502e-04
ENSG00000113272:1(@)Loc613   chr5_157731406_C_A_b38   4.162e-01 1.387e-03    1.387e-03      5.773e-04
ENSG00000007944:2(@)Loc643   chr6_16120588_C_T_b38   2.060e-03 1.241e-01    1.241e-01      2.556e-04
ENSG00000007944:2(@)Loc643   chr6_16127176_C_T_b38   4.470e-03 5.991e-01    5.991e-01      2.678e-03
ENSG00000007944:2(@)Loc643   chr6_16128734_C_G_b38   2.087e-02 7.252e-02    7.252e-02      1.514e-03
ENSG00000204623:1(@)Loc654   chr6_30035104_T_C_b38   4.998e-01 3.182e-04    3.181e-04      1.590e-04
ENSG00000280128:2(@)Loc654   chr6_30256528_C_T_b38   6.860e-03 1.851e-02    1.851e-02      1.270e-04
ENSG00000280128:2(@)Loc654   chr6_30278354_C_T_b38   7.127e-02 1.917e-03    1.917e-03      1.366e-04
ENSG00000280128:2(@)Loc654   chr6_30278748_A_G_b38   7.131e-02 1.917e-03    1.917e-03      1.367e-04
ENSG00000280128:2(@)Loc654   chr6_30284829_A_C_b38   2.111e-01 1.917e-03    1.917e-03      4.047e-04
ENSG00000280128:2(@)Loc654   chr6_30287728_G_A_b38   1.878e-01 1.917e-03    1.917e-03      3.599e-04
ENSG00000204525:2(@)Loc655   chr6_31276008_G_T_b38   9.311e-01 2.120e-04    2.120e-04      1.974e-04
ENSG00000272221:2(@)Loc655   chr6_31393708_T_C_b38   6.445e-04 4.998e-01    4.997e-01      3.221e-04
ENSG00000204267:3(@)Loc657   chr6_32821703_A_G_b38   1.306e-03 2.346e-01    2.346e-01      3.064e-04
ENSG00000204267:3(@)Loc657   chr6_32828908_A_G_b38   1.077e-02 1.376e-01    1.376e-01      1.483e-03
ENSG00000204267:3(@)Loc657   chr6_32828974_T_C_b38   5.024e-03 1.416e-01    1.416e-01      7.113e-04
ENSG00000204267:3(@)Loc657   chr6_32829584_C_T_b38   1.711e-03 1.951e-01    1.951e-01      3.338e-04
ENSG00000241106:3(@)Loc657   chr6_32816843_C_T_b38   2.610e-02 1.587e-02    1.587e-02      4.143e-04
ENSG00000241106:3(@)Loc657   chr6_32821703_A_G_b38   5.053e-02 2.346e-01    2.346e-01      1.186e-02
ENSG00000241106:3(@)Loc657   chr6_32826899_T_C_b38   1.164e-01 2.747e-03    2.747e-03      3.198e-04
ENSG00000241106:3(@)Loc657   chr6_32828188_G_A_b38   5.468e-02 4.155e-03    4.155e-03      2.272e-04
ENSG00000241106:3(@)Loc657   chr6_32828242_C_A_b38   5.468e-02 4.155e-03    4.155e-03      2.272e-04
ENSG00000241106:3(@)Loc657   chr6_32828280_G_A_b38   5.468e-02 4.155e-03    4.155e-03      2.272e-04
ENSG00000241106:3(@)Loc657   chr6_32828281_C_T_b38   5.468e-02 4.155e-03    4.155e-03      2.272e-04
ENSG00000241106:3(@)Loc657   chr6_32828367_A_G_b38   5.468e-02 4.059e-03    4.059e-03      2.220e-04
ENSG00000241106:3(@)Loc657   chr6_32828449_G_A_b38   5.389e-02 6.575e-03    6.575e-03      3.544e-04
ENSG00000241106:3(@)Loc657   chr6_32828569_T_C_b38   5.468e-02 1.909e-02    1.909e-02      1.044e-03
ENSG00000241106:3(@)Loc657   chr6_32828876_C_A_b38   5.468e-02 4.155e-03    4.155e-03      2.272e-04
ENSG00000241106:3(@)Loc657   chr6_32828908_A_G_b38   3.814e-02 1.376e-01    1.376e-01      5.250e-03
ENSG00000241106:3(@)Loc657   chr6_32828974_T_C_b38   5.468e-02 1.416e-01    1.416e-01      7.743e-03
ENSG00000241106:3(@)Loc657   chr6_32829190_G_A_b38   1.679e-02 2.575e-02    2.575e-02      4.325e-04
ENSG00000241106:3(@)Loc657   chr6_32829584_C_T_b38   5.389e-02 1.951e-01    1.951e-01      1.051e-02
ENSG00000124664:1(@)Loc658   chr6_34535662_T_C_b38   2.120e-02 6.732e-03    6.732e-03      1.427e-04
ENSG00000196821:1(@)Loc658   chr6_34624313_A_G_b38   5.226e-01 3.240e-03    3.240e-03      1.693e-03
ENSG00000196821:1(@)Loc658   chr6_34832658_C_T_b38   4.514e-01 1.071e-03    1.071e-03      4.833e-04
ENSG00000272288:2(@)Loc658   chr6_34695821_C_T_b38   8.662e-03 2.711e-02    2.711e-02      2.348e-04
ENSG00000064999:2(@)Loc658   chr6_34857885_T_C_b38   4.379e-02 5.054e-03    5.054e-03      2.213e-04
ENSG00000161912:2(@)Loc662   chr6_41059781_C_T_b38   5.118e-01 2.632e-04    2.632e-04      1.347e-04
ENSG00000124713:2(@)Loc663   chr6_42964977_C_T_b38   3.867e-03 7.483e-02    7.482e-02      2.893e-04
ENSG00000124587:2(@)Loc663   chr6_42979275_G_C_b38   8.776e-02 1.228e-03    1.228e-03      1.078e-04
ENSG00000124587:1(@)Loc663   chr6_42975041_A_G_b38   5.903e-01 5.783e-04    5.783e-04      3.414e-04
ENSG00000065308:1(@)Loc669   chr6_52577484_G_C_b38   3.226e-01 3.607e-04    3.606e-04      1.163e-04
ENSG00000155085:1(@)Loc703   chr6_109690255_T_C_b38   5.427e-01 6.728e-04    6.728e-04      3.651e-04
ENSG00000112339:2(@)Loc719   chr6_135105435_A_G_b38   4.471e-03 3.475e-02    3.475e-02      1.554e-04
ENSG00000112339:2(@)Loc719   chr6_135106006_C_A_b38   2.724e-03 9.210e-02    9.210e-02      2.509e-04
ENSG00000120262:3(@)Loc728   chr6_151578912_T_A_b38   1.282e-01 1.899e-03    1.899e-03      2.433e-04
ENSG00000164849:2(@)Loc744   chr7_1044141_A_G_b38   1.347e-02 8.097e-03    8.097e-03      1.091e-04
ENSG00000146540:3(@)Loc744   chr7_1138191_GCGCCCACCTGCGCCCACGT_G_b38   7.314e-02 3.510e-03    3.510e-03      2.567e-04
ENSG00000242802:1(@)Loc748   chr7_4775504_C_A_b38   8.040e-01 1.379e-04    1.379e-04      1.109e-04
ENSG00000015520:1(@)Loc774   chr7_44542387_T_C_b38   1.320e-02 1.236e-01    1.236e-01      1.632e-03
ENSG00000015520:1(@)Loc774   chr7_44542732_A_G_b38   1.712e-02 8.526e-01    8.526e-01      1.459e-02
ENSG00000244055:1(@)Loc798   chr7_92459543_C_T_b38   1.450e-01 1.146e-03    1.146e-03      1.662e-04
ENSG00000272950:2(@)Loc802   chr7_98300261_TC_T_b38   4.093e-02 3.482e-03    3.482e-03      1.425e-04
ENSG00000272950:2(@)Loc802   chr7_98312758_C_CTG_b38   5.650e-02 4.212e-03    4.212e-03      2.380e-04
ENSG00000272950:2(@)Loc802   chr7_98316987_C_CT_b38   1.023e-01 4.212e-03    4.212e-03      4.307e-04
ENSG00000272950:2(@)Loc802   chr7_98320502_C_T_b38   2.427e-01 4.212e-03    4.212e-03      1.022e-03
ENSG00000272950:2(@)Loc802   chr7_98322009_C_T_b38   4.420e-01 4.854e-03    4.854e-03      2.145e-03
ENSG00000272950:2(@)Loc802   chr7_98345539_G_A_b38   5.511e-02 4.584e-03    4.584e-03      2.526e-04
ENSG00000231721:1(@)Loc822   chr7_130944734_T_C_b38   1.453e-01 1.913e-03    1.913e-03      2.779e-04
ENSG00000231721:1(@)Loc822   chr7_130945013_A_T_b38   2.980e-01 1.102e-03    1.102e-03      3.283e-04
ENSG00000231721:1(@)Loc822   chr7_130945142_C_T_b38   1.543e-01 2.517e-03    2.517e-03      3.883e-04
ENSG00000231721:1(@)Loc822   chr7_130946654_G_A_b38   1.095e-01 9.711e-04    9.711e-04      1.063e-04
ENSG00000231721:1(@)Loc822   chr7_130947382_G_A_b38   1.095e-01 9.494e-04    9.493e-04      1.039e-04
ENSG00000231721:1(@)Loc822   chr7_130949717_G_T_b38   1.095e-01 3.453e-03    3.453e-03      3.779e-04
ENSG00000233609:1(@)Loc852   chr8_8964127_A_G_b38   2.254e-01 1.295e-03    1.295e-03      2.919e-04
ENSG00000104213:2(@)Loc860   chr8_17613184_T_C_b38   2.789e-01 6.253e-04    6.253e-04      1.744e-04
ENSG00000147443:1(@)Loc864   chr8_21903932_T_C_b38   8.074e-02 1.378e-03    1.378e-03      1.112e-04
ENSG00000147443:1(@)Loc864   chr8_21905401_AGT_A_b38   8.074e-02 1.285e-03    1.285e-03      1.038e-04
ENSG00000158856:2(@)Loc864   chr8_22049068_AGGGGCC_A_b38   5.924e-01 2.020e-04    2.020e-04      1.197e-04
ENSG00000156795:2(@)Loc921   chr8_123417155_A_G_b38   8.973e-01 1.513e-04    1.513e-04      1.358e-04
ENSG00000178209:1(@)Loc935   chr8_143948489_G_T_b38   3.769e-03 9.999e-01    9.999e-01      3.768e-03
ENSG00000272842:1(@)Loc950   chr9_19367112_G_A_b38   4.709e-02 3.391e-03    3.391e-03      1.597e-04
ENSG00000273226:1(@)Loc950   chr9_19355497_C_G_b38   7.495e-02 2.273e-03    2.273e-03      1.704e-04
ENSG00000273226:1(@)Loc950   chr9_19375840_TGGTATCCACTAAAACTA_T_b38   3.683e-01 6.737e-04    6.737e-04      2.482e-04
ENSG00000188133:1(@)Loc960   chr9_32880325_T_C_b38   3.900e-01 4.230e-04    4.230e-04      1.650e-04
ENSG00000188133:1(@)Loc960   chr9_32881456_G_A_b38   3.900e-01 3.257e-04    3.257e-04      1.270e-04
ENSG00000205143:1(@)Loc961   chr9_34633532_C_T_b38   4.316e-01 5.110e-04    5.110e-04      2.205e-04
ENSG00000205143:1(@)Loc961   chr9_34637693_T_G_b38   4.316e-01 4.345e-04    4.345e-04      1.875e-04
ENSG00000168828:1(@)Loc962   chr9_35865727_C_T_b38   5.765e-01 1.738e-04    1.738e-04      1.002e-04
ENSG00000167136:2(@)Loc1001   chr9_128829615_G_C_b38   1.038e-01 1.356e-03    1.356e-03      1.408e-04
ENSG00000167136:2(@)Loc1001   chr9_128892268_C_T_b38   1.710e-01 5.087e-03    5.087e-03      8.701e-04
ENSG00000167136:2(@)Loc1001   chr9_128897445_T_C_b38   1.710e-01 5.087e-03    5.087e-03      8.701e-04
ENSG00000229124:1(@)Loc1023   chr10_17218291_A_G_b38   3.464e-03 4.054e-01    4.054e-01      1.404e-03
ENSG00000156521:1(@)Loc1055   chr10_70192284_T_G_b38   1.717e-01 6.424e-04    6.424e-04      1.103e-04
ENSG00000156521:1(@)Loc1055   chr10_70193489_C_G_b38   1.717e-01 1.116e-03    1.116e-03      1.916e-04
ENSG00000187553:1(@)Loc1068   chr10_93045908_G_A_b38   5.523e-03 2.089e-02    2.089e-02      1.154e-04
ENSG00000187553:1(@)Loc1068   chr10_93060445_C_T_b38   1.626e-01 9.366e-04    9.365e-04      1.523e-04
ENSG00000187553:1(@)Loc1068   chr10_93062929_C_T_b38   1.364e-01 1.088e-03    1.088e-03      1.484e-04
ENSG00000187553:1(@)Loc1068   chr10_93063586_C_T_b38   9.357e-02 1.088e-03    1.088e-03      1.018e-04
ENSG00000187553:1(@)Loc1068   chr10_93071756_C_G_b38   5.790e-02 2.799e-03    2.799e-03      1.621e-04
ENSG00000095596:1(@)Loc1068   chr10_93024020_C_G_b38   4.622e-03 3.433e-02    3.433e-02      1.587e-04
ENSG00000095596:1(@)Loc1068   chr10_93038216_G_A_b38   1.201e-02 1.007e-02    1.007e-02      1.209e-04
ENSG00000095596:1(@)Loc1068   chr10_93045908_G_A_b38   1.201e-02 2.089e-02    2.089e-02      2.508e-04
ENSG00000095596:1(@)Loc1068   chr10_93059296_C_T_b38   2.111e-02 6.838e-03    6.838e-03      1.444e-04
ENSG00000138161:1(@)Loc1086   chr10_122849767_T_C_b38   9.005e-02 1.570e-03    1.570e-03      1.414e-04
ENSG00000138161:1(@)Loc1086   chr10_122850511_G_A_b38   6.551e-01 1.514e-03    1.514e-03      9.917e-04
ENSG00000138161:1(@)Loc1086   chr10_122871544_G_A_b38   6.521e-02 1.707e-03    1.707e-03      1.113e-04
ENSG00000168496:1(@)Loc1128   chr11_61790331_T_C_b38   2.100e-02 3.373e-02    3.373e-02      7.083e-04
ENSG00000168496:1(@)Loc1128   chr11_61830500_A_G_b38   5.375e-04 2.963e-01    2.963e-01      1.592e-04
ENSG00000134825:1(@)Loc1128   chr11_61785208_G_T_b38   3.962e-02 7.036e-03    7.036e-03      2.788e-04
ENSG00000134825:1(@)Loc1128   chr11_61802358_C_T_b38   1.113e-02 1.637e-02    1.636e-02      1.821e-04
ENSG00000134825:1(@)Loc1128   chr11_61804006_T_C_b38   5.412e-03 3.634e-02    3.634e-02      1.967e-04
ENSG00000149485:1(@)Loc1128   chr11_61830500_A_G_b38   6.745e-03 2.963e-01    2.963e-01      1.998e-03
ENSG00000173327:1(@)Loc1130   chr11_65613445_G_A_b38   3.135e-01 1.621e-03    1.621e-03      5.081e-04
ENSG00000172818:1(@)Loc1130   chr11_65787987_G_C_b38   2.882e-01 4.395e-04    4.395e-04      1.267e-04
ENSG00000174080:1(@)Loc1131   chr11_66568700_C_A_b38   2.966e-01 7.248e-04    7.247e-04      2.150e-04
ENSG00000151376:1(@)Loc1141   chr11_86672590_ACT_A_b38   2.732e-01 5.159e-04    5.159e-04      1.409e-04
ENSG00000151376:1(@)Loc1141   chr11_86672834_C_A_b38   2.732e-01 5.730e-04    5.730e-04      1.565e-04
ENSG00000151376:1(@)Loc1141   chr11_86673021_C_G_b38   2.732e-01 5.730e-04    5.730e-04      1.565e-04
ENSG00000118096:2(@)Loc1165   chr11_118578655_A_G_b38   4.585e-03 2.227e-02    2.227e-02      1.021e-04
ENSG00000149582:1(@)Loc1165   chr11_118545538_C_T_b38   2.055e-02 6.732e-02    6.732e-02      1.384e-03
ENSG00000149582:1(@)Loc1165   chr11_118554704_G_T_b38   7.915e-03 2.156e-02    2.156e-02      1.706e-04
ENSG00000095139:1(@)Loc1165   chr11_118554704_G_T_b38   5.557e-03 2.156e-02    2.156e-02      1.198e-04
ENSG00000243431:1(@)Loc1165   chr11_118554704_G_T_b38   5.312e-03 2.156e-02    2.156e-02      1.145e-04
ENSG00000243431:1(@)Loc1165   chr11_118560058_A_AC_b38   2.115e-01 1.119e-03    1.119e-03      2.366e-04
ENSG00000118096:1(@)Loc1165   chr11_118573229_G_A_b38   3.566e-01 9.511e-04    9.510e-04      3.391e-04
ENSG00000154127:1(@)Loc1168   chr11_122655893_C_T_b38   1.626e-02 6.721e-03    6.721e-03      1.093e-04
ENSG00000154127:1(@)Loc1168   chr11_122663796_T_C_b38   1.461e-03 1.101e-01    1.101e-01      1.609e-04
ENSG00000280832:2(@)Loc1171   chr11_126358764_T_G_b38   2.734e-03 9.467e-02    9.467e-02      2.588e-04
ENSG00000013573:1(@)Loc1199   chr12_31073901_T_A_b38   9.710e-01 1.416e-04    1.416e-04      1.375e-04
ENSG00000066084:1(@)Loc1209   chr12_50508099_T_C_b38   3.796e-02 9.260e-02    9.259e-02      3.515e-03
ENSG00000139629:1(@)Loc1209   chr12_51360845_A_G_b38   6.856e-01 2.035e-04    2.035e-04      1.395e-04
ENSG00000139629:1(@)Loc1209   chr12_51362485_T_C_b38   3.140e-01 6.485e-04    6.485e-04      2.036e-04
ENSG00000110880:1(@)Loc1244   chr12_108701361_A_G_b38   7.605e-03 2.850e-01    2.850e-01      2.167e-03
ENSG00000110880:1(@)Loc1244   chr12_108731563_G_A_b38   3.540e-01 5.370e-04    5.370e-04      1.901e-04
ENSG00000110880:1(@)Loc1244   chr12_108731564_C_A_b38   3.540e-01 5.370e-04    5.370e-04      1.901e-04
ENSG00000111252:2(@)Loc1245   chr12_111446804_T_C_b38   4.253e-04 5.721e-01    5.721e-01      2.433e-04
ENSG00000250091:2(@)Loc1253   chr12_123935181_C_T_b38   2.757e-02 1.912e-02    1.912e-02      5.272e-04
ENSG00000269938:1(@)Loc1253   chr12_123955563_C_A_b38   4.695e-03 2.888e-02    2.888e-02      1.356e-04
ENSG00000269938:1(@)Loc1253   chr12_123980289_G_T_b38   8.207e-03 2.361e-02    2.361e-02      1.937e-04
ENSG00000269938:1(@)Loc1253   chr12_123990609_A_G_b38   8.207e-03 1.530e-02    1.530e-02      1.256e-04
ENSG00000119242:2(@)Loc1253   chr12_123980289_G_T_b38   5.488e-03 2.361e-02    2.361e-02      1.296e-04
ENSG00000270028:1(@)Loc1253   chr12_123920171_T_C_b38   2.919e-02 4.326e-03    4.325e-03      1.263e-04
ENSG00000270028:1(@)Loc1253   chr12_123924955_G_A_b38   1.604e-01 8.656e-04    8.655e-04      1.388e-04
ENSG00000250091:1(@)Loc1253   chr12_123939270_T_C_b38   9.161e-01 4.724e-04    4.724e-04      4.328e-04
ENSG00000102781:1(@)Loc1269   chr13_30307436_T_C_b38   5.149e-01 2.651e-04    2.651e-04      1.365e-04
ENSG00000185989:1(@)Loc1322   chr13_114055600_T_C_b38   2.888e-02 3.436e-02    3.436e-02      9.925e-04
ENSG00000274330:2(@)Loc1354   chr14_70224238_T_C_b38   8.716e-03 4.683e-02    4.683e-02      4.082e-04
ENSG00000140105:1(@)Loc1374   chr14_100376441_T_C_b38   1.194e-01 1.118e-03    1.118e-03      1.335e-04
ENSG00000176473:1(@)Loc1374   chr14_100384748_C_G_b38   6.648e-02 1.653e-03    1.653e-03      1.099e-04
ENSG00000176473:1(@)Loc1374   chr14_100385023_A_G_b38   6.648e-02 2.151e-03    2.151e-03      1.430e-04
ENSG00000176473:1(@)Loc1374   chr14_100385563_A_G_b38   6.648e-02 2.151e-03    2.151e-03      1.430e-04
ENSG00000176473:1(@)Loc1374   chr14_100385848_G_GCC_b38   6.648e-02 2.151e-03    2.151e-03      1.430e-04
ENSG00000176473:1(@)Loc1374   chr14_100387292_A_G_b38   4.654e-02 2.151e-03    2.151e-03      1.001e-04
ENSG00000176473:1(@)Loc1374   chr14_100387459_T_C_b38   4.654e-02 2.151e-03    2.151e-03      1.001e-04
ENSG00000176473:1(@)Loc1374   chr14_100387760_G_A_b38   4.654e-02 2.151e-03    2.151e-03      1.001e-04
ENSG00000178802:1(@)Loc1413   chr15_74885866_G_A_b38   1.766e-01 8.705e-03    8.705e-03      1.537e-03
ENSG00000178802:1(@)Loc1413   chr15_74888780_A_G_b38   2.567e-01 9.570e-04    9.570e-04      2.457e-04
ENSG00000183426:1(@)Loc1443   chr16_15036083_C_T_b38   9.999e-01 1.656e-04    1.656e-04      1.656e-04
ENSG00000183793:2(@)Loc1443   chr16_15036083_C_T_b38   9.970e-01 1.656e-04    1.656e-04      1.651e-04
ENSG00000167395:1(@)Loc1452   chr16_31074149_T_C_b38   3.775e-01 4.458e-03    4.458e-03      1.683e-03
ENSG00000167395:1(@)Loc1452   chr16_31077026_G_A_b38   4.798e-02 4.231e-03    4.231e-03      2.030e-04
ENSG00000103510:1(@)Loc1452   chr16_31077026_G_A_b38   5.896e-02 4.231e-03    4.231e-03      2.495e-04
ENSG00000103510:1(@)Loc1452   chr16_31106092_C_T_b38   4.784e-02 4.297e-03    4.297e-03      2.056e-04
ENSG00000103510:1(@)Loc1452   chr16_31110472_G_A_b38   8.454e-02 1.605e-03    1.605e-03      1.357e-04
ENSG00000103510:1(@)Loc1452   chr16_31118574_A_G_b38   1.405e-01 1.114e-02    1.114e-02      1.565e-03
ENSG00000103510:1(@)Loc1452   chr16_31120293_A_G_b38   6.282e-02 7.036e-03    7.036e-03      4.420e-04
ENSG00000103510:1(@)Loc1452   chr16_31126391_C_T_b38   3.184e-02 9.600e-03    9.600e-03      3.057e-04
ENSG00000103510:1(@)Loc1452   chr16_31130672_C_T_b38   3.184e-02 7.702e-03    7.702e-03      2.452e-04
ENSG00000103510:1(@)Loc1452   chr16_31136227_G_A_b38   1.374e-02 8.072e-03    8.072e-03      1.109e-04
ENSG00000167394:1(@)Loc1452   chr16_31074149_T_C_b38   3.265e-01 4.458e-03    4.458e-03      1.455e-03
ENSG00000167397:1(@)Loc1452   chr16_31099660_G_A_b38   1.104e-01 2.347e-03    2.347e-03      2.591e-04
ENSG00000167397:1(@)Loc1452   chr16_31106068_T_C_b38   4.414e-02 3.065e-03    3.065e-03      1.353e-04
ENSG00000167397:1(@)Loc1452   chr16_31106703_C_A_b38   4.101e-02 3.541e-03    3.541e-03      1.452e-04
ENSG00000167397:1(@)Loc1452   chr16_31113086_A_G_b38   4.101e-02 1.549e-02    1.549e-02      6.353e-04
ENSG00000167397:1(@)Loc1452   chr16_31114455_T_C_b38   4.414e-02 3.352e-03    3.352e-03      1.479e-04
ENSG00000167397:1(@)Loc1452   chr16_31116767_AAT_A_b38   4.414e-02 3.065e-03    3.065e-03      1.353e-04
ENSG00000167397:1(@)Loc1452   chr16_31117294_C_T_b38   4.101e-02 3.541e-03    3.541e-03      1.452e-04
ENSG00000167397:1(@)Loc1452   chr16_31117347_C_A_b38   4.101e-02 3.876e-03    3.876e-03      1.589e-04
ENSG00000167397:1(@)Loc1452   chr16_31118574_A_G_b38   9.218e-03 1.114e-02    1.114e-02      1.027e-04
ENSG00000167397:1(@)Loc1452   chr16_31119800_C_T_b38   4.414e-02 3.065e-03    3.065e-03      1.353e-04
ENSG00000140830:1(@)Loc1466   chr16_72074194_G_A_b38   1.919e-01 1.000e+00    1.000e+00      1.919e-01
ENSG00000261701:1(@)Loc1466   chr16_72074194_G_A_b38   3.779e-01 1.000e+00    1.000e+00      3.779e-01
ENSG00000091640:1(@)Loc1487   chr17_4967598_G_A_b38   4.900e-01 3.227e-04    3.226e-04      1.581e-04
ENSG00000091640:1(@)Loc1487   chr17_4968223_T_C_b38   4.900e-01 2.673e-04    2.673e-04      1.310e-04
ENSG00000178977:1(@)Loc1489   chr17_8222223_A_G_b38   3.399e-03 1.010e-01    1.010e-01      3.432e-04
ENSG00000178977:1(@)Loc1489   chr17_8225842_A_G_b38   2.809e-03 1.650e-01    1.650e-01      4.635e-04
ENSG00000167525:1(@)Loc1499   chr17_28711396_CCCCCGGCCCTAGCTCCG_C_b38   1.209e-01 8.894e-04    8.893e-04      1.075e-04
ENSG00000167525:1(@)Loc1499   chr17_28711515_G_A_b38   1.931e-01 1.012e-03    1.012e-03      1.955e-04
ENSG00000076604:2(@)Loc1499   chr17_28744424_GC_G_b38   6.639e-02 1.673e-03    1.673e-03      1.111e-04
ENSG00000231421:2(@)Loc1500   chr17_30567470_G_A_b38   6.180e-01 2.366e-04    2.366e-04      1.462e-04
ENSG00000231421:1(@)Loc1500   chr17_30576813_C_G_b38   9.911e-01 2.904e-04    2.904e-04      2.878e-04
ENSG00000263293:3(@)Loc1509   chr17_47314438_T_C_b38   2.982e-03 4.905e-01    4.905e-01      1.463e-03
ENSG00000276790:1(@)Loc1509   chr17_47314438_T_C_b38   1.440e-03 4.905e-01    4.905e-01      7.064e-04
ENSG00000159111:3(@)Loc1510   chr17_47838029_T_C_b38   4.222e-01 7.816e-04    7.816e-04      3.300e-04
ENSG00000108479:1(@)Loc1524   chr17_75765315_T_C_b38   1.659e-01 1.322e-03    1.322e-03      2.194e-04
ENSG00000132478:1(@)Loc1524   chr17_75782435_CA_C_b38   6.118e-02 8.389e-03    8.389e-03      5.132e-04
ENSG00000132478:1(@)Loc1524   chr17_75782528_C_G_b38   6.118e-02 6.933e-03    6.933e-03      4.241e-04
ENSG00000132478:1(@)Loc1524   chr17_75782736_G_C_b38   6.118e-02 8.389e-03    8.389e-03      5.132e-04
ENSG00000132478:1(@)Loc1524   chr17_75783117_A_C_b38   6.118e-02 8.389e-03    8.389e-03      5.132e-04
ENSG00000132478:1(@)Loc1524   chr17_75784425_G_A_b38   1.024e-01 3.127e-03    3.127e-03      3.201e-04
ENSG00000132478:1(@)Loc1524   chr17_75786110_T_C_b38   5.512e-02 3.861e-01    3.861e-01      2.128e-02
ENSG00000267397:1(@)Loc1548   chr18_35733435_G_A_b38   3.277e-01 3.160e-04    3.160e-04      1.036e-04
ENSG00000177576:2(@)Loc1556   chr18_49480864_G_A_b38   3.635e-02 1.172e-02    1.172e-02      4.260e-04
ENSG00000268297:1(@)Loc1584   chr19_7788830_C_G_b38   4.055e-01 2.487e-04    2.486e-04      1.008e-04
ENSG00000268297:2(@)Loc1584   chr19_7790007_A_G_b38   1.107e-01 1.739e-03    1.738e-03      1.924e-04
ENSG00000268297:2(@)Loc1584   chr19_7790573_A_C_b38   7.590e-02 1.739e-03    1.738e-03      1.319e-04
ENSG00000268297:2(@)Loc1584   chr19_7790577_C_G_b38   7.590e-02 1.739e-03    1.738e-03      1.319e-04
ENSG00000268297:2(@)Loc1584   chr19_7790610_C_G_b38   7.590e-02 1.739e-03    1.738e-03      1.319e-04
ENSG00000268297:2(@)Loc1584   chr19_7790619_C_G_b38   7.590e-02 1.739e-03    1.738e-03      1.319e-04
ENSG00000268297:2(@)Loc1584   chr19_7790931_T_G_b38   7.590e-02 1.739e-03    1.738e-03      1.319e-04
ENSG00000268297:2(@)Loc1584   chr19_7791047_T_TG_b38   7.590e-02 2.041e-03    2.040e-03      1.549e-04
ENSG00000268297:2(@)Loc1584   chr19_7791048_T_TATG_b38   5.732e-02 1.915e-03    1.915e-03      1.098e-04
ENSG00000268297:2(@)Loc1584   chr19_7791072_T_G_b38   7.590e-02 1.880e-03    1.880e-03      1.427e-04
ENSG00000268297:2(@)Loc1584   chr19_7791394_C_T_b38   7.590e-02 1.739e-03    1.738e-03      1.319e-04
ENSG00000268297:2(@)Loc1584   chr19_7791437_C_T_b38   7.590e-02 1.739e-03    1.738e-03      1.319e-04
ENSG00000268297:2(@)Loc1584   chr19_7791675_T_C_b38   7.590e-02 1.717e-03    1.717e-03      1.303e-04
ENSG00000267082:1(@)Loc1587   chr19_11205141_T_G_b38   3.159e-02 1.042e-02    1.042e-02      3.291e-04
ENSG00000279807:1(@)Loc1587   chr19_11205141_T_G_b38   1.215e-02 1.042e-02    1.042e-02      1.266e-04
ENSG00000130518:1(@)Loc1591   chr19_18274140_T_G_b38   1.264e-01 1.124e-03    1.124e-03      1.421e-04
ENSG00000130518:1(@)Loc1591   chr19_18275557_A_G_b38   7.315e-01 2.785e-04    2.785e-04      2.037e-04
ENSG00000178093:2(@)Loc1592   chr19_19296909_T_C_b38   2.790e-04 1.000e+00    1.000e+00      2.789e-04
ENSG00000130202:1(@)Loc1608   chr19_44886339_G_A_b38   1.268e-02 3.333e-01    3.333e-01      4.228e-03
ENSG00000104856:1(@)Loc1608   chr19_44886339_G_A_b38   5.429e-02 3.333e-01    3.333e-01      1.809e-02
ENSG00000130204:1(@)Loc1608   chr19_44886339_G_A_b38   1.031e-02 3.333e-01    3.333e-01      3.435e-03
ENSG00000176920:3(@)Loc1610   chr19_48702915_C_T_b38   3.465e-02 4.176e-01    4.176e-01      1.447e-02
ENSG00000176920:3(@)Loc1610   chr19_48703160_A_G_b38   3.465e-02 5.764e-01    5.764e-01      1.997e-02
ENSG00000125772:2(@)Loc1621   chr20_5611509_G_A_b38   5.779e-01 2.227e-04    2.227e-04      1.287e-04
ENSG00000277938:1(@)Loc1634   chr20_25197629_C_G_b38   8.043e-01 8.605e-04    8.605e-04      6.921e-04
ENSG00000274414:1(@)Loc1634   chr20_25245556_A_G_b38   4.121e-01 8.888e-04    8.888e-04      3.663e-04
ENSG00000101019:1(@)Loc1637   chr20_35413255_C_T_b38   3.776e-02 3.053e-03    3.053e-03      1.153e-04
ENSG00000126001:1(@)Loc1637   chr20_35458678_G_A_b38   4.198e-03 9.136e-02    9.135e-02      3.835e-04
ENSG00000125991:1(@)Loc1637   chr20_35540122_G_A_b38   4.610e-02 2.297e-02    2.297e-02      1.059e-03
ENSG00000125991:1(@)Loc1637   chr20_35564866_C_T_b38   1.103e-02 2.579e-02    2.579e-02      2.845e-04
ENSG00000224497:1(@)Loc1637   chr20_35540122_G_A_b38   1.174e-02 2.297e-02    2.297e-02      2.696e-04
ENSG00000224497:1(@)Loc1637   chr20_35543647_C_T_b38   8.206e-02 1.643e-03    1.643e-03      1.348e-04
ENSG00000224497:1(@)Loc1637   chr20_35544211_T_C_b38   1.107e-01 1.643e-03    1.643e-03      1.818e-04
ENSG00000224497:1(@)Loc1637   chr20_35544511_C_T_b38   2.454e-01 1.429e-03    1.429e-03      3.507e-04
ENSG00000224497:1(@)Loc1637   chr20_35545279_C_T_b38   1.276e-01 1.643e-03    1.643e-03      2.096e-04
ENSG00000224497:1(@)Loc1637   chr20_35545280_A_G_b38   7.134e-02 1.643e-03    1.643e-03      1.172e-04
ENSG00000224497:1(@)Loc1637   chr20_35545566_TCAA_T_b38   1.276e-01 1.643e-03    1.643e-03      2.096e-04
ENSG00000088340:1(@)Loc1637   chr20_35606321_A_G_b38   1.199e-02 1.244e-02    1.244e-02      1.492e-04
ENSG00000244462:2(@)Loc1637   chr20_35655095_C_T_b38   1.195e-02 1.261e-02    1.261e-02      1.507e-04
ENSG00000171700:1(@)Loc1654   chr20_64080106_C_T_b38   1.716e-01 6.105e-04    6.105e-04      1.048e-04
ENSG00000171700:1(@)Loc1654   chr20_64080700_T_C_b38   8.713e-02 1.450e-03    1.450e-03      1.263e-04
ENSG00000142168:2(@)Loc1667   chr21_31715550_A_G_b38   1.955e-02 4.053e-02    4.053e-02      7.923e-04
ENSG00000231713:1(@)Loc1673   chr21_39727797_T_C_b38   5.269e-01 3.529e-04    3.529e-04      1.859e-04
ENSG00000100284:1(@)Loc1692   chr22_35298302_A_G_b38   3.133e-02 3.522e-03    3.522e-03      1.103e-04
ENSG00000100284:1(@)Loc1692   chr22_35298900_C_A_b38   6.902e-02 3.366e-03    3.366e-03      2.323e-04
ENSG00000100284:1(@)Loc1692   chr22_35299680_GC_G_b38   6.902e-02 4.168e-03    4.168e-03      2.876e-04
ENSG00000100284:1(@)Loc1692   chr22_35299809_G_A_b38   2.627e-02 4.637e-03    4.637e-03      1.218e-04
ENSG00000100284:1(@)Loc1692   chr22_35307135_T_C_b38   5.663e-03 3.823e-02    3.823e-02      2.165e-04
ENSG00000100284:1(@)Loc1692   chr22_35315105_A_G_b38   5.251e-03 2.372e-02    2.372e-02      1.246e-04
