Signal	SNP	PIP_qtl	PIP_gwas_marginal	PIP_gwas_qtl_prior	SCP
ENSG00000162585:1(@)Loc2   chr1_2189679_C_T_b38   9.997e-01 3.918e-04    3.917e-04      3.916e-04
ENSG00000204219:3(@)Loc16   chr1_23429020_T_C_b38   1.210e-01 1.020e-03    1.020e-03      1.234e-04
ENSG00000204178:1(@)Loc18   chr1_25432164_G_A_b38   3.845e-03 3.203e-02    3.203e-02      1.232e-04
ENSG00000204178:1(@)Loc18   chr1_25434429_C_T_b38   9.560e-04 2.652e-01    2.652e-01      2.535e-04
ENSG00000204178:1(@)Loc18   chr1_25434800_T_C_b38   1.051e-03 2.326e-01    2.326e-01      2.445e-04
ENSG00000204178:1(@)Loc18   chr1_25442446_A_G_b38   3.485e-04 4.469e-01    4.469e-01      1.557e-04
ENSG00000188672:2(@)Loc18   chr1_25434429_C_T_b38   4.674e-03 2.652e-01    2.652e-01      1.239e-03
ENSG00000188672:2(@)Loc18   chr1_25434800_T_C_b38   1.739e-03 2.326e-01    2.326e-01      4.044e-04
ENSG00000188672:2(@)Loc18   chr1_25442446_A_G_b38   1.675e-03 4.469e-01    4.469e-01      7.488e-04
ENSG00000121766:1(@)Loc20   chr1_31300649_G_T_b38   1.808e-01 8.725e-04    8.724e-04      1.577e-04
ENSG00000121769:1(@)Loc20   chr1_31376362_C_G_b38   4.341e-01 1.196e-03    1.196e-03      5.193e-04
ENSG00000162366:1(@)Loc29   chr1_47190144_A_G_b38   6.888e-01 1.985e-04    1.984e-04      1.367e-04
ENSG00000123080:2(@)Loc32   chr1_50937923_C_T_b38   2.689e-02 8.267e-03    8.266e-03      2.223e-04
ENSG00000162607:2(@)Loc39   chr1_62436136_C_A_b38   3.029e-02 3.388e-03    3.388e-03      1.026e-04
ENSG00000067208:1(@)Loc56   chr1_92568466_G_T_b38   4.900e-03 2.184e-01    2.183e-01      1.070e-03
ENSG00000198890:1(@)Loc66   chr1_107056380_A_C_b38   1.072e-01 1.001e-03    1.001e-03      1.073e-04
ENSG00000198890:1(@)Loc66   chr1_107056636_A_T_b38   4.594e-01 9.177e-04    9.175e-04      4.215e-04
ENSG00000198890:1(@)Loc66   chr1_107075085_G_A_b38   9.142e-03 3.680e-02    3.679e-02      3.364e-04
ENSG00000134222:1(@)Loc67   chr1_109274968_G_T_b38   8.089e-03 4.071e-01    4.071e-01      3.293e-03
ENSG00000134222:1(@)Loc67   chr1_109275908_C_T_b38   1.902e-02 5.928e-01    5.928e-01      1.127e-02
ENSG00000169242:1(@)Loc77   chr1_155133578_A_G_b38   1.309e-01 1.189e-03    1.188e-03      1.556e-04
ENSG00000169242:1(@)Loc77   chr1_155133751_A_T_b38   1.309e-01 1.173e-03    1.172e-03      1.535e-04
ENSG00000169242:1(@)Loc77   chr1_155157915_G_A_b38   8.451e-03 2.587e-02    2.587e-02      2.186e-04
ENSG00000169231:1(@)Loc77   chr1_155208991_T_A_b38   5.520e-01 2.331e-04    2.331e-04      1.287e-04
ENSG00000198952:1(@)Loc77   chr1_156274030_C_T_b38   7.740e-02 1.371e-03    1.371e-03      1.061e-04
ENSG00000160781:1(@)Loc77   chr1_156249659_A_G_b38   1.197e-01 1.163e-03    1.163e-03      1.392e-04
ENSG00000203747:1(@)Loc80   chr1_161551141_C_T_b38   1.330e-02 1.573e-02    1.572e-02      2.092e-04
ENSG00000162782:2(@)Loc90   chr1_179593385_A_G_b38   8.913e-03 1.599e-02    1.599e-02      1.425e-04
ENSG00000227141:2(@)Loc90   chr1_179586351_G_A_b38   1.045e-02 1.319e-02    1.319e-02      1.378e-04
ENSG00000115207:1(@)Loc148   chr2_27508073_T_C_b38   2.237e-03 1.097e-01    1.097e-01      2.454e-04
ENSG00000115207:1(@)Loc148   chr2_27518370_T_C_b38   8.511e-03 1.569e-01    1.569e-01      1.335e-03
ENSG00000115207:1(@)Loc148   chr2_27519736_T_C_b38   1.975e-02 5.902e-01    5.902e-01      1.166e-02
ENSG00000221843:2(@)Loc148   chr2_27519736_T_C_b38   5.086e-04 5.902e-01    5.902e-01      3.002e-04
ENSG00000281920:1(@)Loc174   chr2_65578976_A_T_b38   6.539e-02 1.696e-03    1.695e-03      1.109e-04
ENSG00000223947:1(@)Loc190   chr2_101001757_A_G_b38   9.307e-02 1.980e-03    1.979e-03      1.842e-04
ENSG00000223947:1(@)Loc190   chr2_101025798_A_G_b38   2.578e-03 1.520e-01    1.520e-01      3.918e-04
ENSG00000214184:2(@)Loc197   chr2_108534035_G_A_b38   4.007e-02 3.287e-03    3.287e-03      1.317e-04
ENSG00000088205:1(@)Loc201   chr2_117819143_T_C_b38   3.007e-02 2.115e-01    2.115e-01      6.359e-03
ENSG00000138442:1(@)Loc252   chr2_203016111_G_A_b38   5.830e-02 3.880e-03    3.880e-03      2.262e-04
ENSG00000138442:1(@)Loc252   chr2_203016269_T_C_b38   5.830e-02 3.572e-03    3.572e-03      2.082e-04
ENSG00000233579:1(@)Loc252   chr2_202843584_A_G_b38   1.396e-03 4.580e-01    4.579e-01      6.394e-04
ENSG00000163596:1(@)Loc252   chr2_202869642_A_T_b38   1.363e-02 1.009e-02    1.009e-02      1.375e-04
ENSG00000115414:2(@)Loc259   chr2_215435759_T_A_b38   8.541e-03 2.100e-02    2.100e-02      1.793e-04
ENSG00000115414:2(@)Loc259   chr2_215439661_T_C_b38   8.183e-04 6.684e-01    6.684e-01      5.469e-04
ENSG00000091317:2(@)Loc300   chr3_32491518_C_T_b38   1.484e-02 8.494e-01    8.494e-01      1.261e-02
ENSG00000091317:2(@)Loc300   chr3_32496755_C_T_b38   9.935e-03 8.970e-02    8.970e-02      8.912e-04
ENSG00000163684:2(@)Loc316   chr3_58308140_G_A_b38   5.334e-03 1.853e-01    1.852e-01      9.880e-04
ENSG00000281392:1(@)Loc333   chr3_87089281_G_A_b38   4.288e-01 4.227e-04    4.226e-04      1.812e-04
ENSG00000160124:1(@)Loc352   chr3_122348735_A_G_b38   8.030e-02 1.376e-03    1.376e-03      1.105e-04
ENSG00000160124:1(@)Loc352   chr3_122348844_A_G_b38   8.030e-02 2.477e-03    2.477e-03      1.989e-04
ENSG00000160124:1(@)Loc352   chr3_122376923_A_G_b38   9.001e-02 1.798e-03    1.798e-03      1.618e-04
ENSG00000160124:1(@)Loc352   chr3_122381494_A_G_b38   1.786e-01 1.798e-03    1.798e-03      3.211e-04
ENSG00000160124:1(@)Loc352   chr3_122385275_A_G_b38   5.727e-02 4.533e-03    4.532e-03      2.596e-04
ENSG00000160124:1(@)Loc352   chr3_122387538_G_A_b38   3.003e-02 5.759e-03    5.758e-03      1.729e-04
ENSG00000160124:1(@)Loc352   chr3_122392714_A_G_b38   2.265e-02 4.622e-03    4.621e-03      1.047e-04
ENSG00000160124:1(@)Loc352   chr3_122393177_T_C_b38   2.048e-02 5.863e-03    5.862e-03      1.200e-04
ENSG00000272758:2(@)Loc352   chr3_122426477_C_T_b38   3.562e-03 4.409e-02    4.408e-02      1.570e-04
ENSG00000196981:1(@)Loc352   chr3_122411904_T_C_b38   7.570e-02 7.482e-03    7.481e-03      5.663e-04
ENSG00000196981:1(@)Loc352   chr3_122416042_T_A_b38   6.595e-01 1.627e-02    1.626e-02      1.072e-02
ENSG00000196981:1(@)Loc352   chr3_122423056_C_G_b38   2.446e-02 4.278e-03    4.277e-03      1.046e-04
ENSG00000196981:1(@)Loc352   chr3_122431007_C_T_b38   3.450e-02 3.058e-02    3.057e-02      1.055e-03
ENSG00000196981:1(@)Loc352   chr3_122432045_A_G_b38   2.618e-02 4.276e-03    4.275e-03      1.119e-04
ENSG00000196981:1(@)Loc352   chr3_122440051_G_C_b38   2.618e-02 1.255e-02    1.254e-02      3.284e-04
ENSG00000138246:1(@)Loc358   chr3_132444356_G_T_b38   1.301e-03 3.659e-01    3.658e-01      4.760e-04
ENSG00000229320:1(@)Loc375   chr3_160565338_A_C_b38   4.595e-01 5.207e-04    5.206e-04      2.392e-04
ENSG00000224097:1(@)Loc430   chr4_39480042_T_C_b38   6.855e-01 1.477e-04    1.477e-04      1.012e-04
ENSG00000189157:2(@)Loc450   chr4_76234354_T_C_b38   2.834e-01 4.752e-04    4.751e-04      1.347e-04
ENSG00000242198:1(@)Loc564   chr5_75329662_C_A_b38   1.466e-03 3.565e-01    3.565e-01      5.227e-04
ENSG00000145850:2(@)Loc612   chr5_156960126_G_C_b38   1.046e-03 1.655e-01    1.655e-01      1.731e-04
ENSG00000145850:2(@)Loc612   chr5_156963286_T_C_b38   7.685e-03 8.308e-01    8.308e-01      6.385e-03
ENSG00000007944:1(@)Loc643   chr6_16108932_A_C_b38   1.258e-03 2.038e-01    2.038e-01      2.563e-04
ENSG00000180596:1(@)Loc650   chr6_26092913_G_A_b38   1.538e-03 9.999e-01    9.999e-01      1.538e-03
ENSG00000196787:1(@)Loc651   chr6_27154665_A_G_b38   5.275e-03 3.295e-02    3.295e-02      1.738e-04
ENSG00000206341:1(@)Loc654   chr6_29848765_T_A_b38   9.962e-01 2.965e-04    2.964e-04      2.953e-04
ENSG00000280128:3(@)Loc654   chr6_30284829_A_C_b38   1.025e-01 1.917e-03    1.917e-03      1.965e-04
ENSG00000280128:3(@)Loc654   chr6_30287728_G_A_b38   1.235e-01 1.917e-03    1.917e-03      2.368e-04
ENSG00000280128:3(@)Loc654   chr6_30295331_C_T_b38   1.476e-01 9.881e-04    9.879e-04      1.458e-04
ENSG00000231074:2(@)Loc654   chr6_30328294_C_T_b38   4.240e-01 2.379e-04    2.378e-04      1.008e-04
ENSG00000272221:1(@)Loc655   chr6_31393708_T_C_b38   6.939e-03 4.998e-01    4.997e-01      3.468e-03
ENSG00000204287:1(@)Loc656   chr6_32373621_A_G_b38   7.017e-03 3.385e-01    3.385e-01      2.375e-03
ENSG00000204287:1(@)Loc656   chr6_32444658_G_A_b38   8.842e-03 9.814e-02    9.813e-02      8.676e-04
ENSG00000204290:1(@)Loc656   chr6_32444658_G_A_b38   1.236e-03 9.814e-02    9.812e-02      1.213e-04
ENSG00000204267:3(@)Loc657   chr6_32814805_C_T_b38   1.047e-02 1.967e-02    1.967e-02      2.059e-04
ENSG00000204267:3(@)Loc657   chr6_32816843_C_T_b38   1.047e-02 1.587e-02    1.587e-02      1.661e-04
ENSG00000204267:3(@)Loc657   chr6_32821703_A_G_b38   3.252e-02 2.346e-01    2.346e-01      7.630e-03
ENSG00000204267:3(@)Loc657   chr6_32828449_G_A_b38   2.043e-02 6.575e-03    6.575e-03      1.343e-04
ENSG00000204267:3(@)Loc657   chr6_32828569_T_C_b38   2.366e-02 1.909e-02    1.909e-02      4.517e-04
ENSG00000204267:3(@)Loc657   chr6_32828677_C_CT_b38   3.840e-02 4.558e-03    4.558e-03      1.750e-04
ENSG00000204267:3(@)Loc657   chr6_32828876_C_A_b38   5.578e-02 4.155e-03    4.155e-03      2.318e-04
ENSG00000204267:3(@)Loc657   chr6_32828908_A_G_b38   4.419e-02 1.376e-01    1.376e-01      6.082e-03
ENSG00000204267:3(@)Loc657   chr6_32828974_T_C_b38   5.578e-02 1.416e-01    1.416e-01      7.899e-03
ENSG00000204267:3(@)Loc657   chr6_32829190_G_A_b38   4.717e-02 2.575e-02    2.575e-02      1.215e-03
ENSG00000204267:3(@)Loc657   chr6_32829520_T_C_b38   4.717e-02 4.155e-03    4.155e-03      1.960e-04
ENSG00000204267:3(@)Loc657   chr6_32829584_C_T_b38   4.717e-02 1.951e-01    1.951e-01      9.202e-03
ENSG00000241106:4(@)Loc657   chr6_32816843_C_T_b38   9.937e-03 1.587e-02    1.587e-02      1.577e-04
ENSG00000241106:4(@)Loc657   chr6_32821703_A_G_b38   1.002e-03 2.346e-01    2.346e-01      2.351e-04
ENSG00000241106:4(@)Loc657   chr6_32828908_A_G_b38   2.633e-03 1.376e-01    1.376e-01      3.624e-04
ENSG00000241106:4(@)Loc657   chr6_32828974_T_C_b38   9.857e-04 1.416e-01    1.416e-01      1.396e-04
ENSG00000241106:1(@)Loc657   chr6_32819279_C_T_b38   9.936e-01 2.678e-03    2.678e-03      2.660e-03
ENSG00000196821:1(@)Loc658   chr6_34624313_A_G_b38   9.856e-01 3.240e-03    3.239e-03      3.193e-03
ENSG00000272288:2(@)Loc658   chr6_34695821_C_T_b38   1.015e-02 2.711e-02    2.711e-02      2.752e-04
ENSG00000161912:2(@)Loc662   chr6_41059781_C_T_b38   4.607e-01 2.632e-04    2.632e-04      1.213e-04
ENSG00000231113:1(@)Loc663   chr6_42964977_C_T_b38   2.483e-03 7.483e-02    7.481e-02      1.857e-04
ENSG00000225791:1(@)Loc669   chr6_52577484_G_C_b38   9.446e-01 3.607e-04    3.606e-04      3.406e-04
ENSG00000225791:2(@)Loc669   chr6_52578269_G_A_b38   1.186e-01 2.471e-03    2.471e-03      2.931e-04
ENSG00000216775:1(@)Loc669   chr6_52658421_G_T_b38   1.217e-02 1.120e-02    1.120e-02      1.363e-04
ENSG00000216775:1(@)Loc669   chr6_52664868_A_C_b38   4.241e-02 6.469e-02    6.468e-02      2.743e-03
ENSG00000216775:1(@)Loc669   chr6_52666029_C_T_b38   1.487e-02 1.685e-02    1.685e-02      2.505e-04
ENSG00000216775:1(@)Loc669   chr6_52666092_G_A_b38   1.178e-01 8.103e-03    8.101e-03      9.544e-04
ENSG00000216775:1(@)Loc669   chr6_52667510_G_T_b38   8.080e-02 6.017e-03    6.016e-03      4.861e-04
ENSG00000216775:1(@)Loc669   chr6_52669209_A_ACATTGAAAGTTAAGAGTCTCTGCTGTGGATCATG_b38   3.424e-02 8.224e-03    8.223e-03      2.815e-04
ENSG00000096092:1(@)Loc669   chr6_52664868_A_C_b38   4.004e-03 6.469e-02    6.468e-02      2.590e-04
ENSG00000096092:1(@)Loc669   chr6_52666029_C_T_b38   7.050e-03 1.685e-02    1.685e-02      1.188e-04
ENSG00000096092:1(@)Loc669   chr6_52669209_A_ACATTGAAAGTTAAGAGTCTCTGCTGTGGATCATG_b38   2.752e-02 8.224e-03    8.223e-03      2.263e-04
ENSG00000146386:2(@)Loc722   chr6_139028014_A_C_b38   1.510e-02 9.643e-03    9.641e-03      1.456e-04
ENSG00000223813:2(@)Loc766   chr7_29610031_C_G_b38   3.060e-01 7.059e-04    7.058e-04      2.159e-04
ENSG00000015520:2(@)Loc774   chr7_44542387_T_C_b38   1.727e-03 1.236e-01    1.236e-01      2.135e-04
ENSG00000015520:2(@)Loc774   chr7_44542732_A_G_b38   1.962e-03 8.526e-01    8.526e-01      1.673e-03
ENSG00000158604:2(@)Loc774   chr7_44561096_G_A_b38   7.591e-03 1.719e-02    1.718e-02      1.304e-04
ENSG00000157259:1(@)Loc798   chr7_92447889_G_A_b38   7.488e-01 1.482e-04    1.481e-04      1.109e-04
ENSG00000272950:2(@)Loc802   chr7_98312758_C_CTG_b38   2.577e-02 4.212e-03    4.211e-03      1.085e-04
ENSG00000272950:2(@)Loc802   chr7_98316987_C_CT_b38   6.675e-02 4.212e-03    4.211e-03      2.811e-04
ENSG00000272950:2(@)Loc802   chr7_98320502_C_T_b38   2.304e-01 4.212e-03    4.211e-03      9.702e-04
ENSG00000272950:2(@)Loc802   chr7_98322009_C_T_b38   5.739e-01 4.854e-03    4.853e-03      2.785e-03
ENSG00000272950:2(@)Loc802   chr7_98345539_G_A_b38   2.776e-02 4.584e-03    4.584e-03      1.272e-04
ENSG00000156006:2(@)Loc861   chr8_18391151_A_G_b38   5.869e-02 8.922e-03    8.922e-03      5.236e-04
ENSG00000156006:2(@)Loc861   chr8_18398199_A_G_b38   6.003e-04 3.897e-01    3.897e-01      2.339e-04
ENSG00000158856:1(@)Loc864   chr8_22049068_AGGGGCC_A_b38   9.932e-01 2.020e-04    2.020e-04      2.006e-04
ENSG00000156486:1(@)Loc909   chr8_98439639_T_C_b38   4.851e-01 9.287e-04    9.285e-04      4.504e-04
ENSG00000156486:1(@)Loc909   chr8_98440734_T_C_b38   8.242e-02 3.285e-03    3.284e-03      2.706e-04
ENSG00000156486:1(@)Loc909   chr8_98446364_C_T_b38   1.027e-01 2.110e-03    2.110e-03      2.167e-04
ENSG00000156486:1(@)Loc909   chr8_98446660_A_G_b38   1.027e-01 1.795e-03    1.794e-03      1.843e-04
ENSG00000156486:1(@)Loc909   chr8_98448913_T_A_b38   5.373e-02 1.989e-03    1.989e-03      1.069e-04
ENSG00000170873:1(@)Loc923   chr8_124751410_C_G_b38   4.162e-01 4.537e-04    4.536e-04      1.888e-04
ENSG00000178209:1(@)Loc935   chr8_143948489_G_T_b38   4.402e-03 9.999e-01    9.999e-01      4.402e-03
ENSG00000272842:2(@)Loc950   chr9_19390006_A_G_b38   4.176e-02 2.878e-03    2.877e-03      1.202e-04
ENSG00000273226:1(@)Loc950   chr9_19375840_TGGTATCCACTAAAACTA_T_b38   3.693e-01 6.737e-04    6.736e-04      2.488e-04
ENSG00000205143:1(@)Loc961   chr9_34629163_A_G_b38   2.817e-01 4.660e-04    4.659e-04      1.313e-04
ENSG00000230074:1(@)Loc962   chr9_34677541_T_C_b38   7.491e-01 1.514e-04    1.513e-04      1.134e-04
ENSG00000057608:1(@)Loc1015   chr10_5813440_G_C_b38   3.777e-02 2.870e-03    2.869e-03      1.084e-04
ENSG00000057608:1(@)Loc1015   chr10_5830123_C_T_b38   3.631e-01 5.608e-04    5.606e-04      2.036e-04
ENSG00000026025:2(@)Loc1023   chr10_17218291_A_G_b38   1.331e-02 4.054e-01    4.054e-01      5.395e-03
ENSG00000229124:2(@)Loc1023   chr10_17218291_A_G_b38   8.564e-04 4.054e-01    4.054e-01      3.471e-04
ENSG00000077150:1(@)Loc1074   chr10_102382537_G_A_b38   1.345e-01 7.703e-04    7.701e-04      1.035e-04
ENSG00000119927:2(@)Loc1079   chr10_112184513_A_G_b38   5.976e-04 3.940e-01    3.940e-01      2.354e-04
ENSG00000138161:1(@)Loc1086   chr10_122850511_G_A_b38   5.743e-01 1.514e-03    1.514e-03      8.693e-04
ENSG00000179119:1(@)Loc1107   chr11_18611437_T_C_b38   1.488e-03 7.889e-02    7.889e-02      1.174e-04
ENSG00000179119:1(@)Loc1107   chr11_18634724_C_T_b38   4.077e-02 9.211e-01    9.211e-01      3.755e-02
ENSG00000149485:3(@)Loc1128   chr11_61830500_A_G_b38   1.617e-03 2.963e-01    2.962e-01      4.791e-04
ENSG00000134825:1(@)Loc1128   chr11_61785208_G_T_b38   1.682e-02 7.036e-03    7.035e-03      1.183e-04
ENSG00000149485:1(@)Loc1128   chr11_61837342_C_A_b38   4.715e-03 2.241e-01    2.241e-01      1.056e-03
ENSG00000173327:1(@)Loc1130   chr11_65613445_G_A_b38   4.847e-01 1.621e-03    1.620e-03      7.854e-04
ENSG00000173327:1(@)Loc1130   chr11_65622419_G_C_b38   9.833e-02 1.797e-03    1.797e-03      1.767e-04
ENSG00000172818:1(@)Loc1130   chr11_65784647_G_A_b38   1.765e-01 5.884e-04    5.883e-04      1.039e-04
ENSG00000172818:1(@)Loc1130   chr11_65787987_G_C_b38   2.326e-01 4.395e-04    4.395e-04      1.022e-04
ENSG00000254986:1(@)Loc1131   chr11_66480373_G_A_b38   2.160e-01 1.113e-03    1.113e-03      2.404e-04
ENSG00000174165:1(@)Loc1131   chr11_66545732_T_C_b38   2.266e-01 6.731e-04    6.729e-04      1.525e-04
ENSG00000174165:1(@)Loc1131   chr11_66548041_G_C_b38   1.687e-01 6.483e-04    6.482e-04      1.094e-04
ENSG00000174080:1(@)Loc1131   chr11_66568700_C_A_b38   7.343e-01 7.248e-04    7.246e-04      5.321e-04
ENSG00000118369:2(@)Loc1137   chr11_78211973_T_C_b38   6.438e-02 1.820e-03    1.819e-03      1.171e-04
ENSG00000118369:2(@)Loc1137   chr11_78212555_CCTAT_C_b38   6.917e-02 2.289e-03    2.289e-03      1.583e-04
ENSG00000118369:2(@)Loc1137   chr11_78213498_G_A_b38   2.102e-02 5.978e-03    5.977e-03      1.256e-04
ENSG00000118369:2(@)Loc1137   chr11_78213561_A_C_b38   7.491e-02 1.177e-02    1.176e-02      8.813e-04
ENSG00000118369:2(@)Loc1137   chr11_78213610_TTCTAAG_T_b38   5.841e-02 2.289e-03    2.289e-03      1.337e-04
ENSG00000118369:2(@)Loc1137   chr11_78215723_A_G_b38   1.640e-02 9.457e-03    9.455e-03      1.550e-04
ENSG00000137656:2(@)Loc1164   chr11_116778201_G_C_b38   1.208e-03 9.837e-01    9.837e-01      1.188e-03
ENSG00000149582:1(@)Loc1165   chr11_118545538_C_T_b38   2.714e-03 6.732e-02    6.731e-02      1.827e-04
ENSG00000095139:1(@)Loc1165   chr11_118545538_C_T_b38   2.672e-03 6.732e-02    6.731e-02      1.798e-04
ENSG00000095139:1(@)Loc1165   chr11_118554704_G_T_b38   2.636e-02 2.156e-02    2.155e-02      5.681e-04
ENSG00000243431:2(@)Loc1165   chr11_118545538_C_T_b38   2.339e-03 6.732e-02    6.731e-02      1.574e-04
ENSG00000243431:2(@)Loc1165   chr11_118554704_G_T_b38   3.026e-02 2.156e-02    2.155e-02      6.521e-04
ENSG00000243431:2(@)Loc1165   chr11_118558975_A_T_b38   1.579e-01 8.674e-04    8.673e-04      1.370e-04
ENSG00000243431:2(@)Loc1165   chr11_118560058_A_AC_b38   1.403e-01 1.119e-03    1.119e-03      1.569e-04
ENSG00000118096:1(@)Loc1165   chr11_118573229_G_A_b38   3.553e-01 9.511e-04    9.509e-04      3.379e-04
ENSG00000110367:1(@)Loc1165   chr11_118762824_T_C_b38   2.304e-02 7.093e-03    7.092e-03      1.634e-04
ENSG00000154127:1(@)Loc1168   chr11_122651667_T_C_b38   2.987e-03 3.745e-02    3.745e-02      1.119e-04
ENSG00000154127:1(@)Loc1168   chr11_122655793_A_C_b38   1.943e-02 6.102e-03    6.101e-03      1.185e-04
ENSG00000154127:1(@)Loc1168   chr11_122655893_C_T_b38   1.993e-02 6.721e-03    6.720e-03      1.340e-04
ENSG00000154127:1(@)Loc1168   chr11_122663796_T_C_b38   1.791e-03 1.101e-01    1.101e-01      1.971e-04
ENSG00000280832:2(@)Loc1171   chr11_126348646_A_G_b38   4.175e-03 8.003e-02    8.002e-02      3.341e-04
ENSG00000280832:2(@)Loc1171   chr11_126358764_T_G_b38   1.367e-03 9.467e-02    9.466e-02      1.294e-04
ENSG00000139044:1(@)Loc1179   chr12_496380_A_G_b38   1.637e-01 6.911e-04    6.910e-04      1.131e-04
ENSG00000139044:1(@)Loc1179   chr12_496721_T_C_b38   2.024e-01 1.494e-03    1.494e-03      3.024e-04
ENSG00000282022:1(@)Loc1187   chr12_8914017_C_T_b38   5.581e-02 2.312e-03    2.311e-03      1.290e-04
ENSG00000111752:2(@)Loc1187   chr12_8914017_C_T_b38   6.912e-02 2.312e-03    2.311e-03      1.598e-04
ENSG00000013573:1(@)Loc1199   chr12_31073901_T_A_b38   9.680e-01 1.416e-04    1.416e-04      1.370e-04
ENSG00000066084:2(@)Loc1209   chr12_50508099_T_C_b38   4.798e-02 9.260e-02    9.258e-02      4.442e-03
ENSG00000139629:1(@)Loc1209   chr12_51360845_A_G_b38   4.984e-01 2.035e-04    2.035e-04      1.014e-04
ENSG00000139629:1(@)Loc1209   chr12_51362485_T_C_b38   5.015e-01 6.485e-04    6.484e-04      3.251e-04
ENSG00000050438:1(@)Loc1209   chr12_51362485_T_C_b38   8.423e-01 6.485e-04    6.484e-04      5.461e-04
ENSG00000205352:1(@)Loc1211   chr12_53446172_C_G_b38   9.068e-01 2.507e-04    2.506e-04      2.273e-04
ENSG00000258302:1(@)Loc1232   chr12_89536849_C_T_b38   3.928e-02 2.753e-03    2.753e-03      1.081e-04
ENSG00000173064:1(@)Loc1245   chr12_112333259_T_G_b38   1.791e-02 6.334e-03    6.332e-03      1.134e-04
ENSG00000270130:2(@)Loc1253   chr12_123955563_C_A_b38   3.887e-03 2.888e-02    2.888e-02      1.123e-04
ENSG00000270028:1(@)Loc1253   chr12_123920171_T_C_b38   4.307e-02 4.326e-03    4.325e-03      1.863e-04
ENSG00000270028:1(@)Loc1253   chr12_123935181_C_T_b38   2.932e-02 1.912e-02    1.912e-02      5.607e-04
ENSG00000270028:1(@)Loc1253   chr12_123955563_C_A_b38   5.003e-03 2.888e-02    2.888e-02      1.445e-04
ENSG00000270028:1(@)Loc1253   chr12_123964676_C_A_b38   1.409e-02 9.307e-03    9.305e-03      1.311e-04
ENSG00000250091:1(@)Loc1253   chr12_123920171_T_C_b38   2.570e-02 4.326e-03    4.325e-03      1.111e-04
ENSG00000250091:1(@)Loc1253   chr12_123935181_C_T_b38   2.514e-02 1.912e-02    1.912e-02      4.807e-04
ENSG00000250091:1(@)Loc1253   chr12_123935529_C_CAGGA_b38   1.861e-01 9.092e-04    9.090e-04      1.692e-04
ENSG00000250091:1(@)Loc1253   chr12_123964676_C_A_b38   1.330e-02 9.307e-03    9.305e-03      1.238e-04
ENSG00000122033:2(@)Loc1267   chr13_27448777_C_T_b38   9.441e-01 1.910e-04    1.910e-04      1.803e-04
ENSG00000102781:1(@)Loc1269   chr13_30307436_T_C_b38   5.042e-01 2.651e-04    2.651e-04      1.336e-04
ENSG00000274330:1(@)Loc1354   chr14_70224238_T_C_b38   1.002e-01 4.683e-02    4.682e-02      4.693e-03
ENSG00000176473:1(@)Loc1374   chr14_100377141_G_A_b38   1.977e-01 6.643e-04    6.642e-04      1.313e-04
ENSG00000176473:1(@)Loc1374   chr14_100377178_C_G_b38   1.977e-01 6.643e-04    6.642e-04      1.313e-04
ENSG00000176473:1(@)Loc1374   chr14_100377551_C_A_b38   1.977e-01 5.233e-04    5.232e-04      1.034e-04
ENSG00000140497:1(@)Loc1413   chr15_74885866_G_A_b38   1.183e-02 8.705e-03    8.703e-03      1.030e-04
ENSG00000178802:1(@)Loc1413   chr15_74897589_A_G_b38   8.806e-02 3.306e-03    3.306e-03      2.911e-04
ENSG00000140623:1(@)Loc1432   chr16_4797316_C_T_b38   9.277e-01 1.569e-04    1.568e-04      1.455e-04
ENSG00000183426:1(@)Loc1443   chr16_15036083_C_T_b38   1.000e+00 1.656e-04    1.656e-04      1.656e-04
ENSG00000183793:1(@)Loc1443   chr16_15036083_C_T_b38   1.000e+00 1.656e-04    1.656e-04      1.655e-04
ENSG00000167395:1(@)Loc1452   chr16_31074149_T_C_b38   1.650e-01 4.458e-03    4.458e-03      7.356e-04
ENSG00000167395:1(@)Loc1452   chr16_31077026_G_A_b38   1.660e-01 4.231e-03    4.230e-03      7.023e-04
ENSG00000103510:1(@)Loc1452   chr16_31101489_A_C_b38   1.237e-01 1.334e-03    1.333e-03      1.649e-04
ENSG00000103510:1(@)Loc1452   chr16_31102913_A_G_b38   5.141e-02 2.067e-03    2.067e-03      1.063e-04
ENSG00000103510:1(@)Loc1452   chr16_31106068_T_C_b38   5.900e-02 3.065e-03    3.065e-03      1.808e-04
ENSG00000103510:1(@)Loc1452   chr16_31114455_T_C_b38   1.171e-01 3.352e-03    3.351e-03      3.924e-04
ENSG00000103510:1(@)Loc1452   chr16_31116767_AAT_A_b38   1.409e-01 3.065e-03    3.065e-03      4.318e-04
ENSG00000103510:1(@)Loc1452   chr16_31119800_C_T_b38   8.210e-02 3.065e-03    3.065e-03      2.516e-04
ENSG00000103510:1(@)Loc1452   chr16_31120293_A_G_b38   1.702e-01 7.036e-03    7.035e-03      1.198e-03
ENSG00000103510:1(@)Loc1452   chr16_31136227_G_A_b38   6.846e-02 8.072e-03    8.071e-03      5.525e-04
ENSG00000103510:1(@)Loc1452   chr16_31137821_A_G_b38   6.203e-02 2.257e-03    2.257e-03      1.400e-04
ENSG00000052344:1(@)Loc1452   chr16_31136227_G_A_b38   1.980e-02 8.072e-03    8.071e-03      1.598e-04
ENSG00000140830:1(@)Loc1466   chr16_72074194_G_A_b38   2.395e-01 1.000e+00    1.000e+00      2.395e-01
ENSG00000257017:2(@)Loc1466   chr16_72074194_G_A_b38   1.854e-02 1.000e+00    1.000e+00      1.854e-02
ENSG00000261701:1(@)Loc1466   chr16_72074194_G_A_b38   9.155e-01 1.000e+00    1.000e+00      9.155e-01
ENSG00000091640:1(@)Loc1487   chr17_4967598_G_A_b38   4.887e-01 3.227e-04    3.226e-04      1.576e-04
ENSG00000091640:1(@)Loc1487   chr17_4968223_T_C_b38   4.887e-01 2.673e-04    2.673e-04      1.306e-04
ENSG00000167525:1(@)Loc1499   chr17_28711396_CCCCCGGCCCTAGCTCCG_C_b38   8.448e-01 8.894e-04    8.892e-04      7.512e-04
ENSG00000176390:1(@)Loc1500   chr17_30729320_G_A_b38   8.132e-01 2.346e-04    2.346e-04      1.908e-04
ENSG00000108785:1(@)Loc1507   chr17_42532158_G_A_b38   2.685e-01 6.446e-04    6.445e-04      1.730e-04
ENSG00000178852:1(@)Loc1509   chr17_47314438_T_C_b38   3.016e-02 4.905e-01    4.905e-01      1.480e-02
ENSG00000263293:2(@)Loc1509   chr17_47314438_T_C_b38   4.492e-03 4.905e-01    4.905e-01      2.203e-03
ENSG00000141295:1(@)Loc1510   chr17_47838029_T_C_b38   1.377e-01 7.816e-04    7.814e-04      1.076e-04
ENSG00000132478:2(@)Loc1524   chr17_75786110_T_C_b38   2.497e-03 3.861e-01    3.860e-01      9.638e-04
ENSG00000169683:1(@)Loc1528   chr17_82000266_G_C_b38   6.595e-01 2.380e-04    2.380e-04      1.569e-04
ENSG00000268297:1(@)Loc1584   chr19_7788830_C_G_b38   7.661e-01 2.487e-04    2.486e-04      1.905e-04
ENSG00000268297:2(@)Loc1584   chr19_7790007_A_G_b38   1.228e-01 1.739e-03    1.738e-03      2.135e-04
ENSG00000268297:2(@)Loc1584   chr19_7790573_A_C_b38   7.156e-02 1.739e-03    1.738e-03      1.244e-04
ENSG00000268297:2(@)Loc1584   chr19_7790577_C_G_b38   7.156e-02 1.739e-03    1.738e-03      1.244e-04
ENSG00000268297:2(@)Loc1584   chr19_7790610_C_G_b38   7.156e-02 1.739e-03    1.738e-03      1.244e-04
ENSG00000268297:2(@)Loc1584   chr19_7790619_C_G_b38   7.156e-02 1.739e-03    1.738e-03      1.244e-04
ENSG00000268297:2(@)Loc1584   chr19_7790931_T_G_b38   7.156e-02 1.739e-03    1.738e-03      1.244e-04
ENSG00000268297:2(@)Loc1584   chr19_7791047_T_TG_b38   7.156e-02 2.041e-03    2.040e-03      1.460e-04
ENSG00000268297:2(@)Loc1584   chr19_7791048_T_TATG_b38   6.771e-02 1.915e-03    1.915e-03      1.296e-04
ENSG00000268297:2(@)Loc1584   chr19_7791072_T_G_b38   7.156e-02 1.880e-03    1.879e-03      1.345e-04
ENSG00000268297:2(@)Loc1584   chr19_7791394_C_T_b38   7.156e-02 1.739e-03    1.738e-03      1.244e-04
ENSG00000268297:2(@)Loc1584   chr19_7791437_C_T_b38   7.156e-02 1.739e-03    1.738e-03      1.244e-04
ENSG00000268297:2(@)Loc1584   chr19_7791675_T_C_b38   7.156e-02 1.717e-03    1.716e-03      1.228e-04
ENSG00000130518:1(@)Loc1591   chr19_18272696_T_C_b38   4.111e-01 3.731e-04    3.730e-04      1.533e-04
ENSG00000130518:1(@)Loc1591   chr19_18274140_T_G_b38   2.686e-01 1.124e-03    1.124e-03      3.018e-04
ENSG00000081665:1(@)Loc1593   chr19_19810158_C_A_b38   6.200e-02 4.929e-03    4.928e-03      3.056e-04
ENSG00000167578:1(@)Loc1605   chr19_40763383_G_T_b38   1.775e-01 5.089e-03    5.088e-03      9.030e-04
ENSG00000130208:1(@)Loc1608   chr19_44908822_C_T_b38   5.809e-03 3.333e-01    3.333e-01      1.936e-03
ENSG00000130208:1(@)Loc1608   chr19_44912383_G_A_b38   2.638e-02 3.333e-01    3.333e-01      8.792e-03
ENSG00000176920:1(@)Loc1610   chr19_48702915_C_T_b38   1.987e-03 4.176e-01    4.176e-01      8.299e-04
ENSG00000176920:1(@)Loc1610   chr19_48703160_A_G_b38   1.987e-03 5.764e-01    5.764e-01      1.145e-03
ENSG00000101004:1(@)Loc1635   chr20_25585519_G_A_b38   8.718e-01 2.631e-04    2.631e-04      2.293e-04
ENSG00000101019:1(@)Loc1637   chr20_35413255_C_T_b38   3.362e-02 3.053e-03    3.052e-03      1.026e-04
ENSG00000224497:1(@)Loc1637   chr20_35543647_C_T_b38   1.094e-01 1.643e-03    1.642e-03      1.797e-04
ENSG00000224497:1(@)Loc1637   chr20_35544211_T_C_b38   1.288e-01 1.643e-03    1.642e-03      2.116e-04
ENSG00000224497:1(@)Loc1637   chr20_35544511_C_T_b38   3.608e-01 1.429e-03    1.429e-03      5.154e-04
ENSG00000224497:1(@)Loc1637   chr20_35545279_C_T_b38   9.392e-02 1.643e-03    1.642e-03      1.543e-04
ENSG00000224497:1(@)Loc1637   chr20_35545280_A_G_b38   9.392e-02 1.643e-03    1.642e-03      1.543e-04
ENSG00000224497:1(@)Loc1637   chr20_35545566_TCAA_T_b38   9.392e-02 1.643e-03    1.642e-03      1.543e-04
ENSG00000125991:1(@)Loc1637   chr20_35564866_C_T_b38   7.432e-03 2.579e-02    2.579e-02      1.917e-04
ENSG00000244005:1(@)Loc1637   chr20_35697520_C_T_b38   3.630e-02 1.523e-02    1.523e-02      5.527e-04
ENSG00000244005:1(@)Loc1637   chr20_35702115_C_T_b38   1.030e-02 1.479e-02    1.479e-02      1.523e-04
ENSG00000244462:1(@)Loc1637   chr20_35655095_C_T_b38   1.499e-01 1.261e-02    1.261e-02      1.891e-03
ENSG00000215424:1(@)Loc1678   chr21_46221282_G_A_b38   4.578e-01 7.196e-04    7.195e-04      3.293e-04
ENSG00000215424:1(@)Loc1678   chr21_46251361_A_AAAT_b38   2.316e-01 6.230e-04    6.228e-04      1.443e-04
ENSG00000182362:1(@)Loc1678   chr21_46306418_C_G_b38   9.999e-01 6.474e-04    6.472e-04      6.472e-04
ENSG00000100284:1(@)Loc1692   chr22_35298302_A_G_b38   2.887e-02 3.522e-03    3.521e-03      1.017e-04
ENSG00000100284:1(@)Loc1692   chr22_35298900_C_A_b38   4.578e-02 3.366e-03    3.366e-03      1.541e-04
ENSG00000100284:1(@)Loc1692   chr22_35299680_GC_G_b38   4.578e-02 4.168e-03    4.167e-03      1.908e-04
ENSG00000100284:1(@)Loc1692   chr22_35299809_G_A_b38   2.165e-02 4.637e-03    4.636e-03      1.004e-04
ENSG00000100284:1(@)Loc1692   chr22_35307135_T_C_b38   5.920e-03 3.823e-02    3.823e-02      2.263e-04
ENSG00000100299:1(@)Loc1702   chr22_50625049_T_C_b38   9.483e-01 2.623e-04    2.622e-04      2.487e-04
