Signal	SNP	PIP_qtl	PIP_gwas_marginal	PIP_gwas_qtl_prior	SCP
ENSG00000182873:1(@)Loc2   chr1_2189679_C_T_b38   5.150e-01 3.918e-04    3.918e-04      2.018e-04
ENSG00000188672:1(@)Loc18   chr1_25427147_C_T_b38   7.842e-03 1.378e-02    1.378e-02      1.081e-04
ENSG00000188672:1(@)Loc18   chr1_25434429_C_T_b38   2.954e-02 2.652e-01    2.652e-01      7.833e-03
ENSG00000188672:1(@)Loc18   chr1_25434800_T_C_b38   5.551e-02 2.326e-01    2.326e-01      1.291e-02
ENSG00000188672:1(@)Loc18   chr1_25442446_A_G_b38   9.722e-03 4.469e-01    4.469e-01      4.345e-03
ENSG00000204178:2(@)Loc18   chr1_25434429_C_T_b38   7.306e-04 2.652e-01    2.652e-01      1.937e-04
ENSG00000204178:2(@)Loc18   chr1_25434800_T_C_b38   7.299e-04 2.326e-01    2.326e-01      1.698e-04
ENSG00000204178:2(@)Loc18   chr1_25442446_A_G_b38   2.400e-04 4.469e-01    4.469e-01      1.072e-04
ENSG00000227533:1(@)Loc26   chr1_42959141_C_G_b38   5.041e-01 2.020e-04    2.019e-04      1.018e-04
ENSG00000278967:1(@)Loc39   chr1_62584927_T_G_b38   3.292e-03 1.113e-01    1.113e-01      3.664e-04
ENSG00000278967:1(@)Loc39   chr1_62608304_C_T_b38   1.924e-02 1.961e-02    1.961e-02      3.773e-04
ENSG00000278967:1(@)Loc39   chr1_62610155_G_A_b38   1.026e-02 1.672e-02    1.672e-02      1.716e-04
ENSG00000278967:1(@)Loc39   chr1_62628536_A_G_b38   4.137e-03 1.193e-01    1.193e-01      4.934e-04
ENSG00000278967:1(@)Loc39   chr1_62629021_A_G_b38   4.137e-03 1.080e-01    1.080e-01      4.468e-04
ENSG00000278967:1(@)Loc39   chr1_62632564_G_A_b38   4.137e-03 7.243e-02    7.243e-02      2.996e-04
ENSG00000198890:1(@)Loc66   chr1_107056636_A_T_b38   4.903e-01 9.177e-04    9.176e-04      4.499e-04
ENSG00000198890:1(@)Loc66   chr1_107075085_G_A_b38   7.645e-03 3.680e-02    3.680e-02      2.813e-04
ENSG00000143412:2(@)Loc74   chr1_150986360_A_G_b38   1.283e-03 9.701e-01    9.701e-01      1.245e-03
ENSG00000198952:1(@)Loc77   chr1_156261145_A_G_b38   9.461e-02 1.304e-03    1.304e-03      1.234e-04
ENSG00000198952:1(@)Loc77   chr1_156264648_T_G_b38   9.461e-02 1.088e-03    1.088e-03      1.030e-04
ENSG00000283317:1(@)Loc80   chr1_161440668_A_G_b38   3.190e-01 3.851e-02    3.851e-02      1.228e-02
ENSG00000244682:1(@)Loc80   chr1_161595591_A_G_b38   9.705e-01 2.952e-04    2.951e-04      2.864e-04
ENSG00000225217:1(@)Loc80   chr1_161595591_A_G_b38   9.859e-01 2.952e-04    2.951e-04      2.910e-04
ENSG00000227141:2(@)Loc90   chr1_179586351_G_A_b38   1.480e-02 1.319e-02    1.319e-02      1.952e-04
ENSG00000226622:1(@)Loc173   chr2_62656918_A_G_b38   1.374e-03 7.957e-02    7.957e-02      1.093e-04
ENSG00000236255:1(@)Loc201   chr2_117819143_T_C_b38   3.194e-03 2.115e-01    2.115e-01      6.755e-04
ENSG00000189362:1(@)Loc245   chr2_190534475_G_A_b38   6.380e-01 3.251e-04    3.251e-04      2.074e-04
ENSG00000163596:1(@)Loc252   chr2_202843584_A_G_b38   1.525e-03 4.580e-01    4.579e-01      6.982e-04
ENSG00000115414:1(@)Loc259   chr2_215422370_A_G_b38   1.028e-02 6.331e-02    6.330e-02      6.507e-04
ENSG00000115414:1(@)Loc259   chr2_215434906_C_G_b38   3.096e-02 4.056e-03    4.056e-03      1.256e-04
ENSG00000115414:1(@)Loc259   chr2_215435462_C_T_b38   7.380e-02 5.642e-03    5.642e-03      4.164e-04
ENSG00000115414:1(@)Loc259   chr2_215435759_T_A_b38   2.897e-01 2.100e-02    2.100e-02      6.083e-03
ENSG00000115414:1(@)Loc259   chr2_215438330_A_G_b38   1.664e-02 1.682e-02    1.682e-02      2.800e-04
ENSG00000115414:1(@)Loc259   chr2_215439661_T_C_b38   3.554e-03 6.684e-01    6.684e-01      2.375e-03
ENSG00000115414:1(@)Loc259   chr2_215441111_G_A_b38   1.082e-02 1.858e-02    1.858e-02      2.010e-04
ENSG00000115414:1(@)Loc259   chr2_215441912_C_T_b38   7.112e-03 1.858e-02    1.858e-02      1.322e-04
ENSG00000227802:2(@)Loc269   chr2_233744071_C_T_b38   3.702e-02 7.963e-03    7.962e-03      2.947e-04
ENSG00000241635:1(@)Loc269   chr2_233759924_C_T_b38   1.636e-02 2.608e-02    2.608e-02      4.267e-04
ENSG00000144635:2(@)Loc300   chr3_32491518_C_T_b38   4.940e-03 8.494e-01    8.494e-01      4.196e-03
ENSG00000114904:1(@)Loc312   chr3_52771077_A_G_b38   2.246e-01 1.336e-03    1.336e-03      3.002e-04
ENSG00000272182:1(@)Loc316   chr3_58395560_G_A_b38   2.996e-03 2.640e-01    2.640e-01      7.911e-04
ENSG00000163684:2(@)Loc316   chr3_58308140_G_A_b38   1.885e-03 1.853e-01    1.853e-01      3.493e-04
ENSG00000121552:1(@)Loc352   chr3_122344964_C_T_b38   2.293e-01 4.636e-04    4.636e-04      1.063e-04
ENSG00000121552:1(@)Loc352   chr3_122345522_T_G_b38   1.976e-01 5.095e-04    5.095e-04      1.007e-04
ENSG00000121552:1(@)Loc352   chr3_122346069_G_T_b38   2.293e-01 5.095e-04    5.095e-04      1.168e-04
ENSG00000272758:1(@)Loc352   chr3_122426477_C_T_b38   8.098e-03 4.409e-02    4.409e-02      3.570e-04
ENSG00000272758:2(@)Loc352   chr3_122411904_T_C_b38   2.986e-02 7.482e-03    7.482e-03      2.234e-04
ENSG00000272758:2(@)Loc352   chr3_122431007_C_T_b38   2.240e-02 3.058e-02    3.057e-02      6.850e-04
ENSG00000175920:1(@)Loc402   chr4_3436916_G_A_b38   2.026e-02 7.090e-03    7.090e-03      1.436e-04
ENSG00000175920:1(@)Loc402   chr4_3440284_G_C_b38   5.291e-01 4.539e-03    4.539e-03      2.402e-03
ENSG00000175920:1(@)Loc402   chr4_3442204_A_G_b38   2.388e-02 6.037e-02    6.036e-02      1.442e-03
ENSG00000145850:2(@)Loc612   chr5_156960126_G_C_b38   1.018e-03 1.655e-01    1.655e-01      1.685e-04
ENSG00000145850:2(@)Loc612   chr5_156963286_T_C_b38   9.560e-03 8.308e-01    8.308e-01      7.942e-03
ENSG00000007944:1(@)Loc643   chr6_16120588_C_T_b38   1.951e-03 1.241e-01    1.241e-01      2.420e-04
ENSG00000007944:1(@)Loc643   chr6_16127176_C_T_b38   2.802e-03 5.991e-01    5.991e-01      1.679e-03
ENSG00000007944:1(@)Loc643   chr6_16128734_C_G_b38   2.187e-02 7.252e-02    7.252e-02      1.586e-03
ENSG00000180573:2(@)Loc650   chr6_26092913_G_A_b38   5.586e-04 9.999e-01    9.999e-01      5.585e-04
ENSG00000180596:1(@)Loc650   chr6_26092913_G_A_b38   2.149e-03 9.999e-01    9.999e-01      2.149e-03
ENSG00000124635:2(@)Loc651   chr6_27154665_A_G_b38   5.648e-03 3.295e-02    3.295e-02      1.861e-04
ENSG00000274641:1(@)Loc651   chr6_27893892_G_A_b38   1.913e-02 1.613e-02    1.613e-02      3.085e-04
ENSG00000206341:2(@)Loc654   chr6_30078221_A_C_b38   1.229e-01 1.386e-02    1.386e-02      1.703e-03
ENSG00000227262:1(@)Loc654   chr6_29883007_A_G_b38   8.136e-01 2.860e-04    2.860e-04      2.327e-04
ENSG00000272221:1(@)Loc655   chr6_31386727_C_T_b38   2.588e-03 1.892e-01    1.892e-01      4.898e-04
ENSG00000272221:1(@)Loc655   chr6_31386783_C_T_b38   2.588e-03 2.057e-01    2.057e-01      5.323e-04
ENSG00000272221:1(@)Loc655   chr6_31393708_T_C_b38   5.571e-03 4.998e-01    4.998e-01      2.784e-03
ENSG00000241106:2(@)Loc657   chr6_32814805_C_T_b38   1.268e-02 1.967e-02    1.967e-02      2.494e-04
ENSG00000241106:2(@)Loc657   chr6_32816843_C_T_b38   9.057e-02 1.587e-02    1.587e-02      1.438e-03
ENSG00000241106:2(@)Loc657   chr6_32821703_A_G_b38   9.310e-03 2.346e-01    2.346e-01      2.184e-03
ENSG00000241106:2(@)Loc657   chr6_32828908_A_G_b38   4.594e-02 1.376e-01    1.376e-01      6.323e-03
ENSG00000241106:2(@)Loc657   chr6_32828974_T_C_b38   4.079e-03 1.416e-01    1.416e-01      5.776e-04
ENSG00000241106:2(@)Loc657   chr6_32829190_G_A_b38   4.079e-03 2.575e-02    2.575e-02      1.051e-04
ENSG00000241106:2(@)Loc657   chr6_32829584_C_T_b38   4.079e-03 1.951e-01    1.951e-01      7.957e-04
ENSG00000196821:1(@)Loc658   chr6_34695821_C_T_b38   2.404e-02 2.711e-02    2.711e-02      6.517e-04
ENSG00000272288:1(@)Loc658   chr6_34695821_C_T_b38   1.040e-02 2.711e-02    2.711e-02      2.820e-04
ENSG00000231113:1(@)Loc663   chr6_42964977_C_T_b38   4.885e-03 7.483e-02    7.482e-02      3.655e-04
ENSG00000124587:1(@)Loc663   chr6_42975041_A_G_b38   8.072e-01 5.783e-04    5.783e-04      4.668e-04
ENSG00000216775:1(@)Loc669   chr6_52664868_A_C_b38   1.840e-01 6.469e-02    6.468e-02      1.190e-02
ENSG00000216775:1(@)Loc669   chr6_52666029_C_T_b38   5.488e-02 1.685e-02    1.685e-02      9.247e-04
ENSG00000216775:1(@)Loc669   chr6_52666092_G_A_b38   2.686e-02 8.103e-03    8.103e-03      2.176e-04
ENSG00000216775:1(@)Loc669   chr6_52688638_C_T_b38   1.121e-02 1.620e-02    1.620e-02      1.816e-04
ENSG00000260273:1(@)Loc703   chr6_109383239_T_C_b38   3.077e-01 5.889e-04    5.888e-04      1.812e-04
ENSG00000260273:1(@)Loc703   chr6_109383248_A_C_b38   3.077e-01 5.889e-04    5.888e-04      1.812e-04
ENSG00000112339:2(@)Loc719   chr6_135106006_C_A_b38   1.115e-03 9.210e-02    9.210e-02      1.027e-04
ENSG00000164849:2(@)Loc744   chr7_1044141_A_G_b38   2.540e-02 8.097e-03    8.097e-03      2.057e-04
ENSG00000146540:2(@)Loc744   chr7_1138191_GCGCCCACCTGCGCCCACGT_G_b38   1.258e-01 3.510e-03    3.510e-03      4.414e-04
ENSG00000015520:2(@)Loc774   chr7_44542387_T_C_b38   1.426e-03 1.236e-01    1.236e-01      1.762e-04
ENSG00000015520:2(@)Loc774   chr7_44542732_A_G_b38   1.288e-03 8.526e-01    8.526e-01      1.098e-03
ENSG00000272950:1(@)Loc802   chr7_98286323_T_G_b38   5.150e-02 3.619e-03    3.618e-03      1.863e-04
ENSG00000272950:1(@)Loc802   chr7_98286325_A_G_b38   5.150e-02 3.619e-03    3.618e-03      1.863e-04
ENSG00000272950:1(@)Loc802   chr7_98299769_A_G_b38   3.200e-02 4.035e-03    4.035e-03      1.291e-04
ENSG00000272950:1(@)Loc802   chr7_98300261_TC_T_b38   3.200e-02 3.482e-03    3.482e-03      1.114e-04
ENSG00000272950:1(@)Loc802   chr7_98312758_C_CTG_b38   3.296e-02 4.212e-03    4.212e-03      1.388e-04
ENSG00000272950:1(@)Loc802   chr7_98316987_C_CT_b38   6.775e-02 4.212e-03    4.212e-03      2.853e-04
ENSG00000272950:1(@)Loc802   chr7_98320502_C_T_b38   1.936e-01 4.212e-03    4.212e-03      8.153e-04
ENSG00000272950:1(@)Loc802   chr7_98322009_C_T_b38   4.482e-01 4.854e-03    4.854e-03      2.175e-03
ENSG00000272950:1(@)Loc802   chr7_98345539_G_A_b38   3.413e-02 4.584e-03    4.584e-03      1.565e-04
ENSG00000233609:1(@)Loc852   chr8_8961676_T_A_b38   4.714e-02 2.636e-03    2.636e-03      1.242e-04
ENSG00000233609:1(@)Loc852   chr8_8964127_A_G_b38   8.553e-02 1.295e-03    1.295e-03      1.108e-04
ENSG00000147454:1(@)Loc865   chr8_23519648_C_T_b38   5.714e-03 1.757e-02    1.757e-02      1.004e-04
ENSG00000147454:1(@)Loc865   chr8_23532058_T_C_b38   1.156e-02 6.465e-02    6.465e-02      7.473e-04
ENSG00000250031:2(@)Loc886   chr8_58440975_C_T_b38   2.604e-04 4.009e-01    4.009e-01      1.044e-04
ENSG00000156795:1(@)Loc921   chr8_123417155_A_G_b38   8.773e-01 1.513e-04    1.513e-04      1.327e-04
ENSG00000178719:1(@)Loc935   chr8_143948489_G_T_b38   4.567e-04 9.999e-01    9.999e-01      4.567e-04
ENSG00000178209:1(@)Loc935   chr8_143948489_G_T_b38   1.055e-02 9.999e-01    9.999e-01      1.055e-02
ENSG00000178685:1(@)Loc935   chr8_143948489_G_T_b38   3.182e-03 9.999e-01    9.999e-01      3.182e-03
ENSG00000273226:1(@)Loc950   chr9_19376146_C_T_b38   5.523e-02 1.854e-03    1.854e-03      1.024e-04
ENSG00000273226:1(@)Loc950   chr9_19377873_T_C_b38   4.987e-01 7.041e-04    7.040e-04      3.511e-04
ENSG00000273226:1(@)Loc950   chr9_19378206_C_T_b38   3.233e-01 7.041e-04    7.040e-04      2.276e-04
ENSG00000177076:2(@)Loc950   chr9_19406180_C_T_b38   3.250e-03 9.418e-02    9.418e-02      3.061e-04
ENSG00000230074:1(@)Loc962   chr9_34669061_C_T_b38   1.600e-01 8.119e-04    8.118e-04      1.299e-04
ENSG00000230074:1(@)Loc962   chr9_34670131_C_A_b38   1.600e-01 6.849e-04    6.849e-04      1.096e-04
ENSG00000230074:1(@)Loc962   chr9_34672272_C_T_b38   1.600e-01 6.849e-04    6.849e-04      1.096e-04
ENSG00000230074:1(@)Loc962   chr9_34674765_G_A_b38   2.458e-01 2.516e-03    2.516e-03      6.185e-04
ENSG00000179119:1(@)Loc1107   chr11_18611437_T_C_b38   6.696e-03 7.889e-02    7.889e-02      5.282e-04
ENSG00000179119:1(@)Loc1107   chr11_18634724_C_T_b38   2.453e-01 9.211e-01    9.211e-01      2.260e-01
ENSG00000187479:1(@)Loc1121   chr11_43925029_G_C_b38   7.874e-02 1.757e-03    1.757e-03      1.383e-04
ENSG00000134825:1(@)Loc1128   chr11_61790331_T_C_b38   5.449e-02 3.373e-02    3.373e-02      1.838e-03
ENSG00000134825:1(@)Loc1128   chr11_61802358_C_T_b38   7.887e-03 1.637e-02    1.636e-02      1.291e-04
ENSG00000134825:1(@)Loc1128   chr11_61804006_T_C_b38   3.948e-03 3.634e-02    3.634e-02      1.435e-04
ENSG00000168496:1(@)Loc1128   chr11_61790331_T_C_b38   6.030e-03 3.373e-02    3.373e-02      2.034e-04
ENSG00000149485:1(@)Loc1128   chr11_61830500_A_G_b38   2.219e-03 2.963e-01    2.963e-01      6.575e-04
ENSG00000149485:1(@)Loc1128   chr11_61837342_C_A_b38   1.102e-03 2.241e-01    2.241e-01      2.470e-04
ENSG00000149485:1(@)Loc1128   chr11_61842278_C_T_b38   5.472e-04 3.273e-01    3.273e-01      1.791e-04
ENSG00000255517:1(@)Loc1131   chr11_66478866_T_C_b38   2.253e-01 9.924e-04    9.923e-04      2.236e-04
ENSG00000118096:1(@)Loc1165   chr11_118554704_G_T_b38   6.124e-03 2.156e-02    2.156e-02      1.320e-04
ENSG00000118096:1(@)Loc1165   chr11_118573229_G_A_b38   2.089e-01 9.511e-04    9.510e-04      1.987e-04
ENSG00000118096:1(@)Loc1165   chr11_118578655_A_G_b38   1.071e-02 2.227e-02    2.227e-02      2.385e-04
ENSG00000154127:1(@)Loc1168   chr11_122647095_A_G_b38   1.233e-02 1.222e-02    1.222e-02      1.508e-04
ENSG00000154127:1(@)Loc1168   chr11_122648314_T_G_b38   1.540e-02 1.128e-02    1.128e-02      1.737e-04
ENSG00000154127:1(@)Loc1168   chr11_122649545_T_C_b38   6.612e-02 1.128e-02    1.128e-02      7.458e-04
ENSG00000154127:1(@)Loc1168   chr11_122649998_C_G_b38   2.160e-02 1.519e-02    1.519e-02      3.280e-04
ENSG00000154127:1(@)Loc1168   chr11_122650313_T_C_b38   4.764e-02 1.679e-02    1.679e-02      7.997e-04
ENSG00000154127:1(@)Loc1168   chr11_122651359_T_C_b38   1.019e-01 1.486e-02    1.486e-02      1.514e-03
ENSG00000154127:1(@)Loc1168   chr11_122651667_T_C_b38   1.019e-01 3.745e-02    3.745e-02      3.816e-03
ENSG00000154127:1(@)Loc1168   chr11_122652888_G_A_b38   4.529e-02 1.004e-02    1.004e-02      4.546e-04
ENSG00000154127:1(@)Loc1168   chr11_122655793_A_C_b38   1.927e-02 6.102e-03    6.102e-03      1.176e-04
ENSG00000154127:1(@)Loc1168   chr11_122655893_C_T_b38   1.927e-02 6.721e-03    6.721e-03      1.295e-04
ENSG00000154127:1(@)Loc1168   chr11_122659883_C_G_b38   6.055e-02 6.402e-03    6.402e-03      3.876e-04
ENSG00000154127:1(@)Loc1168   chr11_122660866_A_G_b38   3.973e-02 1.087e-02    1.087e-02      4.317e-04
ENSG00000154127:1(@)Loc1168   chr11_122662371_T_C_b38   3.973e-02 1.087e-02    1.087e-02      4.317e-04
ENSG00000154127:1(@)Loc1168   chr11_122662585_T_C_b38   3.975e-02 1.087e-02    1.087e-02      4.319e-04
ENSG00000154127:1(@)Loc1168   chr11_122663158_A_G_b38   3.975e-02 1.087e-02    1.087e-02      4.319e-04
ENSG00000154127:1(@)Loc1168   chr11_122663200_T_C_b38   3.977e-02 1.087e-02    1.087e-02      4.322e-04
ENSG00000154127:1(@)Loc1168   chr11_122663796_T_C_b38   3.977e-02 1.101e-01    1.101e-01      4.379e-03
ENSG00000154127:1(@)Loc1168   chr11_122664096_T_A_b38   3.977e-02 1.087e-02    1.087e-02      4.322e-04
ENSG00000154127:1(@)Loc1168   chr11_122664102_A_G_b38   3.977e-02 1.087e-02    1.087e-02      4.322e-04
ENSG00000154127:1(@)Loc1168   chr11_122664700_T_C_b38   3.977e-02 1.066e-02    1.066e-02      4.241e-04
ENSG00000183160:1(@)Loc1244   chr12_108701361_A_G_b38   1.386e-03 2.850e-01    2.850e-01      3.951e-04
ENSG00000111252:2(@)Loc1245   chr12_111446804_T_C_b38   3.094e-04 5.721e-01    5.721e-01      1.770e-04
ENSG00000250091:1(@)Loc1253   chr12_123935181_C_T_b38   9.114e-02 1.912e-02    1.912e-02      1.743e-03
ENSG00000250091:1(@)Loc1253   chr12_123935529_C_CAGGA_b38   1.357e-01 9.092e-04    9.092e-04      1.234e-04
ENSG00000119242:1(@)Loc1253   chr12_123964676_C_A_b38   3.189e-02 9.307e-03    9.306e-03      2.967e-04
ENSG00000119242:1(@)Loc1253   chr12_123973455_C_A_b38   4.483e-01 1.088e-03    1.088e-03      4.879e-04
ENSG00000152749:1(@)Loc1307   chr13_94601666_T_G_b38   9.415e-01 1.206e-04    1.206e-04      1.135e-04
ENSG00000119599:1(@)Loc1356   chr14_72926683_G_A_b38   9.986e-01 1.007e-04    1.007e-04      1.006e-04
ENSG00000176473:1(@)Loc1374   chr14_100376441_T_C_b38   1.129e-01 1.118e-03    1.118e-03      1.262e-04
ENSG00000258666:1(@)Loc1374   chr14_100354199_A_G_b38   2.978e-01 3.039e-03    3.038e-03      9.050e-04
ENSG00000140463:1(@)Loc1412   chr15_72686190_C_A_b38   9.684e-01 1.036e-04    1.036e-04      1.003e-04
ENSG00000178718:1(@)Loc1413   chr15_74997381_T_C_b38   3.288e-02 2.017e-02    2.017e-02      6.633e-04
ENSG00000183793:1(@)Loc1443   chr16_15036083_C_T_b38   9.999e-01 1.656e-04    1.656e-04      1.656e-04
ENSG00000103510:1(@)Loc1452   chr16_31077026_G_A_b38   6.709e-02 4.231e-03    4.231e-03      2.838e-04
ENSG00000103510:1(@)Loc1452   chr16_31118574_A_G_b38   8.047e-02 1.114e-02    1.114e-02      8.963e-04
ENSG00000103510:1(@)Loc1452   chr16_31120293_A_G_b38   1.457e-02 7.036e-03    7.036e-03      1.025e-04
ENSG00000103510:1(@)Loc1452   chr16_31126391_C_T_b38   2.616e-02 9.600e-03    9.600e-03      2.512e-04
ENSG00000087237:1(@)Loc1458   chr16_56955678_C_T_b38   4.269e-04 9.844e-01    9.844e-01      4.202e-04
ENSG00000091640:1(@)Loc1487   chr17_4967598_G_A_b38   4.400e-01 3.227e-04    3.226e-04      1.420e-04
ENSG00000091640:1(@)Loc1487   chr17_4968223_T_C_b38   4.400e-01 2.673e-04    2.673e-04      1.176e-04
ENSG00000189051:1(@)Loc1489   chr17_8397849_G_T_b38   1.608e-01 1.109e-03    1.109e-03      1.783e-04
ENSG00000167525:1(@)Loc1499   chr17_28711396_CCCCCGGCCCTAGCTCCG_C_b38   9.268e-01 8.894e-04    8.893e-04      8.242e-04
ENSG00000132589:1(@)Loc1499   chr17_28897781_T_C_b38   6.198e-01 4.084e-04    4.084e-04      2.532e-04
ENSG00000176390:1(@)Loc1500   chr17_30839284_A_G_b38   1.550e-01 1.482e-03    1.482e-03      2.297e-04
ENSG00000176390:1(@)Loc1500   chr17_30846930_G_T_b38   1.550e-01 1.242e-03    1.242e-03      1.925e-04
ENSG00000263293:1(@)Loc1509   chr17_47314438_T_C_b38   9.846e-04 4.905e-01    4.905e-01      4.830e-04
ENSG00000141295:1(@)Loc1510   chr17_47838029_T_C_b38   9.313e-01 7.816e-04    7.816e-04      7.279e-04
ENSG00000132475:2(@)Loc1524   chr17_75786110_T_C_b38   2.246e-03 3.861e-01    3.861e-01      8.671e-04
ENSG00000132478:1(@)Loc1524   chr17_75784425_G_A_b38   5.184e-02 3.127e-03    3.127e-03      1.621e-04
ENSG00000132478:1(@)Loc1524   chr17_75786110_T_C_b38   2.885e-03 3.861e-01    3.861e-01      1.114e-03
ENSG00000266980:1(@)Loc1524   chr17_75786110_T_C_b38   3.216e-04 3.861e-01    3.861e-01      1.242e-04
ENSG00000119537:1(@)Loc1564   chr18_63367187_T_G_b38   9.937e-01 2.180e-04    2.180e-04      2.166e-04
ENSG00000172006:1(@)Loc1580   chr19_2814183_C_T_b38   3.412e-02 2.108e-02    2.108e-02      7.194e-04
ENSG00000130518:1(@)Loc1591   chr19_18274140_T_G_b38   2.805e-01 1.124e-03    1.124e-03      3.153e-04
ENSG00000178093:2(@)Loc1592   chr19_19296909_T_C_b38   1.121e-04 1.000e+00    1.000e+00      1.121e-04
ENSG00000142233:2(@)Loc1610   chr19_48702915_C_T_b38   3.375e-03 4.176e-01    4.176e-01      1.410e-03
ENSG00000142233:2(@)Loc1610   chr19_48703160_A_G_b38   3.375e-03 5.764e-01    5.764e-01      1.945e-03
ENSG00000176920:1(@)Loc1610   chr19_48702915_C_T_b38   6.331e-02 4.176e-01    4.176e-01      2.644e-02
ENSG00000176920:1(@)Loc1610   chr19_48703160_A_G_b38   6.331e-02 5.764e-01    5.764e-01      3.649e-02
ENSG00000274414:1(@)Loc1634   chr20_25245302_C_A_b38   1.907e-01 6.744e-04    6.744e-04      1.286e-04
ENSG00000125965:1(@)Loc1637   chr20_35458678_G_A_b38   6.507e-03 9.136e-02    9.135e-02      5.944e-04
ENSG00000126001:1(@)Loc1637   chr20_35458678_G_A_b38   3.330e-03 9.136e-02    9.135e-02      3.042e-04
ENSG00000224497:1(@)Loc1637   chr20_35540122_G_A_b38   3.250e-02 2.297e-02    2.297e-02      7.464e-04
ENSG00000224497:1(@)Loc1637   chr20_35544211_T_C_b38   1.040e-01 1.643e-03    1.643e-03      1.709e-04
ENSG00000224497:1(@)Loc1637   chr20_35544511_C_T_b38   3.283e-01 1.429e-03    1.429e-03      4.692e-04
ENSG00000224497:1(@)Loc1637   chr20_35545279_C_T_b38   9.884e-02 1.643e-03    1.643e-03      1.624e-04
ENSG00000224497:1(@)Loc1637   chr20_35545280_A_G_b38   9.884e-02 1.643e-03    1.643e-03      1.624e-04
ENSG00000224497:1(@)Loc1637   chr20_35545566_TCAA_T_b38   9.884e-02 1.643e-03    1.643e-03      1.624e-04
ENSG00000242748:2(@)Loc1641   chr20_41201482_A_G_b38   1.761e-03 2.004e-01    2.004e-01      3.529e-04
ENSG00000171700:1(@)Loc1654   chr20_64074752_A_G_b38   9.512e-02 2.145e-03    2.145e-03      2.040e-04
ENSG00000171700:1(@)Loc1654   chr20_64076174_C_T_b38   1.254e-01 1.290e-03    1.290e-03      1.617e-04
ENSG00000171700:1(@)Loc1654   chr20_64077921_G_A_b38   2.460e-01 1.627e-03    1.627e-03      4.002e-04
ENSG00000171700:1(@)Loc1654   chr20_64080700_T_C_b38   3.089e-01 1.450e-03    1.450e-03      4.480e-04
ENSG00000237371:1(@)Loc1654   chr20_64064578_G_A_b38   9.461e-02 2.462e-03    2.462e-03      2.330e-04
ENSG00000237371:1(@)Loc1654   chr20_64074752_A_G_b38   1.028e-01 2.145e-03    2.145e-03      2.204e-04
ENSG00000237371:1(@)Loc1654   chr20_64076174_C_T_b38   1.332e-01 1.290e-03    1.290e-03      1.718e-04
ENSG00000237371:1(@)Loc1654   chr20_64077921_G_A_b38   1.608e-01 1.627e-03    1.627e-03      2.617e-04
ENSG00000237371:1(@)Loc1654   chr20_64080700_T_C_b38   1.636e-01 1.450e-03    1.450e-03      2.373e-04
ENSG00000182362:1(@)Loc1678   chr21_46279269_C_CAA_b38   3.964e-01 7.229e-04    7.228e-04      2.865e-04
ENSG00000075234:2(@)Loc1699   chr22_46233582_A_G_b38   4.465e-04 4.925e-01    4.925e-01      2.199e-04
ENSG00000130943:2(@)Loc1699   chr22_46231706_C_T_b38   6.040e-04 3.900e-01    3.900e-01      2.356e-04
ENSG00000100299:1(@)Loc1702   chr22_50625049_T_C_b38   9.998e-01 2.623e-04    2.623e-04      2.622e-04
