Signal	SNP	PIP_qtl	PIP_gwas_marginal	PIP_gwas_qtl_prior	SCP
ENSG00000162585:1(@)Loc2   chr1_2189679_C_T_b38   9.996e-01 3.918e-04    3.921e-04      3.919e-04
ENSG00000182873:1(@)Loc2   chr1_2189679_C_T_b38   9.956e-01 3.918e-04    3.921e-04      3.903e-04
ENSG00000238142:1(@)Loc12   chr1_16906626_C_T_b38   9.998e-01 1.227e-04    1.228e-04      1.228e-04
ENSG00000186715:2(@)Loc12   chr1_17015257_T_C_b38   7.683e-01 2.355e-04    2.356e-04      1.811e-04
ENSG00000204219:3(@)Loc16   chr1_23430202_A_G_b38   1.016e-01 1.041e-03    1.040e-03      1.058e-04
ENSG00000204219:3(@)Loc16   chr1_23439740_C_T_b38   2.411e-02 4.906e-03    4.905e-03      1.184e-04
ENSG00000183726:1(@)Loc18   chr1_25348294_C_T_b38   4.361e-02 8.608e-03    8.605e-03      3.756e-04
ENSG00000188672:3(@)Loc18   chr1_25432164_G_A_b38   4.639e-03 3.203e-02    3.203e-02      1.487e-04
ENSG00000188672:3(@)Loc18   chr1_25434429_C_T_b38   1.240e-03 2.652e-01    2.652e-01      3.290e-04
ENSG00000188672:3(@)Loc18   chr1_25434800_T_C_b38   7.282e-04 2.326e-01    2.326e-01      1.695e-04
ENSG00000204178:1(@)Loc18   chr1_25434429_C_T_b38   1.926e-03 2.652e-01    2.652e-01      5.111e-04
ENSG00000204178:1(@)Loc18   chr1_25434800_T_C_b38   8.839e-04 2.326e-01    2.326e-01      2.057e-04
ENSG00000204178:1(@)Loc18   chr1_25442446_A_G_b38   5.465e-04 4.469e-01    4.469e-01      2.444e-04
ENSG00000121766:1(@)Loc20   chr1_31292317_G_A_b38   2.645e-01 5.596e-04    5.596e-04      1.481e-04
ENSG00000168528:2(@)Loc20   chr1_31394332_G_C_b38   1.211e-01 3.621e-03    3.620e-03      4.389e-04
ENSG00000168528:2(@)Loc20   chr1_31396481_G_A_b38   1.211e-01 3.630e-03    3.629e-03      4.400e-04
ENSG00000168528:2(@)Loc20   chr1_31397466_G_C_b38   3.256e-01 4.229e-03    4.230e-03      1.378e-03
ENSG00000168528:2(@)Loc20   chr1_31398119_A_G_b38   3.086e-01 1.713e-03    1.713e-03      5.290e-04
ENSG00000116641:1(@)Loc39   chr1_62679768_G_A_b38   1.010e-02 2.400e-02    2.399e-02      2.425e-04
ENSG00000198890:1(@)Loc66   chr1_107056636_A_T_b38   9.597e-01 9.177e-04    9.183e-04      8.813e-04
ENSG00000143126:1(@)Loc67   chr1_109274968_G_T_b38   3.247e-01 4.071e-01    4.071e-01      1.323e-01
ENSG00000134222:1(@)Loc67   chr1_109275908_C_T_b38   2.309e-01 5.928e-01    5.928e-01      1.369e-01
ENSG00000143418:1(@)Loc74   chr1_150986360_A_G_b38   2.209e-03 9.701e-01    9.701e-01      2.143e-03
ENSG00000231064:1(@)Loc77   chr1_155151361_G_C_b38   2.215e-01 1.856e-03    1.856e-03      4.115e-04
ENSG00000177628:2(@)Loc77   chr1_155157915_G_A_b38   8.728e-03 2.587e-02    2.587e-02      2.260e-04
ENSG00000169231:1(@)Loc77   chr1_155208991_T_A_b38   7.509e-01 2.331e-04    2.332e-04      1.752e-04
ENSG00000143622:1(@)Loc77   chr1_155911161_G_A_b38   9.942e-01 1.509e-04    1.510e-04      1.501e-04
ENSG00000242252:2(@)Loc77   chr1_156240631_G_A_b38   7.687e-01 1.413e-03    1.414e-03      1.087e-03
ENSG00000242252:1(@)Loc77   chr1_156240766_C_T_b38   4.589e-01 2.291e-04    2.291e-04      1.052e-04
ENSG00000143226:2(@)Loc80   chr1_161505171_G_T_b38   1.084e-01 2.359e-03    2.359e-03      2.559e-04
ENSG00000143226:2(@)Loc80   chr1_161505960_G_A_b38   4.226e-02 2.890e-03    2.889e-03      1.222e-04
ENSG00000244682:1(@)Loc80   chr1_161593265_G_A_b38   8.422e-01 1.042e-03    1.042e-03      8.781e-04
ENSG00000244682:1(@)Loc80   chr1_161593491_A_AG_b38   1.573e-01 7.138e-04    7.137e-04      1.124e-04
ENSG00000225217:1(@)Loc80   chr1_161593265_G_A_b38   5.578e-01 1.042e-03    1.042e-03      5.816e-04
ENSG00000225217:1(@)Loc80   chr1_161593491_A_AG_b38   1.658e-01 7.138e-04    7.137e-04      1.184e-04
ENSG00000225217:1(@)Loc80   chr1_161593656_TA_T_b38   2.762e-01 1.042e-03    1.042e-03      2.880e-04
ENSG00000234132:1(@)Loc102   chr1_201031226_A_C_b38   9.999e-01 1.095e-04    1.095e-04      1.095e-04
ENSG00000227953:1(@)Loc131   chr1_246775920_A_C_b38   8.173e-01 1.518e-04    1.519e-04      1.241e-04
ENSG00000260025:1(@)Loc155   chr2_36543593_G_T_b38   2.323e-03 5.037e-02    5.035e-02      1.171e-04
ENSG00000075292:1(@)Loc179   chr2_71279675_C_T_b38   8.097e-01 2.709e-04    2.711e-04      2.195e-04
ENSG00000236255:3(@)Loc201   chr2_117819143_T_C_b38   1.669e-03 2.115e-01    2.115e-01      3.532e-04
ENSG00000125633:2(@)Loc201   chr2_118078265_G_A_b38   7.097e-04 5.685e-01    5.684e-01      4.035e-04
ENSG00000136720:2(@)Loc207   chr2_128301989_G_A_b38   1.937e-01 7.228e-04    7.228e-04      1.401e-04
ENSG00000138442:1(@)Loc252   chr2_202843584_A_G_b38   8.828e-04 4.580e-01    4.579e-01      4.044e-04
ENSG00000138442:1(@)Loc252   chr2_203016111_G_A_b38   5.696e-02 3.880e-03    3.880e-03      2.212e-04
ENSG00000138442:1(@)Loc252   chr2_203016269_T_C_b38   5.699e-02 3.572e-03    3.572e-03      2.038e-04
ENSG00000144426:1(@)Loc252   chr2_203016111_G_A_b38   4.520e-02 3.880e-03    3.880e-03      1.755e-04
ENSG00000144426:1(@)Loc252   chr2_203016269_T_C_b38   8.939e-02 3.572e-03    3.572e-03      3.196e-04
ENSG00000115414:1(@)Loc259   chr2_215435462_C_T_b38   2.004e-02 5.642e-03    5.642e-03      1.132e-04
ENSG00000115414:1(@)Loc259   chr2_215435759_T_A_b38   6.923e-02 2.100e-02    2.100e-02      1.455e-03
ENSG00000115414:1(@)Loc259   chr2_215438330_A_G_b38   8.516e-02 1.682e-02    1.682e-02      1.434e-03
ENSG00000115414:1(@)Loc259   chr2_215439661_T_C_b38   2.964e-03 6.684e-01    6.683e-01      1.982e-03
ENSG00000237412:1(@)Loc268   chr2_232524103_T_G_b38   5.603e-01 2.040e-04    2.041e-04      1.144e-04
ENSG00000144635:2(@)Loc300   chr3_32496755_C_T_b38   3.057e-03 8.970e-02    8.968e-02      2.744e-04
ENSG00000164088:2(@)Loc312   chr3_52245578_G_A_b38   5.202e-01 1.184e-03    1.184e-03      6.162e-04
ENSG00000163939:2(@)Loc312   chr3_52687289_G_A_b38   4.825e-02 2.436e-03    2.435e-03      1.176e-04
ENSG00000114904:2(@)Loc312   chr3_52783762_G_A_b38   1.083e-01 1.421e-03    1.420e-03      1.539e-04
ENSG00000114904:2(@)Loc312   chr3_52784563_G_A_b38   2.170e-01 3.622e-03    3.621e-03      7.864e-04
ENSG00000114904:1(@)Loc312   chr3_52771077_A_G_b38   8.830e-01 1.336e-03    1.337e-03      1.181e-03
ENSG00000272182:2(@)Loc316   chr3_58395560_G_A_b38   6.832e-04 2.640e-01    2.640e-01      1.805e-04
ENSG00000121577:2(@)Loc350   chr3_119664431_T_C_b38   5.002e-01 2.085e-04    2.085e-04      1.043e-04
ENSG00000160124:2(@)Loc352   chr3_122385275_A_G_b38   6.025e-02 4.533e-03    4.533e-03      2.733e-04
ENSG00000160124:2(@)Loc352   chr3_122387538_G_A_b38   2.924e-02 5.759e-03    5.757e-03      1.685e-04
ENSG00000160124:2(@)Loc352   chr3_122392714_A_G_b38   2.427e-02 4.622e-03    4.621e-03      1.123e-04
ENSG00000160124:2(@)Loc352   chr3_122393177_T_C_b38   2.679e-02 5.863e-03    5.862e-03      1.572e-04
ENSG00000272758:2(@)Loc352   chr3_122416348_G_A_b38   3.988e-01 2.665e-04    2.665e-04      1.064e-04
ENSG00000138496:1(@)Loc352   chr3_122564248_G_A_b38   5.606e-01 3.613e-04    3.614e-04      2.027e-04
ENSG00000138246:2(@)Loc358   chr3_132444356_G_T_b38   3.735e-04 3.659e-01    3.658e-01      1.367e-04
ENSG00000013297:1(@)Loc380   chr3_170532186_C_T_b38   2.458e-01 4.354e-04    4.354e-04      1.071e-04
ENSG00000013297:1(@)Loc380   chr3_170532213_A_G_b38   7.450e-01 5.597e-04    5.600e-04      4.173e-04
ENSG00000145220:2(@)Loc403   chr4_4290105_A_T_b38   8.115e-01 1.338e-04    1.339e-04      1.087e-04
ENSG00000145220:1(@)Loc403   chr4_4290098_C_T_b38   9.996e-01 1.068e-04    1.069e-04      1.068e-04
ENSG00000138823:1(@)Loc464   chr4_99563133_T_C_b38   1.589e-02 6.409e-03    6.408e-03      1.019e-04
ENSG00000138823:1(@)Loc464   chr4_99563386_G_A_b38   3.563e-02 4.825e-02    4.824e-02      1.720e-03
ENSG00000138823:1(@)Loc464   chr4_99564098_G_A_b38   3.563e-02 8.253e-03    8.253e-03      2.943e-04
ENSG00000145331:2(@)Loc464   chr4_99563133_T_C_b38   1.765e-02 6.409e-03    6.407e-03      1.132e-04
ENSG00000145331:2(@)Loc464   chr4_99563386_G_A_b38   1.765e-02 4.825e-02    4.824e-02      8.521e-04
ENSG00000145331:2(@)Loc464   chr4_99564098_G_A_b38   4.710e-02 8.253e-03    8.252e-03      3.890e-04
ENSG00000168769:1(@)Loc467   chr4_105226077_C_CT_b38   2.962e-01 5.781e-04    5.781e-04      1.714e-04
ENSG00000152684:1(@)Loc550   chr5_52810444_T_G_b38   8.708e-01 1.713e-04    1.714e-04      1.493e-04
ENSG00000164181:1(@)Loc556   chr5_60843336_GGGGAAAGCCCATTTCCCAACGAACCT_G_b38   3.242e-01 3.424e-04    3.424e-04      1.111e-04
ENSG00000113161:1(@)Loc564   chr5_75360714_T_C_b38   2.370e-02 6.250e-01    6.250e-01      1.482e-02
ENSG00000072682:1(@)Loc599   chr5_132288693_C_T_b38   3.747e-01 1.128e-03    1.128e-03      4.230e-04
ENSG00000197375:1(@)Loc599   chr5_132445596_A_C_b38   1.790e-01 2.090e-02    2.089e-02      3.743e-03
ENSG00000197536:1(@)Loc599   chr5_132445596_A_C_b38   7.548e-03 2.090e-02    2.089e-02      1.578e-04
ENSG00000197536:1(@)Loc599   chr5_132469724_A_G_b38   4.813e-02 1.014e-02    1.013e-02      4.882e-04
ENSG00000125347:1(@)Loc599   chr5_132469724_A_G_b38   8.661e-02 1.014e-02    1.014e-02      8.786e-04
ENSG00000253767:1(@)Loc604   chr5_141392627_G_C_b38   6.210e-01 1.311e-03    1.312e-03      8.149e-04
ENSG00000055147:1(@)Loc610   chr5_154036806_G_A_b38   1.171e-01 1.087e-03    1.087e-03      1.274e-04
ENSG00000145850:2(@)Loc612   chr5_156960126_G_C_b38   9.633e-04 1.655e-01    1.655e-01      1.596e-04
ENSG00000145850:2(@)Loc612   chr5_156963286_T_C_b38   1.233e-02 8.308e-01    8.308e-01      1.024e-02
ENSG00000113758:1(@)Loc626   chr5_177474004_T_A_b38   7.056e-01 2.480e-04    2.481e-04      1.751e-04
ENSG00000168298:1(@)Loc650   chr6_26092913_G_A_b38   1.802e-03 9.999e-01    9.999e-01      1.802e-03
ENSG00000180596:1(@)Loc650   chr6_26092913_G_A_b38   8.414e-04 9.999e-01    9.999e-01      8.414e-04
ENSG00000180573:1(@)Loc650   chr6_26092913_G_A_b38   3.832e-04 9.999e-01    9.999e-01      3.831e-04
ENSG00000241370:1(@)Loc654   chr6_30345450_G_A_b38   9.110e-01 1.002e-03    1.002e-03      9.131e-04
ENSG00000204632:2(@)Loc654   chr6_30798857_A_T_b38   9.990e-01 1.682e-04    1.684e-04      1.682e-04
ENSG00000204267:4(@)Loc657   chr6_32819793_T_C_b38   9.278e-03 4.215e-02    4.214e-02      3.914e-04
ENSG00000204267:4(@)Loc657   chr6_32821703_A_G_b38   2.225e-02 2.346e-01    2.346e-01      5.224e-03
ENSG00000204267:4(@)Loc657   chr6_32828569_T_C_b38   6.117e-03 1.909e-02    1.909e-02      1.169e-04
ENSG00000204267:4(@)Loc657   chr6_32828908_A_G_b38   2.466e-02 1.376e-01    1.376e-01      3.397e-03
ENSG00000204267:4(@)Loc657   chr6_32828974_T_C_b38   1.376e-02 1.416e-01    1.416e-01      1.950e-03
ENSG00000204267:4(@)Loc657   chr6_32829190_G_A_b38   1.493e-02 2.575e-02    2.575e-02      3.849e-04
ENSG00000204267:4(@)Loc657   chr6_32829584_C_T_b38   1.555e-02 1.951e-01    1.951e-01      3.035e-03
ENSG00000241106:4(@)Loc657   chr6_32816843_C_T_b38   1.708e-02 1.587e-02    1.587e-02      2.713e-04
ENSG00000241106:4(@)Loc657   chr6_32821703_A_G_b38   3.192e-03 2.346e-01    2.346e-01      7.495e-04
ENSG00000241106:4(@)Loc657   chr6_32829584_C_T_b38   8.285e-04 1.951e-01    1.950e-01      1.617e-04
ENSG00000241106:2(@)Loc657   chr6_32828188_G_A_b38   1.374e-01 4.155e-03    4.155e-03      5.713e-04
ENSG00000241106:2(@)Loc657   chr6_32828242_C_A_b38   8.145e-02 4.155e-03    4.154e-03      3.387e-04
ENSG00000241106:2(@)Loc657   chr6_32828280_G_A_b38   9.309e-02 4.155e-03    4.154e-03      3.871e-04
ENSG00000241106:2(@)Loc657   chr6_32828281_C_T_b38   8.145e-02 4.155e-03    4.154e-03      3.387e-04
ENSG00000241106:2(@)Loc657   chr6_32828367_A_G_b38   4.719e-02 4.059e-03    4.058e-03      1.917e-04
ENSG00000241106:2(@)Loc657   chr6_32828569_T_C_b38   1.183e-01 1.909e-02    1.909e-02      2.261e-03
ENSG00000241106:2(@)Loc657   chr6_32828876_C_A_b38   8.145e-02 4.155e-03    4.154e-03      3.387e-04
ENSG00000241106:2(@)Loc657   chr6_32828974_T_C_b38   8.957e-02 1.416e-01    1.416e-01      1.269e-02
ENSG00000241106:2(@)Loc657   chr6_32829190_G_A_b38   3.651e-02 2.575e-02    2.575e-02      9.409e-04
ENSG00000241106:2(@)Loc657   chr6_32829520_T_C_b38   3.020e-02 4.155e-03    4.154e-03      1.256e-04
ENSG00000124664:1(@)Loc658   chr6_34584959_G_A_b38   1.735e-02 1.325e-02    1.325e-02      2.301e-04
ENSG00000124664:1(@)Loc658   chr6_34589469_C_T_b38   1.351e-02 1.404e-02    1.404e-02      1.898e-04
ENSG00000124664:1(@)Loc658   chr6_34651116_G_A_b38   4.983e-03 2.224e-02    2.224e-02      1.109e-04
ENSG00000196821:1(@)Loc658   chr6_34651116_G_A_b38   1.229e-02 2.224e-02    2.224e-02      2.734e-04
ENSG00000196821:1(@)Loc658   chr6_34695821_C_T_b38   1.589e-01 2.711e-02    2.711e-02      4.311e-03
ENSG00000272288:3(@)Loc658   chr6_34695821_C_T_b38   2.253e-01 2.711e-02    2.711e-02      6.112e-03
ENSG00000124713:1(@)Loc663   chr6_42961020_T_G_b38   5.887e-01 1.832e-04    1.833e-04      1.079e-04
ENSG00000124713:2(@)Loc663   chr6_42960723_C_T_b38   5.826e-01 5.420e-04    5.421e-04      3.160e-04
ENSG00000124587:1(@)Loc663   chr6_42975041_A_G_b38   9.999e-01 5.783e-04    5.788e-04      5.787e-04
ENSG00000225791:1(@)Loc669   chr6_52577484_G_C_b38   9.999e-01 3.607e-04    3.609e-04      3.609e-04
ENSG00000225791:4(@)Loc669   chr6_52578082_G_T_b38   5.507e-01 3.917e-04    3.918e-04      2.159e-04
ENSG00000065308:2(@)Loc669   chr6_52585127_G_A_b38   6.321e-03 3.128e-02    3.128e-02      1.979e-04
ENSG00000065308:2(@)Loc669   chr6_52600633_A_AT_b38   3.269e-03 3.133e-02    3.133e-02      1.025e-04
ENSG00000096092:1(@)Loc669   chr6_52664868_A_C_b38   2.567e-02 6.469e-02    6.467e-02      1.661e-03
ENSG00000096092:1(@)Loc669   chr6_52666029_C_T_b38   2.182e-02 1.685e-02    1.685e-02      3.679e-04
ENSG00000096092:1(@)Loc669   chr6_52669209_A_ACATTGAAAGTTAAGAGTCTCTGCTGTGGATCATG_b38   1.259e-02 8.224e-03    8.222e-03      1.036e-04
ENSG00000096092:1(@)Loc669   chr6_52688638_C_T_b38   7.534e-03 1.620e-02    1.620e-02      1.221e-04
ENSG00000260273:2(@)Loc703   chr6_109383239_T_C_b38   2.506e-01 5.889e-04    5.889e-04      1.477e-04
ENSG00000260273:2(@)Loc703   chr6_109383248_A_C_b38   2.506e-01 5.889e-04    5.889e-04      1.477e-04
ENSG00000178425:1(@)Loc707   chr6_116016340_G_A_b38   4.725e-02 3.200e-01    3.200e-01      1.513e-02
ENSG00000178425:1(@)Loc707   chr6_116023962_A_AG_b38   1.481e-01 1.164e-03    1.164e-03      1.726e-04
ENSG00000178425:1(@)Loc707   chr6_116024338_A_G_b38   9.511e-02 1.164e-03    1.164e-03      1.108e-04
ENSG00000111816:1(@)Loc707   chr6_116047889_C_A_b38   2.123e-01 6.038e-04    6.037e-04      1.282e-04
ENSG00000111816:1(@)Loc707   chr6_116060831_T_C_b38   7.186e-01 3.588e-04    3.590e-04      2.580e-04
ENSG00000158604:1(@)Loc774   chr7_44561096_G_A_b38   6.988e-02 1.719e-02    1.718e-02      1.202e-03
ENSG00000136271:1(@)Loc774   chr7_44561096_G_A_b38   1.801e-02 1.719e-02    1.718e-02      3.097e-04
ENSG00000157259:1(@)Loc798   chr7_92447889_G_A_b38   8.632e-01 1.482e-04    1.482e-04      1.280e-04
ENSG00000272950:2(@)Loc802   chr7_98286323_T_G_b38   3.013e-01 3.619e-03    3.619e-03      1.091e-03
ENSG00000272950:2(@)Loc802   chr7_98286325_A_G_b38   3.013e-01 3.619e-03    3.619e-03      1.091e-03
ENSG00000272950:2(@)Loc802   chr7_98291311_A_G_b38   3.811e-01 2.999e-03    2.999e-03      1.144e-03
ENSG00000006453:2(@)Loc802   chr7_98376226_A_G_b38   6.364e-02 4.068e-03    4.067e-03      2.591e-04
ENSG00000006453:2(@)Loc802   chr7_98378229_C_CAT_b38   5.611e-02 4.502e-03    4.501e-03      2.528e-04
ENSG00000006453:2(@)Loc802   chr7_98383795_A_C_b38   3.228e-02 1.839e-02    1.839e-02      5.940e-04
ENSG00000006453:2(@)Loc802   chr7_98393841_T_C_b38   4.460e-02 4.502e-03    4.501e-03      2.010e-04
ENSG00000006453:2(@)Loc802   chr7_98404180_T_C_b38   3.988e-02 4.502e-03    4.501e-03      1.797e-04
ENSG00000158856:1(@)Loc864   chr8_22049068_AGGGGCC_A_b38   1.000e+00 2.020e-04    2.022e-04      2.022e-04
ENSG00000197217:1(@)Loc865   chr8_23446943_C_A_b38   6.155e-01 3.438e-04    3.439e-04      2.117e-04
ENSG00000147454:1(@)Loc865   chr8_23529679_C_T_b38   7.150e-01 1.226e-03    1.227e-03      8.773e-04
ENSG00000147454:1(@)Loc865   chr8_23532058_T_C_b38   2.504e-01 6.465e-02    6.465e-02      1.620e-02
ENSG00000120907:1(@)Loc867   chr8_26693899_A_C_b38   9.994e-01 1.172e-04    1.173e-04      1.172e-04
ENSG00000154582:2(@)Loc895   chr8_73969439_G_A_b38   1.434e-02 3.611e-02    3.610e-02      5.181e-04
ENSG00000164695:1(@)Loc899   chr8_81732207_G_A_b38   9.225e-01 1.417e-04    1.418e-04      1.308e-04
ENSG00000178209:2(@)Loc935   chr8_143948489_G_T_b38   7.460e-04 9.999e-01    9.999e-01      7.460e-04
ENSG00000173068:1(@)Loc949   chr9_16877760_C_T_b38   2.352e-01 2.035e-03    2.035e-03      4.792e-04
ENSG00000137154:2(@)Loc950   chr9_19376146_C_T_b38   9.017e-02 1.854e-03    1.853e-03      1.673e-04
ENSG00000137154:2(@)Loc950   chr9_19387993_G_A_b38   2.052e-01 5.349e-04    5.349e-04      1.098e-04
ENSG00000272842:1(@)Loc950   chr9_19376260_G_C_b38   6.601e-01 7.041e-04    7.043e-04      4.651e-04
ENSG00000273226:1(@)Loc950   chr9_19375840_TGGTATCCACTAAAACTA_T_b38   7.370e-01 6.737e-04    6.740e-04      4.969e-04
ENSG00000273226:1(@)Loc950   chr9_19376260_G_C_b38   2.612e-01 7.041e-04    7.041e-04      1.840e-04
ENSG00000187186:1(@)Loc962   chr9_34666096_G_A_b38   9.604e-01 1.629e-04    1.630e-04      1.565e-04
ENSG00000230074:2(@)Loc962   chr9_34669061_C_T_b38   2.582e-01 8.119e-04    8.119e-04      2.098e-04
ENSG00000230074:2(@)Loc962   chr9_34670131_C_A_b38   2.563e-01 6.849e-04    6.849e-04      1.756e-04
ENSG00000230074:2(@)Loc962   chr9_34672272_C_T_b38   2.563e-01 6.849e-04    6.849e-04      1.756e-04
ENSG00000230074:2(@)Loc962   chr9_34674765_G_A_b38   1.223e-01 2.516e-03    2.516e-03      3.080e-04
ENSG00000230074:3(@)Loc962   chr9_34673282_AGC_A_b38   1.785e-01 6.803e-04    6.802e-04      1.215e-04
ENSG00000165029:1(@)Loc988   chr9_104891145_G_A_b38   3.922e-02 2.315e-02    2.315e-02      9.090e-04
ENSG00000165029:1(@)Loc988   chr9_104898848_C_A_b38   5.379e-02 2.178e-03    2.177e-03      1.172e-04
ENSG00000165029:1(@)Loc988   chr9_104903697_C_G_b38   1.075e-01 2.299e-01    2.299e-01      2.472e-02
ENSG00000165029:1(@)Loc988   chr9_104903754_G_GC_b38   9.791e-02 1.221e-03    1.221e-03      1.196e-04
ENSG00000165029:1(@)Loc988   chr9_104910084_G_A_b38   6.293e-01 9.548e-02    9.551e-02      6.012e-02
ENSG00000198917:2(@)Loc1001   chr9_128829615_G_C_b38   7.065e-01 1.356e-03    1.357e-03      9.589e-04
ENSG00000136827:1(@)Loc1002   chr9_129852798_C_T_b38   9.994e-01 1.218e-04    1.219e-04      1.218e-04
ENSG00000057608:1(@)Loc1015   chr10_5803098_A_G_b38   6.398e-02 2.243e-03    2.242e-03      1.436e-04
ENSG00000057608:1(@)Loc1015   chr10_5807954_C_G_b38   1.017e-01 1.640e-03    1.640e-03      1.669e-04
ENSG00000057608:1(@)Loc1015   chr10_5813440_G_C_b38   7.682e-01 2.870e-03    2.871e-03      2.206e-03
ENSG00000148690:4(@)Loc1069   chr10_93702832_G_C_b38   8.937e-01 1.540e-04    1.541e-04      1.377e-04
ENSG00000230224:1(@)Loc1073   chr10_100248412_C_G_b38   4.053e-01 3.709e-04    3.709e-04      1.504e-04
ENSG00000119965:1(@)Loc1086   chr10_122953445_A_G_b38   9.332e-01 1.640e-03    1.641e-03      1.532e-03
ENSG00000132274:3(@)Loc1098   chr11_5689947_A_G_b38   4.247e-02 3.356e-03    3.355e-03      1.426e-04
ENSG00000132274:1(@)Loc1098   chr11_5689666_A_C_b38   9.730e-01 1.231e-04    1.232e-04      1.199e-04
ENSG00000175356:2(@)Loc1101   chr11_9060114_G_C_b38   2.708e-01 5.574e-04    5.574e-04      1.511e-04
ENSG00000049449:1(@)Loc1115   chr11_32091022_A_C_b38   9.998e-01 1.068e-04    1.069e-04      1.069e-04
ENSG00000175216:2(@)Loc1122   chr11_46789366_C_A_b38   2.549e-02 1.043e-02    1.042e-02      2.660e-04
ENSG00000175220:1(@)Loc1122   chr11_46700671_T_C_b38   7.189e-01 3.511e-04    3.512e-04      2.526e-04
ENSG00000175216:1(@)Loc1122   chr11_46825728_A_G_b38   2.385e-01 5.164e-04    5.164e-04      1.232e-04
ENSG00000025434:1(@)Loc1123   chr11_47255124_A_G_b38   4.875e-01 3.555e-04    3.556e-04      1.734e-04
ENSG00000168496:1(@)Loc1128   chr11_61783884_T_C_b38   6.770e-02 1.706e-03    1.706e-03      1.156e-04
ENSG00000168496:1(@)Loc1128   chr11_61785208_G_T_b38   7.126e-02 7.036e-03    7.036e-03      5.019e-04
ENSG00000168496:1(@)Loc1128   chr11_61790331_T_C_b38   2.613e-02 3.373e-02    3.373e-02      8.821e-04
ENSG00000168496:1(@)Loc1128   chr11_61802358_C_T_b38   1.861e-02 1.637e-02    1.637e-02      3.049e-04
ENSG00000168496:1(@)Loc1128   chr11_61804006_T_C_b38   8.572e-03 3.634e-02    3.634e-02      3.118e-04
ENSG00000168496:1(@)Loc1128   chr11_61830500_A_G_b38   6.067e-03 2.963e-01    2.963e-01      1.799e-03
ENSG00000168496:1(@)Loc1128   chr11_61836038_C_A_b38   1.220e-02 5.663e-02    5.662e-02      6.914e-04
ENSG00000168496:1(@)Loc1128   chr11_61837342_C_A_b38   1.850e-02 2.241e-01    2.241e-01      4.148e-03
ENSG00000168496:1(@)Loc1128   chr11_61842278_C_T_b38   2.032e-02 3.273e-01    3.273e-01      6.655e-03
ENSG00000134825:1(@)Loc1128   chr11_61783884_T_C_b38   2.335e-01 1.706e-03    1.706e-03      3.986e-04
ENSG00000134825:1(@)Loc1128   chr11_61802358_C_T_b38   2.944e-02 1.637e-02    1.636e-02      4.821e-04
ENSG00000134825:1(@)Loc1128   chr11_61804006_T_C_b38   1.356e-02 3.634e-02    3.633e-02      4.930e-04
ENSG00000149485:2(@)Loc1128   chr11_61830500_A_G_b38   1.658e-03 2.963e-01    2.963e-01      4.914e-04
ENSG00000221968:1(@)Loc1128   chr11_61790331_T_C_b38   1.035e-02 3.373e-02    3.373e-02      3.494e-04
ENSG00000221968:1(@)Loc1128   chr11_61804006_T_C_b38   4.910e-03 3.634e-02    3.634e-02      1.786e-04
ENSG00000221968:1(@)Loc1128   chr11_61830500_A_G_b38   4.083e-03 2.963e-01    2.962e-01      1.210e-03
ENSG00000221968:1(@)Loc1128   chr11_61836038_C_A_b38   2.874e-02 5.663e-02    5.662e-02      1.629e-03
ENSG00000221968:1(@)Loc1128   chr11_61837342_C_A_b38   2.333e-02 2.241e-01    2.241e-01      5.232e-03
ENSG00000221968:1(@)Loc1128   chr11_61842278_C_T_b38   8.552e-02 3.273e-01    3.273e-01      2.801e-02
ENSG00000173327:1(@)Loc1130   chr11_65613445_G_A_b38   9.979e-01 1.621e-03    1.622e-03      1.619e-03
ENSG00000254470:2(@)Loc1130   chr11_65775950_G_C_b38   8.984e-02 1.384e-03    1.384e-03      1.244e-04
ENSG00000174080:2(@)Loc1131   chr11_66568700_C_A_b38   2.457e-01 7.248e-04    7.248e-04      1.782e-04
ENSG00000174165:1(@)Loc1131   chr11_66545555_A_G_b38   4.425e-01 7.272e-04    7.273e-04      3.220e-04
ENSG00000174165:1(@)Loc1131   chr11_66545732_T_C_b38   3.141e-01 6.731e-04    6.731e-04      2.115e-04
ENSG00000118369:4(@)Loc1137   chr11_78216055_A_G_b38   9.603e-02 2.099e-03    2.098e-03      2.017e-04
ENSG00000243431:1(@)Loc1165   chr11_118545538_C_T_b38   4.900e-03 6.732e-02    6.731e-02      3.302e-04
ENSG00000243431:1(@)Loc1165   chr11_118550797_G_A_b38   7.484e-02 1.860e-03    1.860e-03      1.393e-04
ENSG00000243431:1(@)Loc1165   chr11_118554704_G_T_b38   4.046e-02 2.156e-02    2.155e-02      8.729e-04
ENSG00000243431:1(@)Loc1165   chr11_118559804_C_T_b38   9.043e-02 1.381e-03    1.381e-03      1.250e-04
ENSG00000243431:1(@)Loc1165   chr11_118578655_A_G_b38   1.323e-02 2.227e-02    2.226e-02      2.949e-04
ENSG00000118096:1(@)Loc1165   chr11_118550021_T_C_b38   7.391e-02 1.381e-03    1.381e-03      1.022e-04
ENSG00000118096:1(@)Loc1165   chr11_118554348_A_G_b38   2.221e-01 1.381e-03    1.381e-03      3.070e-04
ENSG00000118096:1(@)Loc1165   chr11_118554704_G_T_b38   2.221e-01 2.156e-02    2.156e-02      4.791e-03
ENSG00000280832:2(@)Loc1171   chr11_126358764_T_G_b38   1.264e-03 9.467e-02    9.465e-02      1.198e-04
ENSG00000126746:1(@)Loc1185   chr12_6689466_A_C_b38   9.991e-01 1.049e-04    1.049e-04      1.048e-04
ENSG00000003056:1(@)Loc1187   chr12_8929985_A_G_b38   9.996e-02 4.654e-02    4.653e-02      4.656e-03
ENSG00000175548:1(@)Loc1202   chr12_38317017_C_T_b38   5.341e-01 5.646e-04    5.647e-04      3.018e-04
ENSG00000175548:1(@)Loc1202   chr12_38317486_C_T_b38   1.944e-01 7.030e-04    7.030e-04      1.368e-04
ENSG00000185432:1(@)Loc1209   chr12_50919748_G_A_b38   1.122e-02 1.421e-02    1.421e-02      1.596e-04
ENSG00000205352:1(@)Loc1211   chr12_53446172_C_G_b38   9.402e-01 2.507e-04    2.509e-04      2.359e-04
ENSG00000110958:1(@)Loc1213   chr12_56689238_G_C_b38   4.178e-01 3.074e-04    3.075e-04      1.285e-04
ENSG00000258302:1(@)Loc1232   chr12_89536849_C_T_b38   6.328e-02 2.753e-03    2.753e-03      1.744e-04
ENSG00000258302:1(@)Loc1232   chr12_89539596_A_G_b38   6.006e-02 2.291e-03    2.290e-03      1.377e-04
ENSG00000110880:1(@)Loc1244   chr12_108701361_A_G_b38   7.466e-03 2.850e-01    2.849e-01      2.129e-03
ENSG00000157895:3(@)Loc1252   chr12_120979185_A_G_b38   2.824e-04 3.745e-01    3.745e-01      1.058e-04
ENSG00000270028:1(@)Loc1253   chr12_123920171_T_C_b38   8.052e-02 4.326e-03    4.325e-03      3.485e-04
ENSG00000270028:1(@)Loc1253   chr12_123924955_G_A_b38   4.072e-01 8.656e-04    8.657e-04      3.527e-04
ENSG00000250091:1(@)Loc1253   chr12_123935529_C_CAGGA_b38   1.124e-01 9.092e-04    9.090e-04      1.023e-04
ENSG00000250091:1(@)Loc1253   chr12_123946502_G_A_b38   3.546e-01 9.626e-04    9.627e-04      3.416e-04
ENSG00000250091:3(@)Loc1253   chr12_123935181_C_T_b38   2.677e-02 1.912e-02    1.912e-02      5.124e-04
ENSG00000270028:2(@)Loc1253   chr12_123922745_T_A_b38   5.835e-01 8.056e-04    8.059e-04      4.704e-04
ENSG00000119242:1(@)Loc1253   chr12_123946265_G_A_b38   3.566e-01 3.646e-04    3.646e-04      1.301e-04
ENSG00000250091:2(@)Loc1253   chr12_123971893_AC_A_b38   5.289e-01 2.854e-04    2.855e-04      1.510e-04
ENSG00000250091:2(@)Loc1253   chr12_123978731_G_A_b38   4.698e-01 2.720e-04    2.720e-04      1.278e-04
ENSG00000072609:2(@)Loc1260   chr12_132909161_T_C_b38   1.937e-01 6.832e-04    6.831e-04      1.324e-04
ENSG00000122033:1(@)Loc1267   chr13_27444100_G_C_b38   8.528e-01 2.957e-04    2.959e-04      2.524e-04
ENSG00000102781:1(@)Loc1269   chr13_30311024_C_T_b38   5.458e-01 4.519e-04    4.520e-04      2.468e-04
ENSG00000152749:1(@)Loc1307   chr13_94601666_T_G_b38   9.981e-01 1.206e-04    1.207e-04      1.205e-04
ENSG00000275198:1(@)Loc1367   chr14_90383064_G_T_b38   5.919e-01 2.046e-04    2.046e-04      1.212e-04
ENSG00000258424:1(@)Loc1367   chr14_90402098_G_A_b38   9.993e-01 2.778e-04    2.780e-04      2.778e-04
ENSG00000140105:1(@)Loc1374   chr14_100376300_C_G_b38   5.861e-02 2.836e-03    2.836e-03      1.664e-04
ENSG00000176473:1(@)Loc1374   chr14_100376300_C_G_b38   7.136e-01 2.836e-03    2.838e-03      2.025e-03
ENSG00000140323:1(@)Loc1392   chr15_40413218_G_A_b38   9.996e-01 1.083e-04    1.083e-04      1.083e-04
ENSG00000140463:1(@)Loc1412   chr15_72686190_C_A_b38   9.997e-01 1.036e-04    1.036e-04      1.036e-04
ENSG00000140465:1(@)Loc1413   chr15_74751897_G_A_b38   1.742e-01 1.784e-03    1.784e-03      3.111e-04
ENSG00000140465:1(@)Loc1413   chr15_74755085_T_C_b38   2.853e-01 2.210e-03    2.210e-03      6.310e-04
ENSG00000140465:1(@)Loc1413   chr15_74770056_C_T_b38   5.100e-02 2.636e-03    2.635e-03      1.346e-04
ENSG00000140474:1(@)Loc1413   chr15_74839978_A_G_b38   2.160e-01 6.239e-04    6.239e-04      1.349e-04
ENSG00000140543:1(@)Loc1419   chr15_88545664_T_TCAATATAAC_b38   3.076e-01 3.834e-04    3.835e-04      1.180e-04
ENSG00000183426:1(@)Loc1443   chr16_15036083_C_T_b38   1.000e+00 1.656e-04    1.657e-04      1.657e-04
ENSG00000179889:1(@)Loc1443   chr16_15036083_C_T_b38   1.000e+00 1.656e-04    1.657e-04      1.657e-04
ENSG00000183793:1(@)Loc1443   chr16_15036083_C_T_b38   9.996e-01 1.656e-04    1.657e-04      1.656e-04
ENSG00000099381:1(@)Loc1452   chr16_31101489_A_C_b38   1.374e-01 1.334e-03    1.333e-03      1.833e-04
ENSG00000167394:1(@)Loc1452   chr16_31074149_T_C_b38   1.436e-01 4.458e-03    4.458e-03      6.406e-04
ENSG00000167394:1(@)Loc1452   chr16_31077026_G_A_b38   2.432e-02 4.231e-03    4.230e-03      1.030e-04
ENSG00000167395:1(@)Loc1452   chr16_31074149_T_C_b38   3.622e-01 4.458e-03    4.459e-03      1.616e-03
ENSG00000167395:1(@)Loc1452   chr16_31113086_A_G_b38   1.327e-02 1.549e-02    1.549e-02      2.057e-04
ENSG00000103510:1(@)Loc1452   chr16_31106092_C_T_b38   7.693e-02 4.297e-03    4.296e-03      3.308e-04
ENSG00000103510:1(@)Loc1452   chr16_31110472_G_A_b38   2.080e-01 1.605e-03    1.605e-03      3.340e-04
ENSG00000103510:1(@)Loc1452   chr16_31114455_T_C_b38   3.023e-02 3.352e-03    3.351e-03      1.014e-04
ENSG00000103510:1(@)Loc1452   chr16_31118574_A_G_b38   2.894e-01 1.114e-02    1.114e-02      3.226e-03
ENSG00000103510:1(@)Loc1452   chr16_31120293_A_G_b38   8.397e-02 7.036e-03    7.035e-03      5.913e-04
ENSG00000103510:1(@)Loc1452   chr16_31126391_C_T_b38   8.350e-02 9.600e-03    9.598e-03      8.022e-04
ENSG00000103510:1(@)Loc1452   chr16_31129478_G_T_b38   7.665e-02 1.962e-03    1.961e-03      1.505e-04
ENSG00000087237:1(@)Loc1458   chr16_56954132_C_T_b38   1.943e-01 1.399e-02    1.400e-02      2.722e-03
ENSG00000087237:1(@)Loc1458   chr16_56955678_C_T_b38   2.801e-03 9.844e-01    9.844e-01      2.757e-03
ENSG00000087237:1(@)Loc1458   chr16_56959412_C_A_b38   1.138e-01 1.580e-03    1.581e-03      1.800e-04
ENSG00000074370:1(@)Loc1486   chr17_3976854_C_T_b38   4.106e-01 2.717e-04    2.717e-04      1.116e-04
ENSG00000091640:1(@)Loc1487   chr17_4967598_G_A_b38   4.829e-01 3.227e-04    3.227e-04      1.559e-04
ENSG00000091640:1(@)Loc1487   chr17_4968223_T_C_b38   4.829e-01 2.673e-04    2.674e-04      1.292e-04
ENSG00000178977:1(@)Loc1489   chr17_8222223_A_G_b38   4.380e-01 1.010e-01    1.010e-01      4.426e-02
ENSG00000178977:1(@)Loc1489   chr17_8225842_A_G_b38   8.604e-02 1.650e-01    1.650e-01      1.421e-02
ENSG00000178977:1(@)Loc1489   chr17_8241236_C_T_b38   1.214e-02 1.554e-02    1.553e-02      1.888e-04
ENSG00000178977:1(@)Loc1489   chr17_8246469_C_T_b38   8.641e-02 1.323e-02    1.323e-02      1.144e-03
ENSG00000178977:1(@)Loc1489   chr17_8257284_T_C_b38   4.885e-02 9.345e-02    9.344e-02      4.569e-03
ENSG00000178977:1(@)Loc1489   chr17_8257831_C_T_b38   9.657e-02 2.908e-01    2.908e-01      2.810e-02
ENSG00000178977:1(@)Loc1489   chr17_8270449_C_T_b38   9.792e-02 3.494e-03    3.494e-03      3.424e-04
ENSG00000178977:1(@)Loc1489   chr17_8291000_G_A_b38   5.339e-02 9.923e-03    9.921e-03      5.303e-04
ENSG00000178971:1(@)Loc1489   chr17_8226220_G_C_b38   9.617e-01 1.780e-03    1.781e-03      1.713e-03
ENSG00000167525:1(@)Loc1499   chr17_28711515_G_A_b38   4.643e-01 1.012e-03    1.013e-03      4.705e-04
ENSG00000160606:1(@)Loc1499   chr17_28728293_C_T_b38   1.345e-01 9.569e-04    9.567e-04      1.288e-04
ENSG00000160606:1(@)Loc1499   chr17_28728422_G_A_b38   1.456e-01 8.587e-04    8.586e-04      1.252e-04
ENSG00000160602:1(@)Loc1499   chr17_28750313_A_G_b38   3.020e-02 3.355e-03    3.354e-03      1.014e-04
ENSG00000160602:1(@)Loc1499   chr17_28754142_G_T_b38   9.739e-02 2.449e-03    2.449e-03      2.387e-04
ENSG00000160602:1(@)Loc1499   chr17_28775602_A_G_b38   5.521e-02 2.406e-03    2.406e-03      1.330e-04
ENSG00000132591:1(@)Loc1499   chr17_28855926_G_A_b38   7.013e-02 6.808e-03    6.806e-03      4.778e-04
ENSG00000132591:1(@)Loc1499   chr17_28857264_C_T_b38   9.697e-02 2.263e-03    2.262e-03      2.196e-04
ENSG00000132591:1(@)Loc1499   chr17_28857368_A_G_b38   6.716e-02 2.263e-03    2.262e-03      1.521e-04
ENSG00000132591:1(@)Loc1499   chr17_28857515_C_T_b38   4.460e-02 2.263e-03    2.262e-03      1.010e-04
ENSG00000132591:1(@)Loc1499   chr17_28859566_G_A_b38   9.049e-02 2.263e-03    2.262e-03      2.049e-04
ENSG00000132591:1(@)Loc1499   chr17_28860002_T_G_b38   1.221e-01 2.263e-03    2.262e-03      2.764e-04
ENSG00000132591:1(@)Loc1499   chr17_28860618_G_T_b38   9.496e-02 2.263e-03    2.262e-03      2.150e-04
ENSG00000132591:1(@)Loc1499   chr17_28860771_C_T_b38   9.496e-02 5.482e-03    5.481e-03      5.210e-04
ENSG00000132591:1(@)Loc1499   chr17_28861986_C_CCCTTCCTCTT_b38   8.640e-02 2.190e-03    2.189e-03      1.893e-04
ENSG00000132591:1(@)Loc1499   chr17_28862756_A_G_b38   8.820e-02 6.273e-03    6.272e-03      5.536e-04
ENSG00000196712:1(@)Loc1500   chr17_31169325_C_A_b38   2.150e-02 5.318e-03    5.316e-03      1.144e-04
ENSG00000033627:2(@)Loc1507   chr17_42461423_T_C_b38   6.905e-02 5.849e-03    5.848e-03      4.042e-04
ENSG00000033627:1(@)Loc1507   chr17_42455287_A_T_b38   3.636e-01 7.583e-04    7.583e-04      2.759e-04
ENSG00000033627:1(@)Loc1507   chr17_42457387_A_G_b38   5.246e-01 5.594e-04    5.595e-04      2.937e-04
ENSG00000108785:1(@)Loc1507   chr17_42545764_CAAT_C_b38   1.348e-01 7.545e-04    7.544e-04      1.018e-04
ENSG00000108785:1(@)Loc1507   chr17_42545768_CCCCTTGCCT_C_b38   5.085e-01 7.545e-04    7.547e-04      3.839e-04
ENSG00000178852:3(@)Loc1509   chr17_47314438_T_C_b38   5.966e-04 4.905e-01    4.905e-01      2.928e-04
ENSG00000141295:1(@)Loc1510   chr17_47838029_T_C_b38   7.731e-01 7.816e-04    7.820e-04      6.047e-04
ENSG00000005882:1(@)Loc1511   chr17_50095415_A_C_b38   7.828e-01 1.400e-04    1.401e-04      1.097e-04
ENSG00000141378:1(@)Loc1517   chr17_59712845_T_C_b38   2.850e-02 9.261e-03    9.259e-03      2.641e-04
ENSG00000108479:1(@)Loc1524   chr17_75764739_G_A_b38   2.349e-01 1.322e-03    1.322e-03      3.107e-04
ENSG00000108479:1(@)Loc1524   chr17_75765315_T_C_b38   4.231e-01 1.322e-03    1.322e-03      5.597e-04
ENSG00000132478:1(@)Loc1524   chr17_75782435_CA_C_b38   1.603e-02 8.389e-03    8.388e-03      1.346e-04
ENSG00000132478:1(@)Loc1524   chr17_75784425_G_A_b38   6.894e-02 3.127e-03    3.127e-03      2.158e-04
ENSG00000132478:1(@)Loc1524   chr17_75786110_T_C_b38   1.608e-02 3.861e-01    3.860e-01      6.212e-03
ENSG00000132475:1(@)Loc1524   chr17_75782435_CA_C_b38   6.340e-02 8.389e-03    8.388e-03      5.324e-04
ENSG00000132475:1(@)Loc1524   chr17_75782528_C_G_b38   2.468e-02 6.933e-03    6.931e-03      1.713e-04
ENSG00000132475:1(@)Loc1524   chr17_75782736_G_C_b38   3.779e-02 8.389e-03    8.388e-03      3.173e-04
ENSG00000132475:1(@)Loc1524   chr17_75783117_A_C_b38   5.019e-02 8.389e-03    8.388e-03      4.214e-04
ENSG00000132475:1(@)Loc1524   chr17_75784425_G_A_b38   4.434e-02 3.127e-03    3.127e-03      1.388e-04
ENSG00000132475:1(@)Loc1524   chr17_75786110_T_C_b38   1.477e-01 3.861e-01    3.861e-01      5.703e-02
ENSG00000141526:1(@)Loc1529   chr17_82233396_T_C_b38   9.988e-01 1.645e-04    1.646e-04      1.644e-04
ENSG00000154845:2(@)Loc1536   chr18_9615853_C_T_b38   5.460e-01 1.920e-04    1.920e-04      1.049e-04
ENSG00000119537:1(@)Loc1564   chr18_63367187_T_G_b38   9.994e-01 2.180e-04    2.182e-04      2.180e-04
ENSG00000099821:1(@)Loc1579   chr19_633381_A_G_b38   9.977e-01 2.085e-04    2.086e-04      2.081e-04
ENSG00000268297:2(@)Loc1584   chr19_7789788_G_T_b38   7.686e-02 1.581e-03    1.581e-03      1.216e-04
ENSG00000268297:2(@)Loc1584   chr19_7790007_A_G_b38   8.994e-02 1.739e-03    1.738e-03      1.565e-04
ENSG00000267082:1(@)Loc1587   chr19_11205141_T_G_b38   1.190e-01 1.042e-02    1.042e-02      1.241e-03
ENSG00000268650:2(@)Loc1591   chr19_18204386_G_A_b38   4.107e-01 2.438e-04    2.438e-04      1.002e-04
ENSG00000254858:2(@)Loc1591   chr19_18231598_C_T_b38   2.949e-01 3.755e-04    3.755e-04      1.108e-04
ENSG00000105650:2(@)Loc1591   chr19_18219858_A_G_b38   6.354e-01 3.648e-04    3.649e-04      2.319e-04
ENSG00000130518:2(@)Loc1591   chr19_18274140_T_G_b38   3.593e-01 1.124e-03    1.124e-03      4.041e-04
ENSG00000081665:1(@)Loc1593   chr19_19810158_C_A_b38   2.438e-01 4.929e-03    4.929e-03      1.203e-03
ENSG00000213988:1(@)Loc1593   chr19_20118132_A_G_b38   5.434e-01 2.429e-04    2.429e-04      1.321e-04
ENSG00000188493:1(@)Loc1605   chr19_40763383_G_T_b38   2.370e-01 5.089e-03    5.089e-03      1.207e-03
ENSG00000130204:2(@)Loc1608   chr19_44886339_G_A_b38   1.175e-02 3.333e-01    3.333e-01      3.920e-03
ENSG00000142233:3(@)Loc1610   chr19_48702915_C_T_b38   1.300e-02 4.176e-01    4.176e-01      5.433e-03
ENSG00000142233:3(@)Loc1610   chr19_48703160_A_G_b38   1.300e-02 5.764e-01    5.764e-01      7.496e-03
ENSG00000142233:3(@)Loc1610   chr19_48708712_T_C_b38   3.009e-02 5.806e-03    5.806e-03      1.749e-04
ENSG00000100994:2(@)Loc1634   chr20_25229677_G_C_b38   1.702e-01 6.104e-04    6.104e-04      1.039e-04
ENSG00000100994:2(@)Loc1634   chr20_25249342_G_A_b38   3.461e-01 3.287e-04    3.288e-04      1.139e-04
ENSG00000197586:1(@)Loc1634   chr20_25222256_G_A_b38   4.966e-01 3.849e-04    3.850e-04      1.913e-04
ENSG00000197586:1(@)Loc1634   chr20_25241709_T_C_b38   3.048e-01 4.139e-04    4.139e-04      1.262e-04
ENSG00000215529:1(@)Loc1635   chr20_32858839_A_G_b38   5.327e-01 3.597e-04    3.598e-04      1.918e-04
ENSG00000126001:1(@)Loc1637   chr20_35458678_G_A_b38   2.391e-02 9.136e-02    9.133e-02      2.186e-03
ENSG00000214078:2(@)Loc1637   chr20_35566823_C_T_b38   3.641e-02 5.424e-01    5.423e-01      1.976e-02
ENSG00000224497:1(@)Loc1637   chr20_35543647_C_T_b38   5.775e-01 1.643e-03    1.643e-03      9.495e-04
ENSG00000224497:1(@)Loc1637   chr20_35544511_C_T_b38   1.332e-01 1.429e-03    1.429e-03      1.904e-04
ENSG00000224497:1(@)Loc1637   chr20_35545279_C_T_b38   8.122e-02 1.643e-03    1.642e-03      1.335e-04
ENSG00000224497:1(@)Loc1637   chr20_35545566_TCAA_T_b38   8.122e-02 1.643e-03    1.642e-03      1.335e-04
ENSG00000244462:2(@)Loc1637   chr20_35655095_C_T_b38   1.794e-02 1.261e-02    1.261e-02      2.265e-04
ENSG00000088340:2(@)Loc1637   chr20_35606321_A_G_b38   2.291e-02 1.244e-02    1.244e-02      2.851e-04
ENSG00000088340:2(@)Loc1637   chr20_35655095_C_T_b38   8.390e-03 1.261e-02    1.261e-02      1.059e-04
ENSG00000244005:1(@)Loc1637   chr20_35697520_C_T_b38   4.767e-02 1.523e-02    1.523e-02      7.265e-04
ENSG00000244005:1(@)Loc1637   chr20_35724912_C_T_b38   7.816e-03 1.753e-02    1.752e-02      1.371e-04
ENSG00000025293:1(@)Loc1637   chr20_35779355_G_A_b38   3.617e-02 1.209e-02    1.209e-02      4.377e-04
ENSG00000260032:1(@)Loc1637   chr20_36050133_G_A_b38   6.578e-01 1.914e-04    1.915e-04      1.260e-04
ENSG00000054793:2(@)Loc1647   chr20_51724640_C_A_b38   1.158e-01 1.011e-03    1.010e-03      1.171e-04
ENSG00000054793:2(@)Loc1647   chr20_51743027_G_A_b38   5.212e-01 1.011e-03    1.011e-03      5.271e-04
ENSG00000101246:1(@)Loc1654   chr20_63707707_C_G_b38   3.043e-01 3.524e-04    3.524e-04      1.073e-04
ENSG00000125510:1(@)Loc1654   chr20_64076174_C_T_b38   1.684e-01 1.290e-03    1.290e-03      2.173e-04
ENSG00000125510:1(@)Loc1654   chr20_64077921_G_A_b38   7.366e-01 1.627e-03    1.628e-03      1.199e-03
ENSG00000171700:1(@)Loc1654   chr20_64076174_C_T_b38   9.381e-01 1.290e-03    1.291e-03      1.211e-03
ENSG00000183255:1(@)Loc1677   chr21_44875071_G_C_b38   9.998e-01 1.261e-04    1.262e-04      1.262e-04
ENSG00000160285:2(@)Loc1678   chr21_46236382_A_AC_b38   1.533e-01 7.072e-04    7.071e-04      1.085e-04
ENSG00000160285:2(@)Loc1678   chr21_46271035_G_A_b38   1.601e-01 1.313e-03    1.313e-03      2.105e-04
ENSG00000215424:2(@)Loc1678   chr21_46229830_A_AG_b38   2.266e-01 7.072e-04    7.071e-04      1.604e-04
ENSG00000239415:1(@)Loc1678   chr21_46236382_A_AC_b38   3.210e-01 7.072e-04    7.072e-04      2.272e-04
ENSG00000239415:1(@)Loc1678   chr21_46258313_G_A_b38   1.497e-01 8.308e-04    8.307e-04      1.244e-04
ENSG00000239415:1(@)Loc1678   chr21_46267894_G_C_b38   1.364e-01 7.644e-04    7.643e-04      1.043e-04
ENSG00000160299:1(@)Loc1678   chr21_46324123_CG_C_b38   5.157e-01 6.861e-04    6.863e-04      3.541e-04
ENSG00000160299:1(@)Loc1678   chr21_46325219_C_G_b38   1.571e-01 7.351e-04    7.350e-04      1.155e-04
ENSG00000182362:2(@)Loc1678   chr21_46298578_C_T_b38   9.994e-01 1.002e-04    1.003e-04      1.003e-04
ENSG00000182362:1(@)Loc1678   chr21_46306418_C_G_b38   9.994e-01 6.474e-04    6.478e-04      6.475e-04
ENSG00000100284:1(@)Loc1692   chr22_35286895_TTATGA_T_b38   2.420e-02 4.232e-03    4.231e-03      1.025e-04
ENSG00000100284:1(@)Loc1692   chr22_35295124_CT_C_b38   3.030e-02 4.168e-03    4.167e-03      1.264e-04
ENSG00000100284:1(@)Loc1692   chr22_35298216_G_A_b38   5.083e-02 4.064e-03    4.063e-03      2.067e-04
ENSG00000100284:1(@)Loc1692   chr22_35298302_A_G_b38   1.113e-01 3.522e-03    3.521e-03      3.921e-04
ENSG00000100284:1(@)Loc1692   chr22_35299809_G_A_b38   2.061e-01 4.637e-03    4.637e-03      9.562e-04
ENSG00000100284:1(@)Loc1692   chr22_35301399_A_G_b38   4.990e-02 4.454e-03    4.453e-03      2.224e-04
ENSG00000100284:1(@)Loc1692   chr22_35301811_C_CT_b38   3.944e-02 4.168e-03    4.167e-03      1.645e-04
ENSG00000100284:1(@)Loc1692   chr22_35303052_A_C_b38   2.100e-02 5.554e-03    5.553e-03      1.167e-04
ENSG00000100284:1(@)Loc1692   chr22_35303890_C_T_b38   2.100e-02 6.077e-03    6.076e-03      1.277e-04
ENSG00000100284:1(@)Loc1692   chr22_35304262_A_G_b38   2.100e-02 5.123e-03    5.122e-03      1.077e-04
ENSG00000100284:1(@)Loc1692   chr22_35306181_A_T_b38   2.469e-02 4.191e-03    4.190e-03      1.036e-04
ENSG00000100299:1(@)Loc1702   chr22_50625049_T_C_b38   9.978e-01 2.623e-04    2.625e-04      2.619e-04
