Signal	SNP	PIP_qtl	PIP_gwas_marginal	PIP_gwas_qtl_prior	SCP
ENSG00000182873:1(@)Loc2   chr1_2189679_C_T_b38   6.873e-01 3.918e-04    3.917e-04      2.692e-04
ENSG00000162585:1(@)Loc2   chr1_2189679_C_T_b38   9.998e-01 3.918e-04    3.917e-04      3.917e-04
ENSG00000132881:1(@)Loc11   chr1_16237140_A_G_b38   9.568e-01 1.147e-04    1.147e-04      1.097e-04
ENSG00000159363:1(@)Loc12   chr1_17011965_G_A_b38   7.061e-01 1.810e-04    1.810e-04      1.278e-04
ENSG00000183726:3(@)Loc18   chr1_25427147_C_T_b38   3.248e-02 1.378e-02    1.378e-02      4.477e-04
ENSG00000183726:3(@)Loc18   chr1_25434429_C_T_b38   3.563e-03 2.652e-01    2.652e-01      9.449e-04
ENSG00000183726:3(@)Loc18   chr1_25434800_T_C_b38   2.079e-02 2.326e-01    2.326e-01      4.834e-03
ENSG00000183726:3(@)Loc18   chr1_25442446_A_G_b38   6.490e-04 4.469e-01    4.469e-01      2.901e-04
ENSG00000204178:2(@)Loc18   chr1_25432164_G_A_b38   7.160e-03 3.203e-02    3.203e-02      2.293e-04
ENSG00000204178:2(@)Loc18   chr1_25434429_C_T_b38   9.672e-04 2.652e-01    2.652e-01      2.565e-04
ENSG00000204178:2(@)Loc18   chr1_25434800_T_C_b38   1.274e-03 2.326e-01    2.326e-01      2.963e-04
ENSG00000204178:2(@)Loc18   chr1_25442446_A_G_b38   2.706e-04 4.469e-01    4.469e-01      1.210e-04
ENSG00000121766:1(@)Loc20   chr1_31263033_T_C_b38   1.242e-01 1.903e-03    1.902e-03      2.362e-04
ENSG00000121769:1(@)Loc20   chr1_31376362_C_G_b38   3.318e-01 1.196e-03    1.196e-03      3.969e-04
ENSG00000227533:1(@)Loc26   chr1_42959141_C_G_b38   5.836e-01 2.020e-04    2.019e-04      1.178e-04
ENSG00000116641:1(@)Loc39   chr1_62690372_A_G_b38   7.266e-01 1.079e-02    1.079e-02      7.840e-03
ENSG00000116641:1(@)Loc39   chr1_62690427_T_C_b38   6.077e-02 1.985e-03    1.984e-03      1.206e-04
ENSG00000198890:1(@)Loc66   chr1_107056636_A_T_b38   5.325e-01 9.177e-04    9.175e-04      4.886e-04
ENSG00000198890:1(@)Loc66   chr1_107075085_G_A_b38   1.178e-02 3.680e-02    3.680e-02      4.334e-04
ENSG00000134222:2(@)Loc67   chr1_109274968_G_T_b38   2.926e-02 4.071e-01    4.071e-01      1.191e-02
ENSG00000134222:2(@)Loc67   chr1_109275908_C_T_b38   2.701e-02 5.928e-01    5.928e-01      1.601e-02
ENSG00000143412:2(@)Loc74   chr1_150986360_A_G_b38   1.616e-03 9.701e-01    9.701e-01      1.568e-03
ENSG00000143622:1(@)Loc77   chr1_155911161_G_A_b38   9.789e-01 1.509e-04    1.508e-04      1.476e-04
ENSG00000242252:2(@)Loc77   chr1_156240631_G_A_b38   2.057e-01 1.413e-03    1.413e-03      2.906e-04
ENSG00000242252:2(@)Loc77   chr1_156246108_G_A_b38   1.272e-01 1.241e-03    1.241e-03      1.579e-04
ENSG00000242252:2(@)Loc77   chr1_156249659_A_G_b38   1.344e-01 1.163e-03    1.163e-03      1.563e-04
ENSG00000242252:2(@)Loc77   chr1_156254513_T_C_b38   1.214e-01 1.079e-03    1.079e-03      1.310e-04
ENSG00000242252:1(@)Loc77   chr1_156240066_C_T_b38   4.107e-01 1.005e-03    1.005e-03      4.126e-04
ENSG00000143226:2(@)Loc80   chr1_161505171_G_T_b38   5.310e-02 2.359e-03    2.359e-03      1.253e-04
ENSG00000203747:3(@)Loc80   chr1_161551141_C_T_b38   7.396e-03 1.573e-02    1.572e-02      1.163e-04
ENSG00000225217:4(@)Loc80   chr1_161595363_C_CT_b38   2.912e-01 1.865e-03    1.865e-03      5.430e-04
ENSG00000244682:1(@)Loc80   chr1_161595591_A_G_b38   1.000e+00 2.952e-04    2.951e-04      2.951e-04
ENSG00000225217:1(@)Loc80   chr1_161595591_A_G_b38   9.987e-01 2.952e-04    2.951e-04      2.947e-04
ENSG00000143924:2(@)Loc158   chr2_42171778_C_A_b38   4.475e-02 8.883e-03    8.881e-03      3.975e-04
ENSG00000281920:1(@)Loc174   chr2_65621223_C_T_b38   2.732e-01 7.230e-04    7.229e-04      1.975e-04
ENSG00000281920:1(@)Loc174   chr2_65624002_C_T_b38   5.705e-01 7.230e-04    7.229e-04      4.124e-04
ENSG00000281920:1(@)Loc174   chr2_65628246_C_A_b38   1.096e-01 1.964e-03    1.963e-03      2.151e-04
ENSG00000163586:1(@)Loc187   chr2_88129052_C_T_b38   1.960e-01 6.225e-04    6.224e-04      1.220e-04
ENSG00000223947:1(@)Loc190   chr2_101001757_A_G_b38   5.271e-02 1.980e-03    1.979e-03      1.043e-04
ENSG00000144426:1(@)Loc252   chr2_203016111_G_A_b38   1.108e-01 3.880e-03    3.880e-03      4.300e-04
ENSG00000144426:1(@)Loc252   chr2_203016269_T_C_b38   6.956e-02 3.572e-03    3.572e-03      2.485e-04
ENSG00000115414:2(@)Loc259   chr2_215435759_T_A_b38   6.812e-03 2.100e-02    2.100e-02      1.430e-04
ENSG00000115414:2(@)Loc259   chr2_215439661_T_C_b38   8.211e-04 6.684e-01    6.684e-01      5.488e-04
ENSG00000144635:1(@)Loc300   chr3_32489950_G_A_b38   1.658e-01 9.976e-04    9.975e-04      1.654e-04
ENSG00000144635:1(@)Loc300   chr3_32496755_C_T_b38   7.760e-02 8.970e-02    8.969e-02      6.960e-03
ENSG00000144635:1(@)Loc300   chr3_32497253_C_T_b38   7.760e-02 1.823e-03    1.823e-03      1.415e-04
ENSG00000164088:2(@)Loc312   chr3_52245578_G_A_b38   9.335e-01 1.184e-03    1.184e-03      1.105e-03
ENSG00000168268:1(@)Loc312   chr3_52538431_A_G_b38   2.757e-01 1.706e-03    1.706e-03      4.704e-04
ENSG00000114904:1(@)Loc312   chr3_52771077_A_G_b38   4.236e-01 1.336e-03    1.336e-03      5.660e-04
ENSG00000055957:1(@)Loc312   chr3_52775509_T_C_b38   1.151e-01 1.722e-03    1.722e-03      1.982e-04
ENSG00000055957:1(@)Loc312   chr3_52777156_C_G_b38   3.357e-01 4.462e-04    4.461e-04      1.498e-04
ENSG00000055957:1(@)Loc312   chr3_52787161_A_C_b38   2.598e-01 1.244e-03    1.244e-03      3.232e-04
ENSG00000196981:1(@)Loc352   chr3_122416042_T_A_b38   8.985e-01 1.627e-02    1.626e-02      1.461e-02
ENSG00000196981:1(@)Loc352   chr3_122432045_A_G_b38   2.851e-02 4.276e-03    4.275e-03      1.219e-04
ENSG00000196981:1(@)Loc352   chr3_122440051_G_C_b38   2.851e-02 1.255e-02    1.255e-02      3.577e-04
ENSG00000272758:2(@)Loc352   chr3_122426477_C_T_b38   1.601e-02 4.409e-02    4.409e-02      7.057e-04
ENSG00000138496:1(@)Loc352   chr3_122564248_G_A_b38   3.797e-01 3.613e-04    3.613e-04      1.372e-04
ENSG00000138246:2(@)Loc358   chr3_132417408_G_A_b38   4.723e-01 6.007e-04    6.007e-04      2.837e-04
ENSG00000138246:2(@)Loc358   chr3_132444356_G_T_b38   3.051e-03 3.659e-01    3.659e-01      1.116e-03
ENSG00000145220:1(@)Loc403   chr4_4290105_A_T_b38   8.007e-01 1.338e-04    1.338e-04      1.071e-04
ENSG00000153012:1(@)Loc419   chr4_25056997_T_C_b38   1.687e-01 7.922e-04    7.921e-04      1.336e-04
ENSG00000153012:1(@)Loc419   chr4_25057002_T_G_b38   1.687e-01 7.922e-04    7.921e-04      1.336e-04
ENSG00000153012:1(@)Loc419   chr4_25057010_A_T_b38   1.687e-01 7.922e-04    7.921e-04      1.336e-04
ENSG00000153012:1(@)Loc419   chr4_25057123_T_A_b38   1.687e-01 8.750e-04    8.748e-04      1.476e-04
ENSG00000163694:1(@)Loc431   chr4_40627203_G_A_b38   5.305e-01 3.208e-04    3.207e-04      1.702e-04
ENSG00000163297:1(@)Loc452   chr4_80187110_A_G_b38   8.626e-01 1.386e-04    1.386e-04      1.196e-04
ENSG00000112877:1(@)Loc521   chr5_618471_A_G_b38   9.897e-01 1.059e-04    1.059e-04      1.048e-04
ENSG00000164181:1(@)Loc556   chr5_60844259_G_T_b38   7.410e-01 2.139e-04    2.139e-04      1.585e-04
ENSG00000145850:1(@)Loc612   chr5_156963286_T_C_b38   6.518e-01 8.308e-01    8.308e-01      5.415e-01
ENSG00000145850:1(@)Loc612   chr5_156971158_G_C_b38   3.706e-02 3.312e-03    3.311e-03      1.227e-04
ENSG00000113272:1(@)Loc613   chr5_157731406_C_A_b38   4.227e-01 1.387e-03    1.387e-03      5.863e-04
ENSG00000113758:1(@)Loc626   chr5_177477520_G_A_b38   7.124e-01 7.497e-04    7.496e-04      5.340e-04
ENSG00000007944:1(@)Loc643   chr6_16120588_C_T_b38   1.642e-02 1.241e-01    1.241e-01      2.037e-03
ENSG00000007944:1(@)Loc643   chr6_16127176_C_T_b38   4.556e-02 5.991e-01    5.991e-01      2.730e-02
ENSG00000007944:1(@)Loc643   chr6_16128734_C_G_b38   1.307e-01 7.252e-02    7.252e-02      9.477e-03
ENSG00000206341:1(@)Loc654   chr6_29848765_T_A_b38   9.988e-01 2.965e-04    2.965e-04      2.961e-04
ENSG00000204623:2(@)Loc654   chr6_30035104_T_C_b38   4.879e-01 3.182e-04    3.181e-04      1.552e-04
ENSG00000241370:1(@)Loc654   chr6_30345450_G_A_b38   1.795e-01 1.002e-03    1.001e-03      1.798e-04
ENSG00000241370:1(@)Loc654   chr6_30346830_A_G_b38   1.123e-02 9.365e-03    9.364e-03      1.051e-04
ENSG00000272221:1(@)Loc655   chr6_31393708_T_C_b38   4.295e-03 4.998e-01    4.997e-01      2.146e-03
ENSG00000241106:2(@)Loc657   chr6_32821703_A_G_b38   1.606e-02 2.346e-01    2.346e-01      3.768e-03
ENSG00000241106:2(@)Loc657   chr6_32828188_G_A_b38   6.123e-02 4.155e-03    4.155e-03      2.544e-04
ENSG00000241106:2(@)Loc657   chr6_32828242_C_A_b38   6.123e-02 4.155e-03    4.155e-03      2.544e-04
ENSG00000241106:2(@)Loc657   chr6_32828281_C_T_b38   6.123e-02 4.155e-03    4.155e-03      2.544e-04
ENSG00000241106:2(@)Loc657   chr6_32828367_A_G_b38   6.123e-02 4.059e-03    4.059e-03      2.486e-04
ENSG00000241106:2(@)Loc657   chr6_32828569_T_C_b38   6.123e-02 1.909e-02    1.909e-02      1.169e-03
ENSG00000241106:2(@)Loc657   chr6_32828876_C_A_b38   6.123e-02 4.155e-03    4.155e-03      2.544e-04
ENSG00000241106:2(@)Loc657   chr6_32828908_A_G_b38   3.267e-01 1.376e-01    1.376e-01      4.497e-02
ENSG00000241106:2(@)Loc657   chr6_32828974_T_C_b38   6.123e-02 1.416e-01    1.416e-01      8.669e-03
ENSG00000241106:2(@)Loc657   chr6_32829190_G_A_b38   1.827e-02 2.575e-02    2.575e-02      4.706e-04
ENSG00000241106:2(@)Loc657   chr6_32829584_C_T_b38   2.430e-02 1.951e-01    1.951e-01      4.739e-03
ENSG00000204267:2(@)Loc657   chr6_32830099_A_G_b38   9.413e-01 1.947e-04    1.947e-04      1.833e-04
ENSG00000196821:1(@)Loc658   chr6_34651116_G_A_b38   1.517e-02 2.224e-02    2.224e-02      3.373e-04
ENSG00000196821:1(@)Loc658   chr6_34671070_G_A_b38   1.517e-02 8.785e-03    8.783e-03      1.332e-04
ENSG00000196821:1(@)Loc658   chr6_34695821_C_T_b38   2.170e-01 2.711e-02    2.711e-02      5.883e-03
ENSG00000196821:1(@)Loc658   chr6_34697901_C_CAA_b38   2.184e-01 4.642e-04    4.642e-04      1.014e-04
ENSG00000225791:1(@)Loc669   chr6_52577484_G_C_b38   9.971e-01 3.607e-04    3.606e-04      3.595e-04
ENSG00000225791:4(@)Loc669   chr6_52578269_G_A_b38   5.319e-01 2.471e-03    2.471e-03      1.314e-03
ENSG00000155085:3(@)Loc703   chr6_109690255_T_C_b38   2.121e-01 6.728e-04    6.727e-04      1.427e-04
ENSG00000093134:1(@)Loc718   chr6_132734473_G_C_b38   7.224e-01 1.520e-04    1.520e-04      1.098e-04
ENSG00000112339:1(@)Loc719   chr6_135069698_G_A_b38   1.629e-01 6.906e-04    6.905e-04      1.125e-04
ENSG00000120262:1(@)Loc728   chr6_151578912_T_A_b38   7.292e-02 1.899e-03    1.898e-03      1.384e-04
ENSG00000164849:1(@)Loc744   chr7_1044141_A_G_b38   3.735e-02 8.097e-03    8.096e-03      3.024e-04
ENSG00000178381:2(@)Loc744   chr7_1174307_A_C_b38   6.831e-02 1.542e-03    1.541e-03      1.053e-04
ENSG00000015520:2(@)Loc774   chr7_44542387_T_C_b38   1.858e-03 1.236e-01    1.236e-01      2.296e-04
ENSG00000015520:2(@)Loc774   chr7_44542732_A_G_b38   2.684e-03 8.526e-01    8.526e-01      2.289e-03
ENSG00000189077:1(@)Loc790   chr7_75994202_G_A_b38   5.370e-01 1.990e-04    1.990e-04      1.069e-04
ENSG00000189077:1(@)Loc790   chr7_76000865_C_T_b38   7.624e-02 6.169e-03    6.168e-03      4.703e-04
ENSG00000157259:1(@)Loc798   chr7_92447889_G_A_b38   8.642e-01 1.482e-04    1.481e-04      1.280e-04
ENSG00000272950:1(@)Loc802   chr7_98316987_C_CT_b38   5.527e-01 4.212e-03    4.211e-03      2.327e-03
ENSG00000272950:1(@)Loc802   chr7_98345539_G_A_b38   2.667e-01 4.584e-03    4.584e-03      1.222e-03
ENSG00000272950:1(@)Loc802   chr7_98360794_T_C_b38   9.031e-02 4.584e-03    4.584e-03      4.140e-04
ENSG00000272950:1(@)Loc802   chr7_98361813_A_G_b38   9.031e-02 4.584e-03    4.584e-03      4.140e-04
ENSG00000214389:1(@)Loc802   chr7_98383795_A_C_b38   8.123e-03 1.839e-02    1.839e-02      1.494e-04
ENSG00000231721:2(@)Loc822   chr7_130945142_C_T_b38   4.161e-02 2.517e-03    2.517e-03      1.047e-04
ENSG00000233609:1(@)Loc852   chr8_8961676_T_A_b38   1.526e-01 2.636e-03    2.635e-03      4.021e-04
ENSG00000233609:1(@)Loc852   chr8_8964127_A_G_b38   2.303e-01 1.295e-03    1.295e-03      2.982e-04
ENSG00000154319:2(@)Loc856   chr8_11474738_A_G_b38   1.396e-01 2.273e-03    2.272e-03      3.173e-04
ENSG00000244593:1(@)Loc861   chr8_18383997_C_T_b38   1.767e-01 7.010e-04    7.009e-04      1.239e-04
ENSG00000156006:1(@)Loc861   chr8_18391151_A_G_b38   4.865e-01 8.922e-03    8.920e-03      4.340e-03
ENSG00000158856:2(@)Loc864   chr8_22049068_AGGGGCC_A_b38   1.000e+00 2.020e-04    2.020e-04      2.020e-04
ENSG00000197217:1(@)Loc865   chr8_23446943_C_A_b38   6.370e-01 3.438e-04    3.437e-04      2.189e-04
ENSG00000147485:2(@)Loc881   chr8_51808564_T_C_b38   6.891e-01 4.609e-04    4.608e-04      3.175e-04
ENSG00000178719:2(@)Loc935   chr8_143948489_G_T_b38   3.464e-03 9.999e-01    9.999e-01      3.463e-03
ENSG00000178209:1(@)Loc935   chr8_143948489_G_T_b38   1.492e-03 9.999e-01    9.999e-01      1.492e-03
ENSG00000272842:1(@)Loc950   chr9_19375840_TGGTATCCACTAAAACTA_T_b38   3.297e-01 6.737e-04    6.736e-04      2.221e-04
ENSG00000273226:1(@)Loc950   chr9_19375840_TGGTATCCACTAAAACTA_T_b38   9.207e-01 6.737e-04    6.736e-04      6.202e-04
ENSG00000177076:1(@)Loc950   chr9_19402717_C_G_b38   5.555e-02 2.352e-03    2.351e-03      1.306e-04
ENSG00000177076:1(@)Loc950   chr9_19406180_C_T_b38   2.718e-02 9.418e-02    9.417e-02      2.560e-03
ENSG00000177076:1(@)Loc950   chr9_19409208_G_C_b38   9.836e-02 2.050e-03    2.050e-03      2.017e-04
ENSG00000273226:2(@)Loc950   chr9_19406180_C_T_b38   9.107e-03 9.418e-02    9.417e-02      8.576e-04
ENSG00000137154:2(@)Loc950   chr9_19433313_G_A_b38   3.815e-01 7.281e-04    7.280e-04      2.777e-04
ENSG00000137154:2(@)Loc950   chr9_19436057_G_A_b38   1.416e-01 9.240e-04    9.238e-04      1.308e-04
ENSG00000230074:2(@)Loc962   chr9_34669061_C_T_b38   2.047e-01 8.119e-04    8.117e-04      1.662e-04
ENSG00000230074:2(@)Loc962   chr9_34670131_C_A_b38   2.047e-01 6.849e-04    6.848e-04      1.402e-04
ENSG00000230074:2(@)Loc962   chr9_34672272_C_T_b38   2.047e-01 6.849e-04    6.848e-04      1.402e-04
ENSG00000230074:2(@)Loc962   chr9_34674765_G_A_b38   4.617e-02 2.516e-03    2.516e-03      1.162e-04
ENSG00000230074:2(@)Loc962   chr9_34684033_G_T_b38   2.666e-01 5.753e-04    5.752e-04      1.533e-04
ENSG00000185920:1(@)Loc983   chr9_95516131_C_T_b38   6.351e-01 1.914e-04    1.914e-04      1.216e-04
ENSG00000198917:2(@)Loc1001   chr9_128829615_G_C_b38   8.043e-01 1.356e-03    1.356e-03      1.091e-03
ENSG00000057608:1(@)Loc1015   chr10_5813440_G_C_b38   9.775e-01 2.870e-03    2.870e-03      2.805e-03
ENSG00000138190:1(@)Loc1068   chr10_92813793_A_G_b38   2.104e-02 4.349e-02    4.349e-02      9.148e-04
ENSG00000138190:1(@)Loc1068   chr10_92838148_C_T_b38   1.801e-02 6.760e-03    6.759e-03      1.217e-04
ENSG00000148690:3(@)Loc1069   chr10_93702832_G_C_b38   7.680e-01 1.540e-04    1.540e-04      1.182e-04
ENSG00000119965:2(@)Loc1086   chr10_122948883_G_T_b38   3.774e-01 3.913e-04    3.912e-04      1.476e-04
ENSG00000119965:2(@)Loc1086   chr10_122953445_A_G_b38   1.841e-01 1.640e-03    1.640e-03      3.019e-04
ENSG00000119965:1(@)Loc1086   chr10_122933070_A_G_b38   1.170e-01 7.864e-02    7.863e-02      9.203e-03
ENSG00000119965:1(@)Loc1086   chr10_122945179_C_T_b38   1.250e-01 1.623e-03    1.622e-03      2.028e-04
ENSG00000132274:1(@)Loc1098   chr11_5691030_G_A_b38   1.451e-01 9.170e-04    9.168e-04      1.330e-04
ENSG00000179119:1(@)Loc1107   chr11_18611437_T_C_b38   1.197e-02 7.889e-02    7.889e-02      9.447e-04
ENSG00000179119:1(@)Loc1107   chr11_18634724_C_T_b38   3.536e-01 9.211e-01    9.211e-01      3.257e-01
ENSG00000049449:1(@)Loc1115   chr11_32077207_T_A_b38   2.220e-01 5.749e-04    5.748e-04      1.276e-04
ENSG00000110492:1(@)Loc1122   chr11_46381302_A_G_b38   7.913e-01 1.394e-04    1.394e-04      1.103e-04
ENSG00000134569:1(@)Loc1122   chr11_46895142_C_T_b38   9.296e-02 1.949e-03    1.949e-03      1.812e-04
ENSG00000165912:1(@)Loc1123   chr11_47210633_T_C_b38   9.793e-02 1.606e-03    1.606e-03      1.573e-04
ENSG00000134825:1(@)Loc1128   chr11_61785208_G_T_b38   7.717e-02 7.036e-03    7.035e-03      5.429e-04
ENSG00000134825:1(@)Loc1128   chr11_61802358_C_T_b38   4.120e-02 1.637e-02    1.636e-02      6.742e-04
ENSG00000134825:1(@)Loc1128   chr11_61804006_T_C_b38   2.090e-02 3.634e-02    3.634e-02      7.596e-04
ENSG00000134825:1(@)Loc1128   chr11_61830500_A_G_b38   3.324e-03 2.963e-01    2.962e-01      9.845e-04
ENSG00000134824:2(@)Loc1128   chr11_61830500_A_G_b38   2.115e-01 2.963e-01    2.962e-01      6.266e-02
ENSG00000149485:1(@)Loc1128   chr11_61830500_A_G_b38   3.795e-03 2.963e-01    2.962e-01      1.124e-03
ENSG00000149485:1(@)Loc1128   chr11_61837342_C_A_b38   9.307e-03 2.241e-01    2.241e-01      2.086e-03
ENSG00000173327:1(@)Loc1130   chr11_65613445_G_A_b38   4.402e-01 1.621e-03    1.621e-03      7.134e-04
ENSG00000173327:1(@)Loc1130   chr11_65622160_A_G_b38   2.744e-01 5.503e-04    5.502e-04      1.510e-04
ENSG00000173327:1(@)Loc1130   chr11_65623014_A_C_b38   2.327e-01 1.238e-03    1.238e-03      2.880e-04
ENSG00000254986:1(@)Loc1131   chr11_66480373_G_A_b38   5.219e-01 1.113e-03    1.113e-03      5.807e-04
ENSG00000118096:1(@)Loc1165   chr11_118573810_G_A_b38   1.661e-01 8.836e-04    8.834e-04      1.467e-04
ENSG00000118096:1(@)Loc1165   chr11_118579031_C_T_b38   4.094e-01 1.553e-03    1.552e-03      6.355e-04
ENSG00000118094:1(@)Loc1165   chr11_118615352_T_C_b38   1.484e-02 1.807e-02    1.806e-02      2.680e-04
ENSG00000280832:2(@)Loc1171   chr11_126358764_T_G_b38   1.637e-03 9.467e-02    9.466e-02      1.549e-04
ENSG00000110080:1(@)Loc1171   chr11_126372084_G_A_b38   7.307e-03 4.074e-01    4.074e-01      2.977e-03
ENSG00000110080:1(@)Loc1171   chr11_126374057_G_A_b38   8.243e-03 2.453e-01    2.453e-01      2.022e-03
ENSG00000110080:1(@)Loc1171   chr11_126376181_T_C_b38   1.116e-02 1.299e-01    1.299e-01      1.449e-03
ENSG00000126746:2(@)Loc1185   chr12_6689466_A_C_b38   9.998e-01 1.049e-04    1.048e-04      1.048e-04
ENSG00000175548:2(@)Loc1202   chr12_38317017_C_T_b38   2.262e-01 5.646e-04    5.645e-04      1.277e-04
ENSG00000185432:2(@)Loc1209   chr12_50919748_G_A_b38   1.988e-02 1.421e-02    1.421e-02      2.825e-04
ENSG00000205352:1(@)Loc1211   chr12_53446172_C_G_b38   1.000e+00 2.507e-04    2.507e-04      2.507e-04
ENSG00000110880:1(@)Loc1244   chr12_108701361_A_G_b38   1.478e-03 2.850e-01    2.850e-01      4.212e-04
ENSG00000198270:2(@)Loc1245   chr12_112049014_A_G_b38   4.076e-02 5.056e-03    5.055e-03      2.061e-04
ENSG00000157895:7(@)Loc1252   chr12_120993422_G_A_b38   4.366e-03 5.457e-02    5.456e-02      2.382e-04
ENSG00000280138:1(@)Loc1253   chr12_122910303_T_C_b38   5.313e-01 5.299e-04    5.298e-04      2.815e-04
ENSG00000250091:2(@)Loc1253   chr12_123935181_C_T_b38   1.358e-02 1.912e-02    1.912e-02      2.596e-04
ENSG00000270048:1(@)Loc1253   chr12_123955563_C_A_b38   8.549e-03 2.888e-02    2.888e-02      2.469e-04
ENSG00000270048:1(@)Loc1253   chr12_123962918_T_A_b38   1.717e-01 1.307e-03    1.307e-03      2.244e-04
ENSG00000270048:1(@)Loc1253   chr12_123962919_A_G_b38   1.717e-01 1.307e-03    1.307e-03      2.244e-04
ENSG00000270028:1(@)Loc1253   chr12_123964676_C_A_b38   2.977e-02 9.307e-03    9.305e-03      2.770e-04
ENSG00000179195:1(@)Loc1253   chr12_123955563_C_A_b38   7.716e-03 2.888e-02    2.888e-02      2.228e-04
ENSG00000179195:1(@)Loc1253   chr12_123980289_G_T_b38   1.688e-02 2.361e-02    2.360e-02      3.985e-04
ENSG00000179195:1(@)Loc1253   chr12_123990609_A_G_b38   7.667e-03 1.530e-02    1.530e-02      1.173e-04
ENSG00000269997:1(@)Loc1253   chr12_123964676_C_A_b38   1.115e-02 9.307e-03    9.305e-03      1.038e-04
ENSG00000250091:1(@)Loc1253   chr12_123920171_T_C_b38   3.596e-02 4.326e-03    4.325e-03      1.555e-04
ENSG00000250091:1(@)Loc1253   chr12_123932791_T_C_b38   1.933e-01 9.092e-04    9.091e-04      1.757e-04
ENSG00000250091:1(@)Loc1253   chr12_123935529_C_CAGGA_b38   3.955e-01 9.092e-04    9.091e-04      3.596e-04
ENSG00000119242:2(@)Loc1253   chr12_123962860_A_T_b38   1.602e-01 1.383e-03    1.383e-03      2.215e-04
ENSG00000119242:2(@)Loc1253   chr12_123964676_C_A_b38   5.118e-02 9.307e-03    9.305e-03      4.763e-04
ENSG00000119242:2(@)Loc1253   chr12_123980289_G_T_b38   4.307e-03 2.361e-02    2.360e-02      1.017e-04
ENSG00000269938:1(@)Loc1253   chr12_123929551_C_T_b38   1.215e-02 9.186e-03    9.184e-03      1.116e-04
ENSG00000269938:1(@)Loc1253   chr12_123955563_C_A_b38   1.669e-02 2.888e-02    2.888e-02      4.819e-04
ENSG00000232977:3(@)Loc1264   chr13_23466203_T_G_b38   2.890e-01 3.575e-04    3.574e-04      1.033e-04
ENSG00000232977:3(@)Loc1264   chr13_23466889_T_C_b38   2.890e-01 3.575e-04    3.574e-04      1.033e-04
ENSG00000122033:4(@)Loc1267   chr13_27475369_C_T_b38   1.000e+00 2.857e-04    2.857e-04      2.857e-04
ENSG00000122033:3(@)Loc1267   chr13_27478413_AGG_A_b38   9.075e-01 2.398e-04    2.398e-04      2.176e-04
ENSG00000139597:1(@)Loc1270   chr13_32362509_T_C_b38   1.568e-03 2.657e-01    2.657e-01      4.166e-04
ENSG00000139597:1(@)Loc1270   chr13_32379251_T_C_b38   2.898e-03 4.971e-01    4.971e-01      1.441e-03
ENSG00000139597:1(@)Loc1270   chr13_32394470_A_G_b38   2.957e-03 2.098e-01    2.098e-01      6.204e-04
ENSG00000274330:2(@)Loc1354   chr14_70224238_T_C_b38   1.505e-02 4.683e-02    4.683e-02      7.048e-04
ENSG00000176473:2(@)Loc1374   chr14_100376300_C_G_b38   1.883e-01 2.836e-03    2.836e-03      5.341e-04
ENSG00000176473:1(@)Loc1374   chr14_100393723_C_G_b38   1.811e-01 1.463e-03    1.463e-03      2.649e-04
ENSG00000176473:1(@)Loc1374   chr14_100395309_C_T_b38   1.781e-01 1.962e-03    1.961e-03      3.492e-04
ENSG00000176473:1(@)Loc1374   chr14_100403041_T_TC_b38   2.874e-01 6.417e-04    6.416e-04      1.844e-04
ENSG00000176473:1(@)Loc1374   chr14_100407706_C_G_b38   9.668e-02 1.063e-03    1.063e-03      1.027e-04
ENSG00000176473:1(@)Loc1374   chr14_100424453_C_T_b38   4.980e-02 2.318e-03    2.317e-03      1.154e-04
ENSG00000261794:4(@)Loc1386   chr15_31442233_A_G_b38   6.626e-01 1.077e-03    1.077e-03      7.135e-04
ENSG00000140451:1(@)Loc1408   chr15_64861396_G_C_b38   4.373e-01 4.670e-04    4.670e-04      2.042e-04
ENSG00000140463:1(@)Loc1412   chr15_72686190_C_A_b38   9.992e-01 1.036e-04    1.035e-04      1.035e-04
ENSG00000138621:2(@)Loc1413   chr15_75037818_T_G_b38   5.255e-03 1.994e-02    1.994e-02      1.048e-04
ENSG00000178802:1(@)Loc1413   chr15_74885866_G_A_b38   2.241e-02 8.705e-03    8.703e-03      1.950e-04
ENSG00000178761:1(@)Loc1413   chr15_74907551_A_G_b38   2.468e-01 2.550e-03    2.549e-03      6.291e-04
ENSG00000259275:1(@)Loc1424   chr15_96395427_C_T_b38   9.555e-01 1.385e-04    1.384e-04      1.323e-04
ENSG00000183571:2(@)Loc1426   chr15_98978433_A_C_b38   7.180e-01 1.548e-04    1.548e-04      1.112e-04
ENSG00000175643:2(@)Loc1439   chr16_11214462_G_T_b38   4.400e-01 3.530e-04    3.529e-04      1.553e-04
ENSG00000183426:1(@)Loc1443   chr16_15036083_C_T_b38   1.000e+00 1.656e-04    1.656e-04      1.656e-04
ENSG00000183793:1(@)Loc1443   chr16_15036083_C_T_b38   9.999e-01 1.656e-04    1.656e-04      1.656e-04
ENSG00000103510:2(@)Loc1452   chr16_31106092_C_T_b38   5.789e-02 4.297e-03    4.297e-03      2.487e-04
ENSG00000103510:2(@)Loc1452   chr16_31110472_G_A_b38   1.354e-01 1.605e-03    1.605e-03      2.174e-04
ENSG00000103510:2(@)Loc1452   chr16_31113086_A_G_b38   1.158e-02 1.549e-02    1.549e-02      1.794e-04
ENSG00000103510:2(@)Loc1452   chr16_31118574_A_G_b38   2.440e-01 1.114e-02    1.114e-02      2.718e-03
ENSG00000103510:2(@)Loc1452   chr16_31120293_A_G_b38   9.971e-02 7.036e-03    7.035e-03      7.014e-04
ENSG00000103510:2(@)Loc1452   chr16_31126391_C_T_b38   6.153e-02 9.600e-03    9.599e-03      5.906e-04
ENSG00000103510:2(@)Loc1452   chr16_31129478_G_T_b38   1.281e-01 1.962e-03    1.962e-03      2.513e-04
ENSG00000103510:2(@)Loc1452   chr16_31130672_C_T_b38   1.957e-02 7.702e-03    7.701e-03      1.507e-04
ENSG00000103510:2(@)Loc1452   chr16_31136227_G_A_b38   1.485e-02 8.072e-03    8.071e-03      1.198e-04
ENSG00000167394:1(@)Loc1452   chr16_31074149_T_C_b38   2.810e-01 4.458e-03    4.458e-03      1.253e-03
ENSG00000167394:1(@)Loc1452   chr16_31113086_A_G_b38   1.049e-02 1.549e-02    1.549e-02      1.624e-04
ENSG00000262766:2(@)Loc1452   chr16_31118574_A_G_b38   9.012e-03 1.114e-02    1.114e-02      1.004e-04
ENSG00000052344:2(@)Loc1452   chr16_31136227_G_A_b38   1.275e-02 8.072e-03    8.071e-03      1.029e-04
ENSG00000140829:1(@)Loc1466   chr16_72074194_G_A_b38   1.538e-01 1.000e+00    1.000e+00      1.538e-01
ENSG00000261701:1(@)Loc1466   chr16_72074194_G_A_b38   4.435e-02 1.000e+00    1.000e+00      4.435e-02
ENSG00000140830:3(@)Loc1466   chr16_72074194_G_A_b38   3.792e-03 1.000e+00    1.000e+00      3.792e-03
ENSG00000091640:1(@)Loc1487   chr17_4967598_G_A_b38   4.598e-01 3.227e-04    3.226e-04      1.483e-04
ENSG00000091640:1(@)Loc1487   chr17_4968223_T_C_b38   4.598e-01 2.673e-04    2.673e-04      1.229e-04
ENSG00000178999:2(@)Loc1489   chr17_8204661_G_T_b38   4.346e-03 2.336e-02    2.336e-02      1.015e-04
ENSG00000125434:2(@)Loc1489   chr17_8317039_A_G_b38   3.627e-01 4.057e-04    4.056e-04      1.471e-04
ENSG00000109111:1(@)Loc1499   chr17_28666369_G_A_b38   1.089e-01 1.362e-03    1.361e-03      1.483e-04
ENSG00000167525:2(@)Loc1499   chr17_28711396_CCCCCGGCCCTAGCTCCG_C_b38   3.689e-01 8.894e-04    8.892e-04      3.280e-04
ENSG00000167525:2(@)Loc1499   chr17_28711515_G_A_b38   3.046e-01 1.012e-03    1.012e-03      3.084e-04
ENSG00000076604:1(@)Loc1499   chr17_28744424_GC_G_b38   2.255e-01 1.673e-03    1.673e-03      3.772e-04
ENSG00000076604:1(@)Loc1499   chr17_28745445_G_A_b38   3.479e-02 3.499e-03    3.499e-03      1.217e-04
ENSG00000173065:1(@)Loc1499   chr17_28840910_A_C_b38   6.618e-02 2.196e-03    2.196e-03      1.453e-04
ENSG00000173065:1(@)Loc1499   chr17_28840955_C_G_b38   1.497e-01 5.245e-03    5.244e-03      7.853e-04
ENSG00000173065:1(@)Loc1499   chr17_28841309_T_C_b38   6.618e-02 2.196e-03    2.196e-03      1.453e-04
ENSG00000173065:1(@)Loc1499   chr17_28842872_G_C_b38   6.325e-02 1.975e-03    1.975e-03      1.249e-04
ENSG00000176390:1(@)Loc1500   chr17_30729320_G_A_b38   4.556e-01 2.346e-04    2.346e-04      1.069e-04
ENSG00000108785:1(@)Loc1507   chr17_42545768_CCCCTTGCCT_C_b38   2.243e-01 7.545e-04    7.544e-04      1.692e-04
ENSG00000178852:2(@)Loc1509   chr17_47314438_T_C_b38   1.180e-02 4.905e-01    4.905e-01      5.790e-03
ENSG00000263293:1(@)Loc1509   chr17_47314438_T_C_b38   4.743e-03 4.905e-01    4.905e-01      2.326e-03
ENSG00000141295:1(@)Loc1510   chr17_47834936_C_T_b38   9.927e-01 1.275e-04    1.275e-04      1.266e-04
ENSG00000132475:2(@)Loc1524   chr17_75786110_T_C_b38   6.068e-03 3.861e-01    3.861e-01      2.342e-03
ENSG00000108479:1(@)Loc1524   chr17_75764739_G_A_b38   1.184e-01 1.322e-03    1.322e-03      1.565e-04
ENSG00000108479:1(@)Loc1524   chr17_75765315_T_C_b38   2.380e-01 1.322e-03    1.322e-03      3.146e-04
ENSG00000171302:2(@)Loc1526   chr17_78990581_C_T_b38   9.918e-01 1.219e-04    1.218e-04      1.208e-04
ENSG00000154845:1(@)Loc1536   chr18_9615853_C_T_b38   7.899e-01 1.920e-04    1.919e-04      1.516e-04
ENSG00000154845:1(@)Loc1536   chr18_9621843_C_T_b38   1.399e-01 8.117e-04    8.115e-04      1.135e-04
ENSG00000119537:1(@)Loc1564   chr18_63367187_T_G_b38   9.991e-01 2.180e-04    2.180e-04      2.178e-04
ENSG00000266743:1(@)Loc1574   chr18_76175437_T_C_b38   6.497e-01 2.018e-04    2.017e-04      1.311e-04
ENSG00000099821:1(@)Loc1579   chr19_633381_A_G_b38   8.823e-01 2.085e-04    2.084e-04      1.839e-04
ENSG00000172006:1(@)Loc1580   chr19_2814183_C_T_b38   7.017e-02 2.108e-02    2.108e-02      1.479e-03
ENSG00000267082:1(@)Loc1587   chr19_11205141_T_G_b38   1.066e-02 1.042e-02    1.042e-02      1.110e-04
ENSG00000254858:2(@)Loc1591   chr19_18193890_A_G_b38   3.965e-01 3.035e-04    3.035e-04      1.203e-04
ENSG00000130518:1(@)Loc1591   chr19_18291307_G_A_b38   2.984e-01 3.478e-04    3.477e-04      1.038e-04
ENSG00000081665:1(@)Loc1593   chr19_19810158_C_A_b38   1.026e-01 4.929e-03    4.928e-03      5.054e-04
ENSG00000130204:2(@)Loc1608   chr19_44886339_G_A_b38   3.720e-03 3.333e-01    3.333e-01      1.240e-03
ENSG00000105538:1(@)Loc1610   chr19_48702915_C_T_b38   2.021e-02 4.176e-01    4.176e-01      8.442e-03
ENSG00000105538:1(@)Loc1610   chr19_48703160_A_G_b38   2.021e-02 5.764e-01    5.764e-01      1.165e-02
ENSG00000232871:2(@)Loc1610   chr19_48702915_C_T_b38   2.753e-02 4.176e-01    4.176e-01      1.150e-02
ENSG00000232871:2(@)Loc1610   chr19_48703160_A_G_b38   2.753e-02 5.764e-01    5.764e-01      1.587e-02
ENSG00000142233:2(@)Loc1610   chr19_48702915_C_T_b38   2.180e-02 4.176e-01    4.176e-01      9.105e-03
ENSG00000142233:2(@)Loc1610   chr19_48703160_A_G_b38   2.180e-02 5.764e-01    5.764e-01      1.257e-02
ENSG00000240225:1(@)Loc1615   chr19_56368605_T_G_b38   9.579e-01 2.393e-04    2.393e-04      2.292e-04
ENSG00000277938:1(@)Loc1634   chr20_25228354_G_A_b38   5.061e-01 8.096e-04    8.095e-04      4.097e-04
ENSG00000277938:1(@)Loc1634   chr20_25230191_A_G_b38   2.385e-01 9.898e-04    9.896e-04      2.361e-04
ENSG00000125965:1(@)Loc1637   chr20_35458678_G_A_b38   2.039e-02 9.136e-02    9.134e-02      1.863e-03
ENSG00000224497:1(@)Loc1637   chr20_35543647_C_T_b38   3.760e-01 1.643e-03    1.643e-03      6.176e-04
ENSG00000224497:1(@)Loc1637   chr20_35545279_C_T_b38   2.044e-01 1.643e-03    1.643e-03      3.357e-04
ENSG00000224497:1(@)Loc1637   chr20_35545566_TCAA_T_b38   2.044e-01 1.643e-03    1.643e-03      3.357e-04
ENSG00000224497:1(@)Loc1637   chr20_35549038_C_T_b38   6.363e-02 1.643e-03    1.643e-03      1.045e-04
ENSG00000224497:1(@)Loc1637   chr20_35564866_C_T_b38   1.247e-02 2.579e-02    2.579e-02      3.215e-04
ENSG00000244005:1(@)Loc1637   chr20_35702115_C_T_b38   6.018e-02 1.479e-02    1.479e-02      8.898e-04
ENSG00000130584:1(@)Loc1654   chr20_63830229_A_G_b38   5.984e-02 2.130e-03    2.129e-03      1.274e-04
ENSG00000125510:1(@)Loc1654   chr20_64077921_G_A_b38   2.214e-01 1.627e-03    1.627e-03      3.602e-04
ENSG00000125510:1(@)Loc1654   chr20_64080106_C_T_b38   6.804e-01 6.105e-04    6.104e-04      4.153e-04
ENSG00000171700:1(@)Loc1654   chr20_64080106_C_T_b38   9.103e-01 6.105e-04    6.104e-04      5.556e-04
ENSG00000171700:1(@)Loc1654   chr20_64080700_T_C_b38   7.331e-02 1.450e-03    1.450e-03      1.063e-04
ENSG00000171695:1(@)Loc1654   chr20_64084195_C_A_b38   7.462e-01 1.398e-04    1.397e-04      1.043e-04
ENSG00000160285:2(@)Loc1678   chr21_46229830_A_AG_b38   1.935e-01 7.072e-04    7.071e-04      1.368e-04
ENSG00000160285:2(@)Loc1678   chr21_46230300_GT_G_b38   1.935e-01 7.072e-04    7.071e-04      1.368e-04
ENSG00000239415:1(@)Loc1678   chr21_46256266_A_G_b38   1.974e-01 6.378e-04    6.377e-04      1.258e-04
ENSG00000239415:1(@)Loc1678   chr21_46258313_G_A_b38   1.260e-01 8.308e-04    8.307e-04      1.046e-04
ENSG00000182362:2(@)Loc1678   chr21_46261213_T_C_b38   9.998e-01 1.215e-04    1.215e-04      1.214e-04
ENSG00000182362:1(@)Loc1678   chr21_46306418_C_G_b38   9.998e-01 6.474e-04    6.473e-04      6.471e-04
ENSG00000100284:1(@)Loc1692   chr22_35297379_AAAAT_A_b38   2.878e-02 4.496e-03    4.495e-03      1.294e-04
ENSG00000100284:1(@)Loc1692   chr22_35298900_C_A_b38   1.137e-01 3.366e-03    3.366e-03      3.826e-04
ENSG00000100284:1(@)Loc1692   chr22_35299680_GC_G_b38   1.137e-01 4.168e-03    4.167e-03      4.737e-04
ENSG00000100284:1(@)Loc1692   chr22_35307135_T_C_b38   1.219e-02 3.823e-02    3.823e-02      4.660e-04
ENSG00000100284:1(@)Loc1692   chr22_35315105_A_G_b38   4.333e-03 2.372e-02    2.372e-02      1.028e-04
ENSG00000205643:2(@)Loc1699   chr22_46231706_C_T_b38   2.998e-04 3.900e-01    3.900e-01      1.169e-04
ENSG00000100299:1(@)Loc1702   chr22_50625049_T_C_b38   9.998e-01 2.623e-04    2.622e-04      2.622e-04
