Signal	SNP	PIP_qtl	PIP_gwas_marginal	PIP_gwas_qtl_prior	SCP
ENSG00000188672:1(@)Loc18   chr1_25427147_C_T_b38   1.201e-02 1.378e-02    1.378e-02      1.656e-04
ENSG00000188672:1(@)Loc18   chr1_25434429_C_T_b38   3.632e-03 2.652e-01    2.652e-01      9.629e-04
ENSG00000188672:1(@)Loc18   chr1_25434800_T_C_b38   3.632e-03 2.326e-01    2.326e-01      8.446e-04
ENSG00000188672:1(@)Loc18   chr1_25442446_A_G_b38   1.457e-03 4.469e-01    4.469e-01      6.512e-04
ENSG00000204178:1(@)Loc18   chr1_25434429_C_T_b38   7.671e-04 2.652e-01    2.652e-01      2.034e-04
ENSG00000204178:1(@)Loc18   chr1_25434800_T_C_b38   7.671e-04 2.326e-01    2.326e-01      1.784e-04
ENSG00000204178:1(@)Loc18   chr1_25442446_A_G_b38   3.070e-04 4.469e-01    4.469e-01      1.372e-04
ENSG00000162366:1(@)Loc29   chr1_47191326_T_A_b38   7.971e-01 1.321e-04    1.321e-04      1.053e-04
ENSG00000162607:1(@)Loc39   chr1_62436136_C_A_b38   3.126e-02 3.388e-03    3.388e-03      1.059e-04
ENSG00000198890:2(@)Loc66   chr1_107075085_G_A_b38   5.158e-03 3.680e-02    3.680e-02      1.898e-04
ENSG00000198890:1(@)Loc66   chr1_107056636_A_T_b38   6.121e-01 9.177e-04    9.175e-04      5.617e-04
ENSG00000134222:2(@)Loc67   chr1_109274968_G_T_b38   3.565e-02 4.071e-01    4.071e-01      1.451e-02
ENSG00000134222:2(@)Loc67   chr1_109275908_C_T_b38   4.014e-02 5.928e-01    5.928e-01      2.380e-02
ENSG00000169242:1(@)Loc77   chr1_155133578_A_G_b38   8.418e-02 1.189e-03    1.189e-03      1.001e-04
ENSG00000169242:1(@)Loc77   chr1_155157915_G_A_b38   4.601e-03 2.587e-02    2.587e-02      1.190e-04
ENSG00000169231:1(@)Loc77   chr1_155215184_G_A_b38   8.146e-01 2.188e-04    2.187e-04      1.782e-04
ENSG00000203747:1(@)Loc80   chr1_161551141_C_T_b38   1.671e-02 1.573e-02    1.572e-02      2.627e-04
ENSG00000203747:1(@)Loc80   chr1_161559200_A_G_b38   1.825e-03 7.139e-02    7.138e-02      1.303e-04
ENSG00000084674:1(@)Loc145   chr2_21041028_G_A_b38   3.032e-02 9.999e-01    9.999e-01      3.032e-02
ENSG00000163586:1(@)Loc187   chr2_88129052_C_T_b38   6.010e-01 6.225e-04    6.224e-04      3.740e-04
ENSG00000223947:1(@)Loc190   chr2_101025798_A_G_b38   6.713e-04 1.520e-01    1.520e-01      1.020e-04
ENSG00000224331:2(@)Loc232   chr2_164672114_G_T_b38   1.510e-03 1.487e-01    1.487e-01      2.244e-04
ENSG00000224331:2(@)Loc232   chr2_164672366_C_T_b38   1.510e-03 1.399e-01    1.399e-01      2.111e-04
ENSG00000224331:2(@)Loc232   chr2_164683151_T_C_b38   4.268e-03 2.645e-02    2.645e-02      1.129e-04
ENSG00000164088:1(@)Loc312   chr3_52245578_G_A_b38   2.416e-01 1.184e-03    1.184e-03      2.860e-04
ENSG00000168297:2(@)Loc316   chr3_58308140_G_A_b38   6.335e-04 1.853e-01    1.852e-01      1.173e-04
ENSG00000281392:1(@)Loc333   chr3_87089281_G_A_b38   3.346e-01 4.227e-04    4.226e-04      1.414e-04
ENSG00000154175:2(@)Loc340   chr3_100990397_T_C_b38   3.050e-02 4.346e-03    4.345e-03      1.325e-04
ENSG00000160124:1(@)Loc352   chr3_122385275_A_G_b38   2.212e-02 4.533e-03    4.533e-03      1.003e-04
ENSG00000160124:1(@)Loc352   chr3_122387538_G_A_b38   2.284e-02 5.759e-03    5.758e-03      1.315e-04
ENSG00000114030:1(@)Loc352   chr3_122500414_A_G_b38   3.656e-02 4.276e-03    4.276e-03      1.563e-04
ENSG00000114030:1(@)Loc352   chr3_122502569_A_C_b38   3.656e-02 4.276e-03    4.276e-03      1.563e-04
ENSG00000114030:1(@)Loc352   chr3_122508624_C_T_b38   8.388e-02 4.390e-03    4.389e-03      3.682e-04
ENSG00000114030:1(@)Loc352   chr3_122509405_T_C_b38   1.508e-02 8.545e-03    8.544e-03      1.288e-04
ENSG00000114030:1(@)Loc352   chr3_122515768_C_G_b38   5.917e-02 5.392e-03    5.391e-03      3.190e-04
ENSG00000114030:1(@)Loc352   chr3_122529863_G_A_b38   4.416e-02 5.933e-03    5.932e-03      2.619e-04
ENSG00000114030:1(@)Loc352   chr3_122539209_G_A_b38   1.020e-01 2.332e-03    2.332e-03      2.378e-04
ENSG00000114030:1(@)Loc352   chr3_122540935_A_G_b38   3.325e-02 4.342e-03    4.341e-03      1.443e-04
ENSG00000186432:1(@)Loc375   chr3_160565338_A_C_b38   2.306e-01 5.207e-04    5.207e-04      1.200e-04
ENSG00000145331:1(@)Loc464   chr4_99563386_G_A_b38   1.339e-02 4.825e-02    4.824e-02      6.459e-04
ENSG00000145331:1(@)Loc464   chr4_99564098_G_A_b38   3.590e-02 8.253e-03    8.253e-03      2.962e-04
ENSG00000113068:2(@)Loc603   chr5_140302312_G_A_b38   8.644e-02 1.549e-03    1.549e-03      1.339e-04
ENSG00000145850:2(@)Loc612   chr5_156960126_G_C_b38   7.194e-04 1.655e-01    1.655e-01      1.191e-04
ENSG00000145850:2(@)Loc612   chr5_156963286_T_C_b38   6.919e-03 8.308e-01    8.308e-01      5.748e-03
ENSG00000217078:1(@)Loc643   chr6_16108932_A_C_b38   2.820e-03 2.038e-01    2.038e-01      5.746e-04
ENSG00000007944:1(@)Loc643   chr6_16108932_A_C_b38   1.945e-03 2.038e-01    2.038e-01      3.963e-04
ENSG00000180596:2(@)Loc650   chr6_26092913_G_A_b38   2.861e-04 9.999e-01    9.999e-01      2.861e-04
ENSG00000272221:2(@)Loc655   chr6_31393708_T_C_b38   8.268e-03 4.998e-01    4.998e-01      4.132e-03
ENSG00000168394:1(@)Loc657   chr6_32830771_G_A_b38   2.128e-01 4.712e-03    4.712e-03      1.002e-03
ENSG00000272288:1(@)Loc658   chr6_34695821_C_T_b38   2.845e-02 2.711e-02    2.711e-02      7.713e-04
ENSG00000124713:2(@)Loc663   chr6_42964977_C_T_b38   1.521e-03 7.483e-02    7.482e-02      1.138e-04
ENSG00000124587:2(@)Loc663   chr6_42964977_C_T_b38   1.520e-03 7.483e-02    7.482e-02      1.137e-04
ENSG00000124587:2(@)Loc663   chr6_42979275_G_C_b38   1.194e-01 1.228e-03    1.228e-03      1.466e-04
ENSG00000124587:1(@)Loc663   chr6_42975041_A_G_b38   3.025e-01 5.783e-04    5.783e-04      1.749e-04
ENSG00000124587:1(@)Loc663   chr6_42978752_C_A_b38   2.870e-01 4.815e-04    4.814e-04      1.381e-04
ENSG00000124587:1(@)Loc663   chr6_42979205_G_A_b38   2.870e-01 5.400e-04    5.399e-04      1.549e-04
ENSG00000225791:2(@)Loc669   chr6_52577484_G_C_b38   5.806e-01 3.607e-04    3.606e-04      2.094e-04
ENSG00000225791:1(@)Loc669   chr6_52578269_G_A_b38   7.322e-01 2.471e-03    2.471e-03      1.809e-03
ENSG00000065308:1(@)Loc669   chr6_52587787_A_G_b38   1.339e-02 7.110e-02    7.109e-02      9.521e-04
ENSG00000065308:1(@)Loc669   chr6_52588422_C_A_b38   5.663e-02 3.396e-02    3.396e-02      1.923e-03
ENSG00000065308:1(@)Loc669   chr6_52588810_G_C_b38   1.075e-02 6.039e-02    6.038e-02      6.494e-04
ENSG00000260273:1(@)Loc703   chr6_109383239_T_C_b38   2.142e-01 5.889e-04    5.888e-04      1.261e-04
ENSG00000260273:1(@)Loc703   chr6_109383248_A_C_b38   2.142e-01 5.889e-04    5.888e-04      1.261e-04
ENSG00000155085:1(@)Loc703   chr6_109634847_C_T_b38   5.425e-01 1.164e-03    1.164e-03      6.314e-04
ENSG00000164849:3(@)Loc744   chr7_1044141_A_G_b38   1.401e-02 8.097e-03    8.096e-03      1.135e-04
ENSG00000227855:2(@)Loc766   chr7_29649211_T_C_b38   2.720e-01 5.020e-04    5.020e-04      1.365e-04
ENSG00000227855:2(@)Loc766   chr7_29649402_T_C_b38   4.715e-01 6.004e-04    6.004e-04      2.831e-04
ENSG00000227855:2(@)Loc766   chr7_29651089_C_A_b38   8.237e-02 1.275e-03    1.274e-03      1.050e-04
ENSG00000157259:1(@)Loc798   chr7_92447889_G_A_b38   6.924e-01 1.482e-04    1.481e-04      1.026e-04
ENSG00000272950:2(@)Loc802   chr7_98316987_C_CT_b38   3.865e-02 4.212e-03    4.211e-03      1.628e-04
ENSG00000272950:2(@)Loc802   chr7_98320502_C_T_b38   1.266e-01 4.212e-03    4.211e-03      5.333e-04
ENSG00000272950:2(@)Loc802   chr7_98322009_C_T_b38   2.193e-01 4.854e-03    4.853e-03      1.065e-03
ENSG00000278998:2(@)Loc839   chr7_155220419_T_C_b38   5.767e-01 2.947e-04    2.946e-04      1.699e-04
ENSG00000155189:1(@)Loc851   chr8_6750113_C_G_b38   4.844e-02 2.913e-03    2.912e-03      1.411e-04
ENSG00000156006:2(@)Loc861   chr8_18398199_A_G_b38   7.094e-04 3.897e-01    3.897e-01      2.765e-04
ENSG00000228451:2(@)Loc867   chr8_26383494_C_T_b38   8.751e-01 2.211e-04    2.210e-04      1.934e-04
ENSG00000178209:1(@)Loc935   chr8_143948489_G_T_b38   4.538e-03 9.999e-01    9.999e-01      4.538e-03
ENSG00000273226:1(@)Loc950   chr9_19375840_TGGTATCCACTAAAACTA_T_b38   5.652e-01 6.737e-04    6.736e-04      3.808e-04
ENSG00000273226:1(@)Loc950   chr9_19376260_G_C_b38   1.802e-01 7.041e-04    7.040e-04      1.269e-04
ENSG00000188133:1(@)Loc960   chr9_32904330_C_T_b38   8.571e-01 2.043e-04    2.043e-04      1.751e-04
ENSG00000270427:1(@)Loc1015   chr10_5778934_C_A_b38   1.286e-02 9.672e-03    9.671e-03      1.244e-04
ENSG00000229124:1(@)Loc1023   chr10_17218291_A_G_b38   2.107e-03 4.054e-01    4.054e-01      8.542e-04
ENSG00000095596:1(@)Loc1068   chr10_93024020_C_G_b38   6.061e-02 3.433e-02    3.432e-02      2.080e-03
ENSG00000095596:1(@)Loc1068   chr10_93045908_G_A_b38   8.732e-03 2.089e-02    2.089e-02      1.824e-04
ENSG00000095596:1(@)Loc1068   chr10_93059296_C_T_b38   2.187e-02 6.838e-03    6.837e-03      1.495e-04
ENSG00000187553:1(@)Loc1068   chr10_93059296_C_T_b38   1.754e-02 6.838e-03    6.837e-03      1.199e-04
ENSG00000187553:1(@)Loc1068   chr10_93060062_ACAAGAGTCGTCGGG_A_b38   5.713e-01 6.601e-04    6.601e-04      3.771e-04
ENSG00000138161:1(@)Loc1086   chr10_122849767_T_C_b38   6.729e-02 1.570e-03    1.570e-03      1.057e-04
ENSG00000138161:1(@)Loc1086   chr10_122850511_G_A_b38   3.375e-01 1.514e-03    1.514e-03      5.109e-04
ENSG00000138161:1(@)Loc1086   chr10_122933070_A_G_b38   3.494e-03 7.864e-02    7.863e-02      2.748e-04
ENSG00000179988:2(@)Loc1086   chr10_122933070_A_G_b38   3.852e-03 7.864e-02    7.863e-02      3.029e-04
ENSG00000119965:1(@)Loc1086   chr10_122953445_A_G_b38   7.193e-02 1.640e-03    1.640e-03      1.180e-04
ENSG00000279837:2(@)Loc1107   chr11_18611437_T_C_b38   2.253e-03 7.889e-02    7.889e-02      1.777e-04
ENSG00000279837:2(@)Loc1107   chr11_18634724_C_T_b38   4.325e-04 9.211e-01    9.211e-01      3.983e-04
ENSG00000109919:1(@)Loc1123   chr11_47187921_G_A_b38   5.322e-02 3.544e-03    3.543e-03      1.886e-04
ENSG00000109919:1(@)Loc1123   chr11_47191566_G_A_b38   1.719e-01 1.338e-03    1.338e-03      2.299e-04
ENSG00000134825:1(@)Loc1128   chr11_61790331_T_C_b38   3.794e-03 3.373e-02    3.373e-02      1.280e-04
ENSG00000149485:1(@)Loc1128   chr11_61804006_T_C_b38   4.897e-03 3.634e-02    3.634e-02      1.780e-04
ENSG00000149485:1(@)Loc1128   chr11_61830500_A_G_b38   8.210e-03 2.963e-01    2.963e-01      2.432e-03
ENSG00000149485:1(@)Loc1128   chr11_61836038_C_A_b38   6.539e-03 5.662e-02    5.662e-02      3.703e-04
ENSG00000149485:1(@)Loc1128   chr11_61837342_C_A_b38   1.083e-02 2.241e-01    2.241e-01      2.426e-03
ENSG00000149485:1(@)Loc1128   chr11_61842278_C_T_b38   1.187e-03 3.273e-01    3.273e-01      3.883e-04
ENSG00000254986:1(@)Loc1131   chr11_66480373_G_A_b38   1.040e-01 1.113e-03    1.113e-03      1.157e-04
ENSG00000174080:1(@)Loc1131   chr11_66568700_C_A_b38   3.678e-01 7.248e-04    7.247e-04      2.665e-04
ENSG00000109917:2(@)Loc1164   chr11_116778201_G_C_b38   5.574e-03 9.837e-01    9.837e-01      5.483e-03
ENSG00000118096:1(@)Loc1165   chr11_118573229_G_A_b38   2.232e-01 9.511e-04    9.509e-04      2.123e-04
ENSG00000110080:2(@)Loc1171   chr11_126358764_T_G_b38   1.255e-03 9.467e-02    9.466e-02      1.188e-04
ENSG00000280832:2(@)Loc1171   chr11_126358764_T_G_b38   1.482e-03 9.467e-02    9.466e-02      1.403e-04
ENSG00000066084:1(@)Loc1209   chr12_50508099_T_C_b38   7.466e-03 9.260e-02    9.258e-02      6.912e-04
ENSG00000139629:1(@)Loc1209   chr12_51362485_T_C_b38   8.242e-01 6.485e-04    6.484e-04      5.344e-04
ENSG00000250091:1(@)Loc1253   chr12_123932791_T_C_b38   1.102e-01 9.092e-04    9.091e-04      1.002e-04
ENSG00000250091:1(@)Loc1253   chr12_123934515_A_C_b38   1.021e-01 1.262e-03    1.262e-03      1.289e-04
ENSG00000250091:1(@)Loc1253   chr12_123935181_C_T_b38   6.591e-02 1.912e-02    1.912e-02      1.260e-03
ENSG00000250091:1(@)Loc1253   chr12_123935529_C_CAGGA_b38   1.614e-01 9.092e-04    9.091e-04      1.468e-04
ENSG00000250091:1(@)Loc1253   chr12_123955563_C_A_b38   4.132e-03 2.888e-02    2.888e-02      1.193e-04
ENSG00000274330:1(@)Loc1354   chr14_70224238_T_C_b38   1.715e-02 4.683e-02    4.683e-02      8.029e-04
ENSG00000183793:1(@)Loc1443   chr16_15036083_C_T_b38   9.999e-01 1.656e-04    1.656e-04      1.656e-04
ENSG00000183426:1(@)Loc1443   chr16_15036083_C_T_b38   9.998e-01 1.656e-04    1.656e-04      1.655e-04
ENSG00000167394:1(@)Loc1452   chr16_31074149_T_C_b38   2.851e-02 4.458e-03    4.458e-03      1.271e-04
ENSG00000103510:1(@)Loc1452   chr16_31106092_C_T_b38   3.212e-01 4.297e-03    4.297e-03      1.380e-03
ENSG00000103510:1(@)Loc1452   chr16_31110472_G_A_b38   9.364e-02 1.605e-03    1.605e-03      1.503e-04
ENSG00000103510:1(@)Loc1452   chr16_31118574_A_G_b38   1.228e-01 1.114e-02    1.114e-02      1.368e-03
ENSG00000103510:1(@)Loc1452   chr16_31120293_A_G_b38   7.608e-02 7.036e-03    7.035e-03      5.352e-04
ENSG00000103510:1(@)Loc1452   chr16_31126391_C_T_b38   2.409e-02 9.600e-03    9.599e-03      2.312e-04
ENSG00000103510:1(@)Loc1452   chr16_31130672_C_T_b38   2.409e-02 7.702e-03    7.701e-03      1.855e-04
ENSG00000103510:1(@)Loc1452   chr16_31136227_G_A_b38   7.625e-02 8.072e-03    8.071e-03      6.154e-04
ENSG00000140830:1(@)Loc1466   chr16_72074194_G_A_b38   3.357e-01 1.000e+00    1.000e+00      3.357e-01
ENSG00000261701:1(@)Loc1466   chr16_72074194_G_A_b38   1.030e-01 1.000e+00    1.000e+00      1.030e-01
ENSG00000257017:1(@)Loc1466   chr16_72074194_G_A_b38   3.357e-02 1.000e+00    1.000e+00      3.356e-02
ENSG00000091640:1(@)Loc1487   chr17_4967598_G_A_b38   3.973e-01 3.227e-04    3.226e-04      1.282e-04
ENSG00000091640:1(@)Loc1487   chr17_4968223_T_C_b38   3.973e-01 2.673e-04    2.673e-04      1.062e-04
ENSG00000178977:1(@)Loc1489   chr17_8222223_A_G_b38   1.106e-02 1.010e-01    1.010e-01      1.116e-03
ENSG00000178977:1(@)Loc1489   chr17_8225842_A_G_b38   7.297e-03 1.650e-01    1.650e-01      1.204e-03
ENSG00000178977:1(@)Loc1489   chr17_8257831_C_T_b38   7.220e-04 2.908e-01    2.908e-01      2.099e-04
ENSG00000167525:2(@)Loc1499   chr17_28711515_G_A_b38   2.166e-01 1.012e-03    1.012e-03      2.193e-04
ENSG00000263293:1(@)Loc1509   chr17_47314438_T_C_b38   1.742e-03 4.905e-01    4.905e-01      8.542e-04
ENSG00000132478:1(@)Loc1524   chr17_75786110_T_C_b38   5.329e-03 3.861e-01    3.861e-01      2.057e-03
ENSG00000119537:1(@)Loc1564   chr18_63367187_T_G_b38   6.028e-01 2.180e-04    2.180e-04      1.314e-04
ENSG00000268297:1(@)Loc1584   chr19_7790007_A_G_b38   9.920e-02 1.739e-03    1.738e-03      1.724e-04
ENSG00000268297:1(@)Loc1584   chr19_7790573_A_C_b38   7.387e-02 1.739e-03    1.738e-03      1.284e-04
ENSG00000268297:1(@)Loc1584   chr19_7790577_C_G_b38   7.387e-02 1.739e-03    1.738e-03      1.284e-04
ENSG00000268297:1(@)Loc1584   chr19_7790610_C_G_b38   7.387e-02 1.739e-03    1.738e-03      1.284e-04
ENSG00000268297:1(@)Loc1584   chr19_7790619_C_G_b38   7.387e-02 1.739e-03    1.738e-03      1.284e-04
ENSG00000268297:1(@)Loc1584   chr19_7790931_T_G_b38   7.387e-02 1.739e-03    1.738e-03      1.284e-04
ENSG00000268297:1(@)Loc1584   chr19_7791047_T_TG_b38   7.387e-02 2.041e-03    2.040e-03      1.507e-04
ENSG00000268297:1(@)Loc1584   chr19_7791048_T_TATG_b38   9.474e-02 1.915e-03    1.915e-03      1.814e-04
ENSG00000268297:1(@)Loc1584   chr19_7791072_T_G_b38   7.397e-02 1.880e-03    1.880e-03      1.390e-04
ENSG00000268297:1(@)Loc1584   chr19_7791394_C_T_b38   7.411e-02 1.739e-03    1.738e-03      1.288e-04
ENSG00000268297:1(@)Loc1584   chr19_7791437_C_T_b38   7.411e-02 1.739e-03    1.738e-03      1.288e-04
ENSG00000268297:1(@)Loc1584   chr19_7791675_T_C_b38   7.420e-02 1.717e-03    1.716e-03      1.274e-04
ENSG00000130173:1(@)Loc1587   chr19_11286046_CTT_C_b38   9.359e-02 1.422e-03    1.422e-03      1.331e-04
ENSG00000105650:1(@)Loc1591   chr19_18206287_T_C_b38   5.050e-01 2.103e-04    2.103e-04      1.062e-04
ENSG00000130518:1(@)Loc1591   chr19_18274140_T_G_b38   9.516e-02 1.124e-03    1.124e-03      1.069e-04
ENSG00000130518:1(@)Loc1591   chr19_18275557_A_G_b38   3.839e-01 2.785e-04    2.785e-04      1.069e-04
ENSG00000213996:1(@)Loc1592   chr19_19296909_T_C_b38   9.699e-04 1.000e+00    1.000e+00      9.699e-04
ENSG00000081665:1(@)Loc1593   chr19_19810158_C_A_b38   1.053e-01 4.929e-03    4.929e-03      5.192e-04
ENSG00000130204:2(@)Loc1608   chr19_44886339_G_A_b38   6.426e-03 3.333e-01    3.333e-01      2.142e-03
ENSG00000130208:1(@)Loc1608   chr19_44912383_G_A_b38   3.608e-03 3.333e-01    3.333e-01      1.202e-03
ENSG00000142233:1(@)Loc1610   chr19_48702915_C_T_b38   2.170e-02 4.176e-01    4.176e-01      9.061e-03
ENSG00000142233:1(@)Loc1610   chr19_48703160_A_G_b38   2.170e-02 5.764e-01    5.764e-01      1.250e-02
ENSG00000142233:1(@)Loc1610   chr19_48708712_T_C_b38   4.399e-02 5.806e-03    5.806e-03      2.554e-04
ENSG00000101004:1(@)Loc1635   chr20_25621692_C_G_b38   5.722e-01 2.079e-04    2.079e-04      1.190e-04
ENSG00000125991:1(@)Loc1637   chr20_35539003_T_C_b38   1.199e-01 1.477e-03    1.477e-03      1.770e-04
ENSG00000125991:1(@)Loc1637   chr20_35540122_G_A_b38   7.414e-02 2.297e-02    2.297e-02      1.703e-03
ENSG00000125991:1(@)Loc1637   chr20_35564866_C_T_b38   1.540e-02 2.579e-02    2.579e-02      3.972e-04
ENSG00000224497:1(@)Loc1637   chr20_35540122_G_A_b38   3.226e-02 2.297e-02    2.297e-02      7.410e-04
ENSG00000224497:1(@)Loc1637   chr20_35543647_C_T_b38   8.572e-02 1.643e-03    1.643e-03      1.408e-04
ENSG00000224497:1(@)Loc1637   chr20_35544511_C_T_b38   1.065e-01 1.429e-03    1.429e-03      1.522e-04
ENSG00000224497:1(@)Loc1637   chr20_35545279_C_T_b38   2.030e-01 1.643e-03    1.643e-03      3.334e-04
ENSG00000224497:1(@)Loc1637   chr20_35545566_TCAA_T_b38   2.030e-01 1.643e-03    1.643e-03      3.334e-04
ENSG00000224497:1(@)Loc1637   chr20_35549038_C_T_b38   6.820e-02 1.643e-03    1.643e-03      1.120e-04
ENSG00000025293:1(@)Loc1637   chr20_35779355_G_A_b38   1.260e-02 1.209e-02    1.209e-02      1.523e-04
ENSG00000244462:1(@)Loc1637   chr20_35655095_C_T_b38   4.531e-02 1.261e-02    1.261e-02      5.714e-04
ENSG00000244005:1(@)Loc1637   chr20_35697520_C_T_b38   1.242e-02 1.523e-02    1.523e-02      1.891e-04
ENSG00000244005:1(@)Loc1637   chr20_35702115_C_T_b38   3.830e-02 1.479e-02    1.479e-02      5.664e-04
ENSG00000182362:1(@)Loc1678   chr21_46306418_C_G_b38   9.577e-01 6.474e-04    6.473e-04      6.199e-04
ENSG00000100284:1(@)Loc1692   chr22_35298900_C_A_b38   1.578e-01 3.366e-03    3.366e-03      5.313e-04
ENSG00000100284:1(@)Loc1692   chr22_35299680_GC_G_b38   1.578e-01 4.168e-03    4.167e-03      6.578e-04
ENSG00000100284:1(@)Loc1692   chr22_35299809_G_A_b38   2.398e-02 4.637e-03    4.636e-03      1.112e-04
ENSG00000100284:1(@)Loc1692   chr22_35307135_T_C_b38   5.672e-03 3.823e-02    3.823e-02      2.168e-04
ENSG00000100284:1(@)Loc1692   chr22_35308619_G_C_b38   1.187e-02 8.671e-03    8.670e-03      1.029e-04
ENSG00000205643:1(@)Loc1699   chr22_46231706_C_T_b38   1.426e-02 3.900e-01    3.900e-01      5.561e-03
ENSG00000205643:1(@)Loc1699   chr22_46233582_A_G_b38   2.768e-03 4.925e-01    4.925e-01      1.363e-03
ENSG00000100299:1(@)Loc1702   chr22_50625049_T_C_b38   5.083e-01 2.623e-04    2.622e-04      1.333e-04
