Signal	SNP	PIP_qtl	PIP_gwas_marginal	PIP_gwas_qtl_prior	SCP
ENSG00000162585:2(@)Loc2   chr1_2207868_C_T_b38   5.061e-01 5.604e-04    5.604e-04      2.836e-04
ENSG00000182873:1(@)Loc2   chr1_2189679_C_T_b38   8.564e-01 3.918e-04    3.918e-04      3.355e-04
ENSG00000142655:1(@)Loc7   chr1_10506158_A_G_b38   8.178e-02 2.699e-03    2.699e-03      2.207e-04
ENSG00000132881:1(@)Loc11   chr1_16237140_A_G_b38   9.169e-01 1.147e-04    1.147e-04      1.051e-04
ENSG00000188672:1(@)Loc18   chr1_25427147_C_T_b38   1.859e-02 1.378e-02    1.378e-02      2.562e-04
ENSG00000188672:1(@)Loc18   chr1_25434429_C_T_b38   1.727e-02 2.652e-01    2.652e-01      4.579e-03
ENSG00000188672:1(@)Loc18   chr1_25434800_T_C_b38   1.647e-02 2.326e-01    2.326e-01      3.831e-03
ENSG00000188672:1(@)Loc18   chr1_25442446_A_G_b38   5.083e-03 4.469e-01    4.469e-01      2.271e-03
ENSG00000204178:1(@)Loc18   chr1_25432164_G_A_b38   4.136e-03 3.203e-02    3.203e-02      1.325e-04
ENSG00000204178:1(@)Loc18   chr1_25434429_C_T_b38   1.582e-03 2.652e-01    2.652e-01      4.194e-04
ENSG00000204178:1(@)Loc18   chr1_25434800_T_C_b38   1.234e-03 2.326e-01    2.326e-01      2.871e-04
ENSG00000204178:1(@)Loc18   chr1_25442446_A_G_b38   4.653e-04 4.469e-01    4.469e-01      2.079e-04
ENSG00000132855:2(@)Loc39   chr1_62584927_T_G_b38   1.324e-03 1.113e-01    1.113e-01      1.473e-04
ENSG00000132855:2(@)Loc39   chr1_62596235_C_T_b38   5.774e-03 1.952e-02    1.952e-02      1.127e-04
ENSG00000116641:1(@)Loc39   chr1_62690372_A_G_b38   1.898e-02 1.079e-02    1.079e-02      2.048e-04
ENSG00000116641:1(@)Loc39   chr1_62690427_T_C_b38   2.165e-01 1.985e-03    1.985e-03      4.297e-04
ENSG00000067208:1(@)Loc56   chr1_92527990_A_C_b38   3.650e-03 3.886e-01    3.886e-01      1.418e-03
ENSG00000067208:1(@)Loc56   chr1_92528250_C_T_b38   3.650e-03 3.131e-01    3.131e-01      1.143e-03
ENSG00000067208:1(@)Loc56   chr1_92568466_G_T_b38   1.982e-02 2.184e-01    2.184e-01      4.328e-03
ENSG00000198890:1(@)Loc66   chr1_107056380_A_C_b38   2.557e-01 1.001e-03    1.001e-03      2.559e-04
ENSG00000177628:2(@)Loc77   chr1_155157915_G_A_b38   1.303e-02 2.587e-02    2.587e-02      3.372e-04
ENSG00000163462:1(@)Loc77   chr1_155151361_G_C_b38   1.301e-01 1.856e-03    1.856e-03      2.415e-04
ENSG00000143622:1(@)Loc77   chr1_155911161_G_A_b38   8.146e-01 1.509e-04    1.509e-04      1.229e-04
ENSG00000160781:1(@)Loc77   chr1_156246108_G_A_b38   8.962e-02 1.241e-03    1.241e-03      1.113e-04
ENSG00000160781:1(@)Loc77   chr1_156249659_A_G_b38   1.018e-01 1.163e-03    1.163e-03      1.184e-04
ENSG00000160781:1(@)Loc77   chr1_156250265_T_C_b38   9.612e-02 1.163e-03    1.163e-03      1.118e-04
ENSG00000283317:3(@)Loc80   chr1_161440668_A_G_b38   8.444e-02 3.851e-02    3.851e-02      3.252e-03
ENSG00000203747:1(@)Loc80   chr1_161551141_C_T_b38   2.671e-02 1.573e-02    1.573e-02      4.201e-04
ENSG00000203747:1(@)Loc80   chr1_161559200_A_G_b38   1.845e-03 7.139e-02    7.139e-02      1.317e-04
ENSG00000225217:1(@)Loc80   chr1_161595591_A_G_b38   5.337e-01 2.952e-04    2.951e-04      1.575e-04
ENSG00000244682:1(@)Loc80   chr1_161595591_A_G_b38   9.984e-01 2.952e-04    2.951e-04      2.947e-04
ENSG00000163362:1(@)Loc102   chr1_200915857_C_T_b38   4.739e-01 2.312e-04    2.312e-04      1.096e-04
ENSG00000233217:1(@)Loc102   chr1_200915857_C_T_b38   9.962e-01 2.312e-04    2.312e-04      2.303e-04
ENSG00000084674:1(@)Loc145   chr2_21041028_G_A_b38   4.814e-02 9.999e-01    9.999e-01      4.813e-02
ENSG00000084734:1(@)Loc148   chr2_27518370_T_C_b38   4.659e-03 1.569e-01    1.569e-01      7.308e-04
ENSG00000084734:1(@)Loc148   chr2_27519736_T_C_b38   1.979e-03 5.902e-01    5.902e-01      1.168e-03
ENSG00000138075:1(@)Loc159   chr2_43846742_T_C_b38   1.221e-02 9.658e-01    9.658e-01      1.179e-02
ENSG00000138075:1(@)Loc159   chr2_43847292_C_T_b38   1.432e-02 3.418e-02    3.418e-02      4.894e-04
ENSG00000226622:1(@)Loc173   chr2_62656918_A_G_b38   2.487e-03 7.957e-02    7.956e-02      1.979e-04
ENSG00000088205:2(@)Loc201   chr2_117819143_T_C_b38   7.921e-03 2.115e-01    2.115e-01      1.675e-03
ENSG00000236255:2(@)Loc201   chr2_117819143_T_C_b38   2.214e-03 2.115e-01    2.115e-01      4.682e-04
ENSG00000144426:1(@)Loc252   chr2_203016111_G_A_b38   1.406e-01 3.880e-03    3.880e-03      5.456e-04
ENSG00000144426:1(@)Loc252   chr2_203016269_T_C_b38   4.032e-02 3.572e-03    3.572e-03      1.440e-04
ENSG00000115414:1(@)Loc259   chr2_215435759_T_A_b38   1.947e-02 2.100e-02    2.100e-02      4.088e-04
ENSG00000115414:1(@)Loc259   chr2_215439661_T_C_b38   2.473e-03 6.684e-01    6.684e-01      1.653e-03
ENSG00000225166:1(@)Loc259   chr2_215440817_T_A_b38   4.709e-01 2.425e-04    2.425e-04      1.142e-04
ENSG00000114904:1(@)Loc312   chr3_52771077_A_G_b38   4.508e-01 1.336e-03    1.336e-03      6.024e-04
ENSG00000055957:1(@)Loc312   chr3_52775177_G_A_b38   4.051e-01 7.256e-04    7.256e-04      2.939e-04
ENSG00000163684:3(@)Loc316   chr3_58308140_G_A_b38   3.288e-03 1.853e-01    1.853e-01      6.091e-04
ENSG00000272182:1(@)Loc316   chr3_58395560_G_A_b38   1.104e-03 2.640e-01    2.640e-01      2.914e-04
ENSG00000114023:1(@)Loc352   chr3_122431007_C_T_b38   2.959e-02 3.058e-02    3.057e-02      9.046e-04
ENSG00000272758:1(@)Loc352   chr3_122426477_C_T_b38   8.967e-03 4.409e-02    4.409e-02      3.953e-04
ENSG00000196981:2(@)Loc352   chr3_122411904_T_C_b38   1.411e-02 7.482e-03    7.482e-03      1.056e-04
ENSG00000196981:2(@)Loc352   chr3_122416042_T_A_b38   3.498e-01 1.627e-02    1.626e-02      5.689e-03
ENSG00000196981:2(@)Loc352   chr3_122440051_G_C_b38   9.778e-03 1.255e-02    1.255e-02      1.227e-04
ENSG00000138246:1(@)Loc358   chr3_132417408_G_A_b38   2.924e-01 6.007e-04    6.007e-04      1.757e-04
ENSG00000138246:1(@)Loc358   chr3_132444356_G_T_b38   2.424e-03 3.659e-01    3.659e-01      8.868e-04
ENSG00000138246:1(@)Loc358   chr3_132490359_A_G_b38   9.376e-03 3.322e-01    3.322e-01      3.115e-03
ENSG00000138246:1(@)Loc358   chr3_132500710_T_C_b38   1.191e-01 2.690e-01    2.690e-01      3.204e-02
ENSG00000113068:1(@)Loc603   chr5_140302312_G_A_b38   3.354e-01 1.549e-03    1.549e-03      5.196e-04
ENSG00000113716:1(@)Loc608   chr5_150048861_G_C_b38   1.244e-01 1.015e-03    1.015e-03      1.262e-04
ENSG00000145850:1(@)Loc612   chr5_156960126_G_C_b38   8.493e-03 1.655e-01    1.655e-01      1.406e-03
ENSG00000145850:1(@)Loc612   chr5_156963286_T_C_b38   7.941e-02 8.308e-01    8.308e-01      6.597e-02
ENSG00000113272:1(@)Loc613   chr5_157731406_C_A_b38   4.087e-01 1.387e-03    1.387e-03      5.670e-04
ENSG00000246334:1(@)Loc626   chr5_177430511_C_T_b38   1.731e-01 2.201e-03    2.201e-03      3.810e-04
ENSG00000246334:1(@)Loc626   chr5_177431048_C_T_b38   1.731e-01 2.039e-03    2.039e-03      3.530e-04
ENSG00000007944:2(@)Loc643   chr6_16127176_C_T_b38   1.175e-03 5.991e-01    5.991e-01      7.039e-04
ENSG00000007944:2(@)Loc643   chr6_16128734_C_G_b38   7.903e-03 7.252e-02    7.252e-02      5.731e-04
ENSG00000227262:1(@)Loc654   chr6_29883007_A_G_b38   9.886e-01 2.860e-04    2.860e-04      2.828e-04
ENSG00000228078:1(@)Loc654   chr6_30077422_G_A_b38   8.429e-01 9.227e-04    9.226e-04      7.777e-04
ENSG00000272221:1(@)Loc655   chr6_31386727_C_T_b38   3.987e-03 1.892e-01    1.892e-01      7.546e-04
ENSG00000272221:1(@)Loc655   chr6_31386783_C_T_b38   1.665e-03 2.057e-01    2.057e-01      3.425e-04
ENSG00000272221:1(@)Loc655   chr6_31393708_T_C_b38   1.064e-02 4.998e-01    4.998e-01      5.319e-03
ENSG00000241106:3(@)Loc657   chr6_32816843_C_T_b38   2.103e-02 1.587e-02    1.587e-02      3.338e-04
ENSG00000241106:3(@)Loc657   chr6_32821703_A_G_b38   3.606e-03 2.346e-01    2.346e-01      8.462e-04
ENSG00000241106:2(@)Loc657   chr6_32828908_A_G_b38   1.954e-02 1.376e-01    1.376e-01      2.689e-03
ENSG00000196821:3(@)Loc658   chr6_34609480_A_G_b38   2.575e-02 1.939e-02    1.939e-02      4.993e-04
ENSG00000196821:3(@)Loc658   chr6_34760294_G_C_b38   2.632e-02 6.903e-03    6.903e-03      1.817e-04
ENSG00000196821:3(@)Loc658   chr6_34761381_G_A_b38   2.632e-02 6.903e-03    6.903e-03      1.817e-04
ENSG00000272288:1(@)Loc658   chr6_34695821_C_T_b38   1.491e-02 2.711e-02    2.711e-02      4.042e-04
ENSG00000196821:1(@)Loc658   chr6_34695821_C_T_b38   6.112e-02 2.711e-02    2.711e-02      1.657e-03
ENSG00000124587:1(@)Loc663   chr6_42978752_C_A_b38   3.781e-01 4.815e-04    4.815e-04      1.820e-04
ENSG00000124587:1(@)Loc663   chr6_42979205_G_A_b38   3.781e-01 5.400e-04    5.400e-04      2.041e-04
ENSG00000124587:2(@)Loc663   chr6_42979275_G_C_b38   8.480e-02 1.228e-03    1.228e-03      1.041e-04
ENSG00000225791:2(@)Loc669   chr6_52577484_G_C_b38   5.119e-01 3.607e-04    3.606e-04      1.846e-04
ENSG00000216775:3(@)Loc669   chr6_52664868_A_C_b38   4.558e-01 6.469e-02    6.468e-02      2.948e-02
ENSG00000216775:3(@)Loc669   chr6_52666029_C_T_b38   8.511e-02 1.685e-02    1.685e-02      1.434e-03
ENSG00000260273:1(@)Loc703   chr6_109383239_T_C_b38   2.806e-01 5.889e-04    5.888e-04      1.652e-04
ENSG00000260273:1(@)Loc703   chr6_109383248_A_C_b38   2.806e-01 5.889e-04    5.888e-04      1.652e-04
ENSG00000155085:2(@)Loc703   chr6_109690255_T_C_b38   5.355e-01 6.728e-04    6.728e-04      3.603e-04
ENSG00000146540:1(@)Loc744   chr7_1144328_C_A_b38   1.477e-01 8.976e-04    8.975e-04      1.325e-04
ENSG00000015520:2(@)Loc774   chr7_44542387_T_C_b38   2.713e-02 1.236e-01    1.236e-01      3.354e-03
ENSG00000015520:2(@)Loc774   chr7_44542732_A_G_b38   9.197e-03 8.526e-01    8.526e-01      7.841e-03
ENSG00000157259:1(@)Loc798   chr7_92447889_G_A_b38   8.254e-01 1.482e-04    1.482e-04      1.223e-04
ENSG00000272950:1(@)Loc802   chr7_98312758_C_CTG_b38   3.833e-02 4.212e-03    4.212e-03      1.614e-04
ENSG00000272950:1(@)Loc802   chr7_98316987_C_CT_b38   1.048e-01 4.212e-03    4.212e-03      4.412e-04
ENSG00000272950:1(@)Loc802   chr7_98320502_C_T_b38   2.158e-01 4.212e-03    4.212e-03      9.090e-04
ENSG00000272950:1(@)Loc802   chr7_98322009_C_T_b38   5.533e-01 4.854e-03    4.853e-03      2.685e-03
ENSG00000272950:1(@)Loc802   chr7_98345539_G_A_b38   4.896e-02 4.584e-03    4.584e-03      2.244e-04
ENSG00000154319:1(@)Loc856   chr8_11474738_A_G_b38   1.339e-01 2.273e-03    2.273e-03      3.043e-04
ENSG00000156006:1(@)Loc861   chr8_18391151_A_G_b38   4.923e-02 8.922e-03    8.922e-03      4.392e-04
ENSG00000156006:1(@)Loc861   chr8_18398199_A_G_b38   5.231e-03 3.897e-01    3.897e-01      2.038e-03
ENSG00000156006:1(@)Loc861   chr8_18401856_C_T_b38   3.896e-03 3.040e-02    3.040e-02      1.184e-04
ENSG00000158856:1(@)Loc864   chr8_22049068_AGGGGCC_A_b38   9.732e-01 2.020e-04    2.020e-04      1.966e-04
ENSG00000147454:2(@)Loc865   chr8_23532058_T_C_b38   1.983e-03 6.465e-02    6.465e-02      1.282e-04
ENSG00000147454:1(@)Loc865   chr8_23528321_A_G_b38   7.011e-01 8.832e-04    8.831e-04      6.191e-04
ENSG00000167910:1(@)Loc886   chr8_58473360_C_T_b38   5.615e-04 3.243e-01    3.243e-01      1.821e-04
ENSG00000164695:1(@)Loc899   chr8_81732207_G_A_b38   9.798e-01 1.417e-04    1.417e-04      1.389e-04
ENSG00000156795:2(@)Loc921   chr8_123417155_A_G_b38   6.825e-01 1.513e-04    1.513e-04      1.033e-04
ENSG00000204791:1(@)Loc935   chr8_143948489_G_T_b38   2.081e-03 9.999e-01    9.999e-01      2.080e-03
ENSG00000273226:1(@)Loc950   chr9_19375840_TGGTATCCACTAAAACTA_T_b38   3.718e-01 6.737e-04    6.737e-04      2.505e-04
ENSG00000273226:1(@)Loc950   chr9_19376260_G_C_b38   3.984e-01 7.041e-04    7.040e-04      2.805e-04
ENSG00000273226:2(@)Loc950   chr9_19400324_T_G_b38   1.459e-01 1.236e-03    1.236e-03      1.804e-04
ENSG00000230074:1(@)Loc962   chr9_34677541_T_C_b38   7.980e-01 1.514e-04    1.514e-04      1.208e-04
ENSG00000198917:2(@)Loc1001   chr9_128829615_G_C_b38   1.212e-01 1.356e-03    1.356e-03      1.644e-04
ENSG00000229124:2(@)Loc1023   chr10_17218291_A_G_b38   4.171e-04 4.054e-01    4.054e-01      1.691e-04
ENSG00000119965:1(@)Loc1086   chr10_122918383_T_G_b38   6.096e-02 1.997e-03    1.996e-03      1.217e-04
ENSG00000119965:1(@)Loc1086   chr10_122919215_T_C_b38   6.096e-02 1.997e-03    1.996e-03      1.217e-04
ENSG00000119965:1(@)Loc1086   chr10_122921261_C_A_b38   5.412e-02 2.174e-03    2.174e-03      1.177e-04
ENSG00000119965:1(@)Loc1086   chr10_122921413_C_A_b38   6.096e-02 1.834e-03    1.834e-03      1.118e-04
ENSG00000119965:1(@)Loc1086   chr10_122922607_C_G_b38   6.096e-02 1.997e-03    1.996e-03      1.217e-04
ENSG00000119965:1(@)Loc1086   chr10_122933070_A_G_b38   6.581e-02 7.864e-02    7.864e-02      5.175e-03
ENSG00000175356:1(@)Loc1101   chr11_9056105_A_G_b38   4.545e-01 3.209e-04    3.209e-04      1.458e-04
ENSG00000179119:1(@)Loc1107   chr11_18611437_T_C_b38   9.066e-03 7.889e-02    7.889e-02      7.153e-04
ENSG00000179119:1(@)Loc1107   chr11_18634724_C_T_b38   3.178e-01 9.211e-01    9.211e-01      2.927e-01
ENSG00000175220:1(@)Loc1122   chr11_46700671_T_C_b38   5.112e-01 3.511e-04    3.511e-04      1.795e-04
ENSG00000180210:1(@)Loc1122   chr11_46723375_G_C_b38   2.534e-01 4.487e-04    4.487e-04      1.137e-04
ENSG00000134824:2(@)Loc1128   chr11_61830500_A_G_b38   5.466e-04 2.963e-01    2.963e-01      1.619e-04
ENSG00000134824:2(@)Loc1128   chr11_61837342_C_A_b38   7.019e-04 2.241e-01    2.241e-01      1.573e-04
ENSG00000149485:1(@)Loc1128   chr11_61804006_T_C_b38   2.828e-03 3.634e-02    3.634e-02      1.028e-04
ENSG00000149485:1(@)Loc1128   chr11_61830500_A_G_b38   2.777e-02 2.963e-01    2.963e-01      8.226e-03
ENSG00000149485:1(@)Loc1128   chr11_61836038_C_A_b38   6.698e-03 5.663e-02    5.662e-02      3.793e-04
ENSG00000149485:1(@)Loc1128   chr11_61837342_C_A_b38   6.719e-03 2.241e-01    2.241e-01      1.506e-03
ENSG00000149485:1(@)Loc1128   chr11_61842278_C_T_b38   3.689e-03 3.273e-01    3.273e-01      1.207e-03
ENSG00000173327:1(@)Loc1130   chr11_65613445_G_A_b38   9.899e-01 1.621e-03    1.621e-03      1.604e-03
ENSG00000214659:2(@)Loc1130   chr11_65726336_C_T_b38   1.504e-01 1.140e-03    1.140e-03      1.714e-04
ENSG00000214659:2(@)Loc1130   chr11_65726789_G_T_b38   1.205e-01 1.355e-03    1.355e-03      1.632e-04
ENSG00000214659:2(@)Loc1130   chr11_65727516_C_T_b38   1.233e-01 1.167e-03    1.167e-03      1.439e-04
ENSG00000254986:1(@)Loc1131   chr11_66480373_G_A_b38   4.979e-01 1.113e-03    1.113e-03      5.541e-04
ENSG00000243431:2(@)Loc1165   chr11_118545538_C_T_b38   1.487e-03 6.732e-02    6.732e-02      1.001e-04
ENSG00000243431:2(@)Loc1165   chr11_118578655_A_G_b38   4.560e-03 2.227e-02    2.227e-02      1.015e-04
ENSG00000118096:1(@)Loc1165   chr11_118573229_G_A_b38   3.382e-01 9.511e-04    9.510e-04      3.216e-04
ENSG00000280832:1(@)Loc1171   chr11_126348646_A_G_b38   1.951e-03 8.003e-02    8.003e-02      1.561e-04
ENSG00000280832:1(@)Loc1171   chr11_126358764_T_G_b38   2.062e-03 9.467e-02    9.467e-02      1.952e-04
ENSG00000139546:1(@)Loc1211   chr12_53503200_G_A_b38   9.703e-02 1.291e-03    1.291e-03      1.253e-04
ENSG00000205352:1(@)Loc1211   chr12_53446172_C_G_b38   9.999e-01 2.507e-04    2.507e-04      2.507e-04
ENSG00000270028:1(@)Loc1253   chr12_123922745_T_A_b38   2.796e-01 8.056e-04    8.056e-04      2.252e-04
ENSG00000250091:1(@)Loc1253   chr12_123934515_A_C_b38   1.487e-01 1.262e-03    1.262e-03      1.877e-04
ENSG00000250091:1(@)Loc1253   chr12_123935181_C_T_b38   1.557e-01 1.912e-02    1.912e-02      2.978e-03
ENSG00000250091:1(@)Loc1253   chr12_123955563_C_A_b38   8.896e-03 2.888e-02    2.888e-02      2.569e-04
ENSG00000250091:1(@)Loc1253   chr12_123964676_C_A_b38   1.233e-02 9.307e-03    9.306e-03      1.147e-04
ENSG00000119242:1(@)Loc1253   chr12_123955563_C_A_b38   7.616e-03 2.888e-02    2.888e-02      2.200e-04
ENSG00000119242:1(@)Loc1253   chr12_123971271_C_T_b38   8.507e-02 1.307e-03    1.307e-03      1.112e-04
ENSG00000119242:1(@)Loc1253   chr12_123980289_G_T_b38   2.716e-02 2.361e-02    2.361e-02      6.410e-04
ENSG00000119242:1(@)Loc1253   chr12_123990609_A_G_b38   1.199e-02 1.530e-02    1.530e-02      1.834e-04
ENSG00000119242:1(@)Loc1253   chr12_123997143_A_G_b38   1.199e-02 1.301e-02    1.301e-02      1.559e-04
ENSG00000270048:1(@)Loc1253   chr12_123955563_C_A_b38   4.658e-03 2.888e-02    2.888e-02      1.345e-04
ENSG00000270048:1(@)Loc1253   chr12_123962860_A_T_b38   1.043e-01 1.383e-03    1.383e-03      1.443e-04
ENSG00000270048:2(@)Loc1253   chr12_123962861_A_T_b38   8.107e-02 1.492e-03    1.492e-03      1.210e-04
ENSG00000119599:1(@)Loc1356   chr14_72926683_G_A_b38   9.983e-01 1.007e-04    1.007e-04      1.005e-04
ENSG00000176473:1(@)Loc1374   chr14_100376441_T_C_b38   1.020e-01 1.118e-03    1.118e-03      1.141e-04
ENSG00000176473:1(@)Loc1374   chr14_100377141_G_A_b38   1.937e-01 6.643e-04    6.643e-04      1.287e-04
ENSG00000176473:1(@)Loc1374   chr14_100377178_C_G_b38   1.937e-01 6.643e-04    6.643e-04      1.287e-04
ENSG00000176473:1(@)Loc1374   chr14_100377551_C_A_b38   1.937e-01 5.233e-04    5.232e-04      1.014e-04
ENSG00000178718:1(@)Loc1413   chr15_74949814_T_C_b38   1.361e-01 1.109e-03    1.109e-03      1.510e-04
ENSG00000183571:2(@)Loc1426   chr15_98978433_A_C_b38   7.970e-01 1.548e-04    1.548e-04      1.234e-04
ENSG00000100726:1(@)Loc1430   chr16_1511445_A_G_b38   6.378e-01 2.437e-04    2.436e-04      1.554e-04
ENSG00000183426:1(@)Loc1443   chr16_15036083_C_T_b38   1.000e+00 1.656e-04    1.656e-04      1.656e-04
ENSG00000183793:1(@)Loc1443   chr16_15036083_C_T_b38   1.000e+00 1.656e-04    1.656e-04      1.656e-04
ENSG00000167394:1(@)Loc1452   chr16_31074149_T_C_b38   1.109e-01 4.458e-03    4.458e-03      4.946e-04
ENSG00000167395:1(@)Loc1452   chr16_31074149_T_C_b38   3.844e-02 4.458e-03    4.458e-03      1.714e-04
ENSG00000262766:2(@)Loc1452   chr16_31118574_A_G_b38   9.400e-03 1.114e-02    1.114e-02      1.047e-04
ENSG00000103510:1(@)Loc1452   chr16_31101489_A_C_b38   1.486e-01 1.334e-03    1.334e-03      1.982e-04
ENSG00000103510:1(@)Loc1452   chr16_31120293_A_G_b38   4.869e-01 7.036e-03    7.036e-03      3.425e-03
ENSG00000103510:1(@)Loc1452   chr16_31136227_G_A_b38   8.572e-02 8.072e-03    8.072e-03      6.920e-04
ENSG00000103510:1(@)Loc1452   chr16_31137821_A_G_b38   2.434e-01 2.257e-03    2.257e-03      5.494e-04
ENSG00000087237:1(@)Loc1458   chr16_56954132_C_T_b38   1.579e-02 1.399e-02    1.399e-02      2.209e-04
ENSG00000087237:1(@)Loc1458   chr16_56955678_C_T_b38   1.304e-02 9.844e-01    9.844e-01      1.284e-02
ENSG00000091640:1(@)Loc1487   chr17_4967598_G_A_b38   4.300e-01 3.227e-04    3.226e-04      1.387e-04
ENSG00000091640:1(@)Loc1487   chr17_4968223_T_C_b38   4.300e-01 2.673e-04    2.673e-04      1.150e-04
ENSG00000178977:1(@)Loc1489   chr17_8222223_A_G_b38   3.965e-03 1.010e-01    1.010e-01      4.003e-04
ENSG00000178977:1(@)Loc1489   chr17_8225842_A_G_b38   3.731e-03 1.650e-01    1.650e-01      6.157e-04
ENSG00000178971:1(@)Loc1489   chr17_8247500_A_G_b38   5.683e-01 6.505e-04    6.505e-04      3.697e-04
ENSG00000160606:1(@)Loc1499   chr17_28728293_C_T_b38   2.726e-01 9.569e-04    9.568e-04      2.608e-04
ENSG00000160606:1(@)Loc1499   chr17_28728422_G_A_b38   2.726e-01 8.587e-04    8.587e-04      2.340e-04
ENSG00000167525:1(@)Loc1499   chr17_28711515_G_A_b38   4.666e-01 1.012e-03    1.012e-03      4.724e-04
ENSG00000173065:1(@)Loc1499   chr17_28842719_T_TGCCGCCC_b38   1.711e-01 2.301e-03    2.301e-03      3.938e-04
ENSG00000173065:1(@)Loc1499   chr17_28842872_G_C_b38   5.953e-02 1.975e-03    1.975e-03      1.176e-04
ENSG00000173065:1(@)Loc1499   chr17_28843137_TC_T_b38   3.364e-01 1.503e-03    1.503e-03      5.056e-04
ENSG00000033627:1(@)Loc1507   chr17_42455287_A_T_b38   1.578e-01 7.583e-04    7.582e-04      1.196e-04
ENSG00000033627:1(@)Loc1507   chr17_42457387_A_G_b38   1.976e-01 5.594e-04    5.594e-04      1.105e-04
ENSG00000033627:1(@)Loc1507   chr17_42461423_T_C_b38   1.365e-01 5.849e-03    5.849e-03      7.985e-04
ENSG00000178852:1(@)Loc1509   chr17_47361586_C_T_b38   1.794e-02 5.009e-01    5.009e-01      8.985e-03
ENSG00000263293:1(@)Loc1509   chr17_47314438_T_C_b38   9.680e-03 4.905e-01    4.905e-01      4.748e-03
ENSG00000141295:1(@)Loc1510   chr17_47823406_CCT_C_b38   1.967e-01 5.639e-04    5.639e-04      1.109e-04
ENSG00000141295:1(@)Loc1510   chr17_47825048_G_T_b38   1.967e-01 5.639e-04    5.639e-04      1.109e-04
ENSG00000141295:1(@)Loc1510   chr17_47836481_C_A_b38   4.520e-01 1.559e-03    1.559e-03      7.047e-04
ENSG00000141295:2(@)Loc1510   chr17_47836287_C_T_b38   1.609e-01 6.873e-04    6.872e-04      1.106e-04
ENSG00000132475:2(@)Loc1524   chr17_75783117_A_C_b38   1.765e-02 8.389e-03    8.389e-03      1.481e-04
ENSG00000132475:2(@)Loc1524   chr17_75784425_G_A_b38   7.825e-02 3.127e-03    3.127e-03      2.447e-04
ENSG00000132475:2(@)Loc1524   chr17_75786110_T_C_b38   3.966e-02 3.861e-01    3.861e-01      1.531e-02
ENSG00000119537:1(@)Loc1564   chr18_63367187_T_G_b38   1.000e+00 2.180e-04    2.180e-04      2.180e-04
ENSG00000172006:1(@)Loc1580   chr19_2814183_C_T_b38   6.861e-03 2.108e-02    2.108e-02      1.447e-04
ENSG00000130518:2(@)Loc1591   chr19_18274140_T_G_b38   4.198e-01 1.124e-03    1.124e-03      4.718e-04
ENSG00000081665:1(@)Loc1593   chr19_19810158_C_A_b38   8.270e-02 4.929e-03    4.929e-03      4.076e-04
ENSG00000176909:1(@)Loc1610   chr19_48702915_C_T_b38   1.481e-03 4.176e-01    4.176e-01      6.186e-04
ENSG00000176909:1(@)Loc1610   chr19_48703160_A_G_b38   1.481e-03 5.764e-01    5.764e-01      8.537e-04
ENSG00000142233:2(@)Loc1610   chr19_48702915_C_T_b38   5.350e-03 4.176e-01    4.176e-01      2.234e-03
ENSG00000142233:2(@)Loc1610   chr19_48703160_A_G_b38   5.350e-03 5.764e-01    5.764e-01      3.084e-03
ENSG00000277938:1(@)Loc1634   chr20_25226438_T_C_b38   2.667e-01 4.668e-04    4.668e-04      1.245e-04
ENSG00000101004:1(@)Loc1635   chr20_25585519_G_A_b38   8.908e-01 2.631e-04    2.631e-04      2.344e-04
ENSG00000126001:2(@)Loc1637   chr20_35458678_G_A_b38   1.932e-02 9.136e-02    9.135e-02      1.765e-03
ENSG00000224497:1(@)Loc1637   chr20_35543647_C_T_b38   8.039e-01 1.643e-03    1.643e-03      1.321e-03
ENSG00000183798:1(@)Loc1641   chr20_41201482_A_G_b38   1.322e-03 2.004e-01    2.004e-01      2.649e-04
ENSG00000125510:1(@)Loc1654   chr20_64064578_G_A_b38   5.792e-02 2.462e-03    2.462e-03      1.426e-04
ENSG00000125510:1(@)Loc1654   chr20_64074752_A_G_b38   6.227e-02 2.145e-03    2.145e-03      1.335e-04
ENSG00000125510:1(@)Loc1654   chr20_64076174_C_T_b38   1.046e-01 1.290e-03    1.290e-03      1.349e-04
ENSG00000125510:1(@)Loc1654   chr20_64077921_G_A_b38   2.454e-01 1.627e-03    1.627e-03      3.992e-04
ENSG00000125510:1(@)Loc1654   chr20_64080700_T_C_b38   4.316e-01 1.450e-03    1.450e-03      6.259e-04
ENSG00000171700:1(@)Loc1654   chr20_64080700_T_C_b38   9.371e-01 1.450e-03    1.450e-03      1.359e-03
ENSG00000215424:2(@)Loc1678   chr21_46229830_A_AG_b38   2.364e-01 7.072e-04    7.071e-04      1.671e-04
ENSG00000239415:1(@)Loc1678   chr21_46256266_A_G_b38   2.364e-01 6.378e-04    6.377e-04      1.507e-04
ENSG00000239415:1(@)Loc1678   chr21_46258313_G_A_b38   1.275e-01 8.308e-04    8.308e-04      1.059e-04
ENSG00000182362:3(@)Loc1678   chr21_46288340_T_C_b38   5.231e-01 9.477e-04    9.476e-04      4.957e-04
ENSG00000182362:3(@)Loc1678   chr21_46295725_C_CCT_b38   2.507e-01 1.069e-03    1.069e-03      2.681e-04
ENSG00000182362:3(@)Loc1678   chr21_46301747_T_C_b38   1.045e-01 1.219e-03    1.219e-03      1.274e-04
ENSG00000160299:1(@)Loc1678   chr21_46303211_T_C_b38   1.331e-01 1.069e-03    1.069e-03      1.423e-04
ENSG00000160299:1(@)Loc1678   chr21_46324123_CG_C_b38   4.430e-01 6.861e-04    6.861e-04      3.039e-04
ENSG00000100284:1(@)Loc1692   chr22_35298900_C_A_b38   6.214e-02 3.366e-03    3.366e-03      2.092e-04
ENSG00000100284:1(@)Loc1692   chr22_35299680_GC_G_b38   6.214e-02 4.168e-03    4.167e-03      2.590e-04
ENSG00000100284:1(@)Loc1692   chr22_35300084_G_C_b38   4.215e-01 2.307e-03    2.307e-03      9.725e-04
ENSG00000100299:1(@)Loc1702   chr22_50625049_T_C_b38   9.996e-01 2.623e-04    2.623e-04      2.622e-04
