Signal	SNP	PIP_qtl	PIP_gwas_marginal	PIP_gwas_qtl_prior	SCP
ENSG00000183726:1(@)Loc18   chr1_25348294_C_T_b38   8.126e-02 8.608e-03    8.606e-03      6.993e-04
ENSG00000183726:1(@)Loc18   chr1_25432164_G_A_b38   1.648e-02 3.203e-02    3.203e-02      5.277e-04
ENSG00000188672:1(@)Loc18   chr1_25427147_C_T_b38   4.925e-02 1.378e-02    1.378e-02      6.789e-04
ENSG00000188672:1(@)Loc18   chr1_25434429_C_T_b38   3.757e-02 2.652e-01    2.652e-01      9.962e-03
ENSG00000188672:1(@)Loc18   chr1_25434800_T_C_b38   2.495e-02 2.326e-01    2.326e-01      5.802e-03
ENSG00000188672:1(@)Loc18   chr1_25442446_A_G_b38   1.092e-02 4.469e-01    4.469e-01      4.881e-03
ENSG00000204178:1(@)Loc18   chr1_25434429_C_T_b38   8.918e-04 2.652e-01    2.652e-01      2.365e-04
ENSG00000204178:1(@)Loc18   chr1_25434800_T_C_b38   8.573e-04 2.326e-01    2.326e-01      1.994e-04
ENSG00000204178:1(@)Loc18   chr1_25442446_A_G_b38   2.582e-04 4.469e-01    4.469e-01      1.154e-04
ENSG00000278967:2(@)Loc39   chr1_62608304_C_T_b38   5.691e-03 1.961e-02    1.961e-02      1.116e-04
ENSG00000169231:1(@)Loc77   chr1_155208991_T_A_b38   5.872e-01 2.331e-04    2.331e-04      1.369e-04
ENSG00000203747:2(@)Loc80   chr1_161551141_C_T_b38   1.050e-02 1.573e-02    1.572e-02      1.651e-04
ENSG00000132185:1(@)Loc80   chr1_161707180_A_G_b38   6.130e-01 2.045e-04    2.044e-04      1.253e-04
ENSG00000213453:1(@)Loc148   chr2_27519736_T_C_b38   3.321e-04 5.902e-01    5.902e-01      1.960e-04
ENSG00000163596:1(@)Loc252   chr2_202869642_A_T_b38   2.993e-02 1.009e-02    1.009e-02      3.019e-04
ENSG00000115414:2(@)Loc259   chr2_215435759_T_A_b38   9.758e-03 2.100e-02    2.100e-02      2.049e-04
ENSG00000115414:2(@)Loc259   chr2_215439661_T_C_b38   1.302e-03 6.684e-01    6.684e-01      8.703e-04
ENSG00000016864:1(@)Loc312   chr3_52706166_C_G_b38   1.317e-01 2.306e-03    2.306e-03      3.037e-04
ENSG00000016864:1(@)Loc312   chr3_52707144_G_A_b38   7.376e-02 2.055e-03    2.054e-03      1.515e-04
ENSG00000016864:1(@)Loc312   chr3_52710444_A_G_b38   4.583e-02 3.338e-03    3.337e-03      1.529e-04
ENSG00000255154:1(@)Loc316   chr3_58308140_G_A_b38   9.659e-03 1.853e-01    1.852e-01      1.789e-03
ENSG00000168291:1(@)Loc316   chr3_58395560_G_A_b38   1.903e-03 2.640e-01    2.640e-01      5.024e-04
ENSG00000196981:2(@)Loc352   chr3_122426477_C_T_b38   1.420e-02 4.409e-02    4.408e-02      6.259e-04
ENSG00000272758:2(@)Loc352   chr3_122426477_C_T_b38   3.771e-03 4.409e-02    4.408e-02      1.662e-04
ENSG00000272758:3(@)Loc352   chr3_122416042_T_A_b38   4.558e-02 1.627e-02    1.626e-02      7.412e-04
ENSG00000196981:1(@)Loc352   chr3_122416042_T_A_b38   9.613e-01 1.627e-02    1.626e-02      1.563e-02
ENSG00000196981:1(@)Loc352   chr3_122440051_G_C_b38   1.329e-02 1.255e-02    1.254e-02      1.667e-04
ENSG00000138823:1(@)Loc464   chr4_99563133_T_C_b38   2.814e-02 6.409e-03    6.407e-03      1.803e-04
ENSG00000138823:1(@)Loc464   chr4_99563386_G_A_b38   7.147e-02 4.825e-02    4.824e-02      3.448e-03
ENSG00000138823:1(@)Loc464   chr4_99564098_G_A_b38   7.147e-02 8.253e-03    8.252e-03      5.897e-04
ENSG00000113068:1(@)Loc603   chr5_140302312_G_A_b38   2.017e-01 1.549e-03    1.549e-03      3.124e-04
ENSG00000113716:1(@)Loc608   chr5_150003678_A_T_b38   2.501e-01 4.901e-04    4.900e-04      1.225e-04
ENSG00000145850:2(@)Loc612   chr5_156960126_G_C_b38   2.972e-03 1.655e-01    1.655e-01      4.919e-04
ENSG00000145850:2(@)Loc612   chr5_156963286_T_C_b38   1.268e-02 8.308e-01    8.308e-01      1.054e-02
ENSG00000007944:2(@)Loc643   chr6_16108932_A_C_b38   1.902e-03 2.038e-01    2.038e-01      3.875e-04
ENSG00000274641:1(@)Loc651   chr6_27893892_G_A_b38   1.734e-02 1.613e-02    1.613e-02      2.797e-04
ENSG00000261839:1(@)Loc652   chr6_28135631_G_T_b38   2.258e-02 6.853e-03    6.852e-03      1.547e-04
ENSG00000228078:1(@)Loc654   chr6_29844091_G_T_b38   3.136e-02 1.118e-02    1.118e-02      3.506e-04
ENSG00000228078:1(@)Loc654   chr6_30078221_A_C_b38   7.486e-02 1.386e-02    1.385e-02      1.037e-03
ENSG00000206503:1(@)Loc654   chr6_29970018_G_A_b38   5.303e-01 1.490e-03    1.490e-03      7.900e-04
ENSG00000146112:1(@)Loc654   chr6_30686754_G_C_b38   9.543e-01 1.255e-04    1.255e-04      1.198e-04
ENSG00000272221:4(@)Loc655   chr6_31386727_C_T_b38   2.450e-03 1.892e-01    1.892e-01      4.636e-04
ENSG00000272221:4(@)Loc655   chr6_31386783_C_T_b38   2.450e-03 2.057e-01    2.057e-01      5.039e-04
ENSG00000272221:4(@)Loc655   chr6_31393708_T_C_b38   3.066e-03 4.998e-01    4.998e-01      1.532e-03
ENSG00000241106:1(@)Loc657   chr6_32816843_C_T_b38   9.417e-03 1.587e-02    1.587e-02      1.495e-04
ENSG00000241106:1(@)Loc657   chr6_32821703_A_G_b38   9.023e-04 2.346e-01    2.346e-01      2.117e-04
ENSG00000196821:1(@)Loc658   chr6_34695821_C_T_b38   1.716e-02 2.711e-02    2.711e-02      4.652e-04
ENSG00000272288:1(@)Loc658   chr6_34695821_C_T_b38   4.624e-02 2.711e-02    2.711e-02      1.253e-03
ENSG00000124713:1(@)Loc663   chr6_42964977_C_T_b38   3.217e-03 7.483e-02    7.481e-02      2.406e-04
ENSG00000124587:2(@)Loc663   chr6_42979275_G_C_b38   9.043e-02 1.228e-03    1.228e-03      1.110e-04
ENSG00000124587:1(@)Loc663   chr6_42975041_A_G_b38   5.481e-01 5.783e-04    5.782e-04      3.169e-04
ENSG00000124587:1(@)Loc663   chr6_42979205_G_A_b38   1.957e-01 5.400e-04    5.399e-04      1.057e-04
ENSG00000225791:1(@)Loc669   chr6_52577484_G_C_b38   4.728e-01 3.607e-04    3.606e-04      1.705e-04
ENSG00000216775:2(@)Loc669   chr6_52662124_AG_A_b38   5.093e-02 3.764e-03    3.763e-03      1.917e-04
ENSG00000216775:2(@)Loc669   chr6_52663320_G_A_b38   9.546e-02 2.285e-03    2.284e-03      2.181e-04
ENSG00000155085:1(@)Loc703   chr6_109690255_T_C_b38   3.427e-01 6.728e-04    6.727e-04      2.305e-04
ENSG00000111816:2(@)Loc707   chr6_116031587_C_T_b38   1.759e-03 3.418e-01    3.418e-01      6.013e-04
ENSG00000111816:2(@)Loc707   chr6_116033428_C_T_b38   1.759e-03 3.070e-01    3.070e-01      5.401e-04
ENSG00000112339:1(@)Loc719   chr6_135090090_T_C_b38   1.945e-02 1.140e-01    1.140e-01      2.217e-03
ENSG00000112339:1(@)Loc719   chr6_135097880_T_C_b38   5.078e-02 3.456e-03    3.456e-03      1.755e-04
ENSG00000112339:1(@)Loc719   chr6_135105435_A_G_b38   5.692e-03 3.475e-02    3.474e-02      1.977e-04
ENSG00000112339:1(@)Loc719   chr6_135106006_C_A_b38   3.260e-03 9.210e-02    9.208e-02      3.002e-04
ENSG00000146386:1(@)Loc722   chr6_139028014_A_C_b38   7.476e-01 9.643e-03    9.641e-03      7.208e-03
ENSG00000164849:1(@)Loc744   chr7_1044141_A_G_b38   7.638e-02 8.097e-03    8.095e-03      6.183e-04
ENSG00000224079:1(@)Loc744   chr7_1072322_G_C_b38   1.567e-01 8.633e-04    8.632e-04      1.353e-04
ENSG00000224079:1(@)Loc744   chr7_1074376_C_T_b38   2.550e-01 9.155e-04    9.153e-04      2.335e-04
ENSG00000224079:1(@)Loc744   chr7_1074387_C_A_b38   2.550e-01 9.155e-04    9.153e-04      2.335e-04
ENSG00000105928:2(@)Loc763   chr7_24758145_T_C_b38   4.854e-02 5.316e-03    5.315e-03      2.580e-04
ENSG00000015520:2(@)Loc774   chr7_44542387_T_C_b38   1.464e-03 1.236e-01    1.236e-01      1.810e-04
ENSG00000015520:2(@)Loc774   chr7_44542732_A_G_b38   1.426e-03 8.526e-01    8.526e-01      1.215e-03
ENSG00000136271:1(@)Loc774   chr7_44561096_G_A_b38   7.401e-03 1.719e-02    1.718e-02      1.272e-04
ENSG00000253390:1(@)Loc865   chr8_23444651_A_G_b38   8.244e-02 2.043e-03    2.043e-03      1.684e-04
ENSG00000147454:2(@)Loc865   chr8_23532058_T_C_b38   2.336e-03 6.465e-02    6.464e-02      1.510e-04
ENSG00000164695:1(@)Loc899   chr8_81732207_G_A_b38   9.996e-01 1.417e-04    1.417e-04      1.416e-04
ENSG00000280193:1(@)Loc899   chr8_81732207_G_A_b38   7.584e-01 1.417e-04    1.417e-04      1.075e-04
ENSG00000155158:2(@)Loc948   chr9_15301110_A_G_b38   6.969e-02 1.493e-03    1.493e-03      1.040e-04
ENSG00000273226:1(@)Loc950   chr9_19375840_TGGTATCCACTAAAACTA_T_b38   7.390e-01 6.737e-04    6.736e-04      4.978e-04
ENSG00000273226:1(@)Loc950   chr9_19376260_G_C_b38   1.946e-01 7.041e-04    7.039e-04      1.369e-04
ENSG00000177076:3(@)Loc950   chr9_19406180_C_T_b38   3.060e-03 9.418e-02    9.417e-02      2.881e-04
ENSG00000230074:2(@)Loc962   chr9_34674765_G_A_b38   5.556e-02 2.516e-03    2.516e-03      1.398e-04
ENSG00000230074:1(@)Loc962   chr9_34677541_T_C_b38   6.789e-01 1.514e-04    1.513e-04      1.027e-04
ENSG00000106771:1(@)Loc990   chr9_109119576_T_C_b38   5.108e-01 3.777e-04    3.776e-04      1.929e-04
ENSG00000160447:1(@)Loc1001   chr9_128703202_C_G_b38   3.500e-01 7.571e-04    7.569e-04      2.649e-04
ENSG00000160447:1(@)Loc1001   chr9_128704210_G_T_b38   3.138e-01 8.780e-04    8.778e-04      2.754e-04
ENSG00000160447:1(@)Loc1001   chr9_128706461_G_A_b38   1.950e-01 9.090e-04    9.088e-04      1.772e-04
ENSG00000057608:1(@)Loc1015   chr10_5757650_A_G_b38   8.305e-02 5.233e-03    5.232e-03      4.345e-04
ENSG00000057608:1(@)Loc1015   chr10_5813440_G_C_b38   4.471e-01 2.870e-03    2.869e-03      1.283e-03
ENSG00000229124:1(@)Loc1023   chr10_17218291_A_G_b38   5.583e-04 4.054e-01    4.054e-01      2.263e-04
ENSG00000148690:2(@)Loc1069   chr10_93702832_G_C_b38   6.665e-01 1.540e-04    1.539e-04      1.026e-04
ENSG00000138161:1(@)Loc1086   chr10_122850511_G_A_b38   1.279e-01 1.514e-03    1.514e-03      1.937e-04
ENSG00000255624:1(@)Loc1086   chr10_122882495_T_A_b38   6.073e-02 2.729e-03    2.728e-03      1.657e-04
ENSG00000119965:1(@)Loc1086   chr10_122933070_A_G_b38   1.393e-01 7.864e-02    7.863e-02      1.095e-02
ENSG00000119965:1(@)Loc1086   chr10_122934071_G_T_b38   1.530e-01 2.031e-03    2.031e-03      3.107e-04
ENSG00000119965:1(@)Loc1086   chr10_122945179_C_T_b38   6.311e-01 1.623e-03    1.622e-03      1.024e-03
ENSG00000179119:1(@)Loc1107   chr11_18611437_T_C_b38   4.557e-03 7.889e-02    7.889e-02      3.595e-04
ENSG00000179119:1(@)Loc1107   chr11_18634724_C_T_b38   1.640e-01 9.211e-01    9.211e-01      1.510e-01
ENSG00000175224:1(@)Loc1122   chr11_46618032_G_A_b38   5.568e-01 2.380e-04    2.379e-04      1.325e-04
ENSG00000243802:2(@)Loc1123   chr11_47187921_G_A_b38   3.847e-02 3.544e-03    3.543e-03      1.363e-04
ENSG00000243802:2(@)Loc1123   chr11_47191566_G_A_b38   1.222e-01 1.338e-03    1.338e-03      1.634e-04
ENSG00000134824:2(@)Loc1128   chr11_61802358_C_T_b38   7.406e-03 1.637e-02    1.636e-02      1.212e-04
ENSG00000134824:2(@)Loc1128   chr11_61804006_T_C_b38   7.406e-03 3.634e-02    3.634e-02      2.691e-04
ENSG00000134824:2(@)Loc1128   chr11_61830500_A_G_b38   9.492e-03 2.963e-01    2.963e-01      2.812e-03
ENSG00000134824:2(@)Loc1128   chr11_61837342_C_A_b38   1.326e-03 2.241e-01    2.241e-01      2.971e-04
ENSG00000134825:2(@)Loc1128   chr11_61790331_T_C_b38   1.113e-02 3.373e-02    3.372e-02      3.752e-04
ENSG00000134825:2(@)Loc1128   chr11_61804006_T_C_b38   2.883e-03 3.634e-02    3.634e-02      1.047e-04
ENSG00000149485:2(@)Loc1128   chr11_61830500_A_G_b38   1.433e-03 2.963e-01    2.963e-01      4.246e-04
ENSG00000149485:2(@)Loc1128   chr11_61837342_C_A_b38   5.643e-04 2.241e-01    2.241e-01      1.265e-04
ENSG00000173327:1(@)Loc1130   chr11_65613445_G_A_b38   6.687e-01 1.621e-03    1.620e-03      1.084e-03
ENSG00000173327:1(@)Loc1130   chr11_65622419_G_C_b38   1.018e-01 1.797e-03    1.797e-03      1.829e-04
ENSG00000254470:1(@)Loc1130   chr11_65779862_G_A_b38   2.706e-01 4.775e-04    4.774e-04      1.292e-04
ENSG00000255435:1(@)Loc1165   chr11_118545538_C_T_b38   4.283e-03 6.732e-02    6.731e-02      2.883e-04
ENSG00000118096:1(@)Loc1165   chr11_118573229_G_A_b38   2.552e-01 9.511e-04    9.509e-04      2.427e-04
ENSG00000154127:1(@)Loc1168   chr11_122655793_A_C_b38   1.825e-02 6.102e-03    6.101e-03      1.114e-04
ENSG00000154127:1(@)Loc1168   chr11_122655893_C_T_b38   1.502e-02 6.721e-03    6.720e-03      1.010e-04
ENSG00000110080:2(@)Loc1171   chr11_126348646_A_G_b38   2.598e-03 8.003e-02    8.002e-02      2.079e-04
ENSG00000110080:2(@)Loc1171   chr11_126358764_T_G_b38   3.628e-03 9.467e-02    9.466e-02      3.434e-04
ENSG00000157895:2(@)Loc1252   chr12_120993422_G_A_b38   4.873e-03 5.457e-02    5.456e-02      2.659e-04
ENSG00000250091:1(@)Loc1253   chr12_123935181_C_T_b38   7.719e-02 1.912e-02    1.912e-02      1.476e-03
ENSG00000179195:1(@)Loc1253   chr12_123980289_G_T_b38   7.700e-03 2.361e-02    2.360e-02      1.817e-04
ENSG00000119242:1(@)Loc1253   chr12_123971893_AC_A_b38   6.730e-01 2.854e-04    2.853e-04      1.920e-04
ENSG00000139618:3(@)Loc1270   chr13_32362509_T_C_b38   8.638e-03 2.657e-01    2.657e-01      2.295e-03
ENSG00000139618:3(@)Loc1270   chr13_32379251_T_C_b38   1.193e-02 4.971e-01    4.971e-01      5.932e-03
ENSG00000139618:3(@)Loc1270   chr13_32394470_A_G_b38   1.193e-02 2.098e-01    2.098e-01      2.503e-03
ENSG00000274330:1(@)Loc1354   chr14_70224238_T_C_b38   2.486e-02 4.683e-02    4.682e-02      1.164e-03
ENSG00000258792:1(@)Loc1367   chr14_89642375_A_C_b38   1.465e-01 1.615e-03    1.615e-03      2.366e-04
ENSG00000198668:1(@)Loc1367   chr14_90398939_T_C_b38   3.770e-01 4.055e-04    4.055e-04      1.528e-04
ENSG00000187581:3(@)Loc1370   chr14_94329155_A_G_b38   7.956e-04 2.715e-01    2.715e-01      2.160e-04
ENSG00000187581:3(@)Loc1370   chr14_94347065_A_G_b38   1.516e-03 1.246e-01    1.245e-01      1.888e-04
ENSG00000258581:1(@)Loc1374   chr14_100359923_G_C_b38   6.477e-02 2.478e-03    2.478e-03      1.605e-04
ENSG00000258581:1(@)Loc1374   chr14_100365498_C_T_b38   1.645e-01 8.455e-04    8.453e-04      1.390e-04
ENSG00000258581:1(@)Loc1374   chr14_100365945_C_G_b38   3.542e-01 6.490e-04    6.488e-04      2.298e-04
ENSG00000258666:1(@)Loc1374   chr14_100344256_G_T_b38   1.689e-01 9.061e-04    9.059e-04      1.530e-04
ENSG00000258666:1(@)Loc1374   chr14_100354199_A_G_b38   5.128e-01 3.039e-03    3.038e-03      1.558e-03
ENSG00000176473:1(@)Loc1374   chr14_100393723_C_G_b38   1.151e-01 1.463e-03    1.462e-03      1.684e-04
ENSG00000176473:1(@)Loc1374   chr14_100395309_C_T_b38   2.061e-01 1.962e-03    1.961e-03      4.042e-04
ENSG00000176473:1(@)Loc1374   chr14_100403041_T_TC_b38   2.067e-01 6.417e-04    6.415e-04      1.326e-04
ENSG00000178761:1(@)Loc1413   chr15_74907551_A_G_b38   4.810e-02 2.550e-03    2.549e-03      1.226e-04
ENSG00000178802:1(@)Loc1413   chr15_74893329_A_G_b38   1.444e-01 6.948e-04    6.947e-04      1.003e-04
ENSG00000178802:1(@)Loc1413   chr15_74897589_A_G_b38   9.270e-02 3.306e-03    3.306e-03      3.064e-04
ENSG00000183793:1(@)Loc1443   chr16_15036083_C_T_b38   9.355e-01 1.656e-04    1.656e-04      1.549e-04
ENSG00000103510:2(@)Loc1452   chr16_31106092_C_T_b38   2.513e-02 4.297e-03    4.296e-03      1.080e-04
ENSG00000103510:2(@)Loc1452   chr16_31118574_A_G_b38   7.662e-02 1.114e-02    1.114e-02      8.532e-04
ENSG00000103510:2(@)Loc1452   chr16_31120293_A_G_b38   6.438e-02 7.036e-03    7.035e-03      4.529e-04
ENSG00000103510:2(@)Loc1452   chr16_31126391_C_T_b38   2.230e-02 9.600e-03    9.598e-03      2.140e-04
ENSG00000103510:2(@)Loc1452   chr16_31130672_C_T_b38   1.587e-02 7.702e-03    7.701e-03      1.222e-04
ENSG00000167394:1(@)Loc1452   chr16_31074149_T_C_b38   7.531e-02 4.458e-03    4.458e-03      3.357e-04
ENSG00000262766:1(@)Loc1452   chr16_31118574_A_G_b38   1.419e-02 1.114e-02    1.114e-02      1.580e-04
ENSG00000091640:1(@)Loc1487   chr17_4967598_G_A_b38   4.328e-01 3.227e-04    3.226e-04      1.396e-04
ENSG00000091640:1(@)Loc1487   chr17_4968223_T_C_b38   4.328e-01 2.673e-04    2.673e-04      1.157e-04
ENSG00000178977:1(@)Loc1489   chr17_8222223_A_G_b38   1.926e-02 1.010e-01    1.010e-01      1.944e-03
ENSG00000178977:1(@)Loc1489   chr17_8225842_A_G_b38   1.601e-02 1.650e-01    1.650e-01      2.642e-03
ENSG00000178977:1(@)Loc1489   chr17_8257831_C_T_b38   7.441e-04 2.908e-01    2.908e-01      2.164e-04
ENSG00000260777:1(@)Loc1499   chr17_28265920_T_C_b38   5.099e-02 3.655e-03    3.654e-03      1.863e-04
ENSG00000167525:1(@)Loc1499   chr17_28711396_CCCCCGGCCCTAGCTCCG_C_b38   7.828e-01 8.894e-04    8.892e-04      6.960e-04
ENSG00000167525:1(@)Loc1499   chr17_28711515_G_A_b38   1.182e-01 1.012e-03    1.012e-03      1.197e-04
ENSG00000266490:1(@)Loc1500   chr17_30791163_C_T_b38   8.143e-01 2.647e-04    2.646e-04      2.155e-04
ENSG00000108785:1(@)Loc1507   chr17_42545764_CAAT_C_b38   1.646e-01 7.545e-04    7.544e-04      1.242e-04
ENSG00000108785:1(@)Loc1507   chr17_42545768_CCCCTTGCCT_C_b38   3.641e-01 7.545e-04    7.544e-04      2.746e-04
ENSG00000182963:1(@)Loc1508   chr17_44826427_G_A_b38   2.244e-01 4.869e-04    4.868e-04      1.092e-04
ENSG00000263293:1(@)Loc1509   chr17_47314438_T_C_b38   1.519e-02 4.905e-01    4.905e-01      7.451e-03
ENSG00000178852:2(@)Loc1509   chr17_47314438_T_C_b38   7.534e-04 4.905e-01    4.905e-01      3.696e-04
ENSG00000178852:2(@)Loc1509   chr17_47361586_C_T_b38   2.249e-03 5.009e-01    5.009e-01      1.127e-03
ENSG00000141295:1(@)Loc1510   chr17_47838029_T_C_b38   9.707e-01 7.816e-04    7.814e-04      7.585e-04
ENSG00000132478:2(@)Loc1524   chr17_75786110_T_C_b38   1.504e-03 3.861e-01    3.860e-01      5.804e-04
ENSG00000263916:1(@)Loc1556   chr18_49480864_G_A_b38   7.098e-02 1.172e-02    1.172e-02      8.318e-04
ENSG00000119537:2(@)Loc1564   chr18_63367187_T_G_b38   8.261e-01 2.180e-04    2.180e-04      1.800e-04
ENSG00000099821:1(@)Loc1579   chr19_636375_A_G_b38   9.903e-01 2.900e-04    2.900e-04      2.872e-04
ENSG00000116014:1(@)Loc1579   chr19_949281_A_G_b38   4.985e-01 2.851e-04    2.850e-04      1.421e-04
ENSG00000116014:1(@)Loc1579   chr19_949284_G_A_b38   4.985e-01 2.851e-04    2.850e-04      1.421e-04
ENSG00000172006:1(@)Loc1580   chr19_2820107_G_A_b38   9.459e-01 1.284e-04    1.284e-04      1.215e-04
ENSG00000269243:1(@)Loc1590   chr19_16139785_G_A_b38   3.492e-01 5.595e-04    5.594e-04      1.954e-04
ENSG00000129933:1(@)Loc1592   chr19_19296909_T_C_b38   2.660e-03 1.000e+00    1.000e+00      2.660e-03
ENSG00000130208:2(@)Loc1608   chr19_44912383_G_A_b38   3.465e-03 3.333e-01    3.333e-01      1.155e-03
ENSG00000274414:1(@)Loc1634   chr20_25245556_A_G_b38   1.290e-01 8.888e-04    8.887e-04      1.146e-04
ENSG00000126001:1(@)Loc1637   chr20_35458678_G_A_b38   1.631e-02 9.136e-02    9.134e-02      1.490e-03
ENSG00000125991:1(@)Loc1637   chr20_35540122_G_A_b38   1.252e-02 2.297e-02    2.297e-02      2.874e-04
ENSG00000224497:2(@)Loc1637   chr20_35566823_C_T_b38   2.619e-04 5.424e-01    5.423e-01      1.421e-04
ENSG00000224497:1(@)Loc1637   chr20_35540122_G_A_b38   1.646e-02 2.297e-02    2.297e-02      3.779e-04
ENSG00000224497:1(@)Loc1637   chr20_35544211_T_C_b38   1.605e-01 1.643e-03    1.642e-03      2.637e-04
ENSG00000224497:1(@)Loc1637   chr20_35544511_C_T_b38   4.043e-01 1.429e-03    1.429e-03      5.776e-04
ENSG00000224497:1(@)Loc1637   chr20_35545280_A_G_b38   1.270e-01 1.643e-03    1.642e-03      2.085e-04
ENSG00000244462:2(@)Loc1637   chr20_35655095_C_T_b38   1.054e-02 1.261e-02    1.261e-02      1.329e-04
ENSG00000182362:1(@)Loc1678   chr21_46306418_C_G_b38   9.989e-01 6.474e-04    6.472e-04      6.465e-04
ENSG00000100281:1(@)Loc1692   chr22_35257480_C_T_b38   5.962e-02 3.242e-03    3.242e-03      1.933e-04
ENSG00000205643:1(@)Loc1699   chr22_46233582_A_G_b38   2.144e-03 4.925e-01    4.924e-01      1.055e-03
ENSG00000100299:1(@)Loc1702   chr22_50625049_T_C_b38   9.903e-01 2.623e-04    2.622e-04      2.597e-04
