Signal	SNP	PIP_qtl	PIP_gwas_marginal	PIP_gwas_qtl_prior	SCP
ENSG00000182873:1(@)Loc2   chr1_2189679_C_T_b38   6.816e-01 3.918e-04    3.918e-04      2.671e-04
ENSG00000204178:1(@)Loc18   chr1_25432164_G_A_b38   3.647e-03 3.203e-02    3.203e-02      1.168e-04
ENSG00000204178:1(@)Loc18   chr1_25434429_C_T_b38   1.011e-03 2.652e-01    2.652e-01      2.681e-04
ENSG00000204178:1(@)Loc18   chr1_25434800_T_C_b38   1.116e-03 2.326e-01    2.326e-01      2.595e-04
ENSG00000204178:1(@)Loc18   chr1_25442446_A_G_b38   3.024e-04 4.469e-01    4.469e-01      1.351e-04
ENSG00000188672:2(@)Loc18   chr1_25434429_C_T_b38   2.454e-03 2.652e-01    2.652e-01      6.507e-04
ENSG00000188672:2(@)Loc18   chr1_25434800_T_C_b38   2.133e-03 2.326e-01    2.326e-01      4.960e-04
ENSG00000188672:2(@)Loc18   chr1_25442446_A_G_b38   4.865e-04 4.469e-01    4.469e-01      2.174e-04
ENSG00000142765:1(@)Loc19   chr1_27342119_C_T_b38   9.395e-01 2.436e-04    2.436e-04      2.288e-04
ENSG00000278967:1(@)Loc39   chr1_62608304_C_T_b38   1.557e-02 1.961e-02    1.961e-02      3.054e-04
ENSG00000278967:1(@)Loc39   chr1_62610155_G_A_b38   8.283e-03 1.672e-02    1.672e-02      1.385e-04
ENSG00000278967:1(@)Loc39   chr1_62628536_A_G_b38   9.895e-04 1.193e-01    1.193e-01      1.180e-04
ENSG00000278967:1(@)Loc39   chr1_62629021_A_G_b38   9.895e-04 1.080e-01    1.080e-01      1.069e-04
ENSG00000122484:1(@)Loc56   chr1_92249650_C_T_b38   1.544e-02 5.023e-02    5.023e-02      7.754e-04
ENSG00000122484:1(@)Loc56   chr1_92326255_G_T_b38   1.478e-02 1.529e-02    1.529e-02      2.260e-04
ENSG00000122484:1(@)Loc56   chr1_92332474_G_T_b38   1.478e-02 7.249e-03    7.250e-03      1.072e-04
ENSG00000162676:1(@)Loc56   chr1_92527990_A_C_b38   8.412e-04 3.886e-01    3.886e-01      3.269e-04
ENSG00000162676:1(@)Loc56   chr1_92528250_C_T_b38   8.412e-04 3.131e-01    3.131e-01      2.634e-04
ENSG00000134222:2(@)Loc67   chr1_109274968_G_T_b38   2.673e-02 4.071e-01    4.071e-01      1.088e-02
ENSG00000134222:2(@)Loc67   chr1_109275908_C_T_b38   1.426e-02 5.928e-01    5.928e-01      8.453e-03
ENSG00000263956:1(@)Loc73   chr1_148136511_C_G_b38   9.318e-01 1.252e-04    1.252e-04      1.167e-04
ENSG00000169241:1(@)Loc77   chr1_155157915_G_A_b38   3.921e-03 2.587e-02    2.588e-02      1.015e-04
ENSG00000169231:1(@)Loc77   chr1_155208991_T_A_b38   7.628e-01 2.331e-04    2.332e-04      1.779e-04
ENSG00000160781:1(@)Loc77   chr1_156249659_A_G_b38   2.282e-01 1.163e-03    1.163e-03      2.654e-04
ENSG00000160781:1(@)Loc77   chr1_156250265_T_C_b38   2.568e-01 1.163e-03    1.163e-03      2.987e-04
ENSG00000160781:1(@)Loc77   chr1_156254935_A_C_b38   8.944e-02 1.163e-03    1.163e-03      1.040e-04
ENSG00000160781:1(@)Loc77   chr1_156255004_C_T_b38   1.280e-01 1.304e-03    1.304e-03      1.669e-04
ENSG00000198952:1(@)Loc77   chr1_156274030_C_T_b38   1.420e-01 1.371e-03    1.371e-03      1.947e-04
ENSG00000198952:1(@)Loc77   chr1_156275454_T_C_b38   1.420e-01 7.538e-04    7.539e-04      1.070e-04
ENSG00000198952:1(@)Loc77   chr1_156276682_G_C_b38   1.420e-01 1.357e-03    1.357e-03      1.927e-04
ENSG00000198952:1(@)Loc77   chr1_156279714_A_G_b38   2.576e-01 9.874e-04    9.875e-04      2.544e-04
ENSG00000283317:1(@)Loc80   chr1_161440668_A_G_b38   6.178e-01 3.851e-02    3.851e-02      2.379e-02
ENSG00000203747:1(@)Loc80   chr1_161547895_C_A_b38   2.817e-02 1.122e-02    1.122e-02      3.161e-04
ENSG00000203747:1(@)Loc80   chr1_161548543_A_T_b38   2.175e-01 1.110e-02    1.110e-02      2.414e-03
ENSG00000203747:1(@)Loc80   chr1_161551141_C_T_b38   1.296e-01 1.573e-02    1.573e-02      2.038e-03
ENSG00000203747:1(@)Loc80   chr1_161559200_A_G_b38   1.002e-02 7.139e-02    7.140e-02      7.156e-04
ENSG00000203747:1(@)Loc80   chr1_161572556_C_T_b38   1.572e-02 2.376e-02    2.377e-02      3.736e-04
ENSG00000225217:1(@)Loc80   chr1_161595591_A_G_b38   9.934e-01 2.952e-04    2.952e-04      2.932e-04
ENSG00000244682:1(@)Loc80   chr1_161595591_A_G_b38   9.999e-01 2.952e-04    2.952e-04      2.952e-04
ENSG00000162746:2(@)Loc80   chr1_161715801_C_T_b38   1.842e-01 8.894e-04    8.895e-04      1.638e-04
ENSG00000162746:1(@)Loc80   chr1_161727208_C_G_b38   6.758e-01 2.435e-04    2.436e-04      1.646e-04
ENSG00000281920:2(@)Loc174   chr2_65624002_C_T_b38   1.766e-01 7.230e-04    7.231e-04      1.277e-04
ENSG00000281920:2(@)Loc174   chr2_65628246_C_A_b38   1.356e-01 1.964e-03    1.964e-03      2.664e-04
ENSG00000071082:1(@)Loc190   chr2_101001757_A_G_b38   1.606e-01 1.980e-03    1.980e-03      3.180e-04
ENSG00000071082:1(@)Loc190   chr2_101025798_A_G_b38   7.243e-03 1.520e-01    1.520e-01      1.101e-03
ENSG00000223947:1(@)Loc190   chr2_101025798_A_G_b38   1.181e-03 1.520e-01    1.520e-01      1.796e-04
ENSG00000088205:2(@)Loc201   chr2_117819143_T_C_b38   2.987e-03 2.115e-01    2.115e-01      6.319e-04
ENSG00000236255:2(@)Loc201   chr2_117819143_T_C_b38   1.279e-03 2.115e-01    2.115e-01      2.704e-04
ENSG00000176601:2(@)Loc212   chr2_135004774_C_T_b38   8.807e-04 5.382e-01    5.383e-01      4.740e-04
ENSG00000233579:2(@)Loc252   chr2_202843584_A_G_b38   3.592e-03 4.580e-01    4.580e-01      1.645e-03
ENSG00000163596:1(@)Loc252   chr2_202843584_A_G_b38   2.306e-04 4.580e-01    4.580e-01      1.056e-04
ENSG00000138442:2(@)Loc252   chr2_202843584_A_G_b38   3.210e-04 4.580e-01    4.580e-01      1.470e-04
ENSG00000138363:1(@)Loc259   chr2_215325931_C_T_b38   1.091e-01 6.364e-03    6.365e-03      6.942e-04
ENSG00000185038:2(@)Loc269   chr2_233775399_C_A_b38   4.757e-01 2.182e-04    2.182e-04      1.038e-04
ENSG00000164088:2(@)Loc312   chr3_52245578_G_A_b38   9.435e-01 1.184e-03    1.184e-03      1.117e-03
ENSG00000114904:1(@)Loc312   chr3_52771077_A_G_b38   2.785e-01 1.336e-03    1.336e-03      3.722e-04
ENSG00000255154:1(@)Loc316   chr3_58308140_G_A_b38   1.670e-02 1.853e-01    1.853e-01      3.095e-03
ENSG00000168297:4(@)Loc316   chr3_58308140_G_A_b38   1.043e-03 1.853e-01    1.853e-01      1.932e-04
ENSG00000160124:1(@)Loc352   chr3_122381494_A_G_b38   8.592e-02 1.798e-03    1.798e-03      1.545e-04
ENSG00000160124:1(@)Loc352   chr3_122385275_A_G_b38   5.113e-02 4.533e-03    4.534e-03      2.318e-04
ENSG00000160124:1(@)Loc352   chr3_122387538_G_A_b38   2.596e-02 5.759e-03    5.759e-03      1.495e-04
ENSG00000160124:1(@)Loc352   chr3_122431007_C_T_b38   3.732e-03 3.058e-02    3.058e-02      1.141e-04
ENSG00000196981:2(@)Loc352   chr3_122416042_T_A_b38   1.486e-01 1.627e-02    1.627e-02      2.417e-03
ENSG00000196981:2(@)Loc352   chr3_122423056_C_G_b38   4.321e-02 4.278e-03    4.279e-03      1.849e-04
ENSG00000196981:2(@)Loc352   chr3_122431007_C_T_b38   1.079e-02 3.058e-02    3.058e-02      3.298e-04
ENSG00000272758:1(@)Loc352   chr3_122422288_C_T_b38   1.641e-01 7.325e-04    7.326e-04      1.202e-04
ENSG00000272758:1(@)Loc352   chr3_122426477_C_T_b38   1.663e-02 4.409e-02    4.410e-02      7.334e-04
ENSG00000114030:1(@)Loc352   chr3_122514621_T_C_b38   2.828e-01 3.638e-04    3.638e-04      1.029e-04
ENSG00000138496:1(@)Loc352   chr3_122563722_T_C_b38   3.544e-01 3.613e-04    3.614e-04      1.281e-04
ENSG00000138496:1(@)Loc352   chr3_122564248_G_A_b38   4.394e-01 3.613e-04    3.614e-04      1.588e-04
ENSG00000138496:2(@)Loc352   chr3_122566371_CT_C_b38   4.380e-02 3.588e-03    3.589e-03      1.572e-04
ENSG00000138246:2(@)Loc358   chr3_132444356_G_T_b38   1.163e-03 3.659e-01    3.659e-01      4.255e-04
ENSG00000138246:2(@)Loc358   chr3_132500710_T_C_b38   1.125e-03 2.690e-01    2.691e-01      3.027e-04
ENSG00000109758:3(@)Loc402   chr4_3442776_G_A_b38   8.554e-01 1.613e-04    1.614e-04      1.380e-04
ENSG00000138823:2(@)Loc464   chr4_99563386_G_A_b38   7.693e-03 4.825e-02    4.825e-02      3.712e-04
ENSG00000225138:2(@)Loc521   chr5_520148_G_A_b38   8.024e-01 5.377e-04    5.378e-04      4.316e-04
ENSG00000066230:2(@)Loc521   chr5_520148_G_A_b38   6.703e-01 5.377e-04    5.378e-04      3.605e-04
ENSG00000066230:2(@)Loc521   chr5_524657_A_G_b38   2.762e-01 1.164e-03    1.164e-03      3.215e-04
ENSG00000164300:1(@)Loc567   chr5_80160264_T_C_b38   9.925e-01 1.240e-04    1.240e-04      1.231e-04
ENSG00000151292:3(@)Loc595   chr5_123519722_G_A_b38   1.800e-04 9.999e-01    9.999e-01      1.800e-04
ENSG00000113716:1(@)Loc608   chr5_150022033_T_C_b38   5.204e-01 6.460e-04    6.461e-04      3.362e-04
ENSG00000145850:2(@)Loc612   chr5_156960126_G_C_b38   2.223e-03 1.655e-01    1.655e-01      3.679e-04
ENSG00000145850:2(@)Loc612   chr5_156963286_T_C_b38   1.135e-02 8.308e-01    8.308e-01      9.431e-03
ENSG00000113272:1(@)Loc613   chr5_157731406_C_A_b38   3.898e-01 1.387e-03    1.387e-03      5.409e-04
ENSG00000007944:1(@)Loc643   chr6_16108932_A_C_b38   1.311e-03 2.038e-01    2.038e-01      2.673e-04
ENSG00000272221:1(@)Loc655   chr6_31386727_C_T_b38   7.387e-04 1.892e-01    1.892e-01      1.398e-04
ENSG00000272221:1(@)Loc655   chr6_31386783_C_T_b38   7.387e-04 2.057e-01    2.057e-01      1.519e-04
ENSG00000272221:1(@)Loc655   chr6_31393708_T_C_b38   5.754e-03 4.998e-01    4.998e-01      2.876e-03
ENSG00000204267:2(@)Loc657   chr6_32821703_A_G_b38   3.983e-03 2.346e-01    2.347e-01      9.347e-04
ENSG00000204267:2(@)Loc657   chr6_32828908_A_G_b38   1.010e-02 1.376e-01    1.376e-01      1.390e-03
ENSG00000204267:2(@)Loc657   chr6_32828974_T_C_b38   1.022e-02 1.416e-01    1.416e-01      1.447e-03
ENSG00000204267:2(@)Loc657   chr6_32829190_G_A_b38   8.917e-03 2.575e-02    2.575e-02      2.297e-04
ENSG00000204267:2(@)Loc657   chr6_32829584_C_T_b38   3.461e-03 1.951e-01    1.951e-01      6.751e-04
ENSG00000196821:1(@)Loc658   chr6_34609480_A_G_b38   1.419e-02 1.939e-02    1.940e-02      2.753e-04
ENSG00000196821:1(@)Loc658   chr6_34651116_G_A_b38   6.455e-03 2.224e-02    2.224e-02      1.436e-04
ENSG00000196821:1(@)Loc658   chr6_34695821_C_T_b38   8.439e-02 2.711e-02    2.712e-02      2.288e-03
ENSG00000196821:1(@)Loc658   chr6_34697901_C_CAA_b38   2.234e-01 4.642e-04    4.643e-04      1.037e-04
ENSG00000124713:2(@)Loc663   chr6_42964977_C_T_b38   1.692e-02 7.483e-02    7.484e-02      1.266e-03
ENSG00000112640:1(@)Loc663   chr6_42964977_C_T_b38   4.457e-02 7.483e-02    7.484e-02      3.336e-03
ENSG00000124587:1(@)Loc663   chr6_42978752_C_A_b38   4.242e-01 4.815e-04    4.815e-04      2.043e-04
ENSG00000124587:1(@)Loc663   chr6_42979205_G_A_b38   4.242e-01 5.400e-04    5.401e-04      2.291e-04
ENSG00000261116:1(@)Loc670   chr6_54942824_T_A_b38   5.429e-01 1.842e-04    1.842e-04      1.000e-04
ENSG00000111816:2(@)Loc707   chr6_116031587_C_T_b38   2.550e-03 3.418e-01    3.418e-01      8.717e-04
ENSG00000111816:2(@)Loc707   chr6_116033428_C_T_b38   2.550e-03 3.070e-01    3.071e-01      7.830e-04
ENSG00000105877:2(@)Loc761   chr7_21567734_T_C_b38   5.831e-04 8.987e-01    8.987e-01      5.241e-04
ENSG00000211698:2(@)Loc770   chr7_38352734_C_A_b38   6.605e-01 2.662e-04    2.663e-04      1.759e-04
ENSG00000015520:1(@)Loc774   chr7_44542387_T_C_b38   1.444e-03 1.236e-01    1.236e-01      1.785e-04
ENSG00000015520:1(@)Loc774   chr7_44542732_A_G_b38   1.540e-03 8.526e-01    8.526e-01      1.313e-03
ENSG00000272950:2(@)Loc802   chr7_98300261_TC_T_b38   5.123e-02 3.482e-03    3.482e-03      1.784e-04
ENSG00000272950:2(@)Loc802   chr7_98312758_C_CTG_b38   3.438e-02 4.212e-03    4.212e-03      1.448e-04
ENSG00000272950:2(@)Loc802   chr7_98316987_C_CT_b38   1.333e-01 4.212e-03    4.212e-03      5.615e-04
ENSG00000272950:2(@)Loc802   chr7_98320502_C_T_b38   2.053e-01 4.212e-03    4.212e-03      8.649e-04
ENSG00000272950:2(@)Loc802   chr7_98322009_C_T_b38   3.530e-01 4.854e-03    4.854e-03      1.714e-03
ENSG00000272950:2(@)Loc802   chr7_98345539_G_A_b38   4.025e-02 4.584e-03    4.585e-03      1.846e-04
ENSG00000231210:1(@)Loc812   chr7_116607047_A_G_b38   8.390e-02 1.238e-03    1.238e-03      1.039e-04
ENSG00000233609:1(@)Loc852   chr8_8961676_T_A_b38   5.972e-01 2.636e-03    2.636e-03      1.574e-03
ENSG00000233609:1(@)Loc852   chr8_8964127_A_G_b38   1.736e-01 1.295e-03    1.295e-03      2.249e-04
ENSG00000158856:1(@)Loc864   chr8_22049068_AGGGGCC_A_b38   9.999e-01 2.020e-04    2.021e-04      2.020e-04
ENSG00000250031:2(@)Loc886   chr8_58399138_A_G_b38   3.972e-04 2.748e-01    2.748e-01      1.092e-04
ENSG00000250031:2(@)Loc886   chr8_58440975_C_T_b38   9.975e-04 4.009e-01    4.009e-01      3.999e-04
ENSG00000250031:2(@)Loc886   chr8_58473360_C_T_b38   3.462e-04 3.243e-01    3.243e-01      1.123e-04
ENSG00000156795:2(@)Loc921   chr8_123417155_A_G_b38   7.103e-01 1.513e-04    1.513e-04      1.075e-04
ENSG00000008513:1(@)Loc929   chr8_133559599_G_A_b38   2.179e-01 2.489e-03    2.489e-03      5.424e-04
ENSG00000008513:1(@)Loc929   chr8_133560907_G_C_b38   3.886e-01 4.683e-04    4.683e-04      1.820e-04
ENSG00000186583:1(@)Loc935   chr8_143948489_G_T_b38   2.703e-03 9.999e-01    9.999e-01      2.703e-03
ENSG00000178209:2(@)Loc935   chr8_143948489_G_T_b38   1.494e-03 9.999e-01    9.999e-01      1.494e-03
ENSG00000272842:1(@)Loc950   chr9_19376260_G_C_b38   2.051e-01 7.041e-04    7.042e-04      1.444e-04
ENSG00000273226:1(@)Loc950   chr9_19375840_TGGTATCCACTAAAACTA_T_b38   6.118e-01 6.737e-04    6.738e-04      4.122e-04
ENSG00000205108:1(@)Loc962   chr9_34652333_A_G_b38   1.138e-01 2.922e-03    2.923e-03      3.327e-04
ENSG00000205108:1(@)Loc962   chr9_34674765_G_A_b38   5.845e-02 2.516e-03    2.516e-03      1.471e-04
ENSG00000205108:1(@)Loc962   chr9_34684033_G_T_b38   2.480e-01 5.753e-04    5.753e-04      1.427e-04
ENSG00000230074:1(@)Loc962   chr9_34677541_T_C_b38   6.974e-01 1.514e-04    1.514e-04      1.056e-04
ENSG00000119326:1(@)Loc990   chr9_109013222_C_G_b38   3.786e-01 2.710e-04    2.710e-04      1.026e-04
ENSG00000171097:2(@)Loc1001   chr9_128892268_C_T_b38   3.193e-02 5.087e-03    5.088e-03      1.624e-04
ENSG00000198917:2(@)Loc1001   chr9_128829615_G_C_b38   2.899e-01 1.356e-03    1.356e-03      3.933e-04
ENSG00000198917:2(@)Loc1001   chr9_128892268_C_T_b38   3.614e-02 5.087e-03    5.088e-03      1.839e-04
ENSG00000198917:2(@)Loc1001   chr9_128897445_T_C_b38   3.614e-02 5.087e-03    5.088e-03      1.839e-04
ENSG00000057608:1(@)Loc1015   chr10_5813440_G_C_b38   9.819e-01 2.870e-03    2.870e-03      2.818e-03
ENSG00000229124:1(@)Loc1023   chr10_17229401_G_C_b38   8.448e-01 1.385e-04    1.386e-04      1.171e-04
ENSG00000156521:1(@)Loc1055   chr10_70146254_C_G_b38   3.054e-01 3.741e-04    3.742e-04      1.143e-04
ENSG00000138190:1(@)Loc1068   chr10_92838148_C_T_b38   3.890e-02 6.760e-03    6.761e-03      2.630e-04
ENSG00000148690:2(@)Loc1069   chr10_93702832_G_C_b38   9.100e-01 1.540e-04    1.540e-04      1.401e-04
ENSG00000138161:1(@)Loc1086   chr10_122849767_T_C_b38   7.510e-02 1.570e-03    1.571e-03      1.180e-04
ENSG00000138161:1(@)Loc1086   chr10_122850511_G_A_b38   3.481e-01 1.514e-03    1.514e-03      5.271e-04
ENSG00000119965:1(@)Loc1086   chr10_122933070_A_G_b38   1.346e-01 7.864e-02    7.865e-02      1.059e-02
ENSG00000119965:1(@)Loc1086   chr10_122934071_G_T_b38   2.054e-01 2.031e-03    2.032e-03      4.174e-04
ENSG00000119965:1(@)Loc1086   chr10_122945179_C_T_b38   2.315e-01 1.623e-03    1.623e-03      3.756e-04
ENSG00000119965:2(@)Loc1086   chr10_122953445_A_G_b38   9.853e-02 1.640e-03    1.641e-03      1.616e-04
ENSG00000175220:1(@)Loc1122   chr11_46700671_T_C_b38   5.934e-01 3.511e-04    3.511e-04      2.084e-04
ENSG00000110514:1(@)Loc1123   chr11_47272248_G_C_b38   6.728e-01 2.561e-04    2.561e-04      1.723e-04
ENSG00000168496:1(@)Loc1128   chr11_61785208_G_T_b38   2.216e-02 7.036e-03    7.036e-03      1.559e-04
ENSG00000168496:1(@)Loc1128   chr11_61790331_T_C_b38   4.841e-02 3.373e-02    3.373e-02      1.633e-03
ENSG00000168496:1(@)Loc1128   chr11_61802358_C_T_b38   2.228e-02 1.636e-02    1.636e-02      3.646e-04
ENSG00000168496:1(@)Loc1128   chr11_61804006_T_C_b38   1.114e-02 3.634e-02    3.634e-02      4.049e-04
ENSG00000168496:1(@)Loc1128   chr11_61830500_A_G_b38   2.286e-03 2.963e-01    2.963e-01      6.773e-04
ENSG00000168496:1(@)Loc1128   chr11_61837342_C_A_b38   1.806e-03 2.241e-01    2.241e-01      4.047e-04
ENSG00000168496:1(@)Loc1128   chr11_61842278_C_T_b38   7.496e-04 3.273e-01    3.273e-01      2.453e-04
ENSG00000149485:2(@)Loc1128   chr11_61830500_A_G_b38   8.241e-03 2.963e-01    2.963e-01      2.441e-03
ENSG00000149485:2(@)Loc1128   chr11_61836038_C_A_b38   1.788e-03 5.663e-02    5.663e-02      1.012e-04
ENSG00000149485:2(@)Loc1128   chr11_61837342_C_A_b38   1.987e-03 2.241e-01    2.241e-01      4.453e-04
ENSG00000149485:2(@)Loc1128   chr11_61842278_C_T_b38   8.545e-04 3.273e-01    3.273e-01      2.797e-04
ENSG00000173327:1(@)Loc1130   chr11_65613445_G_A_b38   6.151e-01 1.621e-03    1.621e-03      9.971e-04
ENSG00000173327:1(@)Loc1130   chr11_65622419_G_C_b38   1.959e-01 1.797e-03    1.797e-03      3.522e-04
ENSG00000254986:1(@)Loc1131   chr11_66480373_G_A_b38   3.750e-01 1.113e-03    1.113e-03      4.174e-04
ENSG00000174080:3(@)Loc1131   chr11_66568700_C_A_b38   1.816e-01 7.248e-04    7.249e-04      1.316e-04
ENSG00000118369:1(@)Loc1137   chr11_78211914_C_T_b38   6.805e-02 2.316e-03    2.317e-03      1.576e-04
ENSG00000118369:1(@)Loc1137   chr11_78212453_G_GT_b38   9.445e-02 2.316e-03    2.317e-03      2.188e-04
ENSG00000118369:1(@)Loc1137   chr11_78213498_G_A_b38   6.805e-02 5.978e-03    5.978e-03      4.068e-04
ENSG00000118369:1(@)Loc1137   chr11_78214268_CTGTT_C_b38   6.815e-02 2.721e-03    2.721e-03      1.854e-04
ENSG00000118369:1(@)Loc1137   chr11_78215723_A_G_b38   8.623e-02 9.457e-03    9.458e-03      8.155e-04
ENSG00000118369:1(@)Loc1137   chr11_78225120_A_G_b38   3.646e-02 3.578e-03    3.579e-03      1.305e-04
ENSG00000149582:1(@)Loc1165   chr11_118535613_CAGTGTGGA_C_b38   1.579e-01 1.599e-03    1.599e-03      2.525e-04
ENSG00000149582:1(@)Loc1165   chr11_118554704_G_T_b38   1.477e-02 2.156e-02    2.156e-02      3.185e-04
ENSG00000243431:1(@)Loc1165   chr11_118560058_A_AC_b38   1.033e-01 1.119e-03    1.119e-03      1.155e-04
ENSG00000243431:1(@)Loc1165   chr11_118578655_A_G_b38   1.664e-02 2.227e-02    2.227e-02      3.706e-04
ENSG00000118096:2(@)Loc1165   chr11_118554704_G_T_b38   3.657e-02 2.156e-02    2.156e-02      7.884e-04
ENSG00000118096:3(@)Loc1165   chr11_118578655_A_G_b38   1.485e-02 2.227e-02    2.227e-02      3.308e-04
ENSG00000154127:2(@)Loc1168   chr11_122651359_T_C_b38   9.800e-03 1.486e-02    1.486e-02      1.456e-04
ENSG00000154127:2(@)Loc1168   chr11_122651667_T_C_b38   9.800e-03 3.745e-02    3.746e-02      3.671e-04
ENSG00000154127:2(@)Loc1168   chr11_122652888_G_A_b38   1.243e-02 1.004e-02    1.004e-02      1.248e-04
ENSG00000154127:2(@)Loc1168   chr11_122655793_A_C_b38   4.327e-02 6.102e-03    6.102e-03      2.640e-04
ENSG00000154127:2(@)Loc1168   chr11_122655893_C_T_b38   6.245e-02 6.721e-03    6.721e-03      4.197e-04
ENSG00000154127:2(@)Loc1168   chr11_122656412_G_A_b38   2.170e-02 6.721e-03    6.721e-03      1.459e-04
ENSG00000154127:2(@)Loc1168   chr11_122663796_T_C_b38   2.696e-03 1.101e-01    1.101e-01      2.969e-04
ENSG00000154127:1(@)Loc1168   chr11_122688142_T_C_b38   7.404e-02 6.935e-03    6.936e-03      5.135e-04
ENSG00000154127:1(@)Loc1168   chr11_122691337_G_A_b38   3.187e-02 4.591e-03    4.592e-03      1.463e-04
ENSG00000154127:1(@)Loc1168   chr11_122692630_G_A_b38   1.259e-02 1.173e-02    1.173e-02      1.477e-04
ENSG00000154127:1(@)Loc1168   chr11_122700975_A_G_b38   7.786e-02 3.689e-03    3.690e-03      2.873e-04
ENSG00000110080:2(@)Loc1171   chr11_126358764_T_G_b38   1.330e-03 9.467e-02    9.468e-02      1.259e-04
ENSG00000110080:1(@)Loc1171   chr11_126363774_G_C_b38   8.241e-02 1.403e-03    1.403e-03      1.156e-04
ENSG00000110080:1(@)Loc1171   chr11_126372084_G_A_b38   5.834e-03 4.074e-01    4.074e-01      2.377e-03
ENSG00000110080:1(@)Loc1171   chr11_126376181_T_C_b38   5.913e-03 1.299e-01    1.299e-01      7.681e-04
ENSG00000280832:1(@)Loc1171   chr11_126363774_G_C_b38   7.347e-02 1.403e-03    1.403e-03      1.031e-04
ENSG00000280832:1(@)Loc1171   chr11_126374057_G_A_b38   1.506e-02 2.453e-01    2.453e-01      3.695e-03
ENSG00000280832:1(@)Loc1171   chr11_126376181_T_C_b38   7.729e-03 1.299e-01    1.299e-01      1.004e-03
ENSG00000280832:1(@)Loc1171   chr11_126378316_A_T_b38   1.506e-02 9.530e-03    9.531e-03      1.436e-04
ENSG00000013573:1(@)Loc1199   chr12_31073901_T_A_b38   8.477e-01 1.416e-04    1.416e-04      1.201e-04
ENSG00000110880:1(@)Loc1244   chr12_108701361_A_G_b38   4.729e-04 2.850e-01    2.850e-01      1.348e-04
ENSG00000111252:2(@)Loc1245   chr12_111446804_T_C_b38   5.230e-04 5.721e-01    5.722e-01      2.992e-04
ENSG00000157895:2(@)Loc1252   chr12_120978847_A_C_b38   5.092e-03 5.395e-01    5.395e-01      2.747e-03
ENSG00000157895:2(@)Loc1252   chr12_120979185_A_G_b38   1.357e-02 3.745e-01    3.745e-01      5.083e-03
ENSG00000157895:2(@)Loc1252   chr12_120993422_G_A_b38   2.717e-03 5.457e-02    5.457e-02      1.482e-04
ENSG00000250091:1(@)Loc1253   chr12_123935181_C_T_b38   1.549e-01 1.912e-02    1.913e-02      2.962e-03
ENSG00000250091:1(@)Loc1253   chr12_123935529_C_CAGGA_b38   1.563e-01 9.092e-04    9.093e-04      1.422e-04
ENSG00000179195:1(@)Loc1253   chr12_123964676_C_A_b38   2.294e-02 9.307e-03    9.308e-03      2.135e-04
ENSG00000179195:1(@)Loc1253   chr12_123973455_C_A_b38   3.048e-01 1.088e-03    1.089e-03      3.318e-04
ENSG00000122033:1(@)Loc1267   chr13_27423168_C_T_b38   2.895e-01 3.966e-04    3.967e-04      1.148e-04
ENSG00000274330:1(@)Loc1354   chr14_70224238_T_C_b38   4.834e-03 4.683e-02    4.684e-02      2.264e-04
ENSG00000119599:1(@)Loc1356   chr14_72926683_G_A_b38   9.994e-01 1.007e-04    1.007e-04      1.007e-04
ENSG00000275198:1(@)Loc1367   chr14_90383064_G_T_b38   7.619e-01 2.046e-04    2.046e-04      1.559e-04
ENSG00000140105:1(@)Loc1374   chr14_100354199_A_G_b38   1.148e-01 3.039e-03    3.039e-03      3.488e-04
ENSG00000140105:1(@)Loc1374   chr14_100359923_G_C_b38   5.032e-02 2.478e-03    2.479e-03      1.247e-04
ENSG00000140105:1(@)Loc1374   chr14_100374259_G_C_b38   2.509e-01 2.045e-03    2.045e-03      5.131e-04
ENSG00000258666:1(@)Loc1374   chr14_100348809_A_G_b38   4.192e-02 2.629e-03    2.629e-03      1.102e-04
ENSG00000258666:1(@)Loc1374   chr14_100354199_A_G_b38   3.528e-01 3.039e-03    3.039e-03      1.072e-03
ENSG00000258666:1(@)Loc1374   chr14_100359923_G_C_b38   4.140e-02 2.478e-03    2.479e-03      1.026e-04
ENSG00000258620:1(@)Loc1374   chr14_100402890_G_A_b38   6.260e-02 2.237e-03    2.237e-03      1.400e-04
ENSG00000178761:1(@)Loc1413   chr15_74907551_A_G_b38   1.873e-01 2.550e-03    2.550e-03      4.776e-04
ENSG00000178718:1(@)Loc1413   chr15_74997381_T_C_b38   5.738e-02 2.017e-02    2.018e-02      1.158e-03
ENSG00000178718:1(@)Loc1413   chr15_75005566_C_G_b38   7.362e-02 3.815e-03    3.815e-03      2.809e-04
ENSG00000178718:1(@)Loc1413   chr15_75037818_T_G_b38   2.370e-02 1.994e-02    1.995e-02      4.726e-04
ENSG00000183426:1(@)Loc1443   chr16_15036083_C_T_b38   1.000e+00 1.656e-04    1.656e-04      1.656e-04
ENSG00000183793:1(@)Loc1443   chr16_15036083_C_T_b38   9.998e-01 1.656e-04    1.656e-04      1.656e-04
ENSG00000260517:1(@)Loc1452   chr16_29132106_T_A_b38   8.499e-01 1.895e-04    1.895e-04      1.611e-04
ENSG00000232748:1(@)Loc1452   chr16_31063854_G_A_b38   6.223e-02 1.869e-03    1.869e-03      1.163e-04
ENSG00000232748:1(@)Loc1452   chr16_31077026_G_A_b38   4.846e-02 4.231e-03    4.231e-03      2.051e-04
ENSG00000262766:2(@)Loc1452   chr16_31118574_A_G_b38   9.479e-03 1.114e-02    1.114e-02      1.056e-04
ENSG00000167397:1(@)Loc1452   chr16_31113086_A_G_b38   7.170e-03 1.549e-02    1.550e-02      1.111e-04
ENSG00000103510:2(@)Loc1452   chr16_31114455_T_C_b38   5.883e-02 3.352e-03    3.352e-03      1.972e-04
ENSG00000103510:2(@)Loc1452   chr16_31116767_AAT_A_b38   6.270e-02 3.065e-03    3.066e-03      1.922e-04
ENSG00000103510:2(@)Loc1452   chr16_31118574_A_G_b38   3.123e-02 1.114e-02    1.114e-02      3.479e-04
ENSG00000103510:2(@)Loc1452   chr16_31119800_C_T_b38   4.091e-02 3.065e-03    3.066e-03      1.254e-04
ENSG00000103510:2(@)Loc1452   chr16_31120293_A_G_b38   4.150e-01 7.036e-03    7.037e-03      2.920e-03
ENSG00000103510:2(@)Loc1452   chr16_31136227_G_A_b38   7.555e-02 8.072e-03    8.073e-03      6.100e-04
ENSG00000103510:2(@)Loc1452   chr16_31137821_A_G_b38   1.239e-01 2.257e-03    2.257e-03      2.796e-04
ENSG00000087237:1(@)Loc1458   chr16_56955678_C_T_b38   1.172e-02 9.844e-01    9.844e-01      1.153e-02
ENSG00000087237:1(@)Loc1458   chr16_56959412_C_A_b38   8.958e-02 1.580e-03    1.580e-03      1.416e-04
ENSG00000091640:1(@)Loc1487   chr17_4967598_G_A_b38   4.323e-01 3.227e-04    3.227e-04      1.395e-04
ENSG00000091640:1(@)Loc1487   chr17_4968223_T_C_b38   4.323e-01 2.673e-04    2.674e-04      1.156e-04
ENSG00000178921:1(@)Loc1489   chr17_8204661_G_T_b38   1.527e-01 2.336e-02    2.336e-02      3.568e-03
ENSG00000178921:1(@)Loc1489   chr17_8206153_CAG_C_b38   1.393e-01 1.145e-02    1.145e-02      1.595e-03
ENSG00000178921:1(@)Loc1489   chr17_8222223_A_G_b38   5.812e-02 1.010e-01    1.010e-01      5.868e-03
ENSG00000178921:1(@)Loc1489   chr17_8225842_A_G_b38   7.926e-02 1.650e-01    1.650e-01      1.308e-02
ENSG00000178921:1(@)Loc1489   chr17_8241236_C_T_b38   2.546e-02 1.554e-02    1.554e-02      3.956e-04
ENSG00000178921:1(@)Loc1489   chr17_8246469_C_T_b38   1.489e-02 1.323e-02    1.323e-02      1.970e-04
ENSG00000178921:1(@)Loc1489   chr17_8257284_T_C_b38   2.014e-01 9.345e-02    9.345e-02      1.882e-02
ENSG00000178921:1(@)Loc1489   chr17_8257831_C_T_b38   8.228e-02 2.908e-01    2.908e-01      2.393e-02
ENSG00000108961:2(@)Loc1489   chr17_8257831_C_T_b38   3.879e-04 2.908e-01    2.908e-01      1.128e-04
ENSG00000167525:1(@)Loc1499   chr17_28711515_G_A_b38   3.813e-01 1.012e-03    1.013e-03      3.862e-04
ENSG00000160606:2(@)Loc1499   chr17_28728293_C_T_b38   1.049e-01 9.569e-04    9.570e-04      1.004e-04
ENSG00000173065:1(@)Loc1499   chr17_28842719_T_TGCCGCCC_b38   1.120e-01 2.301e-03    2.302e-03      2.577e-04
ENSG00000173065:1(@)Loc1499   chr17_28842872_G_C_b38   1.874e-01 1.975e-03    1.975e-03      3.701e-04
ENSG00000173065:1(@)Loc1499   chr17_28843137_TC_T_b38   1.069e-01 1.503e-03    1.503e-03      1.607e-04
ENSG00000176390:1(@)Loc1500   chr17_30729320_G_A_b38   6.376e-01 2.346e-04    2.347e-04      1.496e-04
ENSG00000108785:1(@)Loc1507   chr17_42545768_CCCCTTGCCT_C_b38   1.843e-01 7.545e-04    7.546e-04      1.391e-04
ENSG00000263293:1(@)Loc1509   chr17_47314438_T_C_b38   8.568e-03 4.905e-01    4.906e-01      4.203e-03
ENSG00000141295:1(@)Loc1510   chr17_47838029_T_C_b38   7.223e-01 7.816e-04    7.817e-04      5.646e-04
ENSG00000265282:1(@)Loc1518   chr17_63419110_C_T_b38   9.132e-02 2.879e-03    2.879e-03      2.630e-04
ENSG00000132478:2(@)Loc1524   chr17_75786110_T_C_b38   2.346e-03 3.861e-01    3.861e-01      9.057e-04
ENSG00000169696:1(@)Loc1528   chr17_81996668_T_A_b38   9.548e-01 1.196e-04    1.196e-04      1.142e-04
ENSG00000172006:1(@)Loc1580   chr19_2814183_C_T_b38   3.720e-02 2.108e-02    2.109e-02      7.844e-04
ENSG00000268297:1(@)Loc1584   chr19_7789788_G_T_b38   7.806e-02 1.581e-03    1.581e-03      1.234e-04
ENSG00000268297:1(@)Loc1584   chr19_7790007_A_G_b38   9.310e-02 1.739e-03    1.739e-03      1.619e-04
ENSG00000268297:1(@)Loc1584   chr19_7790573_A_C_b38   5.934e-02 1.739e-03    1.739e-03      1.032e-04
ENSG00000268297:1(@)Loc1584   chr19_7790577_C_G_b38   5.934e-02 1.739e-03    1.739e-03      1.032e-04
ENSG00000268297:1(@)Loc1584   chr19_7790610_C_G_b38   5.934e-02 1.739e-03    1.739e-03      1.032e-04
ENSG00000268297:1(@)Loc1584   chr19_7790619_C_G_b38   5.934e-02 1.739e-03    1.739e-03      1.032e-04
ENSG00000268297:1(@)Loc1584   chr19_7790931_T_G_b38   5.934e-02 1.739e-03    1.739e-03      1.032e-04
ENSG00000268297:1(@)Loc1584   chr19_7791047_T_TG_b38   5.934e-02 2.041e-03    2.041e-03      1.211e-04
ENSG00000268297:1(@)Loc1584   chr19_7791048_T_TATG_b38   9.462e-02 1.915e-03    1.915e-03      1.812e-04
ENSG00000268297:1(@)Loc1584   chr19_7791072_T_G_b38   5.934e-02 1.880e-03    1.880e-03      1.116e-04
ENSG00000268297:1(@)Loc1584   chr19_7791394_C_T_b38   5.934e-02 1.739e-03    1.739e-03      1.032e-04
ENSG00000268297:1(@)Loc1584   chr19_7791437_C_T_b38   5.934e-02 1.739e-03    1.739e-03      1.032e-04
ENSG00000268297:1(@)Loc1584   chr19_7791675_T_C_b38   5.934e-02 1.717e-03    1.717e-03      1.019e-04
ENSG00000105649:1(@)Loc1591   chr19_18204386_G_A_b38   5.143e-01 2.438e-04    2.438e-04      1.254e-04
ENSG00000130518:1(@)Loc1591   chr19_18275557_A_G_b38   4.470e-01 2.785e-04    2.785e-04      1.245e-04
ENSG00000130518:1(@)Loc1591   chr19_18291307_G_A_b38   5.514e-01 3.478e-04    3.478e-04      1.918e-04
ENSG00000129933:2(@)Loc1592   chr19_19296909_T_C_b38   2.652e-04 1.000e+00    1.000e+00      2.652e-04
ENSG00000256229:1(@)Loc1593   chr19_20118132_A_G_b38   7.281e-01 2.429e-04    2.429e-04      1.769e-04
ENSG00000213988:1(@)Loc1593   chr19_20118132_A_G_b38   5.606e-01 2.429e-04    2.429e-04      1.362e-04
ENSG00000130204:3(@)Loc1608   chr19_44886339_G_A_b38   6.104e-04 3.333e-01    3.334e-01      2.035e-04
ENSG00000232871:1(@)Loc1610   chr19_48702915_C_T_b38   1.627e-01 4.176e-01    4.176e-01      6.795e-02
ENSG00000232871:1(@)Loc1610   chr19_48703160_A_G_b38   1.627e-01 5.764e-01    5.764e-01      9.377e-02
ENSG00000142233:1(@)Loc1610   chr19_48702915_C_T_b38   1.734e-02 4.176e-01    4.176e-01      7.240e-03
ENSG00000142233:1(@)Loc1610   chr19_48703160_A_G_b38   1.734e-02 5.764e-01    5.764e-01      9.992e-03
ENSG00000142233:1(@)Loc1610   chr19_48708712_T_C_b38   2.393e-02 5.806e-03    5.806e-03      1.389e-04
ENSG00000176920:3(@)Loc1610   chr19_48702915_C_T_b38   3.178e-03 4.176e-01    4.176e-01      1.327e-03
ENSG00000176920:3(@)Loc1610   chr19_48703160_A_G_b38   3.178e-03 5.764e-01    5.764e-01      1.832e-03
ENSG00000240225:1(@)Loc1615   chr19_56368594_T_G_b38   2.709e-01 6.214e-04    6.215e-04      1.683e-04
ENSG00000277938:1(@)Loc1634   chr20_25228354_G_A_b38   3.346e-01 8.096e-04    8.097e-04      2.709e-04
ENSG00000277938:1(@)Loc1634   chr20_25228663_C_A_b38   3.955e-01 7.666e-04    7.667e-04      3.032e-04
ENSG00000277938:1(@)Loc1634   chr20_25230191_A_G_b38   1.263e-01 9.898e-04    9.899e-04      1.250e-04
ENSG00000274414:2(@)Loc1634   chr20_25245556_A_G_b38   2.772e-01 8.888e-04    8.890e-04      2.464e-04
ENSG00000100997:1(@)Loc1635   chr20_25390742_G_GGCCTCCGCC_b38   3.769e-01 2.848e-04    2.849e-04      1.074e-04
ENSG00000126001:1(@)Loc1637   chr20_35458678_G_A_b38   4.508e-02 9.136e-02    9.137e-02      4.119e-03
ENSG00000125991:1(@)Loc1637   chr20_35540122_G_A_b38   1.583e-02 2.297e-02    2.297e-02      3.636e-04
ENSG00000125991:1(@)Loc1637   chr20_35543647_C_T_b38   1.761e-01 1.643e-03    1.643e-03      2.894e-04
ENSG00000125991:1(@)Loc1637   chr20_35545279_C_T_b38   2.438e-01 1.643e-03    1.643e-03      4.006e-04
ENSG00000125991:1(@)Loc1637   chr20_35545566_TCAA_T_b38   2.438e-01 1.643e-03    1.643e-03      4.006e-04
ENSG00000125991:1(@)Loc1637   chr20_35549038_C_T_b38   1.465e-01 1.643e-03    1.643e-03      2.407e-04
ENSG00000125991:1(@)Loc1637   chr20_35564866_C_T_b38   5.972e-02 2.579e-02    2.580e-02      1.541e-03
ENSG00000224497:1(@)Loc1637   chr20_35543647_C_T_b38   7.416e-01 1.643e-03    1.643e-03      1.218e-03
ENSG00000224497:1(@)Loc1637   chr20_35545279_C_T_b38   9.759e-02 1.643e-03    1.643e-03      1.603e-04
ENSG00000224497:1(@)Loc1637   chr20_35545566_TCAA_T_b38   9.759e-02 1.643e-03    1.643e-03      1.603e-04
ENSG00000171700:1(@)Loc1654   chr20_64080106_C_T_b38   3.480e-01 6.105e-04    6.106e-04      2.125e-04
ENSG00000171700:1(@)Loc1654   chr20_64080700_T_C_b38   6.112e-01 1.450e-03    1.450e-03      8.864e-04
ENSG00000231713:2(@)Loc1673   chr21_39727797_T_C_b38   9.690e-01 3.529e-04    3.529e-04      3.420e-04
ENSG00000215424:2(@)Loc1678   chr21_46232635_A_G_b38   3.499e-01 1.012e-03    1.012e-03      3.540e-04
ENSG00000215424:2(@)Loc1678   chr21_46233508_T_C_b38   5.260e-01 2.527e-04    2.527e-04      1.329e-04
ENSG00000100281:1(@)Loc1692   chr22_35257480_C_T_b38   3.160e-02 3.242e-03    3.243e-03      1.025e-04
ENSG00000273176:1(@)Loc1692   chr22_35299680_GC_G_b38   2.830e-02 4.168e-03    4.168e-03      1.179e-04
ENSG00000273176:1(@)Loc1692   chr22_35299809_G_A_b38   3.762e-02 4.637e-03    4.637e-03      1.745e-04
ENSG00000100284:1(@)Loc1692   chr22_35298302_A_G_b38   4.380e-02 3.522e-03    3.522e-03      1.543e-04
ENSG00000100284:1(@)Loc1692   chr22_35298900_C_A_b38   1.048e-01 3.366e-03    3.366e-03      3.527e-04
ENSG00000100284:1(@)Loc1692   chr22_35299680_GC_G_b38   1.048e-01 4.168e-03    4.168e-03      4.367e-04
ENSG00000100284:1(@)Loc1692   chr22_35299809_G_A_b38   3.023e-02 4.637e-03    4.637e-03      1.402e-04
ENSG00000100284:1(@)Loc1692   chr22_35307135_T_C_b38   7.537e-03 3.823e-02    3.823e-02      2.882e-04
ENSG00000130943:2(@)Loc1699   chr22_46231706_C_T_b38   1.152e-03 3.900e-01    3.900e-01      4.493e-04
ENSG00000130943:2(@)Loc1699   chr22_46233582_A_G_b38   2.935e-03 4.925e-01    4.925e-01      1.445e-03
ENSG00000100299:1(@)Loc1702   chr22_50625049_T_C_b38   9.998e-01 2.623e-04    2.623e-04      2.623e-04
