Signal	SNP	PIP_qtl	PIP_gwas_marginal	PIP_gwas_qtl_prior	SCP
ENSG00000162585:1(@)Loc2   chr1_2189679_C_T_b38   7.338e-01 3.918e-04    3.918e-04      2.875e-04
ENSG00000162585:1(@)Loc2   chr1_2207868_C_T_b38   2.041e-01 5.604e-04    5.604e-04      1.144e-04
ENSG00000188672:2(@)Loc18   chr1_25434429_C_T_b38   9.544e-04 2.652e-01    2.652e-01      2.531e-04
ENSG00000188672:2(@)Loc18   chr1_25434800_T_C_b38   1.045e-03 2.326e-01    2.326e-01      2.429e-04
ENSG00000188672:2(@)Loc18   chr1_25442446_A_G_b38   3.359e-04 4.469e-01    4.469e-01      1.501e-04
ENSG00000204178:1(@)Loc18   chr1_25432164_G_A_b38   3.822e-02 3.203e-02    3.203e-02      1.224e-03
ENSG00000204178:1(@)Loc18   chr1_25434429_C_T_b38   3.239e-03 2.652e-01    2.652e-01      8.590e-04
ENSG00000204178:1(@)Loc18   chr1_25434800_T_C_b38   2.706e-03 2.326e-01    2.326e-01      6.293e-04
ENSG00000204178:1(@)Loc18   chr1_25442446_A_G_b38   1.209e-03 4.469e-01    4.469e-01      5.403e-04
ENSG00000121766:1(@)Loc20   chr1_31292838_T_C_b38   1.436e-01 2.365e-03    2.365e-03      3.396e-04
ENSG00000121766:1(@)Loc20   chr1_31300649_G_T_b38   2.296e-01 8.725e-04    8.726e-04      2.004e-04
ENSG00000235545:2(@)Loc39   chr1_62690372_A_G_b38   1.764e-02 1.079e-02    1.079e-02      1.904e-04
ENSG00000122484:1(@)Loc56   chr1_92249650_C_T_b38   5.772e-03 5.023e-02    5.023e-02      2.899e-04
ENSG00000198890:1(@)Loc66   chr1_107056636_A_T_b38   5.807e-01 9.177e-04    9.177e-04      5.329e-04
ENSG00000198890:1(@)Loc66   chr1_107075085_G_A_b38   1.304e-02 3.680e-02    3.680e-02      4.799e-04
ENSG00000134222:1(@)Loc67   chr1_109274968_G_T_b38   6.323e-03 4.071e-01    4.071e-01      2.574e-03
ENSG00000134222:1(@)Loc67   chr1_109275908_C_T_b38   1.376e-02 5.928e-01    5.928e-01      8.157e-03
ENSG00000143412:1(@)Loc74   chr1_150986360_A_G_b38   1.108e-03 9.701e-01    9.701e-01      1.075e-03
ENSG00000143630:2(@)Loc77   chr1_155157915_G_A_b38   2.941e-02 2.587e-02    2.588e-02      7.611e-04
ENSG00000169231:1(@)Loc77   chr1_155208991_T_A_b38   7.665e-01 2.331e-04    2.331e-04      1.787e-04
ENSG00000198952:1(@)Loc77   chr1_156274030_C_T_b38   1.360e-01 1.371e-03    1.371e-03      1.864e-04
ENSG00000198952:1(@)Loc77   chr1_156275454_T_C_b38   1.360e-01 7.538e-04    7.538e-04      1.025e-04
ENSG00000198952:1(@)Loc77   chr1_156276682_G_C_b38   1.360e-01 1.357e-03    1.357e-03      1.845e-04
ENSG00000198952:1(@)Loc77   chr1_156279714_A_G_b38   1.884e-01 9.874e-04    9.875e-04      1.861e-04
ENSG00000162746:1(@)Loc80   chr1_161727208_C_G_b38   6.856e-01 2.435e-04    2.436e-04      1.670e-04
ENSG00000143322:2(@)Loc90   chr1_179226558_C_T_b38   1.658e-01 9.957e-04    9.957e-04      1.651e-04
ENSG00000143322:2(@)Loc90   chr1_179234606_C_T_b38   1.735e-01 9.957e-04    9.957e-04      1.728e-04
ENSG00000143322:2(@)Loc90   chr1_179235286_A_G_b38   1.125e-01 9.957e-04    9.957e-04      1.121e-04
ENSG00000227141:2(@)Loc90   chr1_179586351_G_A_b38   6.496e-02 1.319e-02    1.319e-02      8.572e-04
ENSG00000170745:2(@)Loc142   chr2_17877595_A_G_b38   9.345e-02 1.896e-03    1.897e-03      1.772e-04
ENSG00000152689:1(@)Loc153   chr2_33477419_C_G_b38   9.723e-01 3.000e-04    3.000e-04      2.917e-04
ENSG00000163586:1(@)Loc187   chr2_88129052_C_T_b38   7.634e-01 6.225e-04    6.225e-04      4.752e-04
ENSG00000088205:1(@)Loc201   chr2_117819143_T_C_b38   6.183e-03 2.115e-01    2.115e-01      1.308e-03
ENSG00000279227:1(@)Loc201   chr2_118058382_A_G_b38   7.161e-03 2.185e-01    2.185e-01      1.565e-03
ENSG00000279227:1(@)Loc201   chr2_118078265_G_A_b38   3.305e-03 5.685e-01    5.685e-01      1.879e-03
ENSG00000076003:2(@)Loc212   chr2_135851076_G_A_b38   1.472e-02 1.661e-01    1.661e-01      2.445e-03
ENSG00000233579:1(@)Loc252   chr2_202843584_A_G_b38   1.540e-03 4.580e-01    4.580e-01      7.051e-04
ENSG00000138442:1(@)Loc252   chr2_202843584_A_G_b38   7.601e-04 4.580e-01    4.580e-01      3.481e-04
ENSG00000138442:1(@)Loc252   chr2_203016111_G_A_b38   6.345e-02 3.880e-03    3.881e-03      2.462e-04
ENSG00000138442:1(@)Loc252   chr2_203016269_T_C_b38   3.283e-02 3.572e-03    3.572e-03      1.173e-04
ENSG00000115414:1(@)Loc259   chr2_215435759_T_A_b38   1.546e-02 2.100e-02    2.100e-02      3.247e-04
ENSG00000115414:1(@)Loc259   chr2_215439661_T_C_b38   1.043e-03 6.684e-01    6.684e-01      6.970e-04
ENSG00000091317:1(@)Loc300   chr3_32491518_C_T_b38   1.006e-02 8.494e-01    8.494e-01      8.546e-03
ENSG00000091317:1(@)Loc300   chr3_32496755_C_T_b38   2.974e-02 8.970e-02    8.970e-02      2.668e-03
ENSG00000163938:2(@)Loc312   chr3_52616332_G_A_b38   3.799e-02 4.630e-03    4.631e-03      1.759e-04
ENSG00000114904:1(@)Loc312   chr3_52771077_A_G_b38   1.999e-01 1.336e-03    1.336e-03      2.672e-04
ENSG00000281392:1(@)Loc333   chr3_87085650_A_G_b38   3.505e-02 3.097e-03    3.097e-03      1.086e-04
ENSG00000272758:2(@)Loc352   chr3_122411904_T_C_b38   1.757e-02 7.482e-03    7.483e-03      1.314e-04
ENSG00000272758:2(@)Loc352   chr3_122416042_T_A_b38   5.911e-01 1.627e-02    1.627e-02      9.614e-03
ENSG00000272758:2(@)Loc352   chr3_122423056_C_G_b38   1.192e-01 4.278e-03    4.278e-03      5.101e-04
ENSG00000272758:2(@)Loc352   chr3_122431007_C_T_b38   9.197e-03 3.058e-02    3.058e-02      2.812e-04
ENSG00000272758:2(@)Loc352   chr3_122431437_A_G_b38   3.652e-02 4.278e-03    4.278e-03      1.562e-04
ENSG00000272758:2(@)Loc352   chr3_122440051_G_C_b38   2.032e-02 1.255e-02    1.255e-02      2.549e-04
ENSG00000196981:1(@)Loc352   chr3_122416042_T_A_b38   1.591e-01 1.627e-02    1.627e-02      2.587e-03
ENSG00000145331:2(@)Loc464   chr4_99563386_G_A_b38   5.486e-03 4.825e-02    4.825e-02      2.647e-04
ENSG00000145331:2(@)Loc464   chr4_99564098_G_A_b38   1.355e-02 8.253e-03    8.254e-03      1.118e-04
ENSG00000171368:1(@)Loc521   chr5_662432_T_C_b38   9.876e-01 3.173e-04    3.173e-04      3.134e-04
ENSG00000145850:2(@)Loc612   chr5_156960126_G_C_b38   6.393e-04 1.655e-01    1.655e-01      1.058e-04
ENSG00000145850:2(@)Loc612   chr5_156963286_T_C_b38   1.106e-02 8.308e-01    8.308e-01      9.192e-03
ENSG00000007944:1(@)Loc643   chr6_16128734_C_G_b38   9.545e-03 7.252e-02    7.252e-02      6.923e-04
ENSG00000010704:2(@)Loc650   chr6_26092913_G_A_b38   1.936e-03 9.999e-01    9.999e-01      1.936e-03
ENSG00000180596:2(@)Loc650   chr6_26092913_G_A_b38   4.785e-04 9.999e-01    9.999e-01      4.784e-04
ENSG00000206341:1(@)Loc654   chr6_29848765_T_A_b38   1.000e+00 2.965e-04    2.965e-04      2.965e-04
ENSG00000204623:1(@)Loc654   chr6_30035104_T_C_b38   5.000e-01 3.182e-04    3.182e-04      1.591e-04
ENSG00000204525:2(@)Loc655   chr6_31276008_G_T_b38   9.968e-01 2.120e-04    2.120e-04      2.113e-04
ENSG00000204290:2(@)Loc656   chr6_32444658_G_A_b38   1.201e-03 9.814e-02    9.815e-02      1.179e-04
ENSG00000204287:1(@)Loc656   chr6_32444658_G_A_b38   3.467e-03 9.814e-02    9.815e-02      3.403e-04
ENSG00000204267:3(@)Loc657   chr6_32814805_C_T_b38   1.023e-02 1.967e-02    1.967e-02      2.012e-04
ENSG00000204267:3(@)Loc657   chr6_32816843_C_T_b38   1.023e-02 1.587e-02    1.587e-02      1.624e-04
ENSG00000204267:3(@)Loc657   chr6_32821703_A_G_b38   1.505e-02 2.346e-01    2.347e-01      3.532e-03
ENSG00000204267:3(@)Loc657   chr6_32828188_G_A_b38   2.653e-02 4.155e-03    4.155e-03      1.102e-04
ENSG00000204267:3(@)Loc657   chr6_32828242_C_A_b38   2.653e-02 4.155e-03    4.155e-03      1.102e-04
ENSG00000204267:3(@)Loc657   chr6_32828280_G_A_b38   2.653e-02 4.155e-03    4.155e-03      1.102e-04
ENSG00000204267:3(@)Loc657   chr6_32828281_C_T_b38   2.653e-02 4.155e-03    4.155e-03      1.102e-04
ENSG00000204267:3(@)Loc657   chr6_32828367_A_G_b38   2.653e-02 4.059e-03    4.059e-03      1.077e-04
ENSG00000204267:3(@)Loc657   chr6_32828569_T_C_b38   2.653e-02 1.909e-02    1.909e-02      5.065e-04
ENSG00000204267:3(@)Loc657   chr6_32828677_C_CT_b38   1.228e-01 4.558e-03    4.558e-03      5.598e-04
ENSG00000204267:3(@)Loc657   chr6_32828876_C_A_b38   5.769e-02 4.155e-03    4.155e-03      2.397e-04
ENSG00000204267:3(@)Loc657   chr6_32828908_A_G_b38   3.967e-02 1.376e-01    1.376e-01      5.460e-03
ENSG00000204267:3(@)Loc657   chr6_32828974_T_C_b38   5.769e-02 1.416e-01    1.416e-01      8.168e-03
ENSG00000204267:3(@)Loc657   chr6_32829190_G_A_b38   3.286e-02 2.575e-02    2.575e-02      8.462e-04
ENSG00000204267:3(@)Loc657   chr6_32829520_T_C_b38   3.286e-02 4.155e-03    4.155e-03      1.365e-04
ENSG00000204267:3(@)Loc657   chr6_32829584_C_T_b38   2.727e-02 1.951e-01    1.951e-01      5.320e-03
ENSG00000241106:2(@)Loc657   chr6_32821703_A_G_b38   3.956e-02 2.346e-01    2.347e-01      9.284e-03
ENSG00000241106:2(@)Loc657   chr6_32828188_G_A_b38   8.044e-02 4.155e-03    4.155e-03      3.342e-04
ENSG00000241106:2(@)Loc657   chr6_32828242_C_A_b38   8.044e-02 4.155e-03    4.155e-03      3.342e-04
ENSG00000241106:2(@)Loc657   chr6_32828280_G_A_b38   8.044e-02 4.155e-03    4.155e-03      3.342e-04
ENSG00000241106:2(@)Loc657   chr6_32828281_C_T_b38   8.044e-02 4.155e-03    4.155e-03      3.342e-04
ENSG00000241106:2(@)Loc657   chr6_32828367_A_G_b38   8.044e-02 4.059e-03    4.059e-03      3.265e-04
ENSG00000241106:2(@)Loc657   chr6_32828569_T_C_b38   8.044e-02 1.909e-02    1.909e-02      1.536e-03
ENSG00000241106:2(@)Loc657   chr6_32828876_C_A_b38   8.044e-02 4.155e-03    4.155e-03      3.342e-04
ENSG00000241106:2(@)Loc657   chr6_32828908_A_G_b38   1.178e-01 1.376e-01    1.376e-01      1.621e-02
ENSG00000241106:2(@)Loc657   chr6_32828974_T_C_b38   8.044e-02 1.416e-01    1.416e-01      1.139e-02
ENSG00000241106:2(@)Loc657   chr6_32829190_G_A_b38   1.463e-02 2.575e-02    2.575e-02      3.769e-04
ENSG00000241106:2(@)Loc657   chr6_32829584_C_T_b38   4.673e-03 1.951e-01    1.951e-01      9.115e-04
ENSG00000196821:1(@)Loc658   chr6_34624313_A_G_b38   6.942e-01 3.240e-03    3.240e-03      2.249e-03
ENSG00000196821:1(@)Loc658   chr6_34654784_AG_A_b38   7.592e-02 1.460e-03    1.460e-03      1.108e-04
ENSG00000196821:1(@)Loc658   chr6_34695821_C_T_b38   1.405e-02 2.711e-02    2.711e-02      3.809e-04
ENSG00000196821:1(@)Loc658   chr6_34832658_C_T_b38   1.096e-01 1.071e-03    1.071e-03      1.174e-04
ENSG00000272288:1(@)Loc658   chr6_34695821_C_T_b38   9.070e-03 2.711e-02    2.711e-02      2.459e-04
ENSG00000161912:2(@)Loc662   chr6_41137356_T_G_b38   6.340e-01 1.843e-04    1.844e-04      1.169e-04
ENSG00000225791:1(@)Loc669   chr6_52577484_G_C_b38   7.005e-01 3.607e-04    3.607e-04      2.527e-04
ENSG00000155085:1(@)Loc703   chr6_109690255_T_C_b38   4.316e-01 6.728e-04    6.729e-04      2.904e-04
ENSG00000146477:2(@)Loc734   chr6_160315755_T_A_b38   1.134e-02 4.364e-01    4.365e-01      4.949e-03
ENSG00000146477:2(@)Loc734   chr6_160320590_G_A_b38   9.257e-03 1.117e-02    1.117e-02      1.034e-04
ENSG00000015520:1(@)Loc774   chr7_44542387_T_C_b38   1.628e-03 1.236e-01    1.236e-01      2.012e-04
ENSG00000015520:1(@)Loc774   chr7_44542732_A_G_b38   1.536e-03 8.526e-01    8.526e-01      1.310e-03
ENSG00000272950:2(@)Loc802   chr7_98320502_C_T_b38   3.730e-02 4.212e-03    4.212e-03      1.571e-04
ENSG00000272950:2(@)Loc802   chr7_98322009_C_T_b38   8.222e-02 4.854e-03    4.854e-03      3.991e-04
ENSG00000231721:1(@)Loc822   chr7_130944734_T_C_b38   2.581e-01 1.913e-03    1.914e-03      4.939e-04
ENSG00000231721:1(@)Loc822   chr7_130945013_A_T_b38   1.542e-01 1.102e-03    1.102e-03      1.699e-04
ENSG00000231721:1(@)Loc822   chr7_130945142_C_T_b38   7.757e-02 2.517e-03    2.517e-03      1.953e-04
ENSG00000231721:1(@)Loc822   chr7_130946654_G_A_b38   1.126e-01 9.711e-04    9.712e-04      1.093e-04
ENSG00000231721:1(@)Loc822   chr7_130947382_G_A_b38   1.126e-01 9.494e-04    9.495e-04      1.069e-04
ENSG00000231721:1(@)Loc822   chr7_130949717_G_T_b38   1.126e-01 3.453e-03    3.453e-03      3.888e-04
ENSG00000231721:1(@)Loc822   chr7_130951116_C_A_b38   5.714e-02 1.804e-03    1.804e-03      1.031e-04
ENSG00000155189:1(@)Loc851   chr8_6743971_G_T_b38   6.201e-02 3.857e-03    3.858e-03      2.392e-04
ENSG00000233609:1(@)Loc852   chr8_8964127_A_G_b38   1.628e-01 1.295e-03    1.295e-03      2.109e-04
ENSG00000156006:1(@)Loc861   chr8_18391151_A_G_b38   1.327e-01 8.922e-03    8.922e-03      1.184e-03
ENSG00000156006:1(@)Loc861   chr8_18398199_A_G_b38   4.663e-03 3.897e-01    3.897e-01      1.817e-03
ENSG00000156006:1(@)Loc861   chr8_18401856_C_T_b38   8.857e-03 3.040e-02    3.040e-02      2.693e-04
ENSG00000156006:1(@)Loc861   chr8_18402503_A_G_b38   8.857e-03 2.110e-02    2.110e-02      1.869e-04
ENSG00000156006:1(@)Loc861   chr8_18405974_T_C_b38   8.857e-03 1.131e-02    1.131e-02      1.001e-04
ENSG00000156006:1(@)Loc861   chr8_18414867_C_T_b38   6.201e-03 1.161e-01    1.161e-01      7.201e-04
ENSG00000156006:1(@)Loc861   chr8_18414928_C_T_b38   6.201e-03 1.541e-01    1.541e-01      9.556e-04
ENSG00000156006:1(@)Loc861   chr8_18414956_G_A_b38   6.201e-03 2.692e-02    2.692e-02      1.669e-04
ENSG00000158856:1(@)Loc864   chr8_22049068_AGGGGCC_A_b38   7.259e-01 2.020e-04    2.020e-04      1.467e-04
ENSG00000104375:1(@)Loc909   chr8_98722156_A_G_b38   3.163e-02 1.090e-02    1.090e-02      3.449e-04
ENSG00000178209:2(@)Loc935   chr8_143948489_G_T_b38   2.852e-03 9.999e-01    9.999e-01      2.852e-03
ENSG00000178685:1(@)Loc935   chr8_143948489_G_T_b38   4.499e-04 9.999e-01    9.999e-01      4.498e-04
ENSG00000178719:2(@)Loc935   chr8_143948489_G_T_b38   1.446e-04 9.999e-01    9.999e-01      1.446e-04
ENSG00000236404:4(@)Loc938   chr9_2640759_A_G_b38   3.599e-03 9.878e-01    9.878e-01      3.555e-03
ENSG00000273226:1(@)Loc950   chr9_19352262_A_T_b38   1.523e-01 7.437e-04    7.437e-04      1.133e-04
ENSG00000273226:1(@)Loc950   chr9_19376146_C_T_b38   8.865e-02 1.854e-03    1.854e-03      1.643e-04
ENSG00000273226:1(@)Loc950   chr9_19377873_T_C_b38   3.486e-01 7.041e-04    7.041e-04      2.455e-04
ENSG00000273226:1(@)Loc950   chr9_19378206_C_T_b38   2.163e-01 7.041e-04    7.041e-04      1.523e-04
ENSG00000188133:1(@)Loc960   chr9_32886201_T_C_b38   9.877e-01 2.163e-04    2.163e-04      2.137e-04
ENSG00000205143:1(@)Loc961   chr9_34629163_A_G_b38   2.504e-01 4.660e-04    4.661e-04      1.167e-04
ENSG00000205143:1(@)Loc961   chr9_34629814_G_A_b38   2.504e-01 5.007e-04    5.007e-04      1.254e-04
ENSG00000165029:1(@)Loc988   chr9_104891145_G_A_b38   2.817e-02 2.315e-02    2.316e-02      6.524e-04
ENSG00000165029:1(@)Loc988   chr9_104903697_C_G_b38   1.782e-01 2.299e-01    2.299e-01      4.097e-02
ENSG00000165029:1(@)Loc988   chr9_104903754_G_GC_b38   1.782e-01 1.221e-03    1.221e-03      2.175e-04
ENSG00000165029:1(@)Loc988   chr9_104910084_G_A_b38   7.112e-02 9.548e-02    9.548e-02      6.791e-03
ENSG00000057608:1(@)Loc1015   chr10_5807954_C_G_b38   9.209e-02 1.640e-03    1.640e-03      1.510e-04
ENSG00000057608:1(@)Loc1015   chr10_5813440_G_C_b38   5.858e-02 2.870e-03    2.870e-03      1.681e-04
ENSG00000229124:2(@)Loc1023   chr10_17218291_A_G_b38   1.710e-03 4.054e-01    4.054e-01      6.932e-04
ENSG00000234961:1(@)Loc1023   chr10_17218291_A_G_b38   9.250e-03 4.054e-01    4.054e-01      3.750e-03
ENSG00000119927:2(@)Loc1079   chr10_112150963_A_G_b38   1.005e-03 2.012e-01    2.012e-01      2.021e-04
ENSG00000119927:2(@)Loc1079   chr10_112161596_G_A_b38   3.436e-03 8.369e-02    8.369e-02      2.876e-04
ENSG00000119927:2(@)Loc1079   chr10_112174128_A_G_b38   2.064e-02 2.329e-01    2.329e-01      4.806e-03
ENSG00000119927:2(@)Loc1079   chr10_112180571_T_C_b38   1.774e-02 8.769e-02    8.769e-02      1.556e-03
ENSG00000119927:2(@)Loc1079   chr10_112184513_A_G_b38   1.453e-02 3.940e-01    3.940e-01      5.727e-03
ENSG00000138161:1(@)Loc1086   chr10_122850511_G_A_b38   9.175e-01 1.514e-03    1.514e-03      1.389e-03
ENSG00000119965:1(@)Loc1086   chr10_122903046_G_A_b38   2.783e-02 4.112e-03    4.113e-03      1.145e-04
ENSG00000119965:1(@)Loc1086   chr10_122912139_C_T_b38   7.619e-02 3.514e-03    3.515e-03      2.678e-04
ENSG00000119965:1(@)Loc1086   chr10_122915737_A_G_b38   5.953e-02 2.404e-03    2.404e-03      1.431e-04
ENSG00000119965:1(@)Loc1086   chr10_122915785_A_C_b38   5.953e-02 3.164e-03    3.164e-03      1.884e-04
ENSG00000119965:1(@)Loc1086   chr10_122918013_A_T_b38   1.008e-01 3.338e-03    3.338e-03      3.364e-04
ENSG00000119965:1(@)Loc1086   chr10_122920952_C_A_b38   7.994e-02 2.853e-03    2.853e-03      2.281e-04
ENSG00000119965:1(@)Loc1086   chr10_122933070_A_G_b38   3.904e-02 7.864e-02    7.865e-02      3.071e-03
ENSG00000246308:1(@)Loc1102   chr11_10828066_T_G_b38   2.206e-01 2.425e-03    2.426e-03      5.350e-04
ENSG00000134825:1(@)Loc1128   chr11_61783884_T_C_b38   9.024e-02 1.706e-03    1.706e-03      1.540e-04
ENSG00000134825:1(@)Loc1128   chr11_61785208_G_T_b38   4.123e-02 7.036e-03    7.037e-03      2.901e-04
ENSG00000134825:1(@)Loc1128   chr11_61790331_T_C_b38   9.508e-02 3.373e-02    3.373e-02      3.207e-03
ENSG00000134825:1(@)Loc1128   chr11_61802358_C_T_b38   1.739e-02 1.637e-02    1.637e-02      2.846e-04
ENSG00000134825:1(@)Loc1128   chr11_61804006_T_C_b38   9.785e-03 3.634e-02    3.635e-02      3.557e-04
ENSG00000149485:1(@)Loc1128   chr11_61804006_T_C_b38   4.458e-03 3.634e-02    3.635e-02      1.620e-04
ENSG00000173327:1(@)Loc1130   chr11_65613445_G_A_b38   4.554e-01 1.621e-03    1.621e-03      7.382e-04
ENSG00000173327:1(@)Loc1130   chr11_65622160_A_G_b38   2.158e-01 5.503e-04    5.504e-04      1.188e-04
ENSG00000173327:1(@)Loc1130   chr11_65622419_G_C_b38   1.323e-01 1.797e-03    1.797e-03      2.378e-04
ENSG00000254986:1(@)Loc1131   chr11_66480373_G_A_b38   2.036e-01 1.113e-03    1.113e-03      2.266e-04
ENSG00000174165:1(@)Loc1131   chr11_66548041_G_C_b38   2.190e-01 6.483e-04    6.484e-04      1.420e-04
ENSG00000173992:1(@)Loc1131   chr11_66641938_G_A_b38   1.148e-01 1.413e-03    1.413e-03      1.622e-04
ENSG00000174080:1(@)Loc1131   chr11_66545555_A_G_b38   1.376e-01 7.272e-04    7.273e-04      1.001e-04
ENSG00000174080:1(@)Loc1131   chr11_66567085_G_A_b38   1.478e-01 9.556e-04    9.557e-04      1.413e-04
ENSG00000174080:1(@)Loc1131   chr11_66568700_C_A_b38   2.718e-01 7.248e-04    7.248e-04      1.970e-04
ENSG00000188997:3(@)Loc1137   chr11_78206259_C_A_b38   4.911e-02 2.166e-03    2.166e-03      1.064e-04
ENSG00000188997:3(@)Loc1137   chr11_78209411_G_A_b38   2.726e-01 6.507e-04    6.507e-04      1.774e-04
ENSG00000188997:3(@)Loc1137   chr11_78213498_G_A_b38   2.424e-02 5.978e-03    5.978e-03      1.449e-04
ENSG00000188997:3(@)Loc1137   chr11_78226754_G_A_b38   5.511e-02 2.504e-03    2.504e-03      1.380e-04
ENSG00000137656:1(@)Loc1164   chr11_116782580_C_T_b38   3.195e-02 1.096e-02    1.096e-02      3.500e-04
ENSG00000109917:2(@)Loc1164   chr11_116778201_G_C_b38   1.885e-03 9.837e-01    9.837e-01      1.854e-03
ENSG00000149582:1(@)Loc1165   chr11_118545538_C_T_b38   5.476e-03 6.732e-02    6.733e-02      3.687e-04
ENSG00000149582:1(@)Loc1165   chr11_118554704_G_T_b38   1.617e-02 2.156e-02    2.156e-02      3.485e-04
ENSG00000243431:2(@)Loc1165   chr11_118554704_G_T_b38   6.026e-03 2.156e-02    2.156e-02      1.299e-04
ENSG00000118096:1(@)Loc1165   chr11_118573229_G_A_b38   2.930e-01 9.511e-04    9.511e-04      2.786e-04
ENSG00000154127:1(@)Loc1168   chr11_122651667_T_C_b38   3.117e-03 3.745e-02    3.746e-02      1.168e-04
ENSG00000154127:1(@)Loc1168   chr11_122655793_A_C_b38   2.290e-02 6.102e-03    6.102e-03      1.398e-04
ENSG00000154127:1(@)Loc1168   chr11_122655893_C_T_b38   1.611e-02 6.721e-03    6.721e-03      1.083e-04
ENSG00000280832:1(@)Loc1171   chr11_126348646_A_G_b38   3.102e-03 8.003e-02    8.004e-02      2.483e-04
ENSG00000280832:1(@)Loc1171   chr11_126358764_T_G_b38   1.958e-03 9.467e-02    9.468e-02      1.854e-04
ENSG00000110063:2(@)Loc1171   chr11_126358764_T_G_b38   2.362e-02 9.467e-02    9.468e-02      2.236e-03
ENSG00000111752:1(@)Loc1187   chr12_8914017_C_T_b38   3.015e-01 2.312e-03    2.312e-03      6.970e-04
ENSG00000066084:2(@)Loc1209   chr12_50508099_T_C_b38   2.500e-02 9.260e-02    9.260e-02      2.315e-03
ENSG00000050438:1(@)Loc1209   chr12_51362485_T_C_b38   1.657e-01 6.485e-04    6.486e-04      1.074e-04
ENSG00000139629:1(@)Loc1209   chr12_51362485_T_C_b38   8.313e-01 6.485e-04    6.486e-04      5.392e-04
ENSG00000119242:1(@)Loc1253   chr12_123929551_C_T_b38   1.261e-02 9.186e-03    9.186e-03      1.159e-04
ENSG00000119242:1(@)Loc1253   chr12_123935181_C_T_b38   7.247e-03 1.912e-02    1.913e-02      1.386e-04
ENSG00000119242:1(@)Loc1253   chr12_123955563_C_A_b38   7.947e-03 2.888e-02    2.888e-02      2.295e-04
ENSG00000119242:1(@)Loc1253   chr12_123980289_G_T_b38   1.345e-02 2.361e-02    2.361e-02      3.174e-04
ENSG00000119242:1(@)Loc1253   chr12_123990609_A_G_b38   7.567e-03 1.530e-02    1.530e-02      1.158e-04
ENSG00000270028:1(@)Loc1253   chr12_123946502_G_A_b38   1.204e-01 9.626e-04    9.627e-04      1.159e-04
ENSG00000270028:1(@)Loc1253   chr12_123964676_C_A_b38   1.540e-02 9.307e-03    9.307e-03      1.434e-04
ENSG00000250091:1(@)Loc1253   chr12_123935181_C_T_b38   3.242e-02 1.912e-02    1.913e-02      6.200e-04
ENSG00000250091:1(@)Loc1253   chr12_123946502_G_A_b38   1.132e-01 9.626e-04    9.627e-04      1.090e-04
ENSG00000250091:1(@)Loc1253   chr12_123953813_A_G_b38   1.132e-01 9.626e-04    9.627e-04      1.090e-04
ENSG00000179195:1(@)Loc1253   chr12_123973455_C_A_b38   1.187e-01 1.088e-03    1.088e-03      1.292e-04
ENSG00000179195:1(@)Loc1253   chr12_123980289_G_T_b38   6.570e-03 2.361e-02    2.361e-02      1.551e-04
ENSG00000122034:1(@)Loc1267   chr13_27423168_C_T_b38   6.860e-01 3.966e-04    3.967e-04      2.721e-04
ENSG00000102781:1(@)Loc1269   chr13_30307436_T_C_b38   4.498e-01 2.651e-04    2.651e-04      1.193e-04
ENSG00000205978:2(@)Loc1325   chr14_24403003_T_C_b38   1.636e-02 8.032e-02    8.032e-02      1.314e-03
ENSG00000205978:2(@)Loc1325   chr14_24404820_T_C_b38   2.421e-02 5.673e-03    5.673e-03      1.373e-04
ENSG00000205978:2(@)Loc1325   chr14_24404987_G_T_b38   2.251e-02 5.008e-03    5.008e-03      1.127e-04
ENSG00000205978:2(@)Loc1325   chr14_24414681_G_A_b38   7.867e-03 9.030e-01    9.030e-01      7.104e-03
ENSG00000274330:1(@)Loc1354   chr14_70224238_T_C_b38   2.424e-03 4.683e-02    4.684e-02      1.135e-04
ENSG00000182218:1(@)Loc1374   chr14_99665633_C_T_b38   7.493e-01 1.948e-04    1.948e-04      1.460e-04
ENSG00000258666:1(@)Loc1374   chr14_100354199_A_G_b38   2.300e-01 3.039e-03    3.039e-03      6.989e-04
ENSG00000176473:1(@)Loc1374   chr14_100376441_T_C_b38   3.691e-01 1.118e-03    1.118e-03      4.128e-04
ENSG00000256705:1(@)Loc1375   chr14_101839725_C_G_b38   7.204e-01 1.492e-04    1.492e-04      1.075e-04
ENSG00000140474:2(@)Loc1413   chr15_74833304_A_C_b38   5.779e-03 1.748e-02    1.748e-02      1.010e-04
ENSG00000178802:2(@)Loc1413   chr15_74885866_G_A_b38   9.386e-02 8.705e-03    8.706e-03      8.171e-04
ENSG00000178802:1(@)Loc1413   chr15_74897589_A_G_b38   8.441e-02 3.306e-03    3.307e-03      2.791e-04
ENSG00000183426:1(@)Loc1443   chr16_15036083_C_T_b38   1.000e+00 1.656e-04    1.656e-04      1.656e-04
ENSG00000183793:1(@)Loc1443   chr16_15036083_C_T_b38   1.000e+00 1.656e-04    1.656e-04      1.656e-04
ENSG00000167395:1(@)Loc1452   chr16_31074149_T_C_b38   3.624e-01 4.458e-03    4.459e-03      1.616e-03
ENSG00000167395:1(@)Loc1452   chr16_31077026_G_A_b38   5.273e-02 4.231e-03    4.231e-03      2.231e-04
ENSG00000167395:1(@)Loc1452   chr16_31113086_A_G_b38   7.084e-03 1.549e-02    1.549e-02      1.098e-04
ENSG00000260911:2(@)Loc1452   chr16_31042719_G_C_b38   4.248e-01 3.703e-04    3.703e-04      1.573e-04
ENSG00000167394:1(@)Loc1452   chr16_31074149_T_C_b38   2.700e-02 4.458e-03    4.459e-03      1.204e-04
ENSG00000262766:1(@)Loc1452   chr16_31118574_A_G_b38   1.074e-02 1.114e-02    1.114e-02      1.196e-04
ENSG00000261701:1(@)Loc1466   chr16_72074194_G_A_b38   3.646e-01 1.000e+00    1.000e+00      3.646e-01
ENSG00000257017:1(@)Loc1466   chr16_72074194_G_A_b38   2.513e-01 1.000e+00    1.000e+00      2.513e-01
ENSG00000140830:1(@)Loc1466   chr16_72074194_G_A_b38   7.981e-01 1.000e+00    1.000e+00      7.981e-01
ENSG00000091640:1(@)Loc1487   chr17_4967598_G_A_b38   4.698e-01 3.227e-04    3.227e-04      1.516e-04
ENSG00000091640:1(@)Loc1487   chr17_4968223_T_C_b38   4.698e-01 2.673e-04    2.673e-04      1.256e-04
ENSG00000072778:2(@)Loc1488   chr17_7185104_T_C_b38   3.089e-02 3.396e-02    3.396e-02      1.049e-03
ENSG00000072778:2(@)Loc1488   chr17_7186333_C_G_b38   1.734e-02 3.678e-02    3.678e-02      6.378e-04
ENSG00000072778:2(@)Loc1488   chr17_7188331_T_C_b38   1.257e-02 9.056e-01    9.056e-01      1.139e-02
ENSG00000279812:2(@)Loc1488   chr17_7185104_T_C_b38   3.161e-03 3.396e-02    3.396e-02      1.073e-04
ENSG00000279812:2(@)Loc1488   chr17_7186333_C_G_b38   3.168e-03 3.678e-02    3.678e-02      1.165e-04
ENSG00000279812:2(@)Loc1488   chr17_7188331_T_C_b38   6.007e-03 9.056e-01    9.056e-01      5.440e-03
ENSG00000178971:3(@)Loc1489   chr17_8246469_C_T_b38   1.089e-02 1.323e-02    1.323e-02      1.441e-04
ENSG00000167525:1(@)Loc1499   chr17_28711515_G_A_b38   3.727e-01 1.012e-03    1.013e-03      3.774e-04
ENSG00000266490:2(@)Loc1500   chr17_30799933_G_A_b38   2.920e-01 5.112e-04    5.112e-04      1.493e-04
ENSG00000172171:2(@)Loc1500   chr17_30883577_G_A_b38   1.467e-01 1.242e-03    1.242e-03      1.822e-04
ENSG00000176390:1(@)Loc1500   chr17_30729320_G_A_b38   9.190e-01 2.346e-04    2.346e-04      2.156e-04
ENSG00000108785:1(@)Loc1507   chr17_42545764_CAAT_C_b38   1.881e-01 7.545e-04    7.546e-04      1.419e-04
ENSG00000108785:1(@)Loc1507   chr17_42545768_CCCCTTGCCT_C_b38   4.116e-01 7.545e-04    7.546e-04      3.106e-04
ENSG00000141295:1(@)Loc1510   chr17_47838029_T_C_b38   8.356e-01 7.816e-04    7.817e-04      6.532e-04
ENSG00000108468:2(@)Loc1510   chr17_48105827_G_A_b38   1.971e-01 5.179e-04    5.179e-04      1.021e-04
ENSG00000132475:2(@)Loc1524   chr17_75786110_T_C_b38   3.040e-03 3.861e-01    3.861e-01      1.174e-03
ENSG00000132478:1(@)Loc1524   chr17_75782435_CA_C_b38   1.248e-02 8.389e-03    8.390e-03      1.047e-04
ENSG00000132478:1(@)Loc1524   chr17_75782736_G_C_b38   1.248e-02 8.389e-03    8.390e-03      1.047e-04
ENSG00000132478:1(@)Loc1524   chr17_75783117_A_C_b38   1.248e-02 8.389e-03    8.390e-03      1.047e-04
ENSG00000132478:1(@)Loc1524   chr17_75784425_G_A_b38   3.937e-02 3.127e-03    3.127e-03      1.231e-04
ENSG00000132478:1(@)Loc1524   chr17_75786110_T_C_b38   1.246e-02 3.861e-01    3.861e-01      4.812e-03
ENSG00000154845:1(@)Loc1536   chr18_9615853_C_T_b38   6.857e-01 1.920e-04    1.920e-04      1.316e-04
ENSG00000154845:1(@)Loc1536   chr18_9621843_C_T_b38   1.711e-01 8.117e-04    8.117e-04      1.389e-04
ENSG00000177576:1(@)Loc1556   chr18_49480864_G_A_b38   2.308e-01 1.172e-02    1.172e-02      2.705e-03
ENSG00000172006:2(@)Loc1580   chr19_2814183_C_T_b38   2.617e-02 2.108e-02    2.109e-02      5.519e-04
ENSG00000182566:2(@)Loc1584   chr19_7781401_G_A_b38   6.562e-01 3.555e-04    3.555e-04      2.333e-04
ENSG00000268297:1(@)Loc1584   chr19_7788830_C_G_b38   7.271e-01 2.487e-04    2.487e-04      1.808e-04
ENSG00000268297:2(@)Loc1584   chr19_7790007_A_G_b38   1.111e-01 1.739e-03    1.739e-03      1.931e-04
ENSG00000268297:2(@)Loc1584   chr19_7790573_A_C_b38   6.856e-02 1.739e-03    1.739e-03      1.192e-04
ENSG00000268297:2(@)Loc1584   chr19_7790577_C_G_b38   6.851e-02 1.739e-03    1.739e-03      1.191e-04
ENSG00000268297:2(@)Loc1584   chr19_7790610_C_G_b38   6.856e-02 1.739e-03    1.739e-03      1.192e-04
ENSG00000268297:2(@)Loc1584   chr19_7790619_C_G_b38   6.851e-02 1.739e-03    1.739e-03      1.191e-04
ENSG00000268297:2(@)Loc1584   chr19_7790931_T_G_b38   6.856e-02 1.739e-03    1.739e-03      1.192e-04
ENSG00000268297:2(@)Loc1584   chr19_7791047_T_TG_b38   6.851e-02 2.041e-03    2.041e-03      1.398e-04
ENSG00000268297:2(@)Loc1584   chr19_7791048_T_TATG_b38   6.719e-02 1.915e-03    1.915e-03      1.287e-04
ENSG00000268297:2(@)Loc1584   chr19_7791072_T_G_b38   6.851e-02 1.880e-03    1.880e-03      1.288e-04
ENSG00000268297:2(@)Loc1584   chr19_7791394_C_T_b38   6.856e-02 1.739e-03    1.739e-03      1.192e-04
ENSG00000268297:2(@)Loc1584   chr19_7791437_C_T_b38   6.851e-02 1.739e-03    1.739e-03      1.191e-04
ENSG00000268297:2(@)Loc1584   chr19_7791675_T_C_b38   6.856e-02 1.717e-03    1.717e-03      1.177e-04
ENSG00000130518:1(@)Loc1591   chr19_18275557_A_G_b38   9.567e-01 2.785e-04    2.785e-04      2.665e-04
ENSG00000213996:1(@)Loc1592   chr19_19296909_T_C_b38   3.417e-03 1.000e+00    1.000e+00      3.417e-03
ENSG00000081665:1(@)Loc1593   chr19_19810158_C_A_b38   9.293e-02 4.929e-03    4.930e-03      4.581e-04
ENSG00000267130:1(@)Loc1600   chr19_33289538_G_A_b38   9.348e-01 1.121e-04    1.121e-04      1.048e-04
ENSG00000130208:2(@)Loc1608   chr19_44908822_C_T_b38   1.310e-03 3.333e-01    3.333e-01      4.366e-04
ENSG00000130208:2(@)Loc1608   chr19_44912383_G_A_b38   2.661e-03 3.333e-01    3.333e-01      8.871e-04
ENSG00000142233:3(@)Loc1610   chr19_48702915_C_T_b38   2.453e-03 4.176e-01    4.176e-01      1.024e-03
ENSG00000142233:3(@)Loc1610   chr19_48703160_A_G_b38   2.453e-03 5.764e-01    5.764e-01      1.414e-03
ENSG00000176920:1(@)Loc1610   chr19_48702915_C_T_b38   5.579e-02 4.176e-01    4.176e-01      2.330e-02
ENSG00000176920:1(@)Loc1610   chr19_48703160_A_G_b38   5.588e-02 5.764e-01    5.764e-01      3.220e-02
ENSG00000176920:1(@)Loc1610   chr19_48708712_T_C_b38   3.921e-02 5.806e-03    5.806e-03      2.276e-04
ENSG00000198093:1(@)Loc1612   chr19_51903526_G_A_b38   8.552e-02 1.172e-03    1.172e-03      1.002e-04
ENSG00000197497:1(@)Loc1613   chr19_53194115_T_G_b38   3.502e-01 5.369e-04    5.369e-04      1.881e-04
ENSG00000100994:1(@)Loc1634   chr20_25249342_G_A_b38   3.846e-01 3.287e-04    3.288e-04      1.265e-04
ENSG00000274414:1(@)Loc1634   chr20_25245302_C_A_b38   3.604e-01 6.744e-04    6.744e-04      2.431e-04
ENSG00000100997:1(@)Loc1635   chr20_25390742_G_GGCCTCCGCC_b38   7.861e-01 2.848e-04    2.849e-04      2.239e-04
ENSG00000101004:1(@)Loc1635   chr20_25585519_G_A_b38   7.075e-01 2.631e-04    2.632e-04      1.862e-04
ENSG00000101019:1(@)Loc1637   chr20_35413255_C_T_b38   4.439e-02 3.053e-03    3.053e-03      1.355e-04
ENSG00000125991:2(@)Loc1637   chr20_35566823_C_T_b38   1.991e-02 5.424e-01    5.424e-01      1.080e-02
ENSG00000125991:1(@)Loc1637   chr20_35540122_G_A_b38   1.039e-02 2.297e-02    2.297e-02      2.387e-04
ENSG00000125991:1(@)Loc1637   chr20_35543647_C_T_b38   7.300e-02 1.643e-03    1.643e-03      1.199e-04
ENSG00000125991:1(@)Loc1637   chr20_35564866_C_T_b38   2.187e-02 2.579e-02    2.580e-02      5.643e-04
ENSG00000224497:1(@)Loc1637   chr20_35543647_C_T_b38   1.041e-01 1.643e-03    1.643e-03      1.710e-04
ENSG00000224497:1(@)Loc1637   chr20_35544211_T_C_b38   1.517e-01 1.643e-03    1.643e-03      2.492e-04
ENSG00000224497:1(@)Loc1637   chr20_35544511_C_T_b38   3.731e-01 1.429e-03    1.429e-03      5.332e-04
ENSG00000224497:1(@)Loc1637   chr20_35545279_C_T_b38   1.073e-01 1.643e-03    1.643e-03      1.763e-04
ENSG00000224497:1(@)Loc1637   chr20_35545280_A_G_b38   1.073e-01 1.643e-03    1.643e-03      1.763e-04
ENSG00000224497:1(@)Loc1637   chr20_35545566_TCAA_T_b38   1.073e-01 1.643e-03    1.643e-03      1.763e-04
ENSG00000244462:2(@)Loc1637   chr20_35655095_C_T_b38   8.018e-03 1.261e-02    1.261e-02      1.011e-04
ENSG00000244005:1(@)Loc1637   chr20_35655095_C_T_b38   1.411e-02 1.261e-02    1.261e-02      1.779e-04
ENSG00000244005:1(@)Loc1637   chr20_35697520_C_T_b38   9.575e-02 1.523e-02    1.523e-02      1.458e-03
ENSG00000244005:1(@)Loc1637   chr20_35724912_C_T_b38   1.304e-02 1.753e-02    1.753e-02      2.285e-04
ENSG00000171703:1(@)Loc1654   chr20_64074752_A_G_b38   3.047e-01 2.145e-03    2.145e-03      6.536e-04
ENSG00000273271:1(@)Loc1667   chr21_31687518_T_C_b38   1.301e-02 2.693e-02    2.693e-02      3.503e-04
ENSG00000273271:1(@)Loc1667   chr21_31715550_A_G_b38   4.221e-03 4.053e-02    4.053e-02      1.711e-04
ENSG00000231713:2(@)Loc1673   chr21_39727797_T_C_b38   5.988e-01 3.529e-04    3.529e-04      2.113e-04
ENSG00000182362:1(@)Loc1678   chr21_46306418_C_G_b38   9.995e-01 6.474e-04    6.474e-04      6.471e-04
ENSG00000230051:2(@)Loc1686   chr22_27337579_C_T_b38   4.203e-01 3.077e-04    3.077e-04      1.293e-04
ENSG00000227201:1(@)Loc1688   chr22_30017888_T_C_b38   1.314e-02 4.375e-02    4.375e-02      5.748e-04
ENSG00000100281:2(@)Loc1692   chr22_35257480_C_T_b38   8.833e-02 3.242e-03    3.243e-03      2.864e-04
ENSG00000205643:1(@)Loc1699   chr22_46231706_C_T_b38   4.023e-03 3.900e-01    3.900e-01      1.569e-03
ENSG00000205643:1(@)Loc1699   chr22_46233582_A_G_b38   4.106e-03 4.925e-01    4.925e-01      2.022e-03
ENSG00000100299:1(@)Loc1702   chr22_50625049_T_C_b38   9.628e-01 2.623e-04    2.623e-04      2.526e-04
