Signal	SNP	PIP_qtl	PIP_gwas_marginal	PIP_gwas_qtl_prior	SCP
ENSG00000162585:1(@)Loc2   chr1_2189679_C_T_b38   9.999e-01 3.918e-04    3.917e-04      3.917e-04
ENSG00000159363:1(@)Loc12   chr1_17011965_G_A_b38   7.391e-01 1.810e-04    1.810e-04      1.337e-04
ENSG00000204178:1(@)Loc18   chr1_25434429_C_T_b38   7.604e-04 2.652e-01    2.652e-01      2.016e-04
ENSG00000204178:1(@)Loc18   chr1_25434800_T_C_b38   7.604e-04 2.326e-01    2.326e-01      1.769e-04
ENSG00000204178:1(@)Loc18   chr1_25442446_A_G_b38   2.669e-04 4.469e-01    4.469e-01      1.193e-04
ENSG00000188672:2(@)Loc18   chr1_25434429_C_T_b38   1.056e-03 2.652e-01    2.652e-01      2.800e-04
ENSG00000188672:2(@)Loc18   chr1_25434800_T_C_b38   1.056e-03 2.326e-01    2.326e-01      2.456e-04
ENSG00000198890:1(@)Loc66   chr1_107056636_A_T_b38   2.826e-01 9.177e-04    9.176e-04      2.593e-04
ENSG00000198890:1(@)Loc66   chr1_107075085_G_A_b38   2.875e-02 3.680e-02    3.680e-02      1.058e-03
ENSG00000263956:1(@)Loc73   chr1_148158518_T_C_b38   7.231e-01 1.629e-04    1.629e-04      1.178e-04
ENSG00000143412:2(@)Loc74   chr1_150986360_A_G_b38   9.079e-04 9.701e-01    9.701e-01      8.807e-04
ENSG00000169242:1(@)Loc77   chr1_155133578_A_G_b38   1.985e-01 1.189e-03    1.189e-03      2.359e-04
ENSG00000169242:1(@)Loc77   chr1_155133751_A_T_b38   1.985e-01 1.173e-03    1.173e-03      2.327e-04
ENSG00000203747:2(@)Loc80   chr1_161551141_C_T_b38   9.402e-03 1.573e-02    1.572e-02      1.478e-04
ENSG00000162746:1(@)Loc80   chr1_161727208_C_G_b38   7.383e-01 2.435e-04    2.435e-04      1.798e-04
ENSG00000084674:1(@)Loc145   chr2_21041028_G_A_b38   1.788e-01 9.999e-01    9.999e-01      1.788e-01
ENSG00000163586:1(@)Loc187   chr2_88129052_C_T_b38   9.999e-01 6.225e-04    6.224e-04      6.223e-04
ENSG00000233579:1(@)Loc252   chr2_202843584_A_G_b38   1.441e-03 4.580e-01    4.579e-01      6.598e-04
ENSG00000138363:2(@)Loc259   chr2_215325931_C_T_b38   7.560e-02 6.364e-03    6.363e-03      4.811e-04
ENSG00000115414:1(@)Loc259   chr2_215422370_A_G_b38   2.504e-03 6.331e-02    6.330e-02      1.585e-04
ENSG00000115414:1(@)Loc259   chr2_215435759_T_A_b38   1.121e-02 2.100e-02    2.100e-02      2.355e-04
ENSG00000115414:1(@)Loc259   chr2_215439661_T_C_b38   9.395e-04 6.684e-01    6.684e-01      6.279e-04
ENSG00000164088:1(@)Loc312   chr3_52245578_G_A_b38   7.752e-01 1.184e-03    1.184e-03      9.175e-04
ENSG00000275956:1(@)Loc312   chr3_52732590_G_A_b38   2.370e-01 1.197e-03    1.197e-03      2.837e-04
ENSG00000168297:1(@)Loc316   chr3_58308140_G_A_b38   9.830e-04 1.853e-01    1.852e-01      1.821e-04
ENSG00000168297:1(@)Loc316   chr3_58395560_G_A_b38   4.857e-03 2.640e-01    2.640e-01      1.282e-03
ENSG00000281392:1(@)Loc333   chr3_87089281_G_A_b38   3.479e-01 4.227e-04    4.226e-04      1.470e-04
ENSG00000196981:1(@)Loc352   chr3_122411904_T_C_b38   1.470e-02 7.482e-03    7.481e-03      1.100e-04
ENSG00000196981:1(@)Loc352   chr3_122416042_T_A_b38   3.044e-01 1.627e-02    1.626e-02      4.950e-03
ENSG00000196981:1(@)Loc352   chr3_122431007_C_T_b38   6.788e-03 3.058e-02    3.057e-02      2.075e-04
ENSG00000196981:1(@)Loc352   chr3_122440051_G_C_b38   1.030e-02 1.255e-02    1.255e-02      1.292e-04
ENSG00000114030:1(@)Loc352   chr3_122508624_C_T_b38   5.844e-02 4.390e-03    4.390e-03      2.565e-04
ENSG00000114030:1(@)Loc352   chr3_122509405_T_C_b38   4.813e-02 8.545e-03    8.544e-03      4.112e-04
ENSG00000114030:1(@)Loc352   chr3_122515768_C_G_b38   2.122e-01 5.392e-03    5.391e-03      1.144e-03
ENSG00000114030:1(@)Loc352   chr3_122519606_T_C_b38   6.646e-02 4.217e-03    4.216e-03      2.802e-04
ENSG00000114030:1(@)Loc352   chr3_122529863_G_A_b38   2.829e-02 5.933e-03    5.932e-03      1.678e-04
ENSG00000114030:1(@)Loc352   chr3_122531633_A_G_b38   2.327e-02 4.381e-03    4.380e-03      1.019e-04
ENSG00000114030:1(@)Loc352   chr3_122533461_G_A_b38   2.327e-02 4.381e-03    4.380e-03      1.019e-04
ENSG00000224097:1(@)Loc430   chr4_39480042_T_C_b38   6.865e-01 1.477e-04    1.477e-04      1.014e-04
ENSG00000066230:2(@)Loc521   chr5_520148_G_A_b38   3.391e-01 5.377e-04    5.377e-04      1.823e-04
ENSG00000066230:2(@)Loc521   chr5_524657_A_G_b38   3.757e-01 1.164e-03    1.164e-03      4.372e-04
ENSG00000164300:1(@)Loc567   chr5_80160264_T_C_b38   9.914e-01 1.240e-04    1.240e-04      1.229e-04
ENSG00000145850:3(@)Loc612   chr5_156963286_T_C_b38   4.947e-03 8.308e-01    8.308e-01      4.110e-03
ENSG00000113272:1(@)Loc613   chr5_157731406_C_A_b38   2.525e-01 1.387e-03    1.387e-03      3.502e-04
ENSG00000180596:1(@)Loc650   chr6_26092913_G_A_b38   8.684e-03 9.999e-01    9.999e-01      8.684e-03
ENSG00000272221:1(@)Loc655   chr6_31386727_C_T_b38   7.134e-04 1.892e-01    1.892e-01      1.350e-04
ENSG00000272221:1(@)Loc655   chr6_31386783_C_T_b38   7.134e-04 2.057e-01    2.057e-01      1.467e-04
ENSG00000272221:1(@)Loc655   chr6_31393708_T_C_b38   4.716e-03 4.998e-01    4.998e-01      2.357e-03
ENSG00000204267:3(@)Loc657   chr6_32814805_C_T_b38   1.130e-02 1.967e-02    1.967e-02      2.224e-04
ENSG00000204267:3(@)Loc657   chr6_32816843_C_T_b38   1.130e-02 1.587e-02    1.587e-02      1.794e-04
ENSG00000204267:3(@)Loc657   chr6_32821703_A_G_b38   4.576e-03 2.346e-01    2.346e-01      1.074e-03
ENSG00000204267:3(@)Loc657   chr6_32828569_T_C_b38   5.436e-03 1.909e-02    1.909e-02      1.038e-04
ENSG00000204267:3(@)Loc657   chr6_32828908_A_G_b38   1.644e-02 1.376e-01    1.376e-01      2.262e-03
ENSG00000204267:3(@)Loc657   chr6_32828974_T_C_b38   1.404e-02 1.416e-01    1.416e-01      1.988e-03
ENSG00000204267:3(@)Loc657   chr6_32829190_G_A_b38   1.406e-02 2.575e-02    2.575e-02      3.620e-04
ENSG00000204267:3(@)Loc657   chr6_32829584_C_T_b38   8.006e-03 1.951e-01    1.951e-01      1.562e-03
ENSG00000241106:3(@)Loc657   chr6_32816843_C_T_b38   1.382e-02 1.587e-02    1.587e-02      2.194e-04
ENSG00000241106:3(@)Loc657   chr6_32821703_A_G_b38   1.469e-03 2.346e-01    2.346e-01      3.448e-04
ENSG00000241106:3(@)Loc657   chr6_32829584_C_T_b38   5.234e-04 1.951e-01    1.951e-01      1.021e-04
ENSG00000196821:1(@)Loc658   chr6_34651116_G_A_b38   1.357e-02 2.224e-02    2.224e-02      3.017e-04
ENSG00000196821:1(@)Loc658   chr6_34671070_G_A_b38   1.357e-02 8.785e-03    8.784e-03      1.192e-04
ENSG00000196821:1(@)Loc658   chr6_34695821_C_T_b38   1.817e-01 2.711e-02    2.711e-02      4.926e-03
ENSG00000272288:1(@)Loc658   chr6_34695821_C_T_b38   9.374e-03 2.711e-02    2.711e-02      2.541e-04
ENSG00000124713:2(@)Loc663   chr6_42960279_C_G_b38   2.376e-01 5.025e-04    5.025e-04      1.194e-04
ENSG00000124713:2(@)Loc663   chr6_42960723_C_T_b38   2.808e-01 5.420e-04    5.419e-04      1.522e-04
ENSG00000124713:2(@)Loc663   chr6_42964977_C_T_b38   5.955e-03 7.483e-02    7.482e-02      4.455e-04
ENSG00000124587:1(@)Loc663   chr6_42975041_A_G_b38   7.402e-01 5.783e-04    5.783e-04      4.280e-04
ENSG00000225791:1(@)Loc669   chr6_52577484_G_C_b38   3.535e-01 3.607e-04    3.606e-04      1.275e-04
ENSG00000216775:2(@)Loc669   chr6_52658421_G_T_b38   2.132e-02 1.120e-02    1.120e-02      2.387e-04
ENSG00000216775:2(@)Loc669   chr6_52664868_A_C_b38   2.595e-01 6.469e-02    6.468e-02      1.678e-02
ENSG00000216775:2(@)Loc669   chr6_52666029_C_T_b38   4.988e-02 1.685e-02    1.685e-02      8.405e-04
ENSG00000216775:2(@)Loc669   chr6_52666092_G_A_b38   3.790e-02 8.103e-03    8.102e-03      3.070e-04
ENSG00000096092:2(@)Loc669   chr6_52664868_A_C_b38   1.968e-03 6.469e-02    6.468e-02      1.273e-04
ENSG00000155085:1(@)Loc703   chr6_109690255_T_C_b38   2.932e-01 6.728e-04    6.727e-04      1.972e-04
ENSG00000120262:1(@)Loc728   chr6_151578912_T_A_b38   5.272e-02 1.899e-03    1.898e-03      1.001e-04
ENSG00000120262:1(@)Loc728   chr6_151586613_C_T_b38   1.612e-01 1.648e-03    1.648e-03      2.657e-04
ENSG00000164849:1(@)Loc744   chr7_1044141_A_G_b38   2.001e-02 8.097e-03    8.096e-03      1.620e-04
ENSG00000270933:1(@)Loc765   chr7_25952206_T_C_b38   1.211e-03 9.996e-01    9.996e-01      1.211e-03
ENSG00000272950:1(@)Loc802   chr7_98300261_TC_T_b38   5.379e-02 3.482e-03    3.481e-03      1.873e-04
ENSG00000272950:1(@)Loc802   chr7_98312758_C_CTG_b38   2.375e-02 4.212e-03    4.211e-03      1.000e-04
ENSG00000272950:1(@)Loc802   chr7_98316987_C_CT_b38   3.716e-02 4.212e-03    4.211e-03      1.565e-04
ENSG00000272950:1(@)Loc802   chr7_98320502_C_T_b38   1.623e-01 4.212e-03    4.211e-03      6.834e-04
ENSG00000272950:1(@)Loc802   chr7_98322009_C_T_b38   2.343e-01 4.854e-03    4.853e-03      1.137e-03
ENSG00000231721:2(@)Loc822   chr7_130944734_T_C_b38   8.733e-02 1.913e-03    1.913e-03      1.671e-04
ENSG00000231721:2(@)Loc822   chr7_130945142_C_T_b38   7.237e-02 2.517e-03    2.517e-03      1.821e-04
ENSG00000231721:2(@)Loc822   chr7_130949717_G_T_b38   8.392e-02 3.453e-03    3.452e-03      2.897e-04
ENSG00000231721:2(@)Loc822   chr7_130951116_C_A_b38   7.266e-02 1.804e-03    1.804e-03      1.311e-04
ENSG00000233609:1(@)Loc852   chr8_8964127_A_G_b38   1.294e-01 1.295e-03    1.295e-03      1.676e-04
ENSG00000147454:2(@)Loc865   chr8_23532058_T_C_b38   1.814e-03 6.465e-02    6.464e-02      1.173e-04
ENSG00000178209:1(@)Loc935   chr8_143948489_G_T_b38   7.344e-03 9.999e-01    9.999e-01      7.344e-03
ENSG00000273226:1(@)Loc950   chr9_19375840_TGGTATCCACTAAAACTA_T_b38   6.507e-01 6.737e-04    6.737e-04      4.384e-04
ENSG00000198917:1(@)Loc1001   chr9_128829615_G_C_b38   6.932e-01 1.356e-03    1.356e-03      9.400e-04
ENSG00000136816:2(@)Loc1002   chr9_129804387_G_A_b38   9.984e-01 1.386e-04    1.386e-04      1.383e-04
ENSG00000187553:1(@)Loc1068   chr10_93059296_C_T_b38   1.767e-02 6.838e-03    6.838e-03      1.208e-04
ENSG00000187553:1(@)Loc1068   chr10_93060445_C_T_b38   1.516e-01 9.366e-04    9.365e-04      1.420e-04
ENSG00000119927:1(@)Loc1079   chr10_112150963_A_G_b38   5.536e-03 2.012e-01    2.012e-01      1.114e-03
ENSG00000119927:1(@)Loc1079   chr10_112161596_G_A_b38   2.716e-03 8.369e-02    8.369e-02      2.273e-04
ENSG00000119927:1(@)Loc1079   chr10_112174128_A_G_b38   9.542e-03 2.329e-01    2.329e-01      2.222e-03
ENSG00000119927:1(@)Loc1079   chr10_112180571_T_C_b38   9.532e-03 8.769e-02    8.769e-02      8.358e-04
ENSG00000119927:1(@)Loc1079   chr10_112184513_A_G_b38   8.588e-03 3.940e-01    3.940e-01      3.384e-03
ENSG00000266200:1(@)Loc1081   chr10_116635040_G_C_b38   2.458e-01 1.054e-03    1.054e-03      2.590e-04
ENSG00000266200:1(@)Loc1081   chr10_116638383_A_G_b38   2.458e-01 5.438e-04    5.437e-04      1.337e-04
ENSG00000266200:1(@)Loc1081   chr10_116638535_C_A_b38   2.458e-01 6.775e-04    6.774e-04      1.665e-04
ENSG00000138161:1(@)Loc1086   chr10_122850511_G_A_b38   2.700e-01 1.514e-03    1.514e-03      4.087e-04
ENSG00000165912:1(@)Loc1123   chr11_47180373_G_A_b38   2.032e-01 1.539e-03    1.539e-03      3.127e-04
ENSG00000168496:2(@)Loc1128   chr11_61790331_T_C_b38   8.686e-03 3.373e-02    3.373e-02      2.930e-04
ENSG00000168496:2(@)Loc1128   chr11_61830500_A_G_b38   7.885e-04 2.963e-01    2.963e-01      2.336e-04
ENSG00000134824:1(@)Loc1128   chr11_61830500_A_G_b38   3.818e-04 2.963e-01    2.963e-01      1.131e-04
ENSG00000149485:1(@)Loc1128   chr11_61830500_A_G_b38   1.874e-02 2.963e-01    2.962e-01      5.552e-03
ENSG00000149485:1(@)Loc1128   chr11_61836038_C_A_b38   7.760e-03 5.663e-02    5.662e-02      4.394e-04
ENSG00000149485:1(@)Loc1128   chr11_61837342_C_A_b38   1.221e-02 2.241e-01    2.241e-01      2.736e-03
ENSG00000173327:1(@)Loc1130   chr11_65613445_G_A_b38   1.769e-01 1.621e-03    1.621e-03      2.867e-04
ENSG00000173327:1(@)Loc1130   chr11_65622419_G_C_b38   5.904e-02 1.797e-03    1.797e-03      1.061e-04
ENSG00000174080:2(@)Loc1131   chr11_66568700_C_A_b38   2.075e-01 7.248e-04    7.247e-04      1.504e-04
ENSG00000118369:2(@)Loc1137   chr11_78213561_A_C_b38   5.089e-02 1.177e-02    1.177e-02      5.988e-04
ENSG00000151376:1(@)Loc1141   chr11_86672834_C_A_b38   1.905e-01 5.730e-04    5.729e-04      1.091e-04
ENSG00000151376:1(@)Loc1141   chr11_86673021_C_G_b38   1.904e-01 5.730e-04    5.729e-04      1.091e-04
ENSG00000109917:1(@)Loc1164   chr11_116778201_G_C_b38   3.146e-03 9.837e-01    9.837e-01      3.095e-03
ENSG00000243431:1(@)Loc1165   chr11_118545538_C_T_b38   3.619e-03 6.732e-02    6.732e-02      2.437e-04
ENSG00000243431:1(@)Loc1165   chr11_118554704_G_T_b38   4.901e-03 2.156e-02    2.156e-02      1.056e-04
ENSG00000243431:1(@)Loc1165   chr11_118560058_A_AC_b38   9.917e-02 1.119e-03    1.119e-03      1.109e-04
ENSG00000149582:2(@)Loc1165   chr11_118545538_C_T_b38   5.689e-03 6.732e-02    6.732e-02      3.830e-04
ENSG00000149582:2(@)Loc1165   chr11_118554704_G_T_b38   6.556e-03 2.156e-02    2.156e-02      1.413e-04
ENSG00000118096:1(@)Loc1165   chr11_118573229_G_A_b38   2.993e-01 9.511e-04    9.510e-04      2.847e-04
ENSG00000154127:1(@)Loc1168   chr11_122647817_A_G_b38   2.421e-02 6.782e-03    6.782e-03      1.642e-04
ENSG00000154127:1(@)Loc1168   chr11_122651667_T_C_b38   4.531e-03 3.745e-02    3.745e-02      1.697e-04
ENSG00000154127:1(@)Loc1168   chr11_122655793_A_C_b38   2.065e-01 6.102e-03    6.101e-03      1.260e-03
ENSG00000154127:1(@)Loc1168   chr11_122655893_C_T_b38   2.442e-01 6.721e-03    6.720e-03      1.641e-03
ENSG00000154127:1(@)Loc1168   chr11_122656412_G_A_b38   7.865e-02 6.721e-03    6.720e-03      5.285e-04
ENSG00000154127:1(@)Loc1168   chr11_122657315_G_A_b38   3.971e-02 6.721e-03    6.720e-03      2.669e-04
ENSG00000154127:1(@)Loc1168   chr11_122657485_T_C_b38   3.971e-02 6.721e-03    6.720e-03      2.669e-04
ENSG00000154127:1(@)Loc1168   chr11_122658155_T_A_b38   3.971e-02 6.721e-03    6.720e-03      2.669e-04
ENSG00000154127:1(@)Loc1168   chr11_122658162_C_T_b38   3.971e-02 6.721e-03    6.720e-03      2.669e-04
ENSG00000154127:1(@)Loc1168   chr11_122663482_C_T_b38   1.629e-02 6.721e-03    6.720e-03      1.094e-04
ENSG00000154127:1(@)Loc1168   chr11_122663796_T_C_b38   3.308e-03 1.101e-01    1.101e-01      3.642e-04
ENSG00000110080:2(@)Loc1171   chr11_126358764_T_G_b38   1.288e-03 9.467e-02    9.466e-02      1.220e-04
ENSG00000280832:2(@)Loc1171   chr11_126358764_T_G_b38   1.110e-03 9.467e-02    9.466e-02      1.051e-04
ENSG00000066084:1(@)Loc1209   chr12_50508099_T_C_b38   1.734e-02 9.260e-02    9.259e-02      1.605e-03
ENSG00000139629:1(@)Loc1209   chr12_51360845_A_G_b38   8.118e-01 2.035e-04    2.035e-04      1.652e-04
ENSG00000270028:1(@)Loc1253   chr12_123920171_T_C_b38   3.789e-02 4.326e-03    4.325e-03      1.639e-04
ENSG00000270028:1(@)Loc1253   chr12_123924955_G_A_b38   1.307e-01 8.656e-04    8.655e-04      1.131e-04
ENSG00000270028:1(@)Loc1253   chr12_123935181_C_T_b38   7.041e-03 1.912e-02    1.912e-02      1.346e-04
ENSG00000270028:1(@)Loc1253   chr12_123964676_C_A_b38   1.470e-02 9.307e-03    9.306e-03      1.368e-04
ENSG00000250091:1(@)Loc1253   chr12_123935181_C_T_b38   5.075e-02 1.912e-02    1.912e-02      9.704e-04
ENSG00000122033:1(@)Loc1267   chr13_27423168_C_T_b38   3.384e-01 3.966e-04    3.966e-04      1.342e-04
ENSG00000274330:1(@)Loc1354   chr14_70224238_T_C_b38   9.019e-02 4.683e-02    4.683e-02      4.223e-03
ENSG00000275198:1(@)Loc1367   chr14_90383503_C_A_b38   4.954e-01 2.215e-04    2.214e-04      1.097e-04
ENSG00000258666:1(@)Loc1374   chr14_100354199_A_G_b38   4.631e-01 3.039e-03    3.038e-03      1.407e-03
ENSG00000178802:1(@)Loc1413   chr15_74885866_G_A_b38   2.890e-02 8.705e-03    8.704e-03      2.515e-04
ENSG00000178802:1(@)Loc1413   chr15_74897589_A_G_b38   4.216e-02 3.306e-03    3.306e-03      1.394e-04
ENSG00000100726:2(@)Loc1430   chr16_1510110_C_T_b38   1.301e-01 9.125e-04    9.124e-04      1.187e-04
ENSG00000183426:1(@)Loc1443   chr16_15036083_C_T_b38   9.999e-01 1.656e-04    1.656e-04      1.656e-04
ENSG00000167394:1(@)Loc1452   chr16_31074149_T_C_b38   5.479e-02 4.458e-03    4.458e-03      2.443e-04
ENSG00000262766:2(@)Loc1452   chr16_31118574_A_G_b38   1.901e-02 1.114e-02    1.114e-02      2.117e-04
ENSG00000103510:1(@)Loc1452   chr16_31099660_G_A_b38   5.219e-02 2.347e-03    2.347e-03      1.225e-04
ENSG00000103510:1(@)Loc1452   chr16_31102913_A_G_b38   5.475e-02 2.067e-03    2.067e-03      1.132e-04
ENSG00000103510:1(@)Loc1452   chr16_31106068_T_C_b38   9.475e-02 3.065e-03    3.065e-03      2.904e-04
ENSG00000103510:1(@)Loc1452   chr16_31114455_T_C_b38   2.111e-01 3.352e-03    3.351e-03      7.076e-04
ENSG00000103510:1(@)Loc1452   chr16_31116767_AAT_A_b38   2.185e-01 3.065e-03    3.065e-03      6.698e-04
ENSG00000103510:1(@)Loc1452   chr16_31119800_C_T_b38   1.334e-01 3.065e-03    3.065e-03      4.088e-04
ENSG00000103510:1(@)Loc1452   chr16_31120293_A_G_b38   2.786e-02 7.036e-03    7.035e-03      1.960e-04
ENSG00000140830:1(@)Loc1466   chr16_72074194_G_A_b38   1.988e-01 1.000e+00    1.000e+00      1.988e-01
ENSG00000257017:1(@)Loc1466   chr16_72074194_G_A_b38   9.133e-02 1.000e+00    1.000e+00      9.133e-02
ENSG00000261701:1(@)Loc1466   chr16_72074194_G_A_b38   5.176e-01 1.000e+00    1.000e+00      5.176e-01
ENSG00000091640:1(@)Loc1487   chr17_4967598_G_A_b38   4.365e-01 3.227e-04    3.226e-04      1.408e-04
ENSG00000091640:1(@)Loc1487   chr17_4968223_T_C_b38   4.365e-01 2.673e-04    2.673e-04      1.167e-04
ENSG00000227543:1(@)Loc1499   chr17_28599083_C_CG_b38   2.233e-01 1.012e-03    1.012e-03      2.261e-04
ENSG00000167525:1(@)Loc1499   chr17_28711396_CCCCCGGCCCTAGCTCCG_C_b38   2.657e-01 8.894e-04    8.892e-04      2.362e-04
ENSG00000167525:1(@)Loc1499   chr17_28711515_G_A_b38   3.049e-01 1.012e-03    1.012e-03      3.086e-04
ENSG00000173065:1(@)Loc1499   chr17_28840955_C_G_b38   2.136e-02 5.245e-03    5.245e-03      1.120e-04
ENSG00000173065:1(@)Loc1499   chr17_28842719_T_TGCCGCCC_b38   1.861e-01 2.301e-03    2.301e-03      4.282e-04
ENSG00000173065:1(@)Loc1499   chr17_28842872_G_C_b38   1.873e-01 1.975e-03    1.975e-03      3.698e-04
ENSG00000173065:1(@)Loc1499   chr17_28843137_TC_T_b38   8.628e-02 1.503e-03    1.503e-03      1.297e-04
ENSG00000263293:1(@)Loc1509   chr17_47314438_T_C_b38   1.737e-03 4.905e-01    4.905e-01      8.519e-04
ENSG00000276790:1(@)Loc1509   chr17_47314438_T_C_b38   1.821e-03 4.905e-01    4.905e-01      8.934e-04
ENSG00000276790:1(@)Loc1509   chr17_47361586_C_T_b38   2.385e-02 5.009e-01    5.009e-01      1.195e-02
ENSG00000108479:1(@)Loc1524   chr17_75765885_C_T_b38   4.790e-02 2.180e-03    2.180e-03      1.044e-04
ENSG00000108479:1(@)Loc1524   chr17_75786110_T_C_b38   1.660e-03 3.861e-01    3.861e-01      6.407e-04
ENSG00000132478:2(@)Loc1524   chr17_75786110_T_C_b38   1.332e-03 3.861e-01    3.861e-01      5.144e-04
ENSG00000141569:1(@)Loc1524   chr17_75890807_A_G_b38   3.554e-01 3.601e-04    3.601e-04      1.280e-04
ENSG00000177576:2(@)Loc1556   chr18_49480864_G_A_b38   1.401e-02 1.172e-02    1.172e-02      1.642e-04
ENSG00000268297:1(@)Loc1584   chr19_7788830_C_G_b38   7.301e-01 2.487e-04    2.486e-04      1.815e-04
ENSG00000268297:2(@)Loc1584   chr19_7789788_G_T_b38   1.459e-01 1.581e-03    1.581e-03      2.307e-04
ENSG00000268297:2(@)Loc1584   chr19_7790007_A_G_b38   9.317e-02 1.739e-03    1.738e-03      1.620e-04
ENSG00000268297:2(@)Loc1584   chr19_7791047_T_TG_b38   5.730e-02 2.041e-03    2.040e-03      1.169e-04
ENSG00000268297:2(@)Loc1584   chr19_7791048_T_TATG_b38   5.920e-02 1.915e-03    1.915e-03      1.134e-04
ENSG00000268297:2(@)Loc1584   chr19_7791072_T_G_b38   5.730e-02 1.880e-03    1.880e-03      1.077e-04
ENSG00000130518:1(@)Loc1591   chr19_18275557_A_G_b38   8.444e-01 2.785e-04    2.785e-04      2.351e-04
ENSG00000081665:1(@)Loc1593   chr19_19810158_C_A_b38   8.228e-02 4.929e-03    4.929e-03      4.055e-04
ENSG00000130204:1(@)Loc1608   chr19_44886339_G_A_b38   2.165e-03 3.333e-01    3.333e-01      7.216e-04
ENSG00000176920:1(@)Loc1610   chr19_48702915_C_T_b38   2.220e-03 4.176e-01    4.176e-01      9.273e-04
ENSG00000176920:1(@)Loc1610   chr19_48703160_A_G_b38   2.220e-03 5.764e-01    5.764e-01      1.280e-03
ENSG00000142233:1(@)Loc1610   chr19_48702915_C_T_b38   6.962e-03 4.176e-01    4.176e-01      2.908e-03
ENSG00000142233:1(@)Loc1610   chr19_48703160_A_G_b38   6.962e-03 5.764e-01    5.764e-01      4.013e-03
ENSG00000101019:1(@)Loc1637   chr20_35413255_C_T_b38   3.521e-02 3.053e-03    3.053e-03      1.075e-04
ENSG00000125965:1(@)Loc1637   chr20_35458678_G_A_b38   1.311e-02 9.136e-02    9.134e-02      1.198e-03
ENSG00000126001:1(@)Loc1637   chr20_35458678_G_A_b38   3.470e-02 9.136e-02    9.134e-02      3.170e-03
ENSG00000125991:1(@)Loc1637   chr20_35540122_G_A_b38   8.649e-03 2.297e-02    2.297e-02      1.987e-04
ENSG00000125991:1(@)Loc1637   chr20_35557690_T_C_b38   7.394e-02 3.141e-03    3.141e-03      2.323e-04
ENSG00000125991:1(@)Loc1637   chr20_35566823_C_T_b38   5.403e-02 5.424e-01    5.423e-01      2.930e-02
ENSG00000224497:1(@)Loc1637   chr20_35540122_G_A_b38   1.755e-02 2.297e-02    2.297e-02      4.032e-04
ENSG00000224497:1(@)Loc1637   chr20_35543647_C_T_b38   1.215e-01 1.643e-03    1.643e-03      1.995e-04
ENSG00000224497:1(@)Loc1637   chr20_35544511_C_T_b38   1.545e-01 1.429e-03    1.429e-03      2.207e-04
ENSG00000224497:1(@)Loc1637   chr20_35545279_C_T_b38   2.463e-01 1.643e-03    1.643e-03      4.046e-04
ENSG00000224497:1(@)Loc1637   chr20_35545566_TCAA_T_b38   2.463e-01 1.643e-03    1.643e-03      4.046e-04
ENSG00000224497:1(@)Loc1637   chr20_35549038_C_T_b38   7.720e-02 1.643e-03    1.643e-03      1.268e-04
ENSG00000244462:1(@)Loc1637   chr20_35655095_C_T_b38   1.336e-01 1.261e-02    1.261e-02      1.685e-03
ENSG00000226648:2(@)Loc1641   chr20_41095698_T_C_b38   5.702e-04 6.536e-01    6.536e-01      3.727e-04
ENSG00000231713:1(@)Loc1673   chr21_39727797_T_C_b38   8.254e-01 3.529e-04    3.528e-04      2.912e-04
ENSG00000182362:1(@)Loc1678   chr21_46294881_T_C_b38   1.295e-01 8.599e-04    8.598e-04      1.113e-04
ENSG00000182362:1(@)Loc1678   chr21_46295725_C_CCT_b38   6.007e-01 1.069e-03    1.069e-03      6.423e-04
ENSG00000182362:1(@)Loc1678   chr21_46301747_T_C_b38   2.647e-01 1.219e-03    1.219e-03      3.226e-04
ENSG00000100284:1(@)Loc1692   chr22_35298900_C_A_b38   4.180e-02 3.366e-03    3.366e-03      1.407e-04
ENSG00000100284:1(@)Loc1692   chr22_35299680_GC_G_b38   4.180e-02 4.168e-03    4.167e-03      1.742e-04
ENSG00000205643:2(@)Loc1699   chr22_46231706_C_T_b38   9.911e-04 3.900e-01    3.900e-01      3.866e-04
ENSG00000205643:2(@)Loc1699   chr22_46233582_A_G_b38   1.339e-03 4.925e-01    4.925e-01      6.593e-04
ENSG00000100299:1(@)Loc1702   chr22_50625049_T_C_b38   9.376e-01 2.623e-04    2.622e-04      2.459e-04
