Signal	SNP	PIP_qtl	PIP_gwas_marginal	PIP_gwas_qtl_prior	SCP
ENSG00000204178:1(@)Loc18   chr1_25432164_G_A_b38   6.236e-02 3.203e-02    3.203e-02      1.997e-03
ENSG00000204178:1(@)Loc18   chr1_25434429_C_T_b38   1.957e-03 2.652e-01    2.651e-01      5.189e-04
ENSG00000204178:1(@)Loc18   chr1_25434800_T_C_b38   3.986e-03 2.326e-01    2.326e-01      9.269e-04
ENSG00000185104:1(@)Loc32   chr1_50937923_C_T_b38   1.947e-02 8.267e-03    8.266e-03      1.609e-04
ENSG00000198890:1(@)Loc66   chr1_107056636_A_T_b38   2.642e-01 9.177e-04    9.176e-04      2.424e-04
ENSG00000198890:1(@)Loc66   chr1_107075085_G_A_b38   2.501e-02 3.680e-02    3.680e-02      9.202e-04
ENSG00000169242:1(@)Loc77   chr1_155133578_A_G_b38   3.647e-01 1.189e-03    1.189e-03      4.335e-04
ENSG00000169242:1(@)Loc77   chr1_155133751_A_T_b38   3.647e-01 1.173e-03    1.173e-03      4.276e-04
ENSG00000169231:1(@)Loc77   chr1_155208991_T_A_b38   7.391e-01 2.331e-04    2.331e-04      1.723e-04
ENSG00000198952:1(@)Loc77   chr1_156279714_A_G_b38   1.083e-01 9.874e-04    9.873e-04      1.069e-04
ENSG00000203747:2(@)Loc80   chr1_161551141_C_T_b38   1.145e-02 1.573e-02    1.572e-02      1.801e-04
ENSG00000120341:1(@)Loc88   chr1_177977556_A_C_b38   3.023e-02 8.317e-02    8.316e-02      2.514e-03
ENSG00000227141:3(@)Loc90   chr1_179586351_G_A_b38   2.146e-02 1.319e-02    1.319e-02      2.831e-04
ENSG00000227630:2(@)Loc122   chr1_234713592_G_A_b38   2.885e-04 8.615e-01    8.615e-01      2.485e-04
ENSG00000084674:1(@)Loc145   chr2_21041028_G_A_b38   1.315e-01 9.999e-01    9.999e-01      1.315e-01
ENSG00000221843:2(@)Loc148   chr2_27519736_T_C_b38   3.665e-04 5.902e-01    5.902e-01      2.163e-04
ENSG00000163586:2(@)Loc187   chr2_88129052_C_T_b38   2.478e-01 6.225e-04    6.224e-04      1.543e-04
ENSG00000223947:1(@)Loc190   chr2_101025798_A_G_b38   1.119e-03 1.520e-01    1.520e-01      1.701e-04
ENSG00000088205:2(@)Loc201   chr2_117819143_T_C_b38   1.895e-03 2.115e-01    2.115e-01      4.009e-04
ENSG00000236255:2(@)Loc201   chr2_117819143_T_C_b38   5.664e-04 2.115e-01    2.115e-01      1.198e-04
ENSG00000163596:1(@)Loc252   chr2_202869642_A_T_b38   2.937e-02 1.009e-02    1.009e-02      2.963e-04
ENSG00000115414:2(@)Loc259   chr2_215435759_T_A_b38   6.683e-03 2.100e-02    2.100e-02      1.403e-04
ENSG00000115414:2(@)Loc259   chr2_215439661_T_C_b38   7.816e-04 6.684e-01    6.684e-01      5.224e-04
ENSG00000164088:1(@)Loc312   chr3_52245578_G_A_b38   6.950e-01 1.184e-03    1.184e-03      8.226e-04
ENSG00000275956:1(@)Loc312   chr3_52732590_G_A_b38   2.141e-01 1.197e-03    1.197e-03      2.563e-04
ENSG00000114904:1(@)Loc312   chr3_52771077_A_G_b38   3.172e-01 1.336e-03    1.336e-03      4.239e-04
ENSG00000163684:3(@)Loc316   chr3_58308140_G_A_b38   9.881e-04 1.853e-01    1.852e-01      1.830e-04
ENSG00000196981:1(@)Loc352   chr3_122398191_C_T_b38   1.894e-02 5.709e-03    5.708e-03      1.081e-04
ENSG00000196981:1(@)Loc352   chr3_122416042_T_A_b38   6.271e-01 1.627e-02    1.626e-02      1.020e-02
ENSG00000196981:1(@)Loc352   chr3_122432045_A_G_b38   2.664e-02 4.276e-03    4.276e-03      1.139e-04
ENSG00000196981:1(@)Loc352   chr3_122440051_G_C_b38   2.664e-02 1.255e-02    1.255e-02      3.342e-04
ENSG00000272758:2(@)Loc352   chr3_122416042_T_A_b38   1.206e-02 1.627e-02    1.626e-02      1.961e-04
ENSG00000240704:1(@)Loc380   chr3_170953033_C_T_b38   2.649e-01 2.134e-03    2.134e-03      5.653e-04
ENSG00000240704:1(@)Loc380   chr3_170953520_T_G_b38   1.217e-01 2.931e-03    2.931e-03      3.568e-04
ENSG00000109758:1(@)Loc402   chr4_3436916_G_A_b38   2.230e-02 7.090e-03    7.089e-03      1.581e-04
ENSG00000109758:1(@)Loc402   chr4_3440284_G_C_b38   2.852e-02 4.539e-03    4.539e-03      1.294e-04
ENSG00000138823:1(@)Loc464   chr4_99563386_G_A_b38   4.650e-02 4.825e-02    4.824e-02      2.243e-03
ENSG00000138823:1(@)Loc464   chr4_99564098_G_A_b38   4.650e-02 8.253e-03    8.253e-03      3.837e-04
ENSG00000138823:1(@)Loc464   chr4_99566158_G_A_b38   1.747e-02 6.728e-03    6.728e-03      1.175e-04
ENSG00000113716:2(@)Loc608   chr5_150005047_C_T_b38   5.395e-01 1.886e-04    1.886e-04      1.017e-04
ENSG00000145850:3(@)Loc612   chr5_156963286_T_C_b38   2.919e-03 8.308e-01    8.308e-01      2.425e-03
ENSG00000274641:2(@)Loc651   chr6_27893892_G_A_b38   1.562e-02 1.613e-02    1.613e-02      2.519e-04
ENSG00000272221:1(@)Loc655   chr6_31393708_T_C_b38   7.004e-03 4.998e-01    4.997e-01      3.500e-03
ENSG00000241106:3(@)Loc657   chr6_32816843_C_T_b38   1.605e-02 1.587e-02    1.587e-02      2.548e-04
ENSG00000241106:1(@)Loc657   chr6_32821703_A_G_b38   8.933e-02 2.346e-01    2.346e-01      2.096e-02
ENSG00000241106:1(@)Loc657   chr6_32826899_T_C_b38   1.606e-01 2.747e-03    2.747e-03      4.411e-04
ENSG00000241106:1(@)Loc657   chr6_32828188_G_A_b38   3.895e-02 4.155e-03    4.155e-03      1.618e-04
ENSG00000241106:1(@)Loc657   chr6_32828242_C_A_b38   3.895e-02 4.155e-03    4.155e-03      1.618e-04
ENSG00000241106:1(@)Loc657   chr6_32828280_G_A_b38   3.895e-02 4.155e-03    4.155e-03      1.618e-04
ENSG00000241106:1(@)Loc657   chr6_32828281_C_T_b38   3.895e-02 4.155e-03    4.155e-03      1.618e-04
ENSG00000241106:1(@)Loc657   chr6_32828367_A_G_b38   3.895e-02 4.059e-03    4.059e-03      1.581e-04
ENSG00000241106:1(@)Loc657   chr6_32828449_G_A_b38   6.271e-02 6.575e-03    6.575e-03      4.123e-04
ENSG00000241106:1(@)Loc657   chr6_32828569_T_C_b38   3.895e-02 1.909e-02    1.909e-02      7.437e-04
ENSG00000241106:1(@)Loc657   chr6_32828876_C_A_b38   3.895e-02 4.155e-03    4.155e-03      1.618e-04
ENSG00000241106:1(@)Loc657   chr6_32828908_A_G_b38   2.612e-02 1.376e-01    1.376e-01      3.594e-03
ENSG00000241106:1(@)Loc657   chr6_32828974_T_C_b38   3.895e-02 1.416e-01    1.416e-01      5.516e-03
ENSG00000241106:1(@)Loc657   chr6_32829190_G_A_b38   2.387e-02 2.575e-02    2.575e-02      6.147e-04
ENSG00000241106:1(@)Loc657   chr6_32829584_C_T_b38   6.271e-02 1.951e-01    1.951e-01      1.223e-02
ENSG00000196821:1(@)Loc658   chr6_34695821_C_T_b38   6.470e-03 2.711e-02    2.711e-02      1.754e-04
ENSG00000272288:1(@)Loc658   chr6_34695821_C_T_b38   1.057e-02 2.711e-02    2.711e-02      2.866e-04
ENSG00000161912:1(@)Loc662   chr6_41059781_C_T_b38   6.340e-01 2.632e-04    2.632e-04      1.669e-04
ENSG00000124587:1(@)Loc663   chr6_42975041_A_G_b38   5.124e-01 5.783e-04    5.783e-04      2.963e-04
ENSG00000124587:1(@)Loc663   chr6_42979205_G_A_b38   1.864e-01 5.400e-04    5.399e-04      1.006e-04
ENSG00000225791:2(@)Loc669   chr6_52578269_G_A_b38   2.913e-01 2.471e-03    2.471e-03      7.199e-04
ENSG00000216775:2(@)Loc669   chr6_52662124_AG_A_b38   5.723e-02 3.764e-03    3.764e-03      2.154e-04
ENSG00000216775:2(@)Loc669   chr6_52663320_G_A_b38   1.196e-01 2.285e-03    2.284e-03      2.732e-04
ENSG00000155085:1(@)Loc703   chr6_109690255_T_C_b38   2.458e-01 6.728e-04    6.727e-04      1.654e-04
ENSG00000111816:2(@)Loc707   chr6_116031587_C_T_b38   4.348e-04 3.418e-01    3.418e-01      1.486e-04
ENSG00000111816:2(@)Loc707   chr6_116033428_C_T_b38   4.348e-04 3.070e-01    3.070e-01      1.335e-04
ENSG00000111912:1(@)Loc714   chr6_125843857_G_A_b38   1.281e-01 9.329e-04    9.328e-04      1.195e-04
ENSG00000112339:2(@)Loc719   chr6_135106006_C_A_b38   1.426e-03 9.210e-02    9.209e-02      1.313e-04
ENSG00000157259:1(@)Loc798   chr7_92447889_G_A_b38   7.435e-01 1.482e-04    1.481e-04      1.101e-04
ENSG00000272950:1(@)Loc802   chr7_98320502_C_T_b38   1.078e-01 4.212e-03    4.211e-03      4.542e-04
ENSG00000272950:1(@)Loc802   chr7_98322009_C_T_b38   8.593e-01 4.854e-03    4.853e-03      4.170e-03
ENSG00000172354:1(@)Loc804   chr7_100673366_C_A_b38   4.425e-01 2.814e-04    2.814e-04      1.245e-04
ENSG00000155189:1(@)Loc851   chr8_6743971_G_T_b38   9.450e-02 3.857e-03    3.857e-03      3.645e-04
ENSG00000156006:2(@)Loc861   chr8_18391151_A_G_b38   2.243e-02 8.922e-03    8.921e-03      2.001e-04
ENSG00000156006:2(@)Loc861   chr8_18398199_A_G_b38   6.170e-04 3.897e-01    3.897e-01      2.404e-04
ENSG00000178209:1(@)Loc935   chr8_143948489_G_T_b38   2.121e-03 9.999e-01    9.999e-01      2.121e-03
ENSG00000178719:1(@)Loc935   chr8_143948489_G_T_b38   3.919e-04 9.999e-01    9.999e-01      3.919e-04
ENSG00000273226:1(@)Loc950   chr9_19375840_TGGTATCCACTAAAACTA_T_b38   6.426e-01 6.737e-04    6.737e-04      4.329e-04
ENSG00000273226:1(@)Loc950   chr9_19376260_G_C_b38   2.356e-01 7.041e-04    7.040e-04      1.659e-04
ENSG00000230074:1(@)Loc962   chr9_34669061_C_T_b38   1.401e-01 8.119e-04    8.118e-04      1.138e-04
ENSG00000230074:1(@)Loc962   chr9_34674765_G_A_b38   1.040e-01 2.516e-03    2.516e-03      2.616e-04
ENSG00000175164:2(@)Loc1005   chr9_133278724_C_T_b38   5.679e-02 9.979e-01    9.979e-01      5.667e-02
ENSG00000057608:2(@)Loc1015   chr10_5813440_G_C_b38   1.039e-01 2.870e-03    2.870e-03      2.981e-04
ENSG00000229124:1(@)Loc1023   chr10_17218291_A_G_b38   3.661e-03 4.054e-01    4.054e-01      1.484e-03
ENSG00000187553:1(@)Loc1068   chr10_93024020_C_G_b38   6.527e-03 3.433e-02    3.432e-02      2.240e-04
ENSG00000187553:1(@)Loc1068   chr10_93060062_ACAAGAGTCGTCGGG_A_b38   3.290e-01 6.601e-04    6.601e-04      2.172e-04
ENSG00000119965:3(@)Loc1086   chr10_122933070_A_G_b38   2.694e-03 7.864e-02    7.863e-02      2.119e-04
ENSG00000179988:1(@)Loc1086   chr10_122953445_A_G_b38   7.483e-02 1.640e-03    1.640e-03      1.227e-04
ENSG00000237941:2(@)Loc1096   chr11_2872182_G_A_b38   9.490e-02 1.457e-03    1.457e-03      1.383e-04
ENSG00000134824:2(@)Loc1128   chr11_61830500_A_G_b38   1.721e-03 2.963e-01    2.963e-01      5.100e-04
ENSG00000134824:2(@)Loc1128   chr11_61836038_C_A_b38   3.396e-03 5.662e-02    5.662e-02      1.923e-04
ENSG00000134824:2(@)Loc1128   chr11_61837342_C_A_b38   8.303e-04 2.241e-01    2.241e-01      1.861e-04
ENSG00000134824:2(@)Loc1128   chr11_61842278_C_T_b38   1.837e-03 3.273e-01    3.273e-01      6.010e-04
ENSG00000134825:1(@)Loc1128   chr11_61790331_T_C_b38   6.893e-03 3.373e-02    3.373e-02      2.325e-04
ENSG00000149485:1(@)Loc1128   chr11_61802358_C_T_b38   1.349e-02 1.637e-02    1.636e-02      2.208e-04
ENSG00000149485:1(@)Loc1128   chr11_61804006_T_C_b38   1.349e-02 3.634e-02    3.634e-02      4.904e-04
ENSG00000149485:1(@)Loc1128   chr11_61830500_A_G_b38   2.631e-02 2.963e-01    2.963e-01      7.795e-03
ENSG00000149485:1(@)Loc1128   chr11_61836038_C_A_b38   2.602e-02 5.663e-02    5.662e-02      1.473e-03
ENSG00000149485:1(@)Loc1128   chr11_61837342_C_A_b38   5.300e-03 2.241e-01    2.241e-01      1.188e-03
ENSG00000149485:1(@)Loc1128   chr11_61842278_C_T_b38   2.301e-02 3.273e-01    3.273e-01      7.530e-03
ENSG00000174165:1(@)Loc1131   chr11_66545732_T_C_b38   2.486e-01 6.731e-04    6.730e-04      1.673e-04
ENSG00000174080:1(@)Loc1131   chr11_66568700_C_A_b38   3.945e-01 7.248e-04    7.247e-04      2.859e-04
ENSG00000151376:1(@)Loc1141   chr11_86672590_ACT_A_b38   2.294e-01 5.159e-04    5.158e-04      1.183e-04
ENSG00000151376:1(@)Loc1141   chr11_86672637_G_A_b38   3.001e-01 3.632e-04    3.631e-04      1.090e-04
ENSG00000151376:1(@)Loc1141   chr11_86672834_C_A_b38   2.294e-01 5.730e-04    5.729e-04      1.314e-04
ENSG00000151376:1(@)Loc1141   chr11_86673021_C_G_b38   2.294e-01 5.730e-04    5.729e-04      1.314e-04
ENSG00000255435:2(@)Loc1165   chr11_118545538_C_T_b38   2.273e-03 6.732e-02    6.732e-02      1.530e-04
ENSG00000095139:1(@)Loc1165   chr11_118574560_T_C_b38   9.175e-02 1.547e-03    1.547e-03      1.419e-04
ENSG00000095139:1(@)Loc1165   chr11_118578655_A_G_b38   4.512e-02 2.227e-02    2.227e-02      1.005e-03
ENSG00000118096:1(@)Loc1165   chr11_118554704_G_T_b38   1.524e-02 2.156e-02    2.155e-02      3.285e-04
ENSG00000118096:1(@)Loc1165   chr11_118573229_G_A_b38   1.745e-01 9.511e-04    9.510e-04      1.659e-04
ENSG00000243431:1(@)Loc1165   chr11_118545538_C_T_b38   3.545e-03 6.732e-02    6.732e-02      2.386e-04
ENSG00000243431:1(@)Loc1165   chr11_118561689_G_T_b38   8.120e-02 1.516e-03    1.515e-03      1.231e-04
ENSG00000110080:3(@)Loc1171   chr11_126348646_A_G_b38   4.742e-03 8.003e-02    8.003e-02      3.795e-04
ENSG00000110080:3(@)Loc1171   chr11_126358764_T_G_b38   3.362e-03 9.467e-02    9.466e-02      3.183e-04
ENSG00000280832:2(@)Loc1171   chr11_126358764_T_G_b38   1.097e-03 9.467e-02    9.466e-02      1.039e-04
ENSG00000111752:3(@)Loc1187   chr12_8914017_C_T_b38   7.269e-02 2.312e-03    2.312e-03      1.680e-04
ENSG00000013573:1(@)Loc1199   chr12_31073901_T_A_b38   9.341e-01 1.416e-04    1.416e-04      1.323e-04
ENSG00000050438:1(@)Loc1209   chr12_51360845_A_G_b38   9.323e-01 2.035e-04    2.035e-04      1.897e-04
ENSG00000139629:1(@)Loc1209   chr12_51362485_T_C_b38   6.608e-01 6.485e-04    6.484e-04      4.285e-04
ENSG00000205352:1(@)Loc1211   chr12_53446172_C_G_b38   9.983e-01 2.507e-04    2.507e-04      2.502e-04
ENSG00000173064:1(@)Loc1245   chr12_112333259_T_G_b38   2.629e-02 6.334e-03    6.333e-03      1.665e-04
ENSG00000119242:1(@)Loc1253   chr12_123935181_C_T_b38   7.554e-03 1.912e-02    1.912e-02      1.444e-04
ENSG00000119242:1(@)Loc1253   chr12_123955563_C_A_b38   4.458e-03 2.888e-02    2.888e-02      1.287e-04
ENSG00000119242:1(@)Loc1253   chr12_123980289_G_T_b38   1.211e-02 2.361e-02    2.360e-02      2.858e-04
ENSG00000119242:1(@)Loc1253   chr12_123990609_A_G_b38   6.617e-03 1.530e-02    1.530e-02      1.012e-04
ENSG00000250091:1(@)Loc1253   chr12_123934515_A_C_b38   1.463e-01 1.262e-03    1.262e-03      1.847e-04
ENSG00000250091:1(@)Loc1253   chr12_123935181_C_T_b38   1.463e-01 1.912e-02    1.912e-02      2.797e-03
ENSG00000250091:1(@)Loc1253   chr12_123955563_C_A_b38   6.291e-03 2.888e-02    2.888e-02      1.817e-04
ENSG00000274330:1(@)Loc1354   chr14_70224238_T_C_b38   3.297e-02 4.683e-02    4.683e-02      1.544e-03
ENSG00000176473:1(@)Loc1374   chr14_100359333_C_T_b38   1.149e-01 1.123e-03    1.123e-03      1.291e-04
ENSG00000176473:1(@)Loc1374   chr14_100365270_TAACAGGAGTTAAAAGTGTCG_T_b38   1.149e-01 9.371e-04    9.370e-04      1.077e-04
ENSG00000178802:1(@)Loc1413   chr15_74833304_A_C_b38   1.870e-02 1.748e-02    1.748e-02      3.267e-04
ENSG00000178802:1(@)Loc1413   chr15_74844353_T_C_b38   9.931e-02 2.138e-03    2.138e-03      2.123e-04
ENSG00000183426:1(@)Loc1443   chr16_15036083_C_T_b38   9.999e-01 1.656e-04    1.656e-04      1.656e-04
ENSG00000183793:1(@)Loc1443   chr16_15036083_C_T_b38   9.974e-01 1.656e-04    1.656e-04      1.651e-04
ENSG00000167395:1(@)Loc1452   chr16_31074149_T_C_b38   3.460e-02 4.458e-03    4.458e-03      1.543e-04
ENSG00000261701:1(@)Loc1466   chr16_72074194_G_A_b38   1.849e-01 1.000e+00    1.000e+00      1.849e-01
ENSG00000257017:1(@)Loc1466   chr16_72074194_G_A_b38   1.519e-02 1.000e+00    1.000e+00      1.519e-02
ENSG00000141013:2(@)Loc1482   chr16_90043111_G_A_b38   8.758e-01 1.527e-04    1.527e-04      1.337e-04
ENSG00000091640:1(@)Loc1487   chr17_4967598_G_A_b38   3.574e-01 3.227e-04    3.226e-04      1.153e-04
ENSG00000167525:1(@)Loc1499   chr17_28711396_CCCCCGGCCCTAGCTCCG_C_b38   5.699e-01 8.894e-04    8.893e-04      5.068e-04
ENSG00000167525:1(@)Loc1499   chr17_28711515_G_A_b38   1.981e-01 1.012e-03    1.012e-03      2.005e-04
ENSG00000108785:1(@)Loc1507   chr17_42545768_CCCCTTGCCT_C_b38   2.050e-01 7.545e-04    7.545e-04      1.547e-04
ENSG00000263293:1(@)Loc1509   chr17_47314438_T_C_b38   1.437e-03 4.905e-01    4.905e-01      7.050e-04
ENSG00000178852:1(@)Loc1509   chr17_47361586_C_T_b38   1.300e-01 5.009e-01    5.009e-01      6.513e-02
ENSG00000141295:1(@)Loc1510   chr17_47836481_C_A_b38   2.282e-01 1.559e-03    1.559e-03      3.558e-04
ENSG00000141295:1(@)Loc1510   chr17_47838029_T_C_b38   2.038e-01 7.816e-04    7.815e-04      1.593e-04
ENSG00000141295:1(@)Loc1510   chr17_47848524_A_G_b38   1.668e-01 6.934e-04    6.933e-04      1.157e-04
ENSG00000108479:1(@)Loc1524   chr17_75786110_T_C_b38   3.606e-04 3.861e-01    3.861e-01      1.392e-04
ENSG00000154845:1(@)Loc1536   chr18_9615853_C_T_b38   6.114e-01 1.920e-04    1.920e-04      1.174e-04
ENSG00000119537:1(@)Loc1564   chr18_63367187_T_G_b38   5.563e-01 2.180e-04    2.180e-04      1.213e-04
ENSG00000099821:1(@)Loc1579   chr19_633381_A_G_b38   7.933e-01 2.085e-04    2.084e-04      1.654e-04
ENSG00000130518:1(@)Loc1591   chr19_18274140_T_G_b38   2.351e-01 1.124e-03    1.124e-03      2.642e-04
ENSG00000213996:2(@)Loc1592   chr19_19296909_T_C_b38   5.235e-04 1.000e+00    1.000e+00      5.234e-04
ENSG00000105705:1(@)Loc1592   chr19_19296909_T_C_b38   6.158e-04 1.000e+00    1.000e+00      6.158e-04
ENSG00000081665:1(@)Loc1593   chr19_19810158_C_A_b38   9.797e-02 4.929e-03    4.929e-03      4.829e-04
ENSG00000130203:1(@)Loc1608   chr19_44908822_C_T_b38   1.935e-02 3.333e-01    3.333e-01      6.451e-03
ENSG00000130203:1(@)Loc1608   chr19_44912383_G_A_b38   6.251e-02 3.333e-01    3.333e-01      2.084e-02
ENSG00000182264:3(@)Loc1610   chr19_48702915_C_T_b38   7.024e-03 4.176e-01    4.176e-01      2.934e-03
ENSG00000182264:3(@)Loc1610   chr19_48703160_A_G_b38   7.024e-03 5.764e-01    5.764e-01      4.049e-03
ENSG00000142233:1(@)Loc1610   chr19_48702915_C_T_b38   3.464e-02 4.176e-01    4.176e-01      1.447e-02
ENSG00000142233:1(@)Loc1610   chr19_48703160_A_G_b38   3.464e-02 5.764e-01    5.764e-01      1.996e-02
ENSG00000126001:1(@)Loc1637   chr20_35458678_G_A_b38   2.062e-03 9.136e-02    9.135e-02      1.884e-04
ENSG00000125991:1(@)Loc1637   chr20_35536512_A_C_b38   1.312e-01 1.087e-03    1.087e-03      1.426e-04
ENSG00000125991:1(@)Loc1637   chr20_35540122_G_A_b38   5.097e-02 2.297e-02    2.297e-02      1.171e-03
ENSG00000125991:1(@)Loc1637   chr20_35543647_C_T_b38   2.935e-01 1.643e-03    1.643e-03      4.822e-04
ENSG00000125991:1(@)Loc1637   chr20_35564866_C_T_b38   1.096e-02 2.579e-02    2.579e-02      2.826e-04
ENSG00000224497:1(@)Loc1637   chr20_35536512_A_C_b38   1.233e-01 1.087e-03    1.087e-03      1.340e-04
ENSG00000224497:1(@)Loc1637   chr20_35539003_T_C_b38   4.097e-01 1.477e-03    1.477e-03      6.051e-04
ENSG00000224497:1(@)Loc1637   chr20_35543647_C_T_b38   3.527e-01 1.643e-03    1.643e-03      5.794e-04
ENSG00000244462:2(@)Loc1637   chr20_35655095_C_T_b38   1.014e-02 1.261e-02    1.261e-02      1.279e-04
ENSG00000244005:1(@)Loc1637   chr20_35697520_C_T_b38   2.470e-02 1.523e-02    1.523e-02      3.761e-04
ENSG00000124097:1(@)Loc1649   chr20_57496597_T_G_b38   9.527e-01 2.919e-04    2.919e-04      2.781e-04
ENSG00000231713:1(@)Loc1673   chr21_39727797_T_C_b38   6.039e-01 3.529e-04    3.529e-04      2.131e-04
ENSG00000239415:1(@)Loc1678   chr21_46256266_A_G_b38   1.651e-01 6.378e-04    6.377e-04      1.053e-04
ENSG00000215424:1(@)Loc1678   chr21_46232635_A_G_b38   3.200e-01 1.012e-03    1.012e-03      3.237e-04
ENSG00000215424:1(@)Loc1678   chr21_46233508_T_C_b38   4.744e-01 2.527e-04    2.527e-04      1.199e-04
ENSG00000182362:1(@)Loc1678   chr21_46295725_C_CCT_b38   8.417e-01 1.069e-03    1.069e-03      9.001e-04
ENSG00000182362:1(@)Loc1678   chr21_46301747_T_C_b38   1.568e-01 1.219e-03    1.219e-03      1.910e-04
ENSG00000100281:1(@)Loc1692   chr22_35256702_C_T_b38   4.820e-02 2.441e-03    2.441e-03      1.176e-04
ENSG00000100281:1(@)Loc1692   chr22_35257480_C_T_b38   1.130e-01 3.242e-03    3.242e-03      3.664e-04
ENSG00000100284:1(@)Loc1692   chr22_35298900_C_A_b38   4.706e-02 3.366e-03    3.366e-03      1.584e-04
ENSG00000100284:1(@)Loc1692   chr22_35299680_GC_G_b38   4.706e-02 4.168e-03    4.167e-03      1.961e-04
ENSG00000100284:1(@)Loc1692   chr22_35307135_T_C_b38   3.694e-03 3.823e-02    3.823e-02      1.412e-04
ENSG00000205643:2(@)Loc1699   chr22_46231706_C_T_b38   1.580e-03 3.900e-01    3.900e-01      6.161e-04
ENSG00000205643:2(@)Loc1699   chr22_46233582_A_G_b38   7.531e-03 4.925e-01    4.925e-01      3.709e-03
ENSG00000100299:1(@)Loc1702   chr22_50625049_T_C_b38   9.877e-01 2.623e-04    2.623e-04      2.590e-04
