Signal	SNP	PIP_qtl	PIP_gwas_marginal	PIP_gwas_qtl_prior	SCP
ENSG00000182873:1(@)Loc2   chr1_2187100_T_C_b38   3.106e-01 4.592e-04    4.592e-04      1.426e-04
ENSG00000182873:1(@)Loc2   chr1_2189679_C_T_b38   5.139e-01 3.918e-04    3.918e-04      2.013e-04
ENSG00000171680:1(@)Loc5   chr1_6520337_C_T_b38   2.261e-01 1.708e-03    1.708e-03      3.861e-04
ENSG00000132881:1(@)Loc11   chr1_16237140_A_G_b38   8.749e-01 1.147e-04    1.147e-04      1.003e-04
ENSG00000204178:1(@)Loc18   chr1_25432164_G_A_b38   1.951e-02 3.203e-02    3.203e-02      6.249e-04
ENSG00000204178:1(@)Loc18   chr1_25434429_C_T_b38   3.683e-03 2.652e-01    2.652e-01      9.765e-04
ENSG00000204178:1(@)Loc18   chr1_25434800_T_C_b38   2.250e-03 2.326e-01    2.326e-01      5.233e-04
ENSG00000204178:1(@)Loc18   chr1_25442446_A_G_b38   1.047e-03 4.469e-01    4.469e-01      4.679e-04
ENSG00000188672:1(@)Loc18   chr1_25427147_C_T_b38   8.464e-03 1.378e-02    1.378e-02      1.167e-04
ENSG00000188672:1(@)Loc18   chr1_25432164_G_A_b38   6.652e-03 3.203e-02    3.203e-02      2.131e-04
ENSG00000188672:1(@)Loc18   chr1_25434429_C_T_b38   5.706e-02 2.652e-01    2.652e-01      1.513e-02
ENSG00000188672:1(@)Loc18   chr1_25434800_T_C_b38   2.830e-02 2.326e-01    2.326e-01      6.583e-03
ENSG00000188672:1(@)Loc18   chr1_25442446_A_G_b38   1.659e-02 4.469e-01    4.469e-01      7.416e-03
ENSG00000227533:1(@)Loc26   chr1_42959141_C_G_b38   5.697e-01 2.020e-04    2.019e-04      1.150e-04
ENSG00000278967:2(@)Loc39   chr1_62608304_C_T_b38   9.927e-03 1.961e-02    1.961e-02      1.947e-04
ENSG00000278967:2(@)Loc39   chr1_62628536_A_G_b38   9.549e-04 1.193e-01    1.193e-01      1.139e-04
ENSG00000278967:2(@)Loc39   chr1_62629021_A_G_b38   9.549e-04 1.080e-01    1.080e-01      1.031e-04
ENSG00000116641:1(@)Loc39   chr1_62690372_A_G_b38   1.144e-02 1.079e-02    1.079e-02      1.234e-04
ENSG00000198890:1(@)Loc66   chr1_107056636_A_T_b38   1.958e-01 9.177e-04    9.176e-04      1.796e-04
ENSG00000198890:1(@)Loc66   chr1_107075085_G_A_b38   5.804e-03 3.680e-02    3.680e-02      2.136e-04
ENSG00000134222:2(@)Loc67   chr1_109274968_G_T_b38   7.695e-02 4.071e-01    4.071e-01      3.133e-02
ENSG00000134222:2(@)Loc67   chr1_109275908_C_T_b38   3.797e-02 5.928e-01    5.928e-01      2.251e-02
ENSG00000242252:1(@)Loc77   chr1_156240066_C_T_b38   1.043e-01 1.005e-03    1.005e-03      1.048e-04
ENSG00000283317:2(@)Loc80   chr1_161440668_A_G_b38   2.956e-02 3.851e-02    3.851e-02      1.138e-03
ENSG00000203747:2(@)Loc80   chr1_161551141_C_T_b38   1.311e-02 1.573e-02    1.573e-02      2.061e-04
ENSG00000244682:1(@)Loc80   chr1_161571067_T_A_b38   4.998e-02 9.293e-03    9.293e-03      4.644e-04
ENSG00000244682:1(@)Loc80   chr1_161572556_C_T_b38   6.232e-02 2.376e-02    2.376e-02      1.481e-03
ENSG00000084734:1(@)Loc148   chr2_27518370_T_C_b38   2.453e-03 1.569e-01    1.569e-01      3.848e-04
ENSG00000084734:1(@)Loc148   chr2_27519736_T_C_b38   2.995e-03 5.902e-01    5.902e-01      1.768e-03
ENSG00000237614:1(@)Loc202   chr2_120551706_G_A_b38   3.493e-02 4.209e-03    4.209e-03      1.470e-04
ENSG00000237614:1(@)Loc202   chr2_120551912_C_T_b38   2.651e-02 8.964e-01    8.964e-01      2.376e-02
ENSG00000237614:1(@)Loc202   chr2_120553361_G_A_b38   2.009e-02 5.237e-03    5.237e-03      1.052e-04
ENSG00000237614:1(@)Loc202   chr2_120554223_G_A_b38   2.009e-02 5.237e-03    5.237e-03      1.052e-04
ENSG00000076003:1(@)Loc212   chr2_135851076_G_A_b38   2.490e-03 1.661e-01    1.661e-01      4.135e-04
ENSG00000138439:1(@)Loc252   chr2_202667581_A_G_b38   1.706e-02 1.040e-02    1.040e-02      1.774e-04
ENSG00000115414:2(@)Loc259   chr2_215435759_T_A_b38   1.537e-02 2.100e-02    2.100e-02      3.227e-04
ENSG00000115414:2(@)Loc259   chr2_215439661_T_C_b38   1.002e-03 6.684e-01    6.684e-01      6.699e-04
ENSG00000240288:3(@)Loc284   chr3_10293805_T_G_b38   3.306e-01 3.794e-04    3.794e-04      1.254e-04
ENSG00000196981:1(@)Loc352   chr3_122431007_C_T_b38   4.179e-03 3.058e-02    3.057e-02      1.278e-04
ENSG00000196981:2(@)Loc352   chr3_122416042_T_A_b38   1.197e-01 1.627e-02    1.626e-02      1.947e-03
ENSG00000272758:2(@)Loc352   chr3_122426477_C_T_b38   3.797e-03 4.409e-02    4.409e-02      1.674e-04
ENSG00000189157:1(@)Loc450   chr4_76234354_T_C_b38   9.037e-01 4.752e-04    4.752e-04      4.294e-04
ENSG00000007944:2(@)Loc643   chr6_16120588_C_T_b38   9.064e-04 1.241e-01    1.241e-01      1.125e-04
ENSG00000007944:2(@)Loc643   chr6_16127176_C_T_b38   1.605e-03 5.991e-01    5.991e-01      9.618e-04
ENSG00000007944:2(@)Loc643   chr6_16128734_C_G_b38   1.066e-02 7.252e-02    7.252e-02      7.728e-04
ENSG00000112242:1(@)Loc645   chr6_20414822_A_G_b38   1.509e-01 2.826e-03    2.826e-03      4.264e-04
ENSG00000241370:1(@)Loc654   chr6_30342723_T_C_b38   2.371e-02 5.205e-03    5.204e-03      1.234e-04
ENSG00000241370:1(@)Loc654   chr6_30345450_G_A_b38   4.213e-01 1.002e-03    1.002e-03      4.220e-04
ENSG00000241370:1(@)Loc654   chr6_30346830_A_G_b38   2.651e-02 9.365e-03    9.365e-03      2.482e-04
ENSG00000204520:3(@)Loc655   chr6_31393708_T_C_b38   4.150e-04 4.998e-01    4.997e-01      2.074e-04
ENSG00000272221:1(@)Loc655   chr6_31386727_C_T_b38   3.378e-03 1.892e-01    1.892e-01      6.392e-04
ENSG00000272221:1(@)Loc655   chr6_31386783_C_T_b38   3.378e-03 2.057e-01    2.057e-01      6.947e-04
ENSG00000272221:1(@)Loc655   chr6_31393708_T_C_b38   5.113e-03 4.998e-01    4.998e-01      2.555e-03
ENSG00000228962:1(@)Loc656   chr6_32373621_A_G_b38   2.348e-03 3.385e-01    3.385e-01      7.947e-04
ENSG00000228962:1(@)Loc656   chr6_32444658_G_A_b38   1.452e-03 9.814e-02    9.814e-02      1.425e-04
ENSG00000272288:1(@)Loc658   chr6_34695821_C_T_b38   7.589e-02 2.711e-02    2.711e-02      2.058e-03
ENSG00000196821:2(@)Loc658   chr6_34695821_C_T_b38   7.951e-03 2.711e-02    2.711e-02      2.156e-04
ENSG00000137161:1(@)Loc663   chr6_42964977_C_T_b38   2.421e-03 7.483e-02    7.482e-02      1.812e-04
ENSG00000124713:2(@)Loc663   chr6_42964977_C_T_b38   2.296e-03 7.483e-02    7.482e-02      1.718e-04
ENSG00000124587:1(@)Loc663   chr6_42975041_A_G_b38   1.762e-01 5.783e-04    5.783e-04      1.019e-04
ENSG00000124587:1(@)Loc663   chr6_42978752_C_A_b38   2.727e-01 4.815e-04    4.815e-04      1.313e-04
ENSG00000124587:1(@)Loc663   chr6_42979205_G_A_b38   2.727e-01 5.400e-04    5.399e-04      1.473e-04
ENSG00000124587:1(@)Loc663   chr6_42979275_G_C_b38   1.558e-01 1.228e-03    1.228e-03      1.914e-04
ENSG00000260273:1(@)Loc703   chr6_109383239_T_C_b38   2.671e-01 5.889e-04    5.888e-04      1.573e-04
ENSG00000260273:1(@)Loc703   chr6_109383248_A_C_b38   2.671e-01 5.889e-04    5.888e-04      1.573e-04
ENSG00000112339:1(@)Loc719   chr6_135090090_T_C_b38   1.164e-03 1.140e-01    1.140e-01      1.328e-04
ENSG00000112339:1(@)Loc719   chr6_135105435_A_G_b38   3.125e-03 3.475e-02    3.475e-02      1.086e-04
ENSG00000112339:1(@)Loc719   chr6_135106006_C_A_b38   5.257e-03 9.210e-02    9.210e-02      4.841e-04
ENSG00000270933:1(@)Loc765   chr7_25952206_T_C_b38   1.101e-03 9.996e-01    9.996e-01      1.101e-03
ENSG00000015520:1(@)Loc774   chr7_44542387_T_C_b38   5.352e-03 1.236e-01    1.236e-01      6.616e-04
ENSG00000015520:1(@)Loc774   chr7_44542732_A_G_b38   6.194e-03 8.526e-01    8.526e-01      5.281e-03
ENSG00000127948:1(@)Loc790   chr7_75985459_G_A_b38   9.853e-01 1.109e-04    1.109e-04      1.092e-04
ENSG00000157259:1(@)Loc798   chr7_92447889_G_A_b38   8.217e-01 1.482e-04    1.482e-04      1.217e-04
ENSG00000272950:1(@)Loc802   chr7_98316987_C_CT_b38   1.130e-01 4.212e-03    4.212e-03      4.758e-04
ENSG00000272950:1(@)Loc802   chr7_98320502_C_T_b38   1.528e-01 4.212e-03    4.212e-03      6.433e-04
ENSG00000272950:1(@)Loc802   chr7_98322009_C_T_b38   4.572e-01 4.854e-03    4.853e-03      2.219e-03
ENSG00000272950:1(@)Loc802   chr7_98345539_G_A_b38   4.632e-02 4.584e-03    4.584e-03      2.123e-04
ENSG00000272950:1(@)Loc802   chr7_98364050_T_A_b38   2.176e-02 6.498e-03    6.497e-03      1.414e-04
ENSG00000156006:1(@)Loc861   chr8_18391151_A_G_b38   2.345e-01 8.922e-03    8.921e-03      2.092e-03
ENSG00000271654:2(@)Loc861   chr8_18398199_A_G_b38   4.127e-04 3.897e-01    3.897e-01      1.608e-04
ENSG00000178209:1(@)Loc935   chr8_143948489_G_T_b38   2.905e-02 9.999e-01    9.999e-01      2.905e-02
ENSG00000178719:2(@)Loc935   chr8_143948489_G_T_b38   1.043e-04 9.999e-01    9.999e-01      1.043e-04
ENSG00000213930:2(@)Loc962   chr9_34652333_A_G_b38   6.438e-02 2.922e-03    2.922e-03      1.881e-04
ENSG00000230074:1(@)Loc962   chr9_34677541_T_C_b38   8.071e-01 1.514e-04    1.514e-04      1.221e-04
ENSG00000057608:1(@)Loc1015   chr10_5760102_A_G_b38   1.060e-01 2.002e-03    2.002e-03      2.122e-04
ENSG00000057608:1(@)Loc1015   chr10_5793283_C_A_b38   1.267e-01 1.387e-03    1.387e-03      1.758e-04
ENSG00000057608:1(@)Loc1015   chr10_5798720_GTA_G_b38   1.267e-01 1.387e-03    1.387e-03      1.758e-04
ENSG00000057608:1(@)Loc1015   chr10_5803098_A_G_b38   1.293e-01 2.243e-03    2.243e-03      2.899e-04
ENSG00000057608:1(@)Loc1015   chr10_5807954_C_G_b38   1.039e-01 1.640e-03    1.640e-03      1.704e-04
ENSG00000229124:1(@)Loc1023   chr10_17218291_A_G_b38   1.206e-03 4.054e-01    4.054e-01      4.891e-04
ENSG00000119965:1(@)Loc1086   chr10_122933070_A_G_b38   1.635e-01 7.864e-02    7.864e-02      1.286e-02
ENSG00000119965:1(@)Loc1086   chr10_122934071_G_T_b38   1.303e-01 2.031e-03    2.031e-03      2.646e-04
ENSG00000119965:1(@)Loc1086   chr10_122945179_C_T_b38   1.927e-01 1.623e-03    1.622e-03      3.126e-04
ENSG00000175356:1(@)Loc1101   chr11_9056105_A_G_b38   4.457e-01 3.209e-04    3.209e-04      1.430e-04
ENSG00000247595:1(@)Loc1107   chr11_18611437_T_C_b38   2.995e-03 7.889e-02    7.889e-02      2.363e-04
ENSG00000179119:1(@)Loc1107   chr11_18611437_T_C_b38   5.033e-03 7.889e-02    7.889e-02      3.971e-04
ENSG00000179119:1(@)Loc1107   chr11_18634724_C_T_b38   1.912e-01 9.211e-01    9.211e-01      1.762e-01
ENSG00000175220:1(@)Loc1122   chr11_46700671_T_C_b38   3.273e-01 3.511e-04    3.511e-04      1.149e-04
ENSG00000165912:1(@)Loc1123   chr11_47204445_T_C_b38   4.048e-02 2.513e-03    2.513e-03      1.017e-04
ENSG00000134824:1(@)Loc1128   chr11_61802358_C_T_b38   8.355e-03 1.636e-02    1.636e-02      1.367e-04
ENSG00000134824:1(@)Loc1128   chr11_61804006_T_C_b38   8.355e-03 3.634e-02    3.634e-02      3.036e-04
ENSG00000134824:1(@)Loc1128   chr11_61830500_A_G_b38   3.916e-03 2.963e-01    2.963e-01      1.160e-03
ENSG00000134824:1(@)Loc1128   chr11_61836038_C_A_b38   3.729e-03 5.662e-02    5.662e-02      2.112e-04
ENSG00000134824:1(@)Loc1128   chr11_61837342_C_A_b38   5.759e-03 2.241e-01    2.241e-01      1.291e-03
ENSG00000134824:1(@)Loc1128   chr11_61842278_C_T_b38   1.318e-03 3.273e-01    3.273e-01      4.314e-04
ENSG00000134825:1(@)Loc1128   chr11_61785208_G_T_b38   1.820e-02 7.036e-03    7.036e-03      1.281e-04
ENSG00000134825:1(@)Loc1128   chr11_61790331_T_C_b38   1.132e-02 3.373e-02    3.373e-02      3.817e-04
ENSG00000134825:1(@)Loc1128   chr11_61802358_C_T_b38   1.070e-02 1.637e-02    1.636e-02      1.751e-04
ENSG00000134825:1(@)Loc1128   chr11_61804006_T_C_b38   4.837e-03 3.634e-02    3.634e-02      1.758e-04
ENSG00000134825:1(@)Loc1128   chr11_61830500_A_G_b38   5.122e-03 2.963e-01    2.962e-01      1.517e-03
ENSG00000149485:1(@)Loc1128   chr11_61830500_A_G_b38   1.863e-02 2.963e-01    2.963e-01      5.518e-03
ENSG00000149485:1(@)Loc1128   chr11_61836038_C_A_b38   2.374e-02 5.663e-02    5.662e-02      1.344e-03
ENSG00000149485:1(@)Loc1128   chr11_61837342_C_A_b38   5.485e-02 2.241e-01    2.241e-01      1.229e-02
ENSG00000149485:1(@)Loc1128   chr11_61842278_C_T_b38   1.072e-02 3.273e-01    3.273e-01      3.509e-03
ENSG00000173327:1(@)Loc1130   chr11_65613445_G_A_b38   5.667e-01 1.621e-03    1.621e-03      9.184e-04
ENSG00000173327:1(@)Loc1130   chr11_65622419_G_C_b38   6.291e-02 1.797e-03    1.797e-03      1.131e-04
ENSG00000214659:2(@)Loc1130   chr11_65726789_G_T_b38   1.688e-01 1.355e-03    1.355e-03      2.286e-04
ENSG00000214659:2(@)Loc1130   chr11_65727516_C_T_b38   1.273e-01 1.167e-03    1.167e-03      1.486e-04
ENSG00000255517:1(@)Loc1131   chr11_66478465_C_T_b38   2.202e-01 1.113e-03    1.113e-03      2.451e-04
ENSG00000254986:1(@)Loc1131   chr11_66480373_G_A_b38   1.542e-01 1.113e-03    1.113e-03      1.715e-04
ENSG00000118096:1(@)Loc1165   chr11_118554704_G_T_b38   6.672e-03 2.156e-02    2.156e-02      1.438e-04
ENSG00000118096:1(@)Loc1165   chr11_118573229_G_A_b38   1.956e-01 9.511e-04    9.510e-04      1.860e-04
ENSG00000095139:1(@)Loc1165   chr11_118578655_A_G_b38   5.350e-03 2.227e-02    2.227e-02      1.191e-04
ENSG00000280832:2(@)Loc1171   chr11_126358764_T_G_b38   1.080e-03 9.467e-02    9.467e-02      1.022e-04
ENSG00000111752:1(@)Loc1187   chr12_8914017_C_T_b38   1.254e-01 2.312e-03    2.312e-03      2.900e-04
ENSG00000003056:1(@)Loc1187   chr12_8929985_A_G_b38   2.316e-03 4.654e-02    4.654e-02      1.078e-04
ENSG00000205352:1(@)Loc1211   chr12_53446172_C_G_b38   4.607e-01 2.507e-04    2.507e-04      1.155e-04
ENSG00000197653:2(@)Loc1253   chr12_123920171_T_C_b38   3.885e-02 4.326e-03    4.325e-03      1.680e-04
ENSG00000197653:2(@)Loc1253   chr12_123964676_C_A_b38   1.496e-02 9.307e-03    9.306e-03      1.392e-04
ENSG00000270028:1(@)Loc1253   chr12_123920171_T_C_b38   4.201e-02 4.326e-03    4.325e-03      1.817e-04
ENSG00000270028:1(@)Loc1253   chr12_123929551_C_T_b38   1.460e-02 9.186e-03    9.185e-03      1.341e-04
ENSG00000270028:1(@)Loc1253   chr12_123935181_C_T_b38   9.393e-03 1.912e-02    1.912e-02      1.796e-04
ENSG00000250091:1(@)Loc1253   chr12_123935181_C_T_b38   8.571e-02 1.912e-02    1.912e-02      1.639e-03
ENSG00000213463:1(@)Loc1354   chr14_70317226_A_G_b38   5.880e-02 4.670e-03    4.669e-03      2.745e-04
ENSG00000119599:1(@)Loc1356   chr14_72926683_G_A_b38   9.942e-01 1.007e-04    1.007e-04      1.001e-04
ENSG00000140105:1(@)Loc1374   chr14_100376300_C_G_b38   5.722e-02 2.836e-03    2.836e-03      1.623e-04
ENSG00000167394:1(@)Loc1452   chr16_31074149_T_C_b38   5.548e-02 4.458e-03    4.458e-03      2.473e-04
ENSG00000262766:1(@)Loc1452   chr16_31118574_A_G_b38   1.316e-02 1.114e-02    1.114e-02      1.465e-04
ENSG00000052344:2(@)Loc1452   chr16_31136227_G_A_b38   1.490e-02 8.072e-03    8.072e-03      1.203e-04
ENSG00000257017:2(@)Loc1466   chr16_72074194_G_A_b38   2.593e-04 1.000e+00    1.000e+00      2.593e-04
ENSG00000178977:1(@)Loc1489   chr17_8215427_T_C_b38   3.326e-02 1.732e-02    1.732e-02      5.759e-04
ENSG00000160606:1(@)Loc1499   chr17_28728293_C_T_b38   2.256e-01 9.569e-04    9.568e-04      2.158e-04
ENSG00000160606:1(@)Loc1499   chr17_28728422_G_A_b38   2.256e-01 8.587e-04    8.587e-04      1.937e-04
ENSG00000167525:1(@)Loc1499   chr17_28711396_CCCCCGGCCCTAGCTCCG_C_b38   9.571e-01 8.894e-04    8.893e-04      8.512e-04
ENSG00000076604:1(@)Loc1499   chr17_28745445_G_A_b38   2.966e-02 3.499e-03    3.499e-03      1.038e-04
ENSG00000173065:1(@)Loc1499   chr17_28843137_TC_T_b38   2.286e-01 1.503e-03    1.503e-03      3.435e-04
ENSG00000231421:1(@)Loc1500   chr17_30576813_C_G_b38   9.197e-01 2.904e-04    2.904e-04      2.671e-04
ENSG00000263293:1(@)Loc1509   chr17_47314438_T_C_b38   6.473e-04 4.905e-01    4.905e-01      3.175e-04
ENSG00000141295:1(@)Loc1510   chr17_47838029_T_C_b38   4.518e-01 7.816e-04    7.816e-04      3.531e-04
ENSG00000141295:1(@)Loc1510   chr17_47848524_A_G_b38   3.411e-01 6.934e-04    6.933e-04      2.365e-04
ENSG00000132475:2(@)Loc1524   chr17_75786110_T_C_b38   6.102e-03 3.861e-01    3.861e-01      2.356e-03
ENSG00000132478:2(@)Loc1524   chr17_75786110_T_C_b38   1.402e-03 3.861e-01    3.861e-01      5.415e-04
ENSG00000119537:1(@)Loc1564   chr18_63367187_T_G_b38   5.940e-01 2.180e-04    2.180e-04      1.295e-04
ENSG00000172006:1(@)Loc1580   chr19_2814183_C_T_b38   5.284e-03 2.108e-02    2.108e-02      1.114e-04
ENSG00000167676:1(@)Loc1582   chr19_4510548_C_T_b38   6.986e-01 3.334e-04    3.333e-04      2.329e-04
ENSG00000130173:1(@)Loc1587   chr19_11205141_T_G_b38   5.047e-02 1.042e-02    1.042e-02      5.259e-04
ENSG00000267082:1(@)Loc1587   chr19_11205141_T_G_b38   1.616e-01 1.042e-02    1.042e-02      1.683e-03
ENSG00000081665:1(@)Loc1593   chr19_19810158_C_A_b38   2.145e-02 4.929e-03    4.929e-03      1.057e-04
ENSG00000142233:2(@)Loc1610   chr19_48702915_C_T_b38   3.073e-02 4.176e-01    4.176e-01      1.283e-02
ENSG00000142233:2(@)Loc1610   chr19_48703160_A_G_b38   3.073e-02 5.764e-01    5.764e-01      1.771e-02
ENSG00000167646:1(@)Loc1614   chr19_55166155_C_T_b38   8.684e-01 1.247e-04    1.247e-04      1.083e-04
ENSG00000100997:1(@)Loc1635   chr20_25390742_G_GGCCTCCGCC_b38   4.847e-01 2.848e-04    2.848e-04      1.381e-04
ENSG00000215529:1(@)Loc1635   chr20_32858839_A_G_b38   4.264e-01 3.597e-04    3.597e-04      1.534e-04
ENSG00000126001:1(@)Loc1637   chr20_35458678_G_A_b38   2.055e-03 9.136e-02    9.135e-02      1.877e-04
ENSG00000125991:2(@)Loc1637   chr20_35540122_G_A_b38   4.618e-03 2.297e-02    2.297e-02      1.061e-04
ENSG00000224497:1(@)Loc1637   chr20_35543647_C_T_b38   2.276e-01 1.643e-03    1.643e-03      3.739e-04
ENSG00000224497:1(@)Loc1637   chr20_35545279_C_T_b38   2.488e-01 1.643e-03    1.643e-03      4.088e-04
ENSG00000224497:1(@)Loc1637   chr20_35545566_TCAA_T_b38   2.488e-01 1.643e-03    1.643e-03      4.088e-04
ENSG00000224497:1(@)Loc1637   chr20_35549038_C_T_b38   7.946e-02 1.643e-03    1.643e-03      1.305e-04
ENSG00000244462:2(@)Loc1637   chr20_35655095_C_T_b38   9.202e-03 1.261e-02    1.261e-02      1.161e-04
ENSG00000124181:1(@)Loc1641   chr20_41085229_G_A_b38   9.482e-04 1.390e-01    1.390e-01      1.318e-04
ENSG00000124181:1(@)Loc1641   chr20_41095698_T_C_b38   2.956e-03 6.536e-01    6.536e-01      1.932e-03
ENSG00000124181:1(@)Loc1641   chr20_41201482_A_G_b38   6.555e-04 2.004e-01    2.004e-01      1.314e-04
ENSG00000242748:1(@)Loc1641   chr20_41201482_A_G_b38   1.996e-02 2.004e-01    2.004e-01      4.000e-03
ENSG00000125510:1(@)Loc1654   chr20_64077921_G_A_b38   7.657e-02 1.627e-03    1.627e-03      1.246e-04
ENSG00000125510:1(@)Loc1654   chr20_64080106_C_T_b38   6.882e-01 6.105e-04    6.105e-04      4.201e-04
ENSG00000215424:1(@)Loc1678   chr21_46229830_A_AG_b38   1.484e-01 7.072e-04    7.071e-04      1.049e-04
ENSG00000239415:1(@)Loc1678   chr21_46256266_A_G_b38   1.856e-01 6.378e-04    6.377e-04      1.184e-04
ENSG00000160299:1(@)Loc1678   chr21_46324123_CG_C_b38   4.770e-01 6.861e-04    6.861e-04      3.273e-04
ENSG00000100281:1(@)Loc1692   chr22_35256702_C_T_b38   4.664e-02 2.441e-03    2.441e-03      1.138e-04
ENSG00000100281:1(@)Loc1692   chr22_35257480_C_T_b38   1.085e-01 3.242e-03    3.242e-03      3.518e-04
ENSG00000100281:1(@)Loc1692   chr22_35258140_T_G_b38   7.581e-02 1.475e-03    1.475e-03      1.118e-04
ENSG00000100281:1(@)Loc1692   chr22_35258642_C_T_b38   4.256e-02 4.232e-03    4.232e-03      1.801e-04
ENSG00000100281:1(@)Loc1692   chr22_35259557_TA_T_b38   4.180e-02 4.232e-03    4.232e-03      1.769e-04
ENSG00000100281:1(@)Loc1692   chr22_35261293_A_G_b38   2.664e-02 4.232e-03    4.232e-03      1.127e-04
ENSG00000100281:1(@)Loc1692   chr22_35261388_A_C_b38   2.617e-02 4.232e-03    4.232e-03      1.107e-04
ENSG00000100281:1(@)Loc1692   chr22_35307135_T_C_b38   3.073e-03 3.823e-02    3.823e-02      1.175e-04
ENSG00000100284:1(@)Loc1692   chr22_35300084_G_C_b38   7.350e-02 2.307e-03    2.307e-03      1.696e-04
ENSG00000100299:1(@)Loc1702   chr22_50625049_T_C_b38   8.240e-01 2.623e-04    2.623e-04      2.161e-04
