Signal	SNP	PIP_qtl	PIP_gwas_marginal	PIP_gwas_qtl_prior	SCP
ENSG00000215908:1(@)Loc12   chr1_16900688_C_T_b38   9.090e-01 1.160e-04    1.160e-04      1.055e-04
ENSG00000238142:4(@)Loc12   chr1_16891929_A_AG_b38   9.921e-01 1.561e-04    1.561e-04      1.549e-04
ENSG00000183726:1(@)Loc18   chr1_25348294_C_T_b38   2.595e-02 8.608e-03    8.608e-03      2.234e-04
ENSG00000183726:1(@)Loc18   chr1_25432164_G_A_b38   8.948e-03 3.203e-02    3.204e-02      2.867e-04
ENSG00000204178:1(@)Loc18   chr1_25427147_C_T_b38   5.511e-02 1.378e-02    1.379e-02      7.597e-04
ENSG00000204178:1(@)Loc18   chr1_25434800_T_C_b38   5.997e-03 2.326e-01    2.326e-01      1.395e-03
ENSG00000204178:3(@)Loc18   chr1_25432164_G_A_b38   3.350e-03 3.203e-02    3.203e-02      1.073e-04
ENSG00000204178:3(@)Loc18   chr1_25434429_C_T_b38   2.536e-03 2.652e-01    2.652e-01      6.725e-04
ENSG00000204178:3(@)Loc18   chr1_25442446_A_G_b38   8.702e-04 4.469e-01    4.469e-01      3.889e-04
ENSG00000188672:3(@)Loc18   chr1_25442446_A_G_b38   1.638e-03 4.469e-01    4.469e-01      7.321e-04
ENSG00000188672:1(@)Loc18   chr1_25434429_C_T_b38   5.225e-03 2.652e-01    2.652e-01      1.385e-03
ENSG00000188672:1(@)Loc18   chr1_25434800_T_C_b38   7.076e-03 2.326e-01    2.326e-01      1.646e-03
ENSG00000142765:1(@)Loc19   chr1_27342119_C_T_b38   9.459e-01 2.436e-04    2.436e-04      2.304e-04
ENSG00000229447:1(@)Loc20   chr1_31261901_G_T_b38   2.400e-01 8.169e-04    8.170e-04      1.961e-04
ENSG00000116641:1(@)Loc39   chr1_62596235_C_T_b38   8.369e-03 1.952e-02    1.952e-02      1.634e-04
ENSG00000116641:1(@)Loc39   chr1_62628536_A_G_b38   3.257e-03 1.193e-01    1.193e-01      3.884e-04
ENSG00000116641:1(@)Loc39   chr1_62629021_A_G_b38   3.257e-03 1.080e-01    1.080e-01      3.517e-04
ENSG00000116641:1(@)Loc39   chr1_62632564_G_A_b38   3.257e-03 7.243e-02    7.243e-02      2.359e-04
ENSG00000116641:1(@)Loc39   chr1_62637546_A_G_b38   2.298e-03 7.469e-02    7.469e-02      1.716e-04
ENSG00000116641:1(@)Loc39   chr1_62668259_G_A_b38   1.649e-02 2.929e-02    2.929e-02      4.831e-04
ENSG00000116641:1(@)Loc39   chr1_62674059_C_T_b38   7.585e-03 1.905e-02    1.905e-02      1.445e-04
ENSG00000116641:1(@)Loc39   chr1_62679768_G_A_b38   1.826e-02 2.400e-02    2.400e-02      4.383e-04
ENSG00000198890:1(@)Loc66   chr1_107056636_A_T_b38   5.591e-01 9.177e-04    9.178e-04      5.132e-04
ENSG00000198890:1(@)Loc66   chr1_107075085_G_A_b38   8.721e-03 3.680e-02    3.680e-02      3.210e-04
ENSG00000134222:2(@)Loc67   chr1_109274968_G_T_b38   7.894e-02 4.071e-01    4.071e-01      3.214e-02
ENSG00000134222:2(@)Loc67   chr1_109275908_C_T_b38   8.439e-02 5.928e-01    5.928e-01      5.002e-02
ENSG00000116337:2(@)Loc68   chr1_109778808_T_C_b38   1.283e-01 1.651e-03    1.651e-03      2.118e-04
ENSG00000184371:1(@)Loc68   chr1_109935705_G_A_b38   1.775e-01 6.105e-04    6.105e-04      1.084e-04
ENSG00000184371:1(@)Loc68   chr1_109941787_A_G_b38   1.775e-01 8.930e-04    8.931e-04      1.585e-04
ENSG00000143409:3(@)Loc74   chr1_150986360_A_G_b38   2.018e-03 9.701e-01    9.701e-01      1.958e-03
ENSG00000169242:1(@)Loc77   chr1_155133578_A_G_b38   4.971e-01 1.189e-03    1.189e-03      5.909e-04
ENSG00000169242:1(@)Loc77   chr1_155133751_A_T_b38   4.971e-01 1.173e-03    1.173e-03      5.830e-04
ENSG00000185499:1(@)Loc77   chr1_155208991_T_A_b38   6.127e-01 2.331e-04    2.332e-04      1.428e-04
ENSG00000169231:1(@)Loc77   chr1_155208991_T_A_b38   9.072e-01 2.331e-04    2.332e-04      2.115e-04
ENSG00000160803:1(@)Loc77   chr1_156039336_T_C_b38   6.943e-01 1.762e-04    1.762e-04      1.223e-04
ENSG00000242252:1(@)Loc77   chr1_156240631_G_A_b38   3.727e-01 1.413e-03    1.413e-03      5.267e-04
ENSG00000160781:1(@)Loc77   chr1_156249659_A_G_b38   1.751e-01 1.163e-03    1.163e-03      2.037e-04
ENSG00000160781:1(@)Loc77   chr1_156255004_C_T_b38   8.296e-02 1.304e-03    1.304e-03      1.082e-04
ENSG00000283317:3(@)Loc80   chr1_161440668_A_G_b38   5.704e-02 3.851e-02    3.851e-02      2.197e-03
ENSG00000143226:1(@)Loc80   chr1_161505171_G_T_b38   5.049e-02 2.359e-03    2.359e-03      1.191e-04
ENSG00000203747:1(@)Loc80   chr1_161551141_C_T_b38   1.558e-02 1.573e-02    1.573e-02      2.451e-04
ENSG00000203747:1(@)Loc80   chr1_161559200_A_G_b38   2.912e-03 7.139e-02    7.140e-02      2.079e-04
ENSG00000162746:2(@)Loc80   chr1_161726298_T_C_b38   8.403e-01 8.748e-04    8.749e-04      7.352e-04
ENSG00000162746:1(@)Loc80   chr1_161726992_G_C_b38   6.612e-01 3.026e-04    3.027e-04      2.001e-04
ENSG00000143799:2(@)Loc116   chr1_226407946_C_G_b38   2.496e-01 5.880e-04    5.881e-04      1.468e-04
ENSG00000223947:1(@)Loc190   chr2_101001169_C_T_b38   9.867e-02 1.366e-03    1.366e-03      1.348e-04
ENSG00000223947:1(@)Loc190   chr2_101001757_A_G_b38   1.569e-01 1.980e-03    1.980e-03      3.106e-04
ENSG00000223947:1(@)Loc190   chr2_101025798_A_G_b38   8.908e-03 1.520e-01    1.520e-01      1.354e-03
ENSG00000135968:1(@)Loc197   chr2_108449874_AAG_A_b38   5.684e-01 6.325e-04    6.326e-04      3.595e-04
ENSG00000135968:1(@)Loc197   chr2_108454242_G_A_b38   2.379e-01 7.198e-04    7.198e-04      1.712e-04
ENSG00000076003:1(@)Loc212   chr2_135851076_G_A_b38   2.320e-02 1.661e-01    1.661e-01      3.853e-03
ENSG00000233579:2(@)Loc252   chr2_202843584_A_G_b38   2.315e-03 4.580e-01    4.580e-01      1.060e-03
ENSG00000144426:1(@)Loc252   chr2_203016111_G_A_b38   3.560e-02 3.880e-03    3.881e-03      1.381e-04
ENSG00000144426:1(@)Loc252   chr2_203016269_T_C_b38   3.560e-02 3.572e-03    3.573e-03      1.272e-04
ENSG00000115414:2(@)Loc259   chr2_215435759_T_A_b38   1.456e-02 2.100e-02    2.100e-02      3.056e-04
ENSG00000115414:2(@)Loc259   chr2_215439661_T_C_b38   1.813e-03 6.684e-01    6.684e-01      1.212e-03
ENSG00000237412:1(@)Loc268   chr2_232524103_T_G_b38   5.437e-01 2.040e-04    2.041e-04      1.109e-04
ENSG00000243224:1(@)Loc312   chr3_52245578_G_A_b38   8.748e-02 1.184e-03    1.184e-03      1.036e-04
ENSG00000164088:1(@)Loc312   chr3_52245578_G_A_b38   9.794e-01 1.184e-03    1.184e-03      1.159e-03
ENSG00000270941:1(@)Loc312   chr3_52732590_G_A_b38   1.037e-01 1.197e-03    1.197e-03      1.242e-04
ENSG00000163935:1(@)Loc312   chr3_53062378_A_G_b38   6.560e-02 2.243e-03    2.243e-03      1.472e-04
ENSG00000261488:1(@)Loc345   chr3_112014254_TG_T_b38   6.397e-01 3.770e-04    3.770e-04      2.412e-04
ENSG00000176040:1(@)Loc345   chr3_112014254_TG_T_b38   3.630e-01 3.770e-04    3.770e-04      1.369e-04
ENSG00000160124:3(@)Loc352   chr3_122431007_C_T_b38   1.563e-02 3.058e-02    3.058e-02      4.778e-04
ENSG00000129048:2(@)Loc358   chr3_132444356_G_T_b38   4.297e-03 3.659e-01    3.659e-01      1.572e-03
ENSG00000129048:2(@)Loc358   chr3_132490359_A_G_b38   4.775e-04 3.322e-01    3.322e-01      1.586e-04
ENSG00000129048:2(@)Loc358   chr3_132500710_T_C_b38   3.095e-03 2.690e-01    2.690e-01      8.326e-04
ENSG00000163956:3(@)Loc402   chr4_3471412_A_G_b38   1.950e-02 2.176e-02    2.176e-02      4.242e-04
ENSG00000163956:3(@)Loc402   chr4_3478409_T_C_b38   9.600e-03 1.137e-02    1.137e-02      1.092e-04
ENSG00000138823:1(@)Loc464   chr4_99563133_T_C_b38   1.846e-02 6.409e-03    6.409e-03      1.183e-04
ENSG00000138823:1(@)Loc464   chr4_99563386_G_A_b38   3.830e-02 4.825e-02    4.825e-02      1.848e-03
ENSG00000138823:1(@)Loc464   chr4_99564098_G_A_b38   3.830e-02 8.253e-03    8.254e-03      3.161e-04
ENSG00000164300:1(@)Loc567   chr5_80166699_T_C_b38   9.033e-01 1.377e-04    1.377e-04      1.244e-04
ENSG00000113068:1(@)Loc603   chr5_140302312_G_A_b38   3.288e-01 1.549e-03    1.549e-03      5.094e-04
ENSG00000145850:2(@)Loc612   chr5_156960126_G_C_b38   1.740e-03 1.655e-01    1.655e-01      2.880e-04
ENSG00000145850:2(@)Loc612   chr5_156963286_T_C_b38   2.586e-02 8.308e-01    8.308e-01      2.148e-02
ENSG00000113272:1(@)Loc613   chr5_157731406_C_A_b38   3.905e-01 1.387e-03    1.387e-03      5.418e-04
ENSG00000007944:1(@)Loc643   chr6_16108932_A_C_b38   4.283e-02 2.038e-01    2.038e-01      8.730e-03
ENSG00000137338:2(@)Loc652   chr6_28293640_A_G_b38   4.622e-02 2.638e-03    2.638e-03      1.219e-04
ENSG00000241106:3(@)Loc657   chr6_32821703_A_G_b38   1.361e-02 2.346e-01    2.347e-01      3.194e-03
ENSG00000241106:3(@)Loc657   chr6_32826899_T_C_b38   3.788e-02 2.747e-03    2.747e-03      1.041e-04
ENSG00000241106:3(@)Loc657   chr6_32828188_G_A_b38   3.623e-02 4.155e-03    4.155e-03      1.506e-04
ENSG00000241106:3(@)Loc657   chr6_32828242_C_A_b38   3.623e-02 4.155e-03    4.155e-03      1.506e-04
ENSG00000241106:3(@)Loc657   chr6_32828280_G_A_b38   3.623e-02 4.155e-03    4.155e-03      1.506e-04
ENSG00000241106:3(@)Loc657   chr6_32828281_C_T_b38   3.623e-02 4.155e-03    4.155e-03      1.506e-04
ENSG00000241106:3(@)Loc657   chr6_32828367_A_G_b38   3.623e-02 4.059e-03    4.059e-03      1.471e-04
ENSG00000241106:3(@)Loc657   chr6_32828449_G_A_b38   1.704e-02 6.575e-03    6.575e-03      1.120e-04
ENSG00000241106:3(@)Loc657   chr6_32828569_T_C_b38   3.623e-02 1.909e-02    1.909e-02      6.918e-04
ENSG00000241106:3(@)Loc657   chr6_32828876_C_A_b38   3.623e-02 4.155e-03    4.155e-03      1.506e-04
ENSG00000241106:3(@)Loc657   chr6_32828908_A_G_b38   5.509e-01 1.376e-01    1.376e-01      7.583e-02
ENSG00000241106:3(@)Loc657   chr6_32828974_T_C_b38   3.623e-02 1.416e-01    1.416e-01      5.131e-03
ENSG00000241106:3(@)Loc657   chr6_32829584_C_T_b38   1.704e-02 1.951e-01    1.951e-01      3.324e-03
ENSG00000124664:1(@)Loc658   chr6_34535740_A_C_b38   2.020e-02 6.608e-03    6.609e-03      1.335e-04
ENSG00000124664:1(@)Loc658   chr6_34536990_G_C_b38   1.556e-02 1.078e-02    1.078e-02      1.678e-04
ENSG00000124664:1(@)Loc658   chr6_34537417_T_G_b38   4.493e-02 7.169e-03    7.170e-03      3.221e-04
ENSG00000196821:1(@)Loc658   chr6_34624313_A_G_b38   7.901e-01 3.240e-03    3.240e-03      2.560e-03
ENSG00000272288:1(@)Loc658   chr6_34695821_C_T_b38   3.530e-02 2.711e-02    2.711e-02      9.572e-04
ENSG00000161912:2(@)Loc662   chr6_41059781_C_T_b38   3.832e-01 2.632e-04    2.633e-04      1.009e-04
ENSG00000161912:2(@)Loc662   chr6_41137356_T_G_b38   6.158e-01 1.843e-04    1.844e-04      1.135e-04
ENSG00000124713:2(@)Loc663   chr6_42964977_C_T_b38   2.721e-03 7.483e-02    7.483e-02      2.036e-04
ENSG00000231113:1(@)Loc663   chr6_42947283_G_A_b38   2.365e-01 1.006e-03    1.006e-03      2.380e-04
ENSG00000231113:1(@)Loc663   chr6_42964977_C_T_b38   1.033e-02 7.483e-02    7.483e-02      7.731e-04
ENSG00000124587:1(@)Loc663   chr6_42978752_C_A_b38   2.167e-01 4.815e-04    4.815e-04      1.043e-04
ENSG00000124587:1(@)Loc663   chr6_42979205_G_A_b38   2.167e-01 5.400e-04    5.400e-04      1.170e-04
ENSG00000124713:1(@)Loc663   chr6_42960723_C_T_b38   9.977e-01 5.420e-04    5.420e-04      5.408e-04
ENSG00000225791:2(@)Loc669   chr6_52578269_G_A_b38   3.562e-01 2.471e-03    2.471e-03      8.803e-04
ENSG00000225791:3(@)Loc669   chr6_52580202_A_G_b38   1.501e-02 1.257e-02    1.257e-02      1.886e-04
ENSG00000065308:2(@)Loc669   chr6_52595806_G_A_b38   3.012e-02 5.400e-03    5.400e-03      1.627e-04
ENSG00000065308:2(@)Loc669   chr6_52600250_T_C_b38   2.299e-01 1.061e-03    1.061e-03      2.439e-04
ENSG00000065308:2(@)Loc669   chr6_52600653_G_T_b38   1.707e-01 2.583e-03    2.584e-03      4.412e-04
ENSG00000065308:2(@)Loc669   chr6_52600908_C_T_b38   1.324e-01 1.054e-03    1.054e-03      1.396e-04
ENSG00000065308:2(@)Loc669   chr6_52601037_G_A_b38   1.227e-01 1.078e-03    1.078e-03      1.323e-04
ENSG00000065308:2(@)Loc669   chr6_52607668_A_G_b38   1.287e-01 1.335e-03    1.335e-03      1.718e-04
ENSG00000216775:2(@)Loc669   chr6_52664868_A_C_b38   1.947e-01 6.469e-02    6.469e-02      1.260e-02
ENSG00000216775:2(@)Loc669   chr6_52666029_C_T_b38   9.174e-02 1.685e-02    1.685e-02      1.546e-03
ENSG00000216775:2(@)Loc669   chr6_52666092_G_A_b38   4.652e-02 8.103e-03    8.104e-03      3.770e-04
ENSG00000216775:2(@)Loc669   chr6_52667510_G_T_b38   1.103e-01 6.017e-03    6.018e-03      6.639e-04
ENSG00000216775:2(@)Loc669   chr6_52669209_A_ACATTGAAAGTTAAGAGTCTCTGCTGTGGATCATG_b38   1.119e-01 8.224e-03    8.225e-03      9.204e-04
ENSG00000216775:2(@)Loc669   chr6_52688638_C_T_b38   9.892e-02 1.620e-02    1.620e-02      1.603e-03
ENSG00000155085:1(@)Loc703   chr6_109690255_T_C_b38   5.470e-01 6.728e-04    6.729e-04      3.681e-04
ENSG00000225146:1(@)Loc744   chr7_1012028_T_C_b38   4.547e-01 5.204e-04    5.205e-04      2.367e-04
ENSG00000225146:1(@)Loc744   chr7_1012140_A_G_b38   4.547e-01 5.204e-04    5.205e-04      2.367e-04
ENSG00000224079:2(@)Loc744   chr7_1074376_C_T_b38   1.517e-01 9.155e-04    9.156e-04      1.389e-04
ENSG00000224079:2(@)Loc744   chr7_1074387_C_A_b38   1.517e-01 9.155e-04    9.156e-04      1.389e-04
ENSG00000146540:3(@)Loc744   chr7_1138191_GCGCCCACCTGCGCCCACGT_G_b38   3.255e-02 3.510e-03    3.510e-03      1.143e-04
ENSG00000015520:1(@)Loc774   chr7_44542387_T_C_b38   2.624e-03 1.236e-01    1.236e-01      3.244e-04
ENSG00000015520:1(@)Loc774   chr7_44542732_A_G_b38   2.301e-03 8.526e-01    8.526e-01      1.962e-03
ENSG00000189077:1(@)Loc790   chr7_75994202_G_A_b38   6.917e-01 1.990e-04    1.990e-04      1.377e-04
ENSG00000189077:1(@)Loc790   chr7_76000865_C_T_b38   2.266e-02 6.169e-03    6.170e-03      1.398e-04
ENSG00000157259:1(@)Loc798   chr7_92447889_G_A_b38   7.729e-01 1.482e-04    1.482e-04      1.145e-04
ENSG00000272950:2(@)Loc802   chr7_98300261_TC_T_b38   4.596e-02 3.482e-03    3.482e-03      1.600e-04
ENSG00000272950:2(@)Loc802   chr7_98312758_C_CTG_b38   4.936e-02 4.212e-03    4.212e-03      2.079e-04
ENSG00000272950:2(@)Loc802   chr7_98316987_C_CT_b38   1.622e-01 4.212e-03    4.212e-03      6.831e-04
ENSG00000272950:2(@)Loc802   chr7_98320502_C_T_b38   2.884e-01 4.212e-03    4.212e-03      1.215e-03
ENSG00000272950:2(@)Loc802   chr7_98322009_C_T_b38   3.201e-01 4.854e-03    4.854e-03      1.554e-03
ENSG00000272950:2(@)Loc802   chr7_98345539_G_A_b38   3.746e-02 4.584e-03    4.585e-03      1.718e-04
ENSG00000233609:1(@)Loc852   chr8_8964127_A_G_b38   6.068e-01 1.295e-03    1.295e-03      7.860e-04
ENSG00000156006:2(@)Loc861   chr8_18391151_A_G_b38   1.371e-02 8.922e-03    8.922e-03      1.223e-04
ENSG00000156006:2(@)Loc861   chr8_18398199_A_G_b38   4.103e-04 3.897e-01    3.897e-01      1.599e-04
ENSG00000215114:2(@)Loc886   chr8_58399138_A_G_b38   1.917e-02 2.748e-01    2.748e-01      5.269e-03
ENSG00000215114:2(@)Loc886   chr8_58440975_C_T_b38   3.418e-03 4.009e-01    4.009e-01      1.370e-03
ENSG00000215114:2(@)Loc886   chr8_58473360_C_T_b38   1.208e-02 3.243e-01    3.243e-01      3.917e-03
ENSG00000250031:1(@)Loc886   chr8_58440975_C_T_b38   5.093e-04 4.009e-01    4.009e-01      2.042e-04
ENSG00000156795:1(@)Loc921   chr8_123417155_A_G_b38   9.910e-01 1.513e-04    1.513e-04      1.500e-04
ENSG00000186583:2(@)Loc935   chr8_143948489_G_T_b38   1.798e-04 9.999e-01    9.999e-01      1.798e-04
ENSG00000178719:2(@)Loc935   chr8_143948489_G_T_b38   1.214e-04 9.999e-01    9.999e-01      1.214e-04
ENSG00000236404:2(@)Loc938   chr9_2640759_A_G_b38   2.830e-02 9.878e-01    9.878e-01      2.796e-02
ENSG00000147852:1(@)Loc938   chr9_2640759_A_G_b38   1.393e-01 9.878e-01    9.878e-01      1.376e-01
ENSG00000273226:1(@)Loc950   chr9_19367112_G_A_b38   5.132e-02 3.391e-03    3.392e-03      1.740e-04
ENSG00000273226:1(@)Loc950   chr9_19375840_TGGTATCCACTAAAACTA_T_b38   2.283e-01 6.737e-04    6.738e-04      1.538e-04
ENSG00000273226:1(@)Loc950   chr9_19376146_C_T_b38   2.113e-01 1.854e-03    1.854e-03      3.916e-04
ENSG00000273226:1(@)Loc950   chr9_19376257_A_C_b38   2.113e-01 7.041e-04    7.041e-04      1.488e-04
ENSG00000272842:1(@)Loc950   chr9_19376260_G_C_b38   3.240e-01 7.041e-04    7.041e-04      2.281e-04
ENSG00000205143:1(@)Loc961   chr9_34629163_A_G_b38   3.494e-01 4.660e-04    4.661e-04      1.628e-04
ENSG00000230074:1(@)Loc962   chr9_34677541_T_C_b38   7.407e-01 1.514e-04    1.514e-04      1.121e-04
ENSG00000136827:1(@)Loc1002   chr9_129811257_G_T_b38   7.447e-01 1.459e-04    1.459e-04      1.087e-04
ENSG00000057608:1(@)Loc1015   chr10_5795935_TA_T_b38   1.065e-01 1.205e-03    1.206e-03      1.284e-04
ENSG00000057608:1(@)Loc1015   chr10_5806875_T_C_b38   1.065e-01 1.161e-03    1.161e-03      1.237e-04
ENSG00000057608:1(@)Loc1015   chr10_5810209_T_C_b38   1.065e-01 1.359e-03    1.359e-03      1.448e-04
ENSG00000057608:1(@)Loc1015   chr10_5813440_G_C_b38   3.790e-02 2.870e-03    2.870e-03      1.088e-04
ENSG00000229124:2(@)Loc1023   chr10_17218291_A_G_b38   5.197e-04 4.054e-01    4.054e-01      2.107e-04
ENSG00000156521:2(@)Loc1055   chr10_70163650_G_A_b38   3.249e-01 8.062e-04    8.063e-04      2.620e-04
ENSG00000138190:1(@)Loc1068   chr10_92813793_A_G_b38   1.580e-02 4.349e-02    4.350e-02      6.874e-04
ENSG00000138190:1(@)Loc1068   chr10_92838148_C_T_b38   5.530e-02 6.760e-03    6.761e-03      3.739e-04
ENSG00000187553:1(@)Loc1068   chr10_93038216_G_A_b38   1.124e-02 1.007e-02    1.007e-02      1.132e-04
ENSG00000187553:1(@)Loc1068   chr10_93045908_G_A_b38   1.124e-02 2.089e-02    2.089e-02      2.348e-04
ENSG00000187553:1(@)Loc1068   chr10_93059296_C_T_b38   7.314e-02 6.838e-03    6.839e-03      5.002e-04
ENSG00000187553:1(@)Loc1068   chr10_93059849_G_A_b38   1.201e-01 9.026e-04    9.027e-04      1.085e-04
ENSG00000187553:1(@)Loc1068   chr10_93060445_C_T_b38   2.483e-01 9.366e-04    9.367e-04      2.326e-04
ENSG00000110321:1(@)Loc1102   chr11_10828066_T_G_b38   7.529e-02 2.425e-03    2.426e-03      1.826e-04
ENSG00000179119:1(@)Loc1107   chr11_18611437_T_C_b38   4.002e-03 7.889e-02    7.889e-02      3.157e-04
ENSG00000179119:1(@)Loc1107   chr11_18634724_C_T_b38   9.164e-02 9.211e-01    9.211e-01      8.441e-02
ENSG00000168496:2(@)Loc1128   chr11_61790331_T_C_b38   3.986e-03 3.373e-02    3.373e-02      1.345e-04
ENSG00000134824:1(@)Loc1128   chr11_61830500_A_G_b38   1.558e-03 2.963e-01    2.963e-01      4.614e-04
ENSG00000134824:1(@)Loc1128   chr11_61836038_C_A_b38   3.663e-03 5.662e-02    5.662e-02      2.074e-04
ENSG00000134824:1(@)Loc1128   chr11_61837342_C_A_b38   4.181e-03 2.241e-01    2.241e-01      9.369e-04
ENSG00000134824:1(@)Loc1128   chr11_61842278_C_T_b38   1.500e-03 3.273e-01    3.273e-01      4.910e-04
ENSG00000149485:2(@)Loc1128   chr11_61830500_A_G_b38   6.522e-03 2.963e-01    2.963e-01      1.932e-03
ENSG00000149485:2(@)Loc1128   chr11_61836038_C_A_b38   1.083e-02 5.663e-02    5.663e-02      6.131e-04
ENSG00000149485:2(@)Loc1128   chr11_61837342_C_A_b38   1.571e-02 2.241e-01    2.241e-01      3.520e-03
ENSG00000149485:2(@)Loc1128   chr11_61842278_C_T_b38   1.003e-02 3.273e-01    3.273e-01      3.281e-03
ENSG00000149485:1(@)Loc1128   chr11_61802358_C_T_b38   2.037e-02 1.637e-02    1.637e-02      3.333e-04
ENSG00000149485:1(@)Loc1128   chr11_61804006_T_C_b38   2.037e-02 3.634e-02    3.635e-02      7.403e-04
ENSG00000173327:1(@)Loc1130   chr11_65613445_G_A_b38   8.819e-02 1.621e-03    1.621e-03      1.430e-04
ENSG00000197136:1(@)Loc1130   chr11_65613445_G_A_b38   1.051e-01 1.621e-03    1.621e-03      1.704e-04
ENSG00000172818:1(@)Loc1130   chr11_65784647_G_A_b38   1.789e-01 5.884e-04    5.885e-04      1.053e-04
ENSG00000172818:1(@)Loc1130   chr11_65789645_T_TG_b38   3.300e-01 4.907e-04    4.907e-04      1.619e-04
ENSG00000174080:1(@)Loc1131   chr11_66568700_C_A_b38   1.517e-01 7.248e-04    7.248e-04      1.100e-04
ENSG00000118369:1(@)Loc1137   chr11_78212453_G_GT_b38   4.906e-02 2.316e-03    2.317e-03      1.137e-04
ENSG00000118369:1(@)Loc1137   chr11_78213342_T_C_b38   1.236e-01 9.388e-04    9.389e-04      1.160e-04
ENSG00000118369:1(@)Loc1137   chr11_78214268_CTGTT_C_b38   2.915e-01 2.721e-03    2.721e-03      7.932e-04
ENSG00000118369:1(@)Loc1137   chr11_78214662_C_G_b38   2.183e-02 4.851e-03    4.851e-03      1.059e-04
ENSG00000118369:1(@)Loc1137   chr11_78214713_A_C_b38   4.472e-02 7.694e-03    7.695e-03      3.441e-04
ENSG00000118369:1(@)Loc1137   chr11_78214809_G_C_b38   4.472e-02 7.776e-03    7.776e-03      3.478e-04
ENSG00000118369:1(@)Loc1137   chr11_78214834_CTCTACTGAA_C_b38   1.126e-01 1.419e-03    1.419e-03      1.598e-04
ENSG00000118369:1(@)Loc1137   chr11_78215723_A_G_b38   1.015e-01 9.457e-03    9.458e-03      9.602e-04
ENSG00000151376:1(@)Loc1141   chr11_86672590_ACT_A_b38   2.351e-01 5.159e-04    5.160e-04      1.213e-04
ENSG00000151376:1(@)Loc1141   chr11_86672834_C_A_b38   2.351e-01 5.730e-04    5.730e-04      1.347e-04
ENSG00000151376:1(@)Loc1141   chr11_86673021_C_G_b38   2.351e-01 5.730e-04    5.730e-04      1.347e-04
ENSG00000109917:3(@)Loc1164   chr11_116778201_G_C_b38   4.014e-04 9.837e-01    9.837e-01      3.948e-04
ENSG00000095139:2(@)Loc1165   chr11_118554704_G_T_b38   5.060e-03 2.156e-02    2.156e-02      1.091e-04
ENSG00000149582:1(@)Loc1165   chr11_118542889_G_A_b38   8.797e-01 1.552e-03    1.552e-03      1.365e-03
ENSG00000243431:1(@)Loc1165   chr11_118554704_G_T_b38   1.380e-02 2.156e-02    2.156e-02      2.975e-04
ENSG00000243431:1(@)Loc1165   chr11_118560058_A_AC_b38   8.104e-01 1.119e-03    1.119e-03      9.066e-04
ENSG00000118096:2(@)Loc1165   chr11_118573229_G_A_b38   3.253e-01 9.511e-04    9.512e-04      3.094e-04
ENSG00000110080:1(@)Loc1171   chr11_126348646_A_G_b38   1.287e-03 8.003e-02    8.004e-02      1.030e-04
ENSG00000110080:1(@)Loc1171   chr11_126358764_T_G_b38   1.180e-02 9.467e-02    9.468e-02      1.117e-03
ENSG00000280832:2(@)Loc1171   chr11_126358764_T_G_b38   1.228e-03 9.467e-02    9.468e-02      1.163e-04
ENSG00000139187:2(@)Loc1187   chr12_8929985_A_G_b38   2.139e-02 4.654e-02    4.655e-02      9.954e-04
ENSG00000214826:2(@)Loc1187   chr12_9313459_A_T_b38   6.260e-01 2.513e-04    2.513e-04      1.573e-04
ENSG00000066084:1(@)Loc1209   chr12_50508099_T_C_b38   6.526e-03 9.260e-02    9.260e-02      6.044e-04
ENSG00000139629:1(@)Loc1209   chr12_51354542_G_A_b38   4.214e-01 2.586e-04    2.587e-04      1.090e-04
ENSG00000139323:1(@)Loc1232   chr12_89536849_C_T_b38   4.652e-02 2.753e-03    2.754e-03      1.281e-04
ENSG00000110880:1(@)Loc1244   chr12_108701361_A_G_b38   9.268e-03 2.850e-01    2.850e-01      2.642e-03
ENSG00000110880:1(@)Loc1244   chr12_108731563_G_A_b38   3.370e-01 5.370e-04    5.370e-04      1.810e-04
ENSG00000110880:1(@)Loc1244   chr12_108731564_C_A_b38   3.370e-01 5.370e-04    5.370e-04      1.810e-04
ENSG00000270028:2(@)Loc1253   chr12_123920171_T_C_b38   2.461e-02 4.326e-03    4.326e-03      1.064e-04
ENSG00000270028:2(@)Loc1253   chr12_123929551_C_T_b38   1.270e-02 9.186e-03    9.187e-03      1.167e-04
ENSG00000270028:2(@)Loc1253   chr12_123935181_C_T_b38   6.377e-03 1.912e-02    1.913e-02      1.220e-04
ENSG00000250091:1(@)Loc1253   chr12_123935181_C_T_b38   4.185e-02 1.912e-02    1.913e-02      8.004e-04
ENSG00000250091:1(@)Loc1253   chr12_123935529_C_CAGGA_b38   1.296e-01 9.092e-04    9.093e-04      1.178e-04
ENSG00000179195:1(@)Loc1253   chr12_123964676_C_A_b38   1.128e-02 9.307e-03    9.308e-03      1.050e-04
ENSG00000179195:1(@)Loc1253   chr12_123973455_C_A_b38   3.242e-01 1.088e-03    1.089e-03      3.528e-04
ENSG00000102781:1(@)Loc1269   chr13_30307436_T_C_b38   5.394e-01 2.651e-04    2.651e-04      1.430e-04
ENSG00000274330:1(@)Loc1354   chr14_70224238_T_C_b38   3.662e-03 4.683e-02    4.684e-02      1.715e-04
ENSG00000213463:2(@)Loc1354   chr14_70387954_C_T_b38   5.206e-03 2.671e-02    2.672e-02      1.391e-04
ENSG00000119599:1(@)Loc1356   chr14_72926683_G_A_b38   9.984e-01 1.007e-04    1.007e-04      1.006e-04
ENSG00000133943:1(@)Loc1368   chr14_91203585_T_C_b38   5.873e-01 2.487e-04    2.487e-04      1.461e-04
ENSG00000258666:1(@)Loc1374   chr14_100362847_C_T_b38   1.434e-01 9.740e-04    9.741e-04      1.397e-04
ENSG00000258666:1(@)Loc1374   chr14_100363265_CA_C_b38   1.434e-01 8.226e-04    8.227e-04      1.180e-04
ENSG00000258666:1(@)Loc1374   chr14_100363269_TAACCAATGTCC_T_b38   1.434e-01 8.226e-04    8.227e-04      1.180e-04
ENSG00000140105:1(@)Loc1374   chr14_100354199_A_G_b38   5.870e-02 3.039e-03    3.039e-03      1.784e-04
ENSG00000140105:1(@)Loc1374   chr14_100359923_G_C_b38   5.870e-02 2.478e-03    2.479e-03      1.455e-04
ENSG00000140105:1(@)Loc1374   chr14_100374259_G_C_b38   1.789e-01 2.045e-03    2.045e-03      3.659e-04
ENSG00000176473:1(@)Loc1374   chr14_100376441_T_C_b38   9.538e-02 1.118e-03    1.118e-03      1.067e-04
ENSG00000176473:1(@)Loc1374   chr14_100377141_G_A_b38   1.577e-01 6.643e-04    6.644e-04      1.048e-04
ENSG00000176473:1(@)Loc1374   chr14_100377178_C_G_b38   1.577e-01 6.643e-04    6.644e-04      1.048e-04
ENSG00000245534:1(@)Loc1405   chr15_60621438_A_G_b38   1.650e-01 7.222e-04    7.222e-04      1.192e-04
ENSG00000140463:1(@)Loc1412   chr15_72686190_C_A_b38   9.996e-01 1.036e-04    1.036e-04      1.035e-04
ENSG00000140497:1(@)Loc1413   chr15_74885866_G_A_b38   3.783e-02 8.705e-03    8.706e-03      3.293e-04
ENSG00000178802:1(@)Loc1413   chr15_74897589_A_G_b38   7.107e-02 3.306e-03    3.307e-03      2.350e-04
ENSG00000188897:2(@)Loc1440   chr16_11587186_C_G_b38   9.988e-01 2.916e-04    2.917e-04      2.913e-04
ENSG00000189067:1(@)Loc1440   chr16_11587186_C_G_b38   9.792e-01 2.916e-04    2.917e-04      2.856e-04
ENSG00000183426:1(@)Loc1443   chr16_15036083_C_T_b38   1.000e+00 1.656e-04    1.656e-04      1.656e-04
ENSG00000183793:1(@)Loc1443   chr16_15036083_C_T_b38   9.962e-01 1.656e-04    1.656e-04      1.650e-04
ENSG00000167394:1(@)Loc1452   chr16_31074149_T_C_b38   2.300e-01 4.458e-03    4.459e-03      1.026e-03
ENSG00000103507:1(@)Loc1452   chr16_31106068_T_C_b38   8.662e-02 3.065e-03    3.066e-03      2.655e-04
ENSG00000103507:1(@)Loc1452   chr16_31106092_C_T_b38   3.726e-02 4.297e-03    4.298e-03      1.601e-04
ENSG00000052344:2(@)Loc1452   chr16_31136227_G_A_b38   1.408e-02 8.072e-03    8.073e-03      1.137e-04
ENSG00000262766:1(@)Loc1452   chr16_31113086_A_G_b38   8.466e-03 1.549e-02    1.549e-02      1.312e-04
ENSG00000262766:1(@)Loc1452   chr16_31116767_AAT_A_b38   3.632e-02 3.065e-03    3.066e-03      1.113e-04
ENSG00000262766:1(@)Loc1452   chr16_31117294_C_T_b38   2.997e-02 3.541e-03    3.541e-03      1.061e-04
ENSG00000262766:1(@)Loc1452   chr16_31117347_C_A_b38   2.997e-02 3.876e-03    3.876e-03      1.162e-04
ENSG00000262766:1(@)Loc1452   chr16_31118574_A_G_b38   7.365e-02 1.114e-02    1.114e-02      8.204e-04
ENSG00000262766:1(@)Loc1452   chr16_31119800_C_T_b38   3.600e-02 3.065e-03    3.066e-03      1.104e-04
ENSG00000262766:1(@)Loc1452   chr16_31120293_A_G_b38   4.238e-02 7.036e-03    7.037e-03      2.982e-04
ENSG00000262766:1(@)Loc1452   chr16_31126391_C_T_b38   1.153e-02 9.600e-03    9.601e-03      1.107e-04
ENSG00000103510:1(@)Loc1452   chr16_31120293_A_G_b38   4.395e-01 7.036e-03    7.037e-03      3.093e-03
ENSG00000103510:1(@)Loc1452   chr16_31136227_G_A_b38   3.651e-01 8.072e-03    8.073e-03      2.948e-03
ENSG00000103510:1(@)Loc1452   chr16_31137821_A_G_b38   1.514e-01 2.257e-03    2.257e-03      3.418e-04
ENSG00000257017:1(@)Loc1466   chr16_72074194_G_A_b38   1.577e-02 1.000e+00    1.000e+00      1.577e-02
ENSG00000261701:1(@)Loc1466   chr16_72074194_G_A_b38   1.993e-01 1.000e+00    1.000e+00      1.993e-01
ENSG00000205084:2(@)Loc1468   chr16_75556194_G_C_b38   2.555e-01 4.802e-04    4.802e-04      1.227e-04
ENSG00000091640:1(@)Loc1487   chr17_4967598_G_A_b38   4.975e-01 3.227e-04    3.227e-04      1.605e-04
ENSG00000091640:1(@)Loc1487   chr17_4968223_T_C_b38   4.975e-01 2.673e-04    2.673e-04      1.330e-04
ENSG00000108961:2(@)Loc1489   chr17_8257284_T_C_b38   1.907e-03 9.345e-02    9.345e-02      1.782e-04
ENSG00000108961:2(@)Loc1489   chr17_8257831_C_T_b38   9.667e-04 2.908e-01    2.908e-01      2.811e-04
ENSG00000167525:1(@)Loc1499   chr17_28711515_G_A_b38   3.342e-01 1.012e-03    1.013e-03      3.384e-04
ENSG00000132591:1(@)Loc1499   chr17_28853766_C_T_b38   1.011e-01 4.195e-03    4.196e-03      4.243e-04
ENSG00000132591:1(@)Loc1499   chr17_28858809_C_T_b38   2.296e-02 4.554e-03    4.554e-03      1.046e-04
ENSG00000132591:1(@)Loc1499   chr17_28869730_T_C_b38   3.083e-02 4.765e-03    4.765e-03      1.469e-04
ENSG00000231421:2(@)Loc1500   chr17_30576813_C_G_b38   7.966e-01 2.904e-04    2.904e-04      2.314e-04
ENSG00000231421:1(@)Loc1500   chr17_30576475_T_C_b38   9.993e-01 3.598e-04    3.598e-04      3.596e-04
ENSG00000172171:2(@)Loc1500   chr17_30883577_G_A_b38   1.149e-01 1.242e-03    1.242e-03      1.427e-04
ENSG00000172171:2(@)Loc1500   chr17_30909727_G_A_b38   1.574e-01 1.215e-03    1.215e-03      1.913e-04
ENSG00000172171:2(@)Loc1500   chr17_30924623_G_A_b38   3.321e-01 1.215e-03    1.215e-03      4.035e-04
ENSG00000184060:1(@)Loc1500   chr17_30944301_A_T_b38   1.519e-01 8.143e-03    8.144e-03      1.237e-03
ENSG00000131095:1(@)Loc1508   chr17_44917727_G_A_b38   5.394e-02 1.994e-03    1.994e-03      1.076e-04
ENSG00000276790:1(@)Loc1509   chr17_47314438_T_C_b38   1.196e-03 4.905e-01    4.906e-01      5.869e-04
ENSG00000141295:1(@)Loc1510   chr17_47836481_C_A_b38   4.779e-01 1.559e-03    1.559e-03      7.451e-04
ENSG00000141294:1(@)Loc1510   chr17_47834936_C_T_b38   1.000e+00 1.275e-04    1.276e-04      1.276e-04
ENSG00000159111:2(@)Loc1510   chr17_47834936_C_T_b38   9.641e-01 1.275e-04    1.276e-04      1.230e-04
ENSG00000108479:1(@)Loc1524   chr17_75765315_T_C_b38   1.156e-01 1.322e-03    1.322e-03      1.529e-04
ENSG00000132478:2(@)Loc1524   chr17_75786110_T_C_b38   2.672e-03 3.861e-01    3.861e-01      1.032e-03
ENSG00000141458:1(@)Loc1541   chr18_23585116_C_A_b38   5.458e-01 2.062e-04    2.062e-04      1.125e-04
ENSG00000263916:1(@)Loc1556   chr18_49480864_G_A_b38   2.659e-02 1.172e-02    1.172e-02      3.117e-04
ENSG00000177576:1(@)Loc1556   chr18_49480864_G_A_b38   2.274e-02 1.172e-02    1.172e-02      2.665e-04
ENSG00000064932:1(@)Loc1579   chr19_1174415_G_C_b38   9.445e-01 1.198e-04    1.198e-04      1.132e-04
ENSG00000268297:2(@)Loc1584   chr19_7789788_G_T_b38   1.757e-01 1.581e-03    1.581e-03      2.779e-04
ENSG00000268297:2(@)Loc1584   chr19_7790007_A_G_b38   1.048e-01 1.739e-03    1.739e-03      1.823e-04
ENSG00000268297:2(@)Loc1584   chr19_7790573_A_C_b38   6.728e-02 1.739e-03    1.739e-03      1.170e-04
ENSG00000268297:2(@)Loc1584   chr19_7790577_C_G_b38   6.728e-02 1.739e-03    1.739e-03      1.170e-04
ENSG00000268297:2(@)Loc1584   chr19_7790610_C_G_b38   6.728e-02 1.739e-03    1.739e-03      1.170e-04
ENSG00000268297:2(@)Loc1584   chr19_7790619_C_G_b38   6.728e-02 1.739e-03    1.739e-03      1.170e-04
ENSG00000268297:2(@)Loc1584   chr19_7790931_T_G_b38   6.728e-02 1.739e-03    1.739e-03      1.170e-04
ENSG00000268297:2(@)Loc1584   chr19_7791047_T_TG_b38   6.728e-02 2.041e-03    2.041e-03      1.373e-04
ENSG00000268297:2(@)Loc1584   chr19_7791072_T_G_b38   6.728e-02 1.880e-03    1.880e-03      1.265e-04
ENSG00000268297:2(@)Loc1584   chr19_7791394_C_T_b38   6.728e-02 1.739e-03    1.739e-03      1.170e-04
ENSG00000268297:2(@)Loc1584   chr19_7791437_C_T_b38   6.728e-02 1.739e-03    1.739e-03      1.170e-04
ENSG00000268297:2(@)Loc1584   chr19_7791675_T_C_b38   6.728e-02 1.717e-03    1.717e-03      1.155e-04
ENSG00000269763:1(@)Loc1584   chr19_7790007_A_G_b38   6.281e-02 1.739e-03    1.739e-03      1.092e-04
ENSG00000269763:1(@)Loc1584   chr19_7790573_A_C_b38   6.281e-02 1.739e-03    1.739e-03      1.092e-04
ENSG00000269763:1(@)Loc1584   chr19_7790577_C_G_b38   6.281e-02 1.739e-03    1.739e-03      1.092e-04
ENSG00000269763:1(@)Loc1584   chr19_7790610_C_G_b38   6.281e-02 1.739e-03    1.739e-03      1.092e-04
ENSG00000269763:1(@)Loc1584   chr19_7790619_C_G_b38   6.281e-02 1.739e-03    1.739e-03      1.092e-04
ENSG00000269763:1(@)Loc1584   chr19_7790931_T_G_b38   6.281e-02 1.739e-03    1.739e-03      1.092e-04
ENSG00000269763:1(@)Loc1584   chr19_7791047_T_TG_b38   6.281e-02 2.041e-03    2.041e-03      1.282e-04
ENSG00000269763:1(@)Loc1584   chr19_7791072_T_G_b38   6.281e-02 1.880e-03    1.880e-03      1.181e-04
ENSG00000269763:1(@)Loc1584   chr19_7791394_C_T_b38   6.281e-02 1.739e-03    1.739e-03      1.092e-04
ENSG00000269763:1(@)Loc1584   chr19_7791437_C_T_b38   6.281e-02 1.739e-03    1.739e-03      1.092e-04
ENSG00000269763:1(@)Loc1584   chr19_7791675_T_C_b38   6.281e-02 1.717e-03    1.717e-03      1.078e-04
ENSG00000130518:2(@)Loc1591   chr19_18274140_T_G_b38   9.516e-02 1.124e-03    1.124e-03      1.070e-04
ENSG00000130518:2(@)Loc1591   chr19_18275557_A_G_b38   5.575e-01 2.785e-04    2.785e-04      1.553e-04
ENSG00000188493:2(@)Loc1605   chr19_40763383_G_T_b38   2.811e-01 5.089e-03    5.090e-03      1.431e-03
ENSG00000130204:1(@)Loc1608   chr19_44886339_G_A_b38   8.677e-03 3.333e-01    3.334e-01      2.892e-03
ENSG00000234906:2(@)Loc1608   chr19_44908822_C_T_b38   2.548e-02 3.333e-01    3.333e-01      8.495e-03
ENSG00000234906:2(@)Loc1608   chr19_44912383_G_A_b38   9.716e-04 3.333e-01    3.333e-01      3.239e-04
ENSG00000130208:2(@)Loc1608   chr19_44908822_C_T_b38   2.154e-03 3.333e-01    3.333e-01      7.180e-04
ENSG00000130208:2(@)Loc1608   chr19_44912383_G_A_b38   3.445e-03 3.333e-01    3.333e-01      1.148e-03
ENSG00000176920:1(@)Loc1610   chr19_48702915_C_T_b38   6.412e-03 4.176e-01    4.176e-01      2.678e-03
ENSG00000176920:1(@)Loc1610   chr19_48703160_A_G_b38   6.412e-03 5.764e-01    5.764e-01      3.696e-03
ENSG00000142233:1(@)Loc1610   chr19_48702915_C_T_b38   4.760e-02 4.176e-01    4.176e-01      1.988e-02
ENSG00000142233:1(@)Loc1610   chr19_48703160_A_G_b38   4.760e-02 5.764e-01    5.764e-01      2.743e-02
ENSG00000142233:1(@)Loc1610   chr19_48708712_T_C_b38   9.776e-02 5.806e-03    5.806e-03      5.676e-04
ENSG00000232871:1(@)Loc1610   chr19_48708712_T_C_b38   7.428e-02 5.806e-03    5.806e-03      4.313e-04
ENSG00000197497:1(@)Loc1613   chr19_53194115_T_G_b38   3.369e-01 5.369e-04    5.369e-04      1.809e-04
ENSG00000197586:1(@)Loc1634   chr20_25227137_C_A_b38   4.972e-01 7.023e-04    7.024e-04      3.492e-04
ENSG00000197586:1(@)Loc1634   chr20_25230094_C_T_b38   4.972e-01 1.587e-03    1.587e-03      7.893e-04
ENSG00000126001:1(@)Loc1637   chr20_35458678_G_A_b38   1.956e-02 9.136e-02    9.136e-02      1.787e-03
ENSG00000125991:1(@)Loc1637   chr20_35540122_G_A_b38   3.411e-02 2.297e-02    2.297e-02      7.837e-04
ENSG00000125991:1(@)Loc1637   chr20_35543647_C_T_b38   8.610e-02 1.643e-03    1.643e-03      1.415e-04
ENSG00000125991:1(@)Loc1637   chr20_35545279_C_T_b38   7.320e-02 1.643e-03    1.643e-03      1.203e-04
ENSG00000125991:1(@)Loc1637   chr20_35545566_TCAA_T_b38   7.320e-02 1.643e-03    1.643e-03      1.203e-04
ENSG00000125991:1(@)Loc1637   chr20_35564866_C_T_b38   1.302e-02 2.579e-02    2.580e-02      3.359e-04
ENSG00000224497:1(@)Loc1637   chr20_35543647_C_T_b38   1.492e-01 1.643e-03    1.643e-03      2.451e-04
ENSG00000224497:1(@)Loc1637   chr20_35545279_C_T_b38   3.197e-01 1.643e-03    1.643e-03      5.252e-04
ENSG00000224497:1(@)Loc1637   chr20_35545566_TCAA_T_b38   3.197e-01 1.643e-03    1.643e-03      5.252e-04
ENSG00000224497:1(@)Loc1637   chr20_35549038_C_T_b38   1.204e-01 1.643e-03    1.643e-03      1.978e-04
ENSG00000061656:1(@)Loc1637   chr20_35566823_C_T_b38   8.472e-04 5.424e-01    5.424e-01      4.595e-04
ENSG00000214078:2(@)Loc1637   chr20_35655095_C_T_b38   4.430e-02 1.261e-02    1.261e-02      5.588e-04
ENSG00000214078:2(@)Loc1637   chr20_35697520_C_T_b38   1.304e-02 1.523e-02    1.523e-02      1.987e-04
ENSG00000237371:3(@)Loc1654   chr20_64064578_G_A_b38   1.068e-01 2.462e-03    2.463e-03      2.630e-04
ENSG00000232852:2(@)Loc1654   chr20_64064578_G_A_b38   9.836e-02 2.462e-03    2.463e-03      2.422e-04
ENSG00000232852:2(@)Loc1654   chr20_64074752_A_G_b38   1.015e-01 2.145e-03    2.145e-03      2.178e-04
ENSG00000125510:1(@)Loc1654   chr20_64074752_A_G_b38   5.630e-02 2.145e-03    2.145e-03      1.208e-04
ENSG00000125510:1(@)Loc1654   chr20_64077921_G_A_b38   7.032e-02 1.627e-03    1.627e-03      1.144e-04
ENSG00000125510:1(@)Loc1654   chr20_64080700_T_C_b38   8.399e-01 1.450e-03    1.450e-03      1.218e-03
ENSG00000171700:1(@)Loc1654   chr20_64080700_T_C_b38   8.582e-01 1.450e-03    1.450e-03      1.245e-03
ENSG00000183255:1(@)Loc1677   chr21_44851537_C_T_b38   7.306e-01 1.127e-03    1.127e-03      8.232e-04
ENSG00000160285:1(@)Loc1678   chr21_46194529_A_G_b38   4.887e-01 2.489e-04    2.489e-04      1.217e-04
ENSG00000160285:1(@)Loc1678   chr21_46197575_T_G_b38   4.887e-01 2.252e-04    2.252e-04      1.101e-04
ENSG00000225043:1(@)Loc1678   chr21_46306418_C_G_b38   7.961e-01 6.474e-04    6.474e-04      5.154e-04
ENSG00000182362:1(@)Loc1678   chr21_46306418_C_G_b38   9.986e-01 6.474e-04    6.474e-04      6.465e-04
ENSG00000133519:1(@)Loc1684   chr22_23404165_G_A_b38   5.354e-01 4.577e-04    4.578e-04      2.451e-04
ENSG00000100284:1(@)Loc1692   chr22_35297379_AAAAT_A_b38   2.283e-02 4.496e-03    4.496e-03      1.027e-04
ENSG00000100284:1(@)Loc1692   chr22_35298302_A_G_b38   5.517e-02 3.522e-03    3.522e-03      1.943e-04
ENSG00000100284:1(@)Loc1692   chr22_35298900_C_A_b38   7.166e-02 3.366e-03    3.366e-03      2.412e-04
ENSG00000100284:1(@)Loc1692   chr22_35299680_GC_G_b38   7.166e-02 4.168e-03    4.168e-03      2.987e-04
ENSG00000100284:1(@)Loc1692   chr22_35299809_G_A_b38   3.588e-02 4.637e-03    4.637e-03      1.664e-04
ENSG00000100284:1(@)Loc1692   chr22_35301399_A_G_b38   2.263e-02 4.454e-03    4.454e-03      1.008e-04
ENSG00000100284:1(@)Loc1692   chr22_35303460_A_G_b38   1.448e-02 7.241e-03    7.241e-03      1.048e-04
ENSG00000100284:1(@)Loc1692   chr22_35307135_T_C_b38   1.034e-02 3.823e-02    3.823e-02      3.955e-04
ENSG00000100284:1(@)Loc1692   chr22_35307288_A_G_b38   1.034e-02 9.871e-03    9.872e-03      1.021e-04
ENSG00000100284:1(@)Loc1692   chr22_35315105_A_G_b38   4.939e-03 2.372e-02    2.373e-02      1.172e-04
ENSG00000272834:2(@)Loc1695   chr22_40414438_T_C_b38   4.736e-01 4.916e-04    4.916e-04      2.328e-04
