Signal	SNP	PIP_qtl	PIP_gwas_marginal	PIP_gwas_qtl_prior	SCP
ENSG00000183726:1(@)Loc18   chr1_25348294_C_T_b38   1.455e-02 8.608e-03    8.607e-03      1.253e-04
ENSG00000183726:1(@)Loc18   chr1_25434429_C_T_b38   5.140e-04 2.652e-01    2.651e-01      1.363e-04
ENSG00000183726:1(@)Loc18   chr1_25434800_T_C_b38   5.772e-04 2.326e-01    2.326e-01      1.342e-04
ENSG00000188672:2(@)Loc18   chr1_25434429_C_T_b38   4.086e-03 2.652e-01    2.652e-01      1.083e-03
ENSG00000188672:2(@)Loc18   chr1_25434800_T_C_b38   3.580e-03 2.326e-01    2.326e-01      8.327e-04
ENSG00000188672:2(@)Loc18   chr1_25442446_A_G_b38   1.338e-03 4.469e-01    4.469e-01      5.978e-04
ENSG00000204178:2(@)Loc18   chr1_25432164_G_A_b38   8.911e-03 3.203e-02    3.203e-02      2.854e-04
ENSG00000204178:2(@)Loc18   chr1_25434429_C_T_b38   3.190e-03 2.652e-01    2.652e-01      8.457e-04
ENSG00000204178:2(@)Loc18   chr1_25434800_T_C_b38   2.618e-03 2.326e-01    2.326e-01      6.089e-04
ENSG00000204178:2(@)Loc18   chr1_25442446_A_G_b38   8.994e-04 4.469e-01    4.469e-01      4.019e-04
ENSG00000121766:1(@)Loc20   chr1_31292838_T_C_b38   5.424e-02 2.365e-03    2.364e-03      1.282e-04
ENSG00000121769:1(@)Loc20   chr1_31376362_C_G_b38   1.206e-01 1.196e-03    1.196e-03      1.443e-04
ENSG00000235545:1(@)Loc39   chr1_62690372_A_G_b38   1.110e-02 1.079e-02    1.079e-02      1.198e-04
ENSG00000273487:1(@)Loc56   chr1_92249650_C_T_b38   2.663e-03 5.023e-02    5.022e-02      1.337e-04
ENSG00000198890:1(@)Loc66   chr1_107056636_A_T_b38   4.493e-01 9.177e-04    9.176e-04      4.123e-04
ENSG00000198890:1(@)Loc66   chr1_107075085_G_A_b38   3.987e-02 3.680e-02    3.680e-02      1.467e-03
ENSG00000134222:3(@)Loc67   chr1_109274968_G_T_b38   2.050e-03 4.071e-01    4.071e-01      8.346e-04
ENSG00000134222:3(@)Loc67   chr1_109275908_C_T_b38   5.351e-03 5.928e-01    5.928e-01      3.172e-03
ENSG00000160781:1(@)Loc77   chr1_156240631_G_A_b38   7.660e-02 1.413e-03    1.413e-03      1.082e-04
ENSG00000160781:1(@)Loc77   chr1_156246108_G_A_b38   1.144e-01 1.241e-03    1.241e-03      1.419e-04
ENSG00000160781:1(@)Loc77   chr1_156249659_A_G_b38   1.360e-01 1.163e-03    1.163e-03      1.581e-04
ENSG00000283317:1(@)Loc80   chr1_161440332_C_A_b38   2.520e-01 4.049e-04    4.049e-04      1.020e-04
ENSG00000283317:1(@)Loc80   chr1_161440668_A_G_b38   4.334e-02 3.851e-02    3.850e-02      1.669e-03
ENSG00000203747:2(@)Loc80   chr1_161548543_A_T_b38   1.091e-02 1.110e-02    1.110e-02      1.211e-04
ENSG00000186205:2(@)Loc113   chr1_220796686_A_G_b38   9.275e-03 6.120e-01    6.120e-01      5.676e-03
ENSG00000157992:2(@)Loc148   chr2_27508345_T_C_b38   5.579e-03 4.161e-02    4.161e-02      2.322e-04
ENSG00000143924:1(@)Loc158   chr2_42171778_C_A_b38   7.342e-02 8.883e-03    8.882e-03      6.521e-04
ENSG00000163586:1(@)Loc187   chr2_88129052_C_T_b38   2.503e-01 6.225e-04    6.224e-04      1.558e-04
ENSG00000223947:1(@)Loc190   chr2_101025798_A_G_b38   1.611e-03 1.520e-01    1.520e-01      2.448e-04
ENSG00000279227:1(@)Loc201   chr2_118058382_A_G_b38   3.194e-03 2.185e-01    2.185e-01      6.977e-04
ENSG00000279227:1(@)Loc201   chr2_118078265_G_A_b38   6.430e-04 5.685e-01    5.684e-01      3.655e-04
ENSG00000233579:2(@)Loc252   chr2_202843584_A_G_b38   2.342e-03 4.580e-01    4.579e-01      1.073e-03
ENSG00000115414:1(@)Loc259   chr2_215435759_T_A_b38   1.210e-02 2.100e-02    2.100e-02      2.540e-04
ENSG00000115414:1(@)Loc259   chr2_215439661_T_C_b38   1.444e-03 6.684e-01    6.684e-01      9.650e-04
ENSG00000132170:2(@)Loc285   chr3_12254970_G_A_b38   2.762e-04 3.769e-01    3.769e-01      1.041e-04
ENSG00000164088:2(@)Loc312   chr3_52245578_G_A_b38   1.880e-01 1.184e-03    1.184e-03      2.225e-04
ENSG00000168297:1(@)Loc316   chr3_58308140_G_A_b38   1.832e-03 1.853e-01    1.852e-01      3.393e-04
ENSG00000196981:1(@)Loc352   chr3_122411904_T_C_b38   8.812e-02 7.482e-03    7.481e-03      6.593e-04
ENSG00000196981:1(@)Loc352   chr3_122416042_T_A_b38   2.938e-01 1.627e-02    1.626e-02      4.779e-03
ENSG00000196981:1(@)Loc352   chr3_122423056_C_G_b38   5.290e-02 4.278e-03    4.278e-03      2.263e-04
ENSG00000196981:1(@)Loc352   chr3_122431007_C_T_b38   1.023e-02 3.058e-02    3.057e-02      3.128e-04
ENSG00000196981:1(@)Loc352   chr3_122431437_A_G_b38   3.059e-02 4.278e-03    4.278e-03      1.309e-04
ENSG00000196981:1(@)Loc352   chr3_122440051_G_C_b38   1.149e-02 1.255e-02    1.255e-02      1.441e-04
ENSG00000114030:1(@)Loc352   chr3_122515768_C_G_b38   4.671e-02 5.392e-03    5.391e-03      2.518e-04
ENSG00000231443:1(@)Loc396   chr3_195910366_G_T_b38   9.924e-01 1.057e-04    1.057e-04      1.049e-04
ENSG00000224097:1(@)Loc430   chr4_39481228_A_G_b38   4.020e-01 3.200e-04    3.200e-04      1.286e-04
ENSG00000138823:2(@)Loc464   chr4_99563386_G_A_b38   7.454e-03 4.825e-02    4.824e-02      3.596e-04
ENSG00000113758:1(@)Loc626   chr5_177474004_T_A_b38   4.333e-01 2.480e-04    2.479e-04      1.074e-04
ENSG00000180573:2(@)Loc650   chr6_26092913_G_A_b38   3.815e-04 9.999e-01    9.999e-01      3.815e-04
ENSG00000272221:1(@)Loc655   chr6_31393708_T_C_b38   5.759e-03 4.998e-01    4.997e-01      2.878e-03
ENSG00000179344:3(@)Loc656   chr6_32668486_T_A_b38   2.040e-01 1.029e-03    1.029e-03      2.099e-04
ENSG00000179344:3(@)Loc656   chr6_32668615_T_A_b38   2.040e-01 1.029e-03    1.029e-03      2.099e-04
ENSG00000241106:3(@)Loc657   chr6_32818127_G_T_b38   9.994e-02 2.049e-03    2.049e-03      2.048e-04
ENSG00000241106:3(@)Loc657   chr6_32819279_C_T_b38   8.904e-02 2.678e-03    2.678e-03      2.384e-04
ENSG00000124664:1(@)Loc658   chr6_34584959_G_A_b38   1.661e-02 1.325e-02    1.325e-02      2.201e-04
ENSG00000124664:1(@)Loc658   chr6_34585020_G_A_b38   1.743e-02 6.555e-03    6.555e-03      1.143e-04
ENSG00000124664:1(@)Loc658   chr6_34589469_C_T_b38   1.661e-02 1.404e-02    1.404e-02      2.332e-04
ENSG00000196821:1(@)Loc658   chr6_34624313_A_G_b38   4.675e-02 3.240e-03    3.239e-03      1.515e-04
ENSG00000196821:1(@)Loc658   chr6_34651116_G_A_b38   1.139e-02 2.224e-02    2.224e-02      2.532e-04
ENSG00000196821:1(@)Loc658   chr6_34671070_G_A_b38   1.139e-02 8.785e-03    8.784e-03      1.000e-04
ENSG00000196821:1(@)Loc658   chr6_34695821_C_T_b38   1.519e-01 2.711e-02    2.711e-02      4.119e-03
ENSG00000272288:2(@)Loc658   chr6_34695821_C_T_b38   1.042e-02 2.711e-02    2.711e-02      2.825e-04
ENSG00000124587:2(@)Loc663   chr6_42964977_C_T_b38   6.853e-03 7.483e-02    7.482e-02      5.127e-04
ENSG00000124587:2(@)Loc663   chr6_42979275_G_C_b38   2.225e-01 1.228e-03    1.228e-03      2.733e-04
ENSG00000124587:1(@)Loc663   chr6_42975041_A_G_b38   8.682e-01 5.783e-04    5.783e-04      5.021e-04
ENSG00000216775:2(@)Loc669   chr6_52664868_A_C_b38   1.132e-01 6.469e-02    6.468e-02      7.323e-03
ENSG00000216775:2(@)Loc669   chr6_52666029_C_T_b38   3.848e-02 1.685e-02    1.685e-02      6.483e-04
ENSG00000216775:2(@)Loc669   chr6_52666092_G_A_b38   1.249e-02 8.103e-03    8.102e-03      1.012e-04
ENSG00000216775:2(@)Loc669   chr6_52688638_C_T_b38   1.062e-02 1.620e-02    1.620e-02      1.720e-04
ENSG00000155085:1(@)Loc703   chr6_109634847_C_T_b38   1.316e-01 1.164e-03    1.164e-03      1.531e-04
ENSG00000155085:1(@)Loc703   chr6_109690255_T_C_b38   3.387e-01 6.728e-04    6.727e-04      2.279e-04
ENSG00000105928:2(@)Loc763   chr7_24758145_T_C_b38   3.322e-02 5.316e-03    5.316e-03      1.766e-04
ENSG00000015520:1(@)Loc774   chr7_44542387_T_C_b38   1.473e-02 1.236e-01    1.236e-01      1.820e-03
ENSG00000015520:1(@)Loc774   chr7_44542732_A_G_b38   1.940e-02 8.526e-01    8.526e-01      1.654e-02
ENSG00000157259:1(@)Loc798   chr7_92447889_G_A_b38   8.013e-01 1.482e-04    1.481e-04      1.187e-04
ENSG00000272950:2(@)Loc802   chr7_98299769_A_G_b38   3.104e-02 4.035e-03    4.035e-03      1.252e-04
ENSG00000272950:2(@)Loc802   chr7_98316987_C_CT_b38   3.265e-02 4.212e-03    4.211e-03      1.375e-04
ENSG00000272950:2(@)Loc802   chr7_98320502_C_T_b38   5.055e-02 4.212e-03    4.211e-03      2.129e-04
ENSG00000272950:2(@)Loc802   chr7_98322009_C_T_b38   8.105e-02 4.854e-03    4.853e-03      3.933e-04
ENSG00000173281:1(@)Loc852   chr8_9228941_C_A_b38   7.157e-01 4.156e-04    4.156e-04      2.974e-04
ENSG00000104447:3(@)Loc919   chr8_115651671_G_A_b38   1.101e-04 9.606e-01    9.606e-01      1.058e-04
ENSG00000178719:2(@)Loc935   chr8_143948489_G_T_b38   1.028e-04 9.999e-01    9.999e-01      1.028e-04
ENSG00000178209:1(@)Loc935   chr8_143948489_G_T_b38   1.518e-02 9.999e-01    9.999e-01      1.517e-02
ENSG00000273226:1(@)Loc950   chr9_19375840_TGGTATCCACTAAAACTA_T_b38   6.859e-01 6.737e-04    6.737e-04      4.621e-04
ENSG00000273226:1(@)Loc950   chr9_19376260_G_C_b38   2.416e-01 7.041e-04    7.040e-04      1.701e-04
ENSG00000122756:2(@)Loc961   chr9_34545102_A_T_b38   6.652e-01 1.899e-04    1.898e-04      1.263e-04
ENSG00000137070:2(@)Loc962   chr9_34652333_A_G_b38   4.332e-02 2.922e-03    2.922e-03      1.266e-04
ENSG00000230074:1(@)Loc962   chr9_34677541_T_C_b38   7.513e-01 1.514e-04    1.513e-04      1.137e-04
ENSG00000057608:1(@)Loc1015   chr10_5832169_A_G_b38   3.587e-01 4.367e-04    4.366e-04      1.566e-04
ENSG00000156521:1(@)Loc1055   chr10_70146254_C_G_b38   2.979e-01 3.741e-04    3.741e-04      1.114e-04
ENSG00000187553:1(@)Loc1068   chr10_93024020_C_G_b38   1.075e-02 3.433e-02    3.432e-02      3.691e-04
ENSG00000187553:1(@)Loc1068   chr10_93060062_ACAAGAGTCGTCGGG_A_b38   5.671e-01 6.601e-04    6.601e-04      3.743e-04
ENSG00000187553:1(@)Loc1068   chr10_93063839_G_C_b38   1.017e-01 1.043e-03    1.043e-03      1.062e-04
ENSG00000138161:1(@)Loc1086   chr10_122850511_G_A_b38   9.330e-01 1.514e-03    1.514e-03      1.412e-03
ENSG00000244926:1(@)Loc1121   chr11_43920510_A_G_b38   2.853e-01 1.708e-03    1.708e-03      4.874e-04
ENSG00000134825:1(@)Loc1128   chr11_61790331_T_C_b38   5.425e-03 3.373e-02    3.373e-02      1.830e-04
ENSG00000134825:1(@)Loc1128   chr11_61802358_C_T_b38   8.681e-03 1.637e-02    1.636e-02      1.421e-04
ENSG00000134825:1(@)Loc1128   chr11_61804006_T_C_b38   5.058e-03 3.634e-02    3.634e-02      1.838e-04
ENSG00000134825:1(@)Loc1128   chr11_61830500_A_G_b38   1.010e-03 2.963e-01    2.962e-01      2.993e-04
ENSG00000134824:1(@)Loc1128   chr11_61830500_A_G_b38   3.911e-04 2.963e-01    2.963e-01      1.159e-04
ENSG00000134824:1(@)Loc1128   chr11_61837342_C_A_b38   7.405e-04 2.241e-01    2.241e-01      1.660e-04
ENSG00000173327:2(@)Loc1130   chr11_65613445_G_A_b38   1.507e-01 1.621e-03    1.621e-03      2.443e-04
ENSG00000174547:1(@)Loc1131   chr11_66472720_G_A_b38   5.192e-02 1.946e-03    1.946e-03      1.010e-04
ENSG00000174080:1(@)Loc1131   chr11_66568700_C_A_b38   6.290e-01 7.248e-04    7.247e-04      4.558e-04
ENSG00000151376:1(@)Loc1141   chr11_86672590_ACT_A_b38   2.138e-01 5.159e-04    5.158e-04      1.103e-04
ENSG00000151376:1(@)Loc1141   chr11_86672637_G_A_b38   2.958e-01 3.632e-04    3.631e-04      1.074e-04
ENSG00000151376:1(@)Loc1141   chr11_86672834_C_A_b38   2.138e-01 5.730e-04    5.729e-04      1.225e-04
ENSG00000151376:1(@)Loc1141   chr11_86673021_C_G_b38   2.138e-01 5.730e-04    5.729e-04      1.225e-04
ENSG00000109917:4(@)Loc1164   chr11_116778201_G_C_b38   7.717e-03 9.837e-01    9.837e-01      7.591e-03
ENSG00000149582:1(@)Loc1165   chr11_118535274_A_G_b38   4.884e-02 2.069e-03    2.069e-03      1.011e-04
ENSG00000149582:1(@)Loc1165   chr11_118545538_C_T_b38   9.462e-03 6.732e-02    6.732e-02      6.369e-04
ENSG00000118096:1(@)Loc1165   chr11_118573229_G_A_b38   2.526e-01 9.511e-04    9.510e-04      2.402e-04
ENSG00000111752:1(@)Loc1187   chr12_8914017_C_T_b38   8.248e-02 2.312e-03    2.312e-03      1.907e-04
ENSG00000066084:1(@)Loc1209   chr12_50508099_T_C_b38   1.677e-02 9.260e-02    9.259e-02      1.553e-03
ENSG00000139629:1(@)Loc1209   chr12_51362485_T_C_b38   5.288e-01 6.485e-04    6.484e-04      3.429e-04
ENSG00000205352:1(@)Loc1211   chr12_53446172_C_G_b38   9.188e-01 2.507e-04    2.507e-04      2.303e-04
ENSG00000139625:1(@)Loc1211   chr12_53499247_C_T_b38   3.053e-01 4.969e-04    4.968e-04      1.517e-04
ENSG00000139625:1(@)Loc1211   chr12_53503200_G_A_b38   9.403e-02 1.291e-03    1.291e-03      1.214e-04
ENSG00000250091:1(@)Loc1253   chr12_123935181_C_T_b38   1.157e-01 1.912e-02    1.912e-02      2.211e-03
ENSG00000250091:1(@)Loc1253   chr12_123955563_C_A_b38   5.119e-03 2.888e-02    2.888e-02      1.478e-04
ENSG00000185989:1(@)Loc1322   chr13_114055600_T_C_b38   2.202e-02 3.436e-02    3.436e-02      7.565e-04
ENSG00000274330:1(@)Loc1354   chr14_70224238_T_C_b38   1.173e-02 4.683e-02    4.683e-02      5.493e-04
ENSG00000182218:1(@)Loc1374   chr14_99659888_G_C_b38   6.067e-01 2.562e-04    2.561e-04      1.554e-04
ENSG00000176473:1(@)Loc1374   chr14_100376441_T_C_b38   1.098e-01 1.118e-03    1.118e-03      1.228e-04
ENSG00000258666:1(@)Loc1374   chr14_100354199_A_G_b38   1.330e-01 3.039e-03    3.038e-03      4.042e-04
ENSG00000140474:2(@)Loc1413   chr15_74838232_A_G_b38   7.376e-02 1.723e-03    1.722e-03      1.271e-04
ENSG00000140474:2(@)Loc1413   chr15_74839618_A_G_b38   7.376e-02 2.854e-03    2.853e-03      2.105e-04
ENSG00000140474:2(@)Loc1413   chr15_74840149_C_G_b38   7.376e-02 2.623e-03    2.622e-03      1.934e-04
ENSG00000178802:1(@)Loc1413   chr15_74867092_A_G_b38   1.145e-01 9.683e-04    9.682e-04      1.109e-04
ENSG00000178802:1(@)Loc1413   chr15_74885866_G_A_b38   3.311e-02 8.705e-03    8.704e-03      2.882e-04
ENSG00000178802:1(@)Loc1413   chr15_74897589_A_G_b38   4.464e-02 3.306e-03    3.306e-03      1.476e-04
ENSG00000267795:1(@)Loc1432   chr16_4802891_G_C_b38   4.821e-01 2.076e-04    2.076e-04      1.001e-04
ENSG00000183426:1(@)Loc1443   chr16_15036083_C_T_b38   9.999e-01 1.656e-04    1.656e-04      1.656e-04
ENSG00000167395:1(@)Loc1452   chr16_31074149_T_C_b38   4.502e-01 4.458e-03    4.458e-03      2.007e-03
ENSG00000262766:1(@)Loc1452   chr16_31118574_A_G_b38   1.310e-02 1.114e-02    1.114e-02      1.459e-04
ENSG00000103510:2(@)Loc1452   chr16_31106068_T_C_b38   6.108e-02 3.065e-03    3.065e-03      1.872e-04
ENSG00000103510:2(@)Loc1452   chr16_31113086_A_G_b38   2.453e-02 1.549e-02    1.549e-02      3.800e-04
ENSG00000103510:2(@)Loc1452   chr16_31114455_T_C_b38   1.272e-01 3.352e-03    3.351e-03      4.261e-04
ENSG00000103510:2(@)Loc1452   chr16_31116767_AAT_A_b38   1.512e-01 3.065e-03    3.065e-03      4.634e-04
ENSG00000103510:2(@)Loc1452   chr16_31117294_C_T_b38   4.199e-02 3.541e-03    3.541e-03      1.487e-04
ENSG00000103510:2(@)Loc1452   chr16_31117347_C_A_b38   4.199e-02 3.876e-03    3.876e-03      1.627e-04
ENSG00000103510:2(@)Loc1452   chr16_31118574_A_G_b38   3.658e-02 1.114e-02    1.114e-02      4.073e-04
ENSG00000103510:2(@)Loc1452   chr16_31119800_C_T_b38   9.392e-02 3.065e-03    3.065e-03      2.879e-04
ENSG00000103510:2(@)Loc1452   chr16_31120293_A_G_b38   5.665e-02 7.036e-03    7.035e-03      3.985e-04
ENSG00000103510:2(@)Loc1452   chr16_31136227_G_A_b38   1.898e-02 8.072e-03    8.071e-03      1.532e-04
ENSG00000140830:1(@)Loc1466   chr16_72074194_G_A_b38   3.432e-01 1.000e+00    1.000e+00      3.432e-01
ENSG00000257017:1(@)Loc1466   chr16_72074194_G_A_b38   7.795e-02 1.000e+00    1.000e+00      7.795e-02
ENSG00000261701:1(@)Loc1466   chr16_72074194_G_A_b38   1.296e-01 1.000e+00    1.000e+00      1.296e-01
ENSG00000091640:1(@)Loc1487   chr17_4967598_G_A_b38   4.523e-01 3.227e-04    3.226e-04      1.459e-04
ENSG00000091640:1(@)Loc1487   chr17_4968223_T_C_b38   4.523e-01 2.673e-04    2.673e-04      1.209e-04
ENSG00000167525:1(@)Loc1499   chr17_28711396_CCCCCGGCCCTAGCTCCG_C_b38   7.322e-01 8.894e-04    8.892e-04      6.511e-04
ENSG00000167525:1(@)Loc1499   chr17_28711515_G_A_b38   1.028e-01 1.012e-03    1.012e-03      1.041e-04
ENSG00000231421:1(@)Loc1500   chr17_30576376_A_G_b38   4.406e-01 3.693e-04    3.692e-04      1.627e-04
ENSG00000264538:1(@)Loc1500   chr17_30582213_G_A_b38   9.972e-01 1.185e-04    1.185e-04      1.182e-04
ENSG00000230113:1(@)Loc1500   chr17_30956585_C_G_b38   7.842e-01 1.349e-04    1.349e-04      1.058e-04
ENSG00000108785:1(@)Loc1507   chr17_42546140_T_C_b38   6.972e-01 3.164e-04    3.164e-04      2.206e-04
ENSG00000132478:2(@)Loc1524   chr17_75786110_T_C_b38   1.838e-03 3.861e-01    3.861e-01      7.096e-04
ENSG00000268297:1(@)Loc1584   chr19_7788830_C_G_b38   9.119e-01 2.487e-04    2.486e-04      2.267e-04
ENSG00000268297:2(@)Loc1584   chr19_7789788_G_T_b38   9.875e-02 1.581e-03    1.581e-03      1.561e-04
ENSG00000268297:2(@)Loc1584   chr19_7790007_A_G_b38   7.318e-02 1.739e-03    1.738e-03      1.272e-04
ENSG00000130518:1(@)Loc1591   chr19_18274140_T_G_b38   1.610e-01 1.124e-03    1.124e-03      1.809e-04
ENSG00000130518:1(@)Loc1591   chr19_18275557_A_G_b38   4.681e-01 2.785e-04    2.785e-04      1.304e-04
ENSG00000129933:2(@)Loc1592   chr19_19296909_T_C_b38   3.773e-04 1.000e+00    1.000e+00      3.773e-04
ENSG00000081665:1(@)Loc1593   chr19_19810158_C_A_b38   1.118e-01 4.929e-03    4.929e-03      5.512e-04
ENSG00000214855:2(@)Loc1608   chr19_44886339_G_A_b38   6.590e-03 3.333e-01    3.333e-01      2.196e-03
ENSG00000130208:1(@)Loc1608   chr19_44912383_G_A_b38   1.639e-03 3.333e-01    3.333e-01      5.462e-04
ENSG00000176920:3(@)Loc1610   chr19_48702915_C_T_b38   2.579e-03 4.176e-01    4.176e-01      1.077e-03
ENSG00000176920:3(@)Loc1610   chr19_48703160_A_G_b38   2.579e-03 5.764e-01    5.764e-01      1.486e-03
ENSG00000142233:1(@)Loc1610   chr19_48702915_C_T_b38   1.955e-03 4.176e-01    4.176e-01      8.163e-04
ENSG00000142233:1(@)Loc1610   chr19_48703160_A_G_b38   1.955e-03 5.764e-01    5.764e-01      1.127e-03
ENSG00000176909:1(@)Loc1610   chr19_48702915_C_T_b38   9.493e-03 4.176e-01    4.176e-01      3.965e-03
ENSG00000176909:1(@)Loc1610   chr19_48703160_A_G_b38   9.493e-03 5.764e-01    5.764e-01      5.472e-03
ENSG00000198093:1(@)Loc1612   chr19_51903526_G_A_b38   1.534e-01 1.172e-03    1.171e-03      1.797e-04
ENSG00000274414:1(@)Loc1634   chr20_25245302_C_A_b38   2.063e-01 6.744e-04    6.743e-04      1.391e-04
ENSG00000100997:1(@)Loc1635   chr20_25390742_G_GGCCTCCGCC_b38   4.130e-01 2.848e-04    2.848e-04      1.176e-04
ENSG00000175170:1(@)Loc1635   chr20_25621692_C_G_b38   8.946e-01 2.079e-04    2.079e-04      1.860e-04
ENSG00000101019:1(@)Loc1637   chr20_35413255_C_T_b38   5.375e-02 3.053e-03    3.053e-03      1.641e-04
ENSG00000125991:1(@)Loc1637   chr20_35540122_G_A_b38   1.056e-02 2.297e-02    2.297e-02      2.426e-04
ENSG00000125991:1(@)Loc1637   chr20_35544211_T_C_b38   1.513e-01 1.643e-03    1.643e-03      2.485e-04
ENSG00000125991:1(@)Loc1637   chr20_35544511_C_T_b38   1.513e-01 1.429e-03    1.429e-03      2.161e-04
ENSG00000125991:1(@)Loc1637   chr20_35545279_C_T_b38   6.641e-02 1.643e-03    1.643e-03      1.091e-04
ENSG00000125991:1(@)Loc1637   chr20_35545280_A_G_b38   9.395e-02 1.643e-03    1.643e-03      1.543e-04
ENSG00000125991:1(@)Loc1637   chr20_35545566_TCAA_T_b38   6.641e-02 1.643e-03    1.643e-03      1.091e-04
ENSG00000125991:1(@)Loc1637   chr20_35564866_C_T_b38   4.521e-02 2.579e-02    2.579e-02      1.166e-03
ENSG00000224497:1(@)Loc1637   chr20_35543647_C_T_b38   6.203e-02 1.643e-03    1.643e-03      1.019e-04
ENSG00000224497:1(@)Loc1637   chr20_35544211_T_C_b38   1.125e-01 1.643e-03    1.643e-03      1.847e-04
ENSG00000224497:1(@)Loc1637   chr20_35544511_C_T_b38   3.023e-01 1.429e-03    1.429e-03      4.320e-04
ENSG00000224497:1(@)Loc1637   chr20_35545279_C_T_b38   1.712e-01 1.643e-03    1.643e-03      2.812e-04
ENSG00000224497:1(@)Loc1637   chr20_35545280_A_G_b38   9.080e-02 1.643e-03    1.643e-03      1.492e-04
ENSG00000224497:1(@)Loc1637   chr20_35545566_TCAA_T_b38   1.712e-01 1.643e-03    1.643e-03      2.812e-04
ENSG00000224497:1(@)Loc1637   chr20_35549038_C_T_b38   6.521e-02 1.643e-03    1.643e-03      1.071e-04
ENSG00000244462:2(@)Loc1637   chr20_35655095_C_T_b38   8.519e-03 1.261e-02    1.261e-02      1.074e-04
ENSG00000124097:1(@)Loc1649   chr20_57496597_T_G_b38   6.678e-01 2.919e-04    2.919e-04      1.949e-04
ENSG00000239415:1(@)Loc1678   chr21_46256266_A_G_b38   1.708e-01 6.378e-04    6.377e-04      1.089e-04
ENSG00000160298:1(@)Loc1678   chr21_46324123_CG_C_b38   3.504e-01 6.861e-04    6.861e-04      2.404e-04
ENSG00000182362:1(@)Loc1678   chr21_46306418_C_G_b38   9.995e-01 6.474e-04    6.473e-04      6.470e-04
ENSG00000093072:2(@)Loc1679   chr22_17107415_T_A_b38   9.976e-01 1.267e-04    1.267e-04      1.264e-04
ENSG00000100281:1(@)Loc1692   chr22_35256248_C_T_b38   5.131e-02 2.271e-03    2.271e-03      1.165e-04
ENSG00000100281:1(@)Loc1692   chr22_35257480_C_T_b38   3.303e-01 3.242e-03    3.242e-03      1.071e-03
ENSG00000100284:1(@)Loc1692   chr22_35298900_C_A_b38   1.102e-01 3.366e-03    3.366e-03      3.709e-04
ENSG00000100284:1(@)Loc1692   chr22_35299680_GC_G_b38   1.102e-01 4.168e-03    4.167e-03      4.592e-04
ENSG00000100284:1(@)Loc1692   chr22_35307135_T_C_b38   3.457e-03 3.823e-02    3.823e-02      1.322e-04
ENSG00000100284:1(@)Loc1692   chr22_35308619_G_C_b38   1.632e-02 8.671e-03    8.670e-03      1.415e-04
ENSG00000075234:2(@)Loc1699   chr22_46231706_C_T_b38   1.477e-03 3.900e-01    3.900e-01      5.759e-04
ENSG00000100299:1(@)Loc1702   chr22_50625049_T_C_b38   9.988e-01 2.623e-04    2.622e-04      2.619e-04
