Signal	SNP	PIP_qtl	PIP_gwas_marginal	PIP_gwas_qtl_prior	SCP
ENSG00000162585:2(@)Loc2   chr1_2189679_C_T_b38   9.692e-01 3.918e-04    3.918e-04      3.798e-04
ENSG00000228549:1(@)Loc12   chr1_16911145_GT_G_b38   6.838e-01 1.509e-04    1.509e-04      1.032e-04
ENSG00000204178:1(@)Loc18   chr1_25432164_G_A_b38   4.020e-02 3.203e-02    3.203e-02      1.288e-03
ENSG00000204178:1(@)Loc18   chr1_25434429_C_T_b38   3.178e-03 2.652e-01    2.652e-01      8.426e-04
ENSG00000204178:1(@)Loc18   chr1_25434800_T_C_b38   2.440e-03 2.326e-01    2.326e-01      5.676e-04
ENSG00000204178:1(@)Loc18   chr1_25442446_A_G_b38   1.017e-03 4.469e-01    4.469e-01      4.546e-04
ENSG00000188672:2(@)Loc18   chr1_25434429_C_T_b38   1.146e-03 2.652e-01    2.652e-01      3.039e-04
ENSG00000188672:2(@)Loc18   chr1_25434800_T_C_b38   1.410e-03 2.326e-01    2.326e-01      3.279e-04
ENSG00000188672:2(@)Loc18   chr1_25442446_A_G_b38   3.720e-04 4.469e-01    4.469e-01      1.663e-04
ENSG00000227533:1(@)Loc26   chr1_42959141_C_G_b38   6.677e-01 2.020e-04    2.020e-04      1.349e-04
ENSG00000278967:1(@)Loc39   chr1_62608304_C_T_b38   1.652e-02 1.961e-02    1.961e-02      3.241e-04
ENSG00000278967:1(@)Loc39   chr1_62610155_G_A_b38   7.469e-03 1.672e-02    1.672e-02      1.249e-04
ENSG00000067208:1(@)Loc56   chr1_92527990_A_C_b38   4.131e-03 3.886e-01    3.886e-01      1.605e-03
ENSG00000067208:1(@)Loc56   chr1_92528250_C_T_b38   4.131e-03 3.131e-01    3.131e-01      1.293e-03
ENSG00000067208:1(@)Loc56   chr1_92568466_G_T_b38   2.417e-02 2.184e-01    2.184e-01      5.277e-03
ENSG00000198890:1(@)Loc66   chr1_107056380_A_C_b38   4.720e-01 1.001e-03    1.001e-03      4.725e-04
ENSG00000143126:1(@)Loc67   chr1_109274968_G_T_b38   9.816e-03 4.071e-01    4.071e-01      3.997e-03
ENSG00000134222:2(@)Loc67   chr1_109274968_G_T_b38   2.549e-01 4.071e-01    4.071e-01      1.038e-01
ENSG00000134222:2(@)Loc67   chr1_109275908_C_T_b38   8.738e-02 5.928e-01    5.928e-01      5.180e-02
ENSG00000241720:1(@)Loc68   chr1_109762787_C_T_b38   6.864e-03 2.678e-02    2.678e-02      1.838e-04
ENSG00000241720:1(@)Loc68   chr1_109762830_G_A_b38   2.099e-01 9.253e-04    9.254e-04      1.943e-04
ENSG00000263956:1(@)Loc73   chr1_148158518_T_C_b38   9.451e-01 1.629e-04    1.629e-04      1.539e-04
ENSG00000143412:1(@)Loc74   chr1_150986360_A_G_b38   2.990e-03 9.701e-01    9.701e-01      2.901e-03
ENSG00000169231:1(@)Loc77   chr1_155208991_T_A_b38   6.939e-01 2.331e-04    2.331e-04      1.618e-04
ENSG00000173110:1(@)Loc80   chr1_161524532_A_C_b38   9.714e-02 3.260e-03    3.261e-03      3.167e-04
ENSG00000244682:1(@)Loc80   chr1_161595591_A_G_b38   1.000e+00 2.952e-04    2.952e-04      2.952e-04
ENSG00000225217:1(@)Loc80   chr1_161595591_A_G_b38   9.989e-01 2.952e-04    2.952e-04      2.949e-04
ENSG00000138002:2(@)Loc148   chr2_27519736_T_C_b38   7.060e-04 5.902e-01    5.902e-01      4.167e-04
ENSG00000226622:1(@)Loc173   chr2_62656918_A_G_b38   3.647e-03 7.957e-02    7.957e-02      2.902e-04
ENSG00000236255:2(@)Loc201   chr2_117819143_T_C_b38   4.362e-03 2.115e-01    2.115e-01      9.227e-04
ENSG00000233579:1(@)Loc252   chr2_202843584_A_G_b38   1.630e-03 4.580e-01    4.580e-01      7.466e-04
ENSG00000163596:1(@)Loc252   chr2_202869642_A_T_b38   1.253e-02 1.009e-02    1.009e-02      1.264e-04
ENSG00000115414:2(@)Loc259   chr2_215435759_T_A_b38   8.127e-03 2.100e-02    2.100e-02      1.707e-04
ENSG00000115414:2(@)Loc259   chr2_215439661_T_C_b38   1.133e-03 6.684e-01    6.684e-01      7.572e-04
ENSG00000157017:1(@)Loc284   chr3_10294607_G_A_b38   2.868e-01 7.207e-04    7.207e-04      2.067e-04
ENSG00000164088:2(@)Loc312   chr3_52245578_G_A_b38   3.236e-01 1.184e-03    1.184e-03      3.831e-04
ENSG00000114904:1(@)Loc312   chr3_52783762_G_A_b38   1.362e-01 1.421e-03    1.421e-03      1.934e-04
ENSG00000163684:2(@)Loc316   chr3_58308140_G_A_b38   1.673e-03 1.853e-01    1.853e-01      3.100e-04
ENSG00000243795:2(@)Loc346   chr3_113167673_C_T_b38   6.784e-01 1.538e-04    1.538e-04      1.043e-04
ENSG00000160124:2(@)Loc352   chr3_122385275_A_G_b38   3.236e-02 4.533e-03    4.534e-03      1.467e-04
ENSG00000272758:3(@)Loc352   chr3_122416042_T_A_b38   2.311e-01 1.627e-02    1.627e-02      3.759e-03
ENSG00000272758:2(@)Loc352   chr3_122422288_C_T_b38   1.615e-01 7.325e-04    7.325e-04      1.183e-04
ENSG00000272758:2(@)Loc352   chr3_122426477_C_T_b38   2.727e-02 4.409e-02    4.410e-02      1.203e-03
ENSG00000138496:1(@)Loc352   chr3_122564248_G_A_b38   5.654e-01 3.613e-04    3.614e-04      2.043e-04
ENSG00000169435:1(@)Loc448   chr4_73620268_T_C_b38   3.446e-01 3.407e-04    3.407e-04      1.174e-04
ENSG00000138823:2(@)Loc464   chr4_99563386_G_A_b38   1.217e-02 4.825e-02    4.825e-02      5.874e-04
ENSG00000138823:2(@)Loc464   chr4_99564098_G_A_b38   1.217e-02 8.253e-03    8.254e-03      1.005e-04
ENSG00000145331:2(@)Loc464   chr4_99563386_G_A_b38   5.769e-03 4.825e-02    4.825e-02      2.784e-04
ENSG00000145331:2(@)Loc464   chr4_99564098_G_A_b38   1.642e-02 8.253e-03    8.254e-03      1.355e-04
ENSG00000066230:2(@)Loc521   chr5_524657_A_G_b38   8.030e-01 1.164e-03    1.164e-03      9.346e-04
ENSG00000213949:1(@)Loc551   chr5_52897294_A_G_b38   1.183e-01 1.010e-02    1.010e-02      1.195e-03
ENSG00000213949:1(@)Loc551   chr5_52897406_A_G_b38   3.723e-01 3.407e-02    3.407e-02      1.269e-02
ENSG00000241809:1(@)Loc551   chr5_52897294_A_G_b38   2.192e-02 1.010e-02    1.010e-02      2.214e-04
ENSG00000241809:1(@)Loc551   chr5_52897406_A_G_b38   2.024e-02 3.407e-02    3.407e-02      6.896e-04
ENSG00000113161:1(@)Loc564   chr5_75329662_C_A_b38   2.935e-03 3.565e-01    3.565e-01      1.046e-03
ENSG00000113161:1(@)Loc564   chr5_75360714_T_C_b38   6.999e-03 6.250e-01    6.250e-01      4.374e-03
ENSG00000122008:3(@)Loc564   chr5_75360714_T_C_b38   6.865e-03 6.250e-01    6.250e-01      4.291e-03
ENSG00000113068:1(@)Loc603   chr5_140302312_G_A_b38   2.440e-01 1.549e-03    1.549e-03      3.780e-04
ENSG00000145850:2(@)Loc612   chr5_156960126_G_C_b38   1.135e-03 1.655e-01    1.655e-01      1.879e-04
ENSG00000145850:2(@)Loc612   chr5_156963286_T_C_b38   1.490e-02 8.308e-01    8.308e-01      1.238e-02
ENSG00000007944:2(@)Loc643   chr6_16127176_C_T_b38   1.470e-03 5.991e-01    5.991e-01      8.805e-04
ENSG00000007944:2(@)Loc643   chr6_16128734_C_G_b38   8.995e-03 7.252e-02    7.252e-02      6.523e-04
ENSG00000278828:1(@)Loc651   chr6_27820406_T_C_b38   1.391e-01 3.973e-03    3.973e-03      5.527e-04
ENSG00000274641:1(@)Loc651   chr6_27893892_G_A_b38   3.042e-02 1.613e-02    1.613e-02      4.908e-04
ENSG00000230521:3(@)Loc654   chr6_29887390_T_A_b38   6.555e-01 1.792e-04    1.792e-04      1.175e-04
ENSG00000204619:2(@)Loc654   chr6_30078221_A_C_b38   3.790e-02 1.386e-02    1.386e-02      5.252e-04
ENSG00000204619:2(@)Loc654   chr6_30086310_C_G_b38   8.648e-02 1.162e-03    1.162e-03      1.005e-04
ENSG00000204619:1(@)Loc654   chr6_30063568_T_C_b38   3.674e-01 6.336e-04    6.336e-04      2.328e-04
ENSG00000231226:1(@)Loc654   chr6_30105418_A_C_b38   2.216e-02 7.622e-03    7.623e-03      1.689e-04
ENSG00000243753:4(@)Loc654   chr6_30259620_C_T_b38   2.654e-02 7.167e-03    7.167e-03      1.902e-04
ENSG00000231074:1(@)Loc654   chr6_30317344_C_T_b38   2.882e-01 4.707e-04    4.707e-04      1.357e-04
ENSG00000272221:5(@)Loc655   chr6_31386405_T_C_b38   2.388e-03 5.119e-02    5.119e-02      1.223e-04
ENSG00000272288:1(@)Loc658   chr6_34695821_C_T_b38   2.145e-02 2.711e-02    2.711e-02      5.816e-04
ENSG00000196821:1(@)Loc658   chr6_34695821_C_T_b38   6.715e-02 2.711e-02    2.711e-02      1.821e-03
ENSG00000137161:1(@)Loc663   chr6_42964977_C_T_b38   6.083e-03 7.483e-02    7.483e-02      4.552e-04
ENSG00000124587:1(@)Loc663   chr6_42975041_A_G_b38   8.119e-01 5.783e-04    5.784e-04      4.696e-04
ENSG00000225791:1(@)Loc669   chr6_52577484_G_C_b38   9.782e-01 3.607e-04    3.607e-04      3.528e-04
ENSG00000216775:2(@)Loc669   chr6_52664868_A_C_b38   1.953e-02 6.469e-02    6.469e-02      1.264e-03
ENSG00000260273:1(@)Loc703   chr6_109383239_T_C_b38   2.397e-01 5.889e-04    5.889e-04      1.411e-04
ENSG00000260273:1(@)Loc703   chr6_109383248_A_C_b38   2.397e-01 5.889e-04    5.889e-04      1.411e-04
ENSG00000111816:3(@)Loc707   chr6_116016340_G_A_b38   2.993e-03 3.200e-01    3.200e-01      9.579e-04
ENSG00000111816:3(@)Loc707   chr6_116031587_C_T_b38   2.960e-03 3.418e-01    3.418e-01      1.012e-03
ENSG00000111816:3(@)Loc707   chr6_116033428_C_T_b38   2.960e-03 3.070e-01    3.070e-01      9.089e-04
ENSG00000111816:1(@)Loc707   chr6_116060831_T_C_b38   3.239e-01 3.588e-04    3.588e-04      1.162e-04
ENSG00000111816:1(@)Loc707   chr6_116061554_T_TACTA_b38   1.394e-01 1.076e-03    1.076e-03      1.499e-04
ENSG00000112339:1(@)Loc719   chr6_135069698_G_A_b38   9.291e-01 6.906e-04    6.907e-04      6.417e-04
ENSG00000105928:2(@)Loc763   chr7_24758145_T_C_b38   1.555e-01 5.316e-03    5.317e-03      8.269e-04
ENSG00000015520:1(@)Loc774   chr7_44542387_T_C_b38   4.507e-03 1.236e-01    1.236e-01      5.571e-04
ENSG00000015520:1(@)Loc774   chr7_44542732_A_G_b38   3.696e-03 8.526e-01    8.526e-01      3.151e-03
ENSG00000158604:1(@)Loc774   chr7_44561096_G_A_b38   8.403e-03 1.719e-02    1.719e-02      1.444e-04
ENSG00000157259:1(@)Loc798   chr7_92447889_G_A_b38   7.186e-01 1.482e-04    1.482e-04      1.065e-04
ENSG00000272950:1(@)Loc802   chr7_98286323_T_G_b38   2.373e-01 3.619e-03    3.619e-03      8.586e-04
ENSG00000272950:1(@)Loc802   chr7_98286325_A_G_b38   2.373e-01 3.619e-03    3.619e-03      8.586e-04
ENSG00000272950:1(@)Loc802   chr7_98291311_A_G_b38   2.373e-01 2.999e-03    2.999e-03      7.115e-04
ENSG00000272950:1(@)Loc802   chr7_98300261_TC_T_b38   5.600e-02 3.482e-03    3.482e-03      1.950e-04
ENSG00000272950:1(@)Loc802   chr7_98312758_C_CTG_b38   2.489e-02 4.212e-03    4.212e-03      1.048e-04
ENSG00000272950:1(@)Loc802   chr7_98316987_C_CT_b38   4.675e-02 4.212e-03    4.212e-03      1.969e-04
ENSG00000272950:1(@)Loc802   chr7_98320502_C_T_b38   6.473e-02 4.212e-03    4.212e-03      2.726e-04
ENSG00000272950:1(@)Loc802   chr7_98322009_C_T_b38   6.533e-02 4.854e-03    4.854e-03      3.171e-04
ENSG00000233609:1(@)Loc852   chr8_8961676_T_A_b38   5.404e-02 2.636e-03    2.636e-03      1.424e-04
ENSG00000233609:1(@)Loc852   chr8_8964127_A_G_b38   3.273e-01 1.295e-03    1.295e-03      4.239e-04
ENSG00000156006:1(@)Loc861   chr8_18391151_A_G_b38   7.286e-02 8.922e-03    8.923e-03      6.501e-04
ENSG00000271654:1(@)Loc861   chr8_18398199_A_G_b38   9.143e-04 3.897e-01    3.897e-01      3.563e-04
ENSG00000158856:2(@)Loc864   chr8_22049068_AGGGGCC_A_b38   9.870e-01 2.020e-04    2.020e-04      1.994e-04
ENSG00000147454:1(@)Loc865   chr8_23532058_T_C_b38   1.158e-02 6.465e-02    6.465e-02      7.489e-04
ENSG00000250031:2(@)Loc886   chr8_58440975_C_T_b38   2.942e-04 4.009e-01    4.009e-01      1.180e-04
ENSG00000255491:2(@)Loc923   chr8_124751410_C_G_b38   6.036e-01 4.537e-04    4.537e-04      2.739e-04
ENSG00000178209:1(@)Loc935   chr8_143948489_G_T_b38   2.689e-03 9.999e-01    9.999e-01      2.689e-03
ENSG00000272842:1(@)Loc950   chr9_19355200_A_G_b38   2.839e-01 5.711e-04    5.711e-04      1.621e-04
ENSG00000272842:1(@)Loc950   chr9_19367112_G_A_b38   4.872e-02 3.391e-03    3.392e-03      1.652e-04
ENSG00000273226:1(@)Loc950   chr9_19375840_TGGTATCCACTAAAACTA_T_b38   6.192e-01 6.737e-04    6.738e-04      4.172e-04
ENSG00000273226:1(@)Loc950   chr9_19376260_G_C_b38   2.227e-01 7.041e-04    7.041e-04      1.568e-04
ENSG00000177076:2(@)Loc950   chr9_19406180_C_T_b38   3.069e-03 9.418e-02    9.419e-02      2.891e-04
ENSG00000260912:1(@)Loc950   chr9_19406180_C_T_b38   2.873e-03 9.418e-02    9.419e-02      2.706e-04
ENSG00000260912:1(@)Loc950   chr9_19430333_A_G_b38   6.879e-02 1.686e-03    1.686e-03      1.160e-04
ENSG00000230074:1(@)Loc962   chr9_34677541_T_C_b38   7.852e-01 1.514e-04    1.514e-04      1.189e-04
ENSG00000119326:2(@)Loc990   chr9_109013222_C_G_b38   4.095e-01 2.710e-04    2.710e-04      1.110e-04
ENSG00000260230:1(@)Loc990   chr9_109165443_G_A_b38   8.467e-01 2.362e-04    2.362e-04      2.000e-04
ENSG00000057608:1(@)Loc1015   chr10_5813440_G_C_b38   3.292e-01 2.870e-03    2.870e-03      9.450e-04
ENSG00000057608:1(@)Loc1015   chr10_5832169_A_G_b38   2.815e-01 4.367e-04    4.367e-04      1.229e-04
ENSG00000229124:1(@)Loc1023   chr10_17218291_A_G_b38   9.217e-03 4.054e-01    4.054e-01      3.737e-03
ENSG00000229124:2(@)Loc1023   chr10_17244068_G_A_b38   1.657e-01 6.434e-04    6.434e-04      1.066e-04
ENSG00000119927:1(@)Loc1079   chr10_112184513_A_G_b38   2.986e-03 3.940e-01    3.940e-01      1.177e-03
ENSG00000119965:1(@)Loc1086   chr10_122902627_A_G_b38   9.338e-02 2.631e-03    2.631e-03      2.457e-04
ENSG00000119965:1(@)Loc1086   chr10_122903046_G_A_b38   9.338e-02 4.112e-03    4.113e-03      3.841e-04
ENSG00000119965:1(@)Loc1086   chr10_122912139_C_T_b38   7.448e-02 3.514e-03    3.515e-03      2.617e-04
ENSG00000119965:1(@)Loc1086   chr10_122915737_A_G_b38   5.664e-02 2.404e-03    2.404e-03      1.362e-04
ENSG00000119965:1(@)Loc1086   chr10_122915785_A_C_b38   4.583e-02 3.164e-03    3.164e-03      1.450e-04
ENSG00000119965:1(@)Loc1086   chr10_122918013_A_T_b38   1.524e-01 3.338e-03    3.338e-03      5.086e-04
ENSG00000119965:1(@)Loc1086   chr10_122920952_C_A_b38   6.740e-02 2.853e-03    2.853e-03      1.923e-04
ENSG00000119965:1(@)Loc1086   chr10_122933070_A_G_b38   9.126e-03 7.864e-02    7.865e-02      7.177e-04
ENSG00000129083:1(@)Loc1105   chr11_14499808_C_A_b38   3.530e-01 3.006e-04    3.006e-04      1.061e-04
ENSG00000179119:1(@)Loc1107   chr11_18611437_T_C_b38   1.185e-02 7.889e-02    7.889e-02      9.346e-04
ENSG00000179119:1(@)Loc1107   chr11_18634724_C_T_b38   3.962e-01 9.211e-01    9.211e-01      3.649e-01
ENSG00000175220:1(@)Loc1122   chr11_46700671_T_C_b38   6.634e-01 3.511e-04    3.511e-04      2.329e-04
ENSG00000175213:1(@)Loc1122   chr11_46700671_T_C_b38   5.090e-01 3.511e-04    3.511e-04      1.787e-04
ENSG00000134825:1(@)Loc1128   chr11_61790331_T_C_b38   3.424e-02 3.373e-02    3.373e-02      1.155e-03
ENSG00000134824:2(@)Loc1128   chr11_61830500_A_G_b38   4.990e-04 2.963e-01    2.963e-01      1.478e-04
ENSG00000149485:1(@)Loc1128   chr11_61802358_C_T_b38   6.272e-03 1.637e-02    1.637e-02      1.026e-04
ENSG00000149485:1(@)Loc1128   chr11_61804006_T_C_b38   6.272e-03 3.634e-02    3.634e-02      2.280e-04
ENSG00000149485:1(@)Loc1128   chr11_61830500_A_G_b38   4.669e-02 2.963e-01    2.963e-01      1.383e-02
ENSG00000149485:1(@)Loc1128   chr11_61836038_C_A_b38   1.386e-02 5.663e-02    5.663e-02      7.845e-04
ENSG00000149485:1(@)Loc1128   chr11_61837342_C_A_b38   6.056e-03 2.241e-01    2.241e-01      1.357e-03
ENSG00000149485:1(@)Loc1128   chr11_61842278_C_T_b38   4.719e-03 3.273e-01    3.273e-01      1.544e-03
ENSG00000173327:1(@)Loc1130   chr11_65613445_G_A_b38   8.893e-01 1.621e-03    1.621e-03      1.442e-03
ENSG00000172500:2(@)Loc1130   chr11_65858814_A_G_b38   1.634e-01 1.382e-03    1.383e-03      2.259e-04
ENSG00000254986:1(@)Loc1131   chr11_66480373_G_A_b38   4.375e-01 1.113e-03    1.113e-03      4.869e-04
ENSG00000255517:2(@)Loc1131   chr11_66469133_C_T_b38   1.455e-01 1.093e-03    1.093e-03      1.591e-04
ENSG00000255517:2(@)Loc1131   chr11_66476983_A_G_b38   1.379e-01 1.253e-03    1.253e-03      1.728e-04
ENSG00000255517:1(@)Loc1131   chr11_66478465_C_T_b38   5.255e-01 1.113e-03    1.113e-03      5.848e-04
ENSG00000255517:1(@)Loc1131   chr11_66478599_G_GAC_b38   1.847e-01 1.113e-03    1.113e-03      2.055e-04
ENSG00000149582:1(@)Loc1165   chr11_118545216_CT_C_b38   2.524e-01 1.649e-03    1.650e-03      4.163e-04
ENSG00000149582:1(@)Loc1165   chr11_118554704_G_T_b38   9.540e-03 2.156e-02    2.156e-02      2.057e-04
ENSG00000243431:1(@)Loc1165   chr11_118545538_C_T_b38   7.168e-03 6.732e-02    6.733e-02      4.826e-04
ENSG00000243431:1(@)Loc1165   chr11_118552957_C_T_b38   1.825e-01 1.860e-03    1.860e-03      3.395e-04
ENSG00000243431:1(@)Loc1165   chr11_118554704_G_T_b38   2.178e-02 2.156e-02    2.156e-02      4.695e-04
ENSG00000243431:1(@)Loc1165   chr11_118559804_C_T_b38   1.281e-01 1.381e-03    1.381e-03      1.769e-04
ENSG00000154127:1(@)Loc1168   chr11_122651667_T_C_b38   3.754e-03 3.745e-02    3.746e-02      1.406e-04
ENSG00000154127:1(@)Loc1168   chr11_122655793_A_C_b38   7.980e-02 6.102e-03    6.102e-03      4.870e-04
ENSG00000154127:1(@)Loc1168   chr11_122655893_C_T_b38   6.919e-02 6.721e-03    6.721e-03      4.650e-04
ENSG00000154127:1(@)Loc1168   chr11_122656412_G_A_b38   2.464e-02 6.721e-03    6.721e-03      1.656e-04
ENSG00000154127:1(@)Loc1168   chr11_122663796_T_C_b38   5.819e-03 1.101e-01    1.101e-01      6.407e-04
ENSG00000110080:2(@)Loc1171   chr11_126358764_T_G_b38   1.561e-03 9.467e-02    9.468e-02      1.478e-04
ENSG00000280832:2(@)Loc1171   chr11_126358764_T_G_b38   1.216e-03 9.467e-02    9.468e-02      1.151e-04
ENSG00000110080:1(@)Loc1171   chr11_126372084_G_A_b38   5.123e-03 4.074e-01    4.074e-01      2.087e-03
ENSG00000110080:1(@)Loc1171   chr11_126374057_G_A_b38   9.413e-03 2.453e-01    2.453e-01      2.309e-03
ENSG00000110080:1(@)Loc1171   chr11_126376181_T_C_b38   1.995e-03 1.299e-01    1.299e-01      2.591e-04
ENSG00000175548:1(@)Loc1202   chr12_38317017_C_T_b38   2.829e-01 5.646e-04    5.646e-04      1.598e-04
ENSG00000175548:1(@)Loc1202   chr12_38408482_G_A_b38   7.812e-02 1.404e-03    1.405e-03      1.097e-04
ENSG00000225342:1(@)Loc1203   chr12_40207906_G_T_b38   1.428e-02 9.339e-03    9.339e-03      1.333e-04
ENSG00000225342:1(@)Loc1203   chr12_40212861_T_C_b38   1.428e-02 7.478e-03    7.478e-03      1.068e-04
ENSG00000139546:1(@)Loc1211   chr12_53499247_C_T_b38   2.503e-01 4.969e-04    4.969e-04      1.244e-04
ENSG00000139546:1(@)Loc1211   chr12_53503200_G_A_b38   2.437e-01 1.291e-03    1.292e-03      3.147e-04
ENSG00000205352:1(@)Loc1211   chr12_53446172_C_G_b38   8.469e-01 2.507e-04    2.507e-04      2.123e-04
ENSG00000111252:2(@)Loc1245   chr12_111446804_T_C_b38   2.549e-04 5.721e-01    5.721e-01      1.458e-04
ENSG00000197653:2(@)Loc1253   chr12_123914608_G_A_b38   7.347e-01 4.946e-04    4.946e-04      3.634e-04
ENSG00000270061:1(@)Loc1253   chr12_123980289_G_T_b38   5.164e-03 2.361e-02    2.361e-02      1.219e-04
ENSG00000270028:1(@)Loc1253   chr12_123920171_T_C_b38   7.920e-02 4.326e-03    4.326e-03      3.426e-04
ENSG00000270028:1(@)Loc1253   chr12_123935181_C_T_b38   1.266e-02 1.912e-02    1.913e-02      2.422e-04
ENSG00000250091:1(@)Loc1253   chr12_123935181_C_T_b38   1.787e-02 1.912e-02    1.913e-02      3.418e-04
ENSG00000250091:1(@)Loc1253   chr12_123935529_C_CAGGA_b38   1.630e-01 9.092e-04    9.093e-04      1.482e-04
ENSG00000179195:1(@)Loc1253   chr12_123964676_C_A_b38   1.452e-02 9.307e-03    9.307e-03      1.351e-04
ENSG00000179195:1(@)Loc1253   chr12_123973455_C_A_b38   7.028e-01 1.088e-03    1.088e-03      7.650e-04
ENSG00000253771:1(@)Loc1265   chr13_24989914_T_G_b38   7.169e-01 1.682e-04    1.682e-04      1.206e-04
ENSG00000152749:1(@)Loc1307   chr13_94601666_T_G_b38   8.760e-01 1.206e-04    1.206e-04      1.057e-04
ENSG00000213463:1(@)Loc1354   chr14_70317226_A_G_b38   2.646e-02 4.670e-03    4.670e-03      1.236e-04
ENSG00000119599:1(@)Loc1356   chr14_72926683_G_A_b38   9.991e-01 1.007e-04    1.007e-04      1.006e-04
ENSG00000258666:1(@)Loc1374   chr14_100354199_A_G_b38   2.824e-01 3.039e-03    3.039e-03      8.582e-04
ENSG00000176473:1(@)Loc1374   chr14_100376300_C_G_b38   5.859e-02 2.836e-03    2.837e-03      1.662e-04
ENSG00000176473:1(@)Loc1374   chr14_100379120_C_A_b38   1.566e-01 1.178e-03    1.178e-03      1.844e-04
ENSG00000178802:1(@)Loc1413   chr15_74885866_G_A_b38   1.302e-01 8.705e-03    8.706e-03      1.134e-03
ENSG00000178802:1(@)Loc1413   chr15_74888780_A_G_b38   2.044e-01 9.570e-04    9.571e-04      1.956e-04
ENSG00000178761:1(@)Loc1413   chr15_74907551_A_G_b38   2.239e-01 2.550e-03    2.550e-03      5.709e-04
ENSG00000178718:1(@)Loc1413   chr15_75037818_T_G_b38   6.609e-03 1.994e-02    1.995e-02      1.318e-04
ENSG00000067836:1(@)Loc1432   chr16_4802891_G_C_b38   7.715e-01 2.076e-04    2.076e-04      1.602e-04
ENSG00000183793:1(@)Loc1443   chr16_15036083_C_T_b38   9.999e-01 1.656e-04    1.656e-04      1.656e-04
ENSG00000103510:2(@)Loc1452   chr16_31118574_A_G_b38   1.563e-02 1.114e-02    1.114e-02      1.740e-04
ENSG00000103510:2(@)Loc1452   chr16_31120293_A_G_b38   5.786e-02 7.036e-03    7.036e-03      4.071e-04
ENSG00000280160:1(@)Loc1452   chr16_31093557_G_A_b38   5.039e-01 3.620e-04    3.620e-04      1.824e-04
ENSG00000052344:1(@)Loc1452   chr16_31136227_G_A_b38   1.755e-02 8.072e-03    8.073e-03      1.417e-04
ENSG00000087237:1(@)Loc1458   chr16_56955678_C_T_b38   2.739e-03 9.844e-01    9.844e-01      2.696e-03
ENSG00000166848:1(@)Loc1468   chr16_75645469_C_T_b38   5.514e-01 2.621e-04    2.621e-04      1.445e-04
ENSG00000091640:1(@)Loc1487   chr17_4967598_G_A_b38   4.800e-01 3.227e-04    3.227e-04      1.549e-04
ENSG00000091640:1(@)Loc1487   chr17_4968223_T_C_b38   4.800e-01 2.673e-04    2.673e-04      1.283e-04
ENSG00000141505:1(@)Loc1488   chr17_7185604_A_G_b38   7.646e-03 1.424e-02    1.424e-02      1.089e-04
ENSG00000167525:1(@)Loc1499   chr17_28711515_G_A_b38   4.428e-01 1.012e-03    1.013e-03      4.484e-04
ENSG00000160602:1(@)Loc1499   chr17_28726158_A_G_b38   1.904e-01 1.012e-03    1.013e-03      1.928e-04
ENSG00000173065:2(@)Loc1499   chr17_28842719_T_TGCCGCCC_b38   5.697e-02 2.301e-03    2.302e-03      1.311e-04
ENSG00000266340:1(@)Loc1500   chr17_30944301_A_T_b38   5.003e-02 8.143e-03    8.144e-03      4.074e-04
ENSG00000108785:1(@)Loc1507   chr17_42545768_CCCCTTGCCT_C_b38   2.738e-01 7.545e-04    7.546e-04      2.066e-04
ENSG00000108785:1(@)Loc1507   chr17_42550234_C_T_b38   2.616e-01 6.387e-04    6.388e-04      1.671e-04
ENSG00000108785:1(@)Loc1507   chr17_42553937_C_T_b38   1.870e-01 5.420e-04    5.420e-04      1.013e-04
ENSG00000263293:1(@)Loc1509   chr17_47314438_T_C_b38   8.239e-04 4.905e-01    4.906e-01      4.041e-04
ENSG00000141295:1(@)Loc1510   chr17_47836481_C_A_b38   9.703e-02 1.559e-03    1.559e-03      1.513e-04
ENSG00000141295:1(@)Loc1510   chr17_47838029_T_C_b38   3.195e-01 7.816e-04    7.817e-04      2.497e-04
ENSG00000108479:1(@)Loc1524   chr17_75763471_G_A_b38   7.063e-02 3.747e-03    3.747e-03      2.647e-04
ENSG00000108479:1(@)Loc1524   chr17_75765885_C_T_b38   1.922e-01 2.180e-03    2.180e-03      4.191e-04
ENSG00000108479:1(@)Loc1524   chr17_75786110_T_C_b38   4.255e-03 3.861e-01    3.861e-01      1.643e-03
ENSG00000132478:2(@)Loc1524   chr17_75786110_T_C_b38   2.828e-03 3.861e-01    3.861e-01      1.092e-03
ENSG00000132475:1(@)Loc1524   chr17_75782435_CA_C_b38   3.702e-02 8.389e-03    8.390e-03      3.106e-04
ENSG00000132475:1(@)Loc1524   chr17_75782528_C_G_b38   2.546e-02 6.933e-03    6.933e-03      1.765e-04
ENSG00000132475:1(@)Loc1524   chr17_75782736_G_C_b38   3.702e-02 8.389e-03    8.390e-03      3.106e-04
ENSG00000132475:1(@)Loc1524   chr17_75783117_A_C_b38   5.810e-02 8.389e-03    8.390e-03      4.875e-04
ENSG00000132475:1(@)Loc1524   chr17_75784425_G_A_b38   5.711e-01 3.127e-03    3.127e-03      1.786e-03
ENSG00000132475:1(@)Loc1524   chr17_75786110_T_C_b38   1.251e-01 3.861e-01    3.861e-01      4.832e-02
ENSG00000267082:1(@)Loc1587   chr19_11205141_T_G_b38   2.601e-02 1.042e-02    1.042e-02      2.710e-04
ENSG00000213996:2(@)Loc1592   chr19_19296909_T_C_b38   2.578e-03 1.000e+00    1.000e+00      2.578e-03
ENSG00000142233:2(@)Loc1610   chr19_48702915_C_T_b38   4.697e-03 4.176e-01    4.176e-01      1.962e-03
ENSG00000142233:2(@)Loc1610   chr19_48703160_A_G_b38   4.697e-03 5.764e-01    5.764e-01      2.707e-03
ENSG00000167646:1(@)Loc1614   chr19_55166155_C_T_b38   9.224e-01 1.247e-04    1.247e-04      1.151e-04
ENSG00000274414:1(@)Loc1634   chr20_25245691_C_T_b38   8.089e-01 7.183e-04    7.184e-04      5.811e-04
ENSG00000277938:2(@)Loc1634   chr20_25228663_C_A_b38   7.675e-01 7.666e-04    7.667e-04      5.884e-04
ENSG00000125991:1(@)Loc1637   chr20_35540122_G_A_b38   1.185e-01 2.297e-02    2.297e-02      2.723e-03
ENSG00000125991:1(@)Loc1637   chr20_35543647_C_T_b38   6.853e-02 1.643e-03    1.643e-03      1.126e-04
ENSG00000125991:1(@)Loc1637   chr20_35545279_C_T_b38   7.108e-02 1.643e-03    1.643e-03      1.168e-04
ENSG00000125991:1(@)Loc1637   chr20_35545566_TCAA_T_b38   7.108e-02 1.643e-03    1.643e-03      1.168e-04
ENSG00000125991:1(@)Loc1637   chr20_35564866_C_T_b38   2.310e-02 2.579e-02    2.580e-02      5.960e-04
ENSG00000224497:1(@)Loc1637   chr20_35540122_G_A_b38   3.254e-02 2.297e-02    2.297e-02      7.475e-04
ENSG00000224497:1(@)Loc1637   chr20_35543647_C_T_b38   5.748e-01 1.643e-03    1.643e-03      9.444e-04
ENSG00000224497:1(@)Loc1637   chr20_35545279_C_T_b38   1.114e-01 1.643e-03    1.643e-03      1.830e-04
ENSG00000224497:1(@)Loc1637   chr20_35545566_TCAA_T_b38   1.114e-01 1.643e-03    1.643e-03      1.830e-04
ENSG00000224497:1(@)Loc1637   chr20_35564866_C_T_b38   9.929e-03 2.579e-02    2.580e-02      2.561e-04
ENSG00000061656:2(@)Loc1637   chr20_35606321_A_G_b38   2.333e-02 1.244e-02    1.244e-02      2.902e-04
ENSG00000088340:1(@)Loc1637   chr20_35606321_A_G_b38   2.284e-02 1.244e-02    1.244e-02      2.842e-04
ENSG00000125510:1(@)Loc1654   chr20_64064578_G_A_b38   1.452e-01 2.462e-03    2.463e-03      3.576e-04
ENSG00000125510:1(@)Loc1654   chr20_64074752_A_G_b38   7.317e-02 2.145e-03    2.145e-03      1.570e-04
ENSG00000125510:1(@)Loc1654   chr20_64076174_C_T_b38   5.036e-01 1.290e-03    1.290e-03      6.497e-04
ENSG00000125510:1(@)Loc1654   chr20_64077921_G_A_b38   1.533e-01 1.627e-03    1.627e-03      2.495e-04
ENSG00000125510:1(@)Loc1654   chr20_64080700_T_C_b38   1.067e-01 1.450e-03    1.450e-03      1.547e-04
ENSG00000171700:1(@)Loc1654   chr20_64076174_C_T_b38   1.149e-01 1.290e-03    1.290e-03      1.482e-04
ENSG00000171700:1(@)Loc1654   chr20_64080106_C_T_b38   6.161e-01 6.105e-04    6.106e-04      3.762e-04
ENSG00000215424:2(@)Loc1678   chr21_46229830_A_AG_b38   1.440e-01 7.072e-04    7.072e-04      1.019e-04
ENSG00000215424:2(@)Loc1678   chr21_46232635_A_G_b38   2.095e-01 1.012e-03    1.012e-03      2.120e-04
ENSG00000160299:1(@)Loc1678   chr21_46311581_G_A_b38   7.644e-02 1.735e-03    1.736e-03      1.327e-04
ENSG00000160299:1(@)Loc1678   chr21_46324123_CG_C_b38   6.527e-01 6.861e-04    6.862e-04      4.479e-04
ENSG00000182362:1(@)Loc1678   chr21_46306418_C_G_b38   9.997e-01 6.474e-04    6.474e-04      6.473e-04
ENSG00000100281:1(@)Loc1692   chr22_35257480_C_T_b38   5.020e-02 3.242e-03    3.243e-03      1.628e-04
ENSG00000100299:1(@)Loc1702   chr22_50625049_T_C_b38   9.895e-01 2.623e-04    2.623e-04      2.595e-04
