Signal	SNP	PIP_qtl	PIP_gwas_marginal	PIP_gwas_qtl_prior	SCP
ENSG00000188672:1(@)Loc18   chr1_25432164_G_A_b38   2.560e-02 3.203e-02    3.203e-02      8.199e-04
ENSG00000188672:1(@)Loc18   chr1_25434429_C_T_b38   2.025e-03 2.652e-01    2.652e-01      5.369e-04
ENSG00000188672:1(@)Loc18   chr1_25434800_T_C_b38   2.116e-03 2.326e-01    2.326e-01      4.922e-04
ENSG00000188672:1(@)Loc18   chr1_25442446_A_G_b38   7.872e-04 4.469e-01    4.469e-01      3.518e-04
ENSG00000204178:1(@)Loc18   chr1_25434429_C_T_b38   8.937e-04 2.652e-01    2.652e-01      2.370e-04
ENSG00000204178:1(@)Loc18   chr1_25434800_T_C_b38   8.465e-04 2.326e-01    2.326e-01      1.969e-04
ENSG00000204178:1(@)Loc18   chr1_25442446_A_G_b38   3.538e-04 4.469e-01    4.469e-01      1.581e-04
ENSG00000132855:2(@)Loc39   chr1_62584927_T_G_b38   1.758e-03 1.113e-01    1.113e-01      1.957e-04
ENSG00000132855:2(@)Loc39   chr1_62596235_C_T_b38   9.777e-03 1.952e-02    1.952e-02      1.909e-04
ENSG00000235545:1(@)Loc39   chr1_62690372_A_G_b38   1.370e-02 1.079e-02    1.079e-02      1.478e-04
ENSG00000198890:1(@)Loc66   chr1_107075085_G_A_b38   3.387e-03 3.680e-02    3.680e-02      1.246e-04
ENSG00000225855:1(@)Loc77   chr1_155157915_G_A_b38   1.412e-02 2.587e-02    2.587e-02      3.654e-04
ENSG00000283317:3(@)Loc80   chr1_161440668_A_G_b38   5.783e-02 3.851e-02    3.850e-02      2.226e-03
ENSG00000203747:1(@)Loc80   chr1_161551141_C_T_b38   1.017e-02 1.573e-02    1.572e-02      1.599e-04
ENSG00000261250:1(@)Loc90   chr1_179551287_T_C_b38   1.253e-01 5.172e-03    5.171e-03      6.478e-04
ENSG00000261250:1(@)Loc90   chr1_179551525_C_G_b38   8.978e-02 7.910e-03    7.909e-03      7.100e-04
ENSG00000261250:1(@)Loc90   chr1_179555515_T_G_b38   7.160e-02 8.438e-03    8.436e-03      6.041e-04
ENSG00000261250:1(@)Loc90   chr1_179564780_G_A_b38   3.555e-02 6.731e-03    6.731e-03      2.393e-04
ENSG00000227141:2(@)Loc90   chr1_179586351_G_A_b38   1.168e-02 1.319e-02    1.319e-02      1.541e-04
ENSG00000084734:1(@)Loc148   chr2_27508073_T_C_b38   9.463e-02 1.097e-01    1.097e-01      1.038e-02
ENSG00000084734:1(@)Loc148   chr2_27518370_T_C_b38   5.159e-02 1.569e-01    1.569e-01      8.092e-03
ENSG00000084734:1(@)Loc148   chr2_27519736_T_C_b38   9.528e-02 5.902e-01    5.902e-01      5.624e-02
ENSG00000223947:1(@)Loc190   chr2_101025798_A_G_b38   8.342e-04 1.520e-01    1.520e-01      1.268e-04
ENSG00000237614:1(@)Loc202   chr2_120551912_C_T_b38   4.996e-03 8.964e-01    8.964e-01      4.478e-03
ENSG00000163596:1(@)Loc252   chr2_202869642_A_T_b38   2.877e-02 1.009e-02    1.009e-02      2.902e-04
ENSG00000115414:2(@)Loc259   chr2_215435759_T_A_b38   7.141e-03 2.100e-02    2.100e-02      1.500e-04
ENSG00000115414:2(@)Loc259   chr2_215439661_T_C_b38   7.099e-04 6.684e-01    6.684e-01      4.744e-04
ENSG00000123485:1(@)Loc269   chr2_233755708_G_A_b38   2.526e-02 1.396e-02    1.395e-02      3.526e-04
ENSG00000123485:1(@)Loc269   chr2_233759924_C_T_b38   4.513e-03 2.608e-02    2.607e-02      1.177e-04
ENSG00000239557:2(@)Loc312   chr3_52373025_C_T_b38   1.098e-01 1.047e-03    1.047e-03      1.150e-04
ENSG00000160124:1(@)Loc352   chr3_122385275_A_G_b38   2.318e-02 4.533e-03    4.533e-03      1.051e-04
ENSG00000160124:1(@)Loc352   chr3_122387538_G_A_b38   2.331e-02 5.759e-03    5.758e-03      1.342e-04
ENSG00000160124:1(@)Loc352   chr3_122393177_T_C_b38   1.859e-02 5.863e-03    5.862e-03      1.090e-04
ENSG00000196981:1(@)Loc352   chr3_122411904_T_C_b38   4.583e-02 7.482e-03    7.481e-03      3.428e-04
ENSG00000196981:1(@)Loc352   chr3_122416042_T_A_b38   5.914e-02 1.627e-02    1.626e-02      9.618e-04
ENSG00000196981:1(@)Loc352   chr3_122431007_C_T_b38   1.365e-02 3.058e-02    3.057e-02      4.172e-04
ENSG00000272758:1(@)Loc352   chr3_122422288_C_T_b38   2.073e-01 7.325e-04    7.324e-04      1.518e-04
ENSG00000272758:1(@)Loc352   chr3_122426477_C_T_b38   1.157e-02 4.409e-02    4.408e-02      5.102e-04
ENSG00000163840:1(@)Loc352   chr3_122563636_C_G_b38   1.052e-01 1.296e-03    1.296e-03      1.363e-04
ENSG00000138246:1(@)Loc358   chr3_132444356_G_T_b38   7.123e-04 3.659e-01    3.659e-01      2.606e-04
ENSG00000138246:1(@)Loc358   chr3_132490359_A_G_b38   5.843e-04 3.322e-01    3.322e-01      1.941e-04
ENSG00000138246:1(@)Loc358   chr3_132500710_T_C_b38   7.495e-04 2.690e-01    2.690e-01      2.016e-04
ENSG00000213186:1(@)Loc375   chr3_160450504_A_G_b38   2.088e-02 5.235e-03    5.234e-03      1.093e-04
ENSG00000109758:1(@)Loc402   chr4_3442204_A_G_b38   1.961e-02 6.037e-02    6.036e-02      1.184e-03
ENSG00000164296:1(@)Loc608   chr5_150000596_G_C_b38   2.508e-01 4.216e-04    4.215e-04      1.057e-04
ENSG00000145850:3(@)Loc612   chr5_156963286_T_C_b38   2.528e-03 8.308e-01    8.308e-01      2.100e-03
ENSG00000270604:1(@)Loc654   chr6_30256528_C_T_b38   2.308e-02 1.851e-02    1.851e-02      4.272e-04
ENSG00000272288:2(@)Loc658   chr6_34695821_C_T_b38   1.314e-02 2.711e-02    2.711e-02      3.562e-04
ENSG00000124587:1(@)Loc663   chr6_42977112_C_T_b38   7.233e-01 5.790e-04    5.789e-04      4.187e-04
ENSG00000260273:1(@)Loc703   chr6_109383239_T_C_b38   2.132e-01 5.889e-04    5.888e-04      1.255e-04
ENSG00000260273:1(@)Loc703   chr6_109383248_A_C_b38   2.132e-01 5.889e-04    5.888e-04      1.255e-04
ENSG00000112339:1(@)Loc719   chr6_135106006_C_A_b38   7.197e-03 9.210e-02    9.208e-02      6.628e-04
ENSG00000105877:1(@)Loc761   chr7_21564060_A_G_b38   3.717e-02 8.957e-02    8.957e-02      3.330e-03
ENSG00000105877:1(@)Loc761   chr7_21567734_T_C_b38   4.262e-03 8.987e-01    8.987e-01      3.831e-03
ENSG00000232818:1(@)Loc763   chr7_24486420_T_C_b38   2.173e-01 1.863e-03    1.863e-03      4.047e-04
ENSG00000232818:1(@)Loc763   chr7_24488035_A_T_b38   1.733e-01 1.852e-03    1.852e-03      3.209e-04
ENSG00000232818:1(@)Loc763   chr7_24490374_A_T_b38   7.277e-02 7.785e-03    7.784e-03      5.664e-04
ENSG00000232818:1(@)Loc763   chr7_24490397_G_A_b38   7.277e-02 2.612e-03    2.612e-03      1.900e-04
ENSG00000105928:2(@)Loc763   chr7_24758145_T_C_b38   2.677e-02 5.316e-03    5.316e-03      1.423e-04
ENSG00000015520:1(@)Loc774   chr7_44542387_T_C_b38   1.218e-02 1.236e-01    1.236e-01      1.506e-03
ENSG00000015520:1(@)Loc774   chr7_44542732_A_G_b38   1.858e-02 8.526e-01    8.526e-01      1.584e-02
ENSG00000272950:1(@)Loc802   chr7_98300261_TC_T_b38   4.300e-02 3.482e-03    3.481e-03      1.497e-04
ENSG00000272950:1(@)Loc802   chr7_98312758_C_CTG_b38   3.042e-02 4.212e-03    4.211e-03      1.281e-04
ENSG00000272950:1(@)Loc802   chr7_98316987_C_CT_b38   2.548e-02 4.212e-03    4.211e-03      1.073e-04
ENSG00000272950:1(@)Loc802   chr7_98320502_C_T_b38   1.625e-01 4.212e-03    4.211e-03      6.843e-04
ENSG00000272950:1(@)Loc802   chr7_98322009_C_T_b38   3.400e-01 4.854e-03    4.853e-03      1.650e-03
ENSG00000272950:1(@)Loc802   chr7_98347956_G_A_b38   5.363e-02 4.584e-03    4.584e-03      2.458e-04
ENSG00000272950:1(@)Loc802   chr7_98355009_TG_T_b38   5.363e-02 4.584e-03    4.584e-03      2.458e-04
ENSG00000272950:1(@)Loc802   chr7_98364050_T_A_b38   5.363e-02 6.498e-03    6.497e-03      3.484e-04
ENSG00000156006:2(@)Loc861   chr8_18391151_A_G_b38   1.125e-02 8.922e-03    8.921e-03      1.004e-04
ENSG00000156006:2(@)Loc861   chr8_18398199_A_G_b38   4.848e-04 3.897e-01    3.897e-01      1.889e-04
ENSG00000158856:1(@)Loc864   chr8_22049068_AGGGGCC_A_b38   9.779e-01 2.020e-04    2.020e-04      1.975e-04
ENSG00000250031:1(@)Loc886   chr8_58440975_C_T_b38   4.621e-04 4.009e-01    4.009e-01      1.853e-04
ENSG00000215114:1(@)Loc886   chr8_58440975_C_T_b38   1.675e-02 4.009e-01    4.009e-01      6.715e-03
ENSG00000215114:1(@)Loc886   chr8_58473360_C_T_b38   1.910e-02 3.243e-01    3.243e-01      6.194e-03
ENSG00000175606:1(@)Loc895   chr8_73969439_G_A_b38   3.484e-03 3.611e-02    3.610e-02      1.258e-04
ENSG00000178719:2(@)Loc935   chr8_143948489_G_T_b38   1.422e-04 9.999e-01    9.999e-01      1.422e-04
ENSG00000178209:1(@)Loc935   chr8_143948489_G_T_b38   6.762e-04 9.999e-01    9.999e-01      6.761e-04
ENSG00000272842:1(@)Loc950   chr9_19367112_G_A_b38   5.104e-02 3.391e-03    3.391e-03      1.731e-04
ENSG00000273226:1(@)Loc950   chr9_19375840_TGGTATCCACTAAAACTA_T_b38   5.757e-01 6.737e-04    6.736e-04      3.878e-04
ENSG00000273226:1(@)Loc950   chr9_19376260_G_C_b38   2.179e-01 7.041e-04    7.040e-04      1.534e-04
ENSG00000177076:2(@)Loc950   chr9_19406180_C_T_b38   1.100e-03 9.418e-02    9.417e-02      1.036e-04
ENSG00000229124:1(@)Loc1023   chr10_17218291_A_G_b38   4.836e-04 4.054e-01    4.054e-01      1.961e-04
ENSG00000179119:1(@)Loc1107   chr11_18611437_T_C_b38   2.909e-03 7.889e-02    7.889e-02      2.295e-04
ENSG00000179119:1(@)Loc1107   chr11_18634724_C_T_b38   9.195e-02 9.211e-01    9.211e-01      8.470e-02
ENSG00000173327:1(@)Loc1130   chr11_65613445_G_A_b38   9.762e-02 1.621e-03    1.621e-03      1.582e-04
ENSG00000254986:1(@)Loc1131   chr11_66480373_G_A_b38   2.049e-01 1.113e-03    1.113e-03      2.280e-04
ENSG00000185432:2(@)Loc1209   chr12_50919748_G_A_b38   7.742e-03 1.421e-02    1.421e-02      1.100e-04
ENSG00000135100:1(@)Loc1252   chr12_120978847_A_C_b38   8.903e-03 5.395e-01    5.395e-01      4.803e-03
ENSG00000135100:1(@)Loc1252   chr12_120979185_A_G_b38   3.368e-03 3.745e-01    3.745e-01      1.261e-03
ENSG00000250091:1(@)Loc1253   chr12_123934515_A_C_b38   8.278e-02 1.262e-03    1.262e-03      1.045e-04
ENSG00000250091:1(@)Loc1253   chr12_123935181_C_T_b38   5.730e-02 1.912e-02    1.912e-02      1.096e-03
ENSG00000258666:1(@)Loc1374   chr14_100354199_A_G_b38   2.023e-01 3.039e-03    3.038e-03      6.145e-04
ENSG00000103510:1(@)Loc1452   chr16_31106092_C_T_b38   1.113e-01 4.297e-03    4.297e-03      4.781e-04
ENSG00000103510:1(@)Loc1452   chr16_31106703_C_A_b38   2.833e-02 3.541e-03    3.540e-03      1.003e-04
ENSG00000103510:1(@)Loc1452   chr16_31113086_A_G_b38   4.881e-02 1.549e-02    1.549e-02      7.562e-04
ENSG00000103510:1(@)Loc1452   chr16_31114455_T_C_b38   3.557e-02 3.352e-03    3.351e-03      1.192e-04
ENSG00000103510:1(@)Loc1452   chr16_31117294_C_T_b38   5.161e-02 3.541e-03    3.540e-03      1.827e-04
ENSG00000103510:1(@)Loc1452   chr16_31117347_C_A_b38   5.161e-02 3.876e-03    3.875e-03      2.000e-04
ENSG00000103510:1(@)Loc1452   chr16_31118574_A_G_b38   6.781e-02 1.114e-02    1.114e-02      7.551e-04
ENSG00000103510:1(@)Loc1452   chr16_31120293_A_G_b38   6.781e-02 7.036e-03    7.035e-03      4.770e-04
ENSG00000103510:1(@)Loc1452   chr16_31126391_C_T_b38   2.679e-02 9.600e-03    9.599e-03      2.571e-04
ENSG00000103510:1(@)Loc1452   chr16_31136227_G_A_b38   3.693e-02 8.072e-03    8.071e-03      2.980e-04
ENSG00000167397:1(@)Loc1452   chr16_31099660_G_A_b38   1.519e-01 2.347e-03    2.347e-03      3.564e-04
ENSG00000167397:1(@)Loc1452   chr16_31102913_A_G_b38   1.862e-01 2.067e-03    2.067e-03      3.850e-04
ENSG00000167397:1(@)Loc1452   chr16_31106068_T_C_b38   3.488e-02 3.065e-03    3.065e-03      1.069e-04
ENSG00000167397:1(@)Loc1452   chr16_31106703_C_A_b38   3.786e-02 3.541e-03    3.540e-03      1.340e-04
ENSG00000167397:1(@)Loc1452   chr16_31113086_A_G_b38   3.786e-02 1.549e-02    1.549e-02      5.865e-04
ENSG00000167397:1(@)Loc1452   chr16_31114455_T_C_b38   3.488e-02 3.352e-03    3.351e-03      1.169e-04
ENSG00000167397:1(@)Loc1452   chr16_31116767_AAT_A_b38   3.488e-02 3.065e-03    3.065e-03      1.069e-04
ENSG00000167397:1(@)Loc1452   chr16_31117294_C_T_b38   3.786e-02 3.541e-03    3.540e-03      1.340e-04
ENSG00000167397:1(@)Loc1452   chr16_31117347_C_A_b38   3.786e-02 3.876e-03    3.875e-03      1.467e-04
ENSG00000167397:1(@)Loc1452   chr16_31118574_A_G_b38   1.611e-02 1.114e-02    1.114e-02      1.794e-04
ENSG00000167397:1(@)Loc1452   chr16_31119800_C_T_b38   3.488e-02 3.065e-03    3.065e-03      1.069e-04
ENSG00000167397:1(@)Loc1452   chr16_31120293_A_G_b38   1.611e-02 7.036e-03    7.035e-03      1.133e-04
ENSG00000262766:1(@)Loc1452   chr16_31113086_A_G_b38   8.844e-03 1.549e-02    1.549e-02      1.370e-04
ENSG00000262766:1(@)Loc1452   chr16_31118574_A_G_b38   9.592e-02 1.114e-02    1.114e-02      1.068e-03
ENSG00000257017:1(@)Loc1466   chr16_72074194_G_A_b38   2.028e-03 1.000e+00    1.000e+00      2.028e-03
ENSG00000091640:1(@)Loc1487   chr17_4967598_G_A_b38   4.429e-01 3.227e-04    3.226e-04      1.429e-04
ENSG00000091640:1(@)Loc1487   chr17_4968223_T_C_b38   4.429e-01 2.673e-04    2.673e-04      1.184e-04
ENSG00000178999:1(@)Loc1489   chr17_8149045_T_C_b38   3.787e-01 7.338e-04    7.337e-04      2.779e-04
ENSG00000178999:1(@)Loc1489   chr17_8204661_G_T_b38   5.696e-03 2.336e-02    2.336e-02      1.330e-04
ENSG00000178999:1(@)Loc1489   chr17_8206153_CAG_C_b38   9.811e-03 1.145e-02    1.145e-02      1.123e-04
ENSG00000154914:1(@)Loc1490   chr17_9675330_C_T_b38   4.373e-03 1.490e-01    1.489e-01      6.513e-04
ENSG00000167525:2(@)Loc1499   chr17_28711396_CCCCCGGCCCTAGCTCCG_C_b38   4.190e-01 8.894e-04    8.892e-04      3.725e-04
ENSG00000167525:2(@)Loc1499   chr17_28711515_G_A_b38   1.378e-01 1.012e-03    1.012e-03      1.395e-04
ENSG00000132589:1(@)Loc1499   chr17_28897781_T_C_b38   6.062e-01 4.084e-04    4.084e-04      2.476e-04
ENSG00000132589:1(@)Loc1499   chr17_28898381_G_A_b38   3.354e-01 3.109e-04    3.109e-04      1.043e-04
ENSG00000263293:1(@)Loc1509   chr17_47314438_T_C_b38   3.532e-03 4.905e-01    4.905e-01      1.733e-03
ENSG00000178852:1(@)Loc1509   chr17_47314438_T_C_b38   9.128e-04 4.905e-01    4.905e-01      4.477e-04
ENSG00000141295:1(@)Loc1510   chr17_47837720_G_A_b38   1.527e-01 6.686e-04    6.685e-04      1.021e-04
ENSG00000260027:1(@)Loc1510   chr17_48633618_C_T_b38   3.818e-01 2.925e-04    2.924e-04      1.116e-04
ENSG00000132478:2(@)Loc1524   chr17_75786110_T_C_b38   1.021e-03 3.861e-01    3.861e-01      3.943e-04
ENSG00000132475:2(@)Loc1524   chr17_75786110_T_C_b38   5.671e-03 3.861e-01    3.861e-01      2.189e-03
ENSG00000268297:2(@)Loc1584   chr19_7790007_A_G_b38   5.904e-02 1.739e-03    1.738e-03      1.026e-04
ENSG00000213304:1(@)Loc1587   chr19_11173626_C_T_b38   1.420e-02 9.872e-01    9.872e-01      1.402e-02
ENSG00000130518:2(@)Loc1591   chr19_18274140_T_G_b38   2.232e-01 1.124e-03    1.124e-03      2.508e-04
ENSG00000104856:1(@)Loc1608   chr19_44908822_C_T_b38   1.205e-03 3.333e-01    3.333e-01      4.017e-04
ENSG00000176920:1(@)Loc1610   chr19_48702915_C_T_b38   2.842e-03 4.176e-01    4.176e-01      1.187e-03
ENSG00000176920:1(@)Loc1610   chr19_48703160_A_G_b38   2.842e-03 5.764e-01    5.764e-01      1.638e-03
ENSG00000105516:1(@)Loc1610   chr19_48708712_T_C_b38   1.813e-02 5.806e-03    5.805e-03      1.052e-04
ENSG00000167646:1(@)Loc1614   chr19_55164108_C_T_b38   8.155e-01 1.261e-04    1.261e-04      1.028e-04
ENSG00000277938:1(@)Loc1634   chr20_25226018_A_G_b38   1.112e-01 1.384e-03    1.384e-03      1.539e-04
ENSG00000277938:1(@)Loc1634   chr20_25228354_G_A_b38   1.737e-01 8.096e-04    8.095e-04      1.406e-04
ENSG00000125965:1(@)Loc1637   chr20_35458678_G_A_b38   1.489e-03 9.136e-02    9.134e-02      1.360e-04
ENSG00000224497:1(@)Loc1637   chr20_35536512_A_C_b38   1.875e-01 1.087e-03    1.087e-03      2.038e-04
ENSG00000224497:1(@)Loc1637   chr20_35537447_C_T_b38   1.875e-01 9.015e-04    9.013e-04      1.690e-04
ENSG00000224497:1(@)Loc1637   chr20_35540122_G_A_b38   6.986e-03 2.297e-02    2.297e-02      1.605e-04
ENSG00000224497:1(@)Loc1637   chr20_35543647_C_T_b38   4.440e-01 1.643e-03    1.643e-03      7.292e-04
ENSG00000088340:1(@)Loc1637   chr20_35566823_C_T_b38   1.244e-03 5.424e-01    5.423e-01      6.746e-04
ENSG00000244462:1(@)Loc1637   chr20_35655095_C_T_b38   1.679e-02 1.261e-02    1.261e-02      2.118e-04
ENSG00000171700:1(@)Loc1654   chr20_64076174_C_T_b38   2.148e-01 1.290e-03    1.290e-03      2.770e-04
ENSG00000171700:1(@)Loc1654   chr20_64077921_G_A_b38   1.068e-01 1.627e-03    1.627e-03      1.737e-04
ENSG00000171700:1(@)Loc1654   chr20_64080106_C_T_b38   2.066e-01 6.105e-04    6.104e-04      1.261e-04
ENSG00000171700:1(@)Loc1654   chr20_64080700_T_C_b38   2.301e-01 1.450e-03    1.450e-03      3.336e-04
ENSG00000182362:2(@)Loc1678   chr21_46288340_T_C_b38   2.490e-01 9.477e-04    9.475e-04      2.359e-04
ENSG00000100325:1(@)Loc1688   chr22_29845072_A_G_b38   1.074e-03 3.342e-01    3.342e-01      3.588e-04
ENSG00000273176:1(@)Loc1692   chr22_35299680_GC_G_b38   2.545e-02 4.168e-03    4.167e-03      1.061e-04
ENSG00000273176:1(@)Loc1692   chr22_35299809_G_A_b38   3.563e-02 4.637e-03    4.636e-03      1.652e-04
ENSG00000273176:1(@)Loc1692   chr22_35300084_G_C_b38   5.666e-02 2.307e-03    2.307e-03      1.307e-04
ENSG00000273176:1(@)Loc1692   chr22_35307135_T_C_b38   3.244e-03 3.823e-02    3.823e-02      1.240e-04
ENSG00000205643:1(@)Loc1699   chr22_46231706_C_T_b38   5.803e-03 3.900e-01    3.900e-01      2.263e-03
ENSG00000205643:1(@)Loc1699   chr22_46233582_A_G_b38   9.254e-04 4.925e-01    4.925e-01      4.557e-04
ENSG00000100299:1(@)Loc1702   chr22_50625049_T_C_b38   6.415e-01 2.623e-04    2.622e-04      1.682e-04
