Signal	SNP	PIP_qtl	PIP_gwas_marginal	PIP_gwas_qtl_prior	SCP
ENSG00000182873:1(@)Loc2   chr1_2189679_C_T_b38   7.396e-01 3.918e-04    3.918e-04      2.898e-04
ENSG00000162585:2(@)Loc2   chr1_2189679_C_T_b38   9.892e-01 3.918e-04    3.918e-04      3.876e-04
ENSG00000204178:2(@)Loc18   chr1_25434429_C_T_b38   1.662e-03 2.652e-01    2.652e-01      4.407e-04
ENSG00000204178:2(@)Loc18   chr1_25434800_T_C_b38   2.943e-03 2.326e-01    2.326e-01      6.846e-04
ENSG00000204178:2(@)Loc18   chr1_25442446_A_G_b38   3.641e-04 4.469e-01    4.469e-01      1.627e-04
ENSG00000188672:2(@)Loc18   chr1_25434429_C_T_b38   2.391e-03 2.652e-01    2.652e-01      6.340e-04
ENSG00000188672:2(@)Loc18   chr1_25434800_T_C_b38   3.198e-03 2.326e-01    2.326e-01      7.437e-04
ENSG00000188672:2(@)Loc18   chr1_25442446_A_G_b38   6.527e-04 4.469e-01    4.469e-01      2.917e-04
ENSG00000204178:1(@)Loc18   chr1_25432164_G_A_b38   2.101e-02 3.203e-02    3.203e-02      6.729e-04
ENSG00000121766:1(@)Loc20   chr1_31288856_C_A_b38   2.335e-01 1.413e-03    1.413e-03      3.301e-04
ENSG00000121766:1(@)Loc20   chr1_31292838_T_C_b38   3.364e-01 2.365e-03    2.365e-03      7.956e-04
ENSG00000121766:1(@)Loc20   chr1_31300649_G_T_b38   1.154e-01 8.725e-04    8.726e-04      1.007e-04
ENSG00000227533:1(@)Loc26   chr1_42959141_C_G_b38   5.664e-01 2.020e-04    2.020e-04      1.144e-04
ENSG00000162607:1(@)Loc39   chr1_62436136_C_A_b38   9.681e-02 3.388e-03    3.388e-03      3.280e-04
ENSG00000116641:1(@)Loc39   chr1_62628536_A_G_b38   4.633e-03 1.193e-01    1.193e-01      5.525e-04
ENSG00000116641:1(@)Loc39   chr1_62629021_A_G_b38   4.633e-03 1.080e-01    1.080e-01      5.004e-04
ENSG00000116641:1(@)Loc39   chr1_62632564_G_A_b38   4.633e-03 7.243e-02    7.243e-02      3.355e-04
ENSG00000116641:1(@)Loc39   chr1_62637546_A_G_b38   6.296e-03 7.469e-02    7.469e-02      4.702e-04
ENSG00000116641:1(@)Loc39   chr1_62668259_G_A_b38   4.259e-02 2.929e-02    2.929e-02      1.247e-03
ENSG00000116641:1(@)Loc39   chr1_62674059_C_T_b38   1.024e-02 1.905e-02    1.905e-02      1.950e-04
ENSG00000116641:1(@)Loc39   chr1_62679768_G_A_b38   9.798e-03 2.400e-02    2.400e-02      2.352e-04
ENSG00000198890:1(@)Loc66   chr1_107056636_A_T_b38   2.156e-01 9.177e-04    9.177e-04      1.979e-04
ENSG00000198890:1(@)Loc66   chr1_107075085_G_A_b38   5.090e-03 3.680e-02    3.680e-02      1.873e-04
ENSG00000143126:2(@)Loc67   chr1_109274968_G_T_b38   2.053e-01 4.071e-01    4.071e-01      8.360e-02
ENSG00000143126:2(@)Loc67   chr1_109275908_C_T_b38   1.568e-02 5.928e-01    5.928e-01      9.297e-03
ENSG00000134222:2(@)Loc67   chr1_109274968_G_T_b38   6.542e-02 4.071e-01    4.071e-01      2.663e-02
ENSG00000134222:2(@)Loc67   chr1_109275908_C_T_b38   6.004e-02 5.928e-01    5.928e-01      3.559e-02
ENSG00000198758:2(@)Loc68   chr1_109762787_C_T_b38   6.627e-03 2.678e-02    2.678e-02      1.775e-04
ENSG00000169231:1(@)Loc77   chr1_155208991_T_A_b38   8.767e-01 2.331e-04    2.331e-04      2.044e-04
ENSG00000143622:1(@)Loc77   chr1_155911161_G_A_b38   8.982e-01 1.509e-04    1.509e-04      1.355e-04
ENSG00000160781:1(@)Loc77   chr1_156238439_A_G_b38   3.958e-01 5.954e-04    5.954e-04      2.357e-04
ENSG00000160781:1(@)Loc77   chr1_156240631_G_A_b38   1.059e-01 1.413e-03    1.413e-03      1.497e-04
ENSG00000160781:1(@)Loc77   chr1_156246108_G_A_b38   1.136e-01 1.241e-03    1.242e-03      1.410e-04
ENSG00000160781:1(@)Loc77   chr1_156255004_C_T_b38   1.194e-01 1.304e-03    1.304e-03      1.557e-04
ENSG00000242252:1(@)Loc77   chr1_156240631_G_A_b38   1.021e-01 1.413e-03    1.413e-03      1.443e-04
ENSG00000242252:1(@)Loc77   chr1_156246108_G_A_b38   2.728e-01 1.241e-03    1.242e-03      3.387e-04
ENSG00000242252:1(@)Loc77   chr1_156249659_A_G_b38   1.009e-01 1.163e-03    1.163e-03      1.173e-04
ENSG00000242252:1(@)Loc77   chr1_156250265_T_C_b38   2.351e-01 1.163e-03    1.163e-03      2.734e-04
ENSG00000198715:1(@)Loc77   chr1_156274030_C_T_b38   8.566e-02 1.371e-03    1.371e-03      1.175e-04
ENSG00000198715:1(@)Loc77   chr1_156276682_G_C_b38   8.566e-02 1.357e-03    1.357e-03      1.162e-04
ENSG00000198715:1(@)Loc77   chr1_156302480_C_T_b38   1.211e-01 1.357e-03    1.357e-03      1.642e-04
ENSG00000198715:1(@)Loc77   chr1_156305490_G_A_b38   1.211e-01 9.080e-04    9.080e-04      1.099e-04
ENSG00000244682:1(@)Loc80   chr1_161595591_A_G_b38   9.999e-01 2.952e-04    2.952e-04      2.951e-04
ENSG00000225217:1(@)Loc80   chr1_161595591_A_G_b38   9.981e-01 2.952e-04    2.952e-04      2.946e-04
ENSG00000084674:1(@)Loc145   chr2_21041028_G_A_b38   4.942e-02 9.999e-01    9.999e-01      4.942e-02
ENSG00000135968:2(@)Loc197   chr2_108419141_C_G_b38   1.966e-01 7.056e-04    7.056e-04      1.387e-04
ENSG00000236255:3(@)Loc201   chr2_117819143_T_C_b38   8.401e-04 2.115e-01    2.115e-01      1.777e-04
ENSG00000233579:1(@)Loc252   chr2_202843584_A_G_b38   1.630e-03 4.580e-01    4.580e-01      7.467e-04
ENSG00000115414:3(@)Loc259   chr2_215435759_T_A_b38   9.010e-03 2.100e-02    2.100e-02      1.892e-04
ENSG00000115414:3(@)Loc259   chr2_215439661_T_C_b38   5.786e-04 6.684e-01    6.684e-01      3.867e-04
ENSG00000163938:1(@)Loc312   chr3_52694788_C_T_b38   5.838e-02 1.728e-03    1.728e-03      1.009e-04
ENSG00000114904:1(@)Loc312   chr3_52771077_A_G_b38   1.168e-01 1.336e-03    1.336e-03      1.561e-04
ENSG00000114904:2(@)Loc312   chr3_52792830_G_A_b38   2.508e-02 4.925e-03    4.925e-03      1.235e-04
ENSG00000168297:2(@)Loc316   chr3_58308140_G_A_b38   7.596e-04 1.853e-01    1.853e-01      1.407e-04
ENSG00000272182:1(@)Loc316   chr3_58395560_G_A_b38   1.311e-03 2.640e-01    2.640e-01      3.462e-04
ENSG00000196981:1(@)Loc352   chr3_122411904_T_C_b38   2.775e-02 7.482e-03    7.482e-03      2.077e-04
ENSG00000196981:1(@)Loc352   chr3_122416042_T_A_b38   8.981e-01 1.627e-02    1.627e-02      1.461e-02
ENSG00000196981:1(@)Loc352   chr3_122440051_G_C_b38   1.452e-02 1.255e-02    1.255e-02      1.822e-04
ENSG00000109758:2(@)Loc402   chr4_3442776_G_A_b38   9.459e-01 1.613e-04    1.613e-04      1.526e-04
ENSG00000224097:1(@)Loc430   chr4_39480042_T_C_b38   6.820e-01 1.477e-04    1.477e-04      1.008e-04
ENSG00000138823:1(@)Loc464   chr4_99563386_G_A_b38   7.913e-03 4.825e-02    4.825e-02      3.818e-04
ENSG00000251586:1(@)Loc467   chr4_105178652_T_C_b38   2.702e-01 6.065e-04    6.065e-04      1.639e-04
ENSG00000251586:1(@)Loc467   chr4_105181249_G_C_b38   1.615e-01 6.588e-04    6.588e-04      1.064e-04
ENSG00000249690:1(@)Loc495   chr4_150382166_G_A_b38   3.268e-03 3.230e-01    3.230e-01      1.055e-03
ENSG00000213949:1(@)Loc551   chr5_52897294_A_G_b38   6.695e-02 1.010e-02    1.010e-02      6.762e-04
ENSG00000213949:1(@)Loc551   chr5_52897406_A_G_b38   6.484e-03 3.407e-02    3.407e-02      2.209e-04
ENSG00000113161:1(@)Loc564   chr5_75329662_C_A_b38   1.702e-02 3.565e-01    3.565e-01      6.069e-03
ENSG00000113161:1(@)Loc564   chr5_75330257_T_C_b38   1.572e-02 1.305e-02    1.305e-02      2.053e-04
ENSG00000113161:1(@)Loc564   chr5_75360714_T_C_b38   2.736e-02 6.250e-01    6.250e-01      1.710e-02
ENSG00000202533:1(@)Loc599   chr5_132469724_A_G_b38   1.853e-02 1.014e-02    1.014e-02      1.878e-04
ENSG00000113716:1(@)Loc608   chr5_150005047_C_T_b38   5.388e-01 1.886e-04    1.886e-04      1.016e-04
ENSG00000145850:2(@)Loc612   chr5_156960126_G_C_b38   7.331e-04 1.655e-01    1.655e-01      1.213e-04
ENSG00000145850:2(@)Loc612   chr5_156963286_T_C_b38   9.273e-03 8.308e-01    8.308e-01      7.703e-03
ENSG00000039600:1(@)Loc613   chr5_157675151_G_A_b38   7.406e-01 2.934e-04    2.934e-04      2.173e-04
ENSG00000007944:1(@)Loc643   chr6_16108932_A_C_b38   1.045e-03 2.038e-01    2.038e-01      2.130e-04
ENSG00000180596:1(@)Loc650   chr6_26092913_G_A_b38   4.964e-04 9.999e-01    9.999e-01      4.964e-04
ENSG00000206341:2(@)Loc654   chr6_29883007_A_G_b38   9.960e-01 2.860e-04    2.860e-04      2.849e-04
ENSG00000204610:2(@)Loc654   chr6_30164258_G_A_b38   4.991e-03 3.287e-02    3.287e-02      1.640e-04
ENSG00000204525:2(@)Loc655   chr6_31276008_G_T_b38   5.976e-01 2.120e-04    2.120e-04      1.267e-04
ENSG00000199332:3(@)Loc655   chr6_31386727_C_T_b38   2.735e-03 1.892e-01    1.892e-01      5.176e-04
ENSG00000199332:3(@)Loc655   chr6_31386783_C_T_b38   4.448e-03 2.057e-01    2.057e-01      9.149e-04
ENSG00000199332:3(@)Loc655   chr6_31393708_T_C_b38   4.765e-03 4.998e-01    4.998e-01      2.381e-03
ENSG00000272221:1(@)Loc655   chr6_31386783_C_T_b38   2.280e-03 2.057e-01    2.057e-01      4.690e-04
ENSG00000204287:1(@)Loc656   chr6_32444658_G_A_b38   1.381e-03 9.814e-02    9.814e-02      1.356e-04
ENSG00000241106:3(@)Loc657   chr6_32814805_C_T_b38   5.875e-02 1.967e-02    1.967e-02      1.156e-03
ENSG00000241106:3(@)Loc657   chr6_32816296_G_T_b38   1.446e-01 2.266e-03    2.266e-03      3.277e-04
ENSG00000241106:3(@)Loc657   chr6_32816843_C_T_b38   3.452e-01 1.587e-02    1.587e-02      5.479e-03
ENSG00000241106:3(@)Loc657   chr6_32816976_T_C_b38   3.452e-01 7.926e-04    7.926e-04      2.736e-04
ENSG00000241106:3(@)Loc657   chr6_32828449_G_A_b38   3.290e-02 6.575e-03    6.575e-03      2.163e-04
ENSG00000241106:3(@)Loc657   chr6_32828908_A_G_b38   2.810e-02 1.376e-01    1.376e-01      3.868e-03
ENSG00000241106:3(@)Loc657   chr6_32829584_C_T_b38   2.931e-02 1.951e-01    1.951e-01      5.717e-03
ENSG00000196821:1(@)Loc658   chr6_34624313_A_G_b38   6.001e-01 3.240e-03    3.240e-03      1.944e-03
ENSG00000196821:1(@)Loc658   chr6_34648545_G_C_b38   2.310e-01 9.134e-04    9.135e-04      2.110e-04
ENSG00000196821:1(@)Loc658   chr6_34695821_C_T_b38   2.194e-02 2.711e-02    2.711e-02      5.947e-04
ENSG00000272288:1(@)Loc658   chr6_34695821_C_T_b38   9.421e-03 2.711e-02    2.711e-02      2.554e-04
ENSG00000161912:2(@)Loc662   chr6_41059781_C_T_b38   4.677e-01 2.632e-04    2.633e-04      1.231e-04
ENSG00000124713:2(@)Loc663   chr6_42964977_C_T_b38   3.913e-03 7.483e-02    7.483e-02      2.928e-04
ENSG00000112640:2(@)Loc663   chr6_42964977_C_T_b38   1.556e-03 7.483e-02    7.483e-02      1.164e-04
ENSG00000124587:1(@)Loc663   chr6_42978752_C_A_b38   4.937e-01 4.815e-04    4.815e-04      2.377e-04
ENSG00000124587:1(@)Loc663   chr6_42979205_G_A_b38   4.937e-01 5.400e-04    5.400e-04      2.666e-04
ENSG00000225791:1(@)Loc669   chr6_52577484_G_C_b38   7.139e-01 3.607e-04    3.607e-04      2.575e-04
ENSG00000216775:2(@)Loc669   chr6_52662124_AG_A_b38   1.244e-01 3.764e-03    3.764e-03      4.684e-04
ENSG00000216775:2(@)Loc669   chr6_52663320_G_A_b38   2.882e-01 2.285e-03    2.285e-03      6.585e-04
ENSG00000260273:1(@)Loc703   chr6_109383239_T_C_b38   2.308e-01 5.889e-04    5.889e-04      1.359e-04
ENSG00000260273:1(@)Loc703   chr6_109383248_A_C_b38   2.308e-01 5.889e-04    5.889e-04      1.359e-04
ENSG00000112367:1(@)Loc703   chr6_109690255_T_C_b38   1.884e-01 6.728e-04    6.728e-04      1.268e-04
ENSG00000111816:1(@)Loc707   chr6_116031587_C_T_b38   6.580e-03 3.418e-01    3.418e-01      2.249e-03
ENSG00000111816:1(@)Loc707   chr6_116033428_C_T_b38   6.580e-03 3.070e-01    3.070e-01      2.020e-03
ENSG00000111816:1(@)Loc707   chr6_116060831_T_C_b38   4.803e-01 3.588e-04    3.588e-04      1.723e-04
ENSG00000112339:2(@)Loc719   chr6_135090090_T_C_b38   1.148e-03 1.140e-01    1.141e-01      1.309e-04
ENSG00000112339:2(@)Loc719   chr6_135105435_A_G_b38   6.907e-03 3.475e-02    3.475e-02      2.400e-04
ENSG00000112339:2(@)Loc719   chr6_135106006_C_A_b38   1.572e-03 9.210e-02    9.210e-02      1.448e-04
ENSG00000146540:1(@)Loc744   chr7_1103341_C_T_b38   1.303e-01 1.026e-03    1.026e-03      1.338e-04
ENSG00000178381:2(@)Loc744   chr7_1161882_C_T_b38   5.349e-01 7.245e-04    7.245e-04      3.876e-04
ENSG00000178381:2(@)Loc744   chr7_1168518_CA_C_b38   1.935e-01 7.245e-04    7.245e-04      1.402e-04
ENSG00000105928:2(@)Loc763   chr7_24758145_T_C_b38   5.115e-01 5.316e-03    5.317e-03      2.720e-03
ENSG00000225264:1(@)Loc766   chr7_29683958_A_T_b38   1.729e-01 5.793e-04    5.793e-04      1.002e-04
ENSG00000127948:1(@)Loc790   chr7_75985459_G_A_b38   9.957e-01 1.109e-04    1.109e-04      1.104e-04
ENSG00000157259:1(@)Loc798   chr7_92447889_G_A_b38   9.531e-01 1.482e-04    1.482e-04      1.412e-04
ENSG00000272950:1(@)Loc802   chr7_98312758_C_CTG_b38   2.451e-02 4.212e-03    4.212e-03      1.032e-04
ENSG00000272950:1(@)Loc802   chr7_98320502_C_T_b38   2.491e-01 4.212e-03    4.212e-03      1.049e-03
ENSG00000272950:1(@)Loc802   chr7_98322009_C_T_b38   6.159e-01 4.854e-03    4.854e-03      2.989e-03
ENSG00000105856:1(@)Loc808   chr7_107160643_G_T_b38   5.090e-02 4.865e-03    4.865e-03      2.476e-04
ENSG00000158856:1(@)Loc864   chr8_22049068_AGGGGCC_A_b38   9.986e-01 2.020e-04    2.020e-04      2.018e-04
ENSG00000197217:1(@)Loc865   chr8_23446943_C_A_b38   8.366e-01 3.438e-04    3.438e-04      2.876e-04
ENSG00000167910:2(@)Loc886   chr8_58440975_C_T_b38   1.888e-03 4.009e-01    4.009e-01      7.569e-04
ENSG00000178209:1(@)Loc935   chr8_143948489_G_T_b38   2.937e-03 9.999e-01    9.999e-01      2.936e-03
ENSG00000137154:2(@)Loc950   chr9_19289961_G_A_b38   6.138e-01 3.526e-04    3.526e-04      2.164e-04
ENSG00000272842:1(@)Loc950   chr9_19371095_C_G_b38   2.520e-01 4.493e-04    4.493e-04      1.132e-04
ENSG00000273226:1(@)Loc950   chr9_19375840_TGGTATCCACTAAAACTA_T_b38   8.983e-01 6.737e-04    6.738e-04      6.053e-04
ENSG00000147955:1(@)Loc961   chr9_34637994_C_A_b38   2.287e-01 4.791e-04    4.791e-04      1.096e-04
ENSG00000187186:1(@)Loc962   chr9_34672503_A_G_b38   3.983e-01 3.063e-04    3.063e-04      1.220e-04
ENSG00000187186:1(@)Loc962   chr9_34673282_AGC_A_b38   4.128e-01 6.803e-04    6.803e-04      2.808e-04
ENSG00000230074:1(@)Loc962   chr9_34677541_T_C_b38   6.853e-01 1.514e-04    1.514e-04      1.037e-04
ENSG00000119326:2(@)Loc990   chr9_109013222_C_G_b38   3.833e-01 2.710e-04    2.710e-04      1.039e-04
ENSG00000198917:2(@)Loc1001   chr9_128829615_G_C_b38   4.880e-01 1.356e-03    1.356e-03      6.618e-04
ENSG00000136816:2(@)Loc1002   chr9_129804387_G_A_b38   9.982e-01 1.386e-04    1.386e-04      1.383e-04
ENSG00000057608:1(@)Loc1015   chr10_5807954_C_G_b38   4.926e-01 1.640e-03    1.640e-03      8.078e-04
ENSG00000057608:1(@)Loc1015   chr10_5813440_G_C_b38   4.613e-01 2.870e-03    2.870e-03      1.324e-03
ENSG00000119927:1(@)Loc1079   chr10_112150963_A_G_b38   9.763e-03 2.012e-01    2.012e-01      1.964e-03
ENSG00000119927:1(@)Loc1079   chr10_112161596_G_A_b38   1.718e-03 8.369e-02    8.369e-02      1.438e-04
ENSG00000119927:1(@)Loc1079   chr10_112174128_A_G_b38   6.542e-03 2.329e-01    2.329e-01      1.523e-03
ENSG00000119927:1(@)Loc1079   chr10_112180571_T_C_b38   7.723e-03 8.769e-02    8.769e-02      6.772e-04
ENSG00000119927:1(@)Loc1079   chr10_112184513_A_G_b38   1.928e-02 3.940e-01    3.940e-01      7.595e-03
ENSG00000203805:1(@)Loc1083   chr10_120456972_T_G_b38   6.996e-01 8.327e-04    8.328e-04      5.826e-04
ENSG00000170430:1(@)Loc1090   chr10_129647134_A_G_b38   9.991e-01 1.077e-04    1.077e-04      1.076e-04
ENSG00000132274:2(@)Loc1098   chr11_5689947_A_G_b38   8.955e-01 3.356e-03    3.356e-03      3.005e-03
ENSG00000179119:1(@)Loc1107   chr11_18611437_T_C_b38   8.525e-03 7.889e-02    7.889e-02      6.726e-04
ENSG00000179119:1(@)Loc1107   chr11_18634724_C_T_b38   3.724e-01 9.211e-01    9.211e-01      3.430e-01
ENSG00000187479:1(@)Loc1121   chr11_43925029_G_C_b38   6.094e-02 1.757e-03    1.757e-03      1.071e-04
ENSG00000175220:1(@)Loc1122   chr11_46700671_T_C_b38   6.306e-01 3.511e-04    3.511e-04      2.214e-04
ENSG00000149485:1(@)Loc1128   chr11_61830500_A_G_b38   3.239e-01 2.963e-01    2.963e-01      9.597e-02
ENSG00000173327:1(@)Loc1130   chr11_65613445_G_A_b38   9.942e-01 1.621e-03    1.621e-03      1.611e-03
ENSG00000214659:3(@)Loc1130   chr11_65726336_C_T_b38   9.079e-02 1.140e-03    1.140e-03      1.035e-04
ENSG00000214659:3(@)Loc1130   chr11_65726789_G_T_b38   1.266e-01 1.355e-03    1.355e-03      1.714e-04
ENSG00000174576:1(@)Loc1131   chr11_66421290_G_T_b38   1.860e-01 9.574e-04    9.574e-04      1.781e-04
ENSG00000174576:1(@)Loc1131   chr11_66421433_T_C_b38   1.455e-01 1.131e-03    1.131e-03      1.645e-04
ENSG00000255517:1(@)Loc1131   chr11_66478465_C_T_b38   2.162e-01 1.113e-03    1.113e-03      2.406e-04
ENSG00000254986:1(@)Loc1131   chr11_66480373_G_A_b38   2.950e-01 1.113e-03    1.113e-03      3.283e-04
ENSG00000174080:2(@)Loc1131   chr11_66568700_C_A_b38   3.801e-01 7.248e-04    7.248e-04      2.755e-04
ENSG00000118369:1(@)Loc1137   chr11_78206259_C_A_b38   5.013e-02 2.166e-03    2.166e-03      1.086e-04
ENSG00000118369:1(@)Loc1137   chr11_78213498_G_A_b38   5.144e-02 5.978e-03    5.978e-03      3.075e-04
ENSG00000118369:1(@)Loc1137   chr11_78215723_A_G_b38   1.367e-01 9.457e-03    9.457e-03      1.293e-03
ENSG00000118369:1(@)Loc1137   chr11_78215769_A_AC_b38   1.293e-01 1.357e-03    1.357e-03      1.755e-04
ENSG00000118369:1(@)Loc1137   chr11_78248613_G_A_b38   2.353e-02 5.170e-03    5.170e-03      1.216e-04
ENSG00000151376:2(@)Loc1141   chr11_86672590_ACT_A_b38   3.308e-01 5.159e-04    5.159e-04      1.707e-04
ENSG00000243431:2(@)Loc1165   chr11_118545538_C_T_b38   1.407e-02 6.732e-02    6.733e-02      9.472e-04
ENSG00000243431:2(@)Loc1165   chr11_118554704_G_T_b38   9.480e-03 2.156e-02    2.156e-02      2.044e-04
ENSG00000095139:1(@)Loc1165   chr11_118545538_C_T_b38   8.513e-03 6.732e-02    6.733e-02      5.731e-04
ENSG00000095139:1(@)Loc1165   chr11_118554704_G_T_b38   9.612e-03 2.156e-02    2.156e-02      2.072e-04
ENSG00000095139:1(@)Loc1165   chr11_118578655_A_G_b38   1.302e-02 2.227e-02    2.227e-02      2.900e-04
ENSG00000149582:1(@)Loc1165   chr11_118545538_C_T_b38   1.870e-03 6.732e-02    6.733e-02      1.259e-04
ENSG00000149582:1(@)Loc1165   chr11_118554704_G_T_b38   1.003e-02 2.156e-02    2.156e-02      2.162e-04
ENSG00000118096:1(@)Loc1165   chr11_118573229_G_A_b38   3.932e-01 9.511e-04    9.511e-04      3.740e-04
ENSG00000019144:1(@)Loc1165   chr11_118615352_T_C_b38   3.265e-01 1.807e-02    1.807e-02      5.900e-03
ENSG00000280832:1(@)Loc1171   chr11_126348646_A_G_b38   2.927e-02 8.003e-02    8.004e-02      2.343e-03
ENSG00000280832:1(@)Loc1171   chr11_126358764_T_G_b38   3.546e-03 9.467e-02    9.467e-02      3.357e-04
ENSG00000280832:3(@)Loc1171   chr11_126372084_G_A_b38   9.951e-04 4.074e-01    4.074e-01      4.054e-04
ENSG00000280832:3(@)Loc1171   chr11_126374057_G_A_b38   2.057e-03 2.453e-01    2.453e-01      5.045e-04
ENSG00000003056:1(@)Loc1187   chr12_8929985_A_G_b38   3.319e-01 4.654e-02    4.654e-02      1.545e-02
ENSG00000013573:1(@)Loc1199   chr12_31073901_T_A_b38   9.769e-01 1.416e-04    1.416e-04      1.383e-04
ENSG00000175548:1(@)Loc1202   chr12_38317017_C_T_b38   6.840e-01 5.646e-04    5.646e-04      3.862e-04
ENSG00000175548:1(@)Loc1202   chr12_38317486_C_T_b38   2.349e-01 7.030e-04    7.031e-04      1.652e-04
ENSG00000205352:1(@)Loc1211   chr12_53446172_C_G_b38   1.000e+00 2.507e-04    2.507e-04      2.507e-04
ENSG00000205056:1(@)Loc1233   chr12_92465694_T_C_b38   9.036e-01 1.121e-04    1.121e-04      1.013e-04
ENSG00000197653:1(@)Loc1253   chr12_123920171_T_C_b38   8.319e-02 4.326e-03    4.326e-03      3.598e-04
ENSG00000197653:1(@)Loc1253   chr12_123930906_T_C_b38   1.842e-01 9.092e-04    9.092e-04      1.674e-04
ENSG00000270028:1(@)Loc1253   chr12_123961706_T_C_b38   1.180e-01 9.626e-04    9.626e-04      1.136e-04
ENSG00000270028:1(@)Loc1253   chr12_123962069_G_A_b38   1.180e-01 9.626e-04    9.626e-04      1.136e-04
ENSG00000270028:1(@)Loc1253   chr12_123962860_A_T_b38   1.986e-01 1.383e-03    1.383e-03      2.747e-04
ENSG00000270028:1(@)Loc1253   chr12_123964676_C_A_b38   5.336e-02 9.307e-03    9.307e-03      4.966e-04
ENSG00000250091:1(@)Loc1253   chr12_123935181_C_T_b38   2.204e-02 1.912e-02    1.912e-02      4.216e-04
ENSG00000250091:1(@)Loc1253   chr12_123935529_C_CAGGA_b38   1.292e-01 9.092e-04    9.092e-04      1.175e-04
ENSG00000250091:1(@)Loc1253   chr12_123962860_A_T_b38   2.673e-01 1.383e-03    1.383e-03      3.698e-04
ENSG00000250091:1(@)Loc1253   chr12_123964676_C_A_b38   2.943e-02 9.307e-03    9.307e-03      2.739e-04
ENSG00000179195:1(@)Loc1253   chr12_123964676_C_A_b38   2.969e-02 9.307e-03    9.307e-03      2.763e-04
ENSG00000179195:1(@)Loc1253   chr12_123973455_C_A_b38   1.405e-01 1.088e-03    1.088e-03      1.529e-04
ENSG00000179195:1(@)Loc1253   chr12_123980289_G_T_b38   5.464e-03 2.361e-02    2.361e-02      1.290e-04
ENSG00000119242:2(@)Loc1253   chr12_123955563_C_A_b38   7.124e-03 2.888e-02    2.888e-02      2.058e-04
ENSG00000119242:2(@)Loc1253   chr12_123964676_C_A_b38   2.263e-02 9.307e-03    9.307e-03      2.106e-04
ENSG00000119242:2(@)Loc1253   chr12_123971271_C_T_b38   8.958e-02 1.307e-03    1.307e-03      1.171e-04
ENSG00000119242:2(@)Loc1253   chr12_123980289_G_T_b38   1.563e-02 2.361e-02    2.361e-02      3.689e-04
ENSG00000119242:2(@)Loc1253   chr12_123990609_A_G_b38   6.607e-03 1.530e-02    1.530e-02      1.011e-04
ENSG00000152749:1(@)Loc1307   chr13_94601666_T_G_b38   9.981e-01 1.206e-04    1.206e-04      1.204e-04
ENSG00000229373:1(@)Loc1322   chr13_114055600_T_C_b38   3.627e-03 3.436e-02    3.436e-02      1.247e-04
ENSG00000133983:2(@)Loc1354   chr14_70338551_T_C_b38   5.940e-02 2.983e-03    2.983e-03      1.772e-04
ENSG00000119599:1(@)Loc1356   chr14_72926683_G_A_b38   9.997e-01 1.007e-04    1.007e-04      1.007e-04
ENSG00000258666:1(@)Loc1374   chr14_100354199_A_G_b38   1.498e-01 3.039e-03    3.039e-03      4.551e-04
ENSG00000176473:1(@)Loc1374   chr14_100328802_G_T_b38   1.761e-01 9.403e-04    9.403e-04      1.656e-04
ENSG00000176473:1(@)Loc1374   chr14_100330064_C_T_b38   1.761e-01 8.005e-04    8.005e-04      1.410e-04
ENSG00000176473:1(@)Loc1374   chr14_100346166_GAAAT_G_b38   1.866e-01 1.094e-03    1.094e-03      2.041e-04
ENSG00000176473:1(@)Loc1374   chr14_100346170_T_TCCC_b38   1.866e-01 1.094e-03    1.094e-03      2.041e-04
ENSG00000176473:1(@)Loc1374   chr14_100359333_C_T_b38   1.034e-01 1.123e-03    1.123e-03      1.161e-04
ENSG00000140465:1(@)Loc1413   chr15_74751897_G_A_b38   9.535e-02 1.784e-03    1.784e-03      1.701e-04
ENSG00000140465:1(@)Loc1413   chr15_74755085_T_C_b38   5.115e-02 2.210e-03    2.210e-03      1.130e-04
ENSG00000140465:1(@)Loc1413   chr15_74770056_C_T_b38   4.685e-02 2.636e-03    2.636e-03      1.235e-04
ENSG00000178718:1(@)Loc1413   chr15_74997381_T_C_b38   7.065e-03 2.017e-02    2.017e-02      1.425e-04
ENSG00000178802:1(@)Loc1413   chr15_74885866_G_A_b38   1.915e-01 8.705e-03    8.705e-03      1.667e-03
ENSG00000178802:1(@)Loc1413   chr15_74888780_A_G_b38   3.342e-01 9.570e-04    9.571e-04      3.199e-04
ENSG00000178761:1(@)Loc1413   chr15_74907551_A_G_b38   9.978e-02 2.550e-03    2.550e-03      2.544e-04
ENSG00000140543:1(@)Loc1419   chr15_88546426_G_T_b38   5.472e-01 4.911e-04    4.911e-04      2.687e-04
ENSG00000100726:3(@)Loc1430   chr16_1510110_C_T_b38   3.374e-01 9.125e-04    9.125e-04      3.079e-04
ENSG00000189067:2(@)Loc1440   chr16_11548386_T_C_b38   8.582e-01 1.276e-03    1.276e-03      1.095e-03
ENSG00000183426:1(@)Loc1443   chr16_15036083_C_T_b38   1.000e+00 1.656e-04    1.656e-04      1.656e-04
ENSG00000183793:1(@)Loc1443   chr16_15036083_C_T_b38   9.999e-01 1.656e-04    1.656e-04      1.656e-04
ENSG00000280206:1(@)Loc1443   chr16_15770427_G_A_b38   1.648e-01 7.913e-04    7.913e-04      1.304e-04
ENSG00000167395:1(@)Loc1452   chr16_31074149_T_C_b38   2.887e-02 4.458e-03    4.459e-03      1.287e-04
ENSG00000167394:2(@)Loc1452   chr16_31074149_T_C_b38   4.030e-02 4.458e-03    4.459e-03      1.797e-04
ENSG00000103510:2(@)Loc1452   chr16_31101489_A_C_b38   8.786e-02 1.334e-03    1.334e-03      1.172e-04
ENSG00000103510:2(@)Loc1452   chr16_31114455_T_C_b38   6.006e-02 3.352e-03    3.352e-03      2.013e-04
ENSG00000103510:2(@)Loc1452   chr16_31116767_AAT_A_b38   6.325e-02 3.065e-03    3.065e-03      1.939e-04
ENSG00000103510:2(@)Loc1452   chr16_31118574_A_G_b38   6.682e-02 1.114e-02    1.114e-02      7.442e-04
ENSG00000103510:2(@)Loc1452   chr16_31119800_C_T_b38   4.112e-02 3.065e-03    3.065e-03      1.261e-04
ENSG00000103510:2(@)Loc1452   chr16_31120293_A_G_b38   2.849e-01 7.036e-03    7.036e-03      2.005e-03
ENSG00000103510:2(@)Loc1452   chr16_31126391_C_T_b38   1.911e-02 9.600e-03    9.600e-03      1.834e-04
ENSG00000103510:2(@)Loc1452   chr16_31136227_G_A_b38   6.248e-02 8.072e-03    8.072e-03      5.043e-04
ENSG00000103510:2(@)Loc1452   chr16_31137821_A_G_b38   4.641e-02 2.257e-03    2.257e-03      1.048e-04
ENSG00000262766:2(@)Loc1452   chr16_31118574_A_G_b38   1.165e-02 1.114e-02    1.114e-02      1.297e-04
ENSG00000087237:1(@)Loc1458   chr16_56955678_C_T_b38   7.679e-03 9.844e-01    9.844e-01      7.559e-03
ENSG00000161905:2(@)Loc1486   chr17_4641837_C_G_b38   1.691e-01 8.881e-04    8.881e-04      1.502e-04
ENSG00000091640:1(@)Loc1487   chr17_4967598_G_A_b38   4.626e-01 3.227e-04    3.227e-04      1.493e-04
ENSG00000091640:1(@)Loc1487   chr17_4968223_T_C_b38   4.626e-01 2.673e-04    2.673e-04      1.237e-04
ENSG00000199053:2(@)Loc1488   chr17_7185604_A_G_b38   8.479e-03 1.424e-02    1.424e-02      1.207e-04
ENSG00000220205:1(@)Loc1489   chr17_8169779_G_A_b38   3.751e-02 2.838e-03    2.838e-03      1.064e-04
ENSG00000178977:1(@)Loc1489   chr17_8227549_A_C_b38   1.388e-01 2.397e-03    2.397e-03      3.327e-04
ENSG00000154914:1(@)Loc1490   chr17_9675330_C_T_b38   2.780e-03 1.490e-01    1.490e-01      4.142e-04
ENSG00000167525:1(@)Loc1499   chr17_28708935_G_A_b38   1.249e-01 1.012e-03    1.013e-03      1.264e-04
ENSG00000167525:1(@)Loc1499   chr17_28711396_CCCCCGGCCCTAGCTCCG_C_b38   3.339e-01 8.894e-04    8.894e-04      2.969e-04
ENSG00000167525:1(@)Loc1499   chr17_28711515_G_A_b38   2.922e-01 1.012e-03    1.013e-03      2.958e-04
ENSG00000173065:2(@)Loc1499   chr17_28842719_T_TGCCGCCC_b38   5.596e-02 2.301e-03    2.301e-03      1.288e-04
ENSG00000173065:2(@)Loc1499   chr17_28842872_G_C_b38   5.348e-02 1.975e-03    1.975e-03      1.056e-04
ENSG00000176390:2(@)Loc1500   chr17_30729320_G_A_b38   7.774e-01 2.346e-04    2.346e-04      1.824e-04
ENSG00000176390:1(@)Loc1500   chr17_30824819_T_C_b38   8.366e-01 1.637e-04    1.637e-04      1.369e-04
ENSG00000108785:3(@)Loc1507   chr17_42545768_CCCCTTGCCT_C_b38   1.487e-01 7.545e-04    7.545e-04      1.122e-04
ENSG00000263293:1(@)Loc1509   chr17_47361586_C_T_b38   5.991e-03 5.009e-01    5.009e-01      3.001e-03
ENSG00000141378:1(@)Loc1517   chr17_59712845_T_C_b38   1.592e-02 9.261e-03    9.262e-03      1.475e-04
ENSG00000132478:1(@)Loc1524   chr17_75786110_T_C_b38   6.798e-03 3.861e-01    3.861e-01      2.625e-03
ENSG00000267790:2(@)Loc1525   chr17_77757092_G_A_b38   1.457e-02 1.041e-02    1.041e-02      1.517e-04
ENSG00000141458:1(@)Loc1541   chr18_23585116_C_A_b38   7.831e-01 2.062e-04    2.062e-04      1.615e-04
ENSG00000119537:1(@)Loc1564   chr18_63367187_T_G_b38   9.990e-01 2.180e-04    2.180e-04      2.178e-04
ENSG00000268297:2(@)Loc1584   chr19_7789788_G_T_b38   1.729e-01 1.581e-03    1.581e-03      2.734e-04
ENSG00000268297:2(@)Loc1584   chr19_7791675_T_C_b38   6.772e-02 1.717e-03    1.717e-03      1.163e-04
ENSG00000130164:1(@)Loc1586   chr19_11091630_G_T_b38   1.104e-02 1.000e+00    1.000e+00      1.104e-02
ENSG00000267082:1(@)Loc1587   chr19_11205141_T_G_b38   2.902e-02 1.042e-02    1.042e-02      3.024e-04
ENSG00000130518:2(@)Loc1591   chr19_18274140_T_G_b38   2.600e-01 1.124e-03    1.124e-03      2.922e-04
ENSG00000081665:1(@)Loc1593   chr19_19810158_C_A_b38   1.393e-01 4.929e-03    4.929e-03      6.865e-04
ENSG00000232871:2(@)Loc1610   chr19_48702915_C_T_b38   3.171e-03 4.176e-01    4.176e-01      1.324e-03
ENSG00000232871:2(@)Loc1610   chr19_48703160_A_G_b38   3.171e-03 5.764e-01    5.764e-01      1.828e-03
ENSG00000176909:1(@)Loc1610   chr19_48702915_C_T_b38   3.536e-02 4.176e-01    4.176e-01      1.477e-02
ENSG00000176909:1(@)Loc1610   chr19_48703160_A_G_b38   3.536e-02 5.764e-01    5.764e-01      2.038e-02
ENSG00000142233:2(@)Loc1610   chr19_48702915_C_T_b38   8.589e-02 4.176e-01    4.176e-01      3.587e-02
ENSG00000142233:2(@)Loc1610   chr19_48703160_A_G_b38   8.589e-02 5.764e-01    5.764e-01      4.950e-02
ENSG00000104805:1(@)Loc1611   chr19_48921668_C_T_b38   3.046e-01 4.066e-04    4.066e-04      1.238e-04
ENSG00000104805:1(@)Loc1611   chr19_48922842_G_A_b38   3.045e-01 3.753e-04    3.753e-04      1.143e-04
ENSG00000167646:1(@)Loc1614   chr19_55166155_C_T_b38   9.975e-01 1.247e-04    1.247e-04      1.244e-04
ENSG00000172296:2(@)Loc1626   chr20_12982070_A_G_b38   5.629e-03 6.370e-01    6.370e-01      3.585e-03
ENSG00000172296:2(@)Loc1626   chr20_12988752_A_G_b38   1.442e-02 3.594e-01    3.594e-01      5.183e-03
ENSG00000277938:1(@)Loc1634   chr20_25228663_C_A_b38   5.051e-01 7.666e-04    7.666e-04      3.872e-04
ENSG00000101019:1(@)Loc1637   chr20_35413255_C_T_b38   5.132e-02 3.053e-03    3.053e-03      1.567e-04
ENSG00000126001:1(@)Loc1637   chr20_35458678_G_A_b38   3.925e-03 9.136e-02    9.136e-02      3.586e-04
ENSG00000125965:2(@)Loc1637   chr20_35458678_G_A_b38   5.172e-03 9.136e-02    9.136e-02      4.725e-04
ENSG00000125991:1(@)Loc1637   chr20_35540122_G_A_b38   7.800e-02 2.297e-02    2.297e-02      1.792e-03
ENSG00000125991:1(@)Loc1637   chr20_35543647_C_T_b38   6.158e-02 1.643e-03    1.643e-03      1.012e-04
ENSG00000125991:1(@)Loc1637   chr20_35545279_C_T_b38   9.681e-02 1.643e-03    1.643e-03      1.590e-04
ENSG00000125991:1(@)Loc1637   chr20_35545566_TCAA_T_b38   9.681e-02 1.643e-03    1.643e-03      1.590e-04
ENSG00000125991:1(@)Loc1637   chr20_35564866_C_T_b38   2.564e-02 2.579e-02    2.580e-02      6.613e-04
ENSG00000224497:1(@)Loc1637   chr20_35543647_C_T_b38   7.686e-01 1.643e-03    1.643e-03      1.263e-03
ENSG00000224497:1(@)Loc1637   chr20_35545279_C_T_b38   8.732e-02 1.643e-03    1.643e-03      1.435e-04
ENSG00000224497:1(@)Loc1637   chr20_35545566_TCAA_T_b38   8.732e-02 1.643e-03    1.643e-03      1.435e-04
ENSG00000224497:1(@)Loc1637   chr20_35564866_C_T_b38   7.534e-03 2.579e-02    2.580e-02      1.944e-04
ENSG00000244005:2(@)Loc1637   chr20_35702115_C_T_b38   1.063e-02 1.479e-02    1.479e-02      1.572e-04
ENSG00000125510:1(@)Loc1654   chr20_64074752_A_G_b38   1.186e-01 2.145e-03    2.145e-03      2.544e-04
ENSG00000125510:1(@)Loc1654   chr20_64080700_T_C_b38   7.955e-01 1.450e-03    1.450e-03      1.154e-03
ENSG00000171700:1(@)Loc1654   chr20_64077921_G_A_b38   2.562e-01 1.627e-03    1.627e-03      4.168e-04
ENSG00000171700:1(@)Loc1654   chr20_64080106_C_T_b38   6.936e-01 6.105e-04    6.105e-04      4.235e-04
ENSG00000156304:1(@)Loc1667   chr21_31715550_A_G_b38   3.437e-03 4.053e-02    4.053e-02      1.393e-04
ENSG00000160285:1(@)Loc1678   chr21_46203934_T_G_b38   2.631e-01 7.173e-04    7.173e-04      1.887e-04
ENSG00000215424:3(@)Loc1678   chr21_46229830_A_AG_b38   2.440e-01 7.072e-04    7.072e-04      1.725e-04
ENSG00000239415:2(@)Loc1678   chr21_46236382_A_AC_b38   1.496e-01 7.072e-04    7.072e-04      1.058e-04
ENSG00000239415:2(@)Loc1678   chr21_46256266_A_G_b38   2.080e-01 6.378e-04    6.378e-04      1.326e-04
ENSG00000239415:2(@)Loc1678   chr21_46258313_G_A_b38   1.304e-01 8.308e-04    8.309e-04      1.084e-04
ENSG00000160294:2(@)Loc1678   chr21_46271035_G_A_b38   3.127e-01 1.313e-03    1.313e-03      4.108e-04
ENSG00000160294:2(@)Loc1678   chr21_46271400_C_T_b38   3.127e-01 7.612e-04    7.612e-04      2.381e-04
ENSG00000182362:2(@)Loc1678   chr21_46326968_A_G_b38   4.623e-01 1.279e-03    1.279e-03      5.915e-04
ENSG00000182362:2(@)Loc1678   chr21_46333581_G_A_b38   5.377e-01 7.371e-04    7.371e-04      3.963e-04
ENSG00000100281:1(@)Loc1692   chr22_35248750_G_C_b38   6.126e-02 2.646e-03    2.646e-03      1.621e-04
ENSG00000100281:1(@)Loc1692   chr22_35256248_C_T_b38   9.095e-02 2.271e-03    2.271e-03      2.065e-04
ENSG00000100281:1(@)Loc1692   chr22_35256702_C_T_b38   1.572e-01 2.441e-03    2.441e-03      3.838e-04
ENSG00000100281:1(@)Loc1692   chr22_35257480_C_T_b38   5.489e-01 3.242e-03    3.242e-03      1.780e-03
ENSG00000100284:1(@)Loc1692   chr22_35298302_A_G_b38   3.489e-02 3.522e-03    3.522e-03      1.229e-04
ENSG00000100284:1(@)Loc1692   chr22_35298900_C_A_b38   8.988e-02 3.366e-03    3.366e-03      3.026e-04
ENSG00000100284:1(@)Loc1692   chr22_35299680_GC_G_b38   8.988e-02 4.168e-03    4.168e-03      3.746e-04
ENSG00000100284:1(@)Loc1692   chr22_35299809_G_A_b38   3.049e-02 4.637e-03    4.637e-03      1.414e-04
ENSG00000100284:1(@)Loc1692   chr22_35300084_G_C_b38   8.559e-02 2.307e-03    2.307e-03      1.975e-04
ENSG00000100284:1(@)Loc1692   chr22_35307135_T_C_b38   3.792e-03 3.823e-02    3.823e-02      1.450e-04
ENSG00000100299:1(@)Loc1702   chr22_50625049_T_C_b38   9.999e-01 2.623e-04    2.623e-04      2.623e-04
