Signal	SNP	PIP_qtl	PIP_gwas_marginal	PIP_gwas_qtl_prior	SCP
ENSG00000162585:2(@)Loc2   chr1_2189679_C_T_b38   1.000e+00 3.918e-04    3.918e-04      3.918e-04
ENSG00000182873:1(@)Loc2   chr1_2189679_C_T_b38   9.999e-01 3.918e-04    3.918e-04      3.918e-04
ENSG00000132881:1(@)Loc11   chr1_16237140_A_G_b38   9.014e-01 1.147e-04    1.147e-04      1.034e-04
ENSG00000159363:1(@)Loc12   chr1_17011965_G_A_b38   8.121e-01 1.810e-04    1.810e-04      1.470e-04
ENSG00000188672:2(@)Loc18   chr1_25442446_A_G_b38   2.703e-03 4.469e-01    4.469e-01      1.208e-03
ENSG00000188672:1(@)Loc18   chr1_25427147_C_T_b38   2.450e-02 1.378e-02    1.378e-02      3.378e-04
ENSG00000188672:1(@)Loc18   chr1_25434429_C_T_b38   6.994e-03 2.652e-01    2.652e-01      1.855e-03
ENSG00000188672:1(@)Loc18   chr1_25434800_T_C_b38   9.658e-03 2.326e-01    2.326e-01      2.246e-03
ENSG00000204178:1(@)Loc18   chr1_25432164_G_A_b38   1.309e-01 3.203e-02    3.203e-02      4.195e-03
ENSG00000204178:1(@)Loc18   chr1_25434429_C_T_b38   1.339e-03 2.652e-01    2.652e-01      3.551e-04
ENSG00000227533:1(@)Loc26   chr1_42959141_C_G_b38   8.611e-01 2.020e-04    2.020e-04      1.739e-04
ENSG00000162607:1(@)Loc39   chr1_62436136_C_A_b38   3.027e-01 3.388e-03    3.389e-03      1.026e-03
ENSG00000162607:1(@)Loc39   chr1_62441057_C_T_b38   2.748e-02 5.726e-03    5.727e-03      1.574e-04
ENSG00000162607:1(@)Loc39   chr1_62442564_T_C_b38   1.929e-02 1.190e-02    1.190e-02      2.295e-04
ENSG00000116641:1(@)Loc39   chr1_62668259_G_A_b38   1.516e-02 2.929e-02    2.929e-02      4.442e-04
ENSG00000116641:1(@)Loc39   chr1_62679768_G_A_b38   5.778e-03 2.400e-02    2.400e-02      1.387e-04
ENSG00000116641:1(@)Loc39   chr1_62690372_A_G_b38   5.725e-02 1.079e-02    1.079e-02      6.179e-04
ENSG00000116641:1(@)Loc39   chr1_62690427_T_C_b38   1.240e-01 1.985e-03    1.985e-03      2.461e-04
ENSG00000235545:1(@)Loc39   chr1_62628536_A_G_b38   3.711e-03 1.193e-01    1.193e-01      4.427e-04
ENSG00000235545:1(@)Loc39   chr1_62629021_A_G_b38   3.711e-03 1.080e-01    1.080e-01      4.009e-04
ENSG00000235545:1(@)Loc39   chr1_62632564_G_A_b38   3.711e-03 7.243e-02    7.243e-02      2.688e-04
ENSG00000235545:1(@)Loc39   chr1_62637546_A_G_b38   3.092e-03 7.469e-02    7.469e-02      2.309e-04
ENSG00000235545:1(@)Loc39   chr1_62668259_G_A_b38   1.449e-02 2.929e-02    2.929e-02      4.243e-04
ENSG00000235545:1(@)Loc39   chr1_62674059_C_T_b38   7.259e-03 1.905e-02    1.905e-02      1.383e-04
ENSG00000235545:1(@)Loc39   chr1_62679768_G_A_b38   4.692e-02 2.400e-02    2.400e-02      1.126e-03
ENSG00000235545:1(@)Loc39   chr1_62690372_A_G_b38   1.640e-02 1.079e-02    1.079e-02      1.771e-04
ENSG00000036549:1(@)Loc48   chr1_77683091_CGCCGTCGCA_C_b38   9.325e-01 1.565e-04    1.566e-04      1.460e-04
ENSG00000122484:1(@)Loc56   chr1_92249650_C_T_b38   1.983e-02 5.023e-02    5.023e-02      9.961e-04
ENSG00000122484:1(@)Loc56   chr1_92326255_G_T_b38   1.795e-02 1.529e-02    1.529e-02      2.745e-04
ENSG00000122484:1(@)Loc56   chr1_92332474_G_T_b38   1.795e-02 7.249e-03    7.250e-03      1.302e-04
ENSG00000198890:2(@)Loc66   chr1_107075085_G_A_b38   3.204e-03 3.680e-02    3.680e-02      1.179e-04
ENSG00000198890:1(@)Loc66   chr1_107056380_A_C_b38   1.626e-01 1.001e-03    1.001e-03      1.628e-04
ENSG00000198890:1(@)Loc66   chr1_107056636_A_T_b38   4.020e-01 9.177e-04    9.178e-04      3.689e-04
ENSG00000134222:1(@)Loc67   chr1_109274968_G_T_b38   9.954e-03 4.071e-01    4.071e-01      4.053e-03
ENSG00000134222:1(@)Loc67   chr1_109275908_C_T_b38   2.937e-02 5.928e-01    5.928e-01      1.741e-02
ENSG00000263956:1(@)Loc73   chr1_148158957_A_G_b38   9.899e-01 1.296e-04    1.296e-04      1.283e-04
ENSG00000143412:2(@)Loc74   chr1_150986360_A_G_b38   5.065e-03 9.701e-01    9.701e-01      4.914e-03
ENSG00000143553:1(@)Loc76   chr1_153658595_G_A_b38   4.466e-01 2.757e-04    2.757e-04      1.231e-04
ENSG00000169241:1(@)Loc77   chr1_155157915_G_A_b38   6.594e-03 2.587e-02    2.588e-02      1.706e-04
ENSG00000169242:1(@)Loc77   chr1_155133578_A_G_b38   2.296e-01 1.189e-03    1.189e-03      2.730e-04
ENSG00000169242:1(@)Loc77   chr1_155133751_A_T_b38   7.673e-01 1.173e-03    1.173e-03      9.000e-04
ENSG00000163462:1(@)Loc77   chr1_155151361_G_C_b38   1.055e-01 1.856e-03    1.857e-03      1.958e-04
ENSG00000163462:1(@)Loc77   chr1_155208991_T_A_b38   4.333e-01 2.331e-04    2.332e-04      1.010e-04
ENSG00000236263:1(@)Loc77   chr1_155157915_G_A_b38   1.144e-02 2.587e-02    2.588e-02      2.961e-04
ENSG00000169231:1(@)Loc77   chr1_155208991_T_A_b38   7.822e-01 2.331e-04    2.332e-04      1.824e-04
ENSG00000185499:1(@)Loc77   chr1_155208991_T_A_b38   6.910e-01 2.331e-04    2.332e-04      1.611e-04
ENSG00000242252:2(@)Loc77   chr1_156243466_G_A_b38   3.129e-01 4.409e-04    4.410e-04      1.380e-04
ENSG00000283317:3(@)Loc80   chr1_161434464_G_A_b38   6.709e-02 1.527e-03    1.527e-03      1.024e-04
ENSG00000283317:3(@)Loc80   chr1_161440668_A_G_b38   2.408e-01 3.851e-02    3.851e-02      9.272e-03
ENSG00000143226:1(@)Loc80   chr1_161505171_G_T_b38   1.720e-01 2.359e-03    2.359e-03      4.057e-04
ENSG00000143226:1(@)Loc80   chr1_161505960_G_A_b38   6.322e-02 2.890e-03    2.890e-03      1.827e-04
ENSG00000143226:1(@)Loc80   chr1_161506414_C_T_b38   6.322e-02 2.359e-03    2.359e-03      1.491e-04
ENSG00000143226:1(@)Loc80   chr1_161506743_T_C_b38   3.581e-02 3.348e-03    3.349e-03      1.199e-04
ENSG00000143226:1(@)Loc80   chr1_161507159_C_G_b38   3.189e-02 3.275e-03    3.275e-03      1.045e-04
ENSG00000143226:1(@)Loc80   chr1_161507276_G_A_b38   3.189e-02 3.172e-03    3.173e-03      1.012e-04
ENSG00000143226:1(@)Loc80   chr1_161517662_T_C_b38   4.788e-02 3.109e-03    3.109e-03      1.489e-04
ENSG00000143226:1(@)Loc80   chr1_161522877_G_C_b38   3.154e-02 5.622e-03    5.622e-03      1.773e-04
ENSG00000143226:1(@)Loc80   chr1_161559200_A_G_b38   5.696e-03 7.139e-02    7.140e-02      4.067e-04
ENSG00000173110:1(@)Loc80   chr1_161524532_A_C_b38   4.704e-02 3.260e-03    3.261e-03      1.534e-04
ENSG00000244682:1(@)Loc80   chr1_161595591_A_G_b38   9.997e-01 2.952e-04    2.952e-04      2.951e-04
ENSG00000225217:1(@)Loc80   chr1_161595591_A_G_b38   9.990e-01 2.952e-04    2.952e-04      2.949e-04
ENSG00000162746:1(@)Loc80   chr1_161711078_T_C_b38   2.168e-01 5.111e-04    5.112e-04      1.108e-04
ENSG00000162746:1(@)Loc80   chr1_161713346_G_A_b38   3.733e-01 3.394e-04    3.394e-04      1.267e-04
ENSG00000261060:1(@)Loc90   chr1_179582809_C_T_b38   4.607e-01 3.209e-03    3.209e-03      1.478e-03
ENSG00000261060:1(@)Loc90   chr1_179584291_T_C_b38   2.895e-01 3.666e-04    3.667e-04      1.061e-04
ENSG00000057252:2(@)Loc90   chr1_179709053_C_T_b38   2.246e-01 7.974e-03    7.975e-03      1.791e-03
ENSG00000084674:1(@)Loc145   chr2_21041028_G_A_b38   1.623e-01 9.999e-01    9.999e-01      1.623e-01
ENSG00000152689:2(@)Loc153   chr2_33477419_C_G_b38   9.986e-01 3.000e-04    3.000e-04      2.996e-04
ENSG00000226622:1(@)Loc173   chr2_62656918_A_G_b38   3.276e-03 7.957e-02    7.958e-02      2.607e-04
ENSG00000115504:1(@)Loc173   chr2_62656918_A_G_b38   1.093e-02 7.957e-02    7.958e-02      8.698e-04
ENSG00000163586:1(@)Loc187   chr2_88136482_G_A_b38   3.834e-01 4.412e-04    4.413e-04      1.692e-04
ENSG00000169756:2(@)Loc197   chr2_108534035_G_A_b38   6.363e-02 3.287e-03    3.287e-03      2.092e-04
ENSG00000125629:2(@)Loc201   chr2_118058382_A_G_b38   1.298e-03 2.185e-01    2.185e-01      2.835e-04
ENSG00000125629:2(@)Loc201   chr2_118078265_G_A_b38   2.694e-03 5.685e-01    5.685e-01      1.531e-03
ENSG00000155749:1(@)Loc251   chr2_201320409_A_G_b38   9.992e-01 1.019e-04    1.019e-04      1.018e-04
ENSG00000163596:1(@)Loc252   chr2_202869642_A_T_b38   2.665e-02 1.009e-02    1.009e-02      2.689e-04
ENSG00000144426:1(@)Loc252   chr2_203016111_G_A_b38   5.231e-02 3.880e-03    3.881e-03      2.030e-04
ENSG00000115414:2(@)Loc259   chr2_215435759_T_A_b38   6.373e-03 2.100e-02    2.100e-02      1.338e-04
ENSG00000115414:2(@)Loc259   chr2_215439661_T_C_b38   7.009e-04 6.684e-01    6.684e-01      4.685e-04
ENSG00000164088:3(@)Loc312   chr3_52245578_G_A_b38   1.989e-01 1.184e-03    1.184e-03      2.354e-04
ENSG00000239557:1(@)Loc312   chr3_52373025_C_T_b38   1.834e-01 1.047e-03    1.047e-03      1.921e-04
ENSG00000114902:1(@)Loc312   chr3_52706166_C_G_b38   6.196e-02 2.306e-03    2.306e-03      1.429e-04
ENSG00000114902:1(@)Loc312   chr3_52707144_G_A_b38   5.295e-02 2.055e-03    2.055e-03      1.088e-04
ENSG00000114904:1(@)Loc312   chr3_52771077_A_G_b38   4.963e-01 1.336e-03    1.336e-03      6.633e-04
ENSG00000055955:1(@)Loc312   chr3_52840272_T_C_b38   8.178e-01 1.387e-04    1.388e-04      1.135e-04
ENSG00000163684:2(@)Loc316   chr3_58308140_G_A_b38   2.813e-03 1.853e-01    1.853e-01      5.213e-04
ENSG00000168297:2(@)Loc316   chr3_58308140_G_A_b38   1.117e-03 1.853e-01    1.853e-01      2.070e-04
ENSG00000272182:1(@)Loc316   chr3_58395560_G_A_b38   9.092e-04 2.640e-01    2.640e-01      2.401e-04
ENSG00000281392:1(@)Loc333   chr3_87089281_G_A_b38   7.089e-01 4.227e-04    4.227e-04      2.997e-04
ENSG00000196981:2(@)Loc352   chr3_122416042_T_A_b38   9.088e-01 1.627e-02    1.627e-02      1.478e-02
ENSG00000196981:2(@)Loc352   chr3_122432045_A_G_b38   2.476e-02 4.276e-03    4.276e-03      1.059e-04
ENSG00000196981:2(@)Loc352   chr3_122440051_G_C_b38   2.476e-02 1.255e-02    1.255e-02      3.107e-04
ENSG00000272758:4(@)Loc352   chr3_122416042_T_A_b38   1.492e-02 1.627e-02    1.627e-02      2.428e-04
ENSG00000114030:1(@)Loc352   chr3_122492875_G_A_b38   2.133e-02 4.870e-03    4.870e-03      1.039e-04
ENSG00000114030:1(@)Loc352   chr3_122509405_T_C_b38   3.694e-02 8.545e-03    8.545e-03      3.157e-04
ENSG00000114030:1(@)Loc352   chr3_122515768_C_G_b38   2.186e-01 5.392e-03    5.392e-03      1.179e-03
ENSG00000114030:1(@)Loc352   chr3_122519606_T_C_b38   6.851e-02 4.217e-03    4.217e-03      2.889e-04
ENSG00000138496:1(@)Loc352   chr3_122564248_G_A_b38   6.061e-01 3.613e-04    3.614e-04      2.190e-04
ENSG00000113810:1(@)Loc375   chr3_160421908_G_A_b38   6.589e-01 2.104e-04    2.105e-04      1.387e-04
ENSG00000109758:1(@)Loc402   chr4_3445429_C_T_b38   1.697e-01 1.093e-03    1.093e-03      1.854e-04
ENSG00000109758:2(@)Loc402   chr4_3442776_G_A_b38   9.980e-01 1.613e-04    1.614e-04      1.610e-04
ENSG00000169435:1(@)Loc448   chr4_73620268_T_C_b38   4.013e-01 3.407e-04    3.407e-04      1.367e-04
ENSG00000138823:1(@)Loc464   chr4_99563386_G_A_b38   3.415e-03 4.825e-02    4.825e-02      1.648e-04
ENSG00000138823:1(@)Loc464   chr4_99564087_G_C_b38   3.501e-01 3.704e-04    3.705e-04      1.297e-04
ENSG00000145331:3(@)Loc464   chr4_99563386_G_A_b38   2.944e-03 4.825e-02    4.825e-02      1.421e-04
ENSG00000152684:1(@)Loc550   chr5_52754260_A_G_b38   8.459e-02 1.536e-03    1.536e-03      1.300e-04
ENSG00000152684:1(@)Loc550   chr5_52754593_G_A_b38   4.535e-02 1.949e-02    1.949e-02      8.839e-04
ENSG00000213949:1(@)Loc551   chr5_52897294_A_G_b38   9.976e-01 1.010e-02    1.010e-02      1.008e-02
ENSG00000164300:1(@)Loc567   chr5_80160264_T_C_b38   8.879e-01 1.240e-04    1.240e-04      1.101e-04
ENSG00000113658:1(@)Loc601   chr5_136094979_G_A_b38   8.266e-01 1.217e-04    1.217e-04      1.006e-04
ENSG00000113068:1(@)Loc603   chr5_140302312_G_A_b38   6.354e-01 1.549e-03    1.549e-03      9.844e-04
ENSG00000113716:1(@)Loc608   chr5_150003678_A_T_b38   3.642e-01 4.901e-04    4.901e-04      1.785e-04
ENSG00000145850:1(@)Loc612   chr5_156960126_G_C_b38   3.201e-03 1.655e-01    1.655e-01      5.297e-04
ENSG00000145850:1(@)Loc612   chr5_156963286_T_C_b38   1.688e-01 8.308e-01    8.308e-01      1.402e-01
ENSG00000113272:1(@)Loc613   chr5_157731406_C_A_b38   4.175e-01 1.387e-03    1.387e-03      5.792e-04
ENSG00000246334:1(@)Loc626   chr5_177447940_A_C_b38   5.469e-01 2.168e-04    2.168e-04      1.186e-04
ENSG00000007944:1(@)Loc643   chr6_16108932_A_C_b38   1.004e-02 2.038e-01    2.038e-01      2.046e-03
ENSG00000204618:2(@)Loc654   chr6_30097542_G_A_b38   4.501e-02 3.279e-03    3.279e-03      1.476e-04
ENSG00000199332:5(@)Loc655   chr6_31386727_C_T_b38   2.460e-03 1.892e-01    1.892e-01      4.656e-04
ENSG00000199332:5(@)Loc655   chr6_31386783_C_T_b38   1.277e-03 2.057e-01    2.057e-01      2.626e-04
ENSG00000199332:5(@)Loc655   chr6_31393708_T_C_b38   6.385e-03 4.998e-01    4.998e-01      3.191e-03
ENSG00000272221:1(@)Loc655   chr6_31393708_T_C_b38   5.851e-03 4.998e-01    4.998e-01      2.924e-03
ENSG00000204287:2(@)Loc656   chr6_32444658_G_A_b38   1.189e-03 9.814e-02    9.815e-02      1.167e-04
ENSG00000241106:4(@)Loc657   chr6_32821703_A_G_b38   8.594e-04 2.346e-01    2.347e-01      2.017e-04
ENSG00000241106:2(@)Loc657   chr6_32819279_C_T_b38   1.464e-01 2.678e-03    2.678e-03      3.921e-04
ENSG00000196821:1(@)Loc658   chr6_34624313_A_G_b38   5.483e-01 3.240e-03    3.240e-03      1.777e-03
ENSG00000196821:1(@)Loc658   chr6_34648545_G_C_b38   2.953e-01 9.134e-04    9.135e-04      2.697e-04
ENSG00000196821:1(@)Loc658   chr6_34654784_AG_A_b38   9.665e-02 1.460e-03    1.460e-03      1.411e-04
ENSG00000272288:1(@)Loc658   chr6_34695821_C_T_b38   1.461e-02 2.711e-02    2.711e-02      3.961e-04
ENSG00000161912:2(@)Loc662   chr6_41137356_T_G_b38   8.604e-01 1.843e-04    1.844e-04      1.586e-04
ENSG00000112640:1(@)Loc663   chr6_42964977_C_T_b38   1.374e-02 7.483e-02    7.483e-02      1.028e-03
ENSG00000124587:1(@)Loc663   chr6_42975041_A_G_b38   8.965e-01 5.783e-04    5.784e-04      5.185e-04
ENSG00000124587:2(@)Loc663   chr6_42977112_C_T_b38   8.206e-01 5.790e-04    5.790e-04      4.752e-04
ENSG00000225791:2(@)Loc669   chr6_52577484_G_C_b38   4.117e-01 3.607e-04    3.607e-04      1.485e-04
ENSG00000216775:2(@)Loc669   chr6_52662124_AG_A_b38   1.547e-01 3.764e-03    3.764e-03      5.822e-04
ENSG00000216775:2(@)Loc669   chr6_52663320_G_A_b38   4.532e-01 2.285e-03    2.285e-03      1.036e-03
ENSG00000216775:2(@)Loc669   chr6_52669295_A_G_b38   1.537e-01 1.649e-03    1.649e-03      2.534e-04
ENSG00000216775:2(@)Loc669   chr6_52669847_C_T_b38   1.537e-01 2.222e-03    2.222e-03      3.416e-04
ENSG00000236740:2(@)Loc670   chr6_53938090_C_A_b38   9.473e-01 1.106e-04    1.106e-04      1.047e-04
ENSG00000260273:1(@)Loc703   chr6_109383239_T_C_b38   2.605e-01 5.889e-04    5.889e-04      1.534e-04
ENSG00000260273:1(@)Loc703   chr6_109383248_A_C_b38   2.605e-01 5.889e-04    5.889e-04      1.534e-04
ENSG00000155085:1(@)Loc703   chr6_109634847_C_T_b38   9.999e-01 1.164e-03    1.164e-03      1.164e-03
ENSG00000178425:1(@)Loc707   chr6_116016340_G_A_b38   1.710e-02 3.200e-01    3.200e-01      5.471e-03
ENSG00000178425:1(@)Loc707   chr6_116031587_C_T_b38   9.981e-03 3.418e-01    3.418e-01      3.411e-03
ENSG00000178425:1(@)Loc707   chr6_116033428_C_T_b38   9.981e-03 3.070e-01    3.070e-01      3.064e-03
ENSG00000178425:1(@)Loc707   chr6_116061554_T_TACTA_b38   9.959e-02 1.076e-03    1.076e-03      1.071e-04
ENSG00000178425:1(@)Loc707   chr6_116070096_A_G_b38   1.031e-01 1.086e-03    1.086e-03      1.120e-04
ENSG00000178425:1(@)Loc707   chr6_116074071_T_TCA_b38   1.031e-01 1.086e-03    1.086e-03      1.120e-04
ENSG00000111816:1(@)Loc707   chr6_116060831_T_C_b38   6.263e-01 3.588e-04    3.588e-04      2.247e-04
ENSG00000111816:1(@)Loc707   chr6_116061554_T_TACTA_b38   1.416e-01 1.076e-03    1.076e-03      1.523e-04
ENSG00000146386:4(@)Loc722   chr6_139029769_A_G_b38   9.617e-01 5.253e-04    5.254e-04      5.053e-04
ENSG00000120262:1(@)Loc728   chr6_151578912_T_A_b38   8.158e-02 1.899e-03    1.899e-03      1.549e-04
ENSG00000120262:1(@)Loc728   chr6_151586613_C_T_b38   8.235e-02 1.648e-03    1.648e-03      1.357e-04
ENSG00000164850:1(@)Loc744   chr7_1077800_T_C_b38   1.953e-01 1.131e-03    1.131e-03      2.208e-04
ENSG00000164850:1(@)Loc744   chr7_1086257_A_G_b38   6.028e-02 1.912e-03    1.912e-03      1.153e-04
ENSG00000224079:2(@)Loc744   chr7_1073660_T_C_b38   6.047e-01 2.152e-04    2.153e-04      1.302e-04
ENSG00000178381:2(@)Loc744   chr7_1158100_C_T_b38   3.500e-01 4.789e-04    4.789e-04      1.676e-04
ENSG00000178381:2(@)Loc744   chr7_1161882_C_T_b38   1.783e-01 7.245e-04    7.246e-04      1.292e-04
ENSG00000105928:2(@)Loc763   chr7_24758145_T_C_b38   1.688e-01 5.316e-03    5.317e-03      8.976e-04
ENSG00000281103:2(@)Loc770   chr7_38352734_C_A_b38   4.406e-01 2.662e-04    2.663e-04      1.173e-04
ENSG00000281103:2(@)Loc770   chr7_38358963_A_G_b38   2.920e-01 3.465e-04    3.465e-04      1.012e-04
ENSG00000015520:1(@)Loc774   chr7_44542387_T_C_b38   1.619e-03 1.236e-01    1.236e-01      2.001e-04
ENSG00000015520:1(@)Loc774   chr7_44542732_A_G_b38   1.217e-03 8.526e-01    8.526e-01      1.038e-03
ENSG00000136271:1(@)Loc774   chr7_44561096_G_A_b38   1.527e-02 1.719e-02    1.719e-02      2.626e-04
ENSG00000158604:1(@)Loc774   chr7_44561096_G_A_b38   2.625e-02 1.719e-02    1.719e-02      4.512e-04
ENSG00000189077:2(@)Loc790   chr7_76000865_C_T_b38   5.110e-02 6.169e-03    6.170e-03      3.153e-04
ENSG00000127948:1(@)Loc790   chr7_75985459_G_A_b38   9.991e-01 1.109e-04    1.109e-04      1.108e-04
ENSG00000157259:1(@)Loc798   chr7_92447889_G_A_b38   8.672e-01 1.482e-04    1.482e-04      1.285e-04
ENSG00000244055:1(@)Loc798   chr7_92459543_C_T_b38   3.268e-01 1.146e-03    1.146e-03      3.745e-04
ENSG00000205356:2(@)Loc802   chr7_98217123_G_A_b38   9.860e-01 2.180e-04    2.180e-04      2.150e-04
ENSG00000272950:1(@)Loc802   chr7_98286323_T_G_b38   2.272e-01 3.619e-03    3.619e-03      8.223e-04
ENSG00000272950:1(@)Loc802   chr7_98286325_A_G_b38   2.272e-01 3.619e-03    3.619e-03      8.223e-04
ENSG00000272950:1(@)Loc802   chr7_98291311_A_G_b38   2.715e-01 2.999e-03    2.999e-03      8.141e-04
ENSG00000272950:1(@)Loc802   chr7_98320502_C_T_b38   5.955e-02 4.212e-03    4.212e-03      2.508e-04
ENSG00000272950:1(@)Loc802   chr7_98322009_C_T_b38   1.821e-01 4.854e-03    4.854e-03      8.840e-04
ENSG00000172354:1(@)Loc804   chr7_100673366_C_A_b38   6.661e-01 2.814e-04    2.814e-04      1.875e-04
ENSG00000233609:1(@)Loc852   chr8_8961676_T_A_b38   4.742e-01 2.636e-03    2.636e-03      1.250e-03
ENSG00000156006:1(@)Loc861   chr8_18391151_A_G_b38   8.153e-02 8.922e-03    8.922e-03      7.274e-04
ENSG00000156006:1(@)Loc861   chr8_18398199_A_G_b38   1.872e-02 3.897e-01    3.897e-01      7.296e-03
ENSG00000158856:1(@)Loc864   chr8_22049068_AGGGGCC_A_b38   9.998e-01 2.020e-04    2.021e-04      2.020e-04
ENSG00000167910:1(@)Loc886   chr8_58473360_C_T_b38   8.555e-02 3.243e-01    3.243e-01      2.775e-02
ENSG00000164695:2(@)Loc899   chr8_81732207_G_A_b38   9.999e-01 1.417e-04    1.417e-04      1.417e-04
ENSG00000156795:1(@)Loc921   chr8_123417155_A_G_b38   7.343e-01 1.513e-04    1.513e-04      1.111e-04
ENSG00000137154:2(@)Loc950   chr9_19379369_G_A_b38   2.238e-01 1.170e-03    1.170e-03      2.619e-04
ENSG00000137154:2(@)Loc950   chr9_19381026_A_G_b38   2.022e-01 7.041e-04    7.041e-04      1.424e-04
ENSG00000137154:2(@)Loc950   chr9_19381159_C_T_b38   2.022e-01 7.041e-04    7.041e-04      1.424e-04
ENSG00000272842:1(@)Loc950   chr9_19375840_TGGTATCCACTAAAACTA_T_b38   3.473e-01 6.737e-04    6.738e-04      2.340e-04
ENSG00000273226:1(@)Loc950   chr9_19375840_TGGTATCCACTAAAACTA_T_b38   5.296e-01 6.737e-04    6.738e-04      3.569e-04
ENSG00000273226:1(@)Loc950   chr9_19376260_G_C_b38   4.703e-01 7.041e-04    7.041e-04      3.311e-04
ENSG00000119514:2(@)Loc985   chr9_98836929_AT_A_b38   6.469e-01 6.466e-04    6.467e-04      4.184e-04
ENSG00000260230:1(@)Loc990   chr9_109167344_C_G_b38   9.979e-01 1.107e-04    1.107e-04      1.105e-04
ENSG00000198917:2(@)Loc1001   chr9_128829615_G_C_b38   7.210e-01 1.356e-03    1.356e-03      9.780e-04
ENSG00000198917:2(@)Loc1001   chr9_128892268_C_T_b38   8.717e-02 5.087e-03    5.088e-03      4.435e-04
ENSG00000198917:2(@)Loc1001   chr9_128897445_T_C_b38   8.717e-02 5.087e-03    5.088e-03      4.435e-04
ENSG00000136816:4(@)Loc1002   chr9_129804387_G_A_b38   9.852e-01 1.386e-04    1.386e-04      1.365e-04
ENSG00000175164:5(@)Loc1005   chr9_133278724_C_T_b38   2.929e-02 9.979e-01    9.979e-01      2.923e-02
ENSG00000057608:1(@)Loc1015   chr10_5813440_G_C_b38   9.869e-01 2.870e-03    2.870e-03      2.833e-03
ENSG00000026025:2(@)Loc1023   chr10_17218291_A_G_b38   1.085e-02 4.054e-01    4.054e-01      4.400e-03
ENSG00000230555:1(@)Loc1038   chr10_43378545_G_GA_b38   9.914e-01 1.945e-04    1.945e-04      1.928e-04
ENSG00000156521:1(@)Loc1055   chr10_70146254_C_G_b38   2.802e-01 3.741e-04    3.742e-04      1.048e-04
ENSG00000119927:1(@)Loc1079   chr10_112174128_A_G_b38   1.342e-03 2.329e-01    2.329e-01      3.125e-04
ENSG00000119927:1(@)Loc1079   chr10_112180571_T_C_b38   1.850e-03 8.769e-02    8.769e-02      1.623e-04
ENSG00000119927:1(@)Loc1079   chr10_112184513_A_G_b38   2.864e-03 3.940e-01    3.940e-01      1.128e-03
ENSG00000203805:1(@)Loc1083   chr10_120456972_T_G_b38   4.608e-01 8.327e-04    8.328e-04      3.838e-04
ENSG00000138161:1(@)Loc1086   chr10_122850511_G_A_b38   7.011e-02 1.514e-03    1.514e-03      1.062e-04
ENSG00000119965:1(@)Loc1086   chr10_122918013_A_T_b38   3.867e-02 3.338e-03    3.338e-03      1.291e-04
ENSG00000119965:1(@)Loc1086   chr10_122933070_A_G_b38   2.358e-01 7.864e-02    7.865e-02      1.855e-02
ENSG00000119965:1(@)Loc1086   chr10_122934071_G_T_b38   7.209e-02 2.031e-03    2.032e-03      1.465e-04
ENSG00000119965:1(@)Loc1086   chr10_122945179_C_T_b38   1.669e-01 1.623e-03    1.623e-03      2.708e-04
ENSG00000179988:1(@)Loc1086   chr10_122961368_T_C_b38   1.337e-01 3.069e-03    3.070e-03      4.104e-04
ENSG00000119965:2(@)Loc1086   chr10_122953445_A_G_b38   1.909e-01 1.640e-03    1.640e-03      3.131e-04
ENSG00000108010:2(@)Loc1091   chr10_130136630_C_T_b38   9.477e-01 1.647e-04    1.647e-04      1.561e-04
ENSG00000132274:2(@)Loc1098   chr11_5689947_A_G_b38   4.719e-01 3.356e-03    3.356e-03      1.584e-03
ENSG00000132274:1(@)Loc1098   chr11_5689666_A_C_b38   8.519e-01 1.231e-04    1.231e-04      1.049e-04
ENSG00000132274:1(@)Loc1098   chr11_5691030_G_A_b38   1.478e-01 9.170e-04    9.171e-04      1.356e-04
ENSG00000179119:2(@)Loc1107   chr11_18611437_T_C_b38   6.681e-03 7.889e-02    7.889e-02      5.271e-04
ENSG00000179119:2(@)Loc1107   chr11_18634724_C_T_b38   2.910e-01 9.211e-01    9.211e-01      2.680e-01
ENSG00000049449:1(@)Loc1115   chr11_32091022_A_C_b38   9.998e-01 1.068e-04    1.068e-04      1.068e-04
ENSG00000110492:1(@)Loc1122   chr11_46381302_A_G_b38   9.440e-01 1.394e-04    1.394e-04      1.316e-04
ENSG00000175220:1(@)Loc1122   chr11_46700671_T_C_b38   7.218e-01 3.511e-04    3.511e-04      2.534e-04
ENSG00000165912:1(@)Loc1123   chr11_47204445_T_C_b38   6.440e-02 2.513e-03    2.513e-03      1.618e-04
ENSG00000134824:2(@)Loc1128   chr11_61830500_A_G_b38   9.516e-04 2.963e-01    2.963e-01      2.819e-04
ENSG00000134824:2(@)Loc1128   chr11_61837342_C_A_b38   4.118e-03 2.241e-01    2.241e-01      9.230e-04
ENSG00000149485:1(@)Loc1128   chr11_61830500_A_G_b38   2.412e-03 2.963e-01    2.963e-01      7.147e-04
ENSG00000197136:1(@)Loc1130   chr11_65613445_G_A_b38   6.526e-02 1.621e-03    1.621e-03      1.058e-04
ENSG00000197136:1(@)Loc1130   chr11_65623014_A_C_b38   2.521e-01 1.238e-03    1.238e-03      3.121e-04
ENSG00000173327:1(@)Loc1130   chr11_65613445_G_A_b38   9.996e-01 1.621e-03    1.621e-03      1.620e-03
ENSG00000174576:1(@)Loc1131   chr11_66421290_G_T_b38   2.693e-01 9.574e-04    9.575e-04      2.579e-04
ENSG00000254986:1(@)Loc1131   chr11_66480373_G_A_b38   4.774e-01 1.113e-03    1.113e-03      5.313e-04
ENSG00000255517:3(@)Loc1131   chr11_66478465_C_T_b38   9.267e-02 1.113e-03    1.113e-03      1.031e-04
ENSG00000118369:1(@)Loc1137   chr11_78211914_C_T_b38   5.063e-02 2.316e-03    2.317e-03      1.173e-04
ENSG00000118369:1(@)Loc1137   chr11_78213498_G_A_b38   4.529e-02 5.978e-03    5.978e-03      2.707e-04
ENSG00000118369:1(@)Loc1137   chr11_78214268_CTGTT_C_b38   1.564e-01 2.721e-03    2.721e-03      4.255e-04
ENSG00000118369:1(@)Loc1137   chr11_78214662_C_G_b38   3.034e-02 4.851e-03    4.851e-03      1.472e-04
ENSG00000118369:1(@)Loc1137   chr11_78214834_CTCTACTGAA_C_b38   8.459e-02 1.419e-03    1.419e-03      1.200e-04
ENSG00000118369:1(@)Loc1137   chr11_78214883_GACTT_G_b38   3.264e-01 2.242e-03    2.242e-03      7.316e-04
ENSG00000118369:1(@)Loc1137   chr11_78215723_A_G_b38   4.800e-02 9.457e-03    9.458e-03      4.540e-04
ENSG00000118369:1(@)Loc1137   chr11_78217139_C_CATTA_b38   9.855e-02 1.124e-03    1.124e-03      1.108e-04
ENSG00000095139:2(@)Loc1165   chr11_118578655_A_G_b38   1.530e-02 2.227e-02    2.227e-02      3.406e-04
ENSG00000149582:1(@)Loc1165   chr11_118545538_C_T_b38   3.737e-03 6.732e-02    6.733e-02      2.516e-04
ENSG00000149582:1(@)Loc1165   chr11_118546930_A_ACTT_b38   6.419e-02 1.599e-03    1.599e-03      1.027e-04
ENSG00000149582:1(@)Loc1165   chr11_118554704_G_T_b38   8.696e-03 2.156e-02    2.156e-02      1.875e-04
ENSG00000243431:2(@)Loc1165   chr11_118550797_G_A_b38   5.494e-02 1.860e-03    1.860e-03      1.022e-04
ENSG00000243431:2(@)Loc1165   chr11_118552957_C_T_b38   5.494e-02 1.860e-03    1.860e-03      1.022e-04
ENSG00000243431:2(@)Loc1165   chr11_118565041_C_T_b38   1.659e-01 7.371e-04    7.371e-04      1.223e-04
ENSG00000243431:2(@)Loc1165   chr11_118578655_A_G_b38   5.238e-02 2.227e-02    2.227e-02      1.167e-03
ENSG00000118096:1(@)Loc1165   chr11_118559049_T_G_b38   7.937e-02 1.381e-03    1.381e-03      1.096e-04
ENSG00000118096:1(@)Loc1165   chr11_118559804_C_T_b38   7.937e-02 1.381e-03    1.381e-03      1.096e-04
ENSG00000118096:1(@)Loc1165   chr11_118573229_G_A_b38   2.704e-01 9.511e-04    9.512e-04      2.572e-04
ENSG00000118096:1(@)Loc1165   chr11_118579031_C_T_b38   1.438e-01 1.553e-03    1.553e-03      2.233e-04
ENSG00000019144:1(@)Loc1165   chr11_118615352_T_C_b38   1.112e-01 1.807e-02    1.807e-02      2.010e-03
ENSG00000110080:3(@)Loc1171   chr11_126348646_A_G_b38   1.265e-03 8.003e-02    8.004e-02      1.012e-04
ENSG00000110080:3(@)Loc1171   chr11_126358764_T_G_b38   3.799e-03 9.467e-02    9.468e-02      3.597e-04
ENSG00000280832:3(@)Loc1171   chr11_126348646_A_G_b38   2.832e-03 8.003e-02    8.004e-02      2.266e-04
ENSG00000280832:2(@)Loc1171   chr11_126374057_G_A_b38   4.980e-04 2.453e-01    2.453e-01      1.221e-04
ENSG00000110080:1(@)Loc1171   chr11_126363774_G_C_b38   2.399e-01 1.403e-03    1.403e-03      3.365e-04
ENSG00000139044:2(@)Loc1179   chr12_508142_C_T_b38   8.640e-01 2.125e-04    2.126e-04      1.837e-04
ENSG00000003056:1(@)Loc1187   chr12_8929985_A_G_b38   1.153e-01 4.654e-02    4.655e-02      5.366e-03
ENSG00000175548:1(@)Loc1202   chr12_38317017_C_T_b38   5.097e-01 5.646e-04    5.647e-04      2.878e-04
ENSG00000175548:1(@)Loc1202   chr12_38317486_C_T_b38   1.780e-01 7.030e-04    7.031e-04      1.251e-04
ENSG00000188906:3(@)Loc1203   chr12_40164859_A_G_b38   2.320e-01 3.397e-03    3.397e-03      7.882e-04
ENSG00000188906:3(@)Loc1203   chr12_40171359_A_C_b38   7.265e-02 1.402e-03    1.402e-03      1.019e-04
ENSG00000188906:3(@)Loc1203   chr12_40187529_A_T_b38   5.548e-02 3.769e-03    3.769e-03      2.091e-04
ENSG00000188906:3(@)Loc1203   chr12_40194128_T_C_b38   1.124e-01 1.334e-02    1.334e-02      1.500e-03
ENSG00000205352:1(@)Loc1211   chr12_53446172_C_G_b38   9.998e-01 2.507e-04    2.507e-04      2.507e-04
ENSG00000270028:1(@)Loc1253   chr12_123932791_T_C_b38   1.368e-01 9.092e-04    9.093e-04      1.244e-04
ENSG00000270028:1(@)Loc1253   chr12_123933925_C_G_b38   1.827e-01 1.307e-03    1.307e-03      2.388e-04
ENSG00000270028:1(@)Loc1253   chr12_123934515_A_C_b38   1.827e-01 1.262e-03    1.263e-03      2.306e-04
ENSG00000270028:1(@)Loc1253   chr12_123935181_C_T_b38   7.843e-02 1.912e-02    1.913e-02      1.500e-03
ENSG00000270028:1(@)Loc1253   chr12_123935529_C_CAGGA_b38   1.368e-01 9.092e-04    9.093e-04      1.244e-04
ENSG00000250091:2(@)Loc1253   chr12_123934515_A_C_b38   1.115e-01 1.262e-03    1.263e-03      1.407e-04
ENSG00000250091:2(@)Loc1253   chr12_123935181_C_T_b38   2.222e-01 1.912e-02    1.913e-02      4.249e-03
ENSG00000250091:1(@)Loc1253   chr12_123932791_T_C_b38   1.580e-01 9.092e-04    9.093e-04      1.436e-04
ENSG00000250091:1(@)Loc1253   chr12_123935529_C_CAGGA_b38   3.461e-01 9.092e-04    9.093e-04      3.147e-04
ENSG00000197653:2(@)Loc1253   chr12_123962860_A_T_b38   9.799e-01 1.383e-03    1.383e-03      1.356e-03
ENSG00000197653:3(@)Loc1253   chr12_123947154_A_G_b38   1.443e-01 9.400e-04    9.400e-04      1.356e-04
ENSG00000197653:3(@)Loc1253   chr12_123959795_G_GAATT_b38   2.669e-01 9.400e-04    9.400e-04      2.509e-04
ENSG00000197653:3(@)Loc1253   chr12_123964676_C_A_b38   2.666e-01 9.307e-03    9.308e-03      2.481e-03
ENSG00000072609:3(@)Loc1260   chr12_132909161_T_C_b38   2.816e-01 6.832e-04    6.832e-04      1.924e-04
ENSG00000122033:1(@)Loc1267   chr13_27406159_A_G_b38   4.452e-01 2.392e-04    2.392e-04      1.065e-04
ENSG00000152749:1(@)Loc1307   chr13_94601666_T_G_b38   9.726e-01 1.206e-04    1.206e-04      1.173e-04
ENSG00000133985:3(@)Loc1354   chr14_70639241_T_C_b38   4.178e-01 2.419e-04    2.420e-04      1.011e-04
ENSG00000119599:1(@)Loc1356   chr14_72926683_G_A_b38   9.999e-01 1.007e-04    1.007e-04      1.007e-04
ENSG00000258666:1(@)Loc1374   chr14_100325135_C_T_b38   4.152e-01 2.037e-03    2.037e-03      8.458e-04
ENSG00000258666:3(@)Loc1374   chr14_100354199_A_G_b38   1.189e-01 3.039e-03    3.039e-03      3.613e-04
ENSG00000176473:1(@)Loc1374   chr14_100359333_C_T_b38   1.064e-01 1.123e-03    1.123e-03      1.195e-04
ENSG00000176473:1(@)Loc1374   chr14_100365270_TAACAGGAGTTAAAAGTGTCG_T_b38   1.165e-01 9.371e-04    9.372e-04      1.091e-04
ENSG00000176473:1(@)Loc1374   chr14_100376441_T_C_b38   3.516e-01 1.118e-03    1.118e-03      3.932e-04
ENSG00000176473:2(@)Loc1374   chr14_100386402_G_A_b38   5.666e-02 1.904e-03    1.904e-03      1.079e-04
ENSG00000176473:2(@)Loc1374   chr14_100393529_C_A_b38   8.981e-02 2.839e-03    2.840e-03      2.550e-04
ENSG00000176473:2(@)Loc1374   chr14_100397259_A_G_b38   8.981e-02 2.839e-03    2.840e-03      2.550e-04
ENSG00000176473:2(@)Loc1374   chr14_100400974_T_G_b38   8.981e-02 2.839e-03    2.840e-03      2.550e-04
ENSG00000176473:2(@)Loc1374   chr14_100403446_T_C_b38   8.981e-02 2.839e-03    2.840e-03      2.550e-04
ENSG00000140323:1(@)Loc1392   chr15_40413218_G_A_b38   9.995e-01 1.083e-04    1.083e-04      1.082e-04
ENSG00000140463:1(@)Loc1412   chr15_72686190_C_A_b38   9.990e-01 1.036e-04    1.036e-04      1.035e-04
ENSG00000140465:1(@)Loc1413   chr15_74751897_G_A_b38   9.319e-02 1.784e-03    1.784e-03      1.663e-04
ENSG00000140465:1(@)Loc1413   chr15_74755085_T_C_b38   8.884e-02 2.210e-03    2.210e-03      1.964e-04
ENSG00000140465:1(@)Loc1413   chr15_74770056_C_T_b38   7.086e-02 2.636e-03    2.636e-03      1.868e-04
ENSG00000103653:1(@)Loc1413   chr15_74773303_G_C_b38   7.455e-02 1.932e-03    1.932e-03      1.440e-04
ENSG00000103653:1(@)Loc1413   chr15_74785026_C_A_b38   1.025e-01 2.451e-03    2.451e-03      2.511e-04
ENSG00000103653:1(@)Loc1413   chr15_74787809_C_A_b38   7.193e-02 2.902e-03    2.902e-03      2.087e-04
ENSG00000103653:1(@)Loc1413   chr15_74791153_C_A_b38   7.193e-02 2.526e-03    2.526e-03      1.817e-04
ENSG00000178761:1(@)Loc1413   chr15_74907551_A_G_b38   3.487e-01 2.550e-03    2.550e-03      8.893e-04
ENSG00000178802:1(@)Loc1413   chr15_74907551_A_G_b38   5.486e-02 2.550e-03    2.550e-03      1.399e-04
ENSG00000140543:1(@)Loc1419   chr15_88546426_G_T_b38   5.337e-01 4.911e-04    4.911e-04      2.621e-04
ENSG00000140543:1(@)Loc1419   chr15_88547442_C_T_b38   2.621e-01 4.911e-04    4.911e-04      1.287e-04
ENSG00000103148:5(@)Loc1429   chr16_140969_A_G_b38   9.252e-01 1.360e-04    1.361e-04      1.259e-04
ENSG00000100726:1(@)Loc1430   chr16_1510110_C_T_b38   3.393e-01 9.125e-04    9.126e-04      3.096e-04
ENSG00000100726:1(@)Loc1430   chr16_1510885_A_G_b38   4.911e-01 2.142e-04    2.142e-04      1.052e-04
ENSG00000187535:1(@)Loc1430   chr16_1524862_G_A_b38   9.987e-01 1.061e-04    1.061e-04      1.060e-04
ENSG00000183426:1(@)Loc1443   chr16_15036083_C_T_b38   1.000e+00 1.656e-04    1.656e-04      1.656e-04
ENSG00000183793:1(@)Loc1443   chr16_15036083_C_T_b38   9.995e-01 1.656e-04    1.656e-04      1.655e-04
ENSG00000185864:2(@)Loc1447   chr16_21721816_T_C_b38   9.431e-01 2.133e-04    2.133e-04      2.012e-04
ENSG00000167394:2(@)Loc1452   chr16_31074149_T_C_b38   2.320e-02 4.458e-03    4.459e-03      1.034e-04
ENSG00000103510:2(@)Loc1452   chr16_31118574_A_G_b38   1.357e-02 1.114e-02    1.114e-02      1.511e-04
ENSG00000103510:2(@)Loc1452   chr16_31120293_A_G_b38   6.736e-01 7.036e-03    7.037e-03      4.740e-03
ENSG00000103510:2(@)Loc1452   chr16_31137821_A_G_b38   1.689e-01 2.257e-03    2.257e-03      3.814e-04
ENSG00000103507:1(@)Loc1452   chr16_31106068_T_C_b38   1.693e-01 3.065e-03    3.066e-03      5.190e-04
ENSG00000103507:1(@)Loc1452   chr16_31106092_C_T_b38   8.320e-02 4.297e-03    4.298e-03      3.576e-04
ENSG00000103507:1(@)Loc1452   chr16_31106703_C_A_b38   2.857e-02 3.541e-03    3.541e-03      1.012e-04
ENSG00000087237:1(@)Loc1458   chr16_56954132_C_T_b38   5.167e-02 1.399e-02    1.399e-02      7.231e-04
ENSG00000087237:1(@)Loc1458   chr16_56955678_C_T_b38   5.911e-02 9.844e-01    9.844e-01      5.818e-02
ENSG00000087237:1(@)Loc1458   chr16_56959412_C_A_b38   9.382e-02 1.580e-03    1.580e-03      1.483e-04
ENSG00000261701:4(@)Loc1466   chr16_72074194_G_A_b38   5.274e-03 1.000e+00    1.000e+00      5.274e-03
ENSG00000091640:1(@)Loc1487   chr17_4967598_G_A_b38   4.600e-01 3.227e-04    3.227e-04      1.484e-04
ENSG00000091640:1(@)Loc1487   chr17_4968223_T_C_b38   4.600e-01 2.673e-04    2.673e-04      1.230e-04
ENSG00000178977:1(@)Loc1489   chr17_8222223_A_G_b38   1.497e-02 1.010e-01    1.010e-01      1.511e-03
ENSG00000178977:1(@)Loc1489   chr17_8225842_A_G_b38   1.431e-02 1.650e-01    1.650e-01      2.362e-03
ENSG00000178977:1(@)Loc1489   chr17_8257831_C_T_b38   9.235e-04 2.908e-01    2.908e-01      2.686e-04
ENSG00000178971:2(@)Loc1489   chr17_8247086_G_C_b38   2.584e-01 1.488e-03    1.488e-03      3.844e-04
ENSG00000178921:4(@)Loc1489   chr17_8222223_A_G_b38   3.744e-03 1.010e-01    1.010e-01      3.780e-04
ENSG00000178921:4(@)Loc1489   chr17_8225842_A_G_b38   1.417e-02 1.650e-01    1.650e-01      2.338e-03
ENSG00000178921:4(@)Loc1489   chr17_8246469_C_T_b38   4.232e-02 1.323e-02    1.323e-02      5.598e-04
ENSG00000178921:4(@)Loc1489   chr17_8257284_T_C_b38   3.402e-02 9.345e-02    9.345e-02      3.180e-03
ENSG00000178921:4(@)Loc1489   chr17_8257831_C_T_b38   7.042e-03 2.908e-01    2.908e-01      2.048e-03
ENSG00000184619:2(@)Loc1489   chr17_8376238_A_T_b38   3.714e-01 3.367e-04    3.367e-04      1.250e-04
ENSG00000177731:1(@)Loc1497   chr17_18258430_C_T_b38   9.753e-01 1.152e-04    1.152e-04      1.124e-04
ENSG00000198242:1(@)Loc1499   chr17_28716541_T_A_b38   1.638e-01 7.431e-04    7.431e-04      1.217e-04
ENSG00000198242:1(@)Loc1499   chr17_28721278_C_T_b38   1.290e-01 1.012e-03    1.013e-03      1.306e-04
ENSG00000160606:1(@)Loc1499   chr17_28728293_C_T_b38   1.929e-01 9.569e-04    9.570e-04      1.846e-04
ENSG00000160606:1(@)Loc1499   chr17_28728422_G_A_b38   1.929e-01 8.587e-04    8.588e-04      1.657e-04
ENSG00000167525:2(@)Loc1499   chr17_28711396_CCCCCGGCCCTAGCTCCG_C_b38   4.125e-01 8.894e-04    8.894e-04      3.669e-04
ENSG00000167525:2(@)Loc1499   chr17_28711515_G_A_b38   2.539e-01 1.012e-03    1.013e-03      2.571e-04
ENSG00000173065:1(@)Loc1499   chr17_28842719_T_TGCCGCCC_b38   9.302e-02 2.301e-03    2.302e-03      2.141e-04
ENSG00000173065:1(@)Loc1499   chr17_28842872_G_C_b38   5.088e-02 1.975e-03    1.975e-03      1.005e-04
ENSG00000173065:1(@)Loc1499   chr17_28853766_C_T_b38   1.040e-01 4.195e-03    4.196e-03      4.363e-04
ENSG00000173065:1(@)Loc1499   chr17_28861278_A_C_b38   1.303e-01 4.074e-03    4.075e-03      5.311e-04
ENSG00000173065:1(@)Loc1499   chr17_28869730_T_C_b38   3.775e-02 4.765e-03    4.765e-03      1.799e-04
ENSG00000076604:1(@)Loc1499   chr17_28744424_GC_G_b38   1.154e-01 1.673e-03    1.673e-03      1.931e-04
ENSG00000248121:2(@)Loc1500   chr17_30600866_T_C_b38   9.269e-01 1.368e-04    1.368e-04      1.268e-04
ENSG00000176390:2(@)Loc1500   chr17_30729320_G_A_b38   6.303e-01 2.346e-04    2.346e-04      1.479e-04
ENSG00000172171:2(@)Loc1500   chr17_30903502_GGT_G_b38   9.648e-02 1.202e-03    1.202e-03      1.160e-04
ENSG00000267185:1(@)Loc1507   chr17_42483383_C_T_b38   1.719e-01 7.251e-04    7.252e-04      1.246e-04
ENSG00000141295:3(@)Loc1510   chr17_47834936_C_T_b38   9.991e-01 1.275e-04    1.276e-04      1.274e-04
ENSG00000132475:2(@)Loc1524   chr17_75786110_T_C_b38   2.847e-03 3.861e-01    3.861e-01      1.099e-03
ENSG00000132478:2(@)Loc1524   chr17_75786110_T_C_b38   1.558e-03 3.861e-01    3.861e-01      6.017e-04
ENSG00000154845:1(@)Loc1536   chr18_9615853_C_T_b38   7.388e-01 1.920e-04    1.920e-04      1.418e-04
ENSG00000154845:1(@)Loc1536   chr18_9621843_C_T_b38   1.639e-01 8.117e-04    8.117e-04      1.330e-04
ENSG00000119537:1(@)Loc1564   chr18_63367187_T_G_b38   9.999e-01 2.180e-04    2.180e-04      2.180e-04
ENSG00000167676:1(@)Loc1582   chr19_4495159_G_A_b38   2.735e-01 4.503e-04    4.504e-04      1.232e-04
ENSG00000268297:1(@)Loc1584   chr19_7790007_A_G_b38   6.507e-02 1.739e-03    1.739e-03      1.131e-04
ENSG00000268297:1(@)Loc1584   chr19_7791675_T_C_b38   1.349e-01 1.717e-03    1.717e-03      2.316e-04
ENSG00000130164:1(@)Loc1586   chr19_11091630_G_T_b38   4.497e-03 1.000e+00    1.000e+00      4.497e-03
ENSG00000273733:1(@)Loc1587   chr19_11205141_T_G_b38   6.014e-02 1.042e-02    1.042e-02      6.266e-04
ENSG00000267082:1(@)Loc1587   chr19_11205141_T_G_b38   9.844e-02 1.042e-02    1.042e-02      1.026e-03
ENSG00000254858:1(@)Loc1591   chr19_18193890_A_G_b38   4.524e-01 3.035e-04    3.035e-04      1.373e-04
ENSG00000130518:2(@)Loc1591   chr19_18274140_T_G_b38   3.872e-01 1.124e-03    1.124e-03      4.352e-04
ENSG00000187664:2(@)Loc1592   chr19_19296909_T_C_b38   1.168e-04 1.000e+00    1.000e+00      1.168e-04
ENSG00000081665:1(@)Loc1593   chr19_19810158_C_A_b38   1.390e-01 4.929e-03    4.930e-03      6.851e-04
ENSG00000130204:1(@)Loc1608   chr19_44886339_G_A_b38   7.941e-03 3.333e-01    3.334e-01      2.647e-03
ENSG00000104805:1(@)Loc1611   chr19_48921668_C_T_b38   3.914e-01 4.066e-04    4.066e-04      1.592e-04
ENSG00000167646:1(@)Loc1614   chr19_55166155_C_T_b38   9.997e-01 1.247e-04    1.248e-04      1.247e-04
ENSG00000277938:4(@)Loc1634   chr20_25226018_A_G_b38   3.766e-01 1.384e-03    1.384e-03      5.213e-04
ENSG00000277938:4(@)Loc1634   chr20_25227636_C_T_b38   4.723e-01 2.288e-04    2.288e-04      1.081e-04
ENSG00000277938:2(@)Loc1634   chr20_25228663_C_A_b38   8.948e-01 7.666e-04    7.667e-04      6.860e-04
ENSG00000101019:1(@)Loc1637   chr20_35413255_C_T_b38   3.332e-02 3.053e-03    3.053e-03      1.017e-04
ENSG00000126001:2(@)Loc1637   chr20_35458678_G_A_b38   1.072e-02 9.136e-02    9.136e-02      9.795e-04
ENSG00000125991:1(@)Loc1637   chr20_35537447_C_T_b38   5.706e-01 9.015e-04    9.015e-04      5.144e-04
ENSG00000125991:1(@)Loc1637   chr20_35540122_G_A_b38   6.196e-02 2.297e-02    2.297e-02      1.423e-03
ENSG00000224497:1(@)Loc1637   chr20_35543647_C_T_b38   8.190e-01 1.643e-03    1.643e-03      1.346e-03
ENSG00000224497:1(@)Loc1637   chr20_35570657_G_A_b38   1.801e-01 1.355e-03    1.355e-03      2.440e-04
ENSG00000244005:1(@)Loc1637   chr20_35702115_C_T_b38   3.116e-02 1.479e-02    1.479e-02      4.609e-04
ENSG00000242748:1(@)Loc1641   chr20_41201482_A_G_b38   1.108e-02 2.004e-01    2.004e-01      2.220e-03
ENSG00000171703:1(@)Loc1654   chr20_64064578_G_A_b38   3.365e-01 2.462e-03    2.463e-03      8.288e-04
ENSG00000171703:1(@)Loc1654   chr20_64074752_A_G_b38   3.596e-01 2.145e-03    2.145e-03      7.714e-04
ENSG00000171700:1(@)Loc1654   chr20_64076174_C_T_b38   7.254e-01 1.290e-03    1.290e-03      9.357e-04
ENSG00000171700:1(@)Loc1654   chr20_64077921_G_A_b38   2.701e-01 1.627e-03    1.627e-03      4.395e-04
ENSG00000125510:1(@)Loc1654   chr20_64080700_T_C_b38   9.693e-01 1.450e-03    1.450e-03      1.406e-03
ENSG00000156304:1(@)Loc1667   chr21_31715550_A_G_b38   3.228e-03 4.053e-02    4.053e-02      1.308e-04
ENSG00000215424:2(@)Loc1678   chr21_46229830_A_AG_b38   1.973e-01 7.072e-04    7.072e-04      1.396e-04
ENSG00000215424:2(@)Loc1678   chr21_46232635_A_G_b38   1.987e-01 1.012e-03    1.012e-03      2.011e-04
ENSG00000239415:1(@)Loc1678   chr21_46249189_C_A_b38   1.447e-01 7.362e-04    7.363e-04      1.065e-04
ENSG00000160294:2(@)Loc1678   chr21_46262763_T_C_b38   7.732e-01 7.021e-04    7.021e-04      5.429e-04
ENSG00000160298:3(@)Loc1678   chr21_46326968_A_G_b38   9.002e-02 1.279e-03    1.279e-03      1.152e-04
ENSG00000160299:1(@)Loc1678   chr21_46326968_A_G_b38   9.958e-01 1.279e-03    1.279e-03      1.274e-03
ENSG00000133519:2(@)Loc1684   chr22_23404165_G_A_b38   6.811e-01 4.577e-04    4.578e-04      3.118e-04
ENSG00000100281:1(@)Loc1692   chr22_35256248_C_T_b38   1.021e-01 2.271e-03    2.271e-03      2.319e-04
ENSG00000100281:1(@)Loc1692   chr22_35256702_C_T_b38   2.107e-01 2.441e-03    2.441e-03      5.145e-04
ENSG00000100281:1(@)Loc1692   chr22_35257480_C_T_b38   4.949e-01 3.242e-03    3.243e-03      1.605e-03
ENSG00000100284:1(@)Loc1692   chr22_35298900_C_A_b38   6.028e-02 3.366e-03    3.366e-03      2.029e-04
ENSG00000100284:1(@)Loc1692   chr22_35299680_GC_G_b38   6.028e-02 4.168e-03    4.168e-03      2.512e-04
ENSG00000100284:1(@)Loc1692   chr22_35307135_T_C_b38   4.592e-03 3.823e-02    3.823e-02      1.755e-04
ENSG00000272834:4(@)Loc1695   chr22_40413634_G_A_b38   9.977e-01 1.245e-04    1.245e-04      1.243e-04
ENSG00000272834:3(@)Loc1695   chr22_40414438_T_C_b38   4.990e-01 4.916e-04    4.916e-04      2.453e-04
ENSG00000205643:2(@)Loc1699   chr22_46231706_C_T_b38   5.128e-04 3.900e-01    3.901e-01      2.000e-04
ENSG00000170638:2(@)Loc1702   chr22_50280736_T_C_b38   9.519e-01 1.073e-04    1.073e-04      1.021e-04
ENSG00000100239:2(@)Loc1702   chr22_50383150_G_T_b38   2.169e-01 1.014e-03    1.014e-03      2.199e-04
ENSG00000100299:1(@)Loc1702   chr22_50625049_T_C_b38   9.998e-01 2.623e-04    2.623e-04      2.622e-04
