Signal	SNP	PIP_qtl	PIP_gwas_marginal	PIP_gwas_qtl_prior	SCP
ENSG00000182873:1(@)Loc2   chr1_2189186_C_A_b38   7.450e-01 2.036e-04    2.036e-04      1.517e-04
ENSG00000162585:3(@)Loc2   chr1_2189679_C_T_b38   1.000e+00 3.918e-04    3.919e-04      3.918e-04
ENSG00000173662:1(@)Loc5   chr1_6561861_G_A_b38   7.575e-01 5.608e-04    5.608e-04      4.249e-04
ENSG00000204219:1(@)Loc16   chr1_23420932_G_T_b38   2.353e-01 4.376e-04    4.377e-04      1.030e-04
ENSG00000183726:1(@)Loc18   chr1_25348294_C_T_b38   1.896e-02 8.608e-03    8.608e-03      1.632e-04
ENSG00000183726:1(@)Loc18   chr1_25432164_G_A_b38   8.445e-03 3.203e-02    3.204e-02      2.705e-04
ENSG00000183726:1(@)Loc18   chr1_25434800_T_C_b38   1.522e-03 2.326e-01    2.326e-01      3.540e-04
ENSG00000188672:2(@)Loc18   chr1_25434429_C_T_b38   1.114e-03 2.652e-01    2.652e-01      2.955e-04
ENSG00000188672:2(@)Loc18   chr1_25434800_T_C_b38   1.029e-03 2.326e-01    2.326e-01      2.393e-04
ENSG00000188672:2(@)Loc18   chr1_25442446_A_G_b38   2.700e-04 4.469e-01    4.469e-01      1.207e-04
ENSG00000204178:1(@)Loc18   chr1_25434429_C_T_b38   7.117e-04 2.652e-01    2.652e-01      1.887e-04
ENSG00000204178:1(@)Loc18   chr1_25434800_T_C_b38   7.340e-04 2.326e-01    2.326e-01      1.707e-04
ENSG00000204178:1(@)Loc18   chr1_25442446_A_G_b38   2.252e-04 4.469e-01    4.469e-01      1.006e-04
ENSG00000142765:1(@)Loc19   chr1_27342119_C_T_b38   9.981e-01 2.436e-04    2.436e-04      2.431e-04
ENSG00000121766:1(@)Loc20   chr1_31288856_C_A_b38   8.299e-02 1.413e-03    1.414e-03      1.173e-04
ENSG00000121766:1(@)Loc20   chr1_31292838_T_C_b38   8.144e-02 2.365e-03    2.365e-03      1.926e-04
ENSG00000227533:1(@)Loc26   chr1_42959141_C_G_b38   9.132e-01 2.020e-04    2.020e-04      1.844e-04
ENSG00000227533:3(@)Loc26   chr1_42963293_C_G_b38   2.760e-01 1.071e-03    1.071e-03      2.956e-04
ENSG00000162607:1(@)Loc39   chr1_62436136_C_A_b38   3.654e-02 3.388e-03    3.389e-03      1.238e-04
ENSG00000116641:1(@)Loc39   chr1_62679768_G_A_b38   4.985e-03 2.400e-02    2.400e-02      1.197e-04
ENSG00000116641:1(@)Loc39   chr1_62690372_A_G_b38   1.610e-01 1.079e-02    1.079e-02      1.738e-03
ENSG00000067208:1(@)Loc56   chr1_92527990_A_C_b38   3.321e-03 3.886e-01    3.886e-01      1.290e-03
ENSG00000067208:1(@)Loc56   chr1_92528250_C_T_b38   4.038e-03 3.131e-01    3.131e-01      1.264e-03
ENSG00000067208:1(@)Loc56   chr1_92568466_G_T_b38   1.184e-02 2.184e-01    2.184e-01      2.586e-03
ENSG00000117620:1(@)Loc61   chr1_99969523_T_C_b38   8.654e-01 2.533e-04    2.533e-04      2.192e-04
ENSG00000198890:1(@)Loc66   chr1_107056636_A_T_b38   8.701e-01 9.177e-04    9.178e-04      7.986e-04
ENSG00000134243:2(@)Loc67   chr1_109274968_G_T_b38   6.111e-04 4.071e-01    4.071e-01      2.488e-04
ENSG00000134222:1(@)Loc67   chr1_109275908_C_T_b38   3.283e-01 5.928e-01    5.929e-01      1.946e-01
ENSG00000134222:4(@)Loc67   chr1_109274968_G_T_b38   1.152e-03 4.071e-01    4.072e-01      4.690e-04
ENSG00000231064:1(@)Loc77   chr1_155151361_G_C_b38   7.371e-02 1.856e-03    1.857e-03      1.369e-04
ENSG00000231064:1(@)Loc77   chr1_155208991_T_A_b38   5.147e-01 2.331e-04    2.332e-04      1.200e-04
ENSG00000169231:1(@)Loc77   chr1_155208991_T_A_b38   9.890e-01 2.331e-04    2.332e-04      2.306e-04
ENSG00000143622:1(@)Loc77   chr1_155911161_G_A_b38   8.615e-01 1.509e-04    1.509e-04      1.300e-04
ENSG00000132698:1(@)Loc77   chr1_156061029_C_A_b38   8.045e-01 1.417e-04    1.417e-04      1.140e-04
ENSG00000198952:1(@)Loc77   chr1_156249659_A_G_b38   1.119e-01 1.163e-03    1.163e-03      1.302e-04
ENSG00000198952:1(@)Loc77   chr1_156264648_T_G_b38   1.150e-01 1.088e-03    1.089e-03      1.252e-04
ENSG00000160781:1(@)Loc77   chr1_156240066_C_T_b38   1.604e-01 1.005e-03    1.005e-03      1.613e-04
ENSG00000143226:1(@)Loc80   chr1_161515469_G_T_b38   2.803e-01 1.876e-03    1.876e-03      5.260e-04
ENSG00000143226:1(@)Loc80   chr1_161517662_T_C_b38   7.559e-02 3.109e-03    3.109e-03      2.351e-04
ENSG00000143226:1(@)Loc80   chr1_161522877_G_C_b38   7.559e-02 5.622e-03    5.623e-03      4.250e-04
ENSG00000143226:1(@)Loc80   chr1_161536172_A_T_b38   1.387e-01 1.499e-03    1.499e-03      2.079e-04
ENSG00000143226:1(@)Loc80   chr1_161537658_C_T_b38   1.093e-01 2.686e-03    2.686e-03      2.937e-04
ENSG00000143226:1(@)Loc80   chr1_161545536_C_T_b38   8.419e-02 2.526e-03    2.526e-03      2.127e-04
ENSG00000143226:1(@)Loc80   chr1_161547895_C_A_b38   2.398e-02 1.122e-02    1.122e-02      2.691e-04
ENSG00000143226:1(@)Loc80   chr1_161551141_C_T_b38   3.212e-02 1.573e-02    1.573e-02      5.052e-04
ENSG00000203747:2(@)Loc80   chr1_161547895_C_A_b38   2.249e-02 1.122e-02    1.122e-02      2.524e-04
ENSG00000203747:2(@)Loc80   chr1_161548543_A_T_b38   4.012e-02 1.110e-02    1.110e-02      4.453e-04
ENSG00000203747:2(@)Loc80   chr1_161551141_C_T_b38   6.991e-01 1.573e-02    1.573e-02      1.100e-02
ENSG00000203747:2(@)Loc80   chr1_161555823_A_T_b38   3.714e-02 5.187e-03    5.188e-03      1.927e-04
ENSG00000203747:2(@)Loc80   chr1_161555824_C_T_b38   3.714e-02 5.187e-03    5.188e-03      1.927e-04
ENSG00000203747:2(@)Loc80   chr1_161556607_A_G_b38   3.714e-02 5.187e-03    5.188e-03      1.927e-04
ENSG00000203747:2(@)Loc80   chr1_161565442_A_G_b38   5.678e-02 4.694e-03    4.694e-03      2.666e-04
ENSG00000225217:1(@)Loc80   chr1_161593265_G_A_b38   4.997e-01 1.042e-03    1.042e-03      5.207e-04
ENSG00000225217:1(@)Loc80   chr1_161593491_A_AG_b38   4.997e-01 7.138e-04    7.139e-04      3.568e-04
ENSG00000244682:1(@)Loc80   chr1_161593265_G_A_b38   4.867e-01 1.042e-03    1.042e-03      5.071e-04
ENSG00000244682:1(@)Loc80   chr1_161593491_A_AG_b38   4.867e-01 7.138e-04    7.139e-04      3.474e-04
ENSG00000225217:6(@)Loc80   chr1_161594882_T_C_b38   9.720e-01 1.115e-04    1.115e-04      1.084e-04
ENSG00000176393:2(@)Loc103   chr1_201980662_A_G_b38   9.984e-01 1.214e-04    1.214e-04      1.212e-04
ENSG00000143924:2(@)Loc158   chr2_42147560_G_T_b38   9.458e-01 1.201e-04    1.201e-04      1.136e-04
ENSG00000136697:1(@)Loc198   chr2_113083453_A_G_b38   2.392e-01 4.729e-04    4.730e-04      1.131e-04
ENSG00000125633:2(@)Loc201   chr2_118058382_A_G_b38   2.799e-03 2.185e-01    2.185e-01      6.116e-04
ENSG00000125633:2(@)Loc201   chr2_118078265_G_A_b38   7.843e-04 5.685e-01    5.685e-01      4.458e-04
ENSG00000151690:1(@)Loc245   chr2_190465436_A_G_b38   8.670e-01 4.748e-04    4.749e-04      4.117e-04
ENSG00000273456:1(@)Loc252   chr2_202358243_G_A_b38   1.829e-01 5.983e-04    5.983e-04      1.094e-04
ENSG00000144426:1(@)Loc252   chr2_202970454_A_C_b38   4.536e-02 3.207e-03    3.208e-03      1.455e-04
ENSG00000144426:1(@)Loc252   chr2_203016111_G_A_b38   2.977e-02 3.880e-03    3.881e-03      1.155e-04
ENSG00000144426:1(@)Loc252   chr2_203016269_T_C_b38   3.319e-02 3.572e-03    3.573e-03      1.186e-04
ENSG00000163596:1(@)Loc252   chr2_202871479_CCG_C_b38   8.225e-01 3.104e-04    3.105e-04      2.554e-04
ENSG00000224814:1(@)Loc269   chr2_233684956_TGAAAA_T_b38   5.084e-01 1.025e-03    1.025e-03      5.212e-04
ENSG00000224814:1(@)Loc269   chr2_233688675_A_T_b38   2.027e-01 5.275e-04    5.276e-04      1.069e-04
ENSG00000224814:1(@)Loc269   chr2_233693545_A_G_b38   1.281e-01 4.695e-03    4.695e-03      6.013e-04
ENSG00000241635:1(@)Loc269   chr2_233759924_C_T_b38   9.148e-03 2.608e-02    2.608e-02      2.386e-04
ENSG00000227802:2(@)Loc269   chr2_233744071_C_T_b38   1.547e-02 7.963e-03    7.964e-03      1.232e-04
ENSG00000239557:1(@)Loc312   chr3_52373025_C_T_b38   1.901e-01 1.047e-03    1.047e-03      1.991e-04
ENSG00000114904:1(@)Loc312   chr3_52771077_A_G_b38   5.387e-01 1.336e-03    1.337e-03      7.200e-04
ENSG00000163684:2(@)Loc316   chr3_58308140_G_A_b38   4.605e-03 1.853e-01    1.853e-01      8.533e-04
ENSG00000242516:1(@)Loc327   chr3_75685573_C_T_b38   1.000e+00 1.074e-04    1.074e-04      1.074e-04
ENSG00000227124:1(@)Loc327   chr3_75777206_A_G_b38   8.656e-01 1.497e-04    1.497e-04      1.296e-04
ENSG00000154175:2(@)Loc340   chr3_100993920_A_G_b38   5.481e-01 1.899e-04    1.899e-04      1.041e-04
ENSG00000144857:1(@)Loc346   chr3_113135828_G_A_b38   9.971e-01 1.293e-04    1.293e-04      1.289e-04
ENSG00000114638:1(@)Loc350   chr3_119173094_A_G_b38   9.974e-01 2.920e-04    2.920e-04      2.913e-04
ENSG00000114023:1(@)Loc352   chr3_122354032_A_G_b38   4.842e-02 3.141e-03    3.141e-03      1.521e-04
ENSG00000114023:1(@)Loc352   chr3_122363428_C_T_b38   2.557e-01 1.534e-03    1.534e-03      3.924e-04
ENSG00000114023:1(@)Loc352   chr3_122370250_A_G_b38   2.987e-01 1.798e-03    1.798e-03      5.372e-04
ENSG00000114023:1(@)Loc352   chr3_122387538_G_A_b38   1.760e-02 5.759e-03    5.759e-03      1.014e-04
ENSG00000114023:1(@)Loc352   chr3_122411904_T_C_b38   1.753e-02 7.482e-03    7.483e-03      1.312e-04
ENSG00000186432:1(@)Loc375   chr3_160565338_A_C_b38   3.835e-01 5.207e-04    5.208e-04      1.997e-04
ENSG00000169435:1(@)Loc448   chr4_73620268_T_C_b38   7.343e-01 3.407e-04    3.407e-04      2.502e-04
ENSG00000145331:3(@)Loc464   chr4_99563386_G_A_b38   2.415e-03 4.825e-02    4.825e-02      1.165e-04
ENSG00000248521:1(@)Loc495   chr4_150382166_G_A_b38   5.487e-04 3.230e-01    3.230e-01      1.773e-04
ENSG00000066230:3(@)Loc521   chr5_524657_A_G_b38   3.324e-01 1.164e-03    1.164e-03      3.869e-04
ENSG00000213949:2(@)Loc551   chr5_52897294_A_G_b38   2.421e-01 1.010e-02    1.010e-02      2.446e-03
ENSG00000213949:2(@)Loc551   chr5_52897406_A_G_b38   4.528e-02 3.407e-02    3.407e-02      1.543e-03
ENSG00000225940:1(@)Loc553   chr5_56560548_G_T_b38   5.517e-02 3.578e-03    3.578e-03      1.974e-04
ENSG00000225940:1(@)Loc553   chr5_56565532_G_A_b38   5.517e-02 2.143e-03    2.143e-03      1.182e-04
ENSG00000138829:1(@)Loc598   chr5_128665200_C_T_b38   6.800e-01 2.172e-04    2.173e-04      1.477e-04
ENSG00000113108:2(@)Loc603   chr5_140498999_A_T_b38   5.790e-01 6.545e-04    6.546e-04      3.790e-04
ENSG00000145817:2(@)Loc605   chr5_144176682_G_T_b38   2.302e-01 4.959e-04    4.960e-04      1.142e-04
ENSG00000145850:2(@)Loc612   chr5_156960126_G_C_b38   1.094e-03 1.655e-01    1.655e-01      1.811e-04
ENSG00000145850:2(@)Loc612   chr5_156963286_T_C_b38   1.120e-02 8.308e-01    8.308e-01      9.306e-03
ENSG00000180596:1(@)Loc650   chr6_26092913_G_A_b38   2.959e-04 9.999e-01    9.999e-01      2.959e-04
ENSG00000274641:1(@)Loc651   chr6_27893892_G_A_b38   1.049e-02 1.613e-02    1.613e-02      1.693e-04
ENSG00000227262:1(@)Loc654   chr6_29967473_G_A_b38   9.769e-01 1.021e-03    1.021e-03      9.979e-04
ENSG00000231226:1(@)Loc654   chr6_30100372_C_T_b38   1.637e-01 1.483e-03    1.483e-03      2.428e-04
ENSG00000231226:1(@)Loc654   chr6_30102175_GC_G_b38   3.216e-01 1.571e-03    1.571e-03      5.053e-04
ENSG00000231226:1(@)Loc654   chr6_30102205_G_C_b38   3.733e-01 3.406e-03    3.406e-03      1.272e-03
ENSG00000231226:1(@)Loc654   chr6_30104848_C_G_b38   1.297e-01 2.296e-03    2.296e-03      2.979e-04
ENSG00000204618:1(@)Loc654   chr6_30100833_G_C_b38   9.213e-01 1.571e-03    1.571e-03      1.448e-03
ENSG00000204613:1(@)Loc654   chr6_30146297_A_G_b38   3.607e-02 2.066e-02    2.066e-02      7.454e-04
ENSG00000204613:1(@)Loc654   chr6_30163346_T_G_b38   2.750e-01 1.144e-03    1.145e-03      3.148e-04
ENSG00000204613:1(@)Loc654   chr6_30164258_G_A_b38   5.624e-02 3.287e-02    3.287e-02      1.849e-03
ENSG00000204613:1(@)Loc654   chr6_30164668_C_A_b38   8.083e-02 1.299e-03    1.299e-03      1.050e-04
ENSG00000204613:1(@)Loc654   chr6_30165626_G_A_b38   8.083e-02 1.299e-03    1.299e-03      1.050e-04
ENSG00000204613:1(@)Loc654   chr6_30173265_A_G_b38   1.469e-02 1.377e-02    1.377e-02      2.023e-04
ENSG00000204610:2(@)Loc654   chr6_30163346_T_G_b38   1.471e-01 1.144e-03    1.145e-03      1.684e-04
ENSG00000204610:2(@)Loc654   chr6_30164258_G_A_b38   1.589e-02 3.287e-02    3.287e-02      5.223e-04
ENSG00000231074:4(@)Loc654   chr6_30324306_T_C_b38   1.423e-01 9.881e-04    9.883e-04      1.406e-04
ENSG00000231074:4(@)Loc654   chr6_30341328_G_A_b38   3.894e-02 6.306e-03    6.307e-03      2.456e-04
ENSG00000231074:4(@)Loc654   chr6_30342723_T_C_b38   3.894e-02 5.205e-03    5.205e-03      2.027e-04
ENSG00000231074:4(@)Loc654   chr6_30346830_A_G_b38   2.469e-02 9.365e-03    9.367e-03      2.312e-04
ENSG00000241370:1(@)Loc654   chr6_30341328_G_A_b38   2.329e-02 6.306e-03    6.307e-03      1.469e-04
ENSG00000241370:1(@)Loc654   chr6_30342723_T_C_b38   3.570e-02 5.205e-03    5.205e-03      1.858e-04
ENSG00000241370:1(@)Loc654   chr6_30345450_G_A_b38   2.140e-01 1.002e-03    1.002e-03      2.143e-04
ENSG00000241370:1(@)Loc654   chr6_30346830_A_G_b38   3.708e-02 9.365e-03    9.367e-03      3.473e-04
ENSG00000137404:3(@)Loc654   chr6_30683810_A_C_b38   1.185e-01 9.508e-04    9.509e-04      1.127e-04
ENSG00000137404:3(@)Loc654   chr6_30689238_T_C_b38   5.607e-01 1.945e-04    1.945e-04      1.091e-04
ENSG00000272221:6(@)Loc655   chr6_31386783_C_T_b38   1.606e-03 2.057e-01    2.057e-01      3.303e-04
ENSG00000241106:2(@)Loc657   chr6_32818127_G_T_b38   6.633e-02 2.049e-03    2.049e-03      1.359e-04
ENSG00000196821:1(@)Loc658   chr6_34635914_G_A_b38   1.212e-01 1.460e-03    1.460e-03      1.770e-04
ENSG00000196821:1(@)Loc658   chr6_34648545_G_C_b38   4.743e-01 9.134e-04    9.136e-04      4.333e-04
ENSG00000196821:1(@)Loc658   chr6_34654784_AG_A_b38   3.812e-01 1.460e-03    1.460e-03      5.565e-04
ENSG00000272288:1(@)Loc658   chr6_34695821_C_T_b38   1.127e-02 2.711e-02    2.712e-02      3.055e-04
ENSG00000161912:2(@)Loc662   chr6_41059781_C_T_b38   5.507e-01 2.632e-04    2.633e-04      1.450e-04
ENSG00000112640:1(@)Loc663   chr6_42964977_C_T_b38   8.580e-03 7.483e-02    7.484e-02      6.421e-04
ENSG00000112640:1(@)Loc663   chr6_42979275_G_C_b38   9.061e-02 1.228e-03    1.228e-03      1.113e-04
ENSG00000124587:2(@)Loc663   chr6_42975041_A_G_b38   7.331e-01 5.783e-04    5.784e-04      4.240e-04
ENSG00000225791:1(@)Loc669   chr6_52577484_G_C_b38   2.823e-01 3.607e-04    3.607e-04      1.018e-04
ENSG00000220377:1(@)Loc669   chr6_52696976_T_C_b38   4.916e-02 6.337e-03    6.338e-03      3.116e-04
ENSG00000220377:1(@)Loc669   chr6_52697180_T_C_b38   6.026e-02 4.232e-03    4.232e-03      2.550e-04
ENSG00000220377:1(@)Loc669   chr6_52699296_C_T_b38   8.119e-02 5.513e-03    5.514e-03      4.477e-04
ENSG00000220377:1(@)Loc669   chr6_52702009_T_C_b38   9.412e-02 4.664e-03    4.665e-03      4.391e-04
ENSG00000220377:1(@)Loc669   chr6_52703544_T_C_b38   2.542e-01 5.318e-03    5.319e-03      1.352e-03
ENSG00000220377:1(@)Loc669   chr6_52706470_G_T_b38   1.633e-02 9.165e-03    9.166e-03      1.497e-04
ENSG00000220377:1(@)Loc669   chr6_52707343_CA_C_b38   1.558e-02 9.165e-03    9.166e-03      1.428e-04
ENSG00000220377:1(@)Loc669   chr6_52707780_G_A_b38   2.108e-02 9.165e-03    9.166e-03      1.932e-04
ENSG00000220377:1(@)Loc669   chr6_52710710_T_C_b38   2.914e-02 4.026e-03    4.026e-03      1.173e-04
ENSG00000220377:1(@)Loc669   chr6_52719172_G_A_b38   6.688e-02 2.133e-03    2.134e-03      1.427e-04
ENSG00000135587:2(@)Loc703   chr6_109440234_A_G_b38   2.021e-01 6.309e-04    6.310e-04      1.275e-04
ENSG00000135587:2(@)Loc703   chr6_109443332_G_T_b38   2.144e-01 7.503e-04    7.504e-04      1.609e-04
ENSG00000260273:1(@)Loc703   chr6_109357369_C_T_b38   1.678e-01 6.820e-04    6.821e-04      1.145e-04
ENSG00000260273:1(@)Loc703   chr6_109407238_T_C_b38   5.034e-01 4.202e-04    4.202e-04      2.115e-04
ENSG00000135587:1(@)Loc703   chr6_109436690_C_G_b38   9.745e-01 1.208e-04    1.208e-04      1.177e-04
ENSG00000155085:1(@)Loc703   chr6_109690255_T_C_b38   3.417e-01 6.728e-04    6.729e-04      2.299e-04
ENSG00000178381:2(@)Loc744   chr7_1161882_C_T_b38   2.389e-01 7.245e-04    7.246e-04      1.731e-04
ENSG00000146540:1(@)Loc744   chr7_1065861_T_C_b38   7.946e-01 1.318e-04    1.318e-04      1.047e-04
ENSG00000224079:1(@)Loc744   chr7_1062486_A_G_b38   1.131e-01 9.468e-04    9.470e-04      1.071e-04
ENSG00000224079:1(@)Loc744   chr7_1066257_G_GACGATC_b38   1.964e-01 8.707e-04    8.708e-04      1.710e-04
ENSG00000224079:1(@)Loc744   chr7_1068895_G_A_b38   1.275e-01 9.318e-04    9.320e-04      1.188e-04
ENSG00000073067:1(@)Loc744   chr7_1065528_C_G_b38   1.690e-01 9.622e-04    9.623e-04      1.626e-04
ENSG00000073067:1(@)Loc744   chr7_1065736_A_G_b38   2.647e-01 8.847e-04    8.849e-04      2.342e-04
ENSG00000073067:1(@)Loc744   chr7_1068505_A_C_b38   1.690e-01 9.318e-04    9.320e-04      1.575e-04
ENSG00000073067:1(@)Loc744   chr7_1074376_C_T_b38   1.640e-01 9.155e-04    9.157e-04      1.502e-04
ENSG00000164850:1(@)Loc744   chr7_1077800_T_C_b38   9.999e-01 1.131e-03    1.131e-03      1.131e-03
ENSG00000146540:2(@)Loc744   chr7_1138191_GCGCCCACCTGCGCCCACGT_G_b38   9.285e-01 3.510e-03    3.511e-03      3.260e-03
ENSG00000136271:1(@)Loc774   chr7_44561096_G_A_b38   1.680e-02 1.719e-02    1.719e-02      2.887e-04
ENSG00000189077:1(@)Loc790   chr7_75994202_G_A_b38   5.814e-01 1.990e-04    1.990e-04      1.157e-04
ENSG00000189077:1(@)Loc790   chr7_76000865_C_T_b38   3.702e-02 6.169e-03    6.170e-03      2.284e-04
ENSG00000157259:1(@)Loc798   chr7_92444633_G_T_b38   9.086e-01 1.482e-04    1.482e-04      1.346e-04
ENSG00000244055:1(@)Loc798   chr7_92459543_C_T_b38   2.594e-01 1.146e-03    1.146e-03      2.973e-04
ENSG00000272950:1(@)Loc802   chr7_98286323_T_G_b38   7.060e-02 3.619e-03    3.619e-03      2.555e-04
ENSG00000272950:1(@)Loc802   chr7_98286325_A_G_b38   7.060e-02 3.619e-03    3.619e-03      2.555e-04
ENSG00000272950:1(@)Loc802   chr7_98291311_A_G_b38   7.060e-02 2.999e-03    2.999e-03      2.117e-04
ENSG00000272950:1(@)Loc802   chr7_98299769_A_G_b38   5.676e-01 4.035e-03    4.036e-03      2.291e-03
ENSG00000272950:1(@)Loc802   chr7_98300261_TC_T_b38   9.621e-02 3.482e-03    3.482e-03      3.351e-04
ENSG00000272950:1(@)Loc802   chr7_98320502_C_T_b38   8.829e-02 4.212e-03    4.212e-03      3.719e-04
ENSG00000272950:1(@)Loc802   chr7_98322009_C_T_b38   3.603e-02 4.854e-03    4.854e-03      1.749e-04
ENSG00000006453:2(@)Loc802   chr7_98378229_C_CAT_b38   2.284e-02 4.502e-03    4.503e-03      1.029e-04
ENSG00000006453:2(@)Loc802   chr7_98383795_A_C_b38   1.857e-02 1.839e-02    1.839e-02      3.415e-04
ENSG00000006453:2(@)Loc802   chr7_98393841_T_C_b38   3.218e-02 4.502e-03    4.503e-03      1.449e-04
ENSG00000006453:2(@)Loc802   chr7_98404180_T_C_b38   1.088e-01 4.502e-03    4.503e-03      4.900e-04
ENSG00000233609:2(@)Loc852   chr8_8961676_T_A_b38   6.552e-01 2.636e-03    2.636e-03      1.727e-03
ENSG00000158856:2(@)Loc864   chr8_22049068_AGGGGCC_A_b38   9.565e-01 2.020e-04    2.021e-04      1.933e-04
ENSG00000158856:1(@)Loc864   chr8_22060578_A_C_b38   9.989e-01 1.653e-04    1.653e-04      1.651e-04
ENSG00000147454:2(@)Loc865   chr8_23532058_T_C_b38   8.409e-03 6.465e-02    6.466e-02      5.437e-04
ENSG00000104231:1(@)Loc899   chr8_81732207_G_A_b38   9.853e-01 1.417e-04    1.417e-04      1.397e-04
ENSG00000272321:1(@)Loc909   chr8_98438418_A_C_b38   8.875e-02 2.452e-03    2.453e-03      2.177e-04
ENSG00000156795:1(@)Loc921   chr8_123417155_A_G_b38   9.889e-01 1.513e-04    1.513e-04      1.497e-04
ENSG00000178685:2(@)Loc935   chr8_143948489_G_T_b38   1.290e-03 9.999e-01    9.999e-01      1.290e-03
ENSG00000272842:1(@)Loc950   chr9_19375840_TGGTATCCACTAAAACTA_T_b38   4.785e-01 6.737e-04    6.738e-04      3.224e-04
ENSG00000272842:1(@)Loc950   chr9_19376260_G_C_b38   3.200e-01 7.041e-04    7.042e-04      2.253e-04
ENSG00000273226:1(@)Loc950   chr9_19375840_TGGTATCCACTAAAACTA_T_b38   6.253e-01 6.737e-04    6.738e-04      4.214e-04
ENSG00000273226:1(@)Loc950   chr9_19376260_G_C_b38   3.742e-01 7.041e-04    7.042e-04      2.635e-04
ENSG00000260912:1(@)Loc950   chr9_19417673_C_G_b38   3.064e-01 8.954e-04    8.955e-04      2.744e-04
ENSG00000177076:1(@)Loc950   chr9_19409208_G_C_b38   1.643e-01 2.050e-03    2.051e-03      3.369e-04
ENSG00000177076:1(@)Loc950   chr9_19421247_T_G_b38   1.952e-01 6.530e-04    6.531e-04      1.275e-04
ENSG00000177076:1(@)Loc950   chr9_19429704_T_G_b38   4.710e-02 2.281e-03    2.281e-03      1.074e-04
ENSG00000230074:2(@)Loc962   chr9_34669061_C_T_b38   1.390e-01 8.119e-04    8.120e-04      1.128e-04
ENSG00000230074:2(@)Loc962   chr9_34670131_C_A_b38   2.484e-01 6.849e-04    6.850e-04      1.701e-04
ENSG00000230074:2(@)Loc962   chr9_34672272_C_T_b38   2.484e-01 6.849e-04    6.850e-04      1.701e-04
ENSG00000230074:2(@)Loc962   chr9_34674765_G_A_b38   4.630e-02 2.516e-03    2.516e-03      1.165e-04
ENSG00000106771:1(@)Loc990   chr9_109120449_T_G_b38   2.305e-01 5.661e-04    5.662e-04      1.305e-04
ENSG00000160447:1(@)Loc1001   chr9_128703202_C_G_b38   5.388e-01 7.571e-04    7.572e-04      4.080e-04
ENSG00000160447:1(@)Loc1001   chr9_128704210_G_T_b38   2.377e-01 8.780e-04    8.781e-04      2.087e-04
ENSG00000160447:1(@)Loc1001   chr9_128706461_G_A_b38   1.580e-01 9.090e-04    9.092e-04      1.437e-04
ENSG00000198917:2(@)Loc1001   chr9_128829615_G_C_b38   8.550e-01 1.356e-03    1.357e-03      1.160e-03
ENSG00000057608:1(@)Loc1015   chr10_5813440_G_C_b38   9.838e-01 2.870e-03    2.870e-03      2.824e-03
ENSG00000156521:1(@)Loc1055   chr10_70163650_G_A_b38   1.817e-01 8.062e-04    8.064e-04      1.465e-04
ENSG00000230224:1(@)Loc1073   chr10_100211240_A_G_b38   2.774e-01 3.627e-04    3.628e-04      1.007e-04
ENSG00000255624:1(@)Loc1086   chr10_122887525_A_G_b38   1.417e-01 4.043e-03    4.043e-03      5.730e-04
ENSG00000255624:1(@)Loc1086   chr10_122903046_G_A_b38   3.932e-02 4.112e-03    4.113e-03      1.617e-04
ENSG00000255624:1(@)Loc1086   chr10_122933070_A_G_b38   3.730e-03 7.864e-02    7.865e-02      2.934e-04
ENSG00000119965:1(@)Loc1086   chr10_122887525_A_G_b38   6.568e-02 4.043e-03    4.043e-03      2.656e-04
ENSG00000119965:1(@)Loc1086   chr10_122918013_A_T_b38   1.228e-01 3.338e-03    3.338e-03      4.099e-04
ENSG00000119965:1(@)Loc1086   chr10_122933070_A_G_b38   2.028e-01 7.864e-02    7.865e-02      1.595e-02
ENSG00000119965:1(@)Loc1086   chr10_122934071_G_T_b38   1.601e-01 2.031e-03    2.032e-03      3.253e-04
ENSG00000119965:1(@)Loc1086   chr10_122945179_C_T_b38   1.205e-01 1.623e-03    1.623e-03      1.956e-04
ENSG00000165752:2(@)Loc1092   chr10_132246445_A_G_b38   4.954e-01 3.620e-04    3.620e-04      1.793e-04
ENSG00000165752:2(@)Loc1092   chr10_132248084_C_CCAAA_b38   2.004e-01 6.608e-04    6.609e-04      1.324e-04
ENSG00000132274:3(@)Loc1098   chr11_5689947_A_G_b38   1.042e-01 3.356e-03    3.356e-03      3.497e-04
ENSG00000132274:1(@)Loc1098   chr11_5689666_A_C_b38   8.388e-01 1.231e-04    1.231e-04      1.033e-04
ENSG00000132274:1(@)Loc1098   chr11_5691030_G_A_b38   1.607e-01 9.170e-04    9.171e-04      1.474e-04
ENSG00000213693:1(@)Loc1121   chr11_43924069_A_G_b38   3.021e-01 4.490e-04    4.491e-04      1.357e-04
ENSG00000175224:1(@)Loc1122   chr11_46612915_G_A_b38   6.112e-01 1.931e-04    1.931e-04      1.180e-04
ENSG00000175220:1(@)Loc1122   chr11_46700671_T_C_b38   3.712e-01 3.511e-04    3.511e-04      1.304e-04
ENSG00000165912:1(@)Loc1123   chr11_47184354_CCT_C_b38   2.232e-01 6.063e-04    6.064e-04      1.353e-04
ENSG00000165912:1(@)Loc1123   chr11_47185172_TC_T_b38   2.232e-01 6.063e-04    6.064e-04      1.353e-04
ENSG00000165912:1(@)Loc1123   chr11_47204445_T_C_b38   4.109e-02 2.513e-03    2.513e-03      1.033e-04
ENSG00000134824:2(@)Loc1128   chr11_61830500_A_G_b38   6.384e-04 2.963e-01    2.963e-01      1.891e-04
ENSG00000168496:1(@)Loc1128   chr11_61785208_G_T_b38   3.642e-02 7.036e-03    7.036e-03      2.563e-04
ENSG00000168496:1(@)Loc1128   chr11_61790331_T_C_b38   8.260e-02 3.373e-02    3.373e-02      2.786e-03
ENSG00000168496:1(@)Loc1128   chr11_61802358_C_T_b38   2.021e-02 1.637e-02    1.637e-02      3.308e-04
ENSG00000168496:1(@)Loc1128   chr11_61804006_T_C_b38   9.674e-03 3.634e-02    3.635e-02      3.516e-04
ENSG00000168496:1(@)Loc1128   chr11_61836038_C_A_b38   6.323e-03 5.663e-02    5.663e-02      3.581e-04
ENSG00000168496:1(@)Loc1128   chr11_61837342_C_A_b38   5.239e-03 2.241e-01    2.241e-01      1.174e-03
ENSG00000168496:1(@)Loc1128   chr11_61842278_C_T_b38   5.270e-03 3.273e-01    3.273e-01      1.725e-03
ENSG00000149485:2(@)Loc1128   chr11_61830500_A_G_b38   2.301e-03 2.963e-01    2.963e-01      6.816e-04
ENSG00000149485:2(@)Loc1128   chr11_61837342_C_A_b38   6.043e-04 2.241e-01    2.241e-01      1.354e-04
ENSG00000149485:2(@)Loc1128   chr11_61842278_C_T_b38   3.383e-04 3.273e-01    3.273e-01      1.107e-04
ENSG00000134824:1(@)Loc1128   chr11_61836038_C_A_b38   1.494e-02 5.663e-02    5.663e-02      8.462e-04
ENSG00000134824:1(@)Loc1128   chr11_61837342_C_A_b38   5.587e-02 2.241e-01    2.241e-01      1.252e-02
ENSG00000134824:1(@)Loc1128   chr11_61842278_C_T_b38   5.142e-03 3.273e-01    3.273e-01      1.683e-03
ENSG00000173327:1(@)Loc1130   chr11_65613445_G_A_b38   9.964e-01 1.621e-03    1.621e-03      1.615e-03
ENSG00000255517:1(@)Loc1131   chr11_66468960_G_A_b38   1.569e-01 9.994e-04    9.995e-04      1.568e-04
ENSG00000255517:1(@)Loc1131   chr11_66478465_C_T_b38   1.523e-01 1.113e-03    1.113e-03      1.695e-04
ENSG00000174516:1(@)Loc1131   chr11_66467294_C_T_b38   1.238e-01 1.093e-03    1.093e-03      1.353e-04
ENSG00000254986:1(@)Loc1131   chr11_66478465_C_T_b38   1.129e-01 1.113e-03    1.113e-03      1.257e-04
ENSG00000254986:1(@)Loc1131   chr11_66478599_G_GAC_b38   1.129e-01 1.113e-03    1.113e-03      1.257e-04
ENSG00000254986:1(@)Loc1131   chr11_66480373_G_A_b38   5.559e-01 1.113e-03    1.113e-03      6.187e-04
ENSG00000174483:2(@)Loc1131   chr11_66510139_G_C_b38   2.615e-01 1.103e-03    1.103e-03      2.885e-04
ENSG00000172893:1(@)Loc1134   chr11_71424120_G_A_b38   2.249e-01 5.409e-04    5.410e-04      1.217e-04
ENSG00000241170:2(@)Loc1136   chr11_74920657_C_G_b38   1.097e-01 1.067e-03    1.067e-03      1.171e-04
ENSG00000118369:2(@)Loc1137   chr11_78212453_G_GT_b38   7.153e-02 2.316e-03    2.317e-03      1.657e-04
ENSG00000118369:2(@)Loc1137   chr11_78213498_G_A_b38   3.345e-02 5.978e-03    5.978e-03      2.000e-04
ENSG00000118369:2(@)Loc1137   chr11_78214713_A_C_b38   1.753e-02 7.694e-03    7.695e-03      1.349e-04
ENSG00000118369:2(@)Loc1137   chr11_78214809_G_C_b38   1.753e-02 7.776e-03    7.777e-03      1.364e-04
ENSG00000149582:1(@)Loc1165   chr11_118545538_C_T_b38   2.614e-03 6.732e-02    6.733e-02      1.760e-04
ENSG00000149582:1(@)Loc1165   chr11_118554704_G_T_b38   6.535e-03 2.156e-02    2.156e-02      1.409e-04
ENSG00000095139:1(@)Loc1165   chr11_118545538_C_T_b38   4.101e-03 6.732e-02    6.733e-02      2.762e-04
ENSG00000095139:1(@)Loc1165   chr11_118574560_T_C_b38   1.383e-01 1.547e-03    1.547e-03      2.140e-04
ENSG00000095139:1(@)Loc1165   chr11_118578655_A_G_b38   6.142e-02 2.227e-02    2.227e-02      1.368e-03
ENSG00000118096:1(@)Loc1165   chr11_118537756_C_T_b38   7.094e-02 1.599e-03    1.599e-03      1.134e-04
ENSG00000118096:1(@)Loc1165   chr11_118538868_G_A_b38   1.210e-01 1.599e-03    1.599e-03      1.935e-04
ENSG00000118096:1(@)Loc1165   chr11_118540998_G_T_b38   1.233e-01 1.599e-03    1.599e-03      1.972e-04
ENSG00000118096:1(@)Loc1165   chr11_118545132_G_C_b38   1.048e-01 1.381e-03    1.382e-03      1.448e-04
ENSG00000118096:1(@)Loc1165   chr11_118545133_A_C_b38   1.048e-01 1.381e-03    1.382e-03      1.448e-04
ENSG00000118096:3(@)Loc1165   chr11_118550797_G_A_b38   8.535e-02 1.860e-03    1.860e-03      1.588e-04
ENSG00000118096:3(@)Loc1165   chr11_118574560_T_C_b38   2.968e-01 1.547e-03    1.547e-03      4.592e-04
ENSG00000118096:3(@)Loc1165   chr11_118578655_A_G_b38   1.363e-01 2.227e-02    2.227e-02      3.035e-03
ENSG00000110080:2(@)Loc1171   chr11_126348646_A_G_b38   1.379e-03 8.003e-02    8.005e-02      1.104e-04
ENSG00000110080:2(@)Loc1171   chr11_126358764_T_G_b38   1.992e-03 9.467e-02    9.468e-02      1.886e-04
ENSG00000139044:1(@)Loc1179   chr12_508044_T_C_b38   8.730e-01 5.096e-04    5.097e-04      4.449e-04
ENSG00000126746:2(@)Loc1185   chr12_6689466_A_C_b38   9.994e-01 1.049e-04    1.049e-04      1.048e-04
ENSG00000111752:1(@)Loc1187   chr12_8914017_C_T_b38   9.432e-01 2.312e-03    2.312e-03      2.181e-03
ENSG00000003056:1(@)Loc1187   chr12_8929985_A_G_b38   6.257e-01 4.654e-02    4.655e-02      2.913e-02
ENSG00000111788:4(@)Loc1187   chr12_9273575_T_C_b38   8.658e-01 1.595e-04    1.595e-04      1.381e-04
ENSG00000013573:1(@)Loc1199   chr12_31073901_T_A_b38   9.859e-01 1.416e-04    1.416e-04      1.396e-04
ENSG00000175548:1(@)Loc1202   chr12_38604027_A_C_b38   2.364e-01 4.645e-04    4.645e-04      1.098e-04
ENSG00000139546:1(@)Loc1211   chr12_53499247_C_T_b38   3.222e-01 4.969e-04    4.969e-04      1.601e-04
ENSG00000139546:1(@)Loc1211   chr12_53503200_G_A_b38   3.191e-01 1.291e-03    1.292e-03      4.122e-04
ENSG00000205352:1(@)Loc1211   chr12_53446172_C_G_b38   9.998e-01 2.507e-04    2.507e-04      2.507e-04
ENSG00000258302:1(@)Loc1232   chr12_89536849_C_T_b38   7.398e-02 2.753e-03    2.754e-03      2.037e-04
ENSG00000258302:1(@)Loc1232   chr12_89539596_A_G_b38   7.866e-02 2.291e-03    2.291e-03      1.802e-04
ENSG00000234608:1(@)Loc1245   chr12_111807366_A_C_b38   2.739e-02 4.619e-03    4.620e-03      1.266e-04
ENSG00000270028:1(@)Loc1253   chr12_123920171_T_C_b38   6.131e-02 4.326e-03    4.326e-03      2.652e-04
ENSG00000250091:1(@)Loc1253   chr12_123920171_T_C_b38   4.000e-02 4.326e-03    4.326e-03      1.730e-04
ENSG00000250091:1(@)Loc1253   chr12_123928944_G_A_b38   3.955e-01 5.032e-04    5.033e-04      1.991e-04
ENSG00000250091:1(@)Loc1253   chr12_123932791_T_C_b38   1.565e-01 9.092e-04    9.093e-04      1.423e-04
ENSG00000250091:1(@)Loc1253   chr12_123935529_C_CAGGA_b38   3.139e-01 9.092e-04    9.093e-04      2.854e-04
ENSG00000250091:2(@)Loc1253   chr12_123933925_C_G_b38   8.704e-02 1.307e-03    1.307e-03      1.138e-04
ENSG00000250091:2(@)Loc1253   chr12_123934515_A_C_b38   4.391e-01 1.262e-03    1.263e-03      5.544e-04
ENSG00000250091:2(@)Loc1253   chr12_123935181_C_T_b38   6.418e-02 1.912e-02    1.913e-02      1.228e-03
ENSG00000119242:1(@)Loc1253   chr12_123946265_G_A_b38   8.295e-01 3.646e-04    3.647e-04      3.025e-04
ENSG00000122034:1(@)Loc1267   chr13_27423168_C_T_b38   6.980e-01 3.966e-04    3.967e-04      2.769e-04
ENSG00000102781:1(@)Loc1269   chr13_30315770_A_G_b38   6.717e-01 3.858e-04    3.859e-04      2.592e-04
ENSG00000151773:3(@)Loc1277   chr13_43854183_G_A_b38   7.341e-01 1.507e-04    1.507e-04      1.106e-04
ENSG00000152749:1(@)Loc1307   chr13_94601666_T_G_b38   9.981e-01 1.206e-04    1.206e-04      1.204e-04
ENSG00000205978:4(@)Loc1325   chr14_24403003_T_C_b38   2.146e-03 8.032e-02    8.033e-02      1.724e-04
ENSG00000205978:2(@)Loc1325   chr14_24407031_C_T_b38   6.642e-01 2.452e-03    2.452e-03      1.629e-03
ENSG00000205978:2(@)Loc1325   chr14_24414681_G_A_b38   1.784e-02 9.030e-01    9.030e-01      1.611e-02
ENSG00000119599:1(@)Loc1356   chr14_72926683_G_A_b38   9.978e-01 1.007e-04    1.007e-04      1.005e-04
ENSG00000187097:1(@)Loc1356   chr14_73832804_A_T_b38   9.992e-01 1.368e-04    1.368e-04      1.367e-04
ENSG00000259151:1(@)Loc1367   chr14_89311268_C_T_b38   9.930e-01 5.002e-04    5.003e-04      4.968e-04
ENSG00000258752:1(@)Loc1367   chr14_89359243_C_A_b38   4.100e-01 2.605e-04    2.605e-04      1.068e-04
ENSG00000258521:1(@)Loc1374   chr14_100339490_T_C_b38   4.955e-01 7.667e-04    7.668e-04      3.800e-04
ENSG00000258666:1(@)Loc1374   chr14_100354199_A_G_b38   2.090e-01 3.039e-03    3.039e-03      6.353e-04
ENSG00000176473:1(@)Loc1374   chr14_100376441_T_C_b38   9.272e-02 1.118e-03    1.118e-03      1.037e-04
ENSG00000176473:1(@)Loc1374   chr14_100377141_G_A_b38   1.555e-01 6.643e-04    6.644e-04      1.033e-04
ENSG00000176473:1(@)Loc1374   chr14_100377178_C_G_b38   1.555e-01 6.643e-04    6.644e-04      1.033e-04
ENSG00000176473:1(@)Loc1374   chr14_100377551_C_A_b38   2.035e-01 5.233e-04    5.233e-04      1.065e-04
ENSG00000176473:3(@)Loc1374   chr14_100384748_C_G_b38   1.260e-01 1.653e-03    1.653e-03      2.083e-04
ENSG00000176473:3(@)Loc1374   chr14_100385023_A_G_b38   1.472e-01 2.151e-03    2.152e-03      3.168e-04
ENSG00000176473:3(@)Loc1374   chr14_100385563_A_G_b38   1.472e-01 2.151e-03    2.152e-03      3.168e-04
ENSG00000176473:3(@)Loc1374   chr14_100385848_G_GCC_b38   1.611e-01 2.151e-03    2.152e-03      3.467e-04
ENSG00000176473:3(@)Loc1374   chr14_100386402_G_A_b38   5.460e-02 1.904e-03    1.905e-03      1.040e-04
ENSG00000176473:3(@)Loc1374   chr14_100387292_A_G_b38   7.374e-02 2.151e-03    2.152e-03      1.587e-04
ENSG00000176473:3(@)Loc1374   chr14_100387459_T_C_b38   9.740e-02 2.151e-03    2.152e-03      2.096e-04
ENSG00000176473:3(@)Loc1374   chr14_100387760_G_A_b38   9.740e-02 2.151e-03    2.152e-03      2.096e-04
ENSG00000078304:2(@)Loc1375   chr14_101767870_T_A_b38   8.845e-01 1.531e-04    1.532e-04      1.355e-04
ENSG00000261794:2(@)Loc1386   chr15_31442233_A_G_b38   2.241e-01 1.077e-03    1.077e-03      2.414e-04
ENSG00000178802:1(@)Loc1413   chr15_74882685_A_G_b38   1.261e-01 8.015e-04    8.016e-04      1.011e-04
ENSG00000178802:1(@)Loc1413   chr15_74885866_G_A_b38   2.093e-02 8.705e-03    8.706e-03      1.822e-04
ENSG00000178802:1(@)Loc1413   chr15_74888780_A_G_b38   1.134e-01 9.570e-04    9.572e-04      1.086e-04
ENSG00000140497:2(@)Loc1413   chr15_74873410_G_T_b38   5.022e-01 1.994e-04    1.994e-04      1.001e-04
ENSG00000140543:1(@)Loc1419   chr15_88546426_G_T_b38   3.805e-01 4.911e-04    4.911e-04      1.869e-04
ENSG00000100726:2(@)Loc1430   chr16_1510110_C_T_b38   3.091e-01 9.125e-04    9.126e-04      2.821e-04
ENSG00000254852:1(@)Loc1443   chr16_15036083_C_T_b38   9.574e-01 1.656e-04    1.656e-04      1.586e-04
ENSG00000183426:1(@)Loc1443   chr16_15036083_C_T_b38   1.000e+00 1.656e-04    1.656e-04      1.656e-04
ENSG00000183793:1(@)Loc1443   chr16_15036083_C_T_b38   9.997e-01 1.656e-04    1.656e-04      1.656e-04
ENSG00000263065:2(@)Loc1443   chr16_15740872_C_T_b38   8.910e-01 1.778e-04    1.779e-04      1.585e-04
ENSG00000280160:1(@)Loc1452   chr16_31074149_T_C_b38   2.871e-02 4.458e-03    4.459e-03      1.280e-04
ENSG00000167394:1(@)Loc1452   chr16_31074149_T_C_b38   4.484e-01 4.458e-03    4.459e-03      2.000e-03
ENSG00000167394:1(@)Loc1452   chr16_31077026_G_A_b38   4.782e-02 4.231e-03    4.232e-03      2.024e-04
ENSG00000167394:1(@)Loc1452   chr16_31117347_C_A_b38   3.438e-02 3.876e-03    3.877e-03      1.333e-04
ENSG00000260911:3(@)Loc1452   chr16_31117347_C_A_b38   9.316e-02 3.876e-03    3.877e-03      3.612e-04
ENSG00000262766:1(@)Loc1452   chr16_31113086_A_G_b38   4.162e-02 1.549e-02    1.550e-02      6.449e-04
ENSG00000262766:1(@)Loc1452   chr16_31114455_T_C_b38   7.837e-02 3.352e-03    3.352e-03      2.627e-04
ENSG00000262766:1(@)Loc1452   chr16_31116767_AAT_A_b38   1.487e-01 3.065e-03    3.066e-03      4.557e-04
ENSG00000262766:1(@)Loc1452   chr16_31117294_C_T_b38   6.885e-02 3.541e-03    3.541e-03      2.438e-04
ENSG00000262766:1(@)Loc1452   chr16_31117347_C_A_b38   1.040e-01 3.876e-03    3.877e-03      4.031e-04
ENSG00000262766:1(@)Loc1452   chr16_31118574_A_G_b38   8.194e-02 1.114e-02    1.114e-02      9.128e-04
ENSG00000262766:1(@)Loc1452   chr16_31119800_C_T_b38   9.260e-02 3.065e-03    3.066e-03      2.839e-04
ENSG00000262766:1(@)Loc1452   chr16_31120293_A_G_b38   3.609e-02 7.036e-03    7.037e-03      2.539e-04
ENSG00000178226:3(@)Loc1452   chr16_31126391_C_T_b38   2.171e-02 9.600e-03    9.601e-03      2.085e-04
ENSG00000178226:3(@)Loc1452   chr16_31130672_C_T_b38   1.555e-02 7.702e-03    7.703e-03      1.198e-04
ENSG00000052344:2(@)Loc1452   chr16_31136227_G_A_b38   2.885e-02 8.072e-03    8.073e-03      2.329e-04
ENSG00000103510:1(@)Loc1452   chr16_31120293_A_G_b38   9.555e-01 7.036e-03    7.037e-03      6.724e-03
ENSG00000103510:1(@)Loc1452   chr16_31136227_G_A_b38   4.443e-02 8.072e-03    8.074e-03      3.587e-04
ENSG00000205084:2(@)Loc1468   chr16_75556194_G_C_b38   4.371e-01 4.802e-04    4.802e-04      2.099e-04
ENSG00000065457:2(@)Loc1468   chr16_75623009_G_A_b38   6.587e-01 2.621e-04    2.622e-04      1.727e-04
ENSG00000091640:1(@)Loc1487   chr17_4967598_G_A_b38   4.760e-01 3.227e-04    3.227e-04      1.536e-04
ENSG00000091640:1(@)Loc1487   chr17_4968223_T_C_b38   4.760e-01 2.673e-04    2.674e-04      1.273e-04
ENSG00000178977:1(@)Loc1489   chr17_8222223_A_G_b38   3.750e-01 1.010e-01    1.010e-01      3.786e-02
ENSG00000178977:1(@)Loc1489   chr17_8225842_A_G_b38   1.839e-01 1.650e-01    1.650e-01      3.034e-02
ENSG00000178977:1(@)Loc1489   chr17_8246469_C_T_b38   1.381e-02 1.323e-02    1.323e-02      1.826e-04
ENSG00000178977:1(@)Loc1489   chr17_8257284_T_C_b38   8.561e-03 9.345e-02    9.345e-02      8.001e-04
ENSG00000178977:1(@)Loc1489   chr17_8257831_C_T_b38   1.919e-02 2.908e-01    2.908e-01      5.581e-03
ENSG00000178971:2(@)Loc1489   chr17_8238811_G_A_b38   9.782e-02 1.986e-03    1.986e-03      1.943e-04
ENSG00000178971:2(@)Loc1489   chr17_8247086_G_C_b38   1.759e-01 1.488e-03    1.488e-03      2.618e-04
ENSG00000178971:2(@)Loc1489   chr17_8258528_C_G_b38   5.511e-02 1.886e-03    1.886e-03      1.040e-04
ENSG00000184619:2(@)Loc1489   chr17_8376238_A_T_b38   4.065e-01 3.367e-04    3.367e-04      1.369e-04
ENSG00000109113:2(@)Loc1499   chr17_28716541_T_A_b38   1.534e-01 7.431e-04    7.432e-04      1.140e-04
ENSG00000167525:2(@)Loc1499   chr17_28711396_CCCCCGGCCCTAGCTCCG_C_b38   1.912e-01 8.894e-04    8.895e-04      1.701e-04
ENSG00000167525:2(@)Loc1499   chr17_28711515_G_A_b38   2.290e-01 1.012e-03    1.013e-03      2.319e-04
ENSG00000173065:1(@)Loc1499   chr17_28840910_A_C_b38   7.202e-02 2.196e-03    2.196e-03      1.582e-04
ENSG00000173065:1(@)Loc1499   chr17_28840955_C_G_b38   2.906e-02 5.245e-03    5.246e-03      1.525e-04
ENSG00000173065:1(@)Loc1499   chr17_28841309_T_C_b38   5.406e-02 2.196e-03    2.196e-03      1.187e-04
ENSG00000173065:1(@)Loc1499   chr17_28842719_T_TGCCGCCC_b38   6.554e-02 2.301e-03    2.302e-03      1.508e-04
ENSG00000173065:1(@)Loc1499   chr17_28842872_G_C_b38   1.330e-01 1.975e-03    1.975e-03      2.627e-04
ENSG00000167536:1(@)Loc1499   chr17_28897781_T_C_b38   5.374e-01 4.084e-04    4.085e-04      2.195e-04
ENSG00000167536:1(@)Loc1499   chr17_28925971_C_T_b38   1.525e-01 8.731e-04    8.732e-04      1.332e-04
ENSG00000248121:2(@)Loc1500   chr17_30692530_G_A_b38   4.539e-02 2.720e-02    2.721e-02      1.235e-03
ENSG00000126861:1(@)Loc1500   chr17_31296270_C_T_b38   5.986e-01 7.339e-04    7.340e-04      4.394e-04
ENSG00000131097:1(@)Loc1508   chr17_44846439_A_C_b38   5.622e-01 3.865e-04    3.866e-04      2.173e-04
ENSG00000263293:2(@)Loc1509   chr17_47314438_T_C_b38   5.472e-03 4.905e-01    4.906e-01      2.685e-03
ENSG00000141295:1(@)Loc1510   chr17_47838029_T_C_b38   9.994e-01 7.816e-04    7.817e-04      7.812e-04
ENSG00000005243:1(@)Loc1510   chr17_48086505_G_A_b38   8.136e-01 3.171e-03    3.171e-03      2.580e-03
ENSG00000108479:1(@)Loc1524   chr17_75765885_C_T_b38   8.996e-02 2.180e-03    2.180e-03      1.961e-04
ENSG00000108479:1(@)Loc1524   chr17_75786110_T_C_b38   4.184e-03 3.861e-01    3.861e-01      1.616e-03
ENSG00000132475:2(@)Loc1524   chr17_75786110_T_C_b38   2.343e-03 3.861e-01    3.861e-01      9.049e-04
ENSG00000119537:1(@)Loc1564   chr18_63367187_T_G_b38   9.997e-01 2.180e-04    2.180e-04      2.180e-04
ENSG00000172006:1(@)Loc1580   chr19_2817645_G_A_b38   9.954e-01 1.181e-04    1.181e-04      1.176e-04
ENSG00000268297:1(@)Loc1584   chr19_7789788_G_T_b38   2.175e-01 1.581e-03    1.581e-03      3.439e-04
ENSG00000268297:1(@)Loc1584   chr19_7790573_A_C_b38   6.507e-02 1.739e-03    1.739e-03      1.131e-04
ENSG00000268297:1(@)Loc1584   chr19_7790577_C_G_b38   6.507e-02 1.739e-03    1.739e-03      1.131e-04
ENSG00000268297:1(@)Loc1584   chr19_7790610_C_G_b38   6.630e-02 1.739e-03    1.739e-03      1.153e-04
ENSG00000268297:1(@)Loc1584   chr19_7790619_C_G_b38   6.630e-02 1.739e-03    1.739e-03      1.153e-04
ENSG00000268297:1(@)Loc1584   chr19_7790931_T_G_b38   6.507e-02 1.739e-03    1.739e-03      1.131e-04
ENSG00000268297:1(@)Loc1584   chr19_7791047_T_TG_b38   1.350e-01 2.041e-03    2.041e-03      2.755e-04
ENSG00000268297:1(@)Loc1584   chr19_7791072_T_G_b38   7.468e-02 1.880e-03    1.880e-03      1.404e-04
ENSG00000268297:1(@)Loc1584   chr19_7791394_C_T_b38   6.507e-02 1.739e-03    1.739e-03      1.131e-04
ENSG00000268297:1(@)Loc1584   chr19_7791437_C_T_b38   7.190e-02 1.739e-03    1.739e-03      1.250e-04
ENSG00000129933:3(@)Loc1592   chr19_19296909_T_C_b38   4.990e-04 1.000e+00    1.000e+00      4.990e-04
ENSG00000081665:1(@)Loc1593   chr19_19810158_C_A_b38   2.377e-01 4.929e-03    4.930e-03      1.172e-03
ENSG00000213988:2(@)Loc1593   chr19_20118132_A_G_b38   7.786e-01 2.429e-04    2.429e-04      1.891e-04
ENSG00000256229:2(@)Loc1593   chr19_20140267_G_A_b38   5.767e-01 2.084e-04    2.084e-04      1.202e-04
ENSG00000130881:1(@)Loc1600   chr19_33185771_T_C_b38   6.620e-01 1.682e-04    1.682e-04      1.114e-04
ENSG00000123815:2(@)Loc1605   chr19_40763383_G_T_b38   1.971e-02 5.089e-03    5.090e-03      1.003e-04
ENSG00000130208:3(@)Loc1608   chr19_44908822_C_T_b38   4.391e-04 3.333e-01    3.333e-01      1.464e-04
ENSG00000130208:3(@)Loc1608   chr19_44912383_G_A_b38   1.839e-03 3.333e-01    3.333e-01      6.130e-04
ENSG00000130203:2(@)Loc1608   chr19_44912383_G_A_b38   2.545e-01 3.333e-01    3.334e-01      8.485e-02
ENSG00000176920:1(@)Loc1610   chr19_48702915_C_T_b38   1.668e-01 4.176e-01    4.176e-01      6.964e-02
ENSG00000176920:1(@)Loc1610   chr19_48703160_A_G_b38   1.668e-01 5.764e-01    5.764e-01      9.611e-02
ENSG00000232871:3(@)Loc1610   chr19_48702915_C_T_b38   1.245e-02 4.176e-01    4.176e-01      5.201e-03
ENSG00000232871:3(@)Loc1610   chr19_48703160_A_G_b38   1.245e-02 5.764e-01    5.764e-01      7.177e-03
ENSG00000104805:1(@)Loc1611   chr19_48922842_G_A_b38   4.533e-01 3.753e-04    3.754e-04      1.702e-04
ENSG00000167646:1(@)Loc1614   chr19_55164108_C_T_b38   9.999e-01 1.261e-04    1.261e-04      1.261e-04
ENSG00000277938:1(@)Loc1634   chr20_25228663_C_A_b38   8.342e-01 7.666e-04    7.667e-04      6.396e-04
ENSG00000100994:3(@)Loc1634   chr20_25249342_G_A_b38   3.988e-01 3.287e-04    3.288e-04      1.311e-04
ENSG00000100994:1(@)Loc1634   chr20_25235477_A_C_b38   1.000e+00 1.487e-04    1.487e-04      1.487e-04
ENSG00000274414:1(@)Loc1634   chr20_25245691_C_T_b38   9.995e-01 7.183e-04    7.184e-04      7.181e-04
ENSG00000101004:1(@)Loc1635   chr20_25586273_T_C_b38   5.345e-01 2.376e-04    2.376e-04      1.270e-04
ENSG00000101019:1(@)Loc1637   chr20_35413447_G_A_b38   3.431e-01 5.288e-04    5.289e-04      1.815e-04
ENSG00000126001:1(@)Loc1637   chr20_35458678_G_A_b38   5.202e-02 9.136e-02    9.137e-02      4.753e-03
ENSG00000125965:2(@)Loc1637   chr20_35458678_G_A_b38   1.205e-03 9.136e-02    9.137e-02      1.101e-04
ENSG00000224497:2(@)Loc1637   chr20_35566823_C_T_b38   4.431e-04 5.424e-01    5.424e-01      2.403e-04
ENSG00000224497:1(@)Loc1637   chr20_35543647_C_T_b38   9.129e-01 1.643e-03    1.643e-03      1.500e-03
ENSG00000244462:1(@)Loc1637   chr20_35655095_C_T_b38   2.070e-02 1.261e-02    1.261e-02      2.611e-04
ENSG00000125995:2(@)Loc1637   chr20_35697520_C_T_b38   1.241e-02 1.523e-02    1.523e-02      1.890e-04
ENSG00000171700:2(@)Loc1654   chr20_64060707_A_C_b38   9.999e-01 3.701e-04    3.702e-04      3.702e-04
ENSG00000125510:1(@)Loc1654   chr20_64074752_A_G_b38   6.771e-02 2.145e-03    2.145e-03      1.452e-04
ENSG00000125510:1(@)Loc1654   chr20_64076174_C_T_b38   2.158e-01 1.290e-03    1.290e-03      2.784e-04
ENSG00000125510:1(@)Loc1654   chr20_64077921_G_A_b38   5.654e-01 1.627e-03    1.627e-03      9.201e-04
ENSG00000125510:1(@)Loc1654   chr20_64080700_T_C_b38   1.205e-01 1.450e-03    1.450e-03      1.748e-04
ENSG00000171700:1(@)Loc1654   chr20_64077921_G_A_b38   9.832e-01 1.627e-03    1.627e-03      1.600e-03
ENSG00000183255:4(@)Loc1677   chr21_44875071_G_C_b38   9.916e-01 1.261e-04    1.261e-04      1.251e-04
ENSG00000239415:1(@)Loc1678   chr21_46256266_A_G_b38   2.365e-01 6.378e-04    6.379e-04      1.508e-04
ENSG00000160299:2(@)Loc1678   chr21_46324123_CG_C_b38   3.204e-01 6.861e-04    6.862e-04      2.199e-04
ENSG00000160299:2(@)Loc1678   chr21_46326968_A_G_b38   7.919e-02 1.279e-03    1.279e-03      1.013e-04
ENSG00000182362:3(@)Loc1678   chr21_46298578_C_T_b38   9.999e-01 1.002e-04    1.003e-04      1.003e-04
ENSG00000182362:1(@)Loc1678   chr21_46306418_C_G_b38   9.999e-01 6.474e-04    6.475e-04      6.474e-04
ENSG00000215193:2(@)Loc1681   chr22_18064741_A_G_b38   1.412e-01 1.594e-03    1.594e-03      2.250e-04
ENSG00000133519:3(@)Loc1684   chr22_23404165_G_A_b38   5.189e-01 4.577e-04    4.578e-04      2.375e-04
ENSG00000279159:2(@)Loc1688   chr22_29845072_A_G_b38   6.419e-04 3.342e-01    3.343e-01      2.146e-04
ENSG00000279159:2(@)Loc1688   chr22_30017888_T_C_b38   2.424e-02 4.375e-02    4.375e-02      1.060e-03
ENSG00000100281:1(@)Loc1692   chr22_35257480_C_T_b38   5.741e-02 3.242e-03    3.243e-03      1.862e-04
ENSG00000273176:2(@)Loc1692   chr22_35290400_C_T_b38   7.561e-02 3.281e-03    3.282e-03      2.481e-04
ENSG00000273176:2(@)Loc1692   chr22_35295842_C_A_b38   2.902e-02 4.168e-03    4.168e-03      1.210e-04
ENSG00000273176:1(@)Loc1692   chr22_35304624_A_G_b38   3.015e-01 6.658e-04    6.659e-04      2.008e-04
ENSG00000273176:1(@)Loc1692   chr22_35306075_A_C_b38   8.757e-02 3.683e-03    3.683e-03      3.225e-04
ENSG00000100299:1(@)Loc1702   chr22_50625049_T_C_b38   9.996e-01 2.623e-04    2.623e-04      2.622e-04
