Signal	SNP	PIP_qtl	PIP_gwas_marginal	PIP_gwas_qtl_prior	SCP
ENSG00000162585:2(@)Loc2   chr1_2189679_C_T_b38   6.783e-01 3.918e-04    3.918e-04      2.657e-04
ENSG00000162585:2(@)Loc2   chr1_2207868_C_T_b38   2.590e-01 5.604e-04    5.604e-04      1.451e-04
ENSG00000182873:1(@)Loc2   chr1_2189679_C_T_b38   9.978e-01 3.918e-04    3.918e-04      3.909e-04
ENSG00000204178:2(@)Loc18   chr1_25434429_C_T_b38   1.300e-03 2.652e-01    2.652e-01      3.447e-04
ENSG00000204178:2(@)Loc18   chr1_25434800_T_C_b38   1.345e-03 2.326e-01    2.326e-01      3.127e-04
ENSG00000204178:1(@)Loc18   chr1_25432164_G_A_b38   2.790e-01 3.203e-02    3.203e-02      8.936e-03
ENSG00000121766:1(@)Loc20   chr1_31288856_C_A_b38   7.790e-02 1.413e-03    1.413e-03      1.101e-04
ENSG00000121766:1(@)Loc20   chr1_31292838_T_C_b38   1.254e-01 2.365e-03    2.365e-03      2.966e-04
ENSG00000121769:1(@)Loc20   chr1_31382035_G_A_b38   9.101e-02 2.633e-03    2.633e-03      2.396e-04
ENSG00000121769:1(@)Loc20   chr1_31384485_T_C_b38   9.101e-02 1.433e-03    1.433e-03      1.304e-04
ENSG00000121769:1(@)Loc20   chr1_31386054_T_C_b38   7.667e-02 1.846e-03    1.846e-03      1.415e-04
ENSG00000121769:1(@)Loc20   chr1_31386711_A_G_b38   5.447e-02 2.020e-03    2.020e-03      1.100e-04
ENSG00000162366:1(@)Loc29   chr1_47190144_A_G_b38   9.527e-01 1.985e-04    1.985e-04      1.891e-04
ENSG00000162598:1(@)Loc38   chr1_59995061_C_A_b38   9.999e-01 1.055e-04    1.055e-04      1.055e-04
ENSG00000162607:2(@)Loc39   chr1_62436136_C_A_b38   3.670e-02 3.388e-03    3.388e-03      1.244e-04
ENSG00000116641:1(@)Loc39   chr1_62690372_A_G_b38   6.185e-01 1.079e-02    1.079e-02      6.675e-03
ENSG00000116641:1(@)Loc39   chr1_62690427_T_C_b38   5.775e-02 1.985e-03    1.985e-03      1.146e-04
ENSG00000117500:1(@)Loc57   chr1_93154836_G_A_b38   5.906e-02 2.954e-03    2.954e-03      1.745e-04
ENSG00000198890:1(@)Loc66   chr1_107056380_A_C_b38   1.361e-01 1.001e-03    1.001e-03      1.362e-04
ENSG00000198890:1(@)Loc66   chr1_107056636_A_T_b38   3.900e-01 9.177e-04    9.177e-04      3.579e-04
ENSG00000198890:1(@)Loc66   chr1_107075085_G_A_b38   2.290e-02 3.680e-02    3.680e-02      8.428e-04
ENSG00000134222:2(@)Loc67   chr1_109274968_G_T_b38   4.803e-02 4.071e-01    4.071e-01      1.955e-02
ENSG00000134222:2(@)Loc67   chr1_109275908_C_T_b38   1.152e-01 5.928e-01    5.928e-01      6.827e-02
ENSG00000143126:3(@)Loc67   chr1_109274968_G_T_b38   5.341e-04 4.071e-01    4.071e-01      2.175e-04
ENSG00000143126:3(@)Loc67   chr1_109275908_C_T_b38   3.867e-04 5.928e-01    5.928e-01      2.293e-04
ENSG00000185499:3(@)Loc77   chr1_155157915_G_A_b38   4.432e-03 2.587e-02    2.588e-02      1.147e-04
ENSG00000185499:2(@)Loc77   chr1_155208991_T_A_b38   5.462e-01 2.331e-04    2.331e-04      1.273e-04
ENSG00000143622:1(@)Loc77   chr1_155911161_G_A_b38   6.978e-01 1.509e-04    1.509e-04      1.053e-04
ENSG00000160781:1(@)Loc77   chr1_156240631_G_A_b38   1.077e-01 1.413e-03    1.413e-03      1.523e-04
ENSG00000160781:1(@)Loc77   chr1_156246108_G_A_b38   1.170e-01 1.241e-03    1.242e-03      1.453e-04
ENSG00000160781:1(@)Loc77   chr1_156249659_A_G_b38   1.164e-01 1.163e-03    1.163e-03      1.354e-04
ENSG00000160781:1(@)Loc77   chr1_156250265_T_C_b38   1.845e-01 1.163e-03    1.163e-03      2.146e-04
ENSG00000242252:2(@)Loc77   chr1_156240631_G_A_b38   1.776e-01 1.413e-03    1.413e-03      2.510e-04
ENSG00000242252:2(@)Loc77   chr1_156246108_G_A_b38   1.875e-01 1.241e-03    1.242e-03      2.328e-04
ENSG00000242252:1(@)Loc77   chr1_156240066_C_T_b38   2.258e-01 1.005e-03    1.005e-03      2.269e-04
ENSG00000242252:1(@)Loc77   chr1_156240766_C_T_b38   6.568e-01 2.291e-04    2.291e-04      1.505e-04
ENSG00000283317:2(@)Loc80   chr1_161440668_A_G_b38   6.456e-01 3.851e-02    3.851e-02      2.486e-02
ENSG00000244682:1(@)Loc80   chr1_161595591_A_G_b38   9.999e-01 2.952e-04    2.952e-04      2.951e-04
ENSG00000225217:1(@)Loc80   chr1_161595591_A_G_b38   9.997e-01 2.952e-04    2.952e-04      2.951e-04
ENSG00000233217:1(@)Loc102   chr1_200915857_C_T_b38   1.000e+00 2.312e-04    2.312e-04      2.312e-04
ENSG00000185155:1(@)Loc116   chr1_226223248_G_C_b38   9.991e-01 1.062e-04    1.062e-04      1.061e-04
ENSG00000185155:2(@)Loc116   chr1_226223616_C_T_b38   7.056e-01 1.478e-04    1.478e-04      1.043e-04
ENSG00000183023:1(@)Loc158   chr2_40439867_C_T_b38   8.297e-01 1.820e-04    1.820e-04      1.510e-04
ENSG00000197223:1(@)Loc177   chr2_68046965_T_C_b38   6.987e-01 1.853e-04    1.853e-04      1.295e-04
ENSG00000075292:1(@)Loc179   chr2_71331977_T_G_b38   2.758e-01 3.835e-04    3.835e-04      1.058e-04
ENSG00000214184:2(@)Loc197   chr2_108534035_G_A_b38   6.359e-02 3.287e-03    3.287e-03      2.090e-04
ENSG00000236255:3(@)Loc201   chr2_117819143_T_C_b38   1.249e-03 2.115e-01    2.115e-01      2.642e-04
ENSG00000153253:2(@)Loc232   chr2_164672114_G_T_b38   7.283e-04 1.487e-01    1.487e-01      1.083e-04
ENSG00000153253:2(@)Loc232   chr2_164672366_C_T_b38   7.283e-04 1.399e-01    1.399e-01      1.019e-04
ENSG00000144426:1(@)Loc252   chr2_203016111_G_A_b38   2.962e-01 3.880e-03    3.881e-03      1.149e-03
ENSG00000144426:1(@)Loc252   chr2_203016269_T_C_b38   7.177e-02 3.572e-03    3.572e-03      2.564e-04
ENSG00000115414:1(@)Loc259   chr2_215435759_T_A_b38   9.346e-03 2.100e-02    2.100e-02      1.963e-04
ENSG00000115414:1(@)Loc259   chr2_215439661_T_C_b38   4.822e-03 6.684e-01    6.684e-01      3.223e-03
ENSG00000091317:2(@)Loc300   chr3_32491518_C_T_b38   2.776e-02 8.494e-01    8.494e-01      2.358e-02
ENSG00000091317:2(@)Loc300   chr3_32496755_C_T_b38   2.857e-02 8.970e-02    8.970e-02      2.562e-03
ENSG00000011198:1(@)Loc307   chr3_43604944_A_G_b38   4.081e-02 2.586e-03    2.586e-03      1.055e-04
ENSG00000011198:1(@)Loc307   chr3_43609012_T_C_b38   4.081e-02 2.485e-03    2.485e-03      1.014e-04
ENSG00000011198:1(@)Loc307   chr3_43609537_A_G_b38   4.081e-02 2.485e-03    2.485e-03      1.014e-04
ENSG00000011198:1(@)Loc307   chr3_43612996_T_C_b38   4.081e-02 2.586e-03    2.586e-03      1.055e-04
ENSG00000011198:1(@)Loc307   chr3_43616907_T_C_b38   4.081e-02 2.485e-03    2.485e-03      1.014e-04
ENSG00000011198:1(@)Loc307   chr3_43646520_G_A_b38   2.873e-02 1.055e-02    1.055e-02      3.030e-04
ENSG00000239557:1(@)Loc312   chr3_52373025_C_T_b38   1.047e-01 1.047e-03    1.047e-03      1.096e-04
ENSG00000010319:1(@)Loc312   chr3_52433308_A_C_b38   1.622e-01 1.870e-03    1.870e-03      3.033e-04
ENSG00000163939:1(@)Loc312   chr3_52687289_G_A_b38   5.703e-02 2.436e-03    2.436e-03      1.389e-04
ENSG00000114904:1(@)Loc312   chr3_52792691_G_A_b38   1.965e-02 7.275e-03    7.275e-03      1.429e-04
ENSG00000163684:3(@)Loc316   chr3_58308140_G_A_b38   2.818e-03 1.853e-01    1.853e-01      5.220e-04
ENSG00000114023:1(@)Loc352   chr3_122411904_T_C_b38   1.601e-01 7.482e-03    7.482e-03      1.198e-03
ENSG00000114023:1(@)Loc352   chr3_122431007_C_T_b38   7.754e-02 3.058e-02    3.058e-02      2.371e-03
ENSG00000114023:1(@)Loc352   chr3_122445004_A_G_b38   3.020e-02 4.217e-03    4.217e-03      1.273e-04
ENSG00000114023:1(@)Loc352   chr3_122446643_T_C_b38   3.020e-02 4.217e-03    4.217e-03      1.273e-04
ENSG00000114023:1(@)Loc352   chr3_122449494_C_A_b38   4.091e-02 4.217e-03    4.217e-03      1.725e-04
ENSG00000114023:1(@)Loc352   chr3_122453615_T_C_b38   4.091e-02 4.217e-03    4.217e-03      1.725e-04
ENSG00000114023:1(@)Loc352   chr3_122455617_A_G_b38   4.091e-02 4.217e-03    4.217e-03      1.725e-04
ENSG00000114023:1(@)Loc352   chr3_122457116_T_TTAAGTA_b38   4.091e-02 4.217e-03    4.217e-03      1.725e-04
ENSG00000114023:1(@)Loc352   chr3_122477075_T_C_b38   4.091e-02 1.013e-02    1.013e-02      4.145e-04
ENSG00000114023:1(@)Loc352   chr3_122478503_C_CAGATCACA_b38   4.091e-02 4.217e-03    4.217e-03      1.725e-04
ENSG00000114023:1(@)Loc352   chr3_122480289_C_CAAT_b38   4.091e-02 4.217e-03    4.217e-03      1.725e-04
ENSG00000114023:1(@)Loc352   chr3_122482102_A_G_b38   4.091e-02 4.217e-03    4.217e-03      1.725e-04
ENSG00000114023:1(@)Loc352   chr3_122482332_C_G_b38   4.091e-02 9.683e-03    9.683e-03      3.962e-04
ENSG00000196981:2(@)Loc352   chr3_122393177_T_C_b38   1.928e-02 5.863e-03    5.863e-03      1.130e-04
ENSG00000196981:2(@)Loc352   chr3_122396019_T_C_b38   1.928e-02 7.450e-03    7.450e-03      1.436e-04
ENSG00000196981:2(@)Loc352   chr3_122396939_T_TC_b38   2.460e-02 4.118e-03    4.118e-03      1.013e-04
ENSG00000196981:2(@)Loc352   chr3_122398191_C_T_b38   4.118e-02 5.709e-03    5.709e-03      2.351e-04
ENSG00000196981:2(@)Loc352   chr3_122416042_T_A_b38   6.715e-01 1.627e-02    1.627e-02      1.092e-02
ENSG00000196981:2(@)Loc352   chr3_122440051_G_C_b38   2.113e-02 1.255e-02    1.255e-02      2.651e-04
ENSG00000114030:1(@)Loc352   chr3_122495198_C_T_b38   1.658e-01 8.770e-04    8.770e-04      1.454e-04
ENSG00000138496:2(@)Loc352   chr3_122564248_G_A_b38   2.948e-01 3.613e-04    3.613e-04      1.065e-04
ENSG00000138246:2(@)Loc358   chr3_132417408_G_A_b38   3.029e-01 6.007e-04    6.007e-04      1.820e-04
ENSG00000138246:2(@)Loc358   chr3_132444356_G_T_b38   3.898e-03 3.659e-01    3.659e-01      1.426e-03
ENSG00000186432:1(@)Loc375   chr3_160565338_A_C_b38   2.773e-01 5.207e-04    5.207e-04      1.444e-04
ENSG00000175920:4(@)Loc402   chr4_3442204_A_G_b38   6.074e-01 6.037e-02    6.037e-02      3.667e-02
ENSG00000109758:1(@)Loc402   chr4_3442776_G_A_b38   9.906e-01 1.613e-04    1.613e-04      1.598e-04
ENSG00000168214:1(@)Loc420   chr4_26118856_A_G_b38   1.606e-01 6.681e-04    6.682e-04      1.073e-04
ENSG00000168214:1(@)Loc420   chr4_26121236_G_T_b38   1.272e-01 2.073e-03    2.073e-03      2.637e-04
ENSG00000224097:1(@)Loc430   chr4_39481228_A_G_b38   3.348e-01 3.200e-04    3.200e-04      1.072e-04
ENSG00000138823:3(@)Loc464   chr4_99563386_G_A_b38   3.902e-03 4.825e-02    4.825e-02      1.882e-04
ENSG00000113161:2(@)Loc564   chr5_75329662_C_A_b38   9.837e-03 3.565e-01    3.565e-01      3.507e-03
ENSG00000113161:2(@)Loc564   chr5_75360714_T_C_b38   7.396e-03 6.250e-01    6.250e-01      4.623e-03
ENSG00000120306:1(@)Loc603   chr5_140153530_G_A_b38   3.192e-01 4.638e-04    4.638e-04      1.480e-04
ENSG00000113068:1(@)Loc603   chr5_140302312_G_A_b38   4.094e-01 1.549e-03    1.549e-03      6.343e-04
ENSG00000145817:1(@)Loc605   chr5_144149160_C_A_b38   7.016e-01 6.256e-04    6.256e-04      4.389e-04
ENSG00000164296:1(@)Loc608   chr5_150000596_G_C_b38   2.883e-01 4.216e-04    4.216e-04      1.216e-04
ENSG00000113716:1(@)Loc608   chr5_150003678_A_T_b38   3.011e-01 4.901e-04    4.901e-04      1.476e-04
ENSG00000113272:1(@)Loc613   chr5_157731406_C_A_b38   4.129e-01 1.387e-03    1.387e-03      5.728e-04
ENSG00000206341:2(@)Loc654   chr6_29844091_G_T_b38   3.717e-02 1.118e-02    1.118e-02      4.156e-04
ENSG00000206341:3(@)Loc654   chr6_30102205_G_C_b38   5.542e-02 3.406e-03    3.406e-03      1.887e-04
ENSG00000066379:2(@)Loc654   chr6_30063568_T_C_b38   1.000e+00 6.336e-04    6.336e-04      6.336e-04
ENSG00000270604:3(@)Loc654   chr6_30256528_C_T_b38   1.204e-02 1.851e-02    1.851e-02      2.228e-04
ENSG00000241370:1(@)Loc654   chr6_30341328_G_A_b38   5.296e-02 6.306e-03    6.306e-03      3.340e-04
ENSG00000241370:1(@)Loc654   chr6_30342723_T_C_b38   8.659e-02 5.205e-03    5.205e-03      4.507e-04
ENSG00000241370:1(@)Loc654   chr6_30345450_G_A_b38   6.276e-01 1.002e-03    1.002e-03      6.286e-04
ENSG00000241370:1(@)Loc654   chr6_30346830_A_G_b38   6.468e-02 9.365e-03    9.365e-03      6.057e-04
ENSG00000137337:1(@)Loc654   chr6_30717289_A_G_b38   9.573e-01 1.658e-04    1.658e-04      1.587e-04
ENSG00000230174:2(@)Loc655   chr6_31386405_T_C_b38   6.118e-03 5.119e-02    5.119e-02      3.132e-04
ENSG00000230174:2(@)Loc655   chr6_31393708_T_C_b38   3.976e-04 4.998e-01    4.998e-01      1.987e-04
ENSG00000204520:4(@)Loc655   chr6_31386405_T_C_b38   7.148e-03 5.119e-02    5.119e-02      3.659e-04
ENSG00000204520:4(@)Loc655   chr6_31393708_T_C_b38   8.199e-03 4.998e-01    4.998e-01      4.098e-03
ENSG00000272221:1(@)Loc655   chr6_31393708_T_C_b38   1.659e-02 4.998e-01    4.998e-01      8.293e-03
ENSG00000241106:2(@)Loc657   chr6_32828188_G_A_b38   4.002e-02 4.155e-03    4.155e-03      1.663e-04
ENSG00000241106:2(@)Loc657   chr6_32828242_C_A_b38   4.002e-02 4.155e-03    4.155e-03      1.663e-04
ENSG00000241106:2(@)Loc657   chr6_32828280_G_A_b38   1.585e-01 4.155e-03    4.155e-03      6.587e-04
ENSG00000241106:2(@)Loc657   chr6_32828281_C_T_b38   4.002e-02 4.155e-03    4.155e-03      1.663e-04
ENSG00000241106:2(@)Loc657   chr6_32828367_A_G_b38   4.002e-02 4.059e-03    4.059e-03      1.625e-04
ENSG00000241106:2(@)Loc657   chr6_32828569_T_C_b38   4.002e-02 1.909e-02    1.909e-02      7.641e-04
ENSG00000241106:2(@)Loc657   chr6_32828876_C_A_b38   4.002e-02 4.155e-03    4.155e-03      1.663e-04
ENSG00000241106:2(@)Loc657   chr6_32828908_A_G_b38   1.528e-01 1.376e-01    1.376e-01      2.103e-02
ENSG00000241106:2(@)Loc657   chr6_32828974_T_C_b38   4.002e-02 1.416e-01    1.416e-01      5.667e-03
ENSG00000241106:2(@)Loc657   chr6_32829190_G_A_b38   4.002e-02 2.575e-02    2.575e-02      1.031e-03
ENSG00000241106:2(@)Loc657   chr6_32829520_T_C_b38   1.689e-01 4.155e-03    4.155e-03      7.017e-04
ENSG00000241106:2(@)Loc657   chr6_32829584_C_T_b38   6.769e-02 1.951e-01    1.951e-01      1.320e-02
ENSG00000196821:1(@)Loc658   chr6_34656128_C_T_b38   4.930e-01 3.668e-04    3.668e-04      1.808e-04
ENSG00000196821:1(@)Loc658   chr6_34695821_C_T_b38   3.505e-02 2.711e-02    2.711e-02      9.502e-04
ENSG00000272288:1(@)Loc658   chr6_34695821_C_T_b38   8.606e-03 2.711e-02    2.711e-02      2.333e-04
ENSG00000161912:2(@)Loc662   chr6_41059781_C_T_b38   5.481e-01 2.632e-04    2.633e-04      1.443e-04
ENSG00000124713:2(@)Loc663   chr6_42960723_C_T_b38   3.572e-01 5.420e-04    5.420e-04      1.936e-04
ENSG00000124713:2(@)Loc663   chr6_42964977_C_T_b38   9.227e-03 7.483e-02    7.483e-02      6.904e-04
ENSG00000124713:1(@)Loc663   chr6_42961020_T_G_b38   5.678e-01 1.832e-04    1.832e-04      1.040e-04
ENSG00000124587:4(@)Loc663   chr6_42977112_C_T_b38   2.539e-01 5.790e-04    5.790e-04      1.470e-04
ENSG00000225791:1(@)Loc669   chr6_52577484_G_C_b38   9.994e-01 3.607e-04    3.607e-04      3.604e-04
ENSG00000216775:4(@)Loc669   chr6_52664868_A_C_b38   7.017e-01 6.469e-02    6.469e-02      4.539e-02
ENSG00000216775:4(@)Loc669   chr6_52666029_C_T_b38   7.343e-02 1.685e-02    1.685e-02      1.237e-03
ENSG00000216775:4(@)Loc669   chr6_52666092_G_A_b38   2.479e-02 8.103e-03    8.103e-03      2.009e-04
ENSG00000260273:1(@)Loc703   chr6_109383239_T_C_b38   2.671e-01 5.889e-04    5.889e-04      1.573e-04
ENSG00000260273:1(@)Loc703   chr6_109383248_A_C_b38   2.671e-01 5.889e-04    5.889e-04      1.573e-04
ENSG00000155085:1(@)Loc703   chr6_109634847_C_T_b38   1.707e-01 1.164e-03    1.164e-03      1.987e-04
ENSG00000155085:1(@)Loc703   chr6_109690255_T_C_b38   5.501e-01 6.728e-04    6.728e-04      3.701e-04
ENSG00000112339:2(@)Loc719   chr6_135090090_T_C_b38   2.647e-03 1.140e-01    1.141e-01      3.019e-04
ENSG00000112339:2(@)Loc719   chr6_135105435_A_G_b38   3.869e-02 3.475e-02    3.475e-02      1.345e-03
ENSG00000112339:2(@)Loc719   chr6_135106006_C_A_b38   8.518e-03 9.210e-02    9.210e-02      7.845e-04
ENSG00000164850:1(@)Loc744   chr7_1131138_C_T_b38   8.442e-01 1.218e-03    1.218e-03      1.028e-03
ENSG00000105877:5(@)Loc761   chr7_21567734_T_C_b38   9.807e-04 8.987e-01    8.987e-01      8.813e-04
ENSG00000211698:2(@)Loc770   chr7_38352734_C_A_b38   5.287e-01 2.662e-04    2.663e-04      1.408e-04
ENSG00000158604:1(@)Loc774   chr7_44561096_G_A_b38   1.146e-02 1.719e-02    1.719e-02      1.970e-04
ENSG00000158604:1(@)Loc774   chr7_44562588_G_T_b38   2.020e-02 5.071e-03    5.071e-03      1.024e-04
ENSG00000127948:1(@)Loc790   chr7_75985459_G_A_b38   9.997e-01 1.109e-04    1.109e-04      1.108e-04
ENSG00000272950:1(@)Loc802   chr7_98286323_T_G_b38   1.837e-01 3.619e-03    3.619e-03      6.648e-04
ENSG00000272950:1(@)Loc802   chr7_98286325_A_G_b38   1.837e-01 3.619e-03    3.619e-03      6.648e-04
ENSG00000272950:1(@)Loc802   chr7_98291311_A_G_b38   1.837e-01 2.999e-03    2.999e-03      5.509e-04
ENSG00000272950:1(@)Loc802   chr7_98300261_TC_T_b38   1.724e-01 3.482e-03    3.482e-03      6.003e-04
ENSG00000272950:1(@)Loc802   chr7_98312758_C_CTG_b38   8.678e-02 4.212e-03    4.212e-03      3.655e-04
ENSG00000272950:1(@)Loc802   chr7_98316987_C_CT_b38   3.725e-02 4.212e-03    4.212e-03      1.569e-04
ENSG00000272950:1(@)Loc802   chr7_98320502_C_T_b38   1.006e-01 4.212e-03    4.212e-03      4.236e-04
ENSG00000233609:2(@)Loc852   chr8_8961676_T_A_b38   1.366e-01 2.636e-03    2.636e-03      3.599e-04
ENSG00000158856:1(@)Loc864   chr8_22049068_AGGGGCC_A_b38   1.000e+00 2.020e-04    2.020e-04      2.020e-04
ENSG00000147454:1(@)Loc865   chr8_23528321_A_G_b38   9.976e-01 8.832e-04    8.832e-04      8.811e-04
ENSG00000164695:2(@)Loc899   chr8_81732207_G_A_b38   7.596e-01 1.417e-04    1.417e-04      1.077e-04
ENSG00000178719:1(@)Loc935   chr8_143948489_G_T_b38   8.068e-04 9.999e-01    9.999e-01      8.067e-04
ENSG00000178209:1(@)Loc935   chr8_143948489_G_T_b38   4.930e-02 9.999e-01    9.999e-01      4.930e-02
ENSG00000137154:2(@)Loc950   chr9_19367112_G_A_b38   3.525e-02 3.391e-03    3.391e-03      1.195e-04
ENSG00000137154:2(@)Loc950   chr9_19376146_C_T_b38   8.327e-02 1.854e-03    1.854e-03      1.544e-04
ENSG00000272842:1(@)Loc950   chr9_19376260_G_C_b38   2.065e-01 7.041e-04    7.041e-04      1.454e-04
ENSG00000272842:1(@)Loc950   chr9_19389083_A_AATTAAACTTAATTT_b38   7.181e-02 1.101e-02    1.101e-02      7.909e-04
ENSG00000272842:1(@)Loc950   chr9_19389084_G_T_b38   7.181e-02 1.101e-02    1.101e-02      7.909e-04
ENSG00000272842:1(@)Loc950   chr9_19389086_G_GTTAATTTAATTTAATTAAACTAAAATTATA_b38   7.181e-02 1.101e-02    1.101e-02      7.909e-04
ENSG00000273226:1(@)Loc950   chr9_19375840_TGGTATCCACTAAAACTA_T_b38   7.860e-01 6.737e-04    6.737e-04      5.296e-04
ENSG00000273226:1(@)Loc950   chr9_19376260_G_C_b38   1.717e-01 7.041e-04    7.041e-04      1.209e-04
ENSG00000177076:2(@)Loc950   chr9_19406180_C_T_b38   1.094e-03 9.418e-02    9.418e-02      1.031e-04
ENSG00000147955:1(@)Loc962   chr9_34652333_A_G_b38   4.256e-02 2.922e-03    2.922e-03      1.244e-04
ENSG00000230074:1(@)Loc962   chr9_34677541_T_C_b38   7.934e-01 1.514e-04    1.514e-04      1.201e-04
ENSG00000119326:2(@)Loc990   chr9_109013222_C_G_b38   5.098e-01 2.710e-04    2.710e-04      1.381e-04
ENSG00000260230:1(@)Loc990   chr9_109165443_G_A_b38   7.431e-01 2.362e-04    2.362e-04      1.755e-04
ENSG00000198917:2(@)Loc1001   chr9_128829615_G_C_b38   1.177e-01 1.356e-03    1.356e-03      1.597e-04
ENSG00000136816:2(@)Loc1002   chr9_129804387_G_A_b38   9.998e-01 1.386e-04    1.386e-04      1.385e-04
ENSG00000242147:3(@)Loc1015   chr10_5616794_G_A_b38   6.602e-01 1.889e-04    1.889e-04      1.247e-04
ENSG00000057608:1(@)Loc1015   chr10_5813440_G_C_b38   9.795e-01 2.870e-03    2.870e-03      2.811e-03
ENSG00000229124:3(@)Loc1023   chr10_17218291_A_G_b38   5.929e-04 4.054e-01    4.054e-01      2.404e-04
ENSG00000156521:1(@)Loc1055   chr10_70146254_C_G_b38   3.577e-01 3.741e-04    3.741e-04      1.338e-04
ENSG00000138190:2(@)Loc1068   chr10_92813793_A_G_b38   3.679e-03 4.349e-02    4.349e-02      1.600e-04
ENSG00000138190:2(@)Loc1068   chr10_93002299_G_A_b38   2.588e-03 1.370e-01    1.370e-01      3.545e-04
ENSG00000138190:2(@)Loc1068   chr10_93002583_G_A_b38   2.588e-03 1.016e-01    1.016e-01      2.628e-04
ENSG00000119965:1(@)Loc1086   chr10_122927140_T_C_b38   1.605e-01 6.525e-04    6.525e-04      1.047e-04
ENSG00000119965:1(@)Loc1086   chr10_122933070_A_G_b38   3.610e-01 7.864e-02    7.864e-02      2.839e-02
ENSG00000119965:1(@)Loc1086   chr10_122934071_G_T_b38   3.880e-01 2.031e-03    2.032e-03      7.881e-04
ENSG00000119965:1(@)Loc1086   chr10_122945179_C_T_b38   8.398e-02 1.623e-03    1.623e-03      1.363e-04
ENSG00000119965:2(@)Loc1086   chr10_122953445_A_G_b38   1.755e-01 1.640e-03    1.640e-03      2.878e-04
ENSG00000132274:1(@)Loc1098   chr11_5691030_G_A_b38   1.272e-01 9.170e-04    9.170e-04      1.167e-04
ENSG00000256282:2(@)Loc1107   chr11_18634724_C_T_b38   3.356e-04 9.211e-01    9.211e-01      3.091e-04
ENSG00000179119:1(@)Loc1107   chr11_18611437_T_C_b38   4.076e-03 7.889e-02    7.889e-02      3.216e-04
ENSG00000179119:1(@)Loc1107   chr11_18634724_C_T_b38   2.172e-02 9.211e-01    9.211e-01      2.000e-02
ENSG00000175224:1(@)Loc1122   chr11_46580054_C_T_b38   4.300e-01 2.585e-04    2.585e-04      1.111e-04
ENSG00000110492:1(@)Loc1122   chr11_46381302_A_G_b38   8.895e-01 1.394e-04    1.394e-04      1.240e-04
ENSG00000175220:1(@)Loc1122   chr11_46700671_T_C_b38   6.373e-01 3.511e-04    3.511e-04      2.237e-04
ENSG00000134825:1(@)Loc1128   chr11_61785208_G_T_b38   2.516e-02 7.036e-03    7.036e-03      1.771e-04
ENSG00000134825:1(@)Loc1128   chr11_61790331_T_C_b38   2.794e-02 3.373e-02    3.373e-02      9.425e-04
ENSG00000134825:1(@)Loc1128   chr11_61802358_C_T_b38   1.182e-02 1.637e-02    1.637e-02      1.934e-04
ENSG00000134825:1(@)Loc1128   chr11_61804006_T_C_b38   6.702e-03 3.634e-02    3.634e-02      2.436e-04
ENSG00000149485:1(@)Loc1128   chr11_61802358_C_T_b38   1.522e-02 1.637e-02    1.637e-02      2.490e-04
ENSG00000149485:1(@)Loc1128   chr11_61804006_T_C_b38   1.522e-02 3.634e-02    3.634e-02      5.530e-04
ENSG00000149485:1(@)Loc1128   chr11_61830500_A_G_b38   3.381e-02 2.963e-01    2.963e-01      1.002e-02
ENSG00000149485:1(@)Loc1128   chr11_61836038_C_A_b38   1.081e-02 5.663e-02    5.663e-02      6.122e-04
ENSG00000149485:1(@)Loc1128   chr11_61837342_C_A_b38   9.026e-03 2.241e-01    2.241e-01      2.023e-03
ENSG00000149485:1(@)Loc1128   chr11_61842278_C_T_b38   7.242e-03 3.273e-01    3.273e-01      2.370e-03
ENSG00000197136:1(@)Loc1130   chr11_65613445_G_A_b38   1.025e-01 1.621e-03    1.621e-03      1.662e-04
ENSG00000197136:1(@)Loc1130   chr11_65619907_T_A_b38   1.746e-01 7.008e-04    7.008e-04      1.223e-04
ENSG00000197136:1(@)Loc1130   chr11_65622419_G_C_b38   5.728e-02 1.797e-03    1.797e-03      1.029e-04
ENSG00000173327:1(@)Loc1130   chr11_65613445_G_A_b38   9.878e-01 1.621e-03    1.621e-03      1.601e-03
ENSG00000174576:1(@)Loc1131   chr11_66421433_T_C_b38   1.149e-01 1.131e-03    1.131e-03      1.299e-04
ENSG00000254986:1(@)Loc1131   chr11_66480373_G_A_b38   3.657e-01 1.113e-03    1.113e-03      4.069e-04
ENSG00000254986:1(@)Loc1131   chr11_66483367_A_C_b38   1.471e-01 1.113e-03    1.113e-03      1.637e-04
ENSG00000255517:1(@)Loc1131   chr11_66478465_C_T_b38   4.604e-01 1.113e-03    1.113e-03      5.123e-04
ENSG00000255517:1(@)Loc1131   chr11_66478599_G_GAC_b38   1.652e-01 1.113e-03    1.113e-03      1.838e-04
ENSG00000255517:1(@)Loc1131   chr11_66480373_G_A_b38   9.142e-02 1.113e-03    1.113e-03      1.017e-04
ENSG00000174165:1(@)Loc1131   chr11_66545555_A_G_b38   2.240e-01 7.272e-04    7.272e-04      1.629e-04
ENSG00000174165:1(@)Loc1131   chr11_66545732_T_C_b38   2.461e-01 6.731e-04    6.731e-04      1.657e-04
ENSG00000033327:1(@)Loc1137   chr11_78417351_CA_C_b38   7.610e-01 1.459e-04    1.459e-04      1.110e-04
ENSG00000118096:1(@)Loc1165   chr11_118559049_T_G_b38   1.911e-01 1.381e-03    1.381e-03      2.640e-04
ENSG00000118096:1(@)Loc1165   chr11_118559804_C_T_b38   1.911e-01 1.381e-03    1.381e-03      2.640e-04
ENSG00000019144:1(@)Loc1165   chr11_118615352_T_C_b38   2.165e-01 1.807e-02    1.807e-02      3.911e-03
ENSG00000154127:2(@)Loc1168   chr11_122655793_A_C_b38   1.980e-02 6.102e-03    6.102e-03      1.208e-04
ENSG00000154127:2(@)Loc1168   chr11_122655893_C_T_b38   1.980e-02 6.721e-03    6.721e-03      1.331e-04
ENSG00000110080:2(@)Loc1171   chr11_126358764_T_G_b38   1.328e-02 9.467e-02    9.467e-02      1.258e-03
ENSG00000255327:1(@)Loc1178   chr11_134951476_C_T_b38   9.855e-01 2.177e-04    2.177e-04      2.145e-04
ENSG00000215039:4(@)Loc1185   chr12_6448375_C_T_b38   5.658e-01 2.506e-04    2.507e-04      1.418e-04
ENSG00000126746:2(@)Loc1185   chr12_6689466_A_C_b38   9.999e-01 1.049e-04    1.049e-04      1.048e-04
ENSG00000003056:1(@)Loc1187   chr12_8929985_A_G_b38   5.605e-02 4.654e-02    4.654e-02      2.609e-03
ENSG00000003056:1(@)Loc1187   chr12_8946399_G_GAAC_b38   9.425e-01 1.291e-04    1.291e-04      1.217e-04
ENSG00000066084:1(@)Loc1209   chr12_50508099_T_C_b38   5.883e-03 9.260e-02    9.260e-02      5.448e-04
ENSG00000139546:1(@)Loc1211   chr12_53499247_C_T_b38   3.442e-01 4.969e-04    4.969e-04      1.710e-04
ENSG00000139546:1(@)Loc1211   chr12_53503200_G_A_b38   3.706e-01 1.291e-03    1.291e-03      4.786e-04
ENSG00000205352:1(@)Loc1211   chr12_53446172_C_G_b38   9.998e-01 2.507e-04    2.507e-04      2.507e-04
ENSG00000258302:2(@)Loc1232   chr12_89536849_C_T_b38   4.007e-02 2.753e-03    2.753e-03      1.103e-04
ENSG00000258302:2(@)Loc1232   chr12_89539596_A_G_b38   8.222e-02 2.291e-03    2.291e-03      1.884e-04
ENSG00000270028:3(@)Loc1253   chr12_123929551_C_T_b38   2.966e-02 9.186e-03    9.186e-03      2.724e-04
ENSG00000270028:3(@)Loc1253   chr12_123935181_C_T_b38   1.481e-02 1.912e-02    1.912e-02      2.832e-04
ENSG00000270028:3(@)Loc1253   chr12_123955563_C_A_b38   9.217e-03 2.888e-02    2.888e-02      2.662e-04
ENSG00000197653:2(@)Loc1253   chr12_123935181_C_T_b38   6.431e-03 1.912e-02    1.912e-02      1.230e-04
ENSG00000197653:2(@)Loc1253   chr12_123955563_C_A_b38   5.574e-03 2.888e-02    2.888e-02      1.610e-04
ENSG00000197653:2(@)Loc1253   chr12_123961706_T_C_b38   1.040e-01 9.626e-04    9.626e-04      1.001e-04
ENSG00000197653:2(@)Loc1253   chr12_123962069_G_A_b38   1.040e-01 9.626e-04    9.626e-04      1.001e-04
ENSG00000197653:2(@)Loc1253   chr12_123962860_A_T_b38   2.534e-01 1.383e-03    1.383e-03      3.505e-04
ENSG00000179195:1(@)Loc1253   chr12_123973455_C_A_b38   1.422e-01 1.088e-03    1.088e-03      1.547e-04
ENSG00000250091:1(@)Loc1253   chr12_123934515_A_C_b38   1.364e-01 1.262e-03    1.263e-03      1.722e-04
ENSG00000250091:1(@)Loc1253   chr12_123935181_C_T_b38   1.501e-01 1.912e-02    1.912e-02      2.871e-03
ENSG00000250091:1(@)Loc1253   chr12_123955563_C_A_b38   1.289e-02 2.888e-02    2.888e-02      3.724e-04
ENSG00000250091:1(@)Loc1253   chr12_123962860_A_T_b38   1.289e-01 1.383e-03    1.383e-03      1.782e-04
ENSG00000197653:3(@)Loc1253   chr12_123980289_G_T_b38   5.504e-03 2.361e-02    2.361e-02      1.299e-04
ENSG00000232977:2(@)Loc1264   chr13_23464268_C_T_b38   1.778e-01 8.029e-04    8.029e-04      1.427e-04
ENSG00000152749:1(@)Loc1307   chr13_94601666_T_G_b38   9.998e-01 1.206e-04    1.206e-04      1.206e-04
ENSG00000139971:1(@)Loc1348   chr14_58038693_A_T_b38   8.389e-01 1.421e-04    1.421e-04      1.192e-04
ENSG00000119599:1(@)Loc1356   chr14_72926683_G_A_b38   9.990e-01 1.007e-04    1.007e-04      1.006e-04
ENSG00000258424:1(@)Loc1367   chr14_90402098_G_A_b38   9.588e-01 2.778e-04    2.778e-04      2.664e-04
ENSG00000258666:1(@)Loc1374   chr14_100354199_A_G_b38   6.303e-01 3.039e-03    3.039e-03      1.915e-03
ENSG00000176473:1(@)Loc1374   chr14_100376441_T_C_b38   1.116e-01 1.118e-03    1.118e-03      1.248e-04
ENSG00000176473:1(@)Loc1374   chr14_100402890_G_A_b38   6.104e-01 2.237e-03    2.237e-03      1.365e-03
ENSG00000035664:1(@)Loc1407   chr15_63953744_T_C_b38   4.236e-01 3.705e-04    3.705e-04      1.570e-04
ENSG00000035664:1(@)Loc1407   chr15_63957602_C_T_b38   4.493e-01 3.701e-04    3.701e-04      1.663e-04
ENSG00000178761:1(@)Loc1413   chr15_74907551_A_G_b38   4.316e-02 2.550e-03    2.550e-03      1.101e-04
ENSG00000178802:1(@)Loc1413   chr15_74885866_G_A_b38   8.040e-02 8.705e-03    8.705e-03      6.999e-04
ENSG00000178802:1(@)Loc1413   chr15_74888780_A_G_b38   1.315e-01 9.570e-04    9.570e-04      1.258e-04
ENSG00000178802:1(@)Loc1413   chr15_74897589_A_G_b38   3.549e-02 3.306e-03    3.307e-03      1.174e-04
ENSG00000138621:3(@)Loc1413   chr15_75014807_G_A_b38   2.602e-02 4.028e-03    4.028e-03      1.048e-04
ENSG00000138621:3(@)Loc1413   chr15_75037818_T_G_b38   1.042e-02 1.994e-02    1.994e-02      2.078e-04
ENSG00000131634:2(@)Loc1430   chr16_1510110_C_T_b38   2.309e-01 9.125e-04    9.125e-04      2.107e-04
ENSG00000183426:1(@)Loc1443   chr16_15036083_C_T_b38   1.000e+00 1.656e-04    1.656e-04      1.656e-04
ENSG00000183793:1(@)Loc1443   chr16_15036083_C_T_b38   9.998e-01 1.656e-04    1.656e-04      1.656e-04
ENSG00000167394:1(@)Loc1452   chr16_31074149_T_C_b38   1.281e-01 4.458e-03    4.459e-03      5.713e-04
ENSG00000262766:1(@)Loc1452   chr16_31118574_A_G_b38   9.992e-03 1.114e-02    1.114e-02      1.113e-04
ENSG00000103510:1(@)Loc1452   chr16_31120293_A_G_b38   4.866e-01 7.036e-03    7.036e-03      3.424e-03
ENSG00000103510:1(@)Loc1452   chr16_31136227_G_A_b38   5.134e-01 8.072e-03    8.072e-03      4.144e-03
ENSG00000087237:1(@)Loc1458   chr16_56954132_C_T_b38   1.361e-02 1.399e-02    1.399e-02      1.905e-04
ENSG00000087237:1(@)Loc1458   chr16_56955678_C_T_b38   3.773e-02 9.844e-01    9.844e-01      3.715e-02
ENSG00000087237:1(@)Loc1458   chr16_56959412_C_A_b38   2.911e-01 1.580e-03    1.580e-03      4.600e-04
ENSG00000261701:3(@)Loc1466   chr16_72074194_G_A_b38   9.872e-03 1.000e+00    1.000e+00      9.872e-03
ENSG00000034713:1(@)Loc1468   chr16_75558709_G_A_b38   4.875e-02 2.525e-03    2.526e-03      1.231e-04
ENSG00000091640:1(@)Loc1487   chr17_4967598_G_A_b38   4.186e-01 3.227e-04    3.227e-04      1.351e-04
ENSG00000091640:1(@)Loc1487   chr17_4968223_T_C_b38   4.186e-01 2.673e-04    2.673e-04      1.119e-04
ENSG00000196544:1(@)Loc1489   chr17_8215427_T_C_b38   1.231e-02 1.732e-02    1.732e-02      2.131e-04
ENSG00000178971:2(@)Loc1489   chr17_8247086_G_C_b38   1.767e-01 1.488e-03    1.488e-03      2.628e-04
ENSG00000198242:1(@)Loc1499   chr17_28721278_C_T_b38   1.226e-01 1.012e-03    1.013e-03      1.241e-04
ENSG00000109113:2(@)Loc1499   chr17_28708935_G_A_b38   1.509e-01 1.012e-03    1.013e-03      1.528e-04
ENSG00000109113:2(@)Loc1499   chr17_28711396_CCCCCGGCCCTAGCTCCG_C_b38   1.527e-01 8.894e-04    8.894e-04      1.358e-04
ENSG00000160606:1(@)Loc1499   chr17_28728293_C_T_b38   2.783e-01 9.569e-04    9.569e-04      2.663e-04
ENSG00000160606:1(@)Loc1499   chr17_28728422_G_A_b38   2.783e-01 8.587e-04    8.587e-04      2.390e-04
ENSG00000167525:2(@)Loc1499   chr17_28711396_CCCCCGGCCCTAGCTCCG_C_b38   2.054e-01 8.894e-04    8.894e-04      1.827e-04
ENSG00000167525:2(@)Loc1499   chr17_28711515_G_A_b38   3.673e-01 1.012e-03    1.013e-03      3.719e-04
ENSG00000173065:1(@)Loc1499   chr17_28840955_C_G_b38   2.335e-02 5.245e-03    5.245e-03      1.225e-04
ENSG00000173065:1(@)Loc1499   chr17_28842719_T_TGCCGCCC_b38   1.077e-01 2.301e-03    2.301e-03      2.478e-04
ENSG00000173065:1(@)Loc1499   chr17_28842872_G_C_b38   2.942e-01 1.975e-03    1.975e-03      5.810e-04
ENSG00000173065:1(@)Loc1499   chr17_28851743_C_T_b38   2.336e-02 6.739e-03    6.739e-03      1.575e-04
ENSG00000176390:2(@)Loc1500   chr17_30799933_G_A_b38   2.800e-01 5.112e-04    5.112e-04      1.431e-04
ENSG00000267185:1(@)Loc1507   chr17_42483383_C_T_b38   5.050e-01 7.251e-04    7.251e-04      3.662e-04
ENSG00000267185:1(@)Loc1507   chr17_42630371_C_T_b38   4.714e-01 7.010e-04    7.010e-04      3.304e-04
ENSG00000182963:1(@)Loc1508   chr17_44824516_T_C_b38   3.839e-01 4.869e-04    4.869e-04      1.869e-04
ENSG00000182963:1(@)Loc1508   chr17_44826427_G_A_b38   6.159e-01 4.869e-04    4.869e-04      2.999e-04
ENSG00000276790:1(@)Loc1509   chr17_47314438_T_C_b38   5.304e-04 4.905e-01    4.905e-01      2.602e-04
ENSG00000276790:1(@)Loc1509   chr17_47361586_C_T_b38   8.722e-04 5.009e-01    5.009e-01      4.369e-04
ENSG00000263293:1(@)Loc1509   chr17_47314438_T_C_b38   5.364e-03 4.905e-01    4.905e-01      2.631e-03
ENSG00000006025:2(@)Loc1510   chr17_47807621_T_C_b38   9.176e-01 1.391e-04    1.391e-04      1.276e-04
ENSG00000141295:1(@)Loc1510   chr17_47834936_C_T_b38   8.957e-01 1.275e-04    1.275e-04      1.142e-04
ENSG00000082641:1(@)Loc1510   chr17_48048754_G_A_b38   5.474e-01 4.537e-04    4.537e-04      2.484e-04
ENSG00000141378:1(@)Loc1517   chr17_59712845_T_C_b38   2.100e-02 9.261e-03    9.261e-03      1.945e-04
ENSG00000154845:1(@)Loc1536   chr18_9615853_C_T_b38   7.799e-01 1.920e-04    1.920e-04      1.497e-04
ENSG00000154845:1(@)Loc1536   chr18_9621843_C_T_b38   1.282e-01 8.117e-04    8.117e-04      1.041e-04
ENSG00000177576:4(@)Loc1556   chr18_49480864_G_A_b38   8.748e-02 1.172e-02    1.172e-02      1.025e-03
ENSG00000119537:1(@)Loc1564   chr18_63367187_T_G_b38   9.999e-01 2.180e-04    2.180e-04      2.180e-04
ENSG00000172006:1(@)Loc1580   chr19_2820107_G_A_b38   9.496e-01 1.284e-04    1.284e-04      1.219e-04
ENSG00000167674:1(@)Loc1582   chr19_4478065_A_G_b38   8.063e-02 2.249e-03    2.249e-03      1.813e-04
ENSG00000267082:1(@)Loc1587   chr19_11205141_T_G_b38   2.132e-02 1.042e-02    1.042e-02      2.221e-04
ENSG00000141854:1(@)Loc1588   chr19_14072765_C_G_b38   7.314e-01 1.394e-04    1.394e-04      1.020e-04
ENSG00000254858:1(@)Loc1591   chr19_18230100_A_G_b38   3.092e-01 5.534e-04    5.534e-04      1.711e-04
ENSG00000130518:1(@)Loc1591   chr19_18275557_A_G_b38   9.999e-01 2.785e-04    2.785e-04      2.785e-04
ENSG00000188493:2(@)Loc1605   chr19_40763383_G_T_b38   5.795e-02 5.089e-03    5.089e-03      2.949e-04
ENSG00000130204:3(@)Loc1608   chr19_44886339_G_A_b38   4.882e-03 3.333e-01    3.333e-01      1.627e-03
ENSG00000142233:2(@)Loc1610   chr19_48702915_C_T_b38   3.601e-02 4.176e-01    4.176e-01      1.504e-02
ENSG00000142233:2(@)Loc1610   chr19_48703160_A_G_b38   3.601e-02 5.764e-01    5.764e-01      2.075e-02
ENSG00000142233:2(@)Loc1610   chr19_48708712_T_C_b38   3.035e-02 5.806e-03    5.806e-03      1.762e-04
ENSG00000104805:1(@)Loc1611   chr19_48921668_C_T_b38   3.380e-01 4.066e-04    4.066e-04      1.374e-04
ENSG00000167646:1(@)Loc1614   chr19_55166155_C_T_b38   9.995e-01 1.247e-04    1.247e-04      1.247e-04
ENSG00000101004:1(@)Loc1635   chr20_25554182_A_G_b38   2.712e-01 3.820e-04    3.820e-04      1.036e-04
ENSG00000215529:1(@)Loc1635   chr20_32858839_A_G_b38   6.207e-01 3.597e-04    3.598e-04      2.233e-04
ENSG00000101019:1(@)Loc1637   chr20_35413255_C_T_b38   4.221e-02 3.053e-03    3.053e-03      1.289e-04
ENSG00000126001:1(@)Loc1637   chr20_35458678_G_A_b38   2.857e-02 9.136e-02    9.136e-02      2.610e-03
ENSG00000125965:1(@)Loc1637   chr20_35458678_G_A_b38   3.805e-03 9.136e-02    9.136e-02      3.476e-04
ENSG00000125991:2(@)Loc1637   chr20_35566823_C_T_b38   3.080e-04 5.424e-01    5.424e-01      1.671e-04
ENSG00000244005:2(@)Loc1637   chr20_35697520_C_T_b38   8.224e-03 1.523e-02    1.523e-02      1.252e-04
ENSG00000224497:1(@)Loc1637   chr20_35543647_C_T_b38   9.628e-01 1.643e-03    1.643e-03      1.582e-03
ENSG00000101246:1(@)Loc1654   chr20_63707707_C_G_b38   4.630e-01 3.524e-04    3.524e-04      1.631e-04
ENSG00000171703:1(@)Loc1654   chr20_64064578_G_A_b38   8.797e-01 2.462e-03    2.463e-03      2.166e-03
ENSG00000171703:1(@)Loc1654   chr20_64074752_A_G_b38   1.153e-01 2.145e-03    2.145e-03      2.473e-04
ENSG00000171700:1(@)Loc1654   chr20_64076174_C_T_b38   1.412e-01 1.290e-03    1.290e-03      1.821e-04
ENSG00000171700:1(@)Loc1654   chr20_64077921_G_A_b38   1.312e-01 1.627e-03    1.627e-03      2.135e-04
ENSG00000171700:1(@)Loc1654   chr20_64080700_T_C_b38   6.957e-01 1.450e-03    1.450e-03      1.009e-03
ENSG00000125510:1(@)Loc1654   chr20_64080700_T_C_b38   9.984e-01 1.450e-03    1.450e-03      1.448e-03
ENSG00000160298:1(@)Loc1678   chr21_46326968_A_G_b38   1.667e-01 1.279e-03    1.279e-03      2.133e-04
ENSG00000239415:1(@)Loc1678   chr21_46249189_C_A_b38   1.613e-01 7.362e-04    7.362e-04      1.188e-04
ENSG00000215424:2(@)Loc1678   chr21_46251361_A_AAAT_b38   7.990e-01 6.230e-04    6.230e-04      4.977e-04
ENSG00000160299:1(@)Loc1678   chr21_46324123_CG_C_b38   4.930e-01 6.861e-04    6.861e-04      3.382e-04
ENSG00000182362:3(@)Loc1678   chr21_46306418_C_G_b38   9.993e-01 6.474e-04    6.474e-04      6.469e-04
ENSG00000184076:2(@)Loc1688   chr22_29802036_C_T_b38   4.813e-03 2.944e-02    2.944e-02      1.417e-04
ENSG00000100284:1(@)Loc1692   chr22_35297379_AAAAT_A_b38   3.285e-02 4.496e-03    4.496e-03      1.477e-04
ENSG00000100284:1(@)Loc1692   chr22_35297785_T_C_b38   3.394e-02 3.858e-03    3.858e-03      1.309e-04
ENSG00000100284:1(@)Loc1692   chr22_35298302_A_G_b38   5.624e-02 3.522e-03    3.522e-03      1.981e-04
ENSG00000100284:1(@)Loc1692   chr22_35298900_C_A_b38   1.494e-01 3.366e-03    3.366e-03      5.028e-04
ENSG00000100284:1(@)Loc1692   chr22_35299680_GC_G_b38   1.494e-01 4.168e-03    4.168e-03      6.226e-04
ENSG00000100284:1(@)Loc1692   chr22_35299809_G_A_b38   3.214e-02 4.637e-03    4.637e-03      1.490e-04
ENSG00000100284:1(@)Loc1692   chr22_35301399_A_G_b38   2.558e-02 4.454e-03    4.454e-03      1.139e-04
ENSG00000100284:1(@)Loc1692   chr22_35307135_T_C_b38   3.711e-03 3.823e-02    3.823e-02      1.419e-04
ENSG00000100281:1(@)Loc1692   chr22_35258140_T_G_b38   1.500e-01 1.475e-03    1.475e-03      2.214e-04
ENSG00000100281:1(@)Loc1692   chr22_35258642_C_T_b38   8.406e-02 4.232e-03    4.232e-03      3.557e-04
ENSG00000100281:1(@)Loc1692   chr22_35259557_TA_T_b38   4.373e-02 4.232e-03    4.232e-03      1.850e-04
ENSG00000100281:1(@)Loc1692   chr22_35261293_A_G_b38   3.490e-02 4.232e-03    4.232e-03      1.477e-04
ENSG00000100281:1(@)Loc1692   chr22_35261388_A_C_b38   2.802e-02 4.232e-03    4.232e-03      1.186e-04
ENSG00000100281:1(@)Loc1692   chr22_35307135_T_C_b38   6.305e-03 3.823e-02    3.823e-02      2.410e-04
ENSG00000100299:1(@)Loc1702   chr22_50625049_T_C_b38   9.995e-01 2.623e-04    2.623e-04      2.621e-04
