Signal	SNP	PIP_qtl	PIP_gwas_marginal	PIP_gwas_qtl_prior	SCP
ENSG00000162585:1(@)Loc2   chr1_2189679_C_T_b38   9.997e-01 3.918e-04    3.917e-04      3.916e-04
ENSG00000186715:1(@)Loc12   chr1_16590442_C_T_b38   9.999e-01 1.066e-04    1.066e-04      1.065e-04
ENSG00000159363:1(@)Loc12   chr1_17011965_G_A_b38   5.554e-01 1.810e-04    1.809e-04      1.005e-04
ENSG00000188672:2(@)Loc18   chr1_25434429_C_T_b38   9.200e-04 2.652e-01    2.652e-01      2.439e-04
ENSG00000188672:2(@)Loc18   chr1_25434800_T_C_b38   9.696e-04 2.326e-01    2.326e-01      2.255e-04
ENSG00000188672:2(@)Loc18   chr1_25442446_A_G_b38   2.993e-04 4.469e-01    4.469e-01      1.338e-04
ENSG00000204178:1(@)Loc18   chr1_25434429_C_T_b38   7.460e-04 2.652e-01    2.652e-01      1.978e-04
ENSG00000204178:1(@)Loc18   chr1_25434800_T_C_b38   7.315e-04 2.326e-01    2.326e-01      1.701e-04
ENSG00000204178:1(@)Loc18   chr1_25442446_A_G_b38   2.430e-04 4.469e-01    4.469e-01      1.086e-04
ENSG00000142765:1(@)Loc19   chr1_27342119_C_T_b38   6.353e-01 2.436e-04    2.435e-04      1.547e-04
ENSG00000227533:1(@)Loc26   chr1_42959141_C_G_b38   5.979e-01 2.020e-04    2.019e-04      1.207e-04
ENSG00000116641:1(@)Loc39   chr1_62628536_A_G_b38   3.561e-03 1.193e-01    1.193e-01      4.247e-04
ENSG00000116641:1(@)Loc39   chr1_62629021_A_G_b38   3.561e-03 1.080e-01    1.080e-01      3.846e-04
ENSG00000116641:1(@)Loc39   chr1_62632564_G_A_b38   3.561e-03 7.243e-02    7.242e-02      2.579e-04
ENSG00000116641:1(@)Loc39   chr1_62668259_G_A_b38   2.448e-02 2.929e-02    2.928e-02      7.167e-04
ENSG00000116641:1(@)Loc39   chr1_62674059_C_T_b38   1.201e-02 1.905e-02    1.904e-02      2.287e-04
ENSG00000116641:1(@)Loc39   chr1_62679768_G_A_b38   4.362e-02 2.400e-02    2.400e-02      1.047e-03
ENSG00000198890:1(@)Loc66   chr1_107056380_A_C_b38   1.695e-01 1.001e-03    1.001e-03      1.696e-04
ENSG00000198890:1(@)Loc66   chr1_107056636_A_T_b38   4.191e-01 9.177e-04    9.175e-04      3.845e-04
ENSG00000198890:1(@)Loc66   chr1_107075085_G_A_b38   1.467e-02 3.680e-02    3.679e-02      5.397e-04
ENSG00000134222:1(@)Loc67   chr1_109274968_G_T_b38   3.582e-02 4.071e-01    4.071e-01      1.459e-02
ENSG00000134222:1(@)Loc67   chr1_109275908_C_T_b38   2.036e-01 5.928e-01    5.928e-01      1.207e-01
ENSG00000169242:1(@)Loc77   chr1_155133578_A_G_b38   3.084e-01 1.189e-03    1.188e-03      3.665e-04
ENSG00000169242:1(@)Loc77   chr1_155133751_A_T_b38   3.084e-01 1.173e-03    1.172e-03      3.616e-04
ENSG00000169231:1(@)Loc77   chr1_155208991_T_A_b38   6.248e-01 2.331e-04    2.331e-04      1.456e-04
ENSG00000143622:1(@)Loc77   chr1_155911161_G_A_b38   6.669e-01 1.509e-04    1.508e-04      1.006e-04
ENSG00000242252:2(@)Loc77   chr1_156240631_G_A_b38   8.908e-01 1.413e-03    1.413e-03      1.259e-03
ENSG00000242252:1(@)Loc77   chr1_156240066_C_T_b38   8.332e-01 1.005e-03    1.005e-03      8.371e-04
ENSG00000143226:1(@)Loc80   chr1_161505171_G_T_b38   4.534e-02 2.359e-03    2.359e-03      1.069e-04
ENSG00000244682:1(@)Loc80   chr1_161595591_A_G_b38   1.000e+00 2.952e-04    2.951e-04      2.951e-04
ENSG00000225217:1(@)Loc80   chr1_161595591_A_G_b38   9.986e-01 2.952e-04    2.951e-04      2.947e-04
ENSG00000120370:2(@)Loc84   chr1_170532026_T_C_b38   9.189e-01 1.143e-04    1.143e-04      1.050e-04
ENSG00000120341:1(@)Loc88   chr1_177977556_A_C_b38   1.481e-02 8.317e-02    8.315e-02      1.231e-03
ENSG00000236255:3(@)Loc201   chr2_117819143_T_C_b38   1.180e-03 2.115e-01    2.115e-01      2.495e-04
ENSG00000152127:1(@)Loc211   chr2_134259047_A_C_b38   4.419e-01 2.169e-03    2.169e-03      9.584e-04
ENSG00000138442:1(@)Loc252   chr2_203016269_T_C_b38   3.855e-02 3.572e-03    3.571e-03      1.377e-04
ENSG00000163596:2(@)Loc252   chr2_202869642_A_T_b38   2.194e-02 1.009e-02    1.009e-02      2.213e-04
ENSG00000144426:1(@)Loc252   chr2_203016111_G_A_b38   9.798e-02 3.880e-03    3.880e-03      3.801e-04
ENSG00000144426:1(@)Loc252   chr2_203016269_T_C_b38   8.138e-02 3.572e-03    3.571e-03      2.906e-04
ENSG00000115414:1(@)Loc259   chr2_215435759_T_A_b38   6.642e-03 2.100e-02    2.100e-02      1.395e-04
ENSG00000115414:1(@)Loc259   chr2_215439661_T_C_b38   7.066e-04 6.684e-01    6.684e-01      4.723e-04
ENSG00000164088:1(@)Loc312   chr3_52245578_G_A_b38   8.962e-01 1.184e-03    1.183e-03      1.061e-03
ENSG00000168273:1(@)Loc312   chr3_52541815_G_A_b38   3.874e-01 9.057e-04    9.054e-04      3.508e-04
ENSG00000114904:1(@)Loc312   chr3_52771077_A_G_b38   4.611e-01 1.336e-03    1.336e-03      6.160e-04
ENSG00000272758:2(@)Loc352   chr3_122426477_C_T_b38   8.274e-03 4.409e-02    4.408e-02      3.647e-04
ENSG00000196981:1(@)Loc352   chr3_122411904_T_C_b38   1.512e-01 7.482e-03    7.481e-03      1.131e-03
ENSG00000196981:1(@)Loc352   chr3_122416042_T_A_b38   2.680e-01 1.627e-02    1.626e-02      4.358e-03
ENSG00000196981:1(@)Loc352   chr3_122423056_C_G_b38   7.640e-02 4.278e-03    4.277e-03      3.268e-04
ENSG00000196981:1(@)Loc352   chr3_122431007_C_T_b38   2.938e-02 3.058e-02    3.057e-02      8.983e-04
ENSG00000196981:1(@)Loc352   chr3_122431437_A_G_b38   8.759e-02 4.278e-03    4.277e-03      3.746e-04
ENSG00000196981:1(@)Loc352   chr3_122440051_G_C_b38   9.307e-03 1.255e-02    1.254e-02      1.167e-04
ENSG00000196981:1(@)Loc352   chr3_122445004_A_G_b38   2.541e-02 4.217e-03    4.216e-03      1.071e-04
ENSG00000196981:1(@)Loc352   chr3_122446643_T_C_b38   2.541e-02 4.217e-03    4.216e-03      1.071e-04
ENSG00000196981:1(@)Loc352   chr3_122449494_C_A_b38   2.541e-02 4.217e-03    4.216e-03      1.071e-04
ENSG00000196981:1(@)Loc352   chr3_122453615_T_C_b38   2.541e-02 4.217e-03    4.216e-03      1.071e-04
ENSG00000196981:1(@)Loc352   chr3_122455617_A_G_b38   2.541e-02 4.217e-03    4.216e-03      1.071e-04
ENSG00000196981:1(@)Loc352   chr3_122457116_T_TTAAGTA_b38   2.541e-02 4.217e-03    4.216e-03      1.071e-04
ENSG00000138496:1(@)Loc352   chr3_122564248_G_A_b38   2.871e-01 3.613e-04    3.613e-04      1.037e-04
ENSG00000138246:2(@)Loc358   chr3_132444356_G_T_b38   5.133e-04 3.659e-01    3.659e-01      1.878e-04
ENSG00000138246:2(@)Loc358   chr3_132490359_A_G_b38   7.076e-04 3.322e-01    3.322e-01      2.351e-04
ENSG00000138246:2(@)Loc358   chr3_132500710_T_C_b38   6.812e-04 2.690e-01    2.690e-01      1.833e-04
ENSG00000145220:1(@)Loc403   chr4_4285749_G_T_b38   9.186e-01 1.683e-04    1.682e-04      1.545e-04
ENSG00000153012:1(@)Loc419   chr4_25060394_A_C_b38   1.092e-01 1.546e-03    1.545e-03      1.687e-04
ENSG00000153012:1(@)Loc419   chr4_25061926_T_G_b38   1.092e-01 1.323e-03    1.323e-03      1.445e-04
ENSG00000153012:1(@)Loc419   chr4_25062046_A_G_b38   1.092e-01 1.234e-03    1.234e-03      1.347e-04
ENSG00000138823:1(@)Loc464   chr4_99540980_A_G_b38   4.944e-03 2.204e-02    2.203e-02      1.089e-04
ENSG00000138823:1(@)Loc464   chr4_99561463_A_T_b38   2.738e-02 6.297e-03    6.296e-03      1.724e-04
ENSG00000138823:1(@)Loc464   chr4_99561550_C_T_b38   2.738e-02 6.064e-03    6.063e-03      1.660e-04
ENSG00000138823:1(@)Loc464   chr4_99562095_C_T_b38   2.738e-02 6.409e-03    6.408e-03      1.754e-04
ENSG00000138823:1(@)Loc464   chr4_99562490_C_G_b38   2.703e-02 5.804e-03    5.804e-03      1.569e-04
ENSG00000138823:1(@)Loc464   chr4_99563133_T_C_b38   5.864e-02 6.409e-03    6.408e-03      3.758e-04
ENSG00000138823:1(@)Loc464   chr4_99563386_G_A_b38   1.480e-01 4.825e-02    4.824e-02      7.138e-03
ENSG00000138823:1(@)Loc464   chr4_99564098_G_A_b38   1.480e-01 8.253e-03    8.252e-03      1.221e-03
ENSG00000138823:1(@)Loc464   chr4_99565322_C_T_b38   2.784e-02 6.091e-03    6.091e-03      1.695e-04
ENSG00000138823:1(@)Loc464   chr4_99565401_CTAT_C_b38   2.784e-02 6.409e-03    6.408e-03      1.784e-04
ENSG00000138823:1(@)Loc464   chr4_99566106_A_G_b38   2.784e-02 6.409e-03    6.408e-03      1.784e-04
ENSG00000138823:1(@)Loc464   chr4_99566158_G_A_b38   2.990e-02 6.728e-03    6.727e-03      2.012e-04
ENSG00000138823:1(@)Loc464   chr4_99566213_C_T_b38   2.784e-02 6.409e-03    6.408e-03      1.784e-04
ENSG00000138823:1(@)Loc464   chr4_99566950_GT_G_b38   1.591e-02 6.409e-03    6.408e-03      1.020e-04
ENSG00000138823:1(@)Loc464   chr4_99567423_G_C_b38   1.591e-02 6.763e-03    6.762e-03      1.076e-04
ENSG00000138823:1(@)Loc464   chr4_99568081_A_G_b38   1.591e-02 6.409e-03    6.408e-03      1.020e-04
ENSG00000138823:1(@)Loc464   chr4_99568664_C_G_b38   1.591e-02 6.409e-03    6.408e-03      1.020e-04
ENSG00000138823:1(@)Loc464   chr4_99569531_G_A_b38   1.011e-02 1.043e-02    1.043e-02      1.054e-04
ENSG00000138823:1(@)Loc464   chr4_99578973_C_T_b38   5.130e-03 3.223e-02    3.223e-02      1.653e-04
ENSG00000164181:1(@)Loc556   chr5_60844259_G_T_b38   5.501e-01 2.139e-04    2.138e-04      1.176e-04
ENSG00000113161:1(@)Loc564   chr5_75329662_C_A_b38   9.110e-03 3.565e-01    3.565e-01      3.247e-03
ENSG00000113161:1(@)Loc564   chr5_75330257_T_C_b38   9.015e-03 1.306e-02    1.305e-02      1.177e-04
ENSG00000113272:2(@)Loc613   chr5_157731406_C_A_b38   4.231e-01 1.387e-03    1.387e-03      5.869e-04
ENSG00000007944:1(@)Loc643   chr6_16108932_A_C_b38   1.263e-02 2.038e-01    2.037e-01      2.574e-03
ENSG00000228078:1(@)Loc654   chr6_30077422_G_A_b38   9.817e-01 9.227e-04    9.224e-04      9.055e-04
ENSG00000272221:1(@)Loc655   chr6_31386727_C_T_b38   2.152e-03 1.892e-01    1.892e-01      4.071e-04
ENSG00000272221:1(@)Loc655   chr6_31393708_T_C_b38   2.255e-02 4.998e-01    4.997e-01      1.127e-02
ENSG00000204287:1(@)Loc656   chr6_32444658_G_A_b38   1.271e-03 9.814e-02    9.812e-02      1.248e-04
ENSG00000204267:4(@)Loc657   chr6_32814805_C_T_b38   3.125e-02 1.967e-02    1.967e-02      6.148e-04
ENSG00000204267:4(@)Loc657   chr6_32816843_C_T_b38   3.125e-02 1.587e-02    1.587e-02      4.961e-04
ENSG00000204267:4(@)Loc657   chr6_32821703_A_G_b38   4.381e-02 2.346e-01    2.346e-01      1.028e-02
ENSG00000204267:4(@)Loc657   chr6_32828280_G_A_b38   2.613e-02 4.155e-03    4.155e-03      1.086e-04
ENSG00000204267:4(@)Loc657   chr6_32828677_C_CT_b38   2.546e-02 4.558e-03    4.557e-03      1.160e-04
ENSG00000204267:4(@)Loc657   chr6_32828876_C_A_b38   3.528e-02 4.155e-03    4.155e-03      1.466e-04
ENSG00000204267:4(@)Loc657   chr6_32828908_A_G_b38   1.791e-01 1.376e-01    1.376e-01      2.465e-02
ENSG00000204267:4(@)Loc657   chr6_32828974_T_C_b38   3.528e-02 1.416e-01    1.416e-01      4.996e-03
ENSG00000204267:4(@)Loc657   chr6_32829190_G_A_b38   3.537e-02 2.575e-02    2.575e-02      9.108e-04
ENSG00000124664:1(@)Loc658   chr6_34584959_G_A_b38   2.718e-02 1.325e-02    1.325e-02      3.602e-04
ENSG00000124664:1(@)Loc658   chr6_34585020_G_A_b38   1.998e-02 6.555e-03    6.554e-03      1.310e-04
ENSG00000124664:1(@)Loc658   chr6_34589469_C_T_b38   2.718e-02 1.404e-02    1.404e-02      3.816e-04
ENSG00000124664:1(@)Loc658   chr6_34651116_G_A_b38   5.277e-03 2.224e-02    2.224e-02      1.173e-04
ENSG00000196821:1(@)Loc658   chr6_34635914_G_A_b38   9.167e-02 1.460e-03    1.460e-03      1.338e-04
ENSG00000196821:1(@)Loc658   chr6_34648545_G_C_b38   6.151e-01 9.134e-04    9.132e-04      5.617e-04
ENSG00000196821:1(@)Loc658   chr6_34654784_AG_A_b38   2.688e-01 1.460e-03    1.460e-03      3.923e-04
ENSG00000272288:2(@)Loc658   chr6_34695821_C_T_b38   8.446e-03 2.711e-02    2.711e-02      2.289e-04
ENSG00000124562:2(@)Loc658   chr6_34760294_G_C_b38   2.053e-02 6.903e-03    6.901e-03      1.417e-04
ENSG00000124562:2(@)Loc658   chr6_34761381_G_A_b38   2.053e-02 6.903e-03    6.901e-03      1.417e-04
ENSG00000161912:2(@)Loc662   chr6_41059781_C_T_b38   4.426e-01 2.632e-04    2.632e-04      1.165e-04
ENSG00000124713:2(@)Loc663   chr6_42960279_C_G_b38   2.383e-01 5.025e-04    5.024e-04      1.197e-04
ENSG00000124713:2(@)Loc663   chr6_42960723_C_T_b38   4.839e-01 5.420e-04    5.418e-04      2.622e-04
ENSG00000124587:2(@)Loc663   chr6_42975041_A_G_b38   8.051e-01 5.783e-04    5.782e-04      4.655e-04
ENSG00000225791:2(@)Loc669   chr6_52582482_A_T_b38   1.622e-01 1.448e-03    1.448e-03      2.349e-04
ENSG00000225791:2(@)Loc669   chr6_52587180_A_C_b38   5.008e-02 3.042e-03    3.042e-03      1.523e-04
ENSG00000225791:2(@)Loc669   chr6_52587435_G_C_b38   2.542e-02 6.084e-03    6.083e-03      1.546e-04
ENSG00000225791:2(@)Loc669   chr6_52589296_T_G_b38   4.542e-02 2.511e-03    2.510e-03      1.140e-04
ENSG00000225791:2(@)Loc669   chr6_52589501_G_A_b38   3.079e-02 5.323e-02    5.322e-02      1.638e-03
ENSG00000225791:2(@)Loc669   chr6_52590103_AT_A_b38   3.079e-02 3.553e-03    3.552e-03      1.094e-04
ENSG00000225791:2(@)Loc669   chr6_52590105_AAAT_A_b38   4.176e-02 3.446e-03    3.445e-03      1.439e-04
ENSG00000225791:2(@)Loc669   chr6_52590690_T_C_b38   3.079e-02 4.547e-03    4.546e-03      1.399e-04
ENSG00000225791:2(@)Loc669   chr6_52591160_A_G_b38   4.542e-02 2.397e-03    2.397e-03      1.089e-04
ENSG00000225791:2(@)Loc669   chr6_52591634_G_A_b38   2.883e-02 3.553e-03    3.552e-03      1.024e-04
ENSG00000225791:2(@)Loc669   chr6_52591978_C_T_b38   2.883e-02 3.553e-03    3.552e-03      1.024e-04
ENSG00000225791:2(@)Loc669   chr6_52593645_C_T_b38   2.883e-02 3.553e-03    3.552e-03      1.024e-04
ENSG00000225791:2(@)Loc669   chr6_52594074_C_T_b38   2.883e-02 3.553e-03    3.552e-03      1.024e-04
ENSG00000198478:2(@)Loc684   chr6_79618275_C_T_b38   3.432e-01 5.144e-04    5.142e-04      1.765e-04
ENSG00000260273:2(@)Loc703   chr6_109383239_T_C_b38   1.836e-01 5.889e-04    5.887e-04      1.081e-04
ENSG00000260273:2(@)Loc703   chr6_109383248_A_C_b38   1.836e-01 5.889e-04    5.887e-04      1.081e-04
ENSG00000155085:1(@)Loc703   chr6_109690255_T_C_b38   4.305e-01 6.728e-04    6.726e-04      2.896e-04
ENSG00000111816:2(@)Loc707   chr6_116016340_G_A_b38   4.377e-02 3.200e-01    3.200e-01      1.401e-02
ENSG00000111816:2(@)Loc707   chr6_116061554_T_TACTA_b38   1.444e-01 1.076e-03    1.075e-03      1.553e-04
ENSG00000178425:1(@)Loc707   chr6_116016340_G_A_b38   3.479e-03 3.200e-01    3.200e-01      1.114e-03
ENSG00000178425:1(@)Loc707   chr6_116031587_C_T_b38   1.225e-03 3.418e-01    3.418e-01      4.188e-04
ENSG00000178425:1(@)Loc707   chr6_116033428_C_T_b38   1.225e-03 3.070e-01    3.070e-01      3.762e-04
ENSG00000146386:3(@)Loc722   chr6_139028014_A_C_b38   1.879e-02 9.643e-03    9.640e-03      1.811e-04
ENSG00000164849:2(@)Loc744   chr7_1044141_A_G_b38   6.724e-02 8.097e-03    8.095e-03      5.443e-04
ENSG00000015520:2(@)Loc774   chr7_44542387_T_C_b38   1.387e-03 1.236e-01    1.236e-01      1.714e-04
ENSG00000015520:2(@)Loc774   chr7_44542732_A_G_b38   1.356e-03 8.526e-01    8.526e-01      1.156e-03
ENSG00000158604:1(@)Loc774   chr7_44561096_G_A_b38   1.080e-02 1.719e-02    1.718e-02      1.856e-04
ENSG00000189077:1(@)Loc790   chr7_75994202_G_A_b38   5.425e-01 1.990e-04    1.990e-04      1.079e-04
ENSG00000189077:1(@)Loc790   chr7_76000865_C_T_b38   5.113e-02 6.169e-03    6.168e-03      3.153e-04
ENSG00000157259:1(@)Loc798   chr7_92447889_G_A_b38   6.875e-01 1.482e-04    1.481e-04      1.018e-04
ENSG00000272950:1(@)Loc802   chr7_98300261_TC_T_b38   7.383e-02 3.482e-03    3.481e-03      2.570e-04
ENSG00000272950:1(@)Loc802   chr7_98312758_C_CTG_b38   2.951e-02 4.212e-03    4.211e-03      1.243e-04
ENSG00000272950:1(@)Loc802   chr7_98316987_C_CT_b38   3.000e-02 4.212e-03    4.211e-03      1.263e-04
ENSG00000272950:1(@)Loc802   chr7_98320502_C_T_b38   2.384e-01 4.212e-03    4.211e-03      1.004e-03
ENSG00000272950:1(@)Loc802   chr7_98322009_C_T_b38   5.554e-01 4.854e-03    4.853e-03      2.695e-03
ENSG00000172354:1(@)Loc804   chr7_100694013_T_C_b38   5.166e-01 2.035e-04    2.034e-04      1.051e-04
ENSG00000233609:2(@)Loc852   chr8_8961676_T_A_b38   1.363e-01 2.636e-03    2.635e-03      3.591e-04
ENSG00000156006:1(@)Loc861   chr8_18391151_A_G_b38   1.222e-01 8.922e-03    8.920e-03      1.090e-03
ENSG00000156006:1(@)Loc861   chr8_18409062_T_C_b38   5.851e-02 3.610e-03    3.610e-03      2.112e-04
ENSG00000158856:2(@)Loc864   chr8_22049068_AGGGGCC_A_b38   9.999e-01 2.020e-04    2.020e-04      2.020e-04
ENSG00000197217:1(@)Loc865   chr8_23446943_C_A_b38   7.689e-01 3.438e-04    3.437e-04      2.642e-04
ENSG00000147454:2(@)Loc865   chr8_23532058_T_C_b38   3.310e-03 6.465e-02    6.463e-02      2.139e-04
ENSG00000104343:2(@)Loc895   chr8_73969439_G_A_b38   9.551e-03 3.611e-02    3.610e-02      3.448e-04
ENSG00000175606:1(@)Loc895   chr8_73969439_G_A_b38   5.680e-03 3.611e-02    3.610e-02      2.050e-04
ENSG00000156795:1(@)Loc921   chr8_123417155_A_G_b38   9.917e-01 1.513e-04    1.513e-04      1.500e-04
ENSG00000137154:2(@)Loc950   chr9_19376146_C_T_b38   9.345e-02 1.854e-03    1.853e-03      1.732e-04
ENSG00000137154:2(@)Loc950   chr9_19377873_T_C_b38   1.667e-01 7.041e-04    7.039e-04      1.173e-04
ENSG00000137154:2(@)Loc950   chr9_19378206_C_T_b38   1.667e-01 7.041e-04    7.039e-04      1.173e-04
ENSG00000273226:1(@)Loc950   chr9_19375840_TGGTATCCACTAAAACTA_T_b38   3.044e-01 6.737e-04    6.736e-04      2.050e-04
ENSG00000273226:1(@)Loc950   chr9_19376260_G_C_b38   6.503e-01 7.041e-04    7.039e-04      4.578e-04
ENSG00000177076:1(@)Loc950   chr9_19406180_C_T_b38   3.130e-03 9.418e-02    9.416e-02      2.948e-04
ENSG00000137070:1(@)Loc962   chr9_34652333_A_G_b38   1.464e-01 2.922e-03    2.922e-03      4.278e-04
ENSG00000147955:1(@)Loc961   chr9_34637693_T_G_b38   2.354e-01 4.345e-04    4.344e-04      1.023e-04
ENSG00000230074:1(@)Loc962   chr9_34677541_T_C_b38   8.028e-01 1.514e-04    1.513e-04      1.215e-04
ENSG00000127084:2(@)Loc982   chr9_92947377_A_G_b38   4.026e-01 3.619e-04    3.618e-04      1.457e-04
ENSG00000165029:1(@)Loc988   chr9_104891145_G_A_b38   1.066e-02 2.315e-02    2.315e-02      2.468e-04
ENSG00000165029:1(@)Loc988   chr9_104903697_C_G_b38   5.335e-02 2.299e-01    2.299e-01      1.226e-02
ENSG00000165029:1(@)Loc988   chr9_104910084_G_A_b38   1.840e-02 9.548e-02    9.546e-02      1.757e-03
ENSG00000260230:1(@)Loc990   chr9_109165443_G_A_b38   7.837e-01 2.362e-04    2.362e-04      1.851e-04
ENSG00000198917:2(@)Loc1001   chr9_128829615_G_C_b38   4.103e-01 1.356e-03    1.356e-03      5.564e-04
ENSG00000057608:1(@)Loc1015   chr10_5759269_T_G_b38   1.184e-02 1.163e-02    1.163e-02      1.376e-04
ENSG00000057608:1(@)Loc1015   chr10_5813440_G_C_b38   6.071e-01 2.870e-03    2.869e-03      1.742e-03
ENSG00000057608:1(@)Loc1015   chr10_5823294_T_C_b38   2.861e-01 9.636e-04    9.634e-04      2.756e-04
ENSG00000229124:3(@)Loc1023   chr10_17218291_A_G_b38   3.097e-04 4.054e-01    4.054e-01      1.255e-04
ENSG00000119965:2(@)Loc1086   chr10_122953445_A_G_b38   7.576e-02 1.640e-03    1.640e-03      1.242e-04
ENSG00000119965:1(@)Loc1086   chr10_122933070_A_G_b38   9.113e-02 7.864e-02    7.862e-02      7.165e-03
ENSG00000119965:1(@)Loc1086   chr10_122934071_G_T_b38   8.770e-02 2.031e-03    2.031e-03      1.781e-04
ENSG00000119965:1(@)Loc1086   chr10_122945179_C_T_b38   4.332e-01 1.623e-03    1.622e-03      7.027e-04
ENSG00000132274:1(@)Loc1098   chr11_5689666_A_C_b38   8.344e-01 1.231e-04    1.231e-04      1.027e-04
ENSG00000132274:1(@)Loc1098   chr11_5691030_G_A_b38   1.588e-01 9.170e-04    9.167e-04      1.456e-04
ENSG00000175220:1(@)Loc1122   chr11_46700671_T_C_b38   6.717e-01 3.511e-04    3.510e-04      2.358e-04
ENSG00000134825:1(@)Loc1128   chr11_61785208_G_T_b38   2.241e-02 7.036e-03    7.036e-03      1.577e-04
ENSG00000134825:1(@)Loc1128   chr11_61790331_T_C_b38   2.540e-01 3.373e-02    3.373e-02      8.566e-03
ENSG00000134825:1(@)Loc1128   chr11_61802358_C_T_b38   3.518e-02 1.637e-02    1.636e-02      5.757e-04
ENSG00000134825:1(@)Loc1128   chr11_61804006_T_C_b38   1.786e-02 3.634e-02    3.634e-02      6.489e-04
ENSG00000134825:1(@)Loc1128   chr11_61836038_C_A_b38   1.061e-02 5.663e-02    5.662e-02      6.007e-04
ENSG00000134825:1(@)Loc1128   chr11_61837342_C_A_b38   4.351e-03 2.241e-01    2.241e-01      9.751e-04
ENSG00000134825:1(@)Loc1128   chr11_61842278_C_T_b38   6.717e-03 3.273e-01    3.272e-01      2.198e-03
ENSG00000134824:3(@)Loc1128   chr11_61830500_A_G_b38   1.535e-03 2.963e-01    2.962e-01      4.546e-04
ENSG00000149485:2(@)Loc1128   chr11_61830500_A_G_b38   5.563e-03 2.963e-01    2.963e-01      1.648e-03
ENSG00000149485:2(@)Loc1128   chr11_61837342_C_A_b38   7.112e-03 2.241e-01    2.241e-01      1.594e-03
ENSG00000149485:2(@)Loc1128   chr11_61842278_C_T_b38   1.473e-03 3.273e-01    3.273e-01      4.820e-04
ENSG00000176973:1(@)Loc1130   chr11_65607024_A_C_b38   5.858e-01 1.875e-04    1.875e-04      1.098e-04
ENSG00000173327:1(@)Loc1130   chr11_65613445_G_A_b38   6.708e-01 1.621e-03    1.620e-03      1.087e-03
ENSG00000173327:1(@)Loc1130   chr11_65623014_A_C_b38   1.447e-01 1.238e-03    1.238e-03      1.790e-04
ENSG00000255517:1(@)Loc1131   chr11_66474636_A_G_b38   2.435e-01 5.826e-04    5.825e-04      1.418e-04
ENSG00000255517:1(@)Loc1131   chr11_66478866_T_C_b38   2.910e-01 9.924e-04    9.921e-04      2.887e-04
ENSG00000254986:1(@)Loc1131   chr11_66480373_G_A_b38   4.280e-01 1.113e-03    1.113e-03      4.762e-04
ENSG00000174080:2(@)Loc1131   chr11_66568700_C_A_b38   4.960e-01 7.248e-04    7.246e-04      3.594e-04
ENSG00000109917:2(@)Loc1164   chr11_116778201_G_C_b38   7.119e-04 9.837e-01    9.837e-01      7.003e-04
ENSG00000172425:1(@)Loc1165   chr11_118545538_C_T_b38   1.575e-03 6.732e-02    6.731e-02      1.060e-04
ENSG00000118096:1(@)Loc1165   chr11_118554704_G_T_b38   1.792e-02 2.156e-02    2.155e-02      3.861e-04
ENSG00000118096:1(@)Loc1165   chr11_118579031_C_T_b38   1.003e-01 1.553e-03    1.552e-03      1.557e-04
ENSG00000243431:2(@)Loc1165   chr11_118545538_C_T_b38   2.172e-03 6.732e-02    6.731e-02      1.462e-04
ENSG00000255176:1(@)Loc1165   chr11_118615352_T_C_b38   5.614e-03 1.807e-02    1.806e-02      1.014e-04
ENSG00000255176:1(@)Loc1165   chr11_118634025_T_C_b38   5.592e-02 2.192e-03    2.192e-03      1.226e-04
ENSG00000280832:2(@)Loc1171   chr11_126358764_T_G_b38   1.397e-03 9.467e-02    9.465e-02      1.322e-04
ENSG00000110080:4(@)Loc1171   chr11_126348646_A_G_b38   1.805e-03 8.003e-02    8.002e-02      1.444e-04
ENSG00000003056:1(@)Loc1187   chr12_8929985_A_G_b38   8.642e-02 4.654e-02    4.653e-02      4.021e-03
ENSG00000187950:1(@)Loc1197   chr12_29480912_G_A_b38   1.764e-02 9.905e-03    9.902e-03      1.746e-04
ENSG00000187950:1(@)Loc1197   chr12_29484214_G_A_b38   4.156e-02 4.109e-03    4.108e-03      1.707e-04
ENSG00000187950:1(@)Loc1197   chr12_29492320_T_A_b38   4.551e-02 4.778e-03    4.777e-03      2.174e-04
ENSG00000187950:1(@)Loc1197   chr12_29493137_T_C_b38   1.123e-01 3.263e-03    3.262e-03      3.664e-04
ENSG00000175548:1(@)Loc1202   chr12_38317017_C_T_b38   3.274e-01 5.646e-04    5.645e-04      1.848e-04
ENSG00000205352:1(@)Loc1211   chr12_53446172_C_G_b38   9.999e-01 2.507e-04    2.506e-04      2.506e-04
ENSG00000185482:1(@)Loc1214   chr12_57252006_T_A_b38   1.440e-01 9.379e-04    9.376e-04      1.350e-04
ENSG00000270344:1(@)Loc1232   chr12_89508442_T_C_b38   7.611e-02 3.067e-03    3.066e-03      2.334e-04
ENSG00000270344:1(@)Loc1232   chr12_89508558_G_A_b38   4.843e-02 3.686e-03    3.685e-03      1.785e-04
ENSG00000270344:1(@)Loc1232   chr12_89515207_G_A_b38   4.843e-02 2.875e-03    2.874e-03      1.392e-04
ENSG00000110880:1(@)Loc1244   chr12_108727919_G_A_b38   3.320e-01 4.938e-04    4.937e-04      1.639e-04
ENSG00000198324:2(@)Loc1245   chr12_111446804_T_C_b38   6.718e-04 5.721e-01    5.721e-01      3.843e-04
ENSG00000270048:1(@)Loc1253   chr12_123915731_C_T_b38   3.395e-01 7.435e-04    7.433e-04      2.523e-04
ENSG00000270028:1(@)Loc1253   chr12_123924955_G_A_b38   1.615e-01 8.656e-04    8.654e-04      1.398e-04
ENSG00000270028:1(@)Loc1253   chr12_123929551_C_T_b38   4.242e-02 9.186e-03    9.184e-03      3.896e-04
ENSG00000270028:1(@)Loc1253   chr12_123935181_C_T_b38   1.898e-02 1.912e-02    1.912e-02      3.629e-04
ENSG00000270028:1(@)Loc1253   chr12_123980289_G_T_b38   5.195e-03 2.361e-02    2.360e-02      1.226e-04
ENSG00000269997:1(@)Loc1253   chr12_123955563_C_A_b38   4.539e-03 2.888e-02    2.888e-02      1.311e-04
ENSG00000269997:1(@)Loc1253   chr12_123964676_C_A_b38   2.989e-02 9.307e-03    9.305e-03      2.782e-04
ENSG00000250091:1(@)Loc1253   chr12_123929551_C_T_b38   1.881e-02 9.186e-03    9.184e-03      1.727e-04
ENSG00000250091:1(@)Loc1253   chr12_123930906_T_C_b38   1.155e-01 9.092e-04    9.090e-04      1.050e-04
ENSG00000250091:1(@)Loc1253   chr12_123932791_T_C_b38   1.114e-01 9.092e-04    9.090e-04      1.013e-04
ENSG00000250091:1(@)Loc1253   chr12_123934515_A_C_b38   9.240e-02 1.262e-03    1.262e-03      1.166e-04
ENSG00000250091:1(@)Loc1253   chr12_123935181_C_T_b38   3.763e-02 1.912e-02    1.912e-02      7.194e-04
ENSG00000250091:1(@)Loc1253   chr12_123935529_C_CAGGA_b38   2.309e-01 9.092e-04    9.090e-04      2.099e-04
ENSG00000270130:1(@)Loc1253   chr12_123955563_C_A_b38   1.048e-02 2.888e-02    2.888e-02      3.025e-04
ENSG00000179195:2(@)Loc1253   chr12_123955563_C_A_b38   1.015e-02 2.888e-02    2.888e-02      2.931e-04
ENSG00000179195:2(@)Loc1253   chr12_123980289_G_T_b38   1.968e-02 2.361e-02    2.360e-02      4.644e-04
ENSG00000179195:2(@)Loc1253   chr12_123997143_A_G_b38   8.642e-03 1.301e-02    1.301e-02      1.124e-04
ENSG00000270048:2(@)Loc1253   chr12_123962861_A_T_b38   2.858e-01 1.492e-03    1.492e-03      4.264e-04
ENSG00000119242:1(@)Loc1253   chr12_123955563_C_A_b38   1.782e-02 2.888e-02    2.888e-02      5.145e-04
ENSG00000119242:1(@)Loc1253   chr12_123962860_A_T_b38   8.997e-02 1.383e-03    1.383e-03      1.244e-04
ENSG00000119242:1(@)Loc1253   chr12_123971271_C_T_b38   2.191e-01 1.307e-03    1.307e-03      2.863e-04
ENSG00000119242:1(@)Loc1253   chr12_123980289_G_T_b38   1.033e-02 2.361e-02    2.360e-02      2.437e-04
ENSG00000205978:1(@)Loc1325   chr14_24403003_T_C_b38   5.763e-02 8.032e-02    8.032e-02      4.629e-03
ENSG00000205978:1(@)Loc1325   chr14_24414681_G_A_b38   9.613e-03 9.030e-01    9.030e-01      8.681e-03
ENSG00000119599:1(@)Loc1356   chr14_72926683_G_A_b38   9.995e-01 1.007e-04    1.007e-04      1.006e-04
ENSG00000258666:1(@)Loc1374   chr14_100354199_A_G_b38   6.792e-02 3.039e-03    3.038e-03      2.063e-04
ENSG00000176473:1(@)Loc1374   chr14_100376441_T_C_b38   2.583e-01 1.118e-03    1.118e-03      2.888e-04
ENSG00000176473:1(@)Loc1374   chr14_100402890_G_A_b38   4.614e-02 2.237e-03    2.236e-03      1.032e-04
ENSG00000256705:1(@)Loc1375   chr14_101839725_C_G_b38   7.473e-01 1.492e-04    1.492e-04      1.115e-04
ENSG00000178761:1(@)Loc1413   chr15_74907551_A_G_b38   7.036e-01 2.550e-03    2.549e-03      1.794e-03
ENSG00000178741:1(@)Loc1413   chr15_74968046_G_A_b38   2.948e-01 6.158e-04    6.156e-04      1.815e-04
ENSG00000178718:1(@)Loc1413   chr15_74997381_T_C_b38   1.118e-02 2.017e-02    2.017e-02      2.255e-04
ENSG00000100726:1(@)Loc1430   chr16_1511445_A_G_b38   5.796e-01 2.437e-04    2.436e-04      1.412e-04
ENSG00000067836:1(@)Loc1432   chr16_4805278_A_G_b38   2.061e-01 8.594e-04    8.592e-04      1.771e-04
ENSG00000183793:1(@)Loc1443   chr16_15036083_C_T_b38   9.999e-01 1.656e-04    1.655e-04      1.655e-04
ENSG00000183426:1(@)Loc1443   chr16_15036083_C_T_b38   9.999e-01 1.656e-04    1.655e-04      1.655e-04
ENSG00000167395:2(@)Loc1452   chr16_31074149_T_C_b38   1.851e-01 4.458e-03    4.457e-03      8.251e-04
ENSG00000167394:1(@)Loc1452   chr16_31074149_T_C_b38   2.314e-01 4.458e-03    4.457e-03      1.031e-03
ENSG00000103507:1(@)Loc1452   chr16_31106092_C_T_b38   6.218e-02 4.297e-03    4.296e-03      2.671e-04
ENSG00000262766:1(@)Loc1452   chr16_31118574_A_G_b38   1.460e-02 1.114e-02    1.114e-02      1.626e-04
ENSG00000103510:1(@)Loc1452   chr16_31118574_A_G_b38   3.687e-02 1.114e-02    1.114e-02      4.106e-04
ENSG00000103510:1(@)Loc1452   chr16_31120293_A_G_b38   7.704e-02 7.036e-03    7.034e-03      5.419e-04
ENSG00000103510:1(@)Loc1452   chr16_31130672_C_T_b38   3.486e-02 7.702e-03    7.700e-03      2.685e-04
ENSG00000103510:1(@)Loc1452   chr16_31133898_C_T_b38   7.504e-01 4.000e-04    3.999e-04      3.001e-04
ENSG00000103510:1(@)Loc1452   chr16_31136227_G_A_b38   9.322e-02 8.072e-03    8.070e-03      7.523e-04
ENSG00000087237:1(@)Loc1458   chr16_56954132_C_T_b38   2.973e-02 1.399e-02    1.399e-02      4.161e-04
ENSG00000087237:1(@)Loc1458   chr16_56955678_C_T_b38   3.997e-02 9.844e-01    9.844e-01      3.934e-02
ENSG00000087237:1(@)Loc1458   chr16_56959412_C_A_b38   8.965e-02 1.580e-03    1.580e-03      1.417e-04
ENSG00000261701:2(@)Loc1466   chr16_72074194_G_A_b38   3.558e-02 1.000e+00    1.000e+00      3.558e-02
ENSG00000074370:1(@)Loc1486   chr17_3978051_C_T_b38   5.991e-01 1.917e-04    1.917e-04      1.149e-04
ENSG00000091640:1(@)Loc1487   chr17_4967598_G_A_b38   4.956e-01 3.227e-04    3.226e-04      1.599e-04
ENSG00000091640:1(@)Loc1487   chr17_4968223_T_C_b38   4.956e-01 2.673e-04    2.673e-04      1.325e-04
ENSG00000178977:1(@)Loc1489   chr17_8204661_G_T_b38   7.408e-03 2.336e-02    2.336e-02      1.731e-04
ENSG00000178977:1(@)Loc1489   chr17_8222223_A_G_b38   1.318e-01 1.010e-01    1.010e-01      1.331e-02
ENSG00000178977:1(@)Loc1489   chr17_8225842_A_G_b38   9.031e-02 1.650e-01    1.650e-01      1.490e-02
ENSG00000178977:1(@)Loc1489   chr17_8241236_C_T_b38   1.260e-01 1.554e-02    1.553e-02      1.957e-03
ENSG00000178977:1(@)Loc1489   chr17_8257284_T_C_b38   4.270e-03 9.345e-02    9.344e-02      3.990e-04
ENSG00000178977:1(@)Loc1489   chr17_8257831_C_T_b38   4.944e-03 2.908e-01    2.908e-01      1.438e-03
ENSG00000178971:1(@)Loc1489   chr17_8248721_C_A_b38   6.790e-01 1.540e-04    1.540e-04      1.045e-04
ENSG00000178921:1(@)Loc1489   chr17_8270449_C_T_b38   2.772e-01 3.494e-03    3.493e-03      9.684e-04
ENSG00000178921:1(@)Loc1489   chr17_8275010_C_G_b38   1.552e-01 1.610e-03    1.609e-03      2.498e-04
ENSG00000178921:1(@)Loc1489   chr17_8276405_AAAC_A_b38   9.939e-02 2.843e-03    2.842e-03      2.824e-04
ENSG00000178921:1(@)Loc1489   chr17_8282584_C_T_b38   1.552e-01 2.843e-03    2.842e-03      4.410e-04
ENSG00000226871:1(@)Loc1489   chr17_8291000_G_A_b38   2.123e-02 9.923e-03    9.920e-03      2.106e-04
ENSG00000226871:1(@)Loc1489   chr17_8316160_A_G_b38   5.133e-01 3.596e-04    3.595e-04      1.845e-04
ENSG00000184619:2(@)Loc1489   chr17_8376238_A_T_b38   3.078e-01 3.367e-04    3.366e-04      1.036e-04
ENSG00000167525:1(@)Loc1499   chr17_28711515_G_A_b38   3.806e-01 1.012e-03    1.012e-03      3.853e-04
ENSG00000076604:1(@)Loc1499   chr17_28744424_GC_G_b38   8.801e-02 1.673e-03    1.673e-03      1.472e-04
ENSG00000076604:1(@)Loc1499   chr17_28745445_G_A_b38   3.599e-02 3.499e-03    3.498e-03      1.259e-04
ENSG00000160606:1(@)Loc1499   chr17_28744424_GC_G_b38   2.393e-01 1.673e-03    1.673e-03      4.003e-04
ENSG00000160606:1(@)Loc1499   chr17_28767062_G_GT_b38   6.803e-02 2.148e-03    2.148e-03      1.461e-04
ENSG00000160606:1(@)Loc1499   chr17_28769586_C_T_b38   1.168e-01 2.356e-03    2.355e-03      2.750e-04
ENSG00000160606:1(@)Loc1499   chr17_28773749_G_A_b38   1.107e-01 2.356e-03    2.355e-03      2.608e-04
ENSG00000160606:1(@)Loc1499   chr17_28773777_G_A_b38   1.107e-01 2.356e-03    2.355e-03      2.608e-04
ENSG00000160606:1(@)Loc1499   chr17_28773906_T_A_b38   1.107e-01 2.853e-03    2.852e-03      3.158e-04
ENSG00000160606:1(@)Loc1499   chr17_28775147_T_C_b38   1.107e-01 2.356e-03    2.355e-03      2.608e-04
ENSG00000132591:1(@)Loc1499   chr17_28855926_G_A_b38   4.277e-02 6.808e-03    6.806e-03      2.911e-04
ENSG00000173065:1(@)Loc1499   chr17_28841468_G_A_b38   5.575e-02 2.103e-03    2.103e-03      1.172e-04
ENSG00000173065:1(@)Loc1499   chr17_28842719_T_TGCCGCCC_b38   1.402e-01 2.301e-03    2.301e-03      3.225e-04
ENSG00000173065:1(@)Loc1499   chr17_28842872_G_C_b38   3.670e-01 1.975e-03    1.975e-03      7.248e-04
ENSG00000172171:1(@)Loc1500   chr17_30903502_GGT_G_b38   1.055e-01 1.202e-03    1.202e-03      1.268e-04
ENSG00000108785:1(@)Loc1507   chr17_42545764_CAAT_C_b38   1.720e-01 7.545e-04    7.543e-04      1.297e-04
ENSG00000108785:1(@)Loc1507   chr17_42545768_CCCCTTGCCT_C_b38   3.646e-01 7.545e-04    7.543e-04      2.750e-04
ENSG00000108785:1(@)Loc1507   chr17_42550234_C_T_b38   2.322e-01 6.387e-04    6.386e-04      1.483e-04
ENSG00000263293:1(@)Loc1509   chr17_47314438_T_C_b38   7.401e-03 4.905e-01    4.905e-01      3.630e-03
ENSG00000141295:1(@)Loc1510   chr17_47838029_T_C_b38   9.852e-01 7.816e-04    7.814e-04      7.698e-04
ENSG00000175711:2(@)Loc1529   chr17_83032911_C_T_b38   9.042e-03 1.562e-02    1.562e-02      1.412e-04
ENSG00000175711:2(@)Loc1529   chr17_83053051_A_G_b38   7.945e-01 1.388e-04    1.388e-04      1.103e-04
ENSG00000154845:1(@)Loc1536   chr18_9615853_C_T_b38   7.002e-01 1.920e-04    1.919e-04      1.344e-04
ENSG00000154845:1(@)Loc1536   chr18_9621843_C_T_b38   1.260e-01 8.117e-04    8.115e-04      1.022e-04
ENSG00000119537:1(@)Loc1564   chr18_63367187_T_G_b38   9.997e-01 2.180e-04    2.180e-04      2.179e-04
ENSG00000267082:1(@)Loc1587   chr19_11205141_T_G_b38   2.082e-02 1.042e-02    1.042e-02      2.168e-04
ENSG00000130518:2(@)Loc1591   chr19_18274140_T_G_b38   1.680e-01 1.124e-03    1.124e-03      1.888e-04
ENSG00000081665:1(@)Loc1593   chr19_19810158_C_A_b38   1.289e-01 4.929e-03    4.928e-03      6.353e-04
ENSG00000130208:1(@)Loc1608   chr19_44908822_C_T_b38   7.734e-03 3.333e-01    3.333e-01      2.578e-03
ENSG00000130208:1(@)Loc1608   chr19_44912383_G_A_b38   3.874e-02 3.333e-01    3.333e-01      1.291e-02
ENSG00000240225:1(@)Loc1615   chr19_56368594_T_G_b38   5.698e-01 6.214e-04    6.212e-04      3.540e-04
ENSG00000240225:1(@)Loc1615   chr19_56368605_T_G_b38   4.298e-01 2.393e-04    2.393e-04      1.028e-04
ENSG00000277938:2(@)Loc1634   chr20_25228354_G_A_b38   2.195e-01 8.096e-04    8.094e-04      1.776e-04
ENSG00000277938:2(@)Loc1634   chr20_25228663_C_A_b38   5.363e-01 7.666e-04    7.664e-04      4.110e-04
ENSG00000277938:2(@)Loc1634   chr20_25230191_A_G_b38   1.049e-01 9.898e-04    9.895e-04      1.038e-04
ENSG00000126001:1(@)Loc1637   chr20_35458678_G_A_b38   5.542e-03 9.136e-02    9.134e-02      5.062e-04
ENSG00000125991:1(@)Loc1637   chr20_35540122_G_A_b38   9.103e-03 2.297e-02    2.297e-02      2.091e-04
ENSG00000125991:1(@)Loc1637   chr20_35566823_C_T_b38   2.811e-04 5.424e-01    5.423e-01      1.524e-04
ENSG00000224497:1(@)Loc1637   chr20_35545279_C_T_b38   3.721e-01 1.643e-03    1.642e-03      6.112e-04
ENSG00000224497:1(@)Loc1637   chr20_35545566_TCAA_T_b38   3.721e-01 1.643e-03    1.642e-03      6.112e-04
ENSG00000224497:1(@)Loc1637   chr20_35549038_C_T_b38   1.039e-01 1.643e-03    1.642e-03      1.706e-04
ENSG00000224497:1(@)Loc1637   chr20_35564866_C_T_b38   5.795e-03 2.579e-02    2.579e-02      1.494e-04
ENSG00000244005:1(@)Loc1637   chr20_35702115_C_T_b38   4.892e-02 1.479e-02    1.479e-02      7.233e-04
ENSG00000125510:1(@)Loc1654   chr20_64074752_A_G_b38   2.487e-01 2.145e-03    2.144e-03      5.333e-04
ENSG00000125510:1(@)Loc1654   chr20_64080106_C_T_b38   3.277e-01 6.105e-04    6.104e-04      2.000e-04
ENSG00000125510:1(@)Loc1654   chr20_64080700_T_C_b38   2.815e-01 1.450e-03    1.450e-03      4.081e-04
ENSG00000171700:1(@)Loc1654   chr20_64074752_A_G_b38   8.813e-01 2.145e-03    2.144e-03      1.890e-03
ENSG00000239415:2(@)Loc1678   chr21_46249189_C_A_b38   1.458e-01 7.362e-04    7.360e-04      1.073e-04
ENSG00000239415:2(@)Loc1678   chr21_46256266_A_G_b38   2.644e-01 6.378e-04    6.376e-04      1.686e-04
ENSG00000239415:2(@)Loc1678   chr21_46258313_G_A_b38   1.510e-01 8.308e-04    8.306e-04      1.254e-04
ENSG00000182362:3(@)Loc1678   chr21_46288340_T_C_b38   1.286e-01 9.477e-04    9.474e-04      1.219e-04
ENSG00000182362:2(@)Loc1678   chr21_46298578_C_T_b38   9.984e-01 1.002e-04    1.002e-04      1.001e-04
ENSG00000182362:1(@)Loc1678   chr21_46306418_C_G_b38   9.984e-01 6.474e-04    6.472e-04      6.462e-04
ENSG00000100281:1(@)Loc1692   chr22_35256702_C_T_b38   5.665e-02 2.441e-03    2.441e-03      1.383e-04
ENSG00000100281:1(@)Loc1692   chr22_35257480_C_T_b38   2.475e-01 3.242e-03    3.242e-03      8.022e-04
ENSG00000100299:1(@)Loc1702   chr22_50625049_T_C_b38   9.998e-01 2.623e-04    2.622e-04      2.622e-04
