Signal	SNP	PIP_qtl	PIP_gwas_marginal	PIP_gwas_qtl_prior	SCP
ENSG00000183726:1(@)Loc18   chr1_25348294_C_T_b38   1.180e-02 8.608e-03    8.607e-03      1.016e-04
ENSG00000188672:2(@)Loc18   chr1_25434429_C_T_b38   1.068e-03 2.652e-01    2.652e-01      2.831e-04
ENSG00000188672:2(@)Loc18   chr1_25434800_T_C_b38   1.068e-03 2.326e-01    2.326e-01      2.484e-04
ENSG00000188672:2(@)Loc18   chr1_25442446_A_G_b38   3.279e-04 4.469e-01    4.469e-01      1.465e-04
ENSG00000204178:1(@)Loc18   chr1_25432164_G_A_b38   1.245e-02 3.203e-02    3.203e-02      3.987e-04
ENSG00000204178:1(@)Loc18   chr1_25434429_C_T_b38   4.587e-03 2.652e-01    2.652e-01      1.216e-03
ENSG00000204178:1(@)Loc18   chr1_25434800_T_C_b38   4.587e-03 2.326e-01    2.326e-01      1.067e-03
ENSG00000204178:1(@)Loc18   chr1_25442446_A_G_b38   1.439e-03 4.469e-01    4.469e-01      6.432e-04
ENSG00000198890:1(@)Loc66   chr1_107056636_A_T_b38   5.248e-01 9.177e-04    9.176e-04      4.815e-04
ENSG00000198890:1(@)Loc66   chr1_107075085_G_A_b38   6.849e-03 3.680e-02    3.680e-02      2.520e-04
ENSG00000143126:1(@)Loc67   chr1_109274968_G_T_b38   6.133e-04 4.071e-01    4.071e-01      2.497e-04
ENSG00000143412:2(@)Loc74   chr1_150986360_A_G_b38   6.502e-03 9.701e-01    9.701e-01      6.308e-03
ENSG00000242252:1(@)Loc77   chr1_156240066_C_T_b38   1.211e-01 1.005e-03    1.005e-03      1.217e-04
ENSG00000173110:1(@)Loc80   chr1_161524532_A_C_b38   3.444e-02 3.260e-03    3.260e-03      1.123e-04
ENSG00000203747:1(@)Loc80   chr1_161551141_C_T_b38   1.473e-02 1.573e-02    1.572e-02      2.317e-04
ENSG00000203747:1(@)Loc80   chr1_161559200_A_G_b38   2.170e-03 7.139e-02    7.139e-02      1.549e-04
ENSG00000162746:1(@)Loc80   chr1_161713346_G_A_b38   5.554e-01 3.394e-04    3.393e-04      1.885e-04
ENSG00000143924:1(@)Loc158   chr2_42171778_C_A_b38   5.119e-02 8.883e-03    8.882e-03      4.547e-04
ENSG00000163586:1(@)Loc187   chr2_88129052_C_T_b38   2.883e-01 6.225e-04    6.224e-04      1.795e-04
ENSG00000163586:1(@)Loc187   chr2_88136482_G_A_b38   3.288e-01 4.412e-04    4.412e-04      1.451e-04
ENSG00000163596:1(@)Loc252   chr2_202869642_A_T_b38   2.034e-02 1.009e-02    1.009e-02      2.052e-04
ENSG00000233579:2(@)Loc252   chr2_202843584_A_G_b38   2.028e-03 4.580e-01    4.579e-01      9.288e-04
ENSG00000138442:1(@)Loc252   chr2_203016111_G_A_b38   4.466e-02 3.880e-03    3.880e-03      1.733e-04
ENSG00000138442:1(@)Loc252   chr2_203016269_T_C_b38   4.240e-02 3.572e-03    3.572e-03      1.515e-04
ENSG00000164088:2(@)Loc312   chr3_52245578_G_A_b38   3.886e-01 1.184e-03    1.184e-03      4.600e-04
ENSG00000275956:1(@)Loc312   chr3_52732590_G_A_b38   8.597e-02 1.197e-03    1.197e-03      1.029e-04
ENSG00000168297:1(@)Loc316   chr3_58308140_G_A_b38   1.598e-03 1.853e-01    1.852e-01      2.961e-04
ENSG00000272710:1(@)Loc326   chr3_75571578_G_A_b38   4.451e-01 2.375e-04    2.374e-04      1.057e-04
ENSG00000154175:1(@)Loc340   chr3_100990397_T_C_b38   1.600e-01 4.346e-03    4.345e-03      6.953e-04
ENSG00000272758:3(@)Loc352   chr3_122416042_T_A_b38   1.143e-02 1.627e-02    1.626e-02      1.859e-04
ENSG00000196981:2(@)Loc352   chr3_122411904_T_C_b38   1.468e-02 7.482e-03    7.482e-03      1.098e-04
ENSG00000196981:2(@)Loc352   chr3_122416042_T_A_b38   1.468e-01 1.627e-02    1.626e-02      2.388e-03
ENSG00000196981:2(@)Loc352   chr3_122431007_C_T_b38   4.405e-03 3.058e-02    3.057e-02      1.347e-04
ENSG00000229320:1(@)Loc375   chr3_160565338_A_C_b38   4.924e-01 5.207e-04    5.207e-04      2.564e-04
ENSG00000138823:1(@)Loc464   chr4_99563386_G_A_b38   9.871e-03 4.825e-02    4.824e-02      4.762e-04
ENSG00000066230:2(@)Loc521   chr5_524657_A_G_b38   7.868e-01 1.164e-03    1.164e-03      9.155e-04
ENSG00000145850:2(@)Loc612   chr5_156960126_G_C_b38   7.101e-04 1.655e-01    1.655e-01      1.175e-04
ENSG00000145850:2(@)Loc612   chr5_156963286_T_C_b38   8.220e-03 8.308e-01    8.308e-01      6.829e-03
ENSG00000113272:1(@)Loc613   chr5_157731406_C_A_b38   3.595e-01 1.387e-03    1.387e-03      4.987e-04
ENSG00000234127:2(@)Loc654   chr6_30164258_G_A_b38   4.603e-03 3.287e-02    3.286e-02      1.513e-04
ENSG00000243753:2(@)Loc654   chr6_30259620_C_T_b38   4.480e-02 7.167e-03    7.166e-03      3.211e-04
ENSG00000204525:2(@)Loc655   chr6_31276008_G_T_b38   7.888e-01 2.120e-04    2.120e-04      1.672e-04
ENSG00000272221:1(@)Loc655   chr6_31386727_C_T_b38   2.522e-03 1.892e-01    1.892e-01      4.773e-04
ENSG00000272221:1(@)Loc655   chr6_31386783_C_T_b38   1.502e-03 2.057e-01    2.057e-01      3.089e-04
ENSG00000272221:1(@)Loc655   chr6_31393708_T_C_b38   5.233e-03 4.998e-01    4.998e-01      2.615e-03
ENSG00000204287:1(@)Loc656   chr6_32444658_G_A_b38   1.177e-02 9.814e-02    9.813e-02      1.155e-03
ENSG00000241106:1(@)Loc657   chr6_32819279_C_T_b38   6.289e-02 2.678e-03    2.678e-03      1.684e-04
ENSG00000241106:3(@)Loc657   chr6_32814805_C_T_b38   8.630e-03 1.967e-02    1.967e-02      1.698e-04
ENSG00000241106:3(@)Loc657   chr6_32816843_C_T_b38   6.339e-02 1.587e-02    1.587e-02      1.006e-03
ENSG00000241106:3(@)Loc657   chr6_32819793_T_C_b38   2.051e-02 4.215e-02    4.215e-02      8.643e-04
ENSG00000241106:3(@)Loc657   chr6_32821703_A_G_b38   6.381e-02 2.346e-01    2.346e-01      1.497e-02
ENSG00000241106:3(@)Loc657   chr6_32826899_T_C_b38   4.391e-02 2.747e-03    2.747e-03      1.206e-04
ENSG00000241106:3(@)Loc657   chr6_32828449_G_A_b38   1.935e-02 6.575e-03    6.575e-03      1.273e-04
ENSG00000241106:3(@)Loc657   chr6_32828569_T_C_b38   1.935e-02 1.909e-02    1.909e-02      3.695e-04
ENSG00000241106:3(@)Loc657   chr6_32828908_A_G_b38   1.935e-02 1.376e-01    1.376e-01      2.664e-03
ENSG00000241106:3(@)Loc657   chr6_32828974_T_C_b38   1.935e-02 1.416e-01    1.416e-01      2.740e-03
ENSG00000241106:3(@)Loc657   chr6_32829190_G_A_b38   1.949e-02 2.575e-02    2.575e-02      5.020e-04
ENSG00000241106:3(@)Loc657   chr6_32829584_C_T_b38   1.949e-02 1.951e-01    1.951e-01      3.802e-03
ENSG00000196821:1(@)Loc658   chr6_34624313_A_G_b38   2.035e-01 3.240e-03    3.240e-03      6.594e-04
ENSG00000196821:1(@)Loc658   chr6_34651116_G_A_b38   8.210e-03 2.224e-02    2.224e-02      1.826e-04
ENSG00000196821:1(@)Loc658   chr6_34695821_C_T_b38   9.748e-02 2.711e-02    2.711e-02      2.643e-03
ENSG00000272288:2(@)Loc658   chr6_34695821_C_T_b38   1.231e-02 2.711e-02    2.711e-02      3.337e-04
ENSG00000124713:2(@)Loc663   chr6_42964977_C_T_b38   5.670e-03 7.483e-02    7.482e-02      4.242e-04
ENSG00000124587:1(@)Loc663   chr6_42977112_C_T_b38   9.353e-01 5.790e-04    5.789e-04      5.415e-04
ENSG00000225791:1(@)Loc669   chr6_52578269_G_A_b38   5.941e-01 2.471e-03    2.471e-03      1.468e-03
ENSG00000216775:2(@)Loc669   chr6_52658421_G_T_b38   2.243e-02 1.120e-02    1.120e-02      2.511e-04
ENSG00000216775:2(@)Loc669   chr6_52664868_A_C_b38   1.275e-01 6.469e-02    6.468e-02      8.247e-03
ENSG00000216775:2(@)Loc669   chr6_52666029_C_T_b38   4.231e-02 1.685e-02    1.685e-02      7.129e-04
ENSG00000216775:2(@)Loc669   chr6_52666092_G_A_b38   1.433e-01 8.103e-03    8.102e-03      1.161e-03
ENSG00000216775:2(@)Loc669   chr6_52667510_G_T_b38   9.454e-02 6.017e-03    6.017e-03      5.688e-04
ENSG00000216775:2(@)Loc669   chr6_52669209_A_ACATTGAAAGTTAAGAGTCTCTGCTGTGGATCATG_b38   4.208e-02 8.224e-03    8.224e-03      3.460e-04
ENSG00000155085:1(@)Loc703   chr6_109690255_T_C_b38   3.934e-01 6.728e-04    6.727e-04      2.646e-04
ENSG00000112339:2(@)Loc719   chr6_135090090_T_C_b38   1.181e-03 1.140e-01    1.140e-01      1.347e-04
ENSG00000112339:2(@)Loc719   chr6_135105435_A_G_b38   3.649e-03 3.475e-02    3.475e-02      1.268e-04
ENSG00000112339:2(@)Loc719   chr6_135106006_C_A_b38   2.430e-03 9.210e-02    9.209e-02      2.238e-04
ENSG00000164849:1(@)Loc744   chr7_1044141_A_G_b38   2.390e-02 8.097e-03    8.096e-03      1.935e-04
ENSG00000158604:1(@)Loc774   chr7_44561096_G_A_b38   5.138e-02 1.719e-02    1.719e-02      8.830e-04
ENSG00000158604:1(@)Loc774   chr7_44562588_G_T_b38   2.019e-02 5.071e-03    5.071e-03      1.024e-04
ENSG00000231721:1(@)Loc822   chr7_130945142_C_T_b38   4.327e-02 2.517e-03    2.517e-03      1.089e-04
ENSG00000231721:1(@)Loc822   chr7_130949717_G_T_b38   6.016e-02 3.453e-03    3.452e-03      2.077e-04
ENSG00000231721:1(@)Loc822   chr7_130951116_C_A_b38   6.016e-02 1.804e-03    1.804e-03      1.085e-04
ENSG00000233609:2(@)Loc852   chr8_8964127_A_G_b38   8.695e-02 1.295e-03    1.295e-03      1.126e-04
ENSG00000156006:1(@)Loc861   chr8_18391151_A_G_b38   1.167e-01 8.922e-03    8.922e-03      1.041e-03
ENSG00000156006:1(@)Loc861   chr8_18398199_A_G_b38   1.292e-03 3.897e-01    3.897e-01      5.037e-04
ENSG00000158856:2(@)Loc864   chr8_22049068_AGGGGCC_A_b38   8.193e-01 2.020e-04    2.020e-04      1.655e-04
ENSG00000147454:1(@)Loc865   chr8_23519648_C_T_b38   7.214e-03 1.757e-02    1.757e-02      1.267e-04
ENSG00000147454:1(@)Loc865   chr8_23532058_T_C_b38   1.213e-02 6.465e-02    6.464e-02      7.844e-04
ENSG00000178209:1(@)Loc935   chr8_143948489_G_T_b38   7.761e-03 9.999e-01    9.999e-01      7.761e-03
ENSG00000273226:1(@)Loc950   chr9_19375840_TGGTATCCACTAAAACTA_T_b38   5.484e-01 6.737e-04    6.737e-04      3.694e-04
ENSG00000273226:1(@)Loc950   chr9_19376146_C_T_b38   6.548e-02 1.854e-03    1.853e-03      1.214e-04
ENSG00000188133:1(@)Loc960   chr9_32886201_T_C_b38   8.364e-01 2.163e-04    2.163e-04      1.809e-04
ENSG00000205143:1(@)Loc961   chr9_34629163_A_G_b38   2.501e-01 4.660e-04    4.660e-04      1.166e-04
ENSG00000205143:1(@)Loc961   chr9_34629814_G_A_b38   2.501e-01 5.007e-04    5.006e-04      1.252e-04
ENSG00000107614:3(@)Loc1023   chr10_17218291_A_G_b38   6.460e-03 4.054e-01    4.054e-01      2.619e-03
ENSG00000229124:2(@)Loc1023   chr10_17218291_A_G_b38   5.892e-04 4.054e-01    4.054e-01      2.388e-04
ENSG00000187553:2(@)Loc1068   chr10_93024020_C_G_b38   3.420e-03 3.433e-02    3.432e-02      1.174e-04
ENSG00000187553:1(@)Loc1068   chr10_93060062_ACAAGAGTCGTCGGG_A_b38   1.753e-01 6.601e-04    6.601e-04      1.157e-04
ENSG00000187553:1(@)Loc1068   chr10_93063839_G_C_b38   3.549e-01 1.043e-03    1.043e-03      3.703e-04
ENSG00000138161:1(@)Loc1086   chr10_122849767_T_C_b38   9.918e-02 1.570e-03    1.570e-03      1.557e-04
ENSG00000138161:1(@)Loc1086   chr10_122850511_G_A_b38   6.607e-01 1.514e-03    1.514e-03      1.000e-03
ENSG00000119965:1(@)Loc1086   chr10_122953445_A_G_b38   5.100e-01 1.640e-03    1.640e-03      8.365e-04
ENSG00000134824:1(@)Loc1128   chr11_61830500_A_G_b38   4.090e-04 2.963e-01    2.963e-01      1.212e-04
ENSG00000134824:1(@)Loc1128   chr11_61837342_C_A_b38   4.996e-04 2.241e-01    2.241e-01      1.120e-04
ENSG00000149485:1(@)Loc1128   chr11_61830500_A_G_b38   2.182e-02 2.963e-01    2.963e-01      6.465e-03
ENSG00000149485:1(@)Loc1128   chr11_61836038_C_A_b38   1.389e-02 5.663e-02    5.662e-02      7.867e-04
ENSG00000149485:1(@)Loc1128   chr11_61837342_C_A_b38   1.640e-02 2.241e-01    2.241e-01      3.676e-03
ENSG00000149485:1(@)Loc1128   chr11_61842278_C_T_b38   3.646e-03 3.273e-01    3.273e-01      1.193e-03
ENSG00000173327:1(@)Loc1130   chr11_65613445_G_A_b38   1.180e-01 1.621e-03    1.621e-03      1.913e-04
ENSG00000255120:1(@)Loc1130   chr11_65793149_C_T_b38   7.183e-01 1.502e-04    1.502e-04      1.079e-04
ENSG00000174165:1(@)Loc1131   chr11_66545206_AT_A_b38   1.470e-01 6.966e-04    6.965e-04      1.024e-04
ENSG00000174165:1(@)Loc1131   chr11_66548041_G_C_b38   1.774e-01 6.483e-04    6.483e-04      1.150e-04
ENSG00000174080:1(@)Loc1131   chr11_66568700_C_A_b38   4.661e-01 7.248e-04    7.247e-04      3.378e-04
ENSG00000151376:1(@)Loc1141   chr11_86672590_ACT_A_b38   2.272e-01 5.159e-04    5.159e-04      1.172e-04
ENSG00000151376:1(@)Loc1141   chr11_86672834_C_A_b38   2.272e-01 5.730e-04    5.729e-04      1.302e-04
ENSG00000151376:1(@)Loc1141   chr11_86673021_C_G_b38   2.272e-01 5.730e-04    5.729e-04      1.302e-04
ENSG00000243431:1(@)Loc1165   chr11_118545538_C_T_b38   5.300e-03 6.732e-02    6.732e-02      3.568e-04
ENSG00000243431:1(@)Loc1165   chr11_118554704_G_T_b38   1.279e-02 2.156e-02    2.156e-02      2.756e-04
ENSG00000243431:1(@)Loc1165   chr11_118559804_C_T_b38   7.285e-02 1.381e-03    1.381e-03      1.006e-04
ENSG00000149582:1(@)Loc1165   chr11_118545538_C_T_b38   1.762e-03 6.732e-02    6.732e-02      1.186e-04
ENSG00000149582:1(@)Loc1165   chr11_118554704_G_T_b38   6.671e-03 2.156e-02    2.156e-02      1.438e-04
ENSG00000149582:1(@)Loc1165   chr11_118578655_A_G_b38   4.835e-03 2.227e-02    2.227e-02      1.077e-04
ENSG00000118096:1(@)Loc1165   chr11_118573229_G_A_b38   3.138e-01 9.511e-04    9.510e-04      2.984e-04
ENSG00000154127:1(@)Loc1168   chr11_122651667_T_C_b38   3.602e-03 3.745e-02    3.745e-02      1.349e-04
ENSG00000154127:1(@)Loc1168   chr11_122655793_A_C_b38   5.823e-02 6.102e-03    6.101e-03      3.553e-04
ENSG00000154127:1(@)Loc1168   chr11_122655893_C_T_b38   5.838e-02 6.721e-03    6.721e-03      3.923e-04
ENSG00000154127:1(@)Loc1168   chr11_122656412_G_A_b38   1.626e-02 6.721e-03    6.721e-03      1.093e-04
ENSG00000154127:1(@)Loc1168   chr11_122663796_T_C_b38   6.681e-03 1.101e-01    1.101e-01      7.355e-04
ENSG00000280832:1(@)Loc1171   chr11_126358764_T_G_b38   1.713e-03 9.467e-02    9.466e-02      1.622e-04
ENSG00000066084:1(@)Loc1209   chr12_50508099_T_C_b38   1.781e-02 9.260e-02    9.259e-02      1.649e-03
ENSG00000139629:1(@)Loc1209   chr12_51354542_G_A_b38   7.021e-01 2.586e-04    2.586e-04      1.816e-04
ENSG00000111252:2(@)Loc1245   chr12_111446804_T_C_b38   6.699e-04 5.721e-01    5.721e-01      3.832e-04
ENSG00000270028:1(@)Loc1253   chr12_123925982_A_T_b38   5.103e-01 3.209e-04    3.209e-04      1.637e-04
ENSG00000270028:1(@)Loc1253   chr12_123935181_C_T_b38   5.449e-03 1.912e-02    1.912e-02      1.042e-04
ENSG00000250091:1(@)Loc1253   chr12_123935181_C_T_b38   8.555e-02 1.912e-02    1.912e-02      1.636e-03
ENSG00000250091:1(@)Loc1253   chr12_123935529_C_CAGGA_b38   1.219e-01 9.092e-04    9.091e-04      1.108e-04
ENSG00000270061:1(@)Loc1253   chr12_123964676_C_A_b38   2.380e-02 9.307e-03    9.306e-03      2.215e-04
ENSG00000274330:1(@)Loc1354   chr14_70224238_T_C_b38   4.885e-02 4.683e-02    4.683e-02      2.288e-03
ENSG00000176473:1(@)Loc1374   chr14_100376300_C_G_b38   9.634e-02 2.836e-03    2.836e-03      2.732e-04
ENSG00000140474:1(@)Loc1413   chr15_74839618_A_G_b38   3.557e-02 2.854e-03    2.854e-03      1.015e-04
ENSG00000178802:1(@)Loc1413   chr15_74833304_A_C_b38   2.371e-02 1.748e-02    1.748e-02      4.143e-04
ENSG00000178802:1(@)Loc1413   chr15_74838232_A_G_b38   1.401e-01 1.723e-03    1.723e-03      2.413e-04
ENSG00000178802:1(@)Loc1413   chr15_74839618_A_G_b38   1.401e-01 2.854e-03    2.854e-03      3.997e-04
ENSG00000178802:1(@)Loc1413   chr15_74840149_C_G_b38   4.191e-01 2.623e-03    2.622e-03      1.099e-03
ENSG00000178802:1(@)Loc1413   chr15_74844353_T_C_b38   6.881e-02 2.138e-03    2.138e-03      1.471e-04
ENSG00000183426:1(@)Loc1443   chr16_15036083_C_T_b38   1.000e+00 1.656e-04    1.656e-04      1.656e-04
ENSG00000183793:1(@)Loc1443   chr16_15036083_C_T_b38   9.997e-01 1.656e-04    1.656e-04      1.655e-04
ENSG00000167395:1(@)Loc1452   chr16_31074149_T_C_b38   9.824e-02 4.458e-03    4.458e-03      4.380e-04
ENSG00000052344:1(@)Loc1452   chr16_31136227_G_A_b38   1.616e-02 8.072e-03    8.072e-03      1.305e-04
ENSG00000087237:2(@)Loc1458   chr16_56955678_C_T_b38   5.684e-04 9.844e-01    9.844e-01      5.595e-04
ENSG00000257017:1(@)Loc1466   chr16_72074194_G_A_b38   4.358e-02 1.000e+00    1.000e+00      4.358e-02
ENSG00000261701:1(@)Loc1466   chr16_72074194_G_A_b38   1.550e-01 1.000e+00    1.000e+00      1.550e-01
ENSG00000140830:1(@)Loc1466   chr16_72074194_G_A_b38   4.387e-01 1.000e+00    1.000e+00      4.387e-01
ENSG00000091640:1(@)Loc1487   chr17_4967598_G_A_b38   4.178e-01 3.227e-04    3.226e-04      1.348e-04
ENSG00000091640:1(@)Loc1487   chr17_4968223_T_C_b38   4.178e-01 2.673e-04    2.673e-04      1.117e-04
ENSG00000108961:1(@)Loc1489   chr17_8257284_T_C_b38   2.115e-03 9.345e-02    9.345e-02      1.977e-04
ENSG00000108961:1(@)Loc1489   chr17_8257831_C_T_b38   2.263e-03 2.908e-01    2.908e-01      6.580e-04
ENSG00000108961:1(@)Loc1489   chr17_8291000_G_A_b38   1.178e-02 9.923e-03    9.922e-03      1.168e-04
ENSG00000154914:1(@)Loc1490   chr17_9675330_C_T_b38   2.005e-03 1.490e-01    1.489e-01      2.987e-04
ENSG00000167525:1(@)Loc1499   chr17_28711396_CCCCCGGCCCTAGCTCCG_C_b38   5.685e-01 8.894e-04    8.893e-04      5.056e-04
ENSG00000167525:1(@)Loc1499   chr17_28711515_G_A_b38   1.917e-01 1.012e-03    1.012e-03      1.941e-04
ENSG00000263603:1(@)Loc1500   chr17_30539726_A_C_b38   5.319e-01 2.817e-04    2.817e-04      1.498e-04
ENSG00000176390:2(@)Loc1500   chr17_30729320_G_A_b38   9.990e-01 2.346e-04    2.346e-04      2.344e-04
ENSG00000108785:1(@)Loc1507   chr17_42546140_T_C_b38   6.467e-01 3.164e-04    3.164e-04      2.046e-04
ENSG00000263293:2(@)Loc1509   chr17_47314438_T_C_b38   6.848e-04 4.905e-01    4.905e-01      3.359e-04
ENSG00000276790:1(@)Loc1509   chr17_47314438_T_C_b38   6.391e-03 4.905e-01    4.905e-01      3.135e-03
ENSG00000276790:1(@)Loc1509   chr17_47361586_C_T_b38   1.791e-03 5.009e-01    5.009e-01      8.969e-04
ENSG00000178852:2(@)Loc1509   chr17_47314438_T_C_b38   6.088e-04 4.905e-01    4.905e-01      2.986e-04
ENSG00000178852:1(@)Loc1509   chr17_47361586_C_T_b38   1.133e-01 5.009e-01    5.009e-01      5.677e-02
ENSG00000108479:1(@)Loc1524   chr17_75764739_G_A_b38   8.896e-02 1.322e-03    1.322e-03      1.176e-04
ENSG00000108479:1(@)Loc1524   chr17_75765315_T_C_b38   2.207e-01 1.322e-03    1.322e-03      2.917e-04
ENSG00000132478:2(@)Loc1524   chr17_75786110_T_C_b38   1.479e-03 3.861e-01    3.861e-01      5.711e-04
ENSG00000268297:1(@)Loc1584   chr19_7788830_C_G_b38   9.999e-01 2.487e-04    2.486e-04      2.486e-04
ENSG00000268297:2(@)Loc1584   chr19_7789788_G_T_b38   7.873e-02 1.581e-03    1.581e-03      1.245e-04
ENSG00000268297:2(@)Loc1584   chr19_7790007_A_G_b38   1.065e-01 1.739e-03    1.738e-03      1.851e-04
ENSG00000268297:2(@)Loc1584   chr19_7790573_A_C_b38   6.215e-02 1.739e-03    1.738e-03      1.080e-04
ENSG00000268297:2(@)Loc1584   chr19_7790577_C_G_b38   6.215e-02 1.739e-03    1.738e-03      1.080e-04
ENSG00000268297:2(@)Loc1584   chr19_7790610_C_G_b38   6.215e-02 1.739e-03    1.738e-03      1.080e-04
ENSG00000268297:2(@)Loc1584   chr19_7790619_C_G_b38   6.215e-02 1.739e-03    1.738e-03      1.080e-04
ENSG00000268297:2(@)Loc1584   chr19_7790931_T_G_b38   6.215e-02 1.739e-03    1.738e-03      1.080e-04
ENSG00000268297:2(@)Loc1584   chr19_7791047_T_TG_b38   6.215e-02 2.041e-03    2.040e-03      1.268e-04
ENSG00000268297:2(@)Loc1584   chr19_7791048_T_TATG_b38   5.670e-02 1.915e-03    1.915e-03      1.086e-04
ENSG00000268297:2(@)Loc1584   chr19_7791072_T_G_b38   6.215e-02 1.880e-03    1.880e-03      1.168e-04
ENSG00000268297:2(@)Loc1584   chr19_7791394_C_T_b38   6.215e-02 1.739e-03    1.738e-03      1.080e-04
ENSG00000268297:2(@)Loc1584   chr19_7791437_C_T_b38   6.215e-02 1.739e-03    1.738e-03      1.080e-04
ENSG00000268297:2(@)Loc1584   chr19_7791675_T_C_b38   6.215e-02 1.717e-03    1.717e-03      1.067e-04
ENSG00000130518:1(@)Loc1591   chr19_18275557_A_G_b38   3.856e-01 2.785e-04    2.785e-04      1.074e-04
ENSG00000081665:1(@)Loc1593   chr19_19810158_C_A_b38   1.001e-01 4.929e-03    4.929e-03      4.931e-04
ENSG00000176920:1(@)Loc1610   chr19_48702915_C_T_b38   1.035e-02 4.176e-01    4.176e-01      4.322e-03
ENSG00000176920:1(@)Loc1610   chr19_48703160_A_G_b38   1.035e-02 5.764e-01    5.764e-01      5.965e-03
ENSG00000176920:1(@)Loc1610   chr19_48708712_T_C_b38   3.586e-02 5.806e-03    5.806e-03      2.082e-04
ENSG00000176909:1(@)Loc1610   chr19_48702915_C_T_b38   2.382e-03 4.176e-01    4.176e-01      9.948e-04
ENSG00000176909:1(@)Loc1610   chr19_48703160_A_G_b38   2.382e-03 5.764e-01    5.764e-01      1.373e-03
ENSG00000198093:1(@)Loc1612   chr19_51903526_G_A_b38   2.194e-01 1.172e-03    1.171e-03      2.570e-04
ENSG00000274414:1(@)Loc1634   chr20_25245302_C_A_b38   2.524e-01 6.744e-04    6.743e-04      1.702e-04
ENSG00000100997:1(@)Loc1635   chr20_25390742_G_GGCCTCCGCC_b38   4.438e-01 2.848e-04    2.848e-04      1.264e-04
ENSG00000125991:2(@)Loc1637   chr20_35566823_C_T_b38   6.771e-04 5.424e-01    5.423e-01      3.672e-04
ENSG00000125991:1(@)Loc1637   chr20_35540122_G_A_b38   7.810e-02 2.297e-02    2.297e-02      1.794e-03
ENSG00000125991:1(@)Loc1637   chr20_35543647_C_T_b38   1.018e-01 1.643e-03    1.643e-03      1.672e-04
ENSG00000125991:1(@)Loc1637   chr20_35544211_T_C_b38   7.804e-02 1.643e-03    1.643e-03      1.282e-04
ENSG00000125991:1(@)Loc1637   chr20_35544511_C_T_b38   7.804e-02 1.429e-03    1.429e-03      1.115e-04
ENSG00000125991:1(@)Loc1637   chr20_35545279_C_T_b38   9.457e-02 1.643e-03    1.643e-03      1.554e-04
ENSG00000125991:1(@)Loc1637   chr20_35545566_TCAA_T_b38   9.457e-02 1.643e-03    1.643e-03      1.554e-04
ENSG00000125991:1(@)Loc1637   chr20_35549038_C_T_b38   6.560e-02 1.643e-03    1.643e-03      1.078e-04
ENSG00000224497:1(@)Loc1637   chr20_35543647_C_T_b38   2.850e-01 1.643e-03    1.643e-03      4.681e-04
ENSG00000224497:1(@)Loc1637   chr20_35554516_G_A_b38   5.143e-01 3.762e-04    3.761e-04      1.935e-04
ENSG00000182362:1(@)Loc1678   chr21_46326968_A_G_b38   9.755e-01 1.279e-03    1.279e-03      1.248e-03
ENSG00000100325:2(@)Loc1688   chr22_29845072_A_G_b38   1.202e-03 3.342e-01    3.342e-01      4.017e-04
ENSG00000100299:1(@)Loc1702   chr22_50625049_T_C_b38   4.172e-01 2.623e-04    2.623e-04      1.094e-04
